[SYS] 2025/04/22 - 07:06:19 | New API  started 
[SYS] 2025/04/22 - 07:06:19 | using MySQL as database 
[SYS] 2025/04/22 - 07:06:19 | database migration started 
[SYS] 2025/04/22 - 07:06:20 | database migrated 
[SYS] 2025/04/22 - 07:06:20 | Redis is enabled 
[SYS] 2025/04/22 - 07:06:20 | memory cache enabled 
[SYS] 2025/04/22 - 07:06:20 | sync frequency: 60 seconds 
[SYS] 2025/04/22 - 07:06:20 | channels synced from database 
[SYS] 2025/04/22 - 07:06:20 | batch update enabled with interval 5s 
[SYS] 2025/04/22 - 07:06:20 | pprof enabled 
[SYS] 2025/04/22 - 07:06:20 | initializing token encoders 
[SYS] 2025/04/22 - 07:06:20 | 正在更新数据看板数据... 
[SYS] 2025/04/22 - 07:06:20 | 保存数据看板数据成功，共保存0条数据 
[SYS] 2025/04/22 - 07:06:25 | batch update started 
[SYS] 2025/04/22 - 07:06:25 | batch update finished 
[SYS] 2025/04/22 - 07:06:27 | token encoders initialized 
[SYS] 2025/04/22 - 07:06:27 | FRONTEND_BASE_URL is ignored on master node 
[SYS] 2025/04/22 - 07:06:30 | batch update started 
[SYS] 2025/04/22 - 07:06:30 | batch update finished 
[SYS] 2025/04/22 - 07:06:35 | 任务进度轮询开始 
[SYS] 2025/04/22 - 07:06:35 | batch update started 
[SYS] 2025/04/22 - 07:06:35 | batch update finished 
[SYS] 2025/04/22 - 07:06:35 | 任务进度轮询完成 
[SYS] 2025/04/22 - 07:06:40 | batch update started 
[SYS] 2025/04/22 - 07:06:40 | batch update finished 
[SYS] 2025/04/22 - 07:06:42 | batch update started 
[SYS] 2025/04/22 - 07:06:42 | batch update finished 
[SYS] 2025/04/22 - 07:06:47 | batch update started 
[SYS] 2025/04/22 - 07:06:47 | batch update finished 
[SYS] 2025/04/22 - 07:06:47 | 任务进度轮询开始 
[SYS] 2025/04/22 - 07:06:47 | 任务进度轮询完成 
[SYS] 2025/04/22 - 07:06:52 | batch update started 
[SYS] 2025/04/22 - 07:06:52 | batch update finished 
[SYS] 2025/04/22 - 07:06:57 | batch update started 
[SYS] 2025/04/22 - 07:06:57 | batch update finished 
[SYS] 2025/04/22 - 07:07:02 | 任务进度轮询开始 
[SYS] 2025/04/22 - 07:07:02 | batch update started 
[SYS] 2025/04/22 - 07:07:02 | batch update finished 
[SYS] 2025/04/22 - 07:07:02 | 任务进度轮询完成 
[SYS] 2025/04/22 - 07:07:07 | batch update started 
[SYS] 2025/04/22 - 07:07:07 | batch update finished 
[SYS] 2025/04/22 - 07:07:10 | batch update started 
[SYS] 2025/04/22 - 07:07:10 | batch update finished 
[SYS] 2025/04/22 - 07:07:15 | syncing options from database 
[SYS] 2025/04/22 - 07:07:15 | syncing channels from database 
[SYS] 2025/04/22 - 07:07:15 | channels synced from database 
[SYS] 2025/04/22 - 07:07:15 | 任务进度轮询开始 
[SYS] 2025/04/22 - 07:07:15 | 任务进度轮询完成 
[SYS] 2025/04/22 - 07:07:15 | batch update started 
[SYS] 2025/04/22 - 07:07:15 | batch update finished 
[SYS] 2025/04/22 - 07:07:20 | batch update started 
[SYS] 2025/04/22 - 07:07:20 | batch update finished 
[SYS] 2025/04/22 - 07:07:25 | batch update started 
[SYS] 2025/04/22 - 07:07:25 | batch update finished 
[SYS] 2025/04/22 - 07:07:30 | 任务进度轮询开始 
[SYS] 2025/04/22 - 07:07:30 | 任务进度轮询完成 
[SYS] 2025/04/22 - 07:07:30 | batch update started 
[SYS] 2025/04/22 - 07:07:30 | batch update finished 
[SYS] 2025/04/22 - 07:07:35 | batch update started 
[SYS] 2025/04/22 - 07:07:35 | batch update finished 
[SYS] 2025/04/22 - 07:07:37 | batch update started 
[SYS] 2025/04/22 - 07:07:37 | batch update finished 
[SYS] 2025/04/22 - 07:07:42 | 任务进度轮询开始 
[SYS] 2025/04/22 - 07:07:42 | 任务进度轮询完成 
[SYS] 2025/04/22 - 07:07:42 | batch update started 
[SYS] 2025/04/22 - 07:07:42 | batch update finished 
[SYS] 2025/04/22 - 07:07:47 | batch update started 
[SYS] 2025/04/22 - 07:07:47 | batch update finished 
[SYS] 2025/04/22 - 07:07:52 | batch update started 
[SYS] 2025/04/22 - 07:07:52 | batch update finished 
[SYS] 2025/04/22 - 07:07:57 | 任务进度轮询开始 
[SYS] 2025/04/22 - 07:07:57 | 任务进度轮询完成 
[SYS] 2025/04/22 - 07:07:57 | batch update started 
[SYS] 2025/04/22 - 07:07:57 | batch update finished 
[SYS] 2025/04/22 - 07:08:02 | batch update started 
[SYS] 2025/04/22 - 07:08:02 | batch update finished 
[SYS] 2025/04/22 - 07:08:05 | batch update started 
[SYS] 2025/04/22 - 07:08:05 | batch update finished 
[SYS] 2025/04/22 - 07:08:09 | syncing options from database 
[SYS] 2025/04/22 - 07:08:09 | syncing channels from database 
[SYS] 2025/04/22 - 07:08:09 | channels synced from database 
[SYS] 2025/04/22 - 07:08:09 | 任务进度轮询开始 
[SYS] 2025/04/22 - 07:08:09 | 任务进度轮询完成 
[SYS] 2025/04/22 - 07:08:10 | batch update started 
[SYS] 2025/04/22 - 07:08:10 | batch update finished 
[SYS] 2025/04/22 - 07:08:15 | batch update started 
[SYS] 2025/04/22 - 07:08:15 | batch update finished 
[SYS] 2025/04/22 - 07:08:20 | batch update started 
[SYS] 2025/04/22 - 07:08:20 | batch update finished 
[SYS] 2025/04/22 - 07:08:24 | 任务进度轮询开始 
[SYS] 2025/04/22 - 07:08:24 | 任务进度轮询完成 
[SYS] 2025/04/22 - 07:08:25 | batch update started 
[SYS] 2025/04/22 - 07:08:25 | batch update finished 
[SYS] 2025/04/22 - 07:08:30 | batch update started 
[SYS] 2025/04/22 - 07:08:30 | batch update finished 
[SYS] 2025/04/22 - 07:08:32 | batch update started 
[SYS] 2025/04/22 - 07:08:32 | batch update finished 
[SYS] 2025/04/22 - 07:08:37 | 任务进度轮询开始 
[SYS] 2025/04/22 - 07:08:37 | 任务进度轮询完成 
[SYS] 2025/04/22 - 07:08:37 | batch update started 
[SYS] 2025/04/22 - 07:08:37 | batch update finished 
[SYS] 2025/04/22 - 07:08:42 | batch update started 
[SYS] 2025/04/22 - 07:08:42 | batch update finished 
[SYS] 2025/04/22 - 07:08:47 | batch update started 
[SYS] 2025/04/22 - 07:08:47 | batch update finished 
[SYS] 2025/04/22 - 07:08:52 | 任务进度轮询开始 
[SYS] 2025/04/22 - 07:08:52 | 任务进度轮询完成 
[SYS] 2025/04/22 - 07:08:52 | batch update started 
[SYS] 2025/04/22 - 07:08:52 | batch update finished 
[SYS] 2025/04/22 - 07:08:57 | batch update started 
[SYS] 2025/04/22 - 07:08:57 | batch update finished 
[SYS] 2025/04/22 - 07:08:59 | batch update started 
[SYS] 2025/04/22 - 07:08:59 | batch update finished 
[SYS] 2025/04/22 - 07:09:04 | syncing options from database 
[SYS] 2025/04/22 - 07:09:04 | syncing channels from database 
[SYS] 2025/04/22 - 07:09:04 | channels synced from database 
[SYS] 2025/04/22 - 07:09:04 | 任务进度轮询开始 
[SYS] 2025/04/22 - 07:09:04 | 任务进度轮询完成 
[SYS] 2025/04/22 - 07:09:04 | batch update started 
[SYS] 2025/04/22 - 07:09:04 | batch update finished 
[SYS] 2025/04/22 - 07:09:09 | batch update started 
[SYS] 2025/04/22 - 07:09:09 | batch update finished 
[SYS] 2025/04/22 - 07:09:14 | batch update started 
[SYS] 2025/04/22 - 07:09:14 | batch update finished 
[SYS] 2025/04/22 - 07:09:19 | 任务进度轮询开始 
[SYS] 2025/04/22 - 07:09:19 | 任务进度轮询完成 
[SYS] 2025/04/22 - 07:09:19 | batch update started 
[SYS] 2025/04/22 - 07:09:19 | batch update finished 
[SYS] 2025/04/22 - 07:09:24 | batch update started 
[SYS] 2025/04/22 - 07:09:24 | batch update finished 
[SYS] 2025/04/22 - 07:09:27 | batch update started 
[SYS] 2025/04/22 - 07:09:27 | batch update finished 
[SYS] 2025/04/22 - 07:09:32 | 任务进度轮询开始 
[SYS] 2025/04/22 - 07:09:32 | 任务进度轮询完成 
[SYS] 2025/04/22 - 07:09:32 | batch update started 
[SYS] 2025/04/22 - 07:09:32 | batch update finished 
[SYS] 2025/04/22 - 07:09:37 | batch update started 
[SYS] 2025/04/22 - 07:09:37 | batch update finished 
[SYS] 2025/04/22 - 07:09:42 | batch update started 
[SYS] 2025/04/22 - 07:09:42 | batch update finished 
[SYS] 2025/04/22 - 07:09:47 | 任务进度轮询开始 
[SYS] 2025/04/22 - 07:09:47 | 任务进度轮询完成 
[SYS] 2025/04/22 - 07:09:47 | batch update started 
[SYS] 2025/04/22 - 07:09:47 | batch update finished 
[SYS] 2025/04/22 - 07:09:52 | batch update started 
[SYS] 2025/04/22 - 07:09:52 | batch update finished 
[SYS] 2025/04/22 - 07:09:54 | batch update started 
[SYS] 2025/04/22 - 07:09:54 | batch update finished 
[SYS] 2025/04/22 - 07:09:59 | syncing options from database 
[SYS] 2025/04/22 - 07:09:59 | syncing channels from database 
[SYS] 2025/04/22 - 07:09:59 | channels synced from database 
[SYS] 2025/04/22 - 07:09:59 | 任务进度轮询开始 
[SYS] 2025/04/22 - 07:09:59 | 任务进度轮询完成 
[SYS] 2025/04/22 - 07:09:59 | batch update started 
[SYS] 2025/04/22 - 07:09:59 | batch update finished 
[SYS] 2025/04/22 - 07:10:04 | batch update started 
[SYS] 2025/04/22 - 07:10:04 | batch update finished 
[SYS] 2025/04/22 - 07:10:09 | batch update started 
[SYS] 2025/04/22 - 07:10:09 | batch update finished 
[SYS] 2025/04/22 - 07:10:14 | 任务进度轮询开始 
[SYS] 2025/04/22 - 07:10:14 | 任务进度轮询完成 
[SYS] 2025/04/22 - 07:10:14 | batch update started 
[SYS] 2025/04/22 - 07:10:14 | batch update finished 
[SYS] 2025/04/22 - 07:10:19 | batch update started 
[SYS] 2025/04/22 - 07:10:19 | batch update finished 
[SYS] 2025/04/22 - 07:10:22 | batch update started 
[SYS] 2025/04/22 - 07:10:22 | batch update finished 
[SYS] 2025/04/22 - 07:10:27 | 任务进度轮询开始 
[SYS] 2025/04/22 - 07:10:27 | 任务进度轮询完成 
[SYS] 2025/04/22 - 07:10:27 | batch update started 
[SYS] 2025/04/22 - 07:10:27 | batch update finished 
[SYS] 2025/04/22 - 07:10:32 | batch update started 
[SYS] 2025/04/22 - 07:10:32 | batch update finished 
[SYS] 2025/04/22 - 07:10:37 | batch update started 
[SYS] 2025/04/22 - 07:10:37 | batch update finished 
[SYS] 2025/04/22 - 07:10:42 | 任务进度轮询开始 
[SYS] 2025/04/22 - 07:10:42 | 任务进度轮询完成 
[SYS] 2025/04/22 - 07:10:42 | batch update started 
[SYS] 2025/04/22 - 07:10:42 | batch update finished 
[SYS] 2025/04/22 - 07:10:47 | batch update started 
[SYS] 2025/04/22 - 07:10:47 | batch update finished 
[SYS] 2025/04/22 - 07:10:49 | batch update started 
[SYS] 2025/04/22 - 07:10:49 | batch update finished 
[SYS] 2025/04/22 - 07:10:54 | 正在更新数据看板数据... 
[SYS] 2025/04/22 - 07:10:54 | 保存数据看板数据成功，共保存0条数据 
[SYS] 2025/04/22 - 07:10:54 | syncing options from database 
[SYS] 2025/04/22 - 07:10:54 | syncing channels from database 
[SYS] 2025/04/22 - 07:10:54 | channels synced from database 
[SYS] 2025/04/22 - 07:10:54 | 任务进度轮询开始 
[SYS] 2025/04/22 - 07:10:54 | 任务进度轮询完成 
[SYS] 2025/04/22 - 07:10:54 | batch update started 
[SYS] 2025/04/22 - 07:10:54 | batch update finished 
[SYS] 2025/04/22 - 07:10:59 | batch update started 
[SYS] 2025/04/22 - 07:10:59 | batch update finished 
[SYS] 2025/04/22 - 07:11:04 | batch update started 
[SYS] 2025/04/22 - 07:11:04 | batch update finished 
[SYS] 2025/04/22 - 07:11:09 | 任务进度轮询开始 
[SYS] 2025/04/22 - 07:11:09 | 任务进度轮询完成 
[SYS] 2025/04/22 - 07:11:09 | batch update started 
[SYS] 2025/04/22 - 07:11:09 | batch update finished 
[SYS] 2025/04/22 - 07:11:14 | batch update started 
[SYS] 2025/04/22 - 07:11:14 | batch update finished 
[SYS] 2025/04/22 - 07:11:17 | batch update started 
[SYS] 2025/04/22 - 07:11:17 | batch update finished 
[SYS] 2025/04/22 - 07:11:22 | 任务进度轮询开始 
[SYS] 2025/04/22 - 07:11:22 | 任务进度轮询完成 
[SYS] 2025/04/22 - 07:11:22 | batch update started 
[SYS] 2025/04/22 - 07:11:22 | batch update finished 
[SYS] 2025/04/22 - 07:11:27 | batch update started 
[SYS] 2025/04/22 - 07:11:27 | batch update finished 
[SYS] 2025/04/22 - 07:11:32 | batch update started 
[SYS] 2025/04/22 - 07:11:32 | batch update finished 
[SYS] 2025/04/22 - 07:11:37 | 任务进度轮询开始 
[SYS] 2025/04/22 - 07:11:37 | 任务进度轮询完成 
[SYS] 2025/04/22 - 07:11:37 | batch update started 
[SYS] 2025/04/22 - 07:11:37 | batch update finished 
[SYS] 2025/04/22 - 07:11:42 | batch update started 
[SYS] 2025/04/22 - 07:11:42 | batch update finished 
[SYS] 2025/04/22 - 07:11:44 | batch update started 
[SYS] 2025/04/22 - 07:11:44 | batch update finished 
[SYS] 2025/04/22 - 07:11:49 | syncing options from database 
[SYS] 2025/04/22 - 07:11:49 | syncing channels from database 
[SYS] 2025/04/22 - 07:11:49 | channels synced from database 
[SYS] 2025/04/22 - 07:11:49 | 任务进度轮询开始 
[SYS] 2025/04/22 - 07:11:49 | 任务进度轮询完成 
[SYS] 2025/04/22 - 07:11:49 | batch update started 
[SYS] 2025/04/22 - 07:11:49 | batch update finished 
[SYS] 2025/04/22 - 07:11:54 | batch update started 
[SYS] 2025/04/22 - 07:11:54 | batch update finished 
[SYS] 2025/04/22 - 07:11:59 | batch update started 
[SYS] 2025/04/22 - 07:11:59 | batch update finished 
[GIN] 2025/04/22 - 07:12:01 | 20250422071201975968907qbweadKt | 200 |     6.33105ms |      172.18.0.1 |     GET /
[GIN] 2025/04/22 - 07:12:02 | 202504220712023089296692B5hLNsg | 200 |    99.49005ms |      172.18.0.1 |     GET /assets/index-BncI70Vm.js
[GIN] 2025/04/22 - 07:12:02 | 20250422071202415072629zmc0n9TT | 200 |    11.14256ms |      172.18.0.1 |     GET /assets/i18n-E6bLULwh.js
[GIN] 2025/04/22 - 07:12:02 | 20250422071202432821019UDMOWMK5 | 200 |    10.99626ms |      172.18.0.1 |     GET /assets/semantic-8MbrlYMA.js
[GIN] 2025/04/22 - 07:12:02 | 20250422071202525465989ChUXnlLb | 200 |    20.67714ms |      172.18.0.1 |     GET /assets/tools-FUXlD4Je.js
[GIN] 2025/04/22 - 07:12:02 | 20250422071202649608359Jn9QJ5Sl | 200 |     4.04371ms |      172.18.0.1 |     GET /assets/react-components-DISLlAMw.js
[GIN] 2025/04/22 - 07:12:02 | 202504220712025931132399T428lnV | 200 |    92.41166ms |      172.18.0.1 |     GET /assets/semi-ui-Jq3oSxx4.css
[GIN] 2025/04/22 - 07:12:02 | 20250422071202322340209m6EbK1Db | 200 |   368.47096ms |      172.18.0.1 |     GET /assets/semi-ui-Cgg7RVCP.js
[GIN] 2025/04/22 - 07:12:02 | 20250422071202614671039djwVNnuT | 200 |   125.85199ms |      172.18.0.1 |     GET /assets/index-BxG0qqrS.css
[SYS] 2025/04/22 - 07:12:04 | 任务进度轮询开始 
[SYS] 2025/04/22 - 07:12:04 | 任务进度轮询完成 
[GIN] 2025/04/22 - 07:12:04 | 20250422071204594821849dcYRLU9R | 200 |     1.81445ms |      172.18.0.1 |     GET /assets/index-DrRlZDr-.js
[SYS] 2025/04/22 - 07:12:04 | batch update started 
[SYS] 2025/04/22 - 07:12:04 | batch update finished 
[GIN] 2025/04/22 - 07:12:04 | 20250422071204653184219z5IfpB4m | 200 |     2.37754ms |      172.18.0.1 |     GET /api/status
[SYS] 2025/04/22 - 07:12:09 | batch update started 
[SYS] 2025/04/22 - 07:12:09 | batch update finished 
[SYS] 2025/04/22 - 07:12:12 | batch update started 
[SYS] 2025/04/22 - 07:12:12 | batch update finished 
[SYS] 2025/04/22 - 07:12:16 | 任务进度轮询开始 
[SYS] 2025/04/22 - 07:12:16 | 任务进度轮询完成 
[SYS] 2025/04/22 - 07:12:17 | batch update started 
[SYS] 2025/04/22 - 07:12:17 | batch update finished 
[SYS] 2025/04/22 - 07:12:22 | batch update started 
[SYS] 2025/04/22 - 07:12:22 | batch update finished 
[SYS] 2025/04/22 - 07:12:27 | batch update started 
[SYS] 2025/04/22 - 07:12:27 | batch update finished 
[SYS] 2025/04/22 - 07:12:32 | 任务进度轮询开始 
[SYS] 2025/04/22 - 07:12:32 | 任务进度轮询完成 
[SYS] 2025/04/22 - 07:12:32 | batch update started 
[SYS] 2025/04/22 - 07:12:32 | batch update finished 
[SYS] 2025/04/22 - 07:12:37 | batch update started 
[SYS] 2025/04/22 - 07:12:37 | batch update finished 
[SYS] 2025/04/22 - 07:12:39 | batch update started 
[SYS] 2025/04/22 - 07:12:39 | batch update finished 
[SYS] 2025/04/22 - 07:12:44 | syncing options from database 
[SYS] 2025/04/22 - 07:12:44 | syncing channels from database 
[SYS] 2025/04/22 - 07:12:44 | channels synced from database 
[SYS] 2025/04/22 - 07:12:44 | 任务进度轮询开始 
[SYS] 2025/04/22 - 07:12:44 | 任务进度轮询完成 
[SYS] 2025/04/22 - 07:12:44 | batch update started 
[SYS] 2025/04/22 - 07:12:44 | batch update finished 
[SYS] 2025/04/22 - 07:12:49 | batch update started 
[SYS] 2025/04/22 - 07:12:49 | batch update finished 
[SYS] 2025/04/22 - 07:12:54 | batch update started 
[SYS] 2025/04/22 - 07:12:54 | batch update finished 
[SYS] 2025/04/22 - 07:12:59 | 任务进度轮询开始 
[SYS] 2025/04/22 - 07:12:59 | 任务进度轮询完成 
[SYS] 2025/04/22 - 07:12:59 | batch update started 
[SYS] 2025/04/22 - 07:12:59 | batch update finished 
[SYS] 2025/04/22 - 07:13:04 | batch update started 
[SYS] 2025/04/22 - 07:13:04 | batch update finished 
[SYS] 2025/04/22 - 07:13:07 | batch update started 
[SYS] 2025/04/22 - 07:13:07 | batch update finished 
[SYS] 2025/04/22 - 07:13:12 | 任务进度轮询开始 
[SYS] 2025/04/22 - 07:13:12 | 任务进度轮询完成 
[SYS] 2025/04/22 - 07:13:12 | batch update started 
[SYS] 2025/04/22 - 07:13:12 | batch update finished 
[SYS] 2025/04/22 - 07:13:17 | batch update started 
[SYS] 2025/04/22 - 07:13:17 | batch update finished 
[SYS] 2025/04/22 - 07:13:22 | batch update started 
[SYS] 2025/04/22 - 07:13:22 | batch update finished 
[SYS] 2025/04/22 - 07:13:27 | 任务进度轮询开始 
[SYS] 2025/04/22 - 07:13:27 | 任务进度轮询完成 
[SYS] 2025/04/22 - 07:13:27 | batch update started 
[SYS] 2025/04/22 - 07:13:27 | batch update finished 
[SYS] 2025/04/22 - 07:13:32 | batch update started 
[SYS] 2025/04/22 - 07:13:32 | batch update finished 
[SYS] 2025/04/22 - 07:13:34 | batch update started 
[SYS] 2025/04/22 - 07:13:34 | batch update finished 
[SYS] 2025/04/22 - 07:13:39 | syncing options from database 
[SYS] 2025/04/22 - 07:13:39 | syncing channels from database 
[SYS] 2025/04/22 - 07:13:39 | channels synced from database 
[SYS] 2025/04/22 - 07:13:39 | 任务进度轮询开始 
[SYS] 2025/04/22 - 07:13:39 | 任务进度轮询完成 
[SYS] 2025/04/22 - 07:13:39 | batch update started 
[SYS] 2025/04/22 - 07:13:39 | batch update finished 
[SYS] 2025/04/22 - 07:13:44 | batch update started 
[SYS] 2025/04/22 - 07:13:44 | batch update finished 
[SYS] 2025/04/22 - 07:13:49 | batch update started 
[SYS] 2025/04/22 - 07:13:49 | batch update finished 
[SYS] 2025/04/22 - 07:13:54 | 任务进度轮询开始 
[SYS] 2025/04/22 - 07:13:54 | 任务进度轮询完成 
[SYS] 2025/04/22 - 07:13:54 | batch update started 
[SYS] 2025/04/22 - 07:13:54 | batch update finished 
[SYS] 2025/04/22 - 07:13:59 | batch update started 
[SYS] 2025/04/22 - 07:13:59 | batch update finished 
[SYS] 2025/04/22 - 07:14:02 | batch update started 
[SYS] 2025/04/22 - 07:14:02 | batch update finished 
[SYS] 2025/04/22 - 07:14:06 | 任务进度轮询开始 
[SYS] 2025/04/22 - 07:14:06 | 任务进度轮询完成 
[SYS] 2025/04/22 - 07:14:07 | batch update started 
[SYS] 2025/04/22 - 07:14:07 | batch update finished 
[SYS] 2025/04/22 - 07:14:12 | batch update started 
[SYS] 2025/04/22 - 07:14:12 | batch update finished 
[SYS] 2025/04/22 - 07:14:17 | batch update started 
[SYS] 2025/04/22 - 07:14:17 | batch update finished 
[SYS] 2025/04/22 - 07:14:21 | 任务进度轮询开始 
[SYS] 2025/04/22 - 07:14:21 | 任务进度轮询完成 
[SYS] 2025/04/22 - 07:14:22 | batch update started 
[SYS] 2025/04/22 - 07:14:22 | batch update finished 
[SYS] 2025/04/22 - 07:14:27 | batch update started 
[SYS] 2025/04/22 - 07:14:27 | batch update finished 
[SYS] 2025/04/22 - 07:14:29 | batch update started 
[SYS] 2025/04/22 - 07:14:29 | batch update finished 
[SYS] 2025/04/22 - 07:14:34 | syncing options from database 
[SYS] 2025/04/22 - 07:14:34 | syncing channels from database 
[SYS] 2025/04/22 - 07:14:34 | channels synced from database 
[SYS] 2025/04/22 - 07:14:34 | 任务进度轮询开始 
[SYS] 2025/04/22 - 07:14:34 | 任务进度轮询完成 
[SYS] 2025/04/22 - 07:14:34 | batch update started 
[SYS] 2025/04/22 - 07:14:34 | batch update finished 
[SYS] 2025/04/22 - 07:14:39 | batch update started 
[SYS] 2025/04/22 - 07:14:39 | batch update finished 
[SYS] 2025/04/22 - 07:14:44 | batch update started 
[SYS] 2025/04/22 - 07:14:44 | batch update finished 
[SYS] 2025/04/22 - 07:14:49 | 任务进度轮询开始 
[SYS] 2025/04/22 - 07:14:49 | 任务进度轮询完成 
[SYS] 2025/04/22 - 07:14:49 | batch update started 
[SYS] 2025/04/22 - 07:14:49 | batch update finished 
[SYS] 2025/04/22 - 07:14:54 | batch update started 
[SYS] 2025/04/22 - 07:14:54 | batch update finished 
[SYS] 2025/04/22 - 07:14:57 | batch update started 
[SYS] 2025/04/22 - 07:14:57 | batch update finished 
[SYS] 2025/04/22 - 07:15:01 | 任务进度轮询开始 
[SYS] 2025/04/22 - 07:15:01 | 任务进度轮询完成 
[SYS] 2025/04/22 - 07:15:02 | batch update started 
[SYS] 2025/04/22 - 07:15:02 | batch update finished 
[SYS] 2025/04/22 - 07:15:07 | batch update started 
[SYS] 2025/04/22 - 07:15:07 | batch update finished 
[SYS] 2025/04/22 - 07:15:12 | batch update started 
[SYS] 2025/04/22 - 07:15:12 | batch update finished 
[SYS] 2025/04/22 - 07:15:16 | 任务进度轮询开始 
[SYS] 2025/04/22 - 07:15:16 | 任务进度轮询完成 
[SYS] 2025/04/22 - 07:15:17 | batch update started 
[SYS] 2025/04/22 - 07:15:17 | batch update finished 
[SYS] 2025/04/22 - 07:15:22 | batch update started 
[SYS] 2025/04/22 - 07:15:22 | batch update finished 
[SYS] 2025/04/22 - 07:15:24 | batch update started 
[SYS] 2025/04/22 - 07:15:24 | batch update finished 
[SYS] 2025/04/22 - 07:15:29 | testing all channels 
[SYS] 2025/04/22 - 07:15:29 | 正在更新数据看板数据... 
[SYS] 2025/04/22 - 07:15:29 | 保存数据看板数据成功，共保存0条数据 
[SYS] 2025/04/22 - 07:15:29 | channel test finished 
[SYS] 2025/04/22 - 07:15:29 | syncing options from database 
[SYS] 2025/04/22 - 07:15:29 | syncing channels from database 
[SYS] 2025/04/22 - 07:15:29 | channels synced from database 
[SYS] 2025/04/22 - 07:15:29 | 任务进度轮询开始 
[SYS] 2025/04/22 - 07:15:29 | 任务进度轮询完成 
[SYS] 2025/04/22 - 07:15:29 | batch update started 
[SYS] 2025/04/22 - 07:15:29 | batch update finished 
[SYS] 2025/04/22 - 07:15:34 | batch update started 
[SYS] 2025/04/22 - 07:15:34 | batch update finished 
[SYS] 2025/04/22 - 07:15:39 | batch update started 
[SYS] 2025/04/22 - 07:15:39 | batch update finished 
[SYS] 2025/04/22 - 07:15:44 | 任务进度轮询开始 
[SYS] 2025/04/22 - 07:15:44 | 任务进度轮询完成 
[SYS] 2025/04/22 - 07:15:44 | batch update started 
[SYS] 2025/04/22 - 07:15:44 | batch update finished 
[SYS] 2025/04/22 - 07:15:49 | batch update started 
[SYS] 2025/04/22 - 07:15:49 | batch update finished 
[SYS] 2025/04/22 - 07:15:51 | batch update started 
[SYS] 2025/04/22 - 07:15:51 | batch update finished 
[SYS] 2025/04/22 - 07:15:56 | 任务进度轮询开始 
[SYS] 2025/04/22 - 07:15:56 | 任务进度轮询完成 
[SYS] 2025/04/22 - 07:15:56 | batch update started 
[SYS] 2025/04/22 - 07:15:56 | batch update finished 
[SYS] 2025/04/22 - 07:16:01 | batch update started 
[SYS] 2025/04/22 - 07:16:01 | batch update finished 
[SYS] 2025/04/22 - 07:16:06 | batch update started 
[SYS] 2025/04/22 - 07:16:06 | batch update finished 
[SYS] 2025/04/22 - 07:16:11 | 任务进度轮询开始 
[SYS] 2025/04/22 - 07:16:11 | 任务进度轮询完成 
[SYS] 2025/04/22 - 07:16:11 | batch update started 
[SYS] 2025/04/22 - 07:16:11 | batch update finished 
[SYS] 2025/04/22 - 07:16:16 | batch update started 
[SYS] 2025/04/22 - 07:16:16 | batch update finished 
[SYS] 2025/04/22 - 07:16:19 | batch update started 
[SYS] 2025/04/22 - 07:16:19 | batch update finished 
[SYS] 2025/04/22 - 07:16:24 | syncing options from database 
[SYS] 2025/04/22 - 07:16:24 | syncing channels from database 
[SYS] 2025/04/22 - 07:16:24 | channels synced from database 
[SYS] 2025/04/22 - 07:16:24 | 任务进度轮询开始 
[SYS] 2025/04/22 - 07:16:24 | 任务进度轮询完成 
[SYS] 2025/04/22 - 07:16:24 | batch update started 
[SYS] 2025/04/22 - 07:16:24 | batch update finished 
[SYS] 2025/04/22 - 07:16:29 | batch update started 
[SYS] 2025/04/22 - 07:16:29 | batch update finished 
[SYS] 2025/04/22 - 07:16:34 | batch update started 
[SYS] 2025/04/22 - 07:16:34 | batch update finished 
[SYS] 2025/04/22 - 07:16:39 | 任务进度轮询开始 
[SYS] 2025/04/22 - 07:16:39 | 任务进度轮询完成 
[SYS] 2025/04/22 - 07:16:39 | batch update started 
[SYS] 2025/04/22 - 07:16:39 | batch update finished 
[SYS] 2025/04/22 - 07:16:44 | batch update started 
[SYS] 2025/04/22 - 07:16:44 | batch update finished 
[SYS] 2025/04/22 - 07:16:46 | batch update started 
[SYS] 2025/04/22 - 07:16:46 | batch update finished 
[GIN] 2025/04/22 - 07:16:49 | 20250422071649699301255a0ZD38E9 | 200 |   11.196231ms |      172.18.0.1 |     GET /assets/index-BDVTcb7K.js
[GIN] 2025/04/22 - 07:16:50 | 20250422071649735025637aqrkPlwd | 200 |   525.83899ms |      172.18.0.1 |     GET /assets/visactor-Cb5CgQQd.js
[GIN] 2025/04/22 - 07:16:50 | 20250422071650756976034Zm7P8BJu | 200 |    7.281251ms |      172.18.0.1 |     GET /api/data/?username=&start_timestamp=1745191011&end_timestamp=1745281011&default_time=hour
[GIN] 2025/04/22 - 07:16:50 | 20250422071650757006201QMn1cN02 | 401 |   17.205421ms |      172.18.0.1 |     GET /api/user/self
[SYS] 2025/04/22 - 07:16:51 | 任务进度轮询开始 
[SYS] 2025/04/22 - 07:16:51 | 任务进度轮询完成 
[GIN] 2025/04/22 - 07:16:51 | 20250422071651821617362VVpzitYQ | 200 |   12.259819ms |      172.18.0.1 |     GET /login?expired=true
[SYS] 2025/04/22 - 07:16:51 | batch update started 
[SYS] 2025/04/22 - 07:16:51 | batch update finished 
[GIN] 2025/04/22 - 07:16:54 | 20250422071654367854831Vaa2flFW | 200 |   20.579428ms |      172.18.0.1 |     GET /api/status
[SYS] 2025/04/22 - 07:16:56 | batch update started 
[SYS] 2025/04/22 - 07:16:56 | batch update finished 
[GIN] 2025/04/22 - 07:17:01 | 20250422071701502503243SafxEDB2 | 200 |      996.82µs |      172.18.0.1 |     GET /api/user/logout
[SYS] 2025/04/22 - 07:17:01 | batch update started 
[SYS] 2025/04/22 - 07:17:01 | batch update finished 
[SYS] 2025/04/22 - 07:17:06 | 任务进度轮询开始 
[SYS] 2025/04/22 - 07:17:06 | 任务进度轮询完成 
[SYS] 2025/04/22 - 07:17:06 | batch update started 
[SYS] 2025/04/22 - 07:17:06 | batch update finished 
[SYS] 2025/04/22 - 07:17:11 | batch update started 
[SYS] 2025/04/22 - 07:17:11 | batch update finished 
[GIN] 2025/04/22 - 07:17:12 | 2025042207171181511118990Yh8Sv5 | 200 |  300.716691ms |      172.18.0.1 |    POST /api/user/login?turnstile=
[GIN] 2025/04/22 - 07:17:12 | 20250422071712755627362IIpCCq0I | 200 |  114.294712ms |      172.18.0.1 |     GET /api/token/?p=0&size=10
[GIN] 2025/04/22 - 07:17:12 | 20250422071712794077286V6uwlBpn | 200 |   96.031106ms |      172.18.0.1 |     GET /api/user/self/groups
[GIN] 2025/04/22 - 07:17:12 | 20250422071712792536770xGK1PeRx | 200 |    97.92559ms |      172.18.0.1 |     GET /api/user/models
[SYS] 2025/04/22 - 07:17:14 | batch update started 
[SYS] 2025/04/22 - 07:17:14 | batch update finished 
[SYS] 2025/04/22 - 07:17:19 | syncing options from database 
[SYS] 2025/04/22 - 07:17:19 | syncing channels from database 
[SYS] 2025/04/22 - 07:17:19 | channels synced from database 
[SYS] 2025/04/22 - 07:17:19 | 任务进度轮询开始 
[SYS] 2025/04/22 - 07:17:19 | 任务进度轮询完成 
[SYS] 2025/04/22 - 07:17:19 | batch update started 
[SYS] 2025/04/22 - 07:17:19 | batch update finished 
[GIN] 2025/04/22 - 07:17:21 | 20250422071721145729731fLpTWFGr | 200 |    4.585167ms |      172.18.0.1 |     GET /api/user/self
[SYS] 2025/04/22 - 07:17:24 | batch update started 
[SYS] 2025/04/22 - 07:17:24 | batch update finished 
[SYS] 2025/04/22 - 07:17:29 | batch update started 
[SYS] 2025/04/22 - 07:17:29 | batch update finished 
[GIN] 2025/04/22 - 07:17:31 | 20250422071731902895679J3izP9ik | 200 |      3.8159ms |      172.18.0.1 |    POST /api/user/amount
[GIN] 2025/04/22 - 07:17:31 | 20250422071731961630179glub7cEM | 200 |     2.62218ms |      172.18.0.1 |    POST /api/user/amount
[SYS] 2025/04/22 - 07:17:34 | 任务进度轮询开始 
[SYS] 2025/04/22 - 07:17:34 | 任务进度轮询完成 
[SYS] 2025/04/22 - 07:17:34 | batch update started 
[SYS] 2025/04/22 - 07:17:34 | batch update finished 
[GIN] 2025/04/22 - 07:17:36 | 2025042207173681022883pEagXRog | 200 |     2.81479ms |      172.18.0.1 |    POST /api/user/amount
[SYS] 2025/04/22 - 07:17:39 | batch update started 
[SYS] 2025/04/22 - 07:17:39 | batch update finished 
[SYS] 2025/04/22 - 07:17:41 | batch update started 
[SYS] 2025/04/22 - 07:17:41 | batch update finished 
[GIN] 2025/04/22 - 07:17:42 | 20250422071740666122635IRQbQhYN | 200 |  1.921438826s |      172.18.0.1 |    POST /api/user/pay
[SYS] 2025/04/22 - 07:17:46 | 任务进度轮询开始 
[SYS] 2025/04/22 - 07:17:46 | 任务进度轮询完成 
[SYS] 2025/04/22 - 07:17:46 | batch update started 
[SYS] 2025/04/22 - 07:17:46 | batch update finished 
[SYS] 2025/04/22 - 07:17:51 | batch update started 
[SYS] 2025/04/22 - 07:17:51 | batch update finished 
[SYS] 2025/04/22 - 07:17:56 | batch update started 
[SYS] 2025/04/22 - 07:17:56 | batch update finished 
[SYS] 2025/04/22 - 07:18:01 | 任务进度轮询开始 
[SYS] 2025/04/22 - 07:18:01 | 任务进度轮询完成 
[SYS] 2025/04/22 - 07:18:01 | batch update started 
[SYS] 2025/04/22 - 07:18:01 | batch update finished 
[SYS] 2025/04/22 - 07:18:06 | batch update started 
[SYS] 2025/04/22 - 07:18:06 | batch update finished 
[SYS] 2025/04/22 - 07:18:09 | batch update started 
[SYS] 2025/04/22 - 07:18:09 | batch update finished 
[SYS] 2025/04/22 - 07:18:13 | syncing options from database 
[SYS] 2025/04/22 - 07:18:14 | syncing channels from database 
[SYS] 2025/04/22 - 07:18:14 | channels synced from database 
[SYS] 2025/04/22 - 07:18:14 | 任务进度轮询开始 
[SYS] 2025/04/22 - 07:18:14 | 任务进度轮询完成 
[SYS] 2025/04/22 - 07:18:14 | batch update started 
[SYS] 2025/04/22 - 07:18:14 | batch update finished 
[SYS] 2025/04/22 - 07:18:19 | batch update started 
[SYS] 2025/04/22 - 07:18:19 | batch update finished 
[SYS] 2025/04/22 - 07:18:24 | batch update started 
[SYS] 2025/04/22 - 07:18:24 | batch update finished 
[SYS] 2025/04/22 - 07:18:29 | 任务进度轮询开始 
[SYS] 2025/04/22 - 07:18:29 | 任务进度轮询完成 
[SYS] 2025/04/22 - 07:18:29 | batch update started 
[SYS] 2025/04/22 - 07:18:29 | batch update finished 
[SYS] 2025/04/22 - 07:18:34 | batch update started 
[SYS] 2025/04/22 - 07:18:34 | batch update finished 
[SYS] 2025/04/22 - 07:18:36 | batch update started 
[SYS] 2025/04/22 - 07:18:36 | batch update finished 
[GIN] 2025/04/22 - 07:18:37 | 20250422071837739040750CapsNkzt | 200 |   11.331025ms |      172.18.0.1 |     GET /topup-success
[GIN] 2025/04/22 - 07:18:39 | 20250422071839924123864ezIeWAXV | 200 |    1.832327ms |      172.18.0.1 |     GET /api/status
[SYS] 2025/04/22 - 07:18:41 | 任务进度轮询开始 
[SYS] 2025/04/22 - 07:18:41 | 任务进度轮询完成 
[SYS] 2025/04/22 - 07:18:41 | batch update started 
[SYS] 2025/04/22 - 07:18:41 | batch update finished 
[GIN] 2025/04/22 - 07:18:43 | 20250422071843640779789bchrTESK | 200 |    2.352302ms |      172.18.0.1 |     GET /topup
[GIN] 2025/04/22 - 07:18:45 | 20250422071845750249672RsFQXlAX | 200 |     2.93216ms |      172.18.0.1 |     GET /api/user/self
[GIN] 2025/04/22 - 07:18:45 | 202504220718457980876820dwcxwjf | 200 |     1.47532ms |      172.18.0.1 |     GET /api/status
[SYS] 2025/04/22 - 07:18:46 | batch update started 
[SYS] 2025/04/22 - 07:18:46 | batch update finished 
[SYS] 2025/04/22 - 07:18:51 | batch update started 
[SYS] 2025/04/22 - 07:18:51 | batch update finished 
[SYS] 2025/04/22 - 07:18:56 | 任务进度轮询开始 
[SYS] 2025/04/22 - 07:18:56 | 任务进度轮询完成 
[SYS] 2025/04/22 - 07:18:56 | batch update started 
[SYS] 2025/04/22 - 07:18:56 | batch update finished 
[SYS] 2025/04/22 - 07:19:01 | batch update started 
[SYS] 2025/04/22 - 07:19:01 | batch update finished 
[SYS] 2025/04/22 - 07:19:04 | batch update started 
[SYS] 2025/04/22 - 07:19:04 | batch update finished 
[SYS] 2025/04/22 - 07:19:08 | syncing options from database 
[SYS] 2025/04/22 - 07:19:08 | syncing channels from database 
[SYS] 2025/04/22 - 07:19:08 | channels synced from database 
[SYS] 2025/04/22 - 07:19:09 | 任务进度轮询开始 
[SYS] 2025/04/22 - 07:19:09 | 任务进度轮询完成 
[SYS] 2025/04/22 - 07:19:09 | batch update started 
[SYS] 2025/04/22 - 07:19:09 | batch update finished 
[SYS] 2025/04/22 - 07:19:14 | batch update started 
[SYS] 2025/04/22 - 07:19:14 | batch update finished 
[SYS] 2025/04/22 - 07:19:19 | batch update started 
[SYS] 2025/04/22 - 07:19:19 | batch update finished 
[SYS] 2025/04/22 - 07:19:24 | 任务进度轮询开始 
[SYS] 2025/04/22 - 07:19:24 | 任务进度轮询完成 
[SYS] 2025/04/22 - 07:19:24 | batch update started 
[SYS] 2025/04/22 - 07:19:24 | batch update finished 
[SYS] 2025/04/22 - 07:19:29 | batch update started 
[SYS] 2025/04/22 - 07:19:29 | batch update finished 
[SYS] 2025/04/22 - 07:19:31 | batch update started 
[SYS] 2025/04/22 - 07:19:31 | batch update finished 
[SYS] 2025/04/22 - 07:19:36 | 任务进度轮询开始 
[SYS] 2025/04/22 - 07:19:36 | 任务进度轮询完成 
[SYS] 2025/04/22 - 07:19:36 | batch update started 
[SYS] 2025/04/22 - 07:19:36 | batch update finished 
[SYS] 2025/04/22 - 07:19:41 | batch update started 
[SYS] 2025/04/22 - 07:19:41 | batch update finished 
[SYS] 2025/04/22 - 07:19:46 | batch update started 
[SYS] 2025/04/22 - 07:19:46 | batch update finished 
[SYS] 2025/04/22 - 07:19:51 | 任务进度轮询开始 
[SYS] 2025/04/22 - 07:19:51 | 任务进度轮询完成 
[SYS] 2025/04/22 - 07:19:51 | batch update started 
[SYS] 2025/04/22 - 07:19:51 | batch update finished 
[SYS] 2025/04/22 - 07:19:56 | batch update started 
[SYS] 2025/04/22 - 07:19:56 | batch update finished 
[SYS] 2025/04/22 - 07:19:59 | batch update started 
[SYS] 2025/04/22 - 07:19:59 | batch update finished 
[SYS] 2025/04/22 - 07:20:03 | 正在更新数据看板数据... 
[SYS] 2025/04/22 - 07:20:03 | 保存数据看板数据成功，共保存0条数据 
[SYS] 2025/04/22 - 07:20:03 | syncing options from database 
[SYS] 2025/04/22 - 07:20:03 | syncing channels from database 
[SYS] 2025/04/22 - 07:20:03 | channels synced from database 
[SYS] 2025/04/22 - 07:20:04 | 任务进度轮询开始 
[SYS] 2025/04/22 - 07:20:04 | 任务进度轮询完成 
[SYS] 2025/04/22 - 07:20:04 | batch update started 
[SYS] 2025/04/22 - 07:20:04 | batch update finished 
[SYS] 2025/04/22 - 07:20:09 | batch update started 
[SYS] 2025/04/22 - 07:20:09 | batch update finished 
[SYS] 2025/04/22 - 07:20:14 | batch update started 
[SYS] 2025/04/22 - 07:20:14 | batch update finished 
[SYS] 2025/04/22 - 07:20:19 | 任务进度轮询开始 
[SYS] 2025/04/22 - 07:20:19 | 任务进度轮询完成 
[SYS] 2025/04/22 - 07:20:19 | batch update started 
[SYS] 2025/04/22 - 07:20:19 | batch update finished 
[SYS] 2025/04/22 - 07:20:24 | batch update started 
[SYS] 2025/04/22 - 07:20:24 | batch update finished 
[SYS] 2025/04/22 - 07:20:26 | batch update started 
[SYS] 2025/04/22 - 07:20:26 | batch update finished 
[SYS] 2025/04/22 - 07:20:31 | 任务进度轮询开始 
[SYS] 2025/04/22 - 07:20:31 | 任务进度轮询完成 
[SYS] 2025/04/22 - 07:20:31 | batch update started 
[SYS] 2025/04/22 - 07:20:31 | batch update finished 
[SYS] 2025/04/22 - 07:20:36 | batch update started 
[SYS] 2025/04/22 - 07:20:36 | batch update finished 
[SYS] 2025/04/22 - 07:20:41 | batch update started 
[SYS] 2025/04/22 - 07:20:41 | batch update finished 
[SYS] 2025/04/22 - 07:20:46 | 任务进度轮询开始 
[SYS] 2025/04/22 - 07:20:46 | 任务进度轮询完成 
[SYS] 2025/04/22 - 07:20:46 | batch update started 
[SYS] 2025/04/22 - 07:20:46 | batch update finished 
[SYS] 2025/04/22 - 07:20:51 | batch update started 
[SYS] 2025/04/22 - 07:20:51 | batch update finished 
[SYS] 2025/04/22 - 07:20:54 | batch update started 
[SYS] 2025/04/22 - 07:20:54 | batch update finished 
[SYS] 2025/04/22 - 07:20:58 | syncing options from database 
[SYS] 2025/04/22 - 07:20:58 | syncing channels from database 
[SYS] 2025/04/22 - 07:20:58 | channels synced from database 
[SYS] 2025/04/22 - 07:20:59 | 任务进度轮询开始 
[SYS] 2025/04/22 - 07:20:59 | 任务进度轮询完成 
[SYS] 2025/04/22 - 07:20:59 | batch update started 
[SYS] 2025/04/22 - 07:20:59 | batch update finished 
[SYS] 2025/04/22 - 07:21:04 | batch update started 
[SYS] 2025/04/22 - 07:21:04 | batch update finished 
[SYS] 2025/04/22 - 07:21:09 | batch update started 
[SYS] 2025/04/22 - 07:21:09 | batch update finished 
[SYS] 2025/04/22 - 07:21:14 | 任务进度轮询开始 
[SYS] 2025/04/22 - 07:21:14 | 任务进度轮询完成 
[SYS] 2025/04/22 - 07:21:14 | batch update started 
[SYS] 2025/04/22 - 07:21:14 | batch update finished 
[SYS] 2025/04/22 - 07:21:19 | batch update started 
[SYS] 2025/04/22 - 07:21:19 | batch update finished 
[SYS] 2025/04/22 - 07:21:21 | batch update started 
[SYS] 2025/04/22 - 07:21:21 | batch update finished 
[SYS] 2025/04/22 - 07:21:26 | 任务进度轮询开始 
[SYS] 2025/04/22 - 07:21:26 | 任务进度轮询完成 
[SYS] 2025/04/22 - 07:21:26 | batch update started 
[SYS] 2025/04/22 - 07:21:26 | batch update finished 
[SYS] 2025/04/22 - 07:21:31 | batch update started 
[SYS] 2025/04/22 - 07:21:31 | batch update finished 
[SYS] 2025/04/22 - 07:21:36 | batch update started 
[SYS] 2025/04/22 - 07:21:36 | batch update finished 
[SYS] 2025/04/22 - 07:21:41 | 任务进度轮询开始 
[SYS] 2025/04/22 - 07:21:41 | 任务进度轮询完成 
[SYS] 2025/04/22 - 07:21:41 | batch update started 
[SYS] 2025/04/22 - 07:21:41 | batch update finished 
[SYS] 2025/04/22 - 07:21:46 | batch update started 
[SYS] 2025/04/22 - 07:21:46 | batch update finished 
[SYS] 2025/04/22 - 07:21:49 | batch update started 
[SYS] 2025/04/22 - 07:21:49 | batch update finished 
[SYS] 2025/04/22 - 07:21:53 | syncing options from database 
[SYS] 2025/04/22 - 07:21:53 | syncing channels from database 
[SYS] 2025/04/22 - 07:21:53 | channels synced from database 
[SYS] 2025/04/22 - 07:21:53 | 任务进度轮询开始 
[SYS] 2025/04/22 - 07:21:53 | 任务进度轮询完成 
[SYS] 2025/04/22 - 07:21:54 | batch update started 
[SYS] 2025/04/22 - 07:21:54 | batch update finished 
[SYS] 2025/04/22 - 07:21:59 | batch update started 
[SYS] 2025/04/22 - 07:21:59 | batch update finished 
[SYS] 2025/04/22 - 07:22:04 | batch update started 
[SYS] 2025/04/22 - 07:22:04 | batch update finished 
[SYS] 2025/04/22 - 07:22:08 | 任务进度轮询开始 
[SYS] 2025/04/22 - 07:22:08 | 任务进度轮询完成 
[SYS] 2025/04/22 - 07:22:09 | batch update started 
[SYS] 2025/04/22 - 07:22:09 | batch update finished 
[SYS] 2025/04/22 - 07:22:14 | batch update started 
[SYS] 2025/04/22 - 07:22:14 | batch update finished 
[SYS] 2025/04/22 - 07:22:16 | batch update started 
[SYS] 2025/04/22 - 07:22:16 | batch update finished 
[SYS] 2025/04/22 - 07:22:21 | 任务进度轮询开始 
[SYS] 2025/04/22 - 07:22:21 | 任务进度轮询完成 
[SYS] 2025/04/22 - 07:22:21 | batch update started 
[SYS] 2025/04/22 - 07:22:21 | batch update finished 
[SYS] 2025/04/22 - 07:22:26 | batch update started 
[SYS] 2025/04/22 - 07:22:26 | batch update finished 
[SYS] 2025/04/22 - 07:22:31 | batch update started 
[SYS] 2025/04/22 - 07:22:31 | batch update finished 
[SYS] 2025/04/22 - 07:22:36 | 任务进度轮询开始 
[SYS] 2025/04/22 - 07:22:36 | 任务进度轮询完成 
[SYS] 2025/04/22 - 07:22:36 | batch update started 
[SYS] 2025/04/22 - 07:22:36 | batch update finished 
[SYS] 2025/04/22 - 07:22:41 | batch update started 
[SYS] 2025/04/22 - 07:22:41 | batch update finished 
[SYS] 2025/04/22 - 07:22:44 | batch update started 
[SYS] 2025/04/22 - 07:22:44 | batch update finished 
[SYS] 2025/04/22 - 07:22:48 | syncing options from database 
[SYS] 2025/04/22 - 07:22:48 | syncing channels from database 
[SYS] 2025/04/22 - 07:22:48 | channels synced from database 
[SYS] 2025/04/22 - 07:22:48 | 任务进度轮询开始 
[SYS] 2025/04/22 - 07:22:48 | 任务进度轮询完成 
[SYS] 2025/04/22 - 07:22:49 | batch update started 
[SYS] 2025/04/22 - 07:22:49 | batch update finished 
[SYS] 2025/04/22 - 07:22:54 | batch update started 
[SYS] 2025/04/22 - 07:22:54 | batch update finished 
[SYS] 2025/04/22 - 07:22:59 | batch update started 
[SYS] 2025/04/22 - 07:22:59 | batch update finished 
[SYS] 2025/04/22 - 07:23:03 | 任务进度轮询开始 
[SYS] 2025/04/22 - 07:23:03 | 任务进度轮询完成 
[SYS] 2025/04/22 - 07:23:04 | batch update started 
[SYS] 2025/04/22 - 07:23:04 | batch update finished 
[SYS] 2025/04/22 - 07:23:09 | batch update started 
[SYS] 2025/04/22 - 07:23:09 | batch update finished 
[SYS] 2025/04/22 - 07:23:11 | batch update started 
[SYS] 2025/04/22 - 07:23:11 | batch update finished 
[SYS] 2025/04/22 - 07:23:16 | 任务进度轮询开始 
[SYS] 2025/04/22 - 07:23:16 | 任务进度轮询完成 
[SYS] 2025/04/22 - 07:23:16 | batch update started 
[SYS] 2025/04/22 - 07:23:16 | batch update finished 
[SYS] 2025/04/22 - 07:23:21 | batch update started 
[SYS] 2025/04/22 - 07:23:21 | batch update finished 
[SYS] 2025/04/22 - 07:23:26 | batch update started 
[SYS] 2025/04/22 - 07:23:26 | batch update finished 
[SYS] 2025/04/22 - 07:23:31 | 任务进度轮询开始 
[SYS] 2025/04/22 - 07:23:31 | 任务进度轮询完成 
[SYS] 2025/04/22 - 07:23:31 | batch update started 
[SYS] 2025/04/22 - 07:23:31 | batch update finished 
[SYS] 2025/04/22 - 07:23:36 | batch update started 
[SYS] 2025/04/22 - 07:23:36 | batch update finished 
[SYS] 2025/04/22 - 07:23:39 | batch update started 
[SYS] 2025/04/22 - 07:23:39 | batch update finished 
[SYS] 2025/04/22 - 07:23:43 | syncing options from database 
[SYS] 2025/04/22 - 07:23:43 | syncing channels from database 
[SYS] 2025/04/22 - 07:23:43 | channels synced from database 
[SYS] 2025/04/22 - 07:23:43 | 任务进度轮询开始 
[SYS] 2025/04/22 - 07:23:43 | 任务进度轮询完成 
[SYS] 2025/04/22 - 07:23:44 | batch update started 
[SYS] 2025/04/22 - 07:23:44 | batch update finished 
[SYS] 2025/04/22 - 07:23:49 | batch update started 
[SYS] 2025/04/22 - 07:23:49 | batch update finished 
[SYS] 2025/04/22 - 07:23:54 | batch update started 
[SYS] 2025/04/22 - 07:23:54 | batch update finished 
[SYS] 2025/04/22 - 07:23:58 | 任务进度轮询开始 
[SYS] 2025/04/22 - 07:23:58 | 任务进度轮询完成 
[SYS] 2025/04/22 - 07:23:59 | batch update started 
[SYS] 2025/04/22 - 07:23:59 | batch update finished 
[SYS] 2025/04/22 - 07:24:04 | batch update started 
[SYS] 2025/04/22 - 07:24:04 | batch update finished 
[SYS] 2025/04/22 - 07:24:06 | batch update started 
[SYS] 2025/04/22 - 07:24:06 | batch update finished 
[SYS] 2025/04/22 - 07:24:11 | 任务进度轮询开始 
[SYS] 2025/04/22 - 07:24:11 | 任务进度轮询完成 
[SYS] 2025/04/22 - 07:24:11 | batch update started 
[SYS] 2025/04/22 - 07:24:11 | batch update finished 
[SYS] 2025/04/22 - 07:24:16 | batch update started 
[SYS] 2025/04/22 - 07:24:16 | batch update finished 
[SYS] 2025/04/22 - 07:24:21 | batch update started 
[SYS] 2025/04/22 - 07:24:21 | batch update finished 
[SYS] 2025/04/22 - 07:24:26 | 任务进度轮询开始 
[SYS] 2025/04/22 - 07:24:26 | 任务进度轮询完成 
[SYS] 2025/04/22 - 07:24:26 | batch update started 
[SYS] 2025/04/22 - 07:24:26 | batch update finished 
[SYS] 2025/04/22 - 07:24:31 | batch update started 
[SYS] 2025/04/22 - 07:24:31 | batch update finished 
[GIN] 2025/04/22 - 07:24:34 | 20250422072434223714841bTdgYqi5 | 200 |    7.355498ms |      172.18.0.1 |     GET /
[SYS] 2025/04/22 - 07:24:34 | batch update started 
[SYS] 2025/04/22 - 07:24:34 | batch update finished 
[SYS] 2025/04/22 - 07:24:38 | 正在更新数据看板数据... 
[SYS] 2025/04/22 - 07:24:38 | 保存数据看板数据成功，共保存0条数据 
[SYS] 2025/04/22 - 07:24:38 | testing all channels 
[SYS] 2025/04/22 - 07:24:38 | channel test finished 
[SYS] 2025/04/22 - 07:24:38 | syncing options from database 
[SYS] 2025/04/22 - 07:24:38 | syncing channels from database 
[SYS] 2025/04/22 - 07:24:38 | channels synced from database 
[SYS] 2025/04/22 - 07:24:38 | 任务进度轮询开始 
[SYS] 2025/04/22 - 07:24:38 | 任务进度轮询完成 
[SYS] 2025/04/22 - 07:24:39 | batch update started 
[SYS] 2025/04/22 - 07:24:39 | batch update finished 
[SYS] 2025/04/22 - 07:24:44 | batch update started 
[SYS] 2025/04/22 - 07:24:44 | batch update finished 
[SYS] 2025/04/22 - 07:24:49 | batch update started 
[SYS] 2025/04/22 - 07:24:49 | batch update finished 
[SYS] 2025/04/22 - 07:24:53 | 任务进度轮询开始 
[SYS] 2025/04/22 - 07:24:53 | 任务进度轮询完成 
[SYS] 2025/04/22 - 07:24:54 | batch update started 
[SYS] 2025/04/22 - 07:24:54 | batch update finished 
[SYS] 2025/04/22 - 07:24:59 | batch update started 
[SYS] 2025/04/22 - 07:24:59 | batch update finished 
[SYS] 2025/04/22 - 07:25:01 | batch update started 
[SYS] 2025/04/22 - 07:25:01 | batch update finished 
[SYS] 2025/04/22 - 07:25:06 | 任务进度轮询开始 
[SYS] 2025/04/22 - 07:25:06 | 任务进度轮询完成 
[SYS] 2025/04/22 - 07:25:06 | batch update started 
[SYS] 2025/04/22 - 07:25:06 | batch update finished 
[SYS] 2025/04/22 - 07:25:11 | batch update started 
[SYS] 2025/04/22 - 07:25:11 | batch update finished 
[SYS] 2025/04/22 - 07:25:16 | batch update started 
[SYS] 2025/04/22 - 07:25:16 | batch update finished 
[SYS] 2025/04/22 - 07:25:21 | 任务进度轮询开始 
[SYS] 2025/04/22 - 07:25:21 | 任务进度轮询完成 
[SYS] 2025/04/22 - 07:25:21 | batch update started 
[SYS] 2025/04/22 - 07:25:21 | batch update finished 
[SYS] 2025/04/22 - 07:25:26 | batch update started 
[SYS] 2025/04/22 - 07:25:26 | batch update finished 
[SYS] 2025/04/22 - 07:25:28 | batch update started 
[SYS] 2025/04/22 - 07:25:28 | batch update finished 
[SYS] 2025/04/22 - 07:25:33 | syncing options from database 
[SYS] 2025/04/22 - 07:25:33 | syncing channels from database 
[SYS] 2025/04/22 - 07:25:33 | channels synced from database 
[SYS] 2025/04/22 - 07:25:33 | 任务进度轮询开始 
[SYS] 2025/04/22 - 07:25:33 | 任务进度轮询完成 
[SYS] 2025/04/22 - 07:25:33 | batch update started 
[SYS] 2025/04/22 - 07:25:33 | batch update finished 
[SYS] 2025/04/22 - 07:25:38 | batch update started 
[SYS] 2025/04/22 - 07:25:38 | batch update finished 
[SYS] 2025/04/22 - 07:25:43 | batch update started 
[SYS] 2025/04/22 - 07:25:43 | batch update finished 
[SYS] 2025/04/22 - 07:25:48 | 任务进度轮询开始 
[SYS] 2025/04/22 - 07:25:48 | 任务进度轮询完成 
[SYS] 2025/04/22 - 07:25:48 | batch update started 
[SYS] 2025/04/22 - 07:25:48 | batch update finished 
[SYS] 2025/04/22 - 07:25:53 | batch update started 
[SYS] 2025/04/22 - 07:25:53 | batch update finished 
[SYS] 2025/04/22 - 07:25:56 | batch update started 
[SYS] 2025/04/22 - 07:25:56 | batch update finished 
[SYS] 2025/04/22 - 07:26:01 | 任务进度轮询开始 
[SYS] 2025/04/22 - 07:26:01 | 任务进度轮询完成 
[SYS] 2025/04/22 - 07:26:01 | batch update started 
[SYS] 2025/04/22 - 07:26:01 | batch update finished 
[SYS] 2025/04/22 - 07:26:06 | batch update started 
[SYS] 2025/04/22 - 07:26:06 | batch update finished 
[SYS] 2025/04/22 - 07:26:11 | batch update started 
[SYS] 2025/04/22 - 07:26:11 | batch update finished 
[SYS] 2025/04/22 - 07:26:16 | 任务进度轮询开始 
[SYS] 2025/04/22 - 07:26:16 | 任务进度轮询完成 
[SYS] 2025/04/22 - 07:26:16 | batch update started 
[SYS] 2025/04/22 - 07:26:16 | batch update finished 
[SYS] 2025/04/22 - 07:26:21 | batch update started 
[SYS] 2025/04/22 - 07:26:21 | batch update finished 
[SYS] 2025/04/22 - 07:26:23 | batch update started 
[SYS] 2025/04/22 - 07:26:23 | batch update finished 
[SYS] 2025/04/22 - 07:26:28 | syncing options from database 
[SYS] 2025/04/22 - 07:26:28 | syncing channels from database 
[SYS] 2025/04/22 - 07:26:28 | channels synced from database 
[SYS] 2025/04/22 - 07:26:28 | 任务进度轮询开始 
[SYS] 2025/04/22 - 07:26:28 | 任务进度轮询完成 
[SYS] 2025/04/22 - 07:26:28 | batch update started 
[SYS] 2025/04/22 - 07:26:28 | batch update finished 
[SYS] 2025/04/22 - 07:26:33 | batch update started 
[SYS] 2025/04/22 - 07:26:33 | batch update finished 
[SYS] 2025/04/22 - 07:26:38 | batch update started 
[SYS] 2025/04/22 - 07:26:38 | batch update finished 
[SYS] 2025/04/22 - 07:26:43 | 任务进度轮询开始 
[SYS] 2025/04/22 - 07:26:43 | 任务进度轮询完成 
[SYS] 2025/04/22 - 07:26:43 | batch update started 
[SYS] 2025/04/22 - 07:26:43 | batch update finished 
[SYS] 2025/04/22 - 07:26:48 | batch update started 
[SYS] 2025/04/22 - 07:26:48 | batch update finished 
[SYS] 2025/04/22 - 07:26:51 | batch update started 
[SYS] 2025/04/22 - 07:26:51 | batch update finished 
[SYS] 2025/04/22 - 07:26:56 | 任务进度轮询开始 
[SYS] 2025/04/22 - 07:26:56 | 任务进度轮询完成 
[SYS] 2025/04/22 - 07:26:56 | batch update started 
[SYS] 2025/04/22 - 07:26:56 | batch update finished 
[SYS] 2025/04/22 - 07:27:01 | batch update started 
[SYS] 2025/04/22 - 07:27:01 | batch update finished 
[SYS] 2025/04/22 - 07:27:06 | batch update started 
[SYS] 2025/04/22 - 07:27:06 | batch update finished 
[SYS] 2025/04/22 - 07:27:11 | 任务进度轮询开始 
[SYS] 2025/04/22 - 07:27:11 | 任务进度轮询完成 
[SYS] 2025/04/22 - 07:27:11 | batch update started 
[SYS] 2025/04/22 - 07:27:11 | batch update finished 
[SYS] 2025/04/22 - 07:27:16 | batch update started 
[SYS] 2025/04/22 - 07:27:16 | batch update finished 
[SYS] 2025/04/22 - 07:27:18 | batch update started 
[SYS] 2025/04/22 - 07:27:18 | batch update finished 
[SYS] 2025/04/22 - 07:27:23 | syncing options from database 
[SYS] 2025/04/22 - 07:27:23 | syncing channels from database 
[SYS] 2025/04/22 - 07:27:23 | channels synced from database 
[SYS] 2025/04/22 - 07:27:23 | 任务进度轮询开始 
[SYS] 2025/04/22 - 07:27:23 | 任务进度轮询完成 
[SYS] 2025/04/22 - 07:27:23 | batch update started 
[SYS] 2025/04/22 - 07:27:23 | batch update finished 
[SYS] 2025/04/22 - 07:27:28 | batch update started 
[SYS] 2025/04/22 - 07:27:28 | batch update finished 
[SYS] 2025/04/22 - 07:27:33 | batch update started 
[SYS] 2025/04/22 - 07:27:33 | batch update finished 
[SYS] 2025/04/22 - 07:27:38 | 任务进度轮询开始 
[SYS] 2025/04/22 - 07:27:38 | 任务进度轮询完成 
[SYS] 2025/04/22 - 07:27:38 | batch update started 
[SYS] 2025/04/22 - 07:27:38 | batch update finished 
[SYS] 2025/04/22 - 07:27:43 | batch update started 
[SYS] 2025/04/22 - 07:27:43 | batch update finished 
[SYS] 2025/04/22 - 07:27:46 | batch update started 
[SYS] 2025/04/22 - 07:27:46 | batch update finished 
[SYS] 2025/04/22 - 07:27:51 | 任务进度轮询开始 
[SYS] 2025/04/22 - 07:27:51 | 任务进度轮询完成 
[SYS] 2025/04/22 - 07:27:51 | batch update started 
[SYS] 2025/04/22 - 07:27:51 | batch update finished 
[SYS] 2025/04/22 - 07:27:56 | batch update started 
[SYS] 2025/04/22 - 07:27:56 | batch update finished 
[SYS] 2025/04/22 - 07:28:01 | batch update started 
[SYS] 2025/04/22 - 07:28:01 | batch update finished 
[SYS] 2025/04/22 - 07:28:06 | 任务进度轮询开始 
[SYS] 2025/04/22 - 07:28:06 | 任务进度轮询完成 
[SYS] 2025/04/22 - 07:28:06 | batch update started 
[SYS] 2025/04/22 - 07:28:06 | batch update finished 
[SYS] 2025/04/22 - 07:28:11 | batch update started 
[SYS] 2025/04/22 - 07:28:11 | batch update finished 
[SYS] 2025/04/22 - 07:28:13 | batch update started 
[SYS] 2025/04/22 - 07:28:13 | batch update finished 
[SYS] 2025/04/22 - 07:28:18 | syncing options from database 
[SYS] 2025/04/22 - 07:28:18 | syncing channels from database 
[SYS] 2025/04/22 - 07:28:18 | channels synced from database 
[SYS] 2025/04/22 - 07:28:18 | 任务进度轮询开始 
[SYS] 2025/04/22 - 07:28:18 | 任务进度轮询完成 
[SYS] 2025/04/22 - 07:28:18 | batch update started 
[SYS] 2025/04/22 - 07:28:18 | batch update finished 
[SYS] 2025/04/22 - 07:28:23 | batch update started 
[SYS] 2025/04/22 - 07:28:23 | batch update finished 
[SYS] 2025/04/22 - 07:28:28 | batch update started 
[SYS] 2025/04/22 - 07:28:28 | batch update finished 
[SYS] 2025/04/22 - 07:28:33 | 任务进度轮询开始 
[SYS] 2025/04/22 - 07:28:33 | 任务进度轮询完成 
[SYS] 2025/04/22 - 07:28:33 | batch update started 
[SYS] 2025/04/22 - 07:28:33 | batch update finished 
[SYS] 2025/04/22 - 07:28:38 | batch update started 
[SYS] 2025/04/22 - 07:28:38 | batch update finished 
[GIN] 2025/04/22 - 07:28:39 | 20250422072839827788032QOZMdAmY | 200 |    1.893875ms | 2c0f:f5c0:431:9d1:24ce:7bb3:718c:bc75 |     GET /
[GIN] 2025/04/22 - 07:28:40 | 20250422072840347307733vId7rX3X | 200 |    9.576401ms | 2c0f:f5c0:431:9d1:24ce:7bb3:718c:bc75 |     GET /assets/react-components-DISLlAMw.js
[GIN] 2025/04/22 - 07:28:40 | 20250422072840289321297JckuK0xl | 200 |  133.027429ms | 2c0f:f5c0:431:9d1:24ce:7bb3:718c:bc75 |     GET /assets/semi-ui-Jq3oSxx4.css
[GIN] 2025/04/22 - 07:28:40 | 202504220728403521577836bJiWqyZ | 200 |   93.041249ms | 2c0f:f5c0:431:9d1:24ce:7bb3:718c:bc75 |     GET /assets/i18n-E6bLULwh.js
[GIN] 2025/04/22 - 07:28:40 | 20250422072840319062675pmBWappy | 200 |  157.381907ms | 2c0f:f5c0:431:9d1:24ce:7bb3:718c:bc75 |     GET /assets/semantic-8MbrlYMA.js
[GIN] 2025/04/22 - 07:28:40 | 20250422072840438298064zBDmQpCw | 200 |   96.251059ms | 2c0f:f5c0:431:9d1:24ce:7bb3:718c:bc75 |     GET /assets/tools-FUXlD4Je.js
[GIN] 2025/04/22 - 07:28:40 | 20250422072840276004689ltGhOgV2 | 200 |  301.662763ms | 2c0f:f5c0:431:9d1:24ce:7bb3:718c:bc75 |     GET /assets/index-BncI70Vm.js
[GIN] 2025/04/22 - 07:28:40 | 20250422072840352457240mHboc5Tq | 200 |  237.361367ms | 2c0f:f5c0:431:9d1:24ce:7bb3:718c:bc75 |     GET /assets/react-core-DpH4LOSy.js
[GIN] 2025/04/22 - 07:28:40 | 202504220728402913759800f9nfTEZ | 200 |  317.447422ms | 2c0f:f5c0:431:9d1:24ce:7bb3:718c:bc75 |     GET /assets/index-BxG0qqrS.css
[GIN] 2025/04/22 - 07:28:40 | 20250422072840289715625NQnE2zee | 200 |  530.503682ms | 2c0f:f5c0:431:9d1:24ce:7bb3:718c:bc75 |     GET /assets/semi-ui-Cgg7RVCP.js
[SYS] 2025/04/22 - 07:28:41 | batch update started 
[SYS] 2025/04/22 - 07:28:41 | batch update finished 
[GIN] 2025/04/22 - 07:28:43 | 2025042207284380059667OX8TULwL | 200 |   34.441591ms | 2c0f:f5c0:431:9d1:24ce:7bb3:718c:bc75 |     GET /assets/index-DrRlZDr-.js
[GIN] 2025/04/22 - 07:28:43 | 20250422072843109271508HRoLfvqf | 200 |   24.684268ms | 2c0f:f5c0:431:9d1:24ce:7bb3:718c:bc75 |     GET /api/status
[GIN] 2025/04/22 - 07:28:43 | 20250422072843195783637gFkyHSIe | 200 |    5.560508ms | 2c0f:f5c0:431:9d1:24ce:7bb3:718c:bc75 |     GET /assets/lato-v15-latin-regular-CNtt3gFW.woff2
[GIN] 2025/04/22 - 07:28:43 | 20250422072843189667132j3T99OR6 | 200 |    15.40399ms | 2c0f:f5c0:431:9d1:24ce:7bb3:718c:bc75 |     GET /assets/lato-v15-latin-bold-Dj654xud.woff2
[SYS] 2025/04/22 - 07:28:46 | 任务进度轮询开始 
[SYS] 2025/04/22 - 07:28:46 | 任务进度轮询完成 
[SYS] 2025/04/22 - 07:28:46 | batch update started 
[SYS] 2025/04/22 - 07:28:46 | batch update finished 
[SYS] 2025/04/22 - 07:28:51 | batch update started 
[SYS] 2025/04/22 - 07:28:51 | batch update finished 
[SYS] 2025/04/22 - 07:28:56 | batch update started 
[SYS] 2025/04/22 - 07:28:56 | batch update finished 
[SYS] 2025/04/22 - 07:29:01 | 任务进度轮询开始 
[SYS] 2025/04/22 - 07:29:01 | 任务进度轮询完成 
[SYS] 2025/04/22 - 07:29:01 | batch update started 
[SYS] 2025/04/22 - 07:29:01 | batch update finished 
[SYS] 2025/04/22 - 07:29:06 | batch update started 
[SYS] 2025/04/22 - 07:29:06 | batch update finished 
[SYS] 2025/04/22 - 07:29:08 | batch update started 
[SYS] 2025/04/22 - 07:29:08 | batch update finished 
[GIN] 2025/04/22 - 07:29:11 | 20250422072911500142991MvbdLOTa | 200 |    1.649852ms | 149.154.161.202 |     GET /
[GIN] 2025/04/22 - 07:29:12 | 20250422072912977974582WkHs3MzM | 200 |    7.617026ms | 2c0f:f5c0:431:9d1:24ce:7bb3:718c:bc75 |     GET /logo.png
[SYS] 2025/04/22 - 07:29:13 | 正在更新数据看板数据... 
[SYS] 2025/04/22 - 07:29:13 | 保存数据看板数据成功，共保存0条数据 
[SYS] 2025/04/22 - 07:29:13 | syncing options from database 
[SYS] 2025/04/22 - 07:29:13 | syncing channels from database 
[SYS] 2025/04/22 - 07:29:13 | channels synced from database 
[SYS] 2025/04/22 - 07:29:13 | 任务进度轮询开始 
[SYS] 2025/04/22 - 07:29:13 | 任务进度轮询完成 
[SYS] 2025/04/22 - 07:29:13 | batch update started 
[SYS] 2025/04/22 - 07:29:13 | batch update finished 
[SYS] 2025/04/22 - 07:29:18 | batch update started 
[SYS] 2025/04/22 - 07:29:18 | batch update finished 
[SYS] 2025/04/22 - 07:29:23 | batch update started 
[SYS] 2025/04/22 - 07:29:23 | batch update finished 
[SYS] 2025/04/22 - 07:29:28 | 任务进度轮询开始 
[SYS] 2025/04/22 - 07:29:28 | 任务进度轮询完成 
[SYS] 2025/04/22 - 07:29:28 | batch update started 
[SYS] 2025/04/22 - 07:29:28 | batch update finished 
[SYS] 2025/04/22 - 07:29:33 | batch update started 
[SYS] 2025/04/22 - 07:29:33 | batch update finished 
[SYS] 2025/04/22 - 07:29:36 | batch update started 
[SYS] 2025/04/22 - 07:29:36 | batch update finished 
[SYS] 2025/04/22 - 07:29:41 | 任务进度轮询开始 
[SYS] 2025/04/22 - 07:29:41 | 任务进度轮询完成 
[SYS] 2025/04/22 - 07:29:41 | batch update started 
[SYS] 2025/04/22 - 07:29:41 | batch update finished 
[SYS] 2025/04/22 - 07:29:46 | batch update started 
[SYS] 2025/04/22 - 07:29:46 | batch update finished 
[SYS] 2025/04/22 - 07:29:51 | batch update started 
[SYS] 2025/04/22 - 07:29:51 | batch update finished 
[SYS] 2025/04/22 - 07:29:56 | 任务进度轮询开始 
[SYS] 2025/04/22 - 07:29:56 | 任务进度轮询完成 
[SYS] 2025/04/22 - 07:29:56 | batch update started 
[SYS] 2025/04/22 - 07:29:56 | batch update finished 
[SYS] 2025/04/22 - 07:30:01 | batch update started 
[SYS] 2025/04/22 - 07:30:01 | batch update finished 
[SYS] 2025/04/22 - 07:30:03 | batch update started 
[SYS] 2025/04/22 - 07:30:03 | batch update finished 
[SYS] 2025/04/22 - 07:30:08 | syncing options from database 
[SYS] 2025/04/22 - 07:30:08 | syncing channels from database 
[SYS] 2025/04/22 - 07:30:08 | channels synced from database 
[SYS] 2025/04/22 - 07:30:08 | 任务进度轮询开始 
[SYS] 2025/04/22 - 07:30:08 | 任务进度轮询完成 
[SYS] 2025/04/22 - 07:30:08 | batch update started 
[SYS] 2025/04/22 - 07:30:08 | batch update finished 
[SYS] 2025/04/22 - 07:30:13 | batch update started 
[SYS] 2025/04/22 - 07:30:13 | batch update finished 
[SYS] 2025/04/22 - 07:30:18 | batch update started 
[SYS] 2025/04/22 - 07:30:18 | batch update finished 
[SYS] 2025/04/22 - 07:30:23 | 任务进度轮询开始 
[SYS] 2025/04/22 - 07:30:23 | 任务进度轮询完成 
[SYS] 2025/04/22 - 07:30:23 | batch update started 
[SYS] 2025/04/22 - 07:30:23 | batch update finished 
[SYS] 2025/04/22 - 07:30:28 | batch update started 
[SYS] 2025/04/22 - 07:30:28 | batch update finished 
[SYS] 2025/04/22 - 07:30:31 | batch update started 
[SYS] 2025/04/22 - 07:30:31 | batch update finished 
[SYS] 2025/04/22 - 07:30:36 | 任务进度轮询开始 
[SYS] 2025/04/22 - 07:30:36 | 任务进度轮询完成 
[SYS] 2025/04/22 - 07:30:36 | batch update started 
[SYS] 2025/04/22 - 07:30:36 | batch update finished 
[SYS] 2025/04/22 - 07:30:41 | batch update started 
[SYS] 2025/04/22 - 07:30:41 | batch update finished 
[SYS] 2025/04/22 - 07:30:46 | batch update started 
[SYS] 2025/04/22 - 07:30:46 | batch update finished 
[SYS] 2025/04/22 - 07:30:51 | 任务进度轮询开始 
[SYS] 2025/04/22 - 07:30:51 | 任务进度轮询完成 
[SYS] 2025/04/22 - 07:30:51 | batch update started 
[SYS] 2025/04/22 - 07:30:51 | batch update finished 
[SYS] 2025/04/22 - 07:30:56 | batch update started 
[SYS] 2025/04/22 - 07:30:56 | batch update finished 
[SYS] 2025/04/22 - 07:30:58 | batch update started 
[SYS] 2025/04/22 - 07:30:58 | batch update finished 
[SYS] 2025/04/22 - 07:31:03 | syncing options from database 
[SYS] 2025/04/22 - 07:31:03 | syncing channels from database 
[SYS] 2025/04/22 - 07:31:03 | channels synced from database 
[SYS] 2025/04/22 - 07:31:03 | 任务进度轮询开始 
[SYS] 2025/04/22 - 07:31:03 | 任务进度轮询完成 
[SYS] 2025/04/22 - 07:31:03 | batch update started 
[SYS] 2025/04/22 - 07:31:03 | batch update finished 
[SYS] 2025/04/22 - 07:31:08 | batch update started 
[SYS] 2025/04/22 - 07:31:08 | batch update finished 
[SYS] 2025/04/22 - 07:31:13 | batch update started 
[SYS] 2025/04/22 - 07:31:13 | batch update finished 
[SYS] 2025/04/22 - 07:31:18 | 任务进度轮询开始 
[SYS] 2025/04/22 - 07:31:18 | 任务进度轮询完成 
[SYS] 2025/04/22 - 07:31:18 | batch update started 
[SYS] 2025/04/22 - 07:31:18 | batch update finished 
[SYS] 2025/04/22 - 07:31:23 | batch update started 
[SYS] 2025/04/22 - 07:31:23 | batch update finished 
[SYS] 2025/04/22 - 07:31:26 | batch update started 
[SYS] 2025/04/22 - 07:31:26 | batch update finished 
[GIN] 2025/04/22 - 07:31:28 | 2025042207312817176629759qUTWtR | 200 |  251.724703ms | 2c0f:f5c0:431:9d1:24ce:7bb3:718c:bc75 |    POST /api/user/login?turnstile=
[GIN] 2025/04/22 - 07:31:29 | 202504220731298444738322GA14dj | 200 |    15.02875ms | 2c0f:f5c0:431:9d1:24ce:7bb3:718c:bc75 |     GET /api/token/?p=0&size=10
[GIN] 2025/04/22 - 07:31:29 | 20250422073129119227256ivsgcArB | 200 |    3.374684ms | 2c0f:f5c0:431:9d1:24ce:7bb3:718c:bc75 |     GET /api/user/self/groups
[GIN] 2025/04/22 - 07:31:29 | 20250422073129999538946OZkUldX | 200 |  126.982203ms | 2c0f:f5c0:431:9d1:24ce:7bb3:718c:bc75 |     GET /api/user/models
[SYS] 2025/04/22 - 07:31:31 | 任务进度轮询开始 
[SYS] 2025/04/22 - 07:31:31 | 任务进度轮询完成 
[SYS] 2025/04/22 - 07:31:31 | batch update started 
[SYS] 2025/04/22 - 07:31:31 | batch update finished 
[GIN] 2025/04/22 - 07:31:36 | 20250422073136292675458MdTCMzBn | 200 |     2.70116ms | 2c0f:f5c0:431:9d1:24ce:7bb3:718c:bc75 |     GET /assets/index-BDVTcb7K.js
[SYS] 2025/04/22 - 07:31:36 | batch update started 
[SYS] 2025/04/22 - 07:31:36 | batch update finished 
[GIN] 2025/04/22 - 07:31:36 | 20250422073136321910488ZdkdjaWn | 200 |   253.42548ms | 2c0f:f5c0:431:9d1:24ce:7bb3:718c:bc75 |     GET /assets/visactor-Cb5CgQQd.js
[GIN] 2025/04/22 - 07:31:38 | 2025042207313836163578meY338kB | 200 |       3.025ms | 2c0f:f5c0:431:9d1:24ce:7bb3:718c:bc75 |     GET /api/user/self
[GIN] 2025/04/22 - 07:31:38 | 2025042207313859401408KZJmmD2F | 200 |    36.71767ms | 2c0f:f5c0:431:9d1:24ce:7bb3:718c:bc75 |     GET /api/data/?username=&start_timestamp=1745191898&end_timestamp=1745281898&default_time=hour
[GIN] 2025/04/22 - 07:31:41 | 20250422073141166291568dDClgmqw | 200 |      1.8601ms | 2c0f:f5c0:431:9d1:24ce:7bb3:718c:bc75 |     GET /api/data/?username=&start_timestamp=1745191901&end_timestamp=1745281901&default_time=hour
[GIN] 2025/04/22 - 07:31:41 | 20250422073141166021628KW76YDja | 200 |      6.8398ms | 2c0f:f5c0:431:9d1:24ce:7bb3:718c:bc75 |     GET /api/user/self
[SYS] 2025/04/22 - 07:31:41 | batch update started 
[SYS] 2025/04/22 - 07:31:41 | batch update finished 
[GIN] 2025/04/22 - 07:31:42 | 20250422073142483218278rBstNfzw | 200 |     4.06692ms | 2c0f:f5c0:431:9d1:24ce:7bb3:718c:bc75 |     GET /api/pricing
[GIN] 2025/04/22 - 07:31:45 | 20250422073145796360098AH98CPDd | 200 |   15.382485ms | 2c0f:f5c0:431:9d1:24ce:7bb3:718c:bc75 |     GET /pricing
[SYS] 2025/04/22 - 07:31:46 | 任务进度轮询开始 
[SYS] 2025/04/22 - 07:31:46 | 任务进度轮询完成 
[SYS] 2025/04/22 - 07:31:46 | batch update started 
[SYS] 2025/04/22 - 07:31:46 | batch update finished 
[GIN] 2025/04/22 - 07:31:47 | 20250422073147544669038Wd7HGLhH | 200 |    1.529232ms | 2c0f:f5c0:431:9d1:24ce:7bb3:718c:bc75 |     GET /api/status
[GIN] 2025/04/22 - 07:31:47 | 202504220731475446415403o4xJvI8 | 200 |   42.625366ms | 2c0f:f5c0:431:9d1:24ce:7bb3:718c:bc75 |     GET /api/pricing
[GIN] 2025/04/22 - 07:31:50 | 20250422073150390813655hM4utjMb | 200 |    2.285467ms | 2c0f:f5c0:431:9d1:24ce:7bb3:718c:bc75 |     GET /api/user/self
[SYS] 2025/04/22 - 07:31:51 | batch update started 
[SYS] 2025/04/22 - 07:31:51 | batch update finished 
[GIN] 2025/04/22 - 07:31:54 | 2025042207315440016755FxsZRcim | 200 |    2.970272ms | 2c0f:f5c0:431:9d1:24ce:7bb3:718c:bc75 |    POST /api/user/amount
[GIN] 2025/04/22 - 07:31:54 | 20250422073154117253932pCd8Og8p | 200 |    5.239391ms | 2c0f:f5c0:431:9d1:24ce:7bb3:718c:bc75 |    POST /api/user/amount
[GIN] 2025/04/22 - 07:31:53 | 202504220731534610800083wmDs6zd | 200 |    2.388954ms | 2c0f:f5c0:431:9d1:24ce:7bb3:718c:bc75 |    POST /api/user/amount
[SYS] 2025/04/22 - 07:31:53 | batch update started 
[SYS] 2025/04/22 - 07:31:53 | batch update finished 
[GIN] 2025/04/22 - 07:31:54 | 20250422073154353253506wFaxbH4L | 200 |    2.150037ms | 2c0f:f5c0:431:9d1:24ce:7bb3:718c:bc75 |     GET /api/group/
[GIN] 2025/04/22 - 07:31:54 | 20250422073154353136468HJewIqdv | 200 |    2.522235ms | 2c0f:f5c0:431:9d1:24ce:7bb3:718c:bc75 |     GET /api/user/self
[GIN] 2025/04/22 - 07:31:54 | 20250422073154348406859vUzsK96d | 200 |   90.709465ms | 2c0f:f5c0:431:9d1:24ce:7bb3:718c:bc75 |     GET /api/user/?p=0&page_size=10
[GIN] 2025/04/22 - 07:31:57 | 20250422073157917222351DBMuUDeC | 200 |    2.724148ms | 2c0f:f5c0:431:9d1:24ce:7bb3:718c:bc75 |     GET /api/user/self
[SYS] 2025/04/22 - 07:31:58 | syncing options from database 
[SYS] 2025/04/22 - 07:31:58 | syncing channels from database 
[SYS] 2025/04/22 - 07:31:58 | channels synced from database 
[SYS] 2025/04/22 - 07:31:58 | 任务进度轮询开始 
[SYS] 2025/04/22 - 07:31:58 | 任务进度轮询完成 
[SYS] 2025/04/22 - 07:31:58 | batch update started 
[SYS] 2025/04/22 - 07:31:58 | batch update finished 
[GIN] 2025/04/22 - 07:32:01 | 202504220732013490563youJLjvl | 200 |    2.498005ms | 2c0f:f5c0:431:9d1:24ce:7bb3:718c:bc75 |    POST /api/user/amount
[GIN] 2025/04/22 - 07:32:01 | 20250422073201123656159EwqbDbkJ | 200 |    7.465372ms | 2c0f:f5c0:431:9d1:24ce:7bb3:718c:bc75 |    POST /api/user/amount
[GIN] 2025/04/22 - 07:32:01 | 20250422073201299482018wJ0jcZuW | 200 |    2.638904ms | 2c0f:f5c0:431:9d1:24ce:7bb3:718c:bc75 |    POST /api/user/amount
[GIN] 2025/04/22 - 07:32:01 | 202504220732016039936182QklIHPn | 200 |    2.188882ms | 2c0f:f5c0:431:9d1:24ce:7bb3:718c:bc75 |    POST /api/user/amount
[SYS] 2025/04/22 - 07:32:03 | batch update started 
[SYS] 2025/04/22 - 07:32:03 | batch update finished 
[GIN] 2025/04/22 - 07:32:05 | 202504220732045272467459LGWDGiU | 200 |  1.199076422s | 2c0f:f5c0:431:9d1:24ce:7bb3:718c:bc75 |    POST /api/user/pay
[SYS] 2025/04/22 - 07:32:08 | batch update started 
[SYS] 2025/04/22 - 07:32:08 | batch update finished 
[SYS] 2025/04/22 - 07:32:13 | 任务进度轮询开始 
[SYS] 2025/04/22 - 07:32:13 | 任务进度轮询完成 
[SYS] 2025/04/22 - 07:32:13 | batch update started 
[SYS] 2025/04/22 - 07:32:13 | batch update finished 
[SYS] 2025/04/22 - 07:32:18 | batch update started 
[SYS] 2025/04/22 - 07:32:18 | batch update finished 
[SYS] 2025/04/22 - 07:32:21 | batch update started 
[SYS] 2025/04/22 - 07:32:21 | batch update finished 
[SYS] 2025/04/22 - 07:32:26 | 任务进度轮询开始 
[SYS] 2025/04/22 - 07:32:26 | 任务进度轮询完成 
[SYS] 2025/04/22 - 07:32:26 | batch update started 
[SYS] 2025/04/22 - 07:32:26 | batch update finished 
[GIN] 2025/04/22 - 07:32:28 | 20250422073227782070340qNU5rjbR | 200 |  240.720176ms |  54.187.174.169 |    POST /api/stripe/webhook
[SYS] 2025/04/22 - 07:32:31 | batch update started 
[SYS] 2025/04/22 - 07:32:31 | batch update finished 
[SYS] 2025/04/22 - 07:32:36 | batch update started 
[SYS] 2025/04/22 - 07:32:36 | batch update finished 
[SYS] 2025/04/22 - 07:32:41 | 任务进度轮询开始 
[SYS] 2025/04/22 - 07:32:41 | 任务进度轮询完成 
[SYS] 2025/04/22 - 07:32:41 | batch update started 
[SYS] 2025/04/22 - 07:32:41 | batch update finished 
[SYS] 2025/04/22 - 07:32:46 | batch update started 
[SYS] 2025/04/22 - 07:32:46 | batch update finished 
[GIN] 2025/04/22 - 07:32:48 | 20250422073248469778358rY8BtX9y | 200 |    1.619596ms | 2c0f:f5c0:431:9d1:24ce:7bb3:718c:bc75 |     GET /topup
[SYS] 2025/04/22 - 07:32:48 | batch update started 
[SYS] 2025/04/22 - 07:32:48 | batch update finished 
[SYS] 2025/04/22 - 07:32:53 | syncing options from database 
[SYS] 2025/04/22 - 07:32:53 | syncing channels from database 
[SYS] 2025/04/22 - 07:32:53 | channels synced from database 
[SYS] 2025/04/22 - 07:32:53 | 任务进度轮询开始 
[SYS] 2025/04/22 - 07:32:53 | 任务进度轮询完成 
[SYS] 2025/04/22 - 07:32:53 | batch update started 
[SYS] 2025/04/22 - 07:32:53 | batch update finished 
[GIN] 2025/04/22 - 07:32:56 | 202504220732566075806970N2wgXWc | 200 |    1.524539ms | 2c0f:f5c0:431:9d1:24ce:7bb3:718c:bc75 |     GET /topup-success
[GIN] 2025/04/22 - 07:32:57 | 20250422073257579602838pvu3KPK0 | 200 |    1.608124ms | 2c0f:f5c0:431:9d1:24ce:7bb3:718c:bc75 |     GET /api/status
[SYS] 2025/04/22 - 07:32:58 | batch update started 
[SYS] 2025/04/22 - 07:32:58 | batch update finished 
[GIN] 2025/04/22 - 07:33:00 | 20250422073300863679103IWrt809L | 200 |    2.738166ms | 2c0f:f5c0:431:9d1:24ce:7bb3:718c:bc75 |     GET /topup
[GIN] 2025/04/22 - 07:33:01 | 20250422073301888786270Y6QHrCOV | 200 |   42.158757ms | 2c0f:f5c0:431:9d1:24ce:7bb3:718c:bc75 |     GET /api/status
[GIN] 2025/04/22 - 07:33:02 | 20250422073301875812839yXdx4tUi | 200 |  137.592146ms | 2c0f:f5c0:431:9d1:24ce:7bb3:718c:bc75 |     GET /api/user/self
[SYS] 2025/04/22 - 07:33:03 | batch update started 
[SYS] 2025/04/22 - 07:33:03 | batch update finished 
[SYS] 2025/04/22 - 07:33:08 | 任务进度轮询开始 
[SYS] 2025/04/22 - 07:33:08 | 任务进度轮询完成 
[SYS] 2025/04/22 - 07:33:08 | batch update started 
[SYS] 2025/04/22 - 07:33:08 | batch update finished 
[SYS] 2025/04/22 - 07:33:13 | batch update started 
[SYS] 2025/04/22 - 07:33:13 | batch update finished 
[SYS] 2025/04/22 - 07:33:16 | batch update started 
[SYS] 2025/04/22 - 07:33:16 | batch update finished 
[SYS] 2025/04/22 - 07:33:21 | 任务进度轮询开始 
[SYS] 2025/04/22 - 07:33:21 | 任务进度轮询完成 
[SYS] 2025/04/22 - 07:33:21 | batch update started 
[SYS] 2025/04/22 - 07:33:21 | batch update finished 
[SYS] 2025/04/22 - 07:33:26 | batch update started 
[SYS] 2025/04/22 - 07:33:26 | batch update finished 
[SYS] 2025/04/22 - 07:33:31 | batch update started 
[SYS] 2025/04/22 - 07:33:31 | batch update finished 
[SYS] 2025/04/22 - 07:33:36 | 任务进度轮询开始 
[SYS] 2025/04/22 - 07:33:36 | 任务进度轮询完成 
[SYS] 2025/04/22 - 07:33:36 | batch update started 
[SYS] 2025/04/22 - 07:33:36 | batch update finished 
[SYS] 2025/04/22 - 07:33:41 | batch update started 
[SYS] 2025/04/22 - 07:33:41 | batch update finished 
[SYS] 2025/04/22 - 07:33:43 | batch update started 
[SYS] 2025/04/22 - 07:33:43 | batch update finished 
[SYS] 2025/04/22 - 07:33:47 | updating all channels 
[SYS] 2025/04/22 - 07:33:47 | channels update done 
[SYS] 2025/04/22 - 07:33:47 | 正在更新数据看板数据... 
[SYS] 2025/04/22 - 07:33:47 | 保存数据看板数据成功，共保存0条数据 
[SYS] 2025/04/22 - 07:33:47 | testing all channels 
[SYS] 2025/04/22 - 07:33:47 | channel test finished 
[SYS] 2025/04/22 - 07:33:47 | syncing options from database 
[SYS] 2025/04/22 - 07:33:48 | syncing channels from database 
[SYS] 2025/04/22 - 07:33:48 | channels synced from database 
[SYS] 2025/04/22 - 07:33:48 | 任务进度轮询开始 
[SYS] 2025/04/22 - 07:33:48 | 任务进度轮询完成 
[SYS] 2025/04/22 - 07:33:48 | batch update started 
[SYS] 2025/04/22 - 07:33:48 | batch update finished 
[SYS] 2025/04/22 - 07:33:53 | batch update started 
[SYS] 2025/04/22 - 07:33:53 | batch update finished 
[SYS] 2025/04/22 - 07:33:58 | batch update started 
[SYS] 2025/04/22 - 07:33:58 | batch update finished 
[SYS] 2025/04/22 - 07:34:03 | 任务进度轮询开始 
[SYS] 2025/04/22 - 07:34:03 | 任务进度轮询完成 
[SYS] 2025/04/22 - 07:34:03 | batch update started 
[SYS] 2025/04/22 - 07:34:03 | batch update finished 
[SYS] 2025/04/22 - 07:34:08 | batch update started 
[SYS] 2025/04/22 - 07:34:08 | batch update finished 
[SYS] 2025/04/22 - 07:34:11 | batch update started 
[SYS] 2025/04/22 - 07:34:11 | batch update finished 
[SYS] 2025/04/22 - 07:34:16 | 任务进度轮询开始 
[SYS] 2025/04/22 - 07:34:16 | 任务进度轮询完成 
[SYS] 2025/04/22 - 07:34:16 | batch update started 
[SYS] 2025/04/22 - 07:34:16 | batch update finished 
[SYS] 2025/04/22 - 07:34:21 | batch update started 
[SYS] 2025/04/22 - 07:34:21 | batch update finished 
[SYS] 2025/04/22 - 07:34:26 | batch update started 
[SYS] 2025/04/22 - 07:34:26 | batch update finished 
[SYS] 2025/04/22 - 07:34:31 | 任务进度轮询开始 
[SYS] 2025/04/22 - 07:34:31 | 任务进度轮询完成 
[SYS] 2025/04/22 - 07:34:31 | batch update started 
[SYS] 2025/04/22 - 07:34:31 | batch update finished 
[SYS] 2025/04/22 - 07:34:36 | batch update started 
[SYS] 2025/04/22 - 07:34:36 | batch update finished 
[SYS] 2025/04/22 - 07:34:38 | batch update started 
[SYS] 2025/04/22 - 07:34:38 | batch update finished 
[SYS] 2025/04/22 - 07:34:43 | syncing options from database 
[SYS] 2025/04/22 - 07:34:43 | syncing channels from database 
[SYS] 2025/04/22 - 07:34:43 | channels synced from database 
[SYS] 2025/04/22 - 07:34:43 | 任务进度轮询开始 
[SYS] 2025/04/22 - 07:34:43 | 任务进度轮询完成 
[SYS] 2025/04/22 - 07:34:43 | batch update started 
[SYS] 2025/04/22 - 07:34:43 | batch update finished 
[SYS] 2025/04/22 - 07:34:48 | batch update started 
[SYS] 2025/04/22 - 07:34:48 | batch update finished 
[SYS] 2025/04/22 - 07:34:53 | batch update started 
[SYS] 2025/04/22 - 07:34:53 | batch update finished 
[SYS] 2025/04/22 - 07:34:58 | 任务进度轮询开始 
[SYS] 2025/04/22 - 07:34:58 | 任务进度轮询完成 
[SYS] 2025/04/22 - 07:34:58 | batch update started 
[SYS] 2025/04/22 - 07:34:58 | batch update finished 
[SYS] 2025/04/22 - 07:35:03 | batch update started 
[SYS] 2025/04/22 - 07:35:03 | batch update finished 
[SYS] 2025/04/22 - 07:35:06 | batch update started 
[SYS] 2025/04/22 - 07:35:06 | batch update finished 
[SYS] 2025/04/22 - 07:35:11 | 任务进度轮询开始 
[SYS] 2025/04/22 - 07:35:11 | 任务进度轮询完成 
[SYS] 2025/04/22 - 07:35:11 | batch update started 
[SYS] 2025/04/22 - 07:35:11 | batch update finished 
[SYS] 2025/04/22 - 07:35:16 | batch update started 
[SYS] 2025/04/22 - 07:35:16 | batch update finished 
[SYS] 2025/04/22 - 07:35:21 | batch update started 
[SYS] 2025/04/22 - 07:35:21 | batch update finished 
[SYS] 2025/04/22 - 07:35:26 | 任务进度轮询开始 
[SYS] 2025/04/22 - 07:35:26 | 任务进度轮询完成 
[SYS] 2025/04/22 - 07:35:26 | batch update started 
[SYS] 2025/04/22 - 07:35:26 | batch update finished 
[SYS] 2025/04/22 - 07:35:31 | batch update started 
[SYS] 2025/04/22 - 07:35:31 | batch update finished 
[SYS] 2025/04/22 - 07:35:33 | batch update started 
[SYS] 2025/04/22 - 07:35:33 | batch update finished 
[SYS] 2025/04/22 - 07:35:37 | syncing options from database 
[SYS] 2025/04/22 - 07:35:38 | syncing channels from database 
[SYS] 2025/04/22 - 07:35:38 | channels synced from database 
[SYS] 2025/04/22 - 07:35:38 | 任务进度轮询开始 
[SYS] 2025/04/22 - 07:35:38 | 任务进度轮询完成 
[SYS] 2025/04/22 - 07:35:38 | batch update started 
[SYS] 2025/04/22 - 07:35:38 | batch update finished 
[SYS] 2025/04/22 - 07:35:43 | batch update started 
[SYS] 2025/04/22 - 07:35:43 | batch update finished 
[SYS] 2025/04/22 - 07:35:48 | batch update started 
[SYS] 2025/04/22 - 07:35:48 | batch update finished 
[SYS] 2025/04/22 - 07:35:53 | 任务进度轮询开始 
[SYS] 2025/04/22 - 07:35:53 | 任务进度轮询完成 
[SYS] 2025/04/22 - 07:35:53 | batch update started 
[SYS] 2025/04/22 - 07:35:53 | batch update finished 
[SYS] 2025/04/22 - 07:35:58 | batch update started 
[SYS] 2025/04/22 - 07:35:58 | batch update finished 
[SYS] 2025/04/22 - 07:36:01 | batch update started 
[SYS] 2025/04/22 - 07:36:01 | batch update finished 
[SYS] 2025/04/22 - 07:36:06 | 任务进度轮询开始 
[SYS] 2025/04/22 - 07:36:06 | 任务进度轮询完成 
[SYS] 2025/04/22 - 07:36:06 | batch update started 
[SYS] 2025/04/22 - 07:36:06 | batch update finished 
[SYS] 2025/04/22 - 07:36:11 | batch update started 
[SYS] 2025/04/22 - 07:36:11 | batch update finished 
[SYS] 2025/04/22 - 07:36:16 | batch update started 
[SYS] 2025/04/22 - 07:36:16 | batch update finished 
[SYS] 2025/04/22 - 07:36:21 | 任务进度轮询开始 
[SYS] 2025/04/22 - 07:36:21 | 任务进度轮询完成 
[SYS] 2025/04/22 - 07:36:21 | batch update started 
[SYS] 2025/04/22 - 07:36:21 | batch update finished 
[SYS] 2025/04/22 - 07:36:26 | batch update started 
[SYS] 2025/04/22 - 07:36:26 | batch update finished 
[SYS] 2025/04/22 - 07:36:28 | batch update started 
[SYS] 2025/04/22 - 07:36:28 | batch update finished 
[SYS] 2025/04/22 - 07:36:32 | syncing options from database 
[SYS] 2025/04/22 - 07:36:32 | syncing channels from database 
[SYS] 2025/04/22 - 07:36:32 | channels synced from database 
[SYS] 2025/04/22 - 07:36:33 | 任务进度轮询开始 
[SYS] 2025/04/22 - 07:36:33 | 任务进度轮询完成 
[SYS] 2025/04/22 - 07:36:33 | batch update started 
[SYS] 2025/04/22 - 07:36:33 | batch update finished 
[SYS] 2025/04/22 - 07:36:38 | batch update started 
[SYS] 2025/04/22 - 07:36:38 | batch update finished 
[SYS] 2025/04/22 - 07:36:43 | batch update started 
[SYS] 2025/04/22 - 07:36:43 | batch update finished 
[SYS] 2025/04/22 - 07:36:48 | 任务进度轮询开始 
[SYS] 2025/04/22 - 07:36:48 | 任务进度轮询完成 
[SYS] 2025/04/22 - 07:36:48 | batch update started 
[SYS] 2025/04/22 - 07:36:48 | batch update finished 
[SYS] 2025/04/22 - 07:36:53 | batch update started 
[SYS] 2025/04/22 - 07:36:53 | batch update finished 
[SYS] 2025/04/22 - 07:36:56 | batch update started 
[SYS] 2025/04/22 - 07:36:56 | batch update finished 
[SYS] 2025/04/22 - 07:37:01 | 任务进度轮询开始 
[SYS] 2025/04/22 - 07:37:01 | 任务进度轮询完成 
[SYS] 2025/04/22 - 07:37:01 | batch update started 
[SYS] 2025/04/22 - 07:37:01 | batch update finished 
[SYS] 2025/04/22 - 07:37:06 | batch update started 
[SYS] 2025/04/22 - 07:37:06 | batch update finished 
[SYS] 2025/04/22 - 07:37:11 | batch update started 
[SYS] 2025/04/22 - 07:37:11 | batch update finished 
[SYS] 2025/04/22 - 07:37:16 | 任务进度轮询开始 
[SYS] 2025/04/22 - 07:37:16 | 任务进度轮询完成 
[SYS] 2025/04/22 - 07:37:16 | batch update started 
[SYS] 2025/04/22 - 07:37:16 | batch update finished 
[SYS] 2025/04/22 - 07:37:21 | batch update started 
[SYS] 2025/04/22 - 07:37:21 | batch update finished 
[SYS] 2025/04/22 - 07:37:23 | batch update started 
[SYS] 2025/04/22 - 07:37:23 | batch update finished 
[SYS] 2025/04/22 - 07:37:27 | syncing options from database 
[SYS] 2025/04/22 - 07:37:27 | syncing channels from database 
[SYS] 2025/04/22 - 07:37:27 | channels synced from database 
[SYS] 2025/04/22 - 07:37:28 | 任务进度轮询开始 
[SYS] 2025/04/22 - 07:37:28 | 任务进度轮询完成 
[SYS] 2025/04/22 - 07:37:28 | batch update started 
[SYS] 2025/04/22 - 07:37:28 | batch update finished 
[SYS] 2025/04/22 - 07:37:33 | batch update started 
[SYS] 2025/04/22 - 07:37:33 | batch update finished 
[SYS] 2025/04/22 - 07:37:38 | batch update started 
[SYS] 2025/04/22 - 07:37:38 | batch update finished 
[SYS] 2025/04/22 - 07:37:43 | 任务进度轮询开始 
[SYS] 2025/04/22 - 07:37:43 | 任务进度轮询完成 
[SYS] 2025/04/22 - 07:37:43 | batch update started 
[SYS] 2025/04/22 - 07:37:43 | batch update finished 
[SYS] 2025/04/22 - 07:37:48 | batch update started 
[SYS] 2025/04/22 - 07:37:48 | batch update finished 
[SYS] 2025/04/22 - 07:37:51 | batch update started 
[SYS] 2025/04/22 - 07:37:51 | batch update finished 
[SYS] 2025/04/22 - 07:37:56 | 任务进度轮询开始 
[SYS] 2025/04/22 - 07:37:56 | 任务进度轮询完成 
[SYS] 2025/04/22 - 07:37:56 | batch update started 
[SYS] 2025/04/22 - 07:37:56 | batch update finished 
[SYS] 2025/04/22 - 07:38:01 | batch update started 
[SYS] 2025/04/22 - 07:38:01 | batch update finished 
[SYS] 2025/04/22 - 07:38:06 | batch update started 
[SYS] 2025/04/22 - 07:38:06 | batch update finished 
[SYS] 2025/04/22 - 07:38:11 | 任务进度轮询开始 
[SYS] 2025/04/22 - 07:38:11 | batch update started 
[SYS] 2025/04/22 - 07:38:11 | batch update finished 
[SYS] 2025/04/22 - 07:38:11 | 任务进度轮询完成 
[SYS] 2025/04/22 - 07:38:16 | batch update started 
[SYS] 2025/04/22 - 07:38:16 | batch update finished 
[SYS] 2025/04/22 - 07:38:18 | batch update started 
[SYS] 2025/04/22 - 07:38:18 | batch update finished 
[SYS] 2025/04/22 - 07:38:22 | 正在更新数据看板数据... 
[SYS] 2025/04/22 - 07:38:22 | 保存数据看板数据成功，共保存0条数据 
[SYS] 2025/04/22 - 07:38:22 | syncing options from database 
[SYS] 2025/04/22 - 07:38:22 | syncing channels from database 
[SYS] 2025/04/22 - 07:38:22 | channels synced from database 
[SYS] 2025/04/22 - 07:38:23 | batch update started 
[SYS] 2025/04/22 - 07:38:23 | batch update finished 
[SYS] 2025/04/22 - 07:38:23 | 任务进度轮询开始 
[SYS] 2025/04/22 - 07:38:23 | 任务进度轮询完成 
[SYS] 2025/04/22 - 07:38:28 | batch update started 
[SYS] 2025/04/22 - 07:38:28 | batch update finished 
[SYS] 2025/04/22 - 07:38:33 | batch update started 
[SYS] 2025/04/22 - 07:38:33 | batch update finished 
[SYS] 2025/04/22 - 07:38:38 | batch update started 
[SYS] 2025/04/22 - 07:38:38 | batch update finished 
[SYS] 2025/04/22 - 07:38:38 | 任务进度轮询开始 
[SYS] 2025/04/22 - 07:38:38 | 任务进度轮询完成 
[SYS] 2025/04/22 - 07:38:43 | batch update started 
[SYS] 2025/04/22 - 07:38:43 | batch update finished 
[SYS] 2025/04/22 - 07:38:46 | batch update started 
[SYS] 2025/04/22 - 07:38:46 | batch update finished 
[SYS] 2025/04/22 - 07:38:51 | batch update started 
[SYS] 2025/04/22 - 07:38:51 | batch update finished 
[SYS] 2025/04/22 - 07:38:51 | 任务进度轮询开始 
[SYS] 2025/04/22 - 07:38:51 | 任务进度轮询完成 
[SYS] 2025/04/22 - 07:38:56 | batch update started 
[SYS] 2025/04/22 - 07:38:56 | batch update finished 
[SYS] 2025/04/22 - 07:39:01 | batch update started 
[SYS] 2025/04/22 - 07:39:01 | batch update finished 
[SYS] 2025/04/22 - 07:39:06 | batch update started 
[SYS] 2025/04/22 - 07:39:06 | batch update finished 
[SYS] 2025/04/22 - 07:39:06 | 任务进度轮询开始 
[SYS] 2025/04/22 - 07:39:06 | 任务进度轮询完成 
[SYS] 2025/04/22 - 07:39:11 | batch update started 
[SYS] 2025/04/22 - 07:39:11 | batch update finished 
[SYS] 2025/04/22 - 07:39:13 | batch update started 
[SYS] 2025/04/22 - 07:39:13 | batch update finished 
[SYS] 2025/04/22 - 07:39:17 | syncing options from database 
[SYS] 2025/04/22 - 07:39:17 | syncing channels from database 
[SYS] 2025/04/22 - 07:39:17 | channels synced from database 
[SYS] 2025/04/22 - 07:39:18 | batch update started 
[SYS] 2025/04/22 - 07:39:18 | batch update finished 
[SYS] 2025/04/22 - 07:39:18 | 任务进度轮询开始 
[SYS] 2025/04/22 - 07:39:18 | 任务进度轮询完成 
[SYS] 2025/04/22 - 07:39:23 | batch update started 
[SYS] 2025/04/22 - 07:39:23 | batch update finished 
[SYS] 2025/04/22 - 07:39:28 | batch update started 
[SYS] 2025/04/22 - 07:39:28 | batch update finished 
[SYS] 2025/04/22 - 07:39:33 | batch update started 
[SYS] 2025/04/22 - 07:39:33 | batch update finished 
[SYS] 2025/04/22 - 07:39:33 | 任务进度轮询开始 
[SYS] 2025/04/22 - 07:39:33 | 任务进度轮询完成 
[SYS] 2025/04/22 - 07:39:38 | batch update started 
[SYS] 2025/04/22 - 07:39:38 | batch update finished 
[SYS] 2025/04/22 - 07:39:41 | batch update started 
[SYS] 2025/04/22 - 07:39:41 | batch update finished 
[SYS] 2025/04/22 - 07:39:46 | batch update started 
[SYS] 2025/04/22 - 07:39:46 | batch update finished 
[SYS] 2025/04/22 - 07:39:46 | 任务进度轮询开始 
[SYS] 2025/04/22 - 07:39:46 | 任务进度轮询完成 
[GIN] 2025/04/22 - 07:39:49 | 20250422073949323129469nvesqLgb | 200 |     3.64551ms | 2c0f:f5c0:431:9d1:5170:275b:a790:83dc |     GET /
[GIN] 2025/04/22 - 07:39:49 | 20250422073949753165559N4FqnxKd | 200 |    29.42082ms | 2c0f:f5c0:431:9d1:5170:275b:a790:83dc |     GET /assets/react-components-DISLlAMw.js
[GIN] 2025/04/22 - 07:39:49 | 20250422073949754235199RtMlXfeU | 200 |    47.52891ms | 2c0f:f5c0:431:9d1:5170:275b:a790:83dc |     GET /assets/tools-FUXlD4Je.js
[GIN] 2025/04/22 - 07:39:49 | 20250422073949724680839lO7Khmls | 200 |    98.06236ms | 2c0f:f5c0:431:9d1:5170:275b:a790:83dc |     GET /assets/index-BncI70Vm.js
[GIN] 2025/04/22 - 07:39:49 | 20250422073949924248779ZFiY2T1F | 200 |       9.438ms | 2c0f:f5c0:431:9d1:5170:275b:a790:83dc |     GET /assets/i18n-E6bLULwh.js
[GIN] 2025/04/22 - 07:39:50 | 20250422073949887771349MuxPHXpf | 200 |   118.06388ms | 2c0f:f5c0:431:9d1:5170:275b:a790:83dc |     GET /assets/react-core-DpH4LOSy.js
[GIN] 2025/04/22 - 07:39:50 | 202504220739498871642593FO6qo4E | 200 |   144.06095ms | 2c0f:f5c0:431:9d1:5170:275b:a790:83dc |     GET /assets/semi-ui-Jq3oSxx4.css
[GIN] 2025/04/22 - 07:39:50 | 20250422073949942465549B2HbdwDm | 200 |    92.96342ms | 2c0f:f5c0:431:9d1:5170:275b:a790:83dc |     GET /assets/semantic-8MbrlYMA.js
[GIN] 2025/04/22 - 07:39:50 | 20250422073949949980969gvfQ8zhr | 200 |   130.67769ms | 2c0f:f5c0:431:9d1:5170:275b:a790:83dc |     GET /assets/index-BxG0qqrS.css
[GIN] 2025/04/22 - 07:39:50 | 202504220739498993452190HCkNwWJ | 200 |   267.87717ms | 2c0f:f5c0:431:9d1:5170:275b:a790:83dc |     GET /assets/semi-ui-Cgg7RVCP.js
[SYS] 2025/04/22 - 07:39:51 | batch update started 
[SYS] 2025/04/22 - 07:39:51 | batch update finished 
[GIN] 2025/04/22 - 07:39:52 | 20250422073952956369409TZcZabhf | 200 |     1.87594ms | 2c0f:f5c0:431:9d1:5170:275b:a790:83dc |     GET /assets/index-DrRlZDr-.js
[GIN] 2025/04/22 - 07:39:52 | 20250422073952983539409ucyo8vX1 | 200 |     5.14404ms | 2c0f:f5c0:431:9d1:5170:275b:a790:83dc |     GET /assets/lato-v15-latin-bold-Dj654xud.woff2
[GIN] 2025/04/22 - 07:39:53 | 20250422073952994848839QD9dx136 | 200 |    16.53212ms | 2c0f:f5c0:431:9d1:5170:275b:a790:83dc |     GET /assets/lato-v15-latin-regular-CNtt3gFW.woff2
[GIN] 2025/04/22 - 07:39:53 | 20250422073953692130259Wmvxh9BC | 200 |     9.50378ms | 2c0f:f5c0:431:9d1:5170:275b:a790:83dc |     GET /api/status
[GIN] 2025/04/22 - 07:39:55 | 20250422073955680333949Po60AR9g | 200 |     1.23123ms | 2c0f:f5c0:431:9d1:5170:275b:a790:83dc |     GET /logo.png
[SYS] 2025/04/22 - 07:39:56 | batch update started 
[SYS] 2025/04/22 - 07:39:56 | batch update finished 
[SYS] 2025/04/22 - 07:40:01 | batch update started 
[SYS] 2025/04/22 - 07:40:01 | batch update finished 
[SYS] 2025/04/22 - 07:40:01 | 任务进度轮询开始 
[SYS] 2025/04/22 - 07:40:01 | 任务进度轮询完成 
[SYS] 2025/04/22 - 07:40:06 | batch update started 
[SYS] 2025/04/22 - 07:40:06 | batch update finished 
[SYS] 2025/04/22 - 07:40:08 | batch update started 
[SYS] 2025/04/22 - 07:40:08 | batch update finished 
[SYS] 2025/04/22 - 07:40:12 | syncing options from database 
[SYS] 2025/04/22 - 07:40:12 | syncing channels from database 
[SYS] 2025/04/22 - 07:40:12 | channels synced from database 
[SYS] 2025/04/22 - 07:40:13 | batch update started 
[SYS] 2025/04/22 - 07:40:13 | batch update finished 
[SYS] 2025/04/22 - 07:40:13 | 任务进度轮询开始 
[SYS] 2025/04/22 - 07:40:13 | 任务进度轮询完成 
[SYS] 2025/04/22 - 07:40:18 | batch update started 
[SYS] 2025/04/22 - 07:40:18 | batch update finished 
[SYS] 2025/04/22 - 07:40:23 | batch update started 
[SYS] 2025/04/22 - 07:40:23 | batch update finished 
[SYS] 2025/04/22 - 07:40:28 | batch update started 
[SYS] 2025/04/22 - 07:40:28 | batch update finished 
[SYS] 2025/04/22 - 07:40:28 | 任务进度轮询开始 
[SYS] 2025/04/22 - 07:40:28 | 任务进度轮询完成 
[SYS] 2025/04/22 - 07:40:33 | batch update started 
[SYS] 2025/04/22 - 07:40:33 | batch update finished 
[SYS] 2025/04/22 - 07:40:36 | batch update started 
[SYS] 2025/04/22 - 07:40:36 | batch update finished 
[SYS] 2025/04/22 - 07:40:41 | batch update started 
[SYS] 2025/04/22 - 07:40:41 | batch update finished 
[SYS] 2025/04/22 - 07:40:41 | 任务进度轮询开始 
[SYS] 2025/04/22 - 07:40:41 | 任务进度轮询完成 
[SYS] 2025/04/22 - 07:40:46 | batch update started 
[SYS] 2025/04/22 - 07:40:46 | batch update finished 
[SYS] 2025/04/22 - 07:40:51 | batch update started 
[SYS] 2025/04/22 - 07:40:51 | batch update finished 
[SYS] 2025/04/22 - 07:40:56 | batch update started 
[SYS] 2025/04/22 - 07:40:56 | batch update finished 
[SYS] 2025/04/22 - 07:40:56 | 任务进度轮询开始 
[SYS] 2025/04/22 - 07:40:56 | 任务进度轮询完成 
[SYS] 2025/04/22 - 07:41:01 | batch update started 
[SYS] 2025/04/22 - 07:41:01 | batch update finished 
[SYS] 2025/04/22 - 07:41:03 | batch update started 
[SYS] 2025/04/22 - 07:41:03 | batch update finished 
[SYS] 2025/04/22 - 07:41:07 | syncing options from database 
[SYS] 2025/04/22 - 07:41:07 | syncing channels from database 
[SYS] 2025/04/22 - 07:41:07 | channels synced from database 
[SYS] 2025/04/22 - 07:41:08 | batch update started 
[SYS] 2025/04/22 - 07:41:08 | batch update finished 
[SYS] 2025/04/22 - 07:41:08 | 任务进度轮询开始 
[SYS] 2025/04/22 - 07:41:08 | 任务进度轮询完成 
[SYS] 2025/04/22 - 07:41:13 | batch update started 
[SYS] 2025/04/22 - 07:41:13 | batch update finished 
[SYS] 2025/04/22 - 07:41:18 | batch update started 
[SYS] 2025/04/22 - 07:41:18 | batch update finished 
[SYS] 2025/04/22 - 07:41:23 | batch update started 
[SYS] 2025/04/22 - 07:41:23 | batch update finished 
[SYS] 2025/04/22 - 07:41:23 | 任务进度轮询开始 
[SYS] 2025/04/22 - 07:41:23 | 任务进度轮询完成 
[SYS] 2025/04/22 - 07:41:28 | batch update started 
[SYS] 2025/04/22 - 07:41:28 | batch update finished 
[SYS] 2025/04/22 - 07:41:31 | batch update started 
[SYS] 2025/04/22 - 07:41:31 | batch update finished 
[SYS] 2025/04/22 - 07:41:36 | batch update started 
[SYS] 2025/04/22 - 07:41:36 | batch update finished 
[SYS] 2025/04/22 - 07:41:36 | 任务进度轮询开始 
[SYS] 2025/04/22 - 07:41:36 | 任务进度轮询完成 
[SYS] 2025/04/22 - 07:41:41 | batch update started 
[SYS] 2025/04/22 - 07:41:41 | batch update finished 
[SYS] 2025/04/22 - 07:41:46 | batch update started 
[SYS] 2025/04/22 - 07:41:46 | batch update finished 
[SYS] 2025/04/22 - 07:41:51 | batch update started 
[SYS] 2025/04/22 - 07:41:51 | batch update finished 
[SYS] 2025/04/22 - 07:41:51 | 任务进度轮询开始 
[SYS] 2025/04/22 - 07:41:51 | 任务进度轮询完成 
[SYS] 2025/04/22 - 07:41:56 | batch update started 
[SYS] 2025/04/22 - 07:41:56 | batch update finished 
[SYS] 2025/04/22 - 07:42:00 | batch update started 
[SYS] 2025/04/22 - 07:42:00 | batch update finished 
[SYS] 2025/04/22 - 07:42:04 | syncing options from database 
[SYS] 2025/04/22 - 07:42:04 | syncing channels from database 
[SYS] 2025/04/22 - 07:42:04 | channels synced from database 
[SYS] 2025/04/22 - 07:42:05 | batch update started 
[SYS] 2025/04/22 - 07:42:05 | batch update finished 
[SYS] 2025/04/22 - 07:42:05 | 任务进度轮询开始 
[SYS] 2025/04/22 - 07:42:05 | 任务进度轮询完成 
[SYS] 2025/04/22 - 07:42:10 | batch update started 
[SYS] 2025/04/22 - 07:42:10 | batch update finished 
[SYS] 2025/04/22 - 07:42:12 | batch update started 
[SYS] 2025/04/22 - 07:42:12 | batch update finished 
[SYS] 2025/04/22 - 07:42:17 | batch update started 
[SYS] 2025/04/22 - 07:42:17 | batch update finished 
[SYS] 2025/04/22 - 07:42:17 | 任务进度轮询开始 
[SYS] 2025/04/22 - 07:42:17 | 任务进度轮询完成 
[SYS] 2025/04/22 - 07:42:22 | batch update started 
[SYS] 2025/04/22 - 07:42:22 | batch update finished 
[SYS] 2025/04/22 - 07:42:26 | batch update started 
[SYS] 2025/04/22 - 07:42:26 | batch update finished 
[SYS] 2025/04/22 - 07:42:31 | batch update started 
[SYS] 2025/04/22 - 07:42:31 | batch update finished 
[SYS] 2025/04/22 - 07:42:31 | 任务进度轮询开始 
[SYS] 2025/04/22 - 07:42:31 | 任务进度轮询完成 
[SYS] 2025/04/22 - 07:42:36 | batch update started 
[SYS] 2025/04/22 - 07:42:36 | batch update finished 
[SYS] 2025/04/22 - 07:42:41 | batch update started 
[SYS] 2025/04/22 - 07:42:41 | batch update finished 
[SYS] 2025/04/22 - 07:42:46 | batch update started 
[SYS] 2025/04/22 - 07:42:46 | batch update finished 
[SYS] 2025/04/22 - 07:42:46 | 任务进度轮询开始 
[SYS] 2025/04/22 - 07:42:46 | 任务进度轮询完成 
[SYS] 2025/04/22 - 07:42:51 | batch update started 
[SYS] 2025/04/22 - 07:42:51 | batch update finished 
[SYS] 2025/04/22 - 07:42:53 | batch update started 
[SYS] 2025/04/22 - 07:42:53 | batch update finished 
[SYS] 2025/04/22 - 07:42:57 | 正在更新数据看板数据... 
[SYS] 2025/04/22 - 07:42:57 | 保存数据看板数据成功，共保存0条数据 
[SYS] 2025/04/22 - 07:42:57 | testing all channels 
[SYS] 2025/04/22 - 07:42:57 | channel test finished 
[SYS] 2025/04/22 - 07:42:57 | syncing options from database 
[SYS] 2025/04/22 - 07:42:57 | syncing channels from database 
[SYS] 2025/04/22 - 07:42:57 | channels synced from database 
[SYS] 2025/04/22 - 07:42:58 | batch update started 
[SYS] 2025/04/22 - 07:42:58 | batch update finished 
[SYS] 2025/04/22 - 07:42:58 | 任务进度轮询开始 
[SYS] 2025/04/22 - 07:42:58 | 任务进度轮询完成 
[SYS] 2025/04/22 - 07:43:03 | batch update started 
[SYS] 2025/04/22 - 07:43:03 | batch update finished 
[SYS] 2025/04/22 - 07:43:08 | batch update started 
[SYS] 2025/04/22 - 07:43:08 | batch update finished 
[SYS] 2025/04/22 - 07:43:13 | batch update started 
[SYS] 2025/04/22 - 07:43:13 | batch update finished 
[SYS] 2025/04/22 - 07:43:13 | 任务进度轮询开始 
[SYS] 2025/04/22 - 07:43:13 | 任务进度轮询完成 
[SYS] 2025/04/22 - 07:43:18 | batch update started 
[SYS] 2025/04/22 - 07:43:18 | batch update finished 
[SYS] 2025/04/22 - 07:43:21 | batch update started 
[SYS] 2025/04/22 - 07:43:21 | batch update finished 
[SYS] 2025/04/22 - 07:43:26 | batch update started 
[SYS] 2025/04/22 - 07:43:26 | batch update finished 
[SYS] 2025/04/22 - 07:43:26 | 任务进度轮询开始 
[SYS] 2025/04/22 - 07:43:26 | 任务进度轮询完成 
[SYS] 2025/04/22 - 07:43:31 | batch update started 
[SYS] 2025/04/22 - 07:43:31 | batch update finished 
[SYS] 2025/04/22 - 07:43:36 | batch update started 
[SYS] 2025/04/22 - 07:43:36 | batch update finished 
[SYS] 2025/04/22 - 07:43:41 | batch update started 
[SYS] 2025/04/22 - 07:43:41 | batch update finished 
[SYS] 2025/04/22 - 07:43:41 | 任务进度轮询开始 
[SYS] 2025/04/22 - 07:43:41 | 任务进度轮询完成 
[SYS] 2025/04/22 - 07:43:46 | batch update started 
[SYS] 2025/04/22 - 07:43:46 | batch update finished 
[SYS] 2025/04/22 - 07:43:48 | batch update started 
[SYS] 2025/04/22 - 07:43:48 | batch update finished 
[SYS] 2025/04/22 - 07:43:52 | syncing options from database 
[SYS] 2025/04/22 - 07:43:52 | syncing channels from database 
[SYS] 2025/04/22 - 07:43:52 | channels synced from database 
[SYS] 2025/04/22 - 07:43:53 | batch update started 
[SYS] 2025/04/22 - 07:43:53 | batch update finished 
[SYS] 2025/04/22 - 07:43:53 | 任务进度轮询开始 
[SYS] 2025/04/22 - 07:43:53 | 任务进度轮询完成 
[SYS] 2025/04/22 - 07:43:58 | batch update started 
[SYS] 2025/04/22 - 07:43:58 | batch update finished 
[SYS] 2025/04/22 - 07:44:03 | batch update started 
[SYS] 2025/04/22 - 07:44:03 | batch update finished 
[SYS] 2025/04/22 - 07:44:08 | batch update started 
[SYS] 2025/04/22 - 07:44:08 | batch update finished 
[SYS] 2025/04/22 - 07:44:08 | 任务进度轮询开始 
[SYS] 2025/04/22 - 07:44:08 | 任务进度轮询完成 
[SYS] 2025/04/22 - 07:44:13 | batch update started 
[SYS] 2025/04/22 - 07:44:13 | batch update finished 
[SYS] 2025/04/22 - 07:44:16 | batch update started 
[SYS] 2025/04/22 - 07:44:16 | batch update finished 
[SYS] 2025/04/22 - 07:44:21 | batch update started 
[SYS] 2025/04/22 - 07:44:21 | batch update finished 
[SYS] 2025/04/22 - 07:44:21 | 任务进度轮询开始 
[SYS] 2025/04/22 - 07:44:21 | 任务进度轮询完成 
[SYS] 2025/04/22 - 07:44:26 | batch update started 
[SYS] 2025/04/22 - 07:44:26 | batch update finished 
[SYS] 2025/04/22 - 07:44:31 | batch update started 
[SYS] 2025/04/22 - 07:44:31 | batch update finished 
[SYS] 2025/04/22 - 07:44:36 | batch update started 
[SYS] 2025/04/22 - 07:44:36 | batch update finished 
[SYS] 2025/04/22 - 07:44:36 | 任务进度轮询开始 
[SYS] 2025/04/22 - 07:44:36 | 任务进度轮询完成 
[SYS] 2025/04/22 - 07:44:41 | batch update started 
[SYS] 2025/04/22 - 07:44:41 | batch update finished 
[SYS] 2025/04/22 - 07:44:43 | batch update started 
[SYS] 2025/04/22 - 07:44:43 | batch update finished 
[SYS] 2025/04/22 - 07:44:47 | syncing options from database 
[SYS] 2025/04/22 - 07:44:47 | syncing channels from database 
[SYS] 2025/04/22 - 07:44:47 | channels synced from database 
[SYS] 2025/04/22 - 07:44:48 | batch update started 
[SYS] 2025/04/22 - 07:44:48 | batch update finished 
[SYS] 2025/04/22 - 07:44:48 | 任务进度轮询开始 
[SYS] 2025/04/22 - 07:44:48 | 任务进度轮询完成 
[SYS] 2025/04/22 - 07:44:53 | batch update started 
[SYS] 2025/04/22 - 07:44:53 | batch update finished 
[SYS] 2025/04/22 - 07:44:58 | batch update started 
[SYS] 2025/04/22 - 07:44:58 | batch update finished 
[SYS] 2025/04/22 - 07:45:03 | batch update started 
[SYS] 2025/04/22 - 07:45:03 | batch update finished 
[SYS] 2025/04/22 - 07:45:03 | 任务进度轮询开始 
[SYS] 2025/04/22 - 07:45:03 | 任务进度轮询完成 
[SYS] 2025/04/22 - 07:45:08 | batch update started 
[SYS] 2025/04/22 - 07:45:08 | batch update finished 
[SYS] 2025/04/22 - 07:45:11 | batch update started 
[SYS] 2025/04/22 - 07:45:11 | batch update finished 
[SYS] 2025/04/22 - 07:45:16 | batch update started 
[SYS] 2025/04/22 - 07:45:16 | batch update finished 
[SYS] 2025/04/22 - 07:45:16 | 任务进度轮询开始 
[SYS] 2025/04/22 - 07:45:16 | 任务进度轮询完成 
[SYS] 2025/04/22 - 07:45:21 | batch update started 
[SYS] 2025/04/22 - 07:45:21 | batch update finished 
[SYS] 2025/04/22 - 07:45:26 | batch update started 
[SYS] 2025/04/22 - 07:45:26 | batch update finished 
[SYS] 2025/04/22 - 07:45:31 | batch update started 
[SYS] 2025/04/22 - 07:45:31 | batch update finished 
[SYS] 2025/04/22 - 07:45:31 | 任务进度轮询开始 
[SYS] 2025/04/22 - 07:45:31 | 任务进度轮询完成 
[SYS] 2025/04/22 - 07:45:36 | batch update started 
[SYS] 2025/04/22 - 07:45:36 | batch update finished 
[SYS] 2025/04/22 - 07:45:38 | batch update started 
[SYS] 2025/04/22 - 07:45:38 | batch update finished 
[SYS] 2025/04/22 - 07:45:42 | syncing options from database 
[SYS] 2025/04/22 - 07:45:42 | syncing channels from database 
[SYS] 2025/04/22 - 07:45:42 | channels synced from database 
[SYS] 2025/04/22 - 07:45:43 | batch update started 
[SYS] 2025/04/22 - 07:45:43 | batch update finished 
[SYS] 2025/04/22 - 07:45:43 | 任务进度轮询开始 
[SYS] 2025/04/22 - 07:45:43 | 任务进度轮询完成 
[SYS] 2025/04/22 - 07:45:48 | batch update started 
[SYS] 2025/04/22 - 07:45:48 | batch update finished 
[SYS] 2025/04/22 - 07:45:53 | batch update started 
[SYS] 2025/04/22 - 07:45:53 | batch update finished 
[SYS] 2025/04/22 - 07:45:58 | 任务进度轮询开始 
[SYS] 2025/04/22 - 07:45:58 | batch update started 
[SYS] 2025/04/22 - 07:45:58 | batch update finished 
[SYS] 2025/04/22 - 07:45:58 | 任务进度轮询完成 
[SYS] 2025/04/22 - 07:46:03 | batch update started 
[SYS] 2025/04/22 - 07:46:03 | batch update finished 
[SYS] 2025/04/22 - 07:46:05 | batch update started 
[SYS] 2025/04/22 - 07:46:05 | batch update finished 
[SYS] 2025/04/22 - 07:46:10 | 任务进度轮询开始 
[SYS] 2025/04/22 - 07:46:10 | batch update started 
[SYS] 2025/04/22 - 07:46:10 | batch update finished 
[SYS] 2025/04/22 - 07:46:10 | 任务进度轮询完成 
[SYS] 2025/04/22 - 07:46:15 | batch update started 
[SYS] 2025/04/22 - 07:46:15 | batch update finished 
[SYS] 2025/04/22 - 07:46:20 | batch update started 
[SYS] 2025/04/22 - 07:46:20 | batch update finished 
[SYS] 2025/04/22 - 07:46:25 | batch update started 
[SYS] 2025/04/22 - 07:46:25 | batch update finished 
[SYS] 2025/04/22 - 07:46:25 | 任务进度轮询开始 
[SYS] 2025/04/22 - 07:46:25 | 任务进度轮询完成 
[SYS] 2025/04/22 - 07:46:30 | batch update started 
[SYS] 2025/04/22 - 07:46:30 | batch update finished 
[SYS] 2025/04/22 - 07:46:33 | batch update started 
[SYS] 2025/04/22 - 07:46:33 | batch update finished 
[SYS] 2025/04/22 - 07:46:37 | syncing options from database 
[SYS] 2025/04/22 - 07:46:37 | syncing channels from database 
[SYS] 2025/04/22 - 07:46:37 | channels synced from database 
[SYS] 2025/04/22 - 07:46:38 | 任务进度轮询开始 
[SYS] 2025/04/22 - 07:46:38 | 任务进度轮询完成 
[SYS] 2025/04/22 - 07:46:38 | batch update started 
[SYS] 2025/04/22 - 07:46:38 | batch update finished 
[SYS] 2025/04/22 - 07:46:43 | batch update started 
[SYS] 2025/04/22 - 07:46:43 | batch update finished 
[SYS] 2025/04/22 - 07:46:48 | batch update started 
[SYS] 2025/04/22 - 07:46:48 | batch update finished 
[SYS] 2025/04/22 - 07:46:53 | 任务进度轮询开始 
[SYS] 2025/04/22 - 07:46:53 | 任务进度轮询完成 
[SYS] 2025/04/22 - 07:46:53 | batch update started 
[SYS] 2025/04/22 - 07:46:53 | batch update finished 
[SYS] 2025/04/22 - 07:46:58 | batch update started 
[SYS] 2025/04/22 - 07:46:58 | batch update finished 
[SYS] 2025/04/22 - 07:47:00 | batch update started 
[SYS] 2025/04/22 - 07:47:00 | batch update finished 
[SYS] 2025/04/22 - 07:47:05 | 任务进度轮询开始 
[SYS] 2025/04/22 - 07:47:05 | 任务进度轮询完成 
[SYS] 2025/04/22 - 07:47:05 | batch update started 
[SYS] 2025/04/22 - 07:47:05 | batch update finished 
[SYS] 2025/04/22 - 07:47:10 | batch update started 
[SYS] 2025/04/22 - 07:47:10 | batch update finished 
[SYS] 2025/04/22 - 07:47:15 | batch update started 
[SYS] 2025/04/22 - 07:47:15 | batch update finished 
[SYS] 2025/04/22 - 07:47:20 | 任务进度轮询开始 
[SYS] 2025/04/22 - 07:47:20 | batch update started 
[SYS] 2025/04/22 - 07:47:20 | batch update finished 
[SYS] 2025/04/22 - 07:47:21 | 任务进度轮询完成 
[SYS] 2025/04/22 - 07:47:25 | batch update started 
[SYS] 2025/04/22 - 07:47:25 | batch update finished 
[SYS] 2025/04/22 - 07:47:28 | batch update started 
[SYS] 2025/04/22 - 07:47:28 | batch update finished 
[SYS] 2025/04/22 - 07:47:32 | 正在更新数据看板数据... 
[SYS] 2025/04/22 - 07:47:32 | 保存数据看板数据成功，共保存0条数据 
[SYS] 2025/04/22 - 07:47:32 | syncing options from database 
[SYS] 2025/04/22 - 07:47:32 | syncing channels from database 
[SYS] 2025/04/22 - 07:47:32 | channels synced from database 
[SYS] 2025/04/22 - 07:47:33 | batch update started 
[SYS] 2025/04/22 - 07:47:33 | batch update finished 
[SYS] 2025/04/22 - 07:47:33 | 任务进度轮询开始 
[SYS] 2025/04/22 - 07:47:33 | 任务进度轮询完成 
[SYS] 2025/04/22 - 07:47:38 | batch update started 
[SYS] 2025/04/22 - 07:47:38 | batch update finished 
[SYS] 2025/04/22 - 07:47:43 | batch update started 
[SYS] 2025/04/22 - 07:47:43 | batch update finished 
[SYS] 2025/04/22 - 07:47:48 | batch update started 
[SYS] 2025/04/22 - 07:47:48 | batch update finished 
[SYS] 2025/04/22 - 07:47:48 | 任务进度轮询开始 
[SYS] 2025/04/22 - 07:47:48 | 任务进度轮询完成 
[SYS] 2025/04/22 - 07:47:53 | batch update started 
[SYS] 2025/04/22 - 07:47:53 | batch update finished 
[SYS] 2025/04/22 - 07:47:56 | batch update started 
[SYS] 2025/04/22 - 07:47:56 | batch update finished 
[SYS] 2025/04/22 - 07:48:01 | batch update started 
[SYS] 2025/04/22 - 07:48:01 | batch update finished 
[SYS] 2025/04/22 - 07:48:01 | 任务进度轮询开始 
[SYS] 2025/04/22 - 07:48:01 | 任务进度轮询完成 
[SYS] 2025/04/22 - 07:48:06 | batch update started 
[SYS] 2025/04/22 - 07:48:06 | batch update finished 
