[SYS] 2025/04/22 - 06:34:20 | New API  started 
[SYS] 2025/04/22 - 06:34:20 | using MySQL as database 
[SYS] 2025/04/22 - 06:34:21 | database migration started 
[SYS] 2025/04/22 - 06:34:21 | database migrated 
[SYS] 2025/04/22 - 06:34:21 | Redis is enabled 
[SYS] 2025/04/22 - 06:34:21 | memory cache enabled 
[SYS] 2025/04/22 - 06:34:21 | sync frequency: 60 seconds 
[SYS] 2025/04/22 - 06:34:21 | channels synced from database 
[SYS] 2025/04/22 - 06:34:21 | 正在更新数据看板数据... 
[SYS] 2025/04/22 - 06:34:21 | 保存数据看板数据成功，共保存0条数据 
[SYS] 2025/04/22 - 06:34:21 | batch update enabled with interval 5s 
[SYS] 2025/04/22 - 06:34:21 | pprof enabled 
[SYS] 2025/04/22 - 06:34:21 | initializing token encoders 
[SYS] 2025/04/22 - 06:34:26 | batch update started 
[SYS] 2025/04/22 - 06:34:26 | batch update finished 
[SYS] 2025/04/22 - 06:34:28 | token encoders initialized 
[SYS] 2025/04/22 - 06:34:28 | FRONTEND_BASE_URL is ignored on master node 
[SYS] 2025/04/22 - 06:34:31 | batch update started 
[SYS] 2025/04/22 - 06:34:31 | batch update finished 
[SYS] 2025/04/22 - 06:34:36 | batch update started 
[SYS] 2025/04/22 - 06:34:36 | batch update finished 
[SYS] 2025/04/22 - 06:34:36 | 任务进度轮询开始 
[SYS] 2025/04/22 - 06:34:36 | 任务进度轮询完成 
[SYS] 2025/04/22 - 06:34:41 | batch update started 
[SYS] 2025/04/22 - 06:34:41 | batch update finished 
[SYS] 2025/04/22 - 06:34:44 | batch update started 
[SYS] 2025/04/22 - 06:34:44 | batch update finished 
[SYS] 2025/04/22 - 06:34:49 | 任务进度轮询开始 
[SYS] 2025/04/22 - 06:34:49 | batch update started 
[SYS] 2025/04/22 - 06:34:49 | batch update finished 
[SYS] 2025/04/22 - 06:34:49 | 任务进度轮询完成 
[SYS] 2025/04/22 - 06:34:54 | batch update started 
[SYS] 2025/04/22 - 06:34:54 | batch update finished 
[SYS] 2025/04/22 - 06:34:59 | batch update started 
[SYS] 2025/04/22 - 06:34:59 | batch update finished 
[SYS] 2025/04/22 - 06:35:04 | batch update started 
[SYS] 2025/04/22 - 06:35:04 | batch update finished 
[SYS] 2025/04/22 - 06:35:04 | 任务进度轮询开始 
[SYS] 2025/04/22 - 06:35:04 | 任务进度轮询完成 
[SYS] 2025/04/22 - 06:35:09 | batch update started 
[SYS] 2025/04/22 - 06:35:09 | batch update finished 
[SYS] 2025/04/22 - 06:35:11 | batch update started 
[SYS] 2025/04/22 - 06:35:11 | batch update finished 
[SYS] 2025/04/22 - 06:35:16 | syncing channels from database 
[SYS] 2025/04/22 - 06:35:16 | syncing options from database 
[SYS] 2025/04/22 - 06:35:16 | channels synced from database 
[SYS] 2025/04/22 - 06:35:16 | 任务进度轮询开始 
[SYS] 2025/04/22 - 06:35:16 | 任务进度轮询完成 
[SYS] 2025/04/22 - 06:35:16 | batch update started 
[SYS] 2025/04/22 - 06:35:16 | batch update finished 
[SYS] 2025/04/22 - 06:35:21 | batch update started 
[SYS] 2025/04/22 - 06:35:21 | batch update finished 
[SYS] 2025/04/22 - 06:35:26 | batch update started 
[SYS] 2025/04/22 - 06:35:26 | batch update finished 
[SYS] 2025/04/22 - 06:35:31 | 任务进度轮询开始 
[SYS] 2025/04/22 - 06:35:31 | 任务进度轮询完成 
[SYS] 2025/04/22 - 06:35:31 | batch update started 
[SYS] 2025/04/22 - 06:35:31 | batch update finished 
[SYS] 2025/04/22 - 06:35:36 | batch update started 
[SYS] 2025/04/22 - 06:35:36 | batch update finished 
[SYS] 2025/04/22 - 06:35:39 | batch update started 
[SYS] 2025/04/22 - 06:35:39 | batch update finished 
[SYS] 2025/04/22 - 06:35:44 | 任务进度轮询开始 
[SYS] 2025/04/22 - 06:35:44 | 任务进度轮询完成 
[SYS] 2025/04/22 - 06:35:44 | batch update started 
[SYS] 2025/04/22 - 06:35:44 | batch update finished 
[SYS] 2025/04/22 - 06:35:49 | batch update started 
[SYS] 2025/04/22 - 06:35:49 | batch update finished 
[SYS] 2025/04/22 - 06:35:54 | batch update started 
[SYS] 2025/04/22 - 06:35:54 | batch update finished 
[SYS] 2025/04/22 - 06:35:59 | 任务进度轮询开始 
[SYS] 2025/04/22 - 06:35:59 | 任务进度轮询完成 
[SYS] 2025/04/22 - 06:35:59 | batch update started 
[SYS] 2025/04/22 - 06:35:59 | batch update finished 
[SYS] 2025/04/22 - 06:36:04 | batch update started 
[SYS] 2025/04/22 - 06:36:04 | batch update finished 
[SYS] 2025/04/22 - 06:36:06 | batch update started 
[SYS] 2025/04/22 - 06:36:06 | batch update finished 
[SYS] 2025/04/22 - 06:36:11 | syncing channels from database 
[SYS] 2025/04/22 - 06:36:11 | channels synced from database 
[SYS] 2025/04/22 - 06:36:11 | syncing options from database 
[SYS] 2025/04/22 - 06:36:11 | 任务进度轮询开始 
[SYS] 2025/04/22 - 06:36:11 | 任务进度轮询完成 
[SYS] 2025/04/22 - 06:36:11 | batch update started 
[SYS] 2025/04/22 - 06:36:11 | batch update finished 
[SYS] 2025/04/22 - 06:36:16 | batch update started 
[SYS] 2025/04/22 - 06:36:16 | batch update finished 
[SYS] 2025/04/22 - 06:36:21 | batch update started 
[SYS] 2025/04/22 - 06:36:21 | batch update finished 
[SYS] 2025/04/22 - 06:36:26 | 任务进度轮询开始 
[SYS] 2025/04/22 - 06:36:26 | 任务进度轮询完成 
[SYS] 2025/04/22 - 06:36:26 | batch update started 
[SYS] 2025/04/22 - 06:36:26 | batch update finished 
[SYS] 2025/04/22 - 06:36:30 | batch update started 
[SYS] 2025/04/22 - 06:36:30 | batch update finished 
[SYS] 2025/04/22 - 06:36:34 | batch update started 
[SYS] 2025/04/22 - 06:36:34 | batch update finished 
[SYS] 2025/04/22 - 06:36:39 | 任务进度轮询开始 
[SYS] 2025/04/22 - 06:36:39 | 任务进度轮询完成 
[SYS] 2025/04/22 - 06:36:39 | batch update started 
[SYS] 2025/04/22 - 06:36:39 | batch update finished 
[SYS] 2025/04/22 - 06:36:44 | batch update started 
[SYS] 2025/04/22 - 06:36:44 | batch update finished 
[SYS] 2025/04/22 - 06:36:49 | batch update started 
[SYS] 2025/04/22 - 06:36:49 | batch update finished 
[SYS] 2025/04/22 - 06:36:54 | 任务进度轮询开始 
[SYS] 2025/04/22 - 06:36:54 | batch update started 
[SYS] 2025/04/22 - 06:36:54 | batch update finished 
[SYS] 2025/04/22 - 06:36:54 | 任务进度轮询完成 
[SYS] 2025/04/22 - 06:36:58 | batch update started 
[SYS] 2025/04/22 - 06:36:58 | batch update finished 
[SYS] 2025/04/22 - 06:37:01 | batch update started 
[SYS] 2025/04/22 - 06:37:01 | batch update finished 
[SYS] 2025/04/22 - 06:37:06 | syncing channels from database 
[SYS] 2025/04/22 - 06:37:06 | syncing options from database 
[SYS] 2025/04/22 - 06:37:06 | channels synced from database 
[SYS] 2025/04/22 - 06:37:06 | batch update started 
[SYS] 2025/04/22 - 06:37:06 | batch update finished 
[SYS] 2025/04/22 - 06:37:06 | 任务进度轮询开始 
[SYS] 2025/04/22 - 06:37:06 | 任务进度轮询完成 
[SYS] 2025/04/22 - 06:37:11 | batch update started 
[SYS] 2025/04/22 - 06:37:11 | batch update finished 
[SYS] 2025/04/22 - 06:37:16 | batch update started 
[SYS] 2025/04/22 - 06:37:16 | batch update finished 
[SYS] 2025/04/22 - 06:37:21 | batch update started 
[SYS] 2025/04/22 - 06:37:21 | batch update finished 
[SYS] 2025/04/22 - 06:37:21 | 任务进度轮询开始 
[SYS] 2025/04/22 - 06:37:21 | 任务进度轮询完成 
[SYS] 2025/04/22 - 06:37:25 | batch update started 
[SYS] 2025/04/22 - 06:37:25 | batch update finished 
[SYS] 2025/04/22 - 06:37:29 | batch update started 
[SYS] 2025/04/22 - 06:37:29 | batch update finished 
[SYS] 2025/04/22 - 06:37:34 | batch update started 
[SYS] 2025/04/22 - 06:37:34 | batch update finished 
[SYS] 2025/04/22 - 06:37:34 | 任务进度轮询开始 
[SYS] 2025/04/22 - 06:37:34 | 任务进度轮询完成 
[SYS] 2025/04/22 - 06:37:39 | batch update started 
[SYS] 2025/04/22 - 06:37:39 | batch update finished 
[SYS] 2025/04/22 - 06:37:44 | batch update started 
[SYS] 2025/04/22 - 06:37:44 | batch update finished 
[SYS] 2025/04/22 - 06:37:49 | batch update started 
[SYS] 2025/04/22 - 06:37:49 | batch update finished 
[SYS] 2025/04/22 - 06:37:49 | 任务进度轮询开始 
[SYS] 2025/04/22 - 06:37:49 | 任务进度轮询完成 
[SYS] 2025/04/22 - 06:37:53 | batch update started 
[SYS] 2025/04/22 - 06:37:53 | batch update finished 
[SYS] 2025/04/22 - 06:37:56 | batch update started 
[SYS] 2025/04/22 - 06:37:56 | batch update finished 
[SYS] 2025/04/22 - 06:38:01 | syncing options from database 
[SYS] 2025/04/22 - 06:38:01 | syncing channels from database 
[SYS] 2025/04/22 - 06:38:01 | channels synced from database 
[SYS] 2025/04/22 - 06:38:01 | batch update started 
[SYS] 2025/04/22 - 06:38:01 | batch update finished 
[SYS] 2025/04/22 - 06:38:01 | 任务进度轮询开始 
[SYS] 2025/04/22 - 06:38:01 | 任务进度轮询完成 
[SYS] 2025/04/22 - 06:38:06 | batch update started 
[SYS] 2025/04/22 - 06:38:06 | batch update finished 
[SYS] 2025/04/22 - 06:38:11 | batch update started 
[SYS] 2025/04/22 - 06:38:11 | batch update finished 
[SYS] 2025/04/22 - 06:38:16 | batch update started 
[SYS] 2025/04/22 - 06:38:16 | batch update finished 
[SYS] 2025/04/22 - 06:38:16 | 任务进度轮询开始 
[SYS] 2025/04/22 - 06:38:16 | 任务进度轮询完成 
[SYS] 2025/04/22 - 06:38:20 | batch update started 
[SYS] 2025/04/22 - 06:38:20 | batch update finished 
[SYS] 2025/04/22 - 06:38:24 | batch update started 
[SYS] 2025/04/22 - 06:38:24 | batch update finished 
[SYS] 2025/04/22 - 06:38:29 | batch update started 
[SYS] 2025/04/22 - 06:38:29 | batch update finished 
[SYS] 2025/04/22 - 06:38:29 | 任务进度轮询开始 
[SYS] 2025/04/22 - 06:38:29 | 任务进度轮询完成 
[SYS] 2025/04/22 - 06:38:34 | batch update started 
[SYS] 2025/04/22 - 06:38:34 | batch update finished 
[SYS] 2025/04/22 - 06:38:39 | batch update started 
[SYS] 2025/04/22 - 06:38:39 | batch update finished 
[SYS] 2025/04/22 - 06:38:44 | batch update started 
[SYS] 2025/04/22 - 06:38:44 | batch update finished 
[SYS] 2025/04/22 - 06:38:44 | 任务进度轮询开始 
[SYS] 2025/04/22 - 06:38:44 | 任务进度轮询完成 
[SYS] 2025/04/22 - 06:38:48 | batch update started 
[SYS] 2025/04/22 - 06:38:48 | batch update finished 
[SYS] 2025/04/22 - 06:38:51 | batch update started 
[SYS] 2025/04/22 - 06:38:51 | batch update finished 
[SYS] 2025/04/22 - 06:38:56 | 正在更新数据看板数据... 
[SYS] 2025/04/22 - 06:38:56 | 保存数据看板数据成功，共保存0条数据 
[SYS] 2025/04/22 - 06:38:56 | syncing options from database 
[SYS] 2025/04/22 - 06:38:56 | syncing channels from database 
[SYS] 2025/04/22 - 06:38:56 | channels synced from database 
[SYS] 2025/04/22 - 06:38:56 | batch update started 
[SYS] 2025/04/22 - 06:38:56 | batch update finished 
[SYS] 2025/04/22 - 06:38:56 | 任务进度轮询开始 
[SYS] 2025/04/22 - 06:38:56 | 任务进度轮询完成 
[SYS] 2025/04/22 - 06:39:01 | batch update started 
[SYS] 2025/04/22 - 06:39:01 | batch update finished 
[SYS] 2025/04/22 - 06:39:06 | batch update started 
[SYS] 2025/04/22 - 06:39:06 | batch update finished 
[SYS] 2025/04/22 - 06:39:11 | batch update started 
[SYS] 2025/04/22 - 06:39:11 | batch update finished 
[SYS] 2025/04/22 - 06:39:11 | 任务进度轮询开始 
[SYS] 2025/04/22 - 06:39:11 | 任务进度轮询完成 
[SYS] 2025/04/22 - 06:39:15 | batch update started 
[SYS] 2025/04/22 - 06:39:15 | batch update finished 
[SYS] 2025/04/22 - 06:39:18 | batch update started 
[SYS] 2025/04/22 - 06:39:18 | batch update finished 
[SYS] 2025/04/22 - 06:39:23 | batch update started 
[SYS] 2025/04/22 - 06:39:23 | batch update finished 
[SYS] 2025/04/22 - 06:39:23 | 任务进度轮询开始 
[SYS] 2025/04/22 - 06:39:23 | 任务进度轮询完成 
[SYS] 2025/04/22 - 06:39:28 | batch update started 
[SYS] 2025/04/22 - 06:39:28 | batch update finished 
[SYS] 2025/04/22 - 06:39:33 | batch update started 
[SYS] 2025/04/22 - 06:39:33 | batch update finished 
[SYS] 2025/04/22 - 06:39:38 | batch update started 
[SYS] 2025/04/22 - 06:39:38 | batch update finished 
[SYS] 2025/04/22 - 06:39:38 | 任务进度轮询开始 
[SYS] 2025/04/22 - 06:39:38 | 任务进度轮询完成 
[SYS] 2025/04/22 - 06:39:43 | batch update started 
[SYS] 2025/04/22 - 06:39:43 | batch update finished 
[SYS] 2025/04/22 - 06:39:46 | batch update started 
[SYS] 2025/04/22 - 06:39:46 | batch update finished 
[SYS] 2025/04/22 - 06:39:51 | syncing options from database 
[SYS] 2025/04/22 - 06:39:51 | syncing channels from database 
[SYS] 2025/04/22 - 06:39:51 | channels synced from database 
[SYS] 2025/04/22 - 06:39:51 | batch update started 
[SYS] 2025/04/22 - 06:39:51 | batch update finished 
[SYS] 2025/04/22 - 06:39:51 | 任务进度轮询开始 
[SYS] 2025/04/22 - 06:39:51 | 任务进度轮询完成 
[SYS] 2025/04/22 - 06:39:56 | batch update started 
[SYS] 2025/04/22 - 06:39:56 | batch update finished 
[SYS] 2025/04/22 - 06:40:01 | batch update started 
[SYS] 2025/04/22 - 06:40:01 | batch update finished 
[SYS] 2025/04/22 - 06:40:06 | batch update started 
[SYS] 2025/04/22 - 06:40:06 | batch update finished 
[SYS] 2025/04/22 - 06:40:06 | 任务进度轮询开始 
[SYS] 2025/04/22 - 06:40:06 | 任务进度轮询完成 
[SYS] 2025/04/22 - 06:40:10 | batch update started 
[SYS] 2025/04/22 - 06:40:10 | batch update finished 
[SYS] 2025/04/22 - 06:40:13 | batch update started 
[SYS] 2025/04/22 - 06:40:13 | batch update finished 
[SYS] 2025/04/22 - 06:40:18 | 任务进度轮询开始 
[SYS] 2025/04/22 - 06:40:18 | batch update started 
[SYS] 2025/04/22 - 06:40:18 | batch update finished 
[SYS] 2025/04/22 - 06:40:18 | 任务进度轮询完成 
[SYS] 2025/04/22 - 06:40:23 | batch update started 
[SYS] 2025/04/22 - 06:40:23 | batch update finished 
[SYS] 2025/04/22 - 06:40:28 | batch update started 
[SYS] 2025/04/22 - 06:40:28 | batch update finished 
[SYS] 2025/04/22 - 06:40:33 | 任务进度轮询开始 
[SYS] 2025/04/22 - 06:40:33 | 任务进度轮询完成 
[SYS] 2025/04/22 - 06:40:33 | batch update started 
[SYS] 2025/04/22 - 06:40:33 | batch update finished 
[SYS] 2025/04/22 - 06:40:37 | batch update started 
[SYS] 2025/04/22 - 06:40:37 | batch update finished 
[SYS] 2025/04/22 - 06:40:41 | batch update started 
[SYS] 2025/04/22 - 06:40:41 | batch update finished 
[SYS] 2025/04/22 - 06:40:45 | syncing options from database 
[SYS] 2025/04/22 - 06:40:45 | syncing channels from database 
[SYS] 2025/04/22 - 06:40:45 | channels synced from database 
[SYS] 2025/04/22 - 06:40:46 | 任务进度轮询开始 
[SYS] 2025/04/22 - 06:40:46 | 任务进度轮询完成 
[SYS] 2025/04/22 - 06:40:46 | batch update started 
[SYS] 2025/04/22 - 06:40:46 | batch update finished 
[SYS] 2025/04/22 - 06:40:51 | batch update started 
[SYS] 2025/04/22 - 06:40:51 | batch update finished 
[SYS] 2025/04/22 - 06:40:56 | batch update started 
[SYS] 2025/04/22 - 06:40:56 | batch update finished 
[SYS] 2025/04/22 - 06:41:01 | 任务进度轮询开始 
[SYS] 2025/04/22 - 06:41:01 | 任务进度轮询完成 
[SYS] 2025/04/22 - 06:41:01 | batch update started 
[SYS] 2025/04/22 - 06:41:01 | batch update finished 
[SYS] 2025/04/22 - 06:41:05 | batch update started 
[SYS] 2025/04/22 - 06:41:05 | batch update finished 
[SYS] 2025/04/22 - 06:41:08 | batch update started 
[SYS] 2025/04/22 - 06:41:08 | batch update finished 
[SYS] 2025/04/22 - 06:41:13 | 任务进度轮询开始 
[SYS] 2025/04/22 - 06:41:13 | 任务进度轮询完成 
[SYS] 2025/04/22 - 06:41:13 | batch update started 
[SYS] 2025/04/22 - 06:41:13 | batch update finished 
[SYS] 2025/04/22 - 06:41:18 | batch update started 
[SYS] 2025/04/22 - 06:41:18 | batch update finished 
[SYS] 2025/04/22 - 06:41:23 | batch update started 
[SYS] 2025/04/22 - 06:41:23 | batch update finished 
[SYS] 2025/04/22 - 06:41:28 | 任务进度轮询开始 
[SYS] 2025/04/22 - 06:41:28 | 任务进度轮询完成 
[SYS] 2025/04/22 - 06:41:28 | batch update started 
[SYS] 2025/04/22 - 06:41:28 | batch update finished 
[SYS] 2025/04/22 - 06:41:32 | batch update started 
[SYS] 2025/04/22 - 06:41:32 | batch update finished 
[SYS] 2025/04/22 - 06:41:36 | batch update started 
[SYS] 2025/04/22 - 06:41:36 | batch update finished 
[SYS] 2025/04/22 - 06:41:40 | syncing options from database 
[SYS] 2025/04/22 - 06:41:40 | syncing channels from database 
[SYS] 2025/04/22 - 06:41:40 | channels synced from database 
[SYS] 2025/04/22 - 06:41:41 | 任务进度轮询开始 
[SYS] 2025/04/22 - 06:41:41 | 任务进度轮询完成 
[SYS] 2025/04/22 - 06:41:41 | batch update started 
[SYS] 2025/04/22 - 06:41:41 | batch update finished 
[SYS] 2025/04/22 - 06:41:46 | batch update started 
[SYS] 2025/04/22 - 06:41:46 | batch update finished 
[SYS] 2025/04/22 - 06:41:51 | batch update started 
[SYS] 2025/04/22 - 06:41:51 | batch update finished 
[SYS] 2025/04/22 - 06:41:56 | 任务进度轮询开始 
[SYS] 2025/04/22 - 06:41:56 | 任务进度轮询完成 
[SYS] 2025/04/22 - 06:41:56 | batch update started 
[SYS] 2025/04/22 - 06:41:56 | batch update finished 
[SYS] 2025/04/22 - 06:42:00 | batch update started 
[SYS] 2025/04/22 - 06:42:00 | batch update finished 
[SYS] 2025/04/22 - 06:42:03 | batch update started 
[SYS] 2025/04/22 - 06:42:03 | batch update finished 
[SYS] 2025/04/22 - 06:42:08 | 任务进度轮询开始 
[SYS] 2025/04/22 - 06:42:08 | 任务进度轮询完成 
[SYS] 2025/04/22 - 06:42:08 | batch update started 
[SYS] 2025/04/22 - 06:42:08 | batch update finished 
[SYS] 2025/04/22 - 06:42:13 | batch update started 
[SYS] 2025/04/22 - 06:42:13 | batch update finished 
[SYS] 2025/04/22 - 06:42:18 | batch update started 
[SYS] 2025/04/22 - 06:42:18 | batch update finished 
[SYS] 2025/04/22 - 06:42:23 | 任务进度轮询开始 
[SYS] 2025/04/22 - 06:42:23 | 任务进度轮询完成 
[SYS] 2025/04/22 - 06:42:23 | batch update started 
[SYS] 2025/04/22 - 06:42:23 | batch update finished 
[SYS] 2025/04/22 - 06:42:27 | batch update started 
[SYS] 2025/04/22 - 06:42:27 | batch update finished 
[SYS] 2025/04/22 - 06:42:30 | batch update started 
[SYS] 2025/04/22 - 06:42:30 | batch update finished 
[SYS] 2025/04/22 - 06:42:35 | syncing options from database 
[SYS] 2025/04/22 - 06:42:35 | syncing channels from database 
[SYS] 2025/04/22 - 06:42:35 | channels synced from database 
[SYS] 2025/04/22 - 06:42:35 | 任务进度轮询开始 
[SYS] 2025/04/22 - 06:42:35 | 任务进度轮询完成 
[SYS] 2025/04/22 - 06:42:35 | batch update started 
[SYS] 2025/04/22 - 06:42:35 | batch update finished 
[SYS] 2025/04/22 - 06:42:40 | batch update started 
[SYS] 2025/04/22 - 06:42:40 | batch update finished 
[SYS] 2025/04/22 - 06:42:45 | batch update started 
[SYS] 2025/04/22 - 06:42:45 | batch update finished 
[SYS] 2025/04/22 - 06:42:50 | 任务进度轮询开始 
[SYS] 2025/04/22 - 06:42:50 | 任务进度轮询完成 
[SYS] 2025/04/22 - 06:42:50 | batch update started 
[SYS] 2025/04/22 - 06:42:50 | batch update finished 
[SYS] 2025/04/22 - 06:42:55 | batch update started 
[SYS] 2025/04/22 - 06:42:55 | batch update finished 
[SYS] 2025/04/22 - 06:42:58 | batch update started 
[SYS] 2025/04/22 - 06:42:58 | batch update finished 
[SYS] 2025/04/22 - 06:43:03 | 任务进度轮询开始 
[SYS] 2025/04/22 - 06:43:03 | 任务进度轮询完成 
[SYS] 2025/04/22 - 06:43:03 | batch update started 
[SYS] 2025/04/22 - 06:43:03 | batch update finished 
[SYS] 2025/04/22 - 06:43:08 | batch update started 
[SYS] 2025/04/22 - 06:43:08 | batch update finished 
[SYS] 2025/04/22 - 06:43:13 | batch update started 
[SYS] 2025/04/22 - 06:43:13 | batch update finished 
[SYS] 2025/04/22 - 06:43:18 | 任务进度轮询开始 
[SYS] 2025/04/22 - 06:43:18 | 任务进度轮询完成 
[SYS] 2025/04/22 - 06:43:18 | batch update started 
[SYS] 2025/04/22 - 06:43:18 | batch update finished 
[SYS] 2025/04/22 - 06:43:22 | batch update started 
[SYS] 2025/04/22 - 06:43:22 | batch update finished 
[SYS] 2025/04/22 - 06:43:25 | batch update started 
[SYS] 2025/04/22 - 06:43:25 | batch update finished 
[SYS] 2025/04/22 - 06:43:30 | 正在更新数据看板数据... 
[SYS] 2025/04/22 - 06:43:30 | 保存数据看板数据成功，共保存0条数据 
[SYS] 2025/04/22 - 06:43:30 | testing all channels 
[SYS] 2025/04/22 - 06:43:30 | channel test finished 
[SYS] 2025/04/22 - 06:43:30 | syncing options from database 
[SYS] 2025/04/22 - 06:43:30 | syncing channels from database 
[SYS] 2025/04/22 - 06:43:30 | channels synced from database 
[SYS] 2025/04/22 - 06:43:30 | 任务进度轮询开始 
[SYS] 2025/04/22 - 06:43:30 | 任务进度轮询完成 
[SYS] 2025/04/22 - 06:43:30 | batch update started 
[SYS] 2025/04/22 - 06:43:30 | batch update finished 
[SYS] 2025/04/22 - 06:43:35 | batch update started 
[SYS] 2025/04/22 - 06:43:35 | batch update finished 
[SYS] 2025/04/22 - 06:43:40 | batch update started 
[SYS] 2025/04/22 - 06:43:40 | batch update finished 
[SYS] 2025/04/22 - 06:43:45 | 任务进度轮询开始 
[SYS] 2025/04/22 - 06:43:45 | 任务进度轮询完成 
[SYS] 2025/04/22 - 06:43:45 | batch update started 
[SYS] 2025/04/22 - 06:43:45 | batch update finished 
[SYS] 2025/04/22 - 06:43:48 | batch update started 
[SYS] 2025/04/22 - 06:43:48 | batch update finished 
[SYS] 2025/04/22 - 06:43:53 | batch update started 
[SYS] 2025/04/22 - 06:43:53 | batch update finished 
[SYS] 2025/04/22 - 06:43:58 | 任务进度轮询开始 
[SYS] 2025/04/22 - 06:43:58 | 任务进度轮询完成 
[SYS] 2025/04/22 - 06:43:58 | batch update started 
[SYS] 2025/04/22 - 06:43:58 | batch update finished 
[SYS] 2025/04/22 - 06:44:03 | batch update started 
[SYS] 2025/04/22 - 06:44:03 | batch update finished 
[SYS] 2025/04/22 - 06:44:08 | batch update started 
[SYS] 2025/04/22 - 06:44:08 | batch update finished 
[SYS] 2025/04/22 - 06:44:13 | 任务进度轮询开始 
[SYS] 2025/04/22 - 06:44:13 | 任务进度轮询完成 
[SYS] 2025/04/22 - 06:44:13 | batch update started 
[SYS] 2025/04/22 - 06:44:13 | batch update finished 
[SYS] 2025/04/22 - 06:44:17 | batch update started 
[SYS] 2025/04/22 - 06:44:17 | batch update finished 
[SYS] 2025/04/22 - 06:44:20 | batch update started 
[SYS] 2025/04/22 - 06:44:20 | batch update finished 
[SYS] 2025/04/22 - 06:44:25 | syncing options from database 
[SYS] 2025/04/22 - 06:44:25 | syncing channels from database 
[SYS] 2025/04/22 - 06:44:25 | channels synced from database 
[SYS] 2025/04/22 - 06:44:25 | 任务进度轮询开始 
[SYS] 2025/04/22 - 06:44:25 | 任务进度轮询完成 
[SYS] 2025/04/22 - 06:44:25 | batch update started 
[SYS] 2025/04/22 - 06:44:25 | batch update finished 
[SYS] 2025/04/22 - 06:44:30 | batch update started 
[SYS] 2025/04/22 - 06:44:30 | batch update finished 
[SYS] 2025/04/22 - 06:44:35 | batch update started 
[SYS] 2025/04/22 - 06:44:35 | batch update finished 
[SYS] 2025/04/22 - 06:44:40 | 任务进度轮询开始 
[SYS] 2025/04/22 - 06:44:40 | 任务进度轮询完成 
[SYS] 2025/04/22 - 06:44:40 | batch update started 
[SYS] 2025/04/22 - 06:44:40 | batch update finished 
[SYS] 2025/04/22 - 06:44:43 | batch update started 
[SYS] 2025/04/22 - 06:44:43 | batch update finished 
[SYS] 2025/04/22 - 06:44:48 | batch update started 
[SYS] 2025/04/22 - 06:44:48 | batch update finished 
[SYS] 2025/04/22 - 06:44:53 | 任务进度轮询开始 
[SYS] 2025/04/22 - 06:44:53 | 任务进度轮询完成 
[SYS] 2025/04/22 - 06:44:53 | batch update started 
[SYS] 2025/04/22 - 06:44:53 | batch update finished 
[SYS] 2025/04/22 - 06:44:58 | batch update started 
[SYS] 2025/04/22 - 06:44:58 | batch update finished 
[SYS] 2025/04/22 - 06:45:03 | batch update started 
[SYS] 2025/04/22 - 06:45:03 | batch update finished 
[SYS] 2025/04/22 - 06:45:08 | 任务进度轮询开始 
[SYS] 2025/04/22 - 06:45:08 | 任务进度轮询完成 
[SYS] 2025/04/22 - 06:45:08 | batch update started 
[SYS] 2025/04/22 - 06:45:08 | batch update finished 
[SYS] 2025/04/22 - 06:45:10 | batch update started 
[SYS] 2025/04/22 - 06:45:10 | batch update finished 
[SYS] 2025/04/22 - 06:45:15 | batch update started 
[SYS] 2025/04/22 - 06:45:15 | batch update finished 
[SYS] 2025/04/22 - 06:45:20 | syncing options from database 
[SYS] 2025/04/22 - 06:45:20 | syncing channels from database 
[SYS] 2025/04/22 - 06:45:20 | channels synced from database 
[SYS] 2025/04/22 - 06:45:20 | 任务进度轮询开始 
[SYS] 2025/04/22 - 06:45:20 | 任务进度轮询完成 
[SYS] 2025/04/22 - 06:45:20 | batch update started 
[SYS] 2025/04/22 - 06:45:20 | batch update finished 
[SYS] 2025/04/22 - 06:45:25 | batch update started 
[SYS] 2025/04/22 - 06:45:25 | batch update finished 
[SYS] 2025/04/22 - 06:45:30 | batch update started 
[SYS] 2025/04/22 - 06:45:30 | batch update finished 
[SYS] 2025/04/22 - 06:45:35 | 任务进度轮询开始 
[SYS] 2025/04/22 - 06:45:35 | 任务进度轮询完成 
[SYS] 2025/04/22 - 06:45:35 | batch update started 
[SYS] 2025/04/22 - 06:45:35 | batch update finished 
[SYS] 2025/04/22 - 06:45:39 | batch update started 
[SYS] 2025/04/22 - 06:45:39 | batch update finished 
[SYS] 2025/04/22 - 06:45:43 | batch update started 
[SYS] 2025/04/22 - 06:45:43 | batch update finished 
[SYS] 2025/04/22 - 06:45:48 | 任务进度轮询开始 
[SYS] 2025/04/22 - 06:45:48 | 任务进度轮询完成 
[SYS] 2025/04/22 - 06:45:48 | batch update started 
[SYS] 2025/04/22 - 06:45:48 | batch update finished 
[SYS] 2025/04/22 - 06:45:53 | batch update started 
[SYS] 2025/04/22 - 06:45:53 | batch update finished 
[SYS] 2025/04/22 - 06:45:58 | batch update started 
[SYS] 2025/04/22 - 06:45:58 | batch update finished 
[SYS] 2025/04/22 - 06:46:03 | 任务进度轮询开始 
[SYS] 2025/04/22 - 06:46:03 | 任务进度轮询完成 
[SYS] 2025/04/22 - 06:46:03 | batch update started 
[SYS] 2025/04/22 - 06:46:03 | batch update finished 
[SYS] 2025/04/22 - 06:46:05 | batch update started 
[SYS] 2025/04/22 - 06:46:05 | batch update finished 
[SYS] 2025/04/22 - 06:46:10 | batch update started 
[SYS] 2025/04/22 - 06:46:10 | batch update finished 
[SYS] 2025/04/22 - 06:46:15 | syncing options from database 
[SYS] 2025/04/22 - 06:46:15 | syncing channels from database 
[SYS] 2025/04/22 - 06:46:15 | channels synced from database 
[SYS] 2025/04/22 - 06:46:15 | 任务进度轮询开始 
[SYS] 2025/04/22 - 06:46:15 | 任务进度轮询完成 
[SYS] 2025/04/22 - 06:46:15 | batch update started 
[SYS] 2025/04/22 - 06:46:15 | batch update finished 
[SYS] 2025/04/22 - 06:46:20 | batch update started 
[SYS] 2025/04/22 - 06:46:20 | batch update finished 
[SYS] 2025/04/22 - 06:46:25 | batch update started 
[SYS] 2025/04/22 - 06:46:25 | batch update finished 
[SYS] 2025/04/22 - 06:46:30 | 任务进度轮询开始 
[SYS] 2025/04/22 - 06:46:30 | 任务进度轮询完成 
[SYS] 2025/04/22 - 06:46:30 | batch update started 
[SYS] 2025/04/22 - 06:46:30 | batch update finished 
[SYS] 2025/04/22 - 06:46:33 | batch update started 
[SYS] 2025/04/22 - 06:46:33 | batch update finished 
[SYS] 2025/04/22 - 06:46:38 | batch update started 
[SYS] 2025/04/22 - 06:46:38 | batch update finished 
[SYS] 2025/04/22 - 06:46:42 | 任务进度轮询开始 
[SYS] 2025/04/22 - 06:46:42 | 任务进度轮询完成 
[SYS] 2025/04/22 - 06:46:43 | batch update started 
[SYS] 2025/04/22 - 06:46:43 | batch update finished 
[SYS] 2025/04/22 - 06:46:48 | batch update started 
[SYS] 2025/04/22 - 06:46:48 | batch update finished 
[SYS] 2025/04/22 - 06:46:53 | batch update started 
[SYS] 2025/04/22 - 06:46:53 | batch update finished 
[SYS] 2025/04/22 - 06:46:57 | 任务进度轮询开始 
[SYS] 2025/04/22 - 06:46:57 | 任务进度轮询完成 
[SYS] 2025/04/22 - 06:46:58 | batch update started 
[SYS] 2025/04/22 - 06:46:58 | batch update finished 
[SYS] 2025/04/22 - 06:47:02 | batch update started 
[SYS] 2025/04/22 - 06:47:02 | batch update finished 
[SYS] 2025/04/22 - 06:47:05 | batch update started 
[SYS] 2025/04/22 - 06:47:05 | batch update finished 
[SYS] 2025/04/22 - 06:47:09 | syncing options from database 
[SYS] 2025/04/22 - 06:47:09 | syncing channels from database 
[SYS] 2025/04/22 - 06:47:09 | channels synced from database 
[SYS] 2025/04/22 - 06:47:10 | 任务进度轮询开始 
[SYS] 2025/04/22 - 06:47:10 | 任务进度轮询完成 
[SYS] 2025/04/22 - 06:47:10 | batch update started 
[SYS] 2025/04/22 - 06:47:10 | batch update finished 
[SYS] 2025/04/22 - 06:47:15 | batch update started 
[SYS] 2025/04/22 - 06:47:15 | batch update finished 
[SYS] 2025/04/22 - 06:47:20 | batch update started 
[SYS] 2025/04/22 - 06:47:20 | batch update finished 
[SYS] 2025/04/22 - 06:47:25 | 任务进度轮询开始 
[SYS] 2025/04/22 - 06:47:25 | 任务进度轮询完成 
[SYS] 2025/04/22 - 06:47:25 | batch update started 
[SYS] 2025/04/22 - 06:47:25 | batch update finished 
[SYS] 2025/04/22 - 06:47:29 | batch update started 
[SYS] 2025/04/22 - 06:47:29 | batch update finished 
[SYS] 2025/04/22 - 06:47:32 | batch update started 
[SYS] 2025/04/22 - 06:47:32 | batch update finished 
[SYS] 2025/04/22 - 06:47:37 | 任务进度轮询开始 
[SYS] 2025/04/22 - 06:47:37 | 任务进度轮询完成 
[SYS] 2025/04/22 - 06:47:37 | batch update started 
[SYS] 2025/04/22 - 06:47:37 | batch update finished 
[SYS] 2025/04/22 - 06:47:42 | batch update started 
[SYS] 2025/04/22 - 06:47:42 | batch update finished 
[SYS] 2025/04/22 - 06:47:47 | batch update started 
[SYS] 2025/04/22 - 06:47:47 | batch update finished 
[SYS] 2025/04/22 - 06:47:52 | 任务进度轮询开始 
[SYS] 2025/04/22 - 06:47:52 | 任务进度轮询完成 
[SYS] 2025/04/22 - 06:47:52 | batch update started 
[SYS] 2025/04/22 - 06:47:52 | batch update finished 
[SYS] 2025/04/22 - 06:47:55 | batch update started 
[SYS] 2025/04/22 - 06:47:55 | batch update finished 
[SYS] 2025/04/22 - 06:48:00 | batch update started 
[SYS] 2025/04/22 - 06:48:00 | batch update finished 
[SYS] 2025/04/22 - 06:48:04 | 正在更新数据看板数据... 
[SYS] 2025/04/22 - 06:48:04 | 保存数据看板数据成功，共保存0条数据 
[SYS] 2025/04/22 - 06:48:04 | syncing options from database 
[SYS] 2025/04/22 - 06:48:04 | syncing channels from database 
[SYS] 2025/04/22 - 06:48:04 | channels synced from database 
[SYS] 2025/04/22 - 06:48:05 | 任务进度轮询开始 
[SYS] 2025/04/22 - 06:48:05 | 任务进度轮询完成 
[SYS] 2025/04/22 - 06:48:05 | batch update started 
[SYS] 2025/04/22 - 06:48:05 | batch update finished 
[SYS] 2025/04/22 - 06:48:10 | batch update started 
[SYS] 2025/04/22 - 06:48:10 | batch update finished 
[SYS] 2025/04/22 - 06:48:15 | batch update started 
[SYS] 2025/04/22 - 06:48:15 | batch update finished 
[SYS] 2025/04/22 - 06:48:20 | 任务进度轮询开始 
[SYS] 2025/04/22 - 06:48:20 | 任务进度轮询完成 
[SYS] 2025/04/22 - 06:48:20 | batch update started 
[SYS] 2025/04/22 - 06:48:20 | batch update finished 
[SYS] 2025/04/22 - 06:48:22 | batch update started 
[SYS] 2025/04/22 - 06:48:22 | batch update finished 
[SYS] 2025/04/22 - 06:48:27 | batch update started 
[SYS] 2025/04/22 - 06:48:27 | batch update finished 
[SYS] 2025/04/22 - 06:48:32 | 任务进度轮询开始 
[SYS] 2025/04/22 - 06:48:32 | 任务进度轮询完成 
[SYS] 2025/04/22 - 06:48:32 | batch update started 
[SYS] 2025/04/22 - 06:48:32 | batch update finished 
[SYS] 2025/04/22 - 06:48:37 | batch update started 
[SYS] 2025/04/22 - 06:48:37 | batch update finished 
[SYS] 2025/04/22 - 06:48:42 | batch update started 
[SYS] 2025/04/22 - 06:48:42 | batch update finished 
[SYS] 2025/04/22 - 06:48:47 | 任务进度轮询开始 
[SYS] 2025/04/22 - 06:48:47 | 任务进度轮询完成 
[SYS] 2025/04/22 - 06:48:47 | batch update started 
[SYS] 2025/04/22 - 06:48:47 | batch update finished 
[SYS] 2025/04/22 - 06:48:51 | batch update started 
[SYS] 2025/04/22 - 06:48:51 | batch update finished 
[SYS] 2025/04/22 - 06:48:55 | batch update started 
[SYS] 2025/04/22 - 06:48:55 | batch update finished 
[SYS] 2025/04/22 - 06:48:59 | syncing options from database 
[SYS] 2025/04/22 - 06:48:59 | syncing channels from database 
[SYS] 2025/04/22 - 06:48:59 | channels synced from database 
[SYS] 2025/04/22 - 06:49:00 | 任务进度轮询开始 
[SYS] 2025/04/22 - 06:49:00 | 任务进度轮询完成 
[SYS] 2025/04/22 - 06:49:00 | batch update started 
[SYS] 2025/04/22 - 06:49:00 | batch update finished 
[SYS] 2025/04/22 - 06:49:05 | batch update started 
[SYS] 2025/04/22 - 06:49:05 | batch update finished 
[SYS] 2025/04/22 - 06:49:10 | batch update started 
[SYS] 2025/04/22 - 06:49:10 | batch update finished 
[SYS] 2025/04/22 - 06:49:15 | 任务进度轮询开始 
[SYS] 2025/04/22 - 06:49:15 | 任务进度轮询完成 
[SYS] 2025/04/22 - 06:49:15 | batch update started 
[SYS] 2025/04/22 - 06:49:15 | batch update finished 
[SYS] 2025/04/22 - 06:49:19 | batch update started 
[SYS] 2025/04/22 - 06:49:19 | batch update finished 
[SYS] 2025/04/22 - 06:49:22 | batch update started 
[SYS] 2025/04/22 - 06:49:22 | batch update finished 
[SYS] 2025/04/22 - 06:49:27 | 任务进度轮询开始 
[SYS] 2025/04/22 - 06:49:27 | 任务进度轮询完成 
[SYS] 2025/04/22 - 06:49:27 | batch update started 
[SYS] 2025/04/22 - 06:49:27 | batch update finished 
[SYS] 2025/04/22 - 06:49:32 | batch update started 
[SYS] 2025/04/22 - 06:49:32 | batch update finished 
[SYS] 2025/04/22 - 06:49:37 | batch update started 
[SYS] 2025/04/22 - 06:49:37 | batch update finished 
[SYS] 2025/04/22 - 06:49:42 | 任务进度轮询开始 
[SYS] 2025/04/22 - 06:49:42 | 任务进度轮询完成 
[SYS] 2025/04/22 - 06:49:42 | batch update started 
[SYS] 2025/04/22 - 06:49:42 | batch update finished 
[SYS] 2025/04/22 - 06:49:45 | batch update started 
[SYS] 2025/04/22 - 06:49:45 | batch update finished 
[SYS] 2025/04/22 - 06:49:50 | batch update started 
[SYS] 2025/04/22 - 06:49:50 | batch update finished 
[SYS] 2025/04/22 - 06:49:54 | syncing options from database 
[SYS] 2025/04/22 - 06:49:54 | syncing channels from database 
[SYS] 2025/04/22 - 06:49:54 | channels synced from database 
[SYS] 2025/04/22 - 06:49:54 | 任务进度轮询开始 
[SYS] 2025/04/22 - 06:49:54 | 任务进度轮询完成 
[SYS] 2025/04/22 - 06:49:55 | batch update started 
[SYS] 2025/04/22 - 06:49:55 | batch update finished 
[SYS] 2025/04/22 - 06:50:00 | batch update started 
[SYS] 2025/04/22 - 06:50:00 | batch update finished 
[SYS] 2025/04/22 - 06:50:05 | batch update started 
[SYS] 2025/04/22 - 06:50:05 | batch update finished 
[SYS] 2025/04/22 - 06:50:09 | 任务进度轮询开始 
[SYS] 2025/04/22 - 06:50:09 | 任务进度轮询完成 
[SYS] 2025/04/22 - 06:50:10 | batch update started 
[SYS] 2025/04/22 - 06:50:10 | batch update finished 
[SYS] 2025/04/22 - 06:50:12 | batch update started 
[SYS] 2025/04/22 - 06:50:12 | batch update finished 
[SYS] 2025/04/22 - 06:50:17 | batch update started 
[SYS] 2025/04/22 - 06:50:17 | batch update finished 
[SYS] 2025/04/22 - 06:50:22 | 任务进度轮询开始 
[SYS] 2025/04/22 - 06:50:22 | 任务进度轮询完成 
[SYS] 2025/04/22 - 06:50:22 | batch update started 
[SYS] 2025/04/22 - 06:50:22 | batch update finished 
[SYS] 2025/04/22 - 06:50:27 | batch update started 
[SYS] 2025/04/22 - 06:50:27 | batch update finished 
[SYS] 2025/04/22 - 06:50:32 | batch update started 
[SYS] 2025/04/22 - 06:50:32 | batch update finished 
[SYS] 2025/04/22 - 06:50:37 | 任务进度轮询开始 
[SYS] 2025/04/22 - 06:50:37 | 任务进度轮询完成 
[SYS] 2025/04/22 - 06:50:37 | batch update started 
[SYS] 2025/04/22 - 06:50:37 | batch update finished 
[SYS] 2025/04/22 - 06:50:40 | batch update started 
[SYS] 2025/04/22 - 06:50:40 | batch update finished 
[SYS] 2025/04/22 - 06:50:45 | batch update started 
[SYS] 2025/04/22 - 06:50:45 | batch update finished 
[SYS] 2025/04/22 - 06:50:49 | syncing options from database 
[SYS] 2025/04/22 - 06:50:49 | syncing channels from database 
[SYS] 2025/04/22 - 06:50:49 | channels synced from database 
[SYS] 2025/04/22 - 06:50:49 | 任务进度轮询开始 
[SYS] 2025/04/22 - 06:50:49 | 任务进度轮询完成 
[SYS] 2025/04/22 - 06:50:50 | batch update started 
[SYS] 2025/04/22 - 06:50:50 | batch update finished 
[SYS] 2025/04/22 - 06:50:55 | batch update started 
[SYS] 2025/04/22 - 06:50:55 | batch update finished 
[SYS] 2025/04/22 - 06:51:00 | batch update started 
[SYS] 2025/04/22 - 06:51:00 | batch update finished 
[SYS] 2025/04/22 - 06:51:04 | 任务进度轮询开始 
[SYS] 2025/04/22 - 06:51:04 | 任务进度轮询完成 
[SYS] 2025/04/22 - 06:51:05 | batch update started 
[SYS] 2025/04/22 - 06:51:05 | batch update finished 
[SYS] 2025/04/22 - 06:51:07 | batch update started 
[SYS] 2025/04/22 - 06:51:07 | batch update finished 
[SYS] 2025/04/22 - 06:51:12 | batch update started 
[SYS] 2025/04/22 - 06:51:12 | batch update finished 
[SYS] 2025/04/22 - 06:51:17 | 任务进度轮询开始 
[SYS] 2025/04/22 - 06:51:17 | 任务进度轮询完成 
[SYS] 2025/04/22 - 06:51:17 | batch update started 
[SYS] 2025/04/22 - 06:51:17 | batch update finished 
[SYS] 2025/04/22 - 06:51:22 | batch update started 
[SYS] 2025/04/22 - 06:51:22 | batch update finished 
[SYS] 2025/04/22 - 06:51:27 | batch update started 
[SYS] 2025/04/22 - 06:51:27 | batch update finished 
[SYS] 2025/04/22 - 06:51:32 | 任务进度轮询开始 
[SYS] 2025/04/22 - 06:51:32 | 任务进度轮询完成 
[SYS] 2025/04/22 - 06:51:32 | batch update started 
[SYS] 2025/04/22 - 06:51:32 | batch update finished 
[SYS] 2025/04/22 - 06:51:36 | batch update started 
[SYS] 2025/04/22 - 06:51:36 | batch update finished 
[SYS] 2025/04/22 - 06:51:39 | batch update started 
[SYS] 2025/04/22 - 06:51:39 | batch update finished 
[SYS] 2025/04/22 - 06:51:44 | syncing options from database 
[SYS] 2025/04/22 - 06:51:44 | syncing channels from database 
[SYS] 2025/04/22 - 06:51:44 | channels synced from database 
[SYS] 2025/04/22 - 06:51:44 | 任务进度轮询开始 
[SYS] 2025/04/22 - 06:51:44 | 任务进度轮询完成 
[SYS] 2025/04/22 - 06:51:44 | batch update started 
[SYS] 2025/04/22 - 06:51:44 | batch update finished 
[SYS] 2025/04/22 - 06:51:49 | batch update started 
[SYS] 2025/04/22 - 06:51:49 | batch update finished 
[SYS] 2025/04/22 - 06:51:54 | batch update started 
[SYS] 2025/04/22 - 06:51:54 | batch update finished 
[SYS] 2025/04/22 - 06:51:59 | 任务进度轮询开始 
[SYS] 2025/04/22 - 06:51:59 | 任务进度轮询完成 
[SYS] 2025/04/22 - 06:51:59 | batch update started 
[SYS] 2025/04/22 - 06:51:59 | batch update finished 
[SYS] 2025/04/22 - 06:52:02 | batch update started 
[SYS] 2025/04/22 - 06:52:02 | batch update finished 
[SYS] 2025/04/22 - 06:52:07 | batch update started 
[SYS] 2025/04/22 - 06:52:07 | batch update finished 
[SYS] 2025/04/22 - 06:52:12 | 任务进度轮询开始 
[SYS] 2025/04/22 - 06:52:12 | 任务进度轮询完成 
[SYS] 2025/04/22 - 06:52:12 | batch update started 
[SYS] 2025/04/22 - 06:52:12 | batch update finished 
[SYS] 2025/04/22 - 06:52:17 | batch update started 
[SYS] 2025/04/22 - 06:52:17 | batch update finished 
[SYS] 2025/04/22 - 06:52:22 | batch update started 
[SYS] 2025/04/22 - 06:52:22 | batch update finished 
[SYS] 2025/04/22 - 06:52:27 | 任务进度轮询开始 
[SYS] 2025/04/22 - 06:52:27 | 任务进度轮询完成 
[SYS] 2025/04/22 - 06:52:27 | batch update started 
[SYS] 2025/04/22 - 06:52:27 | batch update finished 
[SYS] 2025/04/22 - 06:52:29 | batch update started 
[SYS] 2025/04/22 - 06:52:29 | batch update finished 
[SYS] 2025/04/22 - 06:52:34 | batch update started 
[SYS] 2025/04/22 - 06:52:34 | batch update finished 
[SYS] 2025/04/22 - 06:52:38 | 正在更新数据看板数据... 
[SYS] 2025/04/22 - 06:52:38 | 保存数据看板数据成功，共保存0条数据 
[SYS] 2025/04/22 - 06:52:38 | testing all channels 
[SYS] 2025/04/22 - 06:52:38 | channel test finished 
[SYS] 2025/04/22 - 06:52:39 | syncing options from database 
[SYS] 2025/04/22 - 06:52:39 | syncing channels from database 
[SYS] 2025/04/22 - 06:52:39 | channels synced from database 
[SYS] 2025/04/22 - 06:52:39 | 任务进度轮询开始 
[SYS] 2025/04/22 - 06:52:39 | 任务进度轮询完成 
[SYS] 2025/04/22 - 06:52:39 | batch update started 
[SYS] 2025/04/22 - 06:52:39 | batch update finished 
