[SYS] 2025/04/22 - 09:59:56 | New API v0.0.0 started 
[SYS] 2025/04/22 - 09:59:56 | using MySQL as database 
[SYS] 2025/04/22 - 09:59:56 | database migration started 
[SYS] 2025/04/22 - 09:59:56 | database migrated 
[SYS] 2025/04/22 - 09:59:56 | using MySQL as database 
[SYS] 2025/04/22 - 09:59:56 | database migration started 
[SYS] 2025/04/22 - 09:59:57 | Redis is enabled 
[SYS] 2025/04/22 - 09:59:57 | memory cache enabled 
[SYS] 2025/04/22 - 09:59:57 | sync frequency: 60 seconds 
[SYS] 2025/04/22 - 09:59:57 | channels synced from database 
[SYS] 2025/04/22 - 09:59:57 | batch update enabled with interval 5s 
[SYS] 2025/04/22 - 09:59:57 | pprof enabled 
[SYS] 2025/04/22 - 09:59:57 | initializing token encoders 
[SYS] 2025/04/22 - 09:59:57 | 正在更新数据看板数据... 
[SYS] 2025/04/22 - 09:59:57 | 保存数据看板数据成功，共保存0条数据 
[SYS] 2025/04/22 - 09:59:58 | token encoders initialized 
[SYS] 2025/04/22 - 09:59:58 | FRONTEND_BASE_URL is ignored on master node 
[SYS] 2025/04/22 - 10:00:02 | batch update started 
[SYS] 2025/04/22 - 10:00:02 | batch update finished 
[SYS] 2025/04/22 - 10:00:07 | batch update started 
[SYS] 2025/04/22 - 10:00:07 | batch update finished 
[SYS] 2025/04/22 - 10:00:12 | batch update started 
[SYS] 2025/04/22 - 10:00:12 | batch update finished 
[SYS] 2025/04/22 - 10:00:12 | 任务进度轮询开始 
[SYS] 2025/04/22 - 10:00:12 | 任务进度轮询完成 
[GIN] 2025/04/22 - 10:00:13 | 20250422100013624130175INhIhY6H | 200 |    19.59815ms |             ::1 |     GET /token
[GIN] 2025/04/22 - 10:00:14 | 2025042210001489258905pPFTONXB | 200 |   120.36453ms |             ::1 |     GET /assets/index-fB1o_Fh7.js
[GIN] 2025/04/22 - 10:00:16 | 20250422100016807339325nMFofxgl | 200 |   130.90957ms |             ::1 |     GET /api/user/models
[SYS] 2025/04/22 - 10:00:17 | batch update started 
[SYS] 2025/04/22 - 10:00:17 | batch update finished 
[GIN] 2025/04/22 - 10:00:17 | 20250422100017152243005yglconbF | 200 |     1.17128ms |             ::1 |     GET /api/status
[GIN] 2025/04/22 - 10:00:17 | 20250422100017234731345Oy48CKvo | 200 |    19.19951ms |             ::1 |     GET /api/token/?p=0&size=10
[GIN] 2025/04/22 - 10:00:17 | 20250422100017256153295L8jaCgsN | 200 |     2.63857ms |             ::1 |     GET /api/user/self/groups
[SYS] 2025/04/22 - 10:00:19 | batch update started 
[SYS] 2025/04/22 - 10:00:19 | batch update finished 
[GIN] 2025/04/22 - 10:00:23 | 20250422100023764159147Tdw9CzQv | 200 |    1.313599ms |             ::1 |     GET /api/user/logout
[SYS] 2025/04/22 - 10:00:24 | 任务进度轮询开始 
[SYS] 2025/04/22 - 10:00:24 | batch update started 
[SYS] 2025/04/22 - 10:00:24 | batch update finished 
[SYS] 2025/04/22 - 10:00:24 | 任务进度轮询完成 
[SYS] 2025/04/22 - 10:00:29 | batch update started 
[SYS] 2025/04/22 - 10:00:29 | batch update finished 
[SYS] 2025/04/22 - 10:00:34 | batch update started 
[SYS] 2025/04/22 - 10:00:34 | batch update finished 
[SYS] 2025/04/22 - 10:00:39 | batch update started 
[SYS] 2025/04/22 - 10:00:39 | batch update finished 
[SYS] 2025/04/22 - 10:00:39 | 任务进度轮询开始 
[SYS] 2025/04/22 - 10:00:39 | 任务进度轮询完成 
[GIN] 2025/04/22 - 10:00:43 | 20250422100043772233407s3xIIHP2 | 307 |     2.38227ms |             ::1 |     GET /api/auth/google/login
[SYS] 2025/04/22 - 10:00:44 | batch update started 
[SYS] 2025/04/22 - 10:00:44 | batch update finished 
[GIN] 2025/04/22 - 10:00:46 | 202504221000446722718872EZhPRD6 | 303 |   1.50739116s |             ::1 |     GET /auth/google/callback?state=random_state&code=4%2F0Ab_5qlnimWwMzrMLWLpcCErUHhorrlUpx8UXfPFDjwSFBhL-BR-PIAxI8WG0GX7plUrtbA&scope=email+profile+https%3A%2F%2Fwww.googleapis.com%2Fauth%2Fuserinfo.email+https%3A%2F%2Fwww.googleapis.com%2Fauth%2Fuserinfo.profile+openid&authuser=0&prompt=none
[GIN] 2025/04/22 - 10:00:46 | 20250422100046239944697EBDfXh9L | 200 |     3.12202ms |             ::1 |     GET /login?token=eyJhbGciOiJIUzI1NiIsInR5cCI6IkpXVCJ9.eyJlbWFpbCI6Imtpbmdzb2JlY0BnbWFpbC5jb20iLCJleHAiOjE3NDc5MDQ0NDYsImlkIjoxNCwicm5kIjoxNzQ1MzEyNDQ2MTc5Mzk5ODE3fQ.kxmWczG4AfirA_EelfFCZqVqZtCbBMNcIhRbMFIcJXI
[GIN] 2025/04/22 - 10:00:45 | 20250422100045819908877VWqsdLx9 | 200 |     1.36609ms |             ::1 |     GET /api/status
[GIN] 2025/04/22 - 10:00:46 | 2025042210004647120917vYvZczRN | 200 |    13.00013ms |             ::1 |     GET /api/user/self
[SYS] 2025/04/22 - 10:00:46 | batch update started 
[SYS] 2025/04/22 - 10:00:46 | batch update finished 
[GIN] 2025/04/22 - 10:00:47 | 20250422100047205072767kHyjZcCY | 401 |    69.27371ms |             ::1 |     GET /api/user/models
[GIN] 2025/04/22 - 10:00:47 | 20250422100047208717067BJmy63lP | 401 |   102.13764ms |             ::1 |     GET /api/user/self/groups
[GIN] 2025/04/22 - 10:00:47 | 202504221000474549973875Q4dPaVb | 401 |     1.25994ms |             ::1 |     GET /api/token/?p=0&size=10
[SYS] 2025/04/22 - 10:00:51 | syncing channels from database 
[SYS] 2025/04/22 - 10:00:51 | syncing options from database 
[SYS] 2025/04/22 - 10:00:51 | 任务进度轮询开始 
[SYS] 2025/04/22 - 10:00:51 | 任务进度轮询完成 
[SYS] 2025/04/22 - 10:00:51 | channels synced from database 
[SYS] 2025/04/22 - 10:00:51 | batch update started 
[SYS] 2025/04/22 - 10:00:51 | batch update finished 
[SYS] 2025/04/22 - 10:00:56 | batch update started 
[SYS] 2025/04/22 - 10:00:56 | batch update finished 
[SYS] 2025/04/22 - 10:01:01 | batch update started 
[SYS] 2025/04/22 - 10:01:01 | batch update finished 
[SYS] 2025/04/22 - 10:01:06 | 任务进度轮询开始 
[SYS] 2025/04/22 - 10:01:06 | batch update started 
[SYS] 2025/04/22 - 10:01:06 | batch update finished 
[SYS] 2025/04/22 - 10:01:06 | 任务进度轮询完成 
[SYS] 2025/04/22 - 10:01:11 | batch update started 
[SYS] 2025/04/22 - 10:01:11 | batch update finished 
[SYS] 2025/04/22 - 10:01:14 | batch update started 
[SYS] 2025/04/22 - 10:01:14 | batch update finished 
[SYS] 2025/04/22 - 10:01:19 | batch update started 
[SYS] 2025/04/22 - 10:01:19 | batch update finished 
[SYS] 2025/04/22 - 10:01:19 | 任务进度轮询开始 
[SYS] 2025/04/22 - 10:01:19 | 任务进度轮询完成 
[SYS] 2025/04/22 - 10:01:24 | batch update started 
[SYS] 2025/04/22 - 10:01:24 | batch update finished 
[SYS] 2025/04/22 - 10:01:29 | batch update started 
[SYS] 2025/04/22 - 10:01:29 | batch update finished 
[SYS] 2025/04/22 - 10:01:34 | batch update started 
[SYS] 2025/04/22 - 10:01:34 | batch update finished 
[SYS] 2025/04/22 - 10:01:34 | 任务进度轮询开始 
[SYS] 2025/04/22 - 10:01:34 | 任务进度轮询完成 
[SYS] 2025/04/22 - 10:01:39 | batch update started 
[SYS] 2025/04/22 - 10:01:39 | batch update finished 
[SYS] 2025/04/22 - 10:01:41 | batch update started 
[SYS] 2025/04/22 - 10:01:41 | batch update finished 
[SYS] 2025/04/22 - 10:01:46 | syncing options from database 
[SYS] 2025/04/22 - 10:01:46 | syncing channels from database 
[SYS] 2025/04/22 - 10:01:46 | batch update started 
[SYS] 2025/04/22 - 10:01:46 | batch update finished 
[SYS] 2025/04/22 - 10:01:46 | channels synced from database 
[SYS] 2025/04/22 - 10:01:46 | 任务进度轮询开始 
[SYS] 2025/04/22 - 10:01:46 | 任务进度轮询完成 
[SYS] 2025/04/22 - 10:01:51 | batch update started 
[SYS] 2025/04/22 - 10:01:51 | batch update finished 
[GIN] 2025/04/22 - 10:01:55 | 20250422100155980334732uHhJ1E9O | 200 |    11.64361ms | 2c0f:f5c0:455:e112:e175:4bd9:3115:892 |     GET /
[SYS] 2025/04/22 - 10:01:56 | batch update started 
[SYS] 2025/04/22 - 10:01:56 | batch update finished 
[GIN] 2025/04/22 - 10:01:56 | 2025042210015641185472218CXQIbg | 200 |    82.41431ms | 2c0f:f5c0:455:e112:e175:4bd9:3115:892 |     GET /assets/index-fB1o_Fh7.js
[GIN] 2025/04/22 - 10:01:58 | 20250422100158370367102j9hSpn98 | 200 |     2.12058ms | 2c0f:f5c0:455:e112:e175:4bd9:3115:892 |     GET /api/status
[GIN] 2025/04/22 - 10:01:58 | 20250422100158537376802NogGUQlb | 200 |     1.67849ms | 2c0f:f5c0:455:e112:e175:4bd9:3115:892 |     GET /assets/index-CZoZfS_j.js
[SYS] 2025/04/22 - 10:02:01 | batch update started 
[SYS] 2025/04/22 - 10:02:01 | batch update finished 
[SYS] 2025/04/22 - 10:02:01 | 任务进度轮询开始 
[SYS] 2025/04/22 - 10:02:01 | 任务进度轮询完成 
[SYS] 2025/04/22 - 10:02:06 | batch update started 
[SYS] 2025/04/22 - 10:02:06 | batch update finished 
[SYS] 2025/04/22 - 10:02:08 | batch update started 
[SYS] 2025/04/22 - 10:02:08 | batch update finished 
[GIN] 2025/04/22 - 10:02:10 | 20250422100210394979711akOwFgGc | 307 |     2.10529ms |             ::1 |     GET /api/auth/google/login
[GIN] 2025/04/22 - 10:02:12 | 20250422100210835804491Luy6DeAq | 303 |  1.207312808s |             ::1 |     GET /auth/google/callback?state=random_state&code=4%2F0Ab_5qln-46R1NnJTrwIYryZX0BdjRXtG0BxhXzUllaOIrzVHLJ3Mjm_CzODT4mnOvQ5fDA&scope=email+profile+openid+https%3A%2F%2Fwww.googleapis.com%2Fauth%2Fuserinfo.email+https%3A%2F%2Fwww.googleapis.com%2Fauth%2Fuserinfo.profile&authuser=0&prompt=none
[GIN] 2025/04/22 - 10:02:12 | 202504221002126394106941Qr7Aer | 200 |     1.67376ms |             ::1 |     GET /login?token=eyJhbGciOiJIUzI1NiIsInR5cCI6IkpXVCJ9.eyJlbWFpbCI6Imtpbmdzb2JlY0BnbWFpbC5jb20iLCJleHAiOjE3NDc5MDQ1MzIsImlkIjoxNCwicm5kIjoxNzQ1MzEyNTMyMDQyOTg1NzM5fQ.aUHqr8JbJdryAgkeTFxD9WFEuIJBfb5cI58ItABtuXw
[SYS] 2025/04/22 - 10:02:13 | batch update started 
[SYS] 2025/04/22 - 10:02:13 | batch update finished 
[GIN] 2025/04/22 - 10:02:13 | 202504221002138049628795nGALQpR | 200 |     8.44712ms |             ::1 |     GET /api/status
[GIN] 2025/04/22 - 10:02:13 | 20250422100213805101369yiOoeeE3 | 200 |    19.42501ms |             ::1 |     GET /api/user/self
[SYS] 2025/04/22 - 10:02:13 | 任务进度轮询开始 
[SYS] 2025/04/22 - 10:02:13 | 任务进度轮询完成 
[GIN] 2025/04/22 - 10:02:14 | 20250422100214300894799QlideQGa | 200 |     6.65775ms |             ::1 |     GET /api/user/models
[GIN] 2025/04/22 - 10:02:14 | 20250422100214304748979E8o8YKPB | 200 |    12.02641ms |             ::1 |     GET /api/user/self/groups
[GIN] 2025/04/22 - 10:02:14 | 20250422100214316345949o9apYiCc | 200 |     5.62925ms |             ::1 |     GET /api/token/?p=0&size=10
[SYS] 2025/04/22 - 10:02:18 | batch update started 
[SYS] 2025/04/22 - 10:02:18 | batch update finished 
[SYS] 2025/04/22 - 10:02:23 | batch update started 
[SYS] 2025/04/22 - 10:02:23 | batch update finished 
[SYS] 2025/04/22 - 10:02:28 | batch update started 
[SYS] 2025/04/22 - 10:02:28 | batch update finished 
[SYS] 2025/04/22 - 10:02:28 | 任务进度轮询开始 
[SYS] 2025/04/22 - 10:02:28 | 任务进度轮询完成 
[SYS] 2025/04/22 - 10:02:33 | batch update started 
[SYS] 2025/04/22 - 10:02:33 | batch update finished 
[SYS] 2025/04/22 - 10:02:36 | batch update started 
[SYS] 2025/04/22 - 10:02:36 | batch update finished 
[SYS] 2025/04/22 - 10:02:40 | syncing options from database 
[SYS] 2025/04/22 - 10:02:41 | syncing channels from database 
[SYS] 2025/04/22 - 10:02:41 | batch update started 
[SYS] 2025/04/22 - 10:02:41 | batch update finished 
[SYS] 2025/04/22 - 10:02:41 | channels synced from database 
[SYS] 2025/04/22 - 10:02:41 | 任务进度轮询开始 
[SYS] 2025/04/22 - 10:02:41 | 任务进度轮询完成 
[SYS] 2025/04/22 - 10:02:46 | batch update started 
[SYS] 2025/04/22 - 10:02:46 | batch update finished 
[SYS] 2025/04/22 - 10:02:51 | batch update started 
[SYS] 2025/04/22 - 10:02:51 | batch update finished 
[SYS] 2025/04/22 - 10:02:56 | batch update started 
[SYS] 2025/04/22 - 10:02:56 | batch update finished 
[SYS] 2025/04/22 - 10:02:56 | 任务进度轮询开始 
[SYS] 2025/04/22 - 10:02:56 | 任务进度轮询完成 
[SYS] 2025/04/22 - 10:03:01 | batch update started 
[SYS] 2025/04/22 - 10:03:01 | batch update finished 
[SYS] 2025/04/22 - 10:03:03 | batch update started 
[SYS] 2025/04/22 - 10:03:03 | batch update finished 
[SYS] 2025/04/22 - 10:03:08 | batch update started 
[SYS] 2025/04/22 - 10:03:08 | batch update finished 
[SYS] 2025/04/22 - 10:03:08 | 任务进度轮询开始 
[SYS] 2025/04/22 - 10:03:08 | 任务进度轮询完成 
[SYS] 2025/04/22 - 10:03:13 | batch update started 
[SYS] 2025/04/22 - 10:03:13 | batch update finished 
[SYS] 2025/04/22 - 10:03:18 | batch update started 
[SYS] 2025/04/22 - 10:03:18 | batch update finished 
[SYS] 2025/04/22 - 10:03:23 | batch update started 
[SYS] 2025/04/22 - 10:03:23 | batch update finished 
[SYS] 2025/04/22 - 10:03:23 | 任务进度轮询开始 
[SYS] 2025/04/22 - 10:03:23 | 任务进度轮询完成 
[SYS] 2025/04/22 - 10:03:28 | batch update started 
[SYS] 2025/04/22 - 10:03:28 | batch update finished 
[SYS] 2025/04/22 - 10:03:30 | batch update started 
[SYS] 2025/04/22 - 10:03:30 | batch update finished 
[SYS] 2025/04/22 - 10:03:35 | syncing options from database 
[SYS] 2025/04/22 - 10:03:35 | syncing channels from database 
[SYS] 2025/04/22 - 10:03:35 | channels synced from database 
[SYS] 2025/04/22 - 10:03:35 | batch update started 
[SYS] 2025/04/22 - 10:03:35 | batch update finished 
[SYS] 2025/04/22 - 10:03:35 | 任务进度轮询开始 
[SYS] 2025/04/22 - 10:03:35 | 任务进度轮询完成 
[SYS] 2025/04/22 - 10:03:40 | batch update started 
[SYS] 2025/04/22 - 10:03:40 | batch update finished 
[SYS] 2025/04/22 - 10:03:45 | batch update started 
[SYS] 2025/04/22 - 10:03:45 | batch update finished 
[SYS] 2025/04/22 - 10:03:50 | batch update started 
[SYS] 2025/04/22 - 10:03:50 | batch update finished 
[SYS] 2025/04/22 - 10:03:50 | 任务进度轮询开始 
[SYS] 2025/04/22 - 10:03:50 | 任务进度轮询完成 
[SYS] 2025/04/22 - 10:03:55 | batch update started 
[SYS] 2025/04/22 - 10:03:55 | batch update finished 
[SYS] 2025/04/22 - 10:03:58 | batch update started 
[SYS] 2025/04/22 - 10:03:58 | batch update finished 
[SYS] 2025/04/22 - 10:04:03 | batch update started 
[SYS] 2025/04/22 - 10:04:03 | batch update finished 
[SYS] 2025/04/22 - 10:04:03 | 任务进度轮询开始 
[SYS] 2025/04/22 - 10:04:03 | 任务进度轮询完成 
[SYS] 2025/04/22 - 10:04:08 | batch update started 
[SYS] 2025/04/22 - 10:04:08 | batch update finished 
[SYS] 2025/04/22 - 10:04:13 | batch update started 
[SYS] 2025/04/22 - 10:04:13 | batch update finished 
[SYS] 2025/04/22 - 10:04:18 | 任务进度轮询开始 
[SYS] 2025/04/22 - 10:04:18 | batch update started 
[SYS] 2025/04/22 - 10:04:18 | batch update finished 
[SYS] 2025/04/22 - 10:04:18 | 任务进度轮询完成 
