[SYS] 2025/04/03 - 12:39:17 | New API v0.0.0 started 
[SYS] 2025/04/03 - 12:39:17 | using MySQL as database 
[SYS] 2025/04/03 - 12:39:17 | database migration started 
[SYS] 2025/04/03 - 12:39:17 | database migrated 
[SYS] 2025/04/03 - 12:39:17 | using MySQL as database 
[SYS] 2025/04/03 - 12:39:17 | database migration started 
[SYS] 2025/04/03 - 12:39:18 | Redis is enabled 
[SYS] 2025/04/03 - 12:39:18 | memory cache enabled 
[SYS] 2025/04/03 - 12:39:18 | sync frequency: 60 seconds 
[SYS] 2025/04/03 - 12:39:18 | channels synced from database 
[SYS] 2025/04/03 - 12:39:18 | 正在更新数据看板数据... 
[SYS] 2025/04/03 - 12:39:18 | 保存数据看板数据成功，共保存0条数据 
[SYS] 2025/04/03 - 12:39:18 | batch update enabled with interval 5s 
[SYS] 2025/04/03 - 12:39:18 | pprof enabled 
[SYS] 2025/04/03 - 12:39:18 | initializing token encoders 
[SYS] 2025/04/03 - 12:39:18 | token encoders initialized 
[SYS] 2025/04/03 - 12:39:18 | FRONTEND_BASE_URL is ignored on master node 
[SYS] 2025/04/03 - 12:39:23 | batch update started 
[SYS] 2025/04/03 - 12:39:23 | batch update finished 
[SYS] 2025/04/03 - 12:39:28 | batch update started 
[SYS] 2025/04/03 - 12:39:28 | batch update finished 
[SYS] 2025/04/03 - 12:39:33 | batch update started 
[SYS] 2025/04/03 - 12:39:33 | 任务进度轮询开始 
[SYS] 2025/04/03 - 12:39:33 | batch update finished 
[SYS] 2025/04/03 - 12:39:33 | 任务进度轮询完成 
[SYS] 2025/04/03 - 12:39:38 | batch update started 
[SYS] 2025/04/03 - 12:39:38 | batch update finished 
[GIN] 2025/04/03 - 12:39:40 | 20250403123940504023982EjlyH1N | 200 |   41.271105ms |             ::1 |     GET /api/user/self
[GIN] 2025/04/03 - 12:39:40 | 20250403123940440353273VMZAAoKR | 200 |    89.35879ms |             ::1 |     GET /api/data/self?start_timestamp=1743593979&end_timestamp=1743683979&default_time=hour
[SYS] 2025/04/03 - 12:39:43 | batch update started 
[SYS] 2025/04/03 - 12:39:43 | batch update finished 
[GIN] 2025/04/03 - 12:39:44 | 20250403123944221858188pfPnMhD3 | 200 |   40.173845ms |             ::1 |     GET /api/user/models
[GIN] 2025/04/03 - 12:39:44 | 20250403123944264814833TRm6WDHf | 200 |    2.030148ms |             ::1 |     GET /api/user/self/groups
[GIN] 2025/04/03 - 12:39:44 | 20250403123944258649451bAIKwqu3 | 200 |  118.242401ms |             ::1 |     GET /api/token/?p=0&size=10
[SYS] 2025/04/03 - 12:39:48 | batch update started 
[SYS] 2025/04/03 - 12:39:48 | batch update finished 
[SYS] 2025/04/03 - 12:39:48 | 任务进度轮询开始 
[SYS] 2025/04/03 - 12:39:48 | 任务进度轮询完成 
[GIN] 2025/04/03 - 12:39:48 | 202504031239488211303301HByRkks | 200 |    1.464778ms |             ::1 |     GET /api/user/logout
[SYS] 2025/04/03 - 12:39:53 | batch update started 
[SYS] 2025/04/03 - 12:39:53 | batch update finished 
[SYS] 2025/04/03 - 12:39:58 | batch update started 
[SYS] 2025/04/03 - 12:39:58 | batch update finished 
[SYS] 2025/04/03 - 12:40:03 | batch update started 
[SYS] 2025/04/03 - 12:40:03 | batch update finished 
[SYS] 2025/04/03 - 12:40:03 | 任务进度轮询开始 
[SYS] 2025/04/03 - 12:40:03 | 任务进度轮询完成 
[SYS] 2025/04/03 - 12:40:08 | batch update started 
[SYS] 2025/04/03 - 12:40:08 | batch update finished 
[SYS] 2025/04/03 - 12:40:13 | batch update started 
[SYS] 2025/04/03 - 12:40:13 | batch update finished 
[SYS] 2025/04/03 - 12:40:18 | syncing options from database 
[SYS] 2025/04/03 - 12:40:18 | syncing channels from database 
[SYS] 2025/04/03 - 12:40:18 | batch update started 
[SYS] 2025/04/03 - 12:40:18 | batch update finished 
[SYS] 2025/04/03 - 12:40:18 | channels synced from database 
[SYS] 2025/04/03 - 12:40:18 | 任务进度轮询开始 
[SYS] 2025/04/03 - 12:40:18 | 任务进度轮询完成 
[GIN] 2025/04/03 - 12:40:19 | 20250403124019260741588IyjK8KOe | 500 |    1.877889ms |             ::1 |     GET /api/auth/google/login
[SYS] 2025/04/03 - 12:40:23 | batch update started 
[SYS] 2025/04/03 - 12:40:23 | batch update finished 
[SYS] 2025/04/03 - 12:40:28 | batch update started 
[SYS] 2025/04/03 - 12:40:28 | batch update finished 
[SYS] 2025/04/03 - 12:40:33 | batch update started 
[SYS] 2025/04/03 - 12:40:33 | batch update finished 
[SYS] 2025/04/03 - 12:40:33 | 任务进度轮询开始 
[SYS] 2025/04/03 - 12:40:33 | 任务进度轮询完成 
[SYS] 2025/04/03 - 12:40:38 | batch update started 
[SYS] 2025/04/03 - 12:40:38 | batch update finished 
[SYS] 2025/04/03 - 12:40:43 | batch update started 
[SYS] 2025/04/03 - 12:40:43 | batch update finished 
[SYS] 2025/04/03 - 12:40:48 | batch update started 
[SYS] 2025/04/03 - 12:40:48 | batch update finished 
[SYS] 2025/04/03 - 12:40:48 | 任务进度轮询开始 
[SYS] 2025/04/03 - 12:40:48 | 任务进度轮询完成 
[SYS] 2025/04/03 - 12:40:53 | batch update started 
[SYS] 2025/04/03 - 12:40:53 | batch update finished 
[SYS] 2025/04/03 - 12:40:58 | batch update started 
[SYS] 2025/04/03 - 12:40:58 | batch update finished 
[SYS] 2025/04/03 - 12:41:03 | batch update started 
[SYS] 2025/04/03 - 12:41:03 | batch update finished 
[SYS] 2025/04/03 - 12:41:03 | 任务进度轮询开始 
[SYS] 2025/04/03 - 12:41:03 | 任务进度轮询完成 
[SYS] 2025/04/03 - 12:41:08 | batch update started 
[SYS] 2025/04/03 - 12:41:08 | batch update finished 
[SYS] 2025/04/03 - 12:41:13 | batch update started 
[SYS] 2025/04/03 - 12:41:13 | batch update finished 
[SYS] 2025/04/03 - 12:41:18 | syncing options from database 
[SYS] 2025/04/03 - 12:41:18 | syncing channels from database 
[SYS] 2025/04/03 - 12:41:18 | batch update started 
[SYS] 2025/04/03 - 12:41:18 | batch update finished 
[SYS] 2025/04/03 - 12:41:18 | channels synced from database 
[SYS] 2025/04/03 - 12:41:18 | 任务进度轮询开始 
[SYS] 2025/04/03 - 12:41:18 | 任务进度轮询完成 
[SYS] 2025/04/03 - 12:41:23 | batch update started 
[SYS] 2025/04/03 - 12:41:23 | batch update finished 
[SYS] 2025/04/03 - 12:41:28 | batch update started 
[SYS] 2025/04/03 - 12:41:28 | batch update finished 
[SYS] 2025/04/03 - 12:41:33 | batch update started 
[SYS] 2025/04/03 - 12:41:33 | batch update finished 
[SYS] 2025/04/03 - 12:41:33 | 任务进度轮询开始 
[SYS] 2025/04/03 - 12:41:33 | 任务进度轮询完成 
[SYS] 2025/04/03 - 12:41:38 | batch update started 
[SYS] 2025/04/03 - 12:41:38 | batch update finished 
[SYS] 2025/04/03 - 12:41:43 | batch update started 
[SYS] 2025/04/03 - 12:41:43 | batch update finished 
[SYS] 2025/04/03 - 12:41:48 | batch update started 
[SYS] 2025/04/03 - 12:41:48 | batch update finished 
[SYS] 2025/04/03 - 12:41:48 | 任务进度轮询开始 
[SYS] 2025/04/03 - 12:41:48 | 任务进度轮询完成 
[SYS] 2025/04/03 - 12:41:53 | batch update started 
[SYS] 2025/04/03 - 12:41:53 | batch update finished 
[SYS] 2025/04/03 - 12:41:58 | batch update started 
[SYS] 2025/04/03 - 12:41:58 | batch update finished 
[SYS] 2025/04/03 - 12:42:03 | batch update started 
[SYS] 2025/04/03 - 12:42:03 | batch update finished 
[SYS] 2025/04/03 - 12:42:03 | 任务进度轮询开始 
[SYS] 2025/04/03 - 12:42:03 | 任务进度轮询完成 
[SYS] 2025/04/03 - 12:42:08 | batch update started 
[SYS] 2025/04/03 - 12:42:08 | batch update finished 
[SYS] 2025/04/03 - 12:42:13 | batch update started 
[SYS] 2025/04/03 - 12:42:13 | batch update finished 
[SYS] 2025/04/03 - 12:42:18 | syncing options from database 
[SYS] 2025/04/03 - 12:42:18 | syncing channels from database 
[SYS] 2025/04/03 - 12:42:18 | batch update started 
[SYS] 2025/04/03 - 12:42:18 | batch update finished 
[SYS] 2025/04/03 - 12:42:18 | 任务进度轮询开始 
[SYS] 2025/04/03 - 12:42:18 | channels synced from database 
[SYS] 2025/04/03 - 12:42:18 | 任务进度轮询完成 
[SYS] 2025/04/03 - 12:42:23 | batch update started 
[SYS] 2025/04/03 - 12:42:23 | batch update finished 
[SYS] 2025/04/03 - 12:42:28 | batch update started 
[SYS] 2025/04/03 - 12:42:28 | batch update finished 
[SYS] 2025/04/03 - 12:42:33 | batch update started 
[SYS] 2025/04/03 - 12:42:33 | batch update finished 
[SYS] 2025/04/03 - 12:42:33 | 任务进度轮询开始 
[SYS] 2025/04/03 - 12:42:33 | 任务进度轮询完成 
[SYS] 2025/04/03 - 12:42:38 | batch update started 
[SYS] 2025/04/03 - 12:42:38 | batch update finished 
[SYS] 2025/04/03 - 12:42:43 | batch update started 
[SYS] 2025/04/03 - 12:42:43 | batch update finished 
[SYS] 2025/04/03 - 12:42:48 | batch update started 
[SYS] 2025/04/03 - 12:42:48 | batch update finished 
[SYS] 2025/04/03 - 12:42:48 | 任务进度轮询开始 
[SYS] 2025/04/03 - 12:42:48 | 任务进度轮询完成 
[SYS] 2025/04/03 - 12:42:53 | batch update started 
[SYS] 2025/04/03 - 12:42:53 | batch update finished 
[SYS] 2025/04/03 - 12:42:58 | batch update started 
[SYS] 2025/04/03 - 12:42:58 | batch update finished 
[SYS] 2025/04/03 - 12:43:03 | batch update started 
[SYS] 2025/04/03 - 12:43:03 | batch update finished 
[SYS] 2025/04/03 - 12:43:03 | 任务进度轮询开始 
[SYS] 2025/04/03 - 12:43:03 | 任务进度轮询完成 
[SYS] 2025/04/03 - 12:43:08 | batch update started 
[SYS] 2025/04/03 - 12:43:08 | batch update finished 
[SYS] 2025/04/03 - 12:43:13 | batch update started 
[SYS] 2025/04/03 - 12:43:13 | batch update finished 
[SYS] 2025/04/03 - 12:43:18 | syncing options from database 
[SYS] 2025/04/03 - 12:43:18 | syncing channels from database 
[SYS] 2025/04/03 - 12:43:18 | channels synced from database 
[SYS] 2025/04/03 - 12:43:18 | batch update started 
[SYS] 2025/04/03 - 12:43:18 | batch update finished 
[SYS] 2025/04/03 - 12:43:18 | 任务进度轮询开始 
[SYS] 2025/04/03 - 12:43:18 | 任务进度轮询完成 
[SYS] 2025/04/03 - 12:43:23 | batch update started 
[SYS] 2025/04/03 - 12:43:23 | batch update finished 
[SYS] 2025/04/03 - 12:43:28 | batch update started 
[SYS] 2025/04/03 - 12:43:28 | batch update finished 
[SYS] 2025/04/03 - 12:43:33 | batch update started 
[SYS] 2025/04/03 - 12:43:33 | batch update finished 
[SYS] 2025/04/03 - 12:43:33 | 任务进度轮询开始 
[SYS] 2025/04/03 - 12:43:33 | 任务进度轮询完成 
[SYS] 2025/04/03 - 12:43:38 | batch update started 
[SYS] 2025/04/03 - 12:43:38 | batch update finished 
[SYS] 2025/04/03 - 12:43:43 | batch update started 
[SYS] 2025/04/03 - 12:43:43 | batch update finished 
[SYS] 2025/04/03 - 12:43:48 | 任务进度轮询开始 
[SYS] 2025/04/03 - 12:43:48 | 任务进度轮询完成 
[SYS] 2025/04/03 - 12:43:48 | batch update started 
[SYS] 2025/04/03 - 12:43:48 | batch update finished 
[SYS] 2025/04/03 - 12:43:53 | batch update started 
[SYS] 2025/04/03 - 12:43:53 | batch update finished 
[SYS] 2025/04/03 - 12:43:58 | batch update started 
[SYS] 2025/04/03 - 12:43:58 | batch update finished 
[SYS] 2025/04/03 - 12:44:03 | 任务进度轮询开始 
[SYS] 2025/04/03 - 12:44:03 | 任务进度轮询完成 
[SYS] 2025/04/03 - 12:44:03 | batch update started 
[SYS] 2025/04/03 - 12:44:03 | batch update finished 
[SYS] 2025/04/03 - 12:44:08 | batch update started 
[SYS] 2025/04/03 - 12:44:08 | batch update finished 
[SYS] 2025/04/03 - 12:44:13 | batch update started 
[SYS] 2025/04/03 - 12:44:13 | batch update finished 
[SYS] 2025/04/03 - 12:44:18 | 正在更新数据看板数据... 
[SYS] 2025/04/03 - 12:44:18 | 保存数据看板数据成功，共保存0条数据 
[SYS] 2025/04/03 - 12:44:18 | syncing options from database 
[SYS] 2025/04/03 - 12:44:18 | syncing channels from database 
[SYS] 2025/04/03 - 12:44:18 | channels synced from database 
[SYS] 2025/04/03 - 12:44:18 | 任务进度轮询开始 
[SYS] 2025/04/03 - 12:44:18 | batch update started 
[SYS] 2025/04/03 - 12:44:18 | batch update finished 
[SYS] 2025/04/03 - 12:44:18 | 任务进度轮询完成 
[SYS] 2025/04/03 - 12:44:23 | batch update started 
[SYS] 2025/04/03 - 12:44:23 | batch update finished 
[SYS] 2025/04/03 - 12:44:28 | batch update started 
[SYS] 2025/04/03 - 12:44:28 | batch update finished 
[SYS] 2025/04/03 - 12:44:33 | batch update started 
[SYS] 2025/04/03 - 12:44:33 | batch update finished 
[SYS] 2025/04/03 - 12:44:33 | 任务进度轮询开始 
[SYS] 2025/04/03 - 12:44:33 | 任务进度轮询完成 
[SYS] 2025/04/03 - 12:44:38 | batch update started 
[SYS] 2025/04/03 - 12:44:38 | batch update finished 
[SYS] 2025/04/03 - 12:44:43 | batch update started 
[SYS] 2025/04/03 - 12:44:43 | batch update finished 
[SYS] 2025/04/03 - 12:44:48 | 任务进度轮询开始 
[SYS] 2025/04/03 - 12:44:48 | batch update started 
[SYS] 2025/04/03 - 12:44:48 | batch update finished 
[SYS] 2025/04/03 - 12:44:48 | 任务进度轮询完成 
[SYS] 2025/04/03 - 12:44:53 | batch update started 
[SYS] 2025/04/03 - 12:44:53 | batch update finished 
[SYS] 2025/04/03 - 12:44:58 | batch update started 
[SYS] 2025/04/03 - 12:44:58 | batch update finished 
[SYS] 2025/04/03 - 12:45:03 | 任务进度轮询开始 
[SYS] 2025/04/03 - 12:45:03 | 任务进度轮询完成 
[SYS] 2025/04/03 - 12:45:03 | batch update started 
[SYS] 2025/04/03 - 12:45:03 | batch update finished 
[SYS] 2025/04/03 - 12:45:08 | batch update started 
[SYS] 2025/04/03 - 12:45:08 | batch update finished 
[SYS] 2025/04/03 - 12:45:13 | batch update started 
[SYS] 2025/04/03 - 12:45:13 | batch update finished 
[SYS] 2025/04/03 - 12:45:18 | syncing options from database 
[SYS] 2025/04/03 - 12:45:18 | syncing channels from database 
[SYS] 2025/04/03 - 12:45:18 | channels synced from database 
[SYS] 2025/04/03 - 12:45:18 | 任务进度轮询开始 
[SYS] 2025/04/03 - 12:45:18 | 任务进度轮询完成 
[SYS] 2025/04/03 - 12:45:18 | batch update started 
[SYS] 2025/04/03 - 12:45:18 | batch update finished 
[SYS] 2025/04/03 - 12:45:23 | batch update started 
[SYS] 2025/04/03 - 12:45:23 | batch update finished 
[SYS] 2025/04/03 - 12:45:28 | batch update started 
[SYS] 2025/04/03 - 12:45:28 | batch update finished 
[SYS] 2025/04/03 - 12:45:33 | 任务进度轮询开始 
[SYS] 2025/04/03 - 12:45:33 | 任务进度轮询完成 
[SYS] 2025/04/03 - 12:45:33 | batch update started 
[SYS] 2025/04/03 - 12:45:33 | batch update finished 
[SYS] 2025/04/03 - 12:45:38 | batch update started 
[SYS] 2025/04/03 - 12:45:38 | batch update finished 
[SYS] 2025/04/03 - 12:45:43 | batch update started 
[SYS] 2025/04/03 - 12:45:43 | batch update finished 
[SYS] 2025/04/03 - 12:45:48 | 任务进度轮询开始 
[SYS] 2025/04/03 - 12:45:48 | 任务进度轮询完成 
[SYS] 2025/04/03 - 12:45:48 | batch update started 
[SYS] 2025/04/03 - 12:45:48 | batch update finished 
[SYS] 2025/04/03 - 12:45:53 | batch update started 
[SYS] 2025/04/03 - 12:45:53 | batch update finished 
[SYS] 2025/04/03 - 12:45:58 | batch update started 
[SYS] 2025/04/03 - 12:45:58 | batch update finished 
[SYS] 2025/04/03 - 12:46:03 | 任务进度轮询开始 
[SYS] 2025/04/03 - 12:46:03 | 任务进度轮询完成 
[SYS] 2025/04/03 - 12:46:03 | batch update started 
[SYS] 2025/04/03 - 12:46:03 | batch update finished 
[SYS] 2025/04/03 - 12:46:08 | batch update started 
[SYS] 2025/04/03 - 12:46:08 | batch update finished 
[SYS] 2025/04/03 - 12:46:13 | batch update started 
[SYS] 2025/04/03 - 12:46:13 | batch update finished 
[SYS] 2025/04/03 - 12:46:18 | syncing options from database 
[SYS] 2025/04/03 - 12:46:18 | syncing channels from database 
[SYS] 2025/04/03 - 12:46:18 | channels synced from database 
[SYS] 2025/04/03 - 12:46:18 | 任务进度轮询开始 
[SYS] 2025/04/03 - 12:46:18 | 任务进度轮询完成 
[SYS] 2025/04/03 - 12:46:18 | batch update started 
[SYS] 2025/04/03 - 12:46:18 | batch update finished 
[SYS] 2025/04/03 - 12:46:23 | batch update started 
[SYS] 2025/04/03 - 12:46:23 | batch update finished 
[SYS] 2025/04/03 - 12:46:28 | batch update started 
[SYS] 2025/04/03 - 12:46:28 | batch update finished 
[SYS] 2025/04/03 - 12:46:33 | 任务进度轮询开始 
[SYS] 2025/04/03 - 12:46:33 | 任务进度轮询完成 
[SYS] 2025/04/03 - 12:46:33 | batch update started 
[SYS] 2025/04/03 - 12:46:33 | batch update finished 
[SYS] 2025/04/03 - 12:46:38 | batch update started 
[SYS] 2025/04/03 - 12:46:38 | batch update finished 
[SYS] 2025/04/03 - 12:46:43 | batch update started 
[SYS] 2025/04/03 - 12:46:43 | batch update finished 
[SYS] 2025/04/03 - 12:46:48 | 任务进度轮询开始 
[SYS] 2025/04/03 - 12:46:48 | 任务进度轮询完成 
[SYS] 2025/04/03 - 12:46:48 | batch update started 
[SYS] 2025/04/03 - 12:46:48 | batch update finished 
[SYS] 2025/04/03 - 12:46:53 | batch update started 
[SYS] 2025/04/03 - 12:46:53 | batch update finished 
[SYS] 2025/04/03 - 12:46:58 | batch update started 
[SYS] 2025/04/03 - 12:46:58 | batch update finished 
[SYS] 2025/04/03 - 12:47:03 | 任务进度轮询开始 
[SYS] 2025/04/03 - 12:47:03 | 任务进度轮询完成 
[SYS] 2025/04/03 - 12:47:03 | batch update started 
[SYS] 2025/04/03 - 12:47:03 | batch update finished 
[SYS] 2025/04/03 - 12:47:08 | batch update started 
[SYS] 2025/04/03 - 12:47:08 | batch update finished 
[SYS] 2025/04/03 - 12:47:13 | batch update started 
[SYS] 2025/04/03 - 12:47:13 | batch update finished 
[SYS] 2025/04/03 - 12:47:18 | syncing options from database 
[SYS] 2025/04/03 - 12:47:18 | syncing channels from database 
[SYS] 2025/04/03 - 12:47:18 | channels synced from database 
[SYS] 2025/04/03 - 12:47:18 | 任务进度轮询开始 
[SYS] 2025/04/03 - 12:47:18 | 任务进度轮询完成 
[SYS] 2025/04/03 - 12:47:18 | batch update started 
[SYS] 2025/04/03 - 12:47:18 | batch update finished 
[SYS] 2025/04/03 - 12:47:23 | batch update started 
[SYS] 2025/04/03 - 12:47:23 | batch update finished 
[SYS] 2025/04/03 - 12:47:28 | batch update started 
[SYS] 2025/04/03 - 12:47:28 | batch update finished 
[SYS] 2025/04/03 - 12:47:33 | 任务进度轮询开始 
[SYS] 2025/04/03 - 12:47:33 | 任务进度轮询完成 
[SYS] 2025/04/03 - 12:47:33 | batch update started 
[SYS] 2025/04/03 - 12:47:33 | batch update finished 
[SYS] 2025/04/03 - 12:47:38 | batch update started 
[SYS] 2025/04/03 - 12:47:38 | batch update finished 
[SYS] 2025/04/03 - 12:47:43 | batch update started 
[SYS] 2025/04/03 - 12:47:43 | batch update finished 
[SYS] 2025/04/03 - 12:47:48 | 任务进度轮询开始 
[SYS] 2025/04/03 - 12:47:48 | 任务进度轮询完成 
[SYS] 2025/04/03 - 12:47:48 | batch update started 
[SYS] 2025/04/03 - 12:47:48 | batch update finished 
[SYS] 2025/04/03 - 12:47:53 | batch update started 
[SYS] 2025/04/03 - 12:47:53 | batch update finished 
[SYS] 2025/04/03 - 12:47:58 | batch update started 
[SYS] 2025/04/03 - 12:47:58 | batch update finished 
[SYS] 2025/04/03 - 12:48:03 | 任务进度轮询开始 
[SYS] 2025/04/03 - 12:48:03 | 任务进度轮询完成 
[SYS] 2025/04/03 - 12:48:03 | batch update started 
[SYS] 2025/04/03 - 12:48:03 | batch update finished 
[SYS] 2025/04/03 - 12:48:08 | batch update started 
[SYS] 2025/04/03 - 12:48:08 | batch update finished 
[SYS] 2025/04/03 - 12:48:13 | batch update started 
[SYS] 2025/04/03 - 12:48:13 | batch update finished 
[SYS] 2025/04/03 - 12:48:18 | syncing options from database 
[SYS] 2025/04/03 - 12:48:18 | syncing channels from database 
[SYS] 2025/04/03 - 12:48:18 | channels synced from database 
[SYS] 2025/04/03 - 12:48:18 | 任务进度轮询开始 
[SYS] 2025/04/03 - 12:48:18 | 任务进度轮询完成 
[SYS] 2025/04/03 - 12:48:18 | batch update started 
[SYS] 2025/04/03 - 12:48:18 | batch update finished 
[SYS] 2025/04/03 - 12:48:23 | batch update started 
[SYS] 2025/04/03 - 12:48:23 | batch update finished 
[SYS] 2025/04/03 - 12:48:28 | batch update started 
[SYS] 2025/04/03 - 12:48:28 | batch update finished 
[SYS] 2025/04/03 - 12:48:33 | 任务进度轮询开始 
[SYS] 2025/04/03 - 12:48:33 | 任务进度轮询完成 
[SYS] 2025/04/03 - 12:48:33 | batch update started 
[SYS] 2025/04/03 - 12:48:33 | batch update finished 
[SYS] 2025/04/03 - 12:48:38 | batch update started 
[SYS] 2025/04/03 - 12:48:38 | batch update finished 
[SYS] 2025/04/03 - 12:48:43 | batch update started 
[SYS] 2025/04/03 - 12:48:43 | batch update finished 
[SYS] 2025/04/03 - 12:48:48 | 任务进度轮询开始 
[SYS] 2025/04/03 - 12:48:48 | 任务进度轮询完成 
[SYS] 2025/04/03 - 12:48:48 | batch update started 
[SYS] 2025/04/03 - 12:48:48 | batch update finished 
[SYS] 2025/04/03 - 12:48:53 | batch update started 
[SYS] 2025/04/03 - 12:48:53 | batch update finished 
[SYS] 2025/04/03 - 12:48:58 | batch update started 
[SYS] 2025/04/03 - 12:48:58 | batch update finished 
[SYS] 2025/04/03 - 12:49:03 | 任务进度轮询开始 
[SYS] 2025/04/03 - 12:49:03 | 任务进度轮询完成 
[SYS] 2025/04/03 - 12:49:03 | batch update started 
[SYS] 2025/04/03 - 12:49:03 | batch update finished 
[SYS] 2025/04/03 - 12:49:08 | batch update started 
[SYS] 2025/04/03 - 12:49:08 | batch update finished 
[SYS] 2025/04/03 - 12:49:13 | batch update started 
[SYS] 2025/04/03 - 12:49:13 | batch update finished 
[SYS] 2025/04/03 - 12:49:18 | testing all channels 
[SYS] 2025/04/03 - 12:49:18 | 正在更新数据看板数据... 
[SYS] 2025/04/03 - 12:49:18 | 保存数据看板数据成功，共保存0条数据 
[SYS] 2025/04/03 - 12:49:18 | channel test finished 
[SYS] 2025/04/03 - 12:49:18 | syncing options from database 
[SYS] 2025/04/03 - 12:49:18 | syncing channels from database 
[SYS] 2025/04/03 - 12:49:18 | channels synced from database 
[SYS] 2025/04/03 - 12:49:18 | 任务进度轮询开始 
[SYS] 2025/04/03 - 12:49:18 | 任务进度轮询完成 
[SYS] 2025/04/03 - 12:49:18 | batch update started 
[SYS] 2025/04/03 - 12:49:18 | batch update finished 
[SYS] 2025/04/03 - 12:49:23 | batch update started 
[SYS] 2025/04/03 - 12:49:23 | batch update finished 
[SYS] 2025/04/03 - 12:49:28 | batch update started 
[SYS] 2025/04/03 - 12:49:28 | batch update finished 
[SYS] 2025/04/03 - 12:49:33 | 任务进度轮询开始 
[SYS] 2025/04/03 - 12:49:33 | 任务进度轮询完成 
[SYS] 2025/04/03 - 12:49:33 | batch update started 
[SYS] 2025/04/03 - 12:49:33 | batch update finished 
[SYS] 2025/04/03 - 12:49:38 | batch update started 
[SYS] 2025/04/03 - 12:49:38 | batch update finished 
[SYS] 2025/04/03 - 12:49:43 | batch update started 
[SYS] 2025/04/03 - 12:49:43 | batch update finished 
[SYS] 2025/04/03 - 12:49:48 | 任务进度轮询开始 
[SYS] 2025/04/03 - 12:49:48 | 任务进度轮询完成 
[SYS] 2025/04/03 - 12:49:48 | batch update started 
[SYS] 2025/04/03 - 12:49:48 | batch update finished 
[SYS] 2025/04/03 - 12:49:53 | batch update started 
[SYS] 2025/04/03 - 12:49:53 | batch update finished 
[SYS] 2025/04/03 - 12:49:58 | batch update started 
[SYS] 2025/04/03 - 12:49:58 | batch update finished 
[SYS] 2025/04/03 - 12:50:03 | 任务进度轮询开始 
[SYS] 2025/04/03 - 12:50:03 | 任务进度轮询完成 
[SYS] 2025/04/03 - 12:50:03 | batch update started 
[SYS] 2025/04/03 - 12:50:03 | batch update finished 
[SYS] 2025/04/03 - 12:50:08 | batch update started 
[SYS] 2025/04/03 - 12:50:08 | batch update finished 
[SYS] 2025/04/03 - 12:50:13 | batch update started 
[SYS] 2025/04/03 - 12:50:13 | batch update finished 
[SYS] 2025/04/03 - 12:50:18 | syncing options from database 
[SYS] 2025/04/03 - 12:50:18 | syncing channels from database 
[SYS] 2025/04/03 - 12:50:18 | channels synced from database 
[SYS] 2025/04/03 - 12:50:18 | 任务进度轮询开始 
[SYS] 2025/04/03 - 12:50:18 | 任务进度轮询完成 
[SYS] 2025/04/03 - 12:50:18 | batch update started 
[SYS] 2025/04/03 - 12:50:18 | batch update finished 
[SYS] 2025/04/03 - 12:50:23 | batch update started 
[SYS] 2025/04/03 - 12:50:23 | batch update finished 
[SYS] 2025/04/03 - 12:50:28 | batch update started 
[SYS] 2025/04/03 - 12:50:28 | batch update finished 
[SYS] 2025/04/03 - 12:50:33 | 任务进度轮询开始 
[SYS] 2025/04/03 - 12:50:33 | 任务进度轮询完成 
[SYS] 2025/04/03 - 12:50:33 | batch update started 
[SYS] 2025/04/03 - 12:50:33 | batch update finished 
[SYS] 2025/04/03 - 12:50:38 | batch update started 
[SYS] 2025/04/03 - 12:50:38 | batch update finished 
[SYS] 2025/04/03 - 12:50:43 | batch update started 
[SYS] 2025/04/03 - 12:50:43 | batch update finished 
[SYS] 2025/04/03 - 12:50:48 | 任务进度轮询开始 
[SYS] 2025/04/03 - 12:50:48 | 任务进度轮询完成 
[SYS] 2025/04/03 - 12:50:48 | batch update started 
[SYS] 2025/04/03 - 12:50:48 | batch update finished 
[SYS] 2025/04/03 - 12:50:53 | batch update started 
[SYS] 2025/04/03 - 12:50:53 | batch update finished 
[SYS] 2025/04/03 - 12:50:58 | batch update started 
[SYS] 2025/04/03 - 12:50:58 | batch update finished 
[SYS] 2025/04/03 - 12:51:03 | 任务进度轮询开始 
[SYS] 2025/04/03 - 12:51:03 | 任务进度轮询完成 
[SYS] 2025/04/03 - 12:51:03 | batch update started 
[SYS] 2025/04/03 - 12:51:03 | batch update finished 
[SYS] 2025/04/03 - 12:51:08 | batch update started 
[SYS] 2025/04/03 - 12:51:08 | batch update finished 
[SYS] 2025/04/03 - 12:51:13 | batch update started 
[SYS] 2025/04/03 - 12:51:13 | batch update finished 
[SYS] 2025/04/03 - 12:51:18 | syncing options from database 
[SYS] 2025/04/03 - 12:51:18 | syncing channels from database 
[SYS] 2025/04/03 - 12:51:18 | channels synced from database 
[SYS] 2025/04/03 - 12:51:18 | 任务进度轮询开始 
[SYS] 2025/04/03 - 12:51:18 | 任务进度轮询完成 
[SYS] 2025/04/03 - 12:51:18 | batch update started 
[SYS] 2025/04/03 - 12:51:18 | batch update finished 
[SYS] 2025/04/03 - 12:51:23 | batch update started 
[SYS] 2025/04/03 - 12:51:23 | batch update finished 
[SYS] 2025/04/03 - 12:51:28 | batch update started 
[SYS] 2025/04/03 - 12:51:28 | batch update finished 
[SYS] 2025/04/03 - 12:51:33 | 任务进度轮询开始 
[SYS] 2025/04/03 - 12:51:33 | 任务进度轮询完成 
[SYS] 2025/04/03 - 12:51:33 | batch update started 
[SYS] 2025/04/03 - 12:51:33 | batch update finished 
[SYS] 2025/04/03 - 12:51:38 | batch update started 
[SYS] 2025/04/03 - 12:51:38 | batch update finished 
[SYS] 2025/04/03 - 12:51:43 | batch update started 
[SYS] 2025/04/03 - 12:51:43 | batch update finished 
[SYS] 2025/04/03 - 12:51:48 | 任务进度轮询开始 
[SYS] 2025/04/03 - 12:51:48 | 任务进度轮询完成 
[SYS] 2025/04/03 - 12:51:48 | batch update started 
[SYS] 2025/04/03 - 12:51:48 | batch update finished 
[SYS] 2025/04/03 - 12:51:53 | batch update started 
[SYS] 2025/04/03 - 12:51:53 | batch update finished 
[SYS] 2025/04/03 - 12:51:58 | batch update started 
[SYS] 2025/04/03 - 12:51:58 | batch update finished 
[SYS] 2025/04/03 - 12:52:03 | 任务进度轮询开始 
[SYS] 2025/04/03 - 12:52:03 | 任务进度轮询完成 
[SYS] 2025/04/03 - 12:52:03 | batch update started 
[SYS] 2025/04/03 - 12:52:03 | batch update finished 
[SYS] 2025/04/03 - 12:52:08 | batch update started 
[SYS] 2025/04/03 - 12:52:08 | batch update finished 
[SYS] 2025/04/03 - 12:52:13 | batch update started 
[SYS] 2025/04/03 - 12:52:13 | batch update finished 
[SYS] 2025/04/03 - 12:52:18 | syncing options from database 
[SYS] 2025/04/03 - 12:52:18 | syncing channels from database 
[SYS] 2025/04/03 - 12:52:18 | channels synced from database 
[SYS] 2025/04/03 - 12:52:18 | 任务进度轮询开始 
[SYS] 2025/04/03 - 12:52:18 | 任务进度轮询完成 
[SYS] 2025/04/03 - 12:52:18 | batch update started 
[SYS] 2025/04/03 - 12:52:18 | batch update finished 
[SYS] 2025/04/03 - 12:52:23 | batch update started 
[SYS] 2025/04/03 - 12:52:23 | batch update finished 
[SYS] 2025/04/03 - 12:52:28 | batch update started 
[SYS] 2025/04/03 - 12:52:28 | batch update finished 
[SYS] 2025/04/03 - 12:52:33 | 任务进度轮询开始 
[SYS] 2025/04/03 - 12:52:33 | 任务进度轮询完成 
[SYS] 2025/04/03 - 12:52:33 | batch update started 
[SYS] 2025/04/03 - 12:52:33 | batch update finished 
[SYS] 2025/04/03 - 12:52:38 | batch update started 
[SYS] 2025/04/03 - 12:52:38 | batch update finished 
[SYS] 2025/04/03 - 12:52:43 | batch update started 
[SYS] 2025/04/03 - 12:52:43 | batch update finished 
[SYS] 2025/04/03 - 12:52:48 | 任务进度轮询开始 
[SYS] 2025/04/03 - 12:52:48 | 任务进度轮询完成 
[SYS] 2025/04/03 - 12:52:48 | batch update started 
[SYS] 2025/04/03 - 12:52:48 | batch update finished 
[SYS] 2025/04/03 - 12:52:53 | batch update started 
[SYS] 2025/04/03 - 12:52:53 | batch update finished 
[SYS] 2025/04/03 - 12:52:58 | batch update started 
[SYS] 2025/04/03 - 12:52:58 | batch update finished 
[SYS] 2025/04/03 - 12:53:03 | 任务进度轮询开始 
[SYS] 2025/04/03 - 12:53:03 | 任务进度轮询完成 
[SYS] 2025/04/03 - 12:53:03 | batch update started 
[SYS] 2025/04/03 - 12:53:03 | batch update finished 
[SYS] 2025/04/03 - 12:53:08 | batch update started 
[SYS] 2025/04/03 - 12:53:08 | batch update finished 
[SYS] 2025/04/03 - 12:53:13 | batch update started 
[SYS] 2025/04/03 - 12:53:13 | batch update finished 
[SYS] 2025/04/03 - 12:53:18 | syncing options from database 
[SYS] 2025/04/03 - 12:53:18 | syncing channels from database 
[SYS] 2025/04/03 - 12:53:18 | channels synced from database 
[SYS] 2025/04/03 - 12:53:18 | 任务进度轮询开始 
[SYS] 2025/04/03 - 12:53:18 | 任务进度轮询完成 
[SYS] 2025/04/03 - 12:53:18 | batch update started 
[SYS] 2025/04/03 - 12:53:18 | batch update finished 
[SYS] 2025/04/03 - 12:53:24 | batch update started 
[SYS] 2025/04/03 - 12:53:24 | batch update finished 
[SYS] 2025/04/03 - 12:53:29 | batch update started 
[SYS] 2025/04/03 - 12:53:29 | batch update finished 
[SYS] 2025/04/03 - 12:53:33 | 任务进度轮询开始 
[SYS] 2025/04/03 - 12:53:33 | 任务进度轮询完成 
[SYS] 2025/04/03 - 12:53:34 | batch update started 
[SYS] 2025/04/03 - 12:53:34 | batch update finished 
[SYS] 2025/04/03 - 12:53:39 | batch update started 
[SYS] 2025/04/03 - 12:53:39 | batch update finished 
[SYS] 2025/04/03 - 12:53:44 | batch update started 
[SYS] 2025/04/03 - 12:53:44 | batch update finished 
[SYS] 2025/04/03 - 12:53:48 | 任务进度轮询开始 
[SYS] 2025/04/03 - 12:53:48 | 任务进度轮询完成 
[SYS] 2025/04/03 - 12:53:49 | batch update started 
[SYS] 2025/04/03 - 12:53:49 | batch update finished 
[SYS] 2025/04/03 - 12:53:53 | batch update started 
[SYS] 2025/04/03 - 12:53:53 | batch update finished 
[SYS] 2025/04/03 - 12:53:58 | batch update started 
[SYS] 2025/04/03 - 12:53:58 | batch update finished 
[SYS] 2025/04/03 - 12:54:03 | 任务进度轮询开始 
[SYS] 2025/04/03 - 12:54:03 | 任务进度轮询完成 
[SYS] 2025/04/03 - 12:54:03 | batch update started 
[SYS] 2025/04/03 - 12:54:03 | batch update finished 
[SYS] 2025/04/03 - 12:54:08 | batch update started 
[SYS] 2025/04/03 - 12:54:08 | batch update finished 
[SYS] 2025/04/03 - 12:54:13 | batch update started 
[SYS] 2025/04/03 - 12:54:13 | batch update finished 
[SYS] 2025/04/03 - 12:54:18 | 正在更新数据看板数据... 
[SYS] 2025/04/03 - 12:54:18 | 保存数据看板数据成功，共保存0条数据 
[SYS] 2025/04/03 - 12:54:18 | syncing options from database 
[SYS] 2025/04/03 - 12:54:18 | syncing channels from database 
[SYS] 2025/04/03 - 12:54:18 | channels synced from database 
[SYS] 2025/04/03 - 12:54:18 | 任务进度轮询开始 
[SYS] 2025/04/03 - 12:54:18 | 任务进度轮询完成 
[SYS] 2025/04/03 - 12:54:18 | batch update started 
[SYS] 2025/04/03 - 12:54:18 | batch update finished 
[SYS] 2025/04/03 - 12:54:24 | batch update started 
[SYS] 2025/04/03 - 12:54:24 | batch update finished 
[SYS] 2025/04/03 - 12:54:29 | batch update started 
[SYS] 2025/04/03 - 12:54:29 | batch update finished 
[SYS] 2025/04/03 - 12:54:33 | 任务进度轮询开始 
[SYS] 2025/04/03 - 12:54:33 | 任务进度轮询完成 
[SYS] 2025/04/03 - 12:54:34 | batch update started 
[SYS] 2025/04/03 - 12:54:34 | batch update finished 
[SYS] 2025/04/03 - 12:54:39 | batch update started 
[SYS] 2025/04/03 - 12:54:39 | batch update finished 
[SYS] 2025/04/03 - 12:54:44 | batch update started 
[SYS] 2025/04/03 - 12:54:44 | batch update finished 
[SYS] 2025/04/03 - 12:54:48 | 任务进度轮询开始 
[SYS] 2025/04/03 - 12:54:48 | 任务进度轮询完成 
[SYS] 2025/04/03 - 12:54:49 | batch update started 
[SYS] 2025/04/03 - 12:54:49 | batch update finished 
[SYS] 2025/04/03 - 12:54:54 | batch update started 
[SYS] 2025/04/03 - 12:54:54 | batch update finished 
[SYS] 2025/04/03 - 12:54:59 | batch update started 
[SYS] 2025/04/03 - 12:54:59 | batch update finished 
[SYS] 2025/04/03 - 12:55:03 | 任务进度轮询开始 
[SYS] 2025/04/03 - 12:55:03 | 任务进度轮询完成 
[SYS] 2025/04/03 - 12:55:04 | batch update started 
[SYS] 2025/04/03 - 12:55:04 | batch update finished 
[SYS] 2025/04/03 - 12:55:09 | batch update started 
[SYS] 2025/04/03 - 12:55:09 | batch update finished 
[SYS] 2025/04/03 - 12:55:14 | batch update started 
[SYS] 2025/04/03 - 12:55:14 | batch update finished 
[SYS] 2025/04/03 - 12:55:18 | syncing options from database 
[SYS] 2025/04/03 - 12:55:18 | syncing channels from database 
[SYS] 2025/04/03 - 12:55:18 | channels synced from database 
[SYS] 2025/04/03 - 12:55:18 | 任务进度轮询开始 
[SYS] 2025/04/03 - 12:55:18 | 任务进度轮询完成 
[SYS] 2025/04/03 - 12:55:19 | batch update started 
[SYS] 2025/04/03 - 12:55:19 | batch update finished 
[SYS] 2025/04/03 - 12:55:24 | batch update started 
[SYS] 2025/04/03 - 12:55:24 | batch update finished 
[SYS] 2025/04/03 - 12:55:29 | batch update started 
[SYS] 2025/04/03 - 12:55:29 | batch update finished 
[SYS] 2025/04/03 - 12:55:34 | 任务进度轮询开始 
[SYS] 2025/04/03 - 12:55:34 | 任务进度轮询完成 
[SYS] 2025/04/03 - 12:55:34 | batch update started 
[SYS] 2025/04/03 - 12:55:34 | batch update finished 
[SYS] 2025/04/03 - 12:55:39 | batch update started 
[SYS] 2025/04/03 - 12:55:39 | batch update finished 
[SYS] 2025/04/03 - 12:55:44 | batch update started 
[SYS] 2025/04/03 - 12:55:44 | batch update finished 
[SYS] 2025/04/03 - 12:55:49 | 任务进度轮询开始 
[SYS] 2025/04/03 - 12:55:49 | 任务进度轮询完成 
[SYS] 2025/04/03 - 12:55:49 | batch update started 
[SYS] 2025/04/03 - 12:55:49 | batch update finished 
[SYS] 2025/04/03 - 12:55:54 | batch update started 
[SYS] 2025/04/03 - 12:55:54 | batch update finished 
[SYS] 2025/04/03 - 12:55:59 | batch update started 
[SYS] 2025/04/03 - 12:55:59 | batch update finished 
[SYS] 2025/04/03 - 12:56:04 | 任务进度轮询开始 
[SYS] 2025/04/03 - 12:56:04 | 任务进度轮询完成 
[SYS] 2025/04/03 - 12:56:04 | batch update started 
[SYS] 2025/04/03 - 12:56:04 | batch update finished 
[SYS] 2025/04/03 - 12:56:09 | batch update started 
[SYS] 2025/04/03 - 12:56:09 | batch update finished 
[SYS] 2025/04/03 - 12:56:14 | batch update started 
[SYS] 2025/04/03 - 12:56:14 | batch update finished 
[SYS] 2025/04/03 - 12:56:18 | syncing options from database 
[SYS] 2025/04/03 - 12:56:18 | syncing channels from database 
[SYS] 2025/04/03 - 12:56:18 | channels synced from database 
[SYS] 2025/04/03 - 12:56:19 | 任务进度轮询开始 
[SYS] 2025/04/03 - 12:56:19 | 任务进度轮询完成 
[SYS] 2025/04/03 - 12:56:19 | batch update started 
[SYS] 2025/04/03 - 12:56:19 | batch update finished 
[SYS] 2025/04/03 - 12:56:24 | batch update started 
[SYS] 2025/04/03 - 12:56:24 | batch update finished 
[SYS] 2025/04/03 - 12:56:29 | batch update started 
[SYS] 2025/04/03 - 12:56:29 | batch update finished 
[SYS] 2025/04/03 - 12:56:34 | 任务进度轮询开始 
[SYS] 2025/04/03 - 12:56:34 | 任务进度轮询完成 
[SYS] 2025/04/03 - 12:56:34 | batch update started 
[SYS] 2025/04/03 - 12:56:34 | batch update finished 
[SYS] 2025/04/03 - 12:56:39 | batch update started 
[SYS] 2025/04/03 - 12:56:39 | batch update finished 
[SYS] 2025/04/03 - 12:56:44 | batch update started 
[SYS] 2025/04/03 - 12:56:44 | batch update finished 
[SYS] 2025/04/03 - 12:56:49 | 任务进度轮询开始 
[SYS] 2025/04/03 - 12:56:49 | 任务进度轮询完成 
[SYS] 2025/04/03 - 12:56:49 | batch update started 
[SYS] 2025/04/03 - 12:56:49 | batch update finished 
[SYS] 2025/04/03 - 12:56:54 | batch update started 
[SYS] 2025/04/03 - 12:56:54 | batch update finished 
[SYS] 2025/04/03 - 12:56:59 | batch update started 
[SYS] 2025/04/03 - 12:56:59 | batch update finished 
[SYS] 2025/04/03 - 12:57:04 | 任务进度轮询开始 
[SYS] 2025/04/03 - 12:57:04 | 任务进度轮询完成 
[SYS] 2025/04/03 - 12:57:04 | batch update started 
[SYS] 2025/04/03 - 12:57:04 | batch update finished 
[SYS] 2025/04/03 - 12:57:09 | batch update started 
[SYS] 2025/04/03 - 12:57:09 | batch update finished 
[SYS] 2025/04/03 - 12:57:14 | batch update started 
[SYS] 2025/04/03 - 12:57:14 | batch update finished 
[SYS] 2025/04/03 - 12:57:18 | syncing options from database 
[SYS] 2025/04/03 - 12:57:18 | syncing channels from database 
[SYS] 2025/04/03 - 12:57:18 | channels synced from database 
[SYS] 2025/04/03 - 12:57:19 | 任务进度轮询开始 
[SYS] 2025/04/03 - 12:57:19 | 任务进度轮询完成 
[SYS] 2025/04/03 - 12:57:19 | batch update started 
[SYS] 2025/04/03 - 12:57:19 | batch update finished 
[SYS] 2025/04/03 - 12:57:24 | batch update started 
[SYS] 2025/04/03 - 12:57:24 | batch update finished 
[SYS] 2025/04/03 - 12:57:29 | batch update started 
[SYS] 2025/04/03 - 12:57:29 | batch update finished 
[SYS] 2025/04/03 - 12:57:34 | 任务进度轮询开始 
[SYS] 2025/04/03 - 12:57:34 | 任务进度轮询完成 
[SYS] 2025/04/03 - 12:57:34 | batch update started 
[SYS] 2025/04/03 - 12:57:34 | batch update finished 
[SYS] 2025/04/03 - 12:57:39 | batch update started 
[SYS] 2025/04/03 - 12:57:39 | batch update finished 
[SYS] 2025/04/03 - 12:57:44 | batch update started 
[SYS] 2025/04/03 - 12:57:44 | batch update finished 
[SYS] 2025/04/03 - 12:57:49 | 任务进度轮询开始 
[SYS] 2025/04/03 - 12:57:49 | 任务进度轮询完成 
[SYS] 2025/04/03 - 12:57:49 | batch update started 
[SYS] 2025/04/03 - 12:57:49 | batch update finished 
[SYS] 2025/04/03 - 12:57:54 | batch update started 
[SYS] 2025/04/03 - 12:57:54 | batch update finished 
[SYS] 2025/04/03 - 12:57:59 | batch update started 
[SYS] 2025/04/03 - 12:57:59 | batch update finished 
[SYS] 2025/04/03 - 12:58:04 | 任务进度轮询开始 
[SYS] 2025/04/03 - 12:58:04 | 任务进度轮询完成 
[SYS] 2025/04/03 - 12:58:04 | batch update started 
[SYS] 2025/04/03 - 12:58:04 | batch update finished 
[SYS] 2025/04/03 - 12:58:09 | batch update started 
[SYS] 2025/04/03 - 12:58:09 | batch update finished 
[SYS] 2025/04/03 - 12:58:14 | batch update started 
[SYS] 2025/04/03 - 12:58:14 | batch update finished 
[SYS] 2025/04/03 - 12:58:18 | syncing options from database 
[SYS] 2025/04/03 - 12:58:18 | syncing channels from database 
[SYS] 2025/04/03 - 12:58:18 | channels synced from database 
[SYS] 2025/04/03 - 12:58:19 | 任务进度轮询开始 
[SYS] 2025/04/03 - 12:58:19 | 任务进度轮询完成 
[SYS] 2025/04/03 - 12:58:19 | batch update started 
[SYS] 2025/04/03 - 12:58:19 | batch update finished 
[SYS] 2025/04/03 - 12:58:24 | batch update started 
[SYS] 2025/04/03 - 12:58:24 | batch update finished 
[SYS] 2025/04/03 - 12:58:29 | batch update started 
[SYS] 2025/04/03 - 12:58:29 | batch update finished 
[SYS] 2025/04/03 - 12:58:34 | 任务进度轮询开始 
[SYS] 2025/04/03 - 12:58:34 | 任务进度轮询完成 
[SYS] 2025/04/03 - 12:58:34 | batch update started 
[SYS] 2025/04/03 - 12:58:34 | batch update finished 
[SYS] 2025/04/03 - 12:58:39 | batch update started 
[SYS] 2025/04/03 - 12:58:39 | batch update finished 
[SYS] 2025/04/03 - 12:58:44 | batch update started 
[SYS] 2025/04/03 - 12:58:44 | batch update finished 
[SYS] 2025/04/03 - 12:58:49 | 任务进度轮询开始 
[SYS] 2025/04/03 - 12:58:49 | 任务进度轮询完成 
[SYS] 2025/04/03 - 12:58:49 | batch update started 
[SYS] 2025/04/03 - 12:58:49 | batch update finished 
[SYS] 2025/04/03 - 12:58:54 | batch update started 
[SYS] 2025/04/03 - 12:58:54 | batch update finished 
[SYS] 2025/04/03 - 12:58:59 | batch update started 
[SYS] 2025/04/03 - 12:58:59 | batch update finished 
[SYS] 2025/04/03 - 12:59:04 | 任务进度轮询开始 
[SYS] 2025/04/03 - 12:59:04 | 任务进度轮询完成 
[SYS] 2025/04/03 - 12:59:04 | batch update started 
[SYS] 2025/04/03 - 12:59:04 | batch update finished 
[SYS] 2025/04/03 - 12:59:09 | batch update started 
[SYS] 2025/04/03 - 12:59:09 | batch update finished 
[SYS] 2025/04/03 - 12:59:14 | batch update started 
[SYS] 2025/04/03 - 12:59:14 | batch update finished 
[SYS] 2025/04/03 - 12:59:18 | 正在更新数据看板数据... 
[SYS] 2025/04/03 - 12:59:18 | 保存数据看板数据成功，共保存0条数据 
[SYS] 2025/04/03 - 12:59:18 | testing all channels 
[SYS] 2025/04/03 - 12:59:18 | channel test finished 
[SYS] 2025/04/03 - 12:59:18 | syncing options from database 
[SYS] 2025/04/03 - 12:59:18 | syncing channels from database 
[SYS] 2025/04/03 - 12:59:18 | channels synced from database 
[SYS] 2025/04/03 - 12:59:19 | 任务进度轮询开始 
[SYS] 2025/04/03 - 12:59:19 | 任务进度轮询完成 
[SYS] 2025/04/03 - 12:59:19 | batch update started 
[SYS] 2025/04/03 - 12:59:19 | batch update finished 
[SYS] 2025/04/03 - 12:59:24 | batch update started 
[SYS] 2025/04/03 - 12:59:24 | batch update finished 
[SYS] 2025/04/03 - 12:59:29 | batch update started 
[SYS] 2025/04/03 - 12:59:29 | batch update finished 
[SYS] 2025/04/03 - 12:59:34 | 任务进度轮询开始 
[SYS] 2025/04/03 - 12:59:34 | 任务进度轮询完成 
[SYS] 2025/04/03 - 12:59:34 | batch update started 
[SYS] 2025/04/03 - 12:59:34 | batch update finished 
[SYS] 2025/04/03 - 12:59:39 | batch update started 
[SYS] 2025/04/03 - 12:59:39 | batch update finished 
[SYS] 2025/04/03 - 12:59:44 | batch update started 
[SYS] 2025/04/03 - 12:59:44 | batch update finished 
[SYS] 2025/04/03 - 12:59:49 | 任务进度轮询开始 
[SYS] 2025/04/03 - 12:59:49 | 任务进度轮询完成 
[SYS] 2025/04/03 - 12:59:49 | batch update started 
[SYS] 2025/04/03 - 12:59:49 | batch update finished 
[SYS] 2025/04/03 - 12:59:54 | batch update started 
[SYS] 2025/04/03 - 12:59:54 | batch update finished 
[SYS] 2025/04/03 - 12:59:59 | batch update started 
[SYS] 2025/04/03 - 12:59:59 | batch update finished 
[SYS] 2025/04/03 - 13:00:04 | 任务进度轮询开始 
[SYS] 2025/04/03 - 13:00:04 | 任务进度轮询完成 
[SYS] 2025/04/03 - 13:00:04 | batch update started 
[SYS] 2025/04/03 - 13:00:04 | batch update finished 
[SYS] 2025/04/03 - 13:00:09 | batch update started 
[SYS] 2025/04/03 - 13:00:09 | batch update finished 
[SYS] 2025/04/03 - 13:00:14 | batch update started 
[SYS] 2025/04/03 - 13:00:14 | batch update finished 
[SYS] 2025/04/03 - 13:00:18 | syncing options from database 
[SYS] 2025/04/03 - 13:00:18 | syncing channels from database 
[SYS] 2025/04/03 - 13:00:18 | channels synced from database 
[SYS] 2025/04/03 - 13:00:19 | 任务进度轮询开始 
[SYS] 2025/04/03 - 13:00:19 | 任务进度轮询完成 
[SYS] 2025/04/03 - 13:00:19 | batch update started 
[SYS] 2025/04/03 - 13:00:19 | batch update finished 
[SYS] 2025/04/03 - 13:00:24 | batch update started 
[SYS] 2025/04/03 - 13:00:24 | batch update finished 
[SYS] 2025/04/03 - 13:00:29 | batch update started 
[SYS] 2025/04/03 - 13:00:29 | batch update finished 
[SYS] 2025/04/03 - 13:00:34 | 任务进度轮询开始 
[SYS] 2025/04/03 - 13:00:34 | 任务进度轮询完成 
[SYS] 2025/04/03 - 13:00:34 | batch update started 
[SYS] 2025/04/03 - 13:00:34 | batch update finished 
[SYS] 2025/04/03 - 13:00:39 | batch update started 
[SYS] 2025/04/03 - 13:00:39 | batch update finished 
[SYS] 2025/04/03 - 13:00:44 | batch update started 
[SYS] 2025/04/03 - 13:00:44 | batch update finished 
[SYS] 2025/04/03 - 13:00:49 | 任务进度轮询开始 
[SYS] 2025/04/03 - 13:00:49 | 任务进度轮询完成 
[SYS] 2025/04/03 - 13:00:49 | batch update started 
[SYS] 2025/04/03 - 13:00:49 | batch update finished 
[SYS] 2025/04/03 - 13:00:54 | batch update started 
[SYS] 2025/04/03 - 13:00:54 | batch update finished 
[SYS] 2025/04/03 - 13:00:59 | batch update started 
[SYS] 2025/04/03 - 13:00:59 | batch update finished 
[SYS] 2025/04/03 - 13:01:04 | 任务进度轮询开始 
[SYS] 2025/04/03 - 13:01:04 | 任务进度轮询完成 
[SYS] 2025/04/03 - 13:01:04 | batch update started 
[SYS] 2025/04/03 - 13:01:04 | batch update finished 
[SYS] 2025/04/03 - 13:01:09 | batch update started 
[SYS] 2025/04/03 - 13:01:09 | batch update finished 
[SYS] 2025/04/03 - 13:01:14 | batch update started 
[SYS] 2025/04/03 - 13:01:14 | batch update finished 
[SYS] 2025/04/03 - 13:01:18 | syncing options from database 
[SYS] 2025/04/03 - 13:01:18 | syncing channels from database 
[SYS] 2025/04/03 - 13:01:18 | channels synced from database 
[SYS] 2025/04/03 - 13:01:19 | 任务进度轮询开始 
[SYS] 2025/04/03 - 13:01:19 | 任务进度轮询完成 
[SYS] 2025/04/03 - 13:01:19 | batch update started 
[SYS] 2025/04/03 - 13:01:19 | batch update finished 
[SYS] 2025/04/03 - 13:01:24 | batch update started 
[SYS] 2025/04/03 - 13:01:24 | batch update finished 
[SYS] 2025/04/03 - 13:01:29 | batch update started 
[SYS] 2025/04/03 - 13:01:29 | batch update finished 
[SYS] 2025/04/03 - 13:01:34 | 任务进度轮询开始 
[SYS] 2025/04/03 - 13:01:34 | 任务进度轮询完成 
[SYS] 2025/04/03 - 13:01:34 | batch update started 
[SYS] 2025/04/03 - 13:01:34 | batch update finished 
[SYS] 2025/04/03 - 13:01:39 | batch update started 
[SYS] 2025/04/03 - 13:01:39 | batch update finished 
[SYS] 2025/04/03 - 13:01:44 | batch update started 
[SYS] 2025/04/03 - 13:01:44 | batch update finished 
[SYS] 2025/04/03 - 13:01:49 | 任务进度轮询开始 
[SYS] 2025/04/03 - 13:01:49 | 任务进度轮询完成 
[SYS] 2025/04/03 - 13:01:49 | batch update started 
[SYS] 2025/04/03 - 13:01:49 | batch update finished 
[SYS] 2025/04/03 - 13:01:54 | batch update started 
[SYS] 2025/04/03 - 13:01:54 | batch update finished 
[SYS] 2025/04/03 - 13:01:59 | batch update started 
[SYS] 2025/04/03 - 13:01:59 | batch update finished 
[SYS] 2025/04/03 - 13:02:04 | 任务进度轮询开始 
[SYS] 2025/04/03 - 13:02:04 | 任务进度轮询完成 
[SYS] 2025/04/03 - 13:02:04 | batch update started 
[SYS] 2025/04/03 - 13:02:04 | batch update finished 
[SYS] 2025/04/03 - 13:02:09 | batch update started 
[SYS] 2025/04/03 - 13:02:09 | batch update finished 
[SYS] 2025/04/03 - 13:02:14 | batch update started 
[SYS] 2025/04/03 - 13:02:14 | batch update finished 
[SYS] 2025/04/03 - 13:02:18 | syncing options from database 
[SYS] 2025/04/03 - 13:02:19 | syncing channels from database 
[SYS] 2025/04/03 - 13:02:19 | channels synced from database 
[SYS] 2025/04/03 - 13:02:19 | 任务进度轮询开始 
[SYS] 2025/04/03 - 13:02:19 | 任务进度轮询完成 
[SYS] 2025/04/03 - 13:02:19 | batch update started 
[SYS] 2025/04/03 - 13:02:19 | batch update finished 
[SYS] 2025/04/03 - 13:02:24 | batch update started 
[SYS] 2025/04/03 - 13:02:24 | batch update finished 
[SYS] 2025/04/03 - 13:02:29 | batch update started 
[SYS] 2025/04/03 - 13:02:29 | batch update finished 
[SYS] 2025/04/03 - 13:02:34 | 任务进度轮询开始 
[SYS] 2025/04/03 - 13:02:34 | 任务进度轮询完成 
[SYS] 2025/04/03 - 13:02:34 | batch update started 
[SYS] 2025/04/03 - 13:02:34 | batch update finished 
[SYS] 2025/04/03 - 13:02:39 | batch update started 
[SYS] 2025/04/03 - 13:02:39 | batch update finished 
[SYS] 2025/04/03 - 13:02:44 | batch update started 
[SYS] 2025/04/03 - 13:02:44 | batch update finished 
[SYS] 2025/04/03 - 13:02:49 | 任务进度轮询开始 
[SYS] 2025/04/03 - 13:02:49 | 任务进度轮询完成 
[SYS] 2025/04/03 - 13:02:49 | batch update started 
[SYS] 2025/04/03 - 13:02:49 | batch update finished 
[SYS] 2025/04/03 - 13:02:54 | batch update started 
[SYS] 2025/04/03 - 13:02:54 | batch update finished 
[SYS] 2025/04/03 - 13:02:59 | batch update started 
[SYS] 2025/04/03 - 13:02:59 | batch update finished 
[SYS] 2025/04/03 - 13:03:04 | 任务进度轮询开始 
[SYS] 2025/04/03 - 13:03:04 | 任务进度轮询完成 
[SYS] 2025/04/03 - 13:03:04 | batch update started 
[SYS] 2025/04/03 - 13:03:04 | batch update finished 
[SYS] 2025/04/03 - 13:03:09 | batch update started 
[SYS] 2025/04/03 - 13:03:09 | batch update finished 
[SYS] 2025/04/03 - 13:03:14 | batch update started 
[SYS] 2025/04/03 - 13:03:14 | batch update finished 
[SYS] 2025/04/03 - 13:03:18 | syncing options from database 
[SYS] 2025/04/03 - 13:03:19 | syncing channels from database 
[SYS] 2025/04/03 - 13:03:19 | channels synced from database 
[SYS] 2025/04/03 - 13:03:19 | 任务进度轮询开始 
[SYS] 2025/04/03 - 13:03:19 | 任务进度轮询完成 
[SYS] 2025/04/03 - 13:03:19 | batch update started 
[SYS] 2025/04/03 - 13:03:19 | batch update finished 
[SYS] 2025/04/03 - 13:03:24 | batch update started 
[SYS] 2025/04/03 - 13:03:24 | batch update finished 
[SYS] 2025/04/03 - 13:03:29 | batch update started 
[SYS] 2025/04/03 - 13:03:29 | batch update finished 
[SYS] 2025/04/03 - 13:03:34 | 任务进度轮询开始 
[SYS] 2025/04/03 - 13:03:34 | 任务进度轮询完成 
[SYS] 2025/04/03 - 13:03:34 | batch update started 
[SYS] 2025/04/03 - 13:03:34 | batch update finished 
[SYS] 2025/04/03 - 13:03:39 | batch update started 
[SYS] 2025/04/03 - 13:03:39 | batch update finished 
[SYS] 2025/04/03 - 13:03:44 | batch update started 
[SYS] 2025/04/03 - 13:03:44 | batch update finished 
[SYS] 2025/04/03 - 13:03:49 | 任务进度轮询开始 
[SYS] 2025/04/03 - 13:03:49 | 任务进度轮询完成 
[SYS] 2025/04/03 - 13:03:49 | batch update started 
[SYS] 2025/04/03 - 13:03:49 | batch update finished 
[SYS] 2025/04/03 - 13:03:54 | batch update started 
[SYS] 2025/04/03 - 13:03:54 | batch update finished 
[SYS] 2025/04/03 - 13:03:59 | batch update started 
[SYS] 2025/04/03 - 13:03:59 | batch update finished 
[SYS] 2025/04/03 - 13:04:04 | 任务进度轮询开始 
[SYS] 2025/04/03 - 13:04:04 | 任务进度轮询完成 
[SYS] 2025/04/03 - 13:04:04 | batch update started 
[SYS] 2025/04/03 - 13:04:04 | batch update finished 
[SYS] 2025/04/03 - 13:04:09 | batch update started 
[SYS] 2025/04/03 - 13:04:09 | batch update finished 
[SYS] 2025/04/03 - 13:04:14 | batch update started 
[SYS] 2025/04/03 - 13:04:14 | batch update finished 
[SYS] 2025/04/03 - 13:04:18 | 正在更新数据看板数据... 
[SYS] 2025/04/03 - 13:04:18 | 保存数据看板数据成功，共保存0条数据 
[SYS] 2025/04/03 - 13:04:18 | syncing options from database 
[SYS] 2025/04/03 - 13:04:19 | syncing channels from database 
[SYS] 2025/04/03 - 13:04:19 | channels synced from database 
[SYS] 2025/04/03 - 13:04:19 | 任务进度轮询开始 
[SYS] 2025/04/03 - 13:04:19 | 任务进度轮询完成 
[SYS] 2025/04/03 - 13:04:19 | batch update started 
[SYS] 2025/04/03 - 13:04:19 | batch update finished 
[SYS] 2025/04/03 - 13:04:24 | batch update started 
[SYS] 2025/04/03 - 13:04:24 | batch update finished 
[SYS] 2025/04/03 - 13:04:29 | batch update started 
[SYS] 2025/04/03 - 13:04:29 | batch update finished 
[SYS] 2025/04/03 - 13:04:34 | 任务进度轮询开始 
[SYS] 2025/04/03 - 13:04:34 | 任务进度轮询完成 
[SYS] 2025/04/03 - 13:04:34 | batch update started 
[SYS] 2025/04/03 - 13:04:34 | batch update finished 
[SYS] 2025/04/03 - 13:04:39 | batch update started 
[SYS] 2025/04/03 - 13:04:39 | batch update finished 
[SYS] 2025/04/03 - 13:04:44 | batch update started 
[SYS] 2025/04/03 - 13:04:44 | batch update finished 
[SYS] 2025/04/03 - 13:04:49 | 任务进度轮询开始 
[SYS] 2025/04/03 - 13:04:49 | 任务进度轮询完成 
[SYS] 2025/04/03 - 13:04:49 | batch update started 
[SYS] 2025/04/03 - 13:04:49 | batch update finished 
[SYS] 2025/04/03 - 13:04:54 | batch update started 
[SYS] 2025/04/03 - 13:04:54 | batch update finished 
[SYS] 2025/04/03 - 13:04:59 | batch update started 
[SYS] 2025/04/03 - 13:04:59 | batch update finished 
[SYS] 2025/04/03 - 13:05:04 | 任务进度轮询开始 
[SYS] 2025/04/03 - 13:05:04 | 任务进度轮询完成 
[SYS] 2025/04/03 - 13:05:04 | batch update started 
[SYS] 2025/04/03 - 13:05:04 | batch update finished 
[SYS] 2025/04/03 - 13:05:09 | batch update started 
[SYS] 2025/04/03 - 13:05:09 | batch update finished 
[SYS] 2025/04/03 - 13:05:14 | batch update started 
[SYS] 2025/04/03 - 13:05:14 | batch update finished 
[SYS] 2025/04/03 - 13:05:18 | syncing options from database 
[SYS] 2025/04/03 - 13:05:19 | syncing channels from database 
[SYS] 2025/04/03 - 13:05:19 | channels synced from database 
[SYS] 2025/04/03 - 13:05:19 | 任务进度轮询开始 
[SYS] 2025/04/03 - 13:05:19 | 任务进度轮询完成 
[SYS] 2025/04/03 - 13:05:19 | batch update started 
[SYS] 2025/04/03 - 13:05:19 | batch update finished 
[SYS] 2025/04/03 - 13:05:24 | batch update started 
[SYS] 2025/04/03 - 13:05:24 | batch update finished 
[SYS] 2025/04/03 - 13:05:29 | batch update started 
[SYS] 2025/04/03 - 13:05:29 | batch update finished 
[SYS] 2025/04/03 - 13:05:34 | 任务进度轮询开始 
[SYS] 2025/04/03 - 13:05:34 | 任务进度轮询完成 
[SYS] 2025/04/03 - 13:05:34 | batch update started 
[SYS] 2025/04/03 - 13:05:34 | batch update finished 
[SYS] 2025/04/03 - 13:05:39 | batch update started 
[SYS] 2025/04/03 - 13:05:39 | batch update finished 
[SYS] 2025/04/03 - 13:05:44 | batch update started 
[SYS] 2025/04/03 - 13:05:44 | batch update finished 
[SYS] 2025/04/03 - 13:05:49 | 任务进度轮询开始 
[SYS] 2025/04/03 - 13:05:49 | 任务进度轮询完成 
[SYS] 2025/04/03 - 13:05:49 | batch update started 
[SYS] 2025/04/03 - 13:05:49 | batch update finished 
[SYS] 2025/04/03 - 13:05:54 | batch update started 
[SYS] 2025/04/03 - 13:05:54 | batch update finished 
[SYS] 2025/04/03 - 13:05:59 | batch update started 
[SYS] 2025/04/03 - 13:05:59 | batch update finished 
[SYS] 2025/04/03 - 13:06:04 | 任务进度轮询开始 
[SYS] 2025/04/03 - 13:06:04 | 任务进度轮询完成 
[SYS] 2025/04/03 - 13:06:04 | batch update started 
[SYS] 2025/04/03 - 13:06:04 | batch update finished 
[SYS] 2025/04/03 - 13:06:09 | batch update started 
[SYS] 2025/04/03 - 13:06:09 | batch update finished 
[SYS] 2025/04/03 - 13:06:14 | batch update started 
[SYS] 2025/04/03 - 13:06:14 | batch update finished 
[SYS] 2025/04/03 - 13:06:18 | syncing options from database 
[SYS] 2025/04/03 - 13:06:19 | syncing channels from database 
[SYS] 2025/04/03 - 13:06:19 | channels synced from database 
[SYS] 2025/04/03 - 13:06:19 | 任务进度轮询开始 
[SYS] 2025/04/03 - 13:06:19 | 任务进度轮询完成 
[SYS] 2025/04/03 - 13:06:19 | batch update started 
[SYS] 2025/04/03 - 13:06:19 | batch update finished 
[SYS] 2025/04/03 - 13:06:24 | batch update started 
[SYS] 2025/04/03 - 13:06:24 | batch update finished 
[SYS] 2025/04/03 - 13:06:29 | batch update started 
[SYS] 2025/04/03 - 13:06:29 | batch update finished 
[SYS] 2025/04/03 - 13:06:34 | 任务进度轮询开始 
[SYS] 2025/04/03 - 13:06:34 | 任务进度轮询完成 
[SYS] 2025/04/03 - 13:06:34 | batch update started 
[SYS] 2025/04/03 - 13:06:34 | batch update finished 
[SYS] 2025/04/03 - 13:06:39 | batch update started 
[SYS] 2025/04/03 - 13:06:39 | batch update finished 
[SYS] 2025/04/03 - 13:06:44 | batch update started 
[SYS] 2025/04/03 - 13:06:44 | batch update finished 
[SYS] 2025/04/03 - 13:06:49 | 任务进度轮询开始 
[SYS] 2025/04/03 - 13:06:49 | 任务进度轮询完成 
[SYS] 2025/04/03 - 13:06:49 | batch update started 
[SYS] 2025/04/03 - 13:06:49 | batch update finished 
[SYS] 2025/04/03 - 13:06:54 | batch update started 
[SYS] 2025/04/03 - 13:06:54 | batch update finished 
[SYS] 2025/04/03 - 13:06:59 | batch update started 
[SYS] 2025/04/03 - 13:06:59 | batch update finished 
[SYS] 2025/04/03 - 13:07:04 | 任务进度轮询开始 
[SYS] 2025/04/03 - 13:07:04 | 任务进度轮询完成 
[SYS] 2025/04/03 - 13:07:04 | batch update started 
[SYS] 2025/04/03 - 13:07:04 | batch update finished 
[SYS] 2025/04/03 - 13:07:09 | batch update started 
[SYS] 2025/04/03 - 13:07:09 | batch update finished 
[SYS] 2025/04/03 - 13:07:14 | batch update started 
[SYS] 2025/04/03 - 13:07:14 | batch update finished 
[SYS] 2025/04/03 - 13:07:19 | syncing options from database 
[SYS] 2025/04/03 - 13:07:19 | syncing channels from database 
[SYS] 2025/04/03 - 13:07:19 | channels synced from database 
[SYS] 2025/04/03 - 13:07:19 | 任务进度轮询开始 
[SYS] 2025/04/03 - 13:07:19 | 任务进度轮询完成 
[SYS] 2025/04/03 - 13:07:19 | batch update started 
[SYS] 2025/04/03 - 13:07:19 | batch update finished 
