[SYS] 2025/04/15 - 14:33:34 | New API v0.0.0 started 
[SYS] 2025/04/15 - 14:33:34 | using MySQL as database 
[SYS] 2025/04/15 - 14:33:35 | database migration started 
[SYS] 2025/04/15 - 14:33:36 | database migrated 
[SYS] 2025/04/15 - 14:33:36 | using MySQL as database 
[SYS] 2025/04/15 - 14:33:36 | database migration started 
[SYS] 2025/04/15 - 14:33:36 | Redis is enabled 
[SYS] 2025/04/15 - 14:33:36 | memory cache enabled 
[SYS] 2025/04/15 - 14:33:36 | sync frequency: 60 seconds 
[SYS] 2025/04/15 - 14:33:36 | channels synced from database 
[SYS] 2025/04/15 - 14:33:36 | batch update enabled with interval 5s 
[SYS] 2025/04/15 - 14:33:36 | 正在更新数据看板数据... 
[SYS] 2025/04/15 - 14:33:36 | 保存数据看板数据成功，共保存0条数据 
[SYS] 2025/04/15 - 14:33:36 | pprof enabled 
[SYS] 2025/04/15 - 14:33:36 | initializing token encoders 
[SYS] 2025/04/15 - 14:33:41 | batch update started 
[SYS] 2025/04/15 - 14:33:41 | batch update finished 
[SYS] 2025/04/15 - 14:33:46 | batch update started 
[SYS] 2025/04/15 - 14:33:46 | batch update finished 
[SYS] 2025/04/15 - 14:33:48 | token encoders initialized 
[SYS] 2025/04/15 - 14:33:48 | FRONTEND_BASE_URL is ignored on master node 
[SYS] 2025/04/15 - 14:33:51 | 任务进度轮询开始 
[SYS] 2025/04/15 - 14:33:51 | batch update started 
[SYS] 2025/04/15 - 14:33:51 | batch update finished 
[SYS] 2025/04/15 - 14:33:51 | 任务进度轮询完成 
[GIN] 2025/04/15 - 14:33:54 | 20250415143353996076730u5waIZpS | 200 |   20.028029ms |             ::1 |     GET /
[GIN] 2025/04/15 - 14:33:54 | 2025041514335419760545339fhWSAF | 200 |   68.223679ms |             ::1 |     GET /assets/react-core-DpH4LOSy.js
[GIN] 2025/04/15 - 14:33:54 | 20250415143354123908227vVvIwPqo | 200 |  196.045341ms |             ::1 |     GET /assets/semi-ui-Jq3oSxx4.css
[GIN] 2025/04/15 - 14:33:54 | 2025041514335410991016092ze7H0z | 200 |  210.132865ms |             ::1 |     GET /assets/index-RBBoAzm1.js
[GIN] 2025/04/15 - 14:33:56 | 202504151433568563045qZjT2qaU | 200 |     2.90847ms |             ::1 |     GET /assets/index-BfrW8bO_.js
[GIN] 2025/04/15 - 14:33:56 | 2025041514335649412085rVbYjkz8 | 200 |    3.446993ms |             ::1 |     GET /assets/lato-v15-latin-bold-Dj654xud.woff2
[GIN] 2025/04/15 - 14:33:56 | 2025041514335635671509NHIHuF2O | 200 |   36.552984ms |             ::1 |     GET /api/status
[GIN] 2025/04/15 - 14:33:56 | 20250415143356188463338Qfu8xBWe | 200 |    6.156353ms |             ::1 |     GET /assets/lato-v15-latin-regular-CNtt3gFW.woff2
[SYS] 2025/04/15 - 14:33:56 | batch update started 
[SYS] 2025/04/15 - 14:33:56 | batch update finished 
[SYS] 2025/04/15 - 14:34:00 | batch update started 
[SYS] 2025/04/15 - 14:34:00 | batch update finished 
[GIN] 2025/04/15 - 14:34:01 | 20250415143401490112320m3QD4WMG | 200 |    1.717164ms |             ::1 |     GET /assets/index-XuYkn_mk.js
[GIN] 2025/04/15 - 14:34:01 | 20250415143401506576026rzUJpx5W | 200 |   304.01307ms |             ::1 |     GET /assets/visactor-Cb5CgQQd.js
[GIN] 2025/04/15 - 14:34:02 | 2025041514340211783223lMSSD6eJ | 200 |    3.859278ms |             ::1 |     GET /api/user/self
[GIN] 2025/04/15 - 14:34:02 | 2025041514340210956413T2c8Tixw | 200 |   13.249653ms |             ::1 |     GET /api/data/?username=&start_timestamp=1744637642&end_timestamp=1744727642&default_time=hour
[SYS] 2025/04/15 - 14:34:05 | batch update started 
[SYS] 2025/04/15 - 14:34:05 | batch update finished 
[SYS] 2025/04/15 - 14:34:05 | 任务进度轮询开始 
[SYS] 2025/04/15 - 14:34:05 | 任务进度轮询完成 
[GIN] 2025/04/15 - 14:34:09 | 20250415143409140183622ykDHtnJL | 200 |    2.213003ms |             ::1 |     GET /logo.png
[SYS] 2025/04/15 - 14:34:10 | batch update started 
[SYS] 2025/04/15 - 14:34:10 | batch update finished 
[GIN] 2025/04/15 - 14:34:12 | 20250415143412976703762PGTFoWSQ | 200 |    5.290955ms |             ::1 |     GET /api/pricing
[GIN] 2025/04/15 - 14:34:14 | 20250415143414703456696bAiYj1Nj | 200 |    1.760276ms |             ::1 |     GET /api/data/?username=&start_timestamp=1744637654&end_timestamp=1744727654&default_time=hour
[GIN] 2025/04/15 - 14:34:14 | 20250415143414704877638otzADCpg | 200 |    2.377132ms |             ::1 |     GET /api/user/self
[SYS] 2025/04/15 - 14:34:15 | batch update started 
[SYS] 2025/04/15 - 14:34:15 | batch update finished 
[SYS] 2025/04/15 - 14:34:20 | batch update started 
[SYS] 2025/04/15 - 14:34:20 | batch update finished 
[SYS] 2025/04/15 - 14:34:20 | 任务进度轮询开始 
[SYS] 2025/04/15 - 14:34:20 | 任务进度轮询完成 
[GIN] 2025/04/15 - 14:34:24 | 20250415143424484699003rmLFGv9X | 200 |    1.113149ms |             ::1 |     GET /api/user/logout
[SYS] 2025/04/15 - 14:34:25 | batch update started 
[SYS] 2025/04/15 - 14:34:25 | batch update finished 
[SYS] 2025/04/15 - 14:34:28 | batch update started 
[SYS] 2025/04/15 - 14:34:28 | batch update finished 
[GIN] 2025/04/15 - 14:34:31 | 20250415143431381232419rSzu98Uq | 200 |   80.169181ms |             ::1 |    POST /api/user/login?turnstile=
[GIN] 2025/04/15 - 14:34:31 | 20250415143431565785845XrlQfXiJ | 200 |     1.31148ms |             ::1 |     GET /api/user/self/groups
[GIN] 2025/04/15 - 14:34:31 | 20250415143431579559786mpp2IWFq | 200 |    3.185263ms |             ::1 |     GET /api/user/models
[GIN] 2025/04/15 - 14:34:31 | 202504151434315683752362m3Xw9o5 | 200 |   21.211762ms |             ::1 |     GET /api/token/?p=0&size=10
[SYS] 2025/04/15 - 14:34:33 | syncing options from database 
[SYS] 2025/04/15 - 14:34:33 | syncing channels from database 
[SYS] 2025/04/15 - 14:34:33 | batch update started 
[SYS] 2025/04/15 - 14:34:33 | batch update finished 
[SYS] 2025/04/15 - 14:34:33 | 任务进度轮询开始 
[SYS] 2025/04/15 - 14:34:33 | 任务进度轮询完成 
[SYS] 2025/04/15 - 14:34:33 | channels synced from database 
[SYS] 2025/04/15 - 14:34:38 | batch update started 
[SYS] 2025/04/15 - 14:34:38 | batch update finished 
[GIN] 2025/04/15 - 14:34:43 | 20250415143443268195743CPHENeF0 | 200 |    1.215395ms |             ::1 |     GET /setting?tab=system
[SYS] 2025/04/15 - 14:34:43 | batch update started 
[SYS] 2025/04/15 - 14:34:43 | batch update finished 
[GIN] 2025/04/15 - 14:34:44 | 20250415143444320857826bofIIpT7 | 200 |    1.881989ms |             ::1 |     GET /api/status
[GIN] 2025/04/15 - 14:34:44 | 20250415143444743281792aKXJAIgD | 200 |    2.132538ms |             ::1 |     GET /api/option/
[SYS] 2025/04/15 - 14:34:48 | batch update started 
[SYS] 2025/04/15 - 14:34:48 | batch update finished 
[SYS] 2025/04/15 - 14:34:48 | 任务进度轮询开始 
[SYS] 2025/04/15 - 14:34:48 | 任务进度轮询完成 
[SYS] 2025/04/15 - 14:34:53 | batch update started 
[SYS] 2025/04/15 - 14:34:53 | batch update finished 
[SYS] 2025/04/15 - 14:34:58 | batch update started 
[SYS] 2025/04/15 - 14:34:58 | batch update finished 
[SYS] 2025/04/15 - 14:35:02 | batch update started 
[SYS] 2025/04/15 - 14:35:02 | batch update finished 
[SYS] 2025/04/15 - 14:35:02 | 任务进度轮询开始 
[SYS] 2025/04/15 - 14:35:02 | 任务进度轮询完成 
[SYS] 2025/04/15 - 14:35:07 | batch update started 
[SYS] 2025/04/15 - 14:35:07 | batch update finished 
[GIN] 2025/04/15 - 14:35:09 | 202504151435092587897082LHkormT | 200 |  107.610924ms |             ::1 |     PUT /api/option/
[GIN] 2025/04/15 - 14:35:09 | 20250415143509378661957dpqehdp5 | 200 |   50.418679ms |             ::1 |     PUT /api/option/
[GIN] 2025/04/15 - 14:35:10 | 20250415143510886838546ooVktr9e | 200 |   13.360886ms |             ::1 |     PUT /api/option/
[GIN] 2025/04/15 - 14:35:10 | 202504151435109271429170zyK4NkU | 200 |   54.203476ms |             ::1 |     PUT /api/option/
[SYS] 2025/04/15 - 14:35:12 | batch update started 
[SYS] 2025/04/15 - 14:35:12 | batch update finished 
[SYS] 2025/04/15 - 14:35:17 | batch update started 
[SYS] 2025/04/15 - 14:35:17 | batch update finished 
[SYS] 2025/04/15 - 14:35:17 | 任务进度轮询开始 
[SYS] 2025/04/15 - 14:35:17 | 任务进度轮询完成 
[SYS] 2025/04/15 - 14:35:22 | batch update started 
[SYS] 2025/04/15 - 14:35:22 | batch update finished 
[SYS] 2025/04/15 - 14:35:27 | batch update started 
[SYS] 2025/04/15 - 14:35:27 | batch update finished 
[SYS] 2025/04/15 - 14:35:30 | syncing options from database 
[SYS] 2025/04/15 - 14:35:31 | batch update started 
[SYS] 2025/04/15 - 14:35:31 | batch update finished 
[SYS] 2025/04/15 - 14:35:31 | syncing channels from database 
[SYS] 2025/04/15 - 14:35:31 | channels synced from database 
[SYS] 2025/04/15 - 14:35:31 | 任务进度轮询开始 
[SYS] 2025/04/15 - 14:35:31 | 任务进度轮询完成 
[SYS] 2025/04/15 - 14:35:36 | batch update started 
[SYS] 2025/04/15 - 14:35:36 | batch update finished 
[SYS] 2025/04/15 - 14:35:41 | batch update started 
[SYS] 2025/04/15 - 14:35:41 | batch update finished 
[GIN] 2025/04/15 - 14:35:41 | 202504151435412672061815Y7QY5z6 | 200 |    1.462492ms |             ::1 |     GET /setting?tab=system
[GIN] 2025/04/15 - 14:35:43 | 20250415143543380741406Dp1zIUKx | 200 |    1.601174ms |             ::1 |     GET /api/status
[GIN] 2025/04/15 - 14:35:43 | 20250415143543536054577VpXhYKlz | 200 |    2.983785ms |             ::1 |     GET /api/option/
[SYS] 2025/04/15 - 14:35:46 | batch update started 
[SYS] 2025/04/15 - 14:35:46 | batch update finished 
[SYS] 2025/04/15 - 14:35:46 | 任务进度轮询开始 
[SYS] 2025/04/15 - 14:35:46 | 任务进度轮询完成 
[SYS] 2025/04/15 - 14:35:51 | batch update started 
[SYS] 2025/04/15 - 14:35:51 | batch update finished 
[SYS] 2025/04/15 - 14:35:56 | batch update started 
[SYS] 2025/04/15 - 14:35:56 | batch update finished 
[SYS] 2025/04/15 - 14:36:01 | batch update started 
[SYS] 2025/04/15 - 14:36:01 | batch update finished 
[SYS] 2025/04/15 - 14:35:59 | 任务进度轮询开始 
[SYS] 2025/04/15 - 14:35:59 | 任务进度轮询完成 
[SYS] 2025/04/15 - 14:36:04 | batch update started 
[SYS] 2025/04/15 - 14:36:04 | batch update finished 
[SYS] 2025/04/15 - 14:36:09 | batch update started 
[SYS] 2025/04/15 - 14:36:09 | batch update finished 
[SYS] 2025/04/15 - 14:36:14 | batch update started 
[SYS] 2025/04/15 - 14:36:14 | batch update finished 
[SYS] 2025/04/15 - 14:36:14 | 任务进度轮询开始 
[SYS] 2025/04/15 - 14:36:14 | 任务进度轮询完成 
[SYS] 2025/04/15 - 14:36:19 | batch update started 
[SYS] 2025/04/15 - 14:36:19 | batch update finished 
[SYS] 2025/04/15 - 14:36:24 | batch update started 
[SYS] 2025/04/15 - 14:36:24 | batch update finished 
[SYS] 2025/04/15 - 14:36:29 | syncing options from database 
[SYS] 2025/04/15 - 14:36:29 | syncing channels from database 
[SYS] 2025/04/15 - 14:36:29 | channels synced from database 
[SYS] 2025/04/15 - 14:36:29 | 任务进度轮询开始 
[SYS] 2025/04/15 - 14:36:29 | 任务进度轮询完成 
[SYS] 2025/04/15 - 14:36:29 | batch update started 
[SYS] 2025/04/15 - 14:36:29 | batch update finished 
[SYS] 2025/04/15 - 14:36:33 | batch update started 
[SYS] 2025/04/15 - 14:36:33 | batch update finished 
[SYS] 2025/04/15 - 14:36:38 | batch update started 
[SYS] 2025/04/15 - 14:36:38 | batch update finished 
[SYS] 2025/04/15 - 14:36:43 | 任务进度轮询开始 
[SYS] 2025/04/15 - 14:36:43 | 任务进度轮询完成 
[SYS] 2025/04/15 - 14:36:43 | batch update started 
[SYS] 2025/04/15 - 14:36:43 | batch update finished 
[SYS] 2025/04/15 - 14:36:48 | batch update started 
[SYS] 2025/04/15 - 14:36:48 | batch update finished 
[SYS] 2025/04/15 - 14:36:53 | batch update started 
[SYS] 2025/04/15 - 14:36:53 | batch update finished 
[SYS] 2025/04/15 - 14:36:58 | 任务进度轮询开始 
[SYS] 2025/04/15 - 14:36:58 | 任务进度轮询完成 
[SYS] 2025/04/15 - 14:36:58 | batch update started 
[SYS] 2025/04/15 - 14:36:58 | batch update finished 
[SYS] 2025/04/15 - 14:37:01 | batch update started 
[SYS] 2025/04/15 - 14:37:01 | batch update finished 
[SYS] 2025/04/15 - 14:37:06 | batch update started 
[SYS] 2025/04/15 - 14:37:06 | batch update finished 
