[SYS] 2025/03/30 - 21:05:49 | New API v0.0.0 started 
[SYS] 2025/03/30 - 21:05:49 | using MySQL as database 
[SYS] 2025/03/30 - 21:05:49 | database migration started 
[SYS] 2025/03/30 - 21:05:50 | database migrated 
[SYS] 2025/03/30 - 21:05:50 | using MySQL as database 
[SYS] 2025/03/30 - 21:05:50 | database migration started 
[SYS] 2025/03/30 - 21:05:50 | Redis is enabled 
[SYS] 2025/03/30 - 21:05:50 | memory cache enabled 
[SYS] 2025/03/30 - 21:05:50 | sync frequency: 60 seconds 
[SYS] 2025/03/30 - 21:05:50 | channels synced from database 
[SYS] 2025/03/30 - 21:05:50 | batch update enabled with interval 5s 
[SYS] 2025/03/30 - 21:05:50 | pprof enabled 
[SYS] 2025/03/30 - 21:05:50 | initializing token encoders 
[SYS] 2025/03/30 - 21:05:50 | 正在更新数据看板数据... 
[SYS] 2025/03/30 - 21:05:50 | 保存数据看板数据成功，共保存0条数据 
[SYS] 2025/03/30 - 21:05:55 | batch update started 
[SYS] 2025/03/30 - 21:05:55 | batch update finished 
[SYS] 2025/03/30 - 21:05:54 | token encoders initialized 
[SYS] 2025/03/30 - 21:05:54 | FRONTEND_BASE_URL is ignored on master node 
[SYS] 2025/03/30 - 21:05:57 | batch update started 
[SYS] 2025/03/30 - 21:05:57 | batch update finished 
[SYS] 2025/03/30 - 21:06:02 | 任务进度轮询开始 
[SYS] 2025/03/30 - 21:06:02 | batch update started 
[SYS] 2025/03/30 - 21:06:02 | batch update finished 
[SYS] 2025/03/30 - 21:06:02 | 任务进度轮询完成 
[SYS] 2025/03/30 - 21:06:07 | batch update started 
[SYS] 2025/03/30 - 21:06:07 | batch update finished 
[SYS] 2025/03/30 - 21:06:12 | batch update started 
[SYS] 2025/03/30 - 21:06:12 | batch update finished 
[SYS] 2025/03/30 - 21:06:17 | 任务进度轮询开始 
[SYS] 2025/03/30 - 21:06:17 | 任务进度轮询完成 
[SYS] 2025/03/30 - 21:06:17 | batch update started 
[SYS] 2025/03/30 - 21:06:17 | batch update finished 
[SYS] 2025/03/30 - 21:06:22 | batch update started 
[SYS] 2025/03/30 - 21:06:22 | batch update finished 
[SYS] 2025/03/30 - 21:06:25 | batch update started 
[SYS] 2025/03/30 - 21:06:25 | batch update finished 
[SYS] 2025/03/30 - 21:06:30 | 任务进度轮询开始 
[SYS] 2025/03/30 - 21:06:30 | 任务进度轮询完成 
[SYS] 2025/03/30 - 21:06:30 | batch update started 
[SYS] 2025/03/30 - 21:06:30 | batch update finished 
[SYS] 2025/03/30 - 21:06:35 | batch update started 
[SYS] 2025/03/30 - 21:06:35 | batch update finished 
[SYS] 2025/03/30 - 21:06:40 | batch update started 
[SYS] 2025/03/30 - 21:06:40 | batch update finished 
[SYS] 2025/03/30 - 21:06:45 | syncing options from database 
[SYS] 2025/03/30 - 21:06:45 | syncing channels from database 
[SYS] 2025/03/30 - 21:06:45 | channels synced from database 
[SYS] 2025/03/30 - 21:06:45 | 任务进度轮询开始 
[SYS] 2025/03/30 - 21:06:45 | 任务进度轮询完成 
[SYS] 2025/03/30 - 21:06:45 | batch update started 
[SYS] 2025/03/30 - 21:06:45 | batch update finished 
[SYS] 2025/03/30 - 21:06:50 | batch update started 
[SYS] 2025/03/30 - 21:06:50 | batch update finished 
[SYS] 2025/03/30 - 21:06:55 | batch update started 
[SYS] 2025/03/30 - 21:06:55 | batch update finished 
[SYS] 2025/03/30 - 21:06:58 | 任务进度轮询开始 
[SYS] 2025/03/30 - 21:06:58 | 任务进度轮询完成 
[SYS] 2025/03/30 - 21:06:58 | batch update started 
[SYS] 2025/03/30 - 21:06:58 | batch update finished 
[SYS] 2025/03/30 - 21:07:03 | batch update started 
[SYS] 2025/03/30 - 21:07:03 | batch update finished 
[SYS] 2025/03/30 - 21:07:08 | batch update started 
[SYS] 2025/03/30 - 21:07:08 | batch update finished 
[SYS] 2025/03/30 - 21:07:13 | 任务进度轮询开始 
[SYS] 2025/03/30 - 21:07:13 | 任务进度轮询完成 
[SYS] 2025/03/30 - 21:07:13 | batch update started 
[SYS] 2025/03/30 - 21:07:13 | batch update finished 
[SYS] 2025/03/30 - 21:07:18 | batch update started 
[SYS] 2025/03/30 - 21:07:18 | batch update finished 
[SYS] 2025/03/30 - 21:07:23 | batch update started 
[SYS] 2025/03/30 - 21:07:23 | batch update finished 
[SYS] 2025/03/30 - 21:07:25 | 任务进度轮询开始 
[SYS] 2025/03/30 - 21:07:25 | 任务进度轮询完成 
[SYS] 2025/03/30 - 21:07:25 | batch update started 
[SYS] 2025/03/30 - 21:07:25 | batch update finished 
[SYS] 2025/03/30 - 21:07:30 | batch update started 
[SYS] 2025/03/30 - 21:07:30 | batch update finished 
[SYS] 2025/03/30 - 21:07:35 | batch update started 
[SYS] 2025/03/30 - 21:07:35 | batch update finished 
[SYS] 2025/03/30 - 21:07:40 | syncing options from database 
[SYS] 2025/03/30 - 21:07:40 | syncing channels from database 
[SYS] 2025/03/30 - 21:07:40 | channels synced from database 
[SYS] 2025/03/30 - 21:07:40 | 任务进度轮询开始 
[SYS] 2025/03/30 - 21:07:40 | 任务进度轮询完成 
[SYS] 2025/03/30 - 21:07:40 | batch update started 
[SYS] 2025/03/30 - 21:07:40 | batch update finished 
[SYS] 2025/03/30 - 21:07:45 | batch update started 
[SYS] 2025/03/30 - 21:07:45 | batch update finished 
[SYS] 2025/03/30 - 21:07:50 | batch update started 
[SYS] 2025/03/30 - 21:07:50 | batch update finished 
[SYS] 2025/03/30 - 21:07:55 | 任务进度轮询开始 
[SYS] 2025/03/30 - 21:07:55 | 任务进度轮询完成 
[SYS] 2025/03/30 - 21:07:55 | batch update started 
[SYS] 2025/03/30 - 21:07:55 | batch update finished 
[GIN] 2025/03/30 - 21:07:58 | 20250330210758251001894WdzdJeby | 200 |   13.608291ms |             ::1 |     GET //api/stats
[SYS] 2025/03/30 - 21:07:58 | batch update started 
[SYS] 2025/03/30 - 21:07:58 | batch update finished 
[GIN] 2025/03/30 - 21:07:58 | 2025033021075833465516117DlVfhm | 200 |   219.35745ms |             ::1 |     GET /assets/react-core-DpH4LOSy.js
[GIN] 2025/03/30 - 21:07:58 | 20250330210758492839378WNjwBTzn | 200 |  202.937258ms |             ::1 |     GET /assets/index-AeaT-tDw.css
[GIN] 2025/03/30 - 21:07:58 | 202503302107585261587035TM0SGAH | 200 |  204.607867ms |             ::1 |     GET /assets/semi-ui-Jq3oSxx4.css
[GIN] 2025/03/30 - 21:07:58 | 20250330210758334532419NRaMihlE | 200 |  360.453058ms |             ::1 |     GET /assets/index-Dlj_tHw2.js
[GIN] 2025/03/30 - 21:07:58 | 20250330210758556348494xDSpuwsV | 200 |  191.020159ms |             ::1 |     GET /assets/tools-OB6rbXpn.js
[GIN] 2025/03/30 - 21:07:58 | 20250330210758775495019axe88yUj | 200 |   26.633858ms |             ::1 |     GET /assets/i18n-BxeGqGqW.js
[GIN] 2025/03/30 - 21:07:58 | 20250330210758775673878UCxfz6U5 | 200 |     28.8691ms |             ::1 |     GET /assets/semantic-CNjhwsQN.js
[GIN] 2025/03/30 - 21:07:58 | 20250330210758617016678eC7GIfzH | 200 |  277.975208ms |             ::1 |     GET /assets/react-components-BRi9inch.js
[GIN] 2025/03/30 - 21:07:58 | 20250330210758468488428EAaazcZG | 200 |    469.0855ms |             ::1 |     GET /assets/semi-ui-7dVDupzr.js
[GIN] 2025/03/30 - 21:08:01 | 20250330210801617195461O41uHInY | 200 |     739.375µs |             ::1 |     GET /logo.png
[GIN] 2025/03/30 - 21:08:01 | 20250330210801733357719YVPb1V0v | 200 |    4.344708ms |             ::1 |     GET /api/status
[GIN] 2025/03/30 - 21:08:01 | 20250330210801927798936c7rMsLGm | 200 |    6.012175ms |             ::1 |     GET /assets/lato-v15-latin-regular-CNtt3gFW.woff2
[GIN] 2025/03/30 - 21:08:01 | 202503302108019409997866BRFDVhl | 200 |   33.208175ms |             ::1 |     GET /assets/lato-v15-latin-bold-Dj654xud.woff2
[SYS] 2025/03/30 - 21:08:03 | batch update started 
[SYS] 2025/03/30 - 21:08:03 | batch update finished 
[GIN] 2025/03/30 - 21:08:05 | 20250330210805866147488PnRTpeli | 200 |    8.031834ms |             ::1 |     GET /assets/index-C1RYnaXs.js
[GIN] 2025/03/30 - 21:08:05 | 20250330210805912004338x0Tg2HNi | 200 |      2.5428ms |             ::1 |     GET /api/home_page_content
[GIN] 2025/03/30 - 21:08:05 | 20250330210805897108288LfaT5Zq6 | 200 |   21.135509ms |             ::1 |     GET /api/notice
[GIN] 2025/03/30 - 21:08:06 | 20250330210805987916754uMZSLdG6 | 200 |   18.605492ms |             ::1 |     GET /api/notice
[GIN] 2025/03/30 - 21:08:06 | 2025033021080623210796sux2oGs | 200 |    5.199675ms |             ::1 |     GET /api/home_page_content
[GIN] 2025/03/30 - 21:08:08 | 20250330210808184722621EjIJLQmB | 200 |    1.212358ms |             ::1 |     GET /
[SYS] 2025/03/30 - 21:08:08 | 任务进度轮询开始 
[SYS] 2025/03/30 - 21:08:08 | 任务进度轮询完成 
[SYS] 2025/03/30 - 21:08:08 | batch update started 
[SYS] 2025/03/30 - 21:08:08 | batch update finished 
[GIN] 2025/03/30 - 21:08:10 | 2025033021081069277046Um5y31mm | 200 |      1.1739ms |             ::1 |     GET /api/status
[GIN] 2025/03/30 - 21:08:10 | 20250330210810203340521dwL4pxoV | 200 |     912.167µs |             ::1 |     GET /api/notice
[GIN] 2025/03/30 - 21:08:10 | 202503302108102081362214i5GafXx | 200 |      975.65µs |             ::1 |     GET /api/home_page_content
[GIN] 2025/03/30 - 21:08:10 | 20250330210810355602804nsqCq158 | 200 |      785.85µs |             ::1 |     GET /api/notice
[GIN] 2025/03/30 - 21:08:10 | 20250330210810355859338k2ib92UP | 200 |    1.243017ms |             ::1 |     GET /api/home_page_content
[SYS] 2025/03/30 - 21:08:13 | batch update started 
[SYS] 2025/03/30 - 21:08:13 | batch update finished 
[SYS] 2025/03/30 - 21:08:18 | batch update started 
[SYS] 2025/03/30 - 21:08:18 | batch update finished 
[SYS] 2025/03/30 - 21:08:23 | 任务进度轮询开始 
[SYS] 2025/03/30 - 21:08:23 | 任务进度轮询完成 
[SYS] 2025/03/30 - 21:08:23 | batch update started 
[SYS] 2025/03/30 - 21:08:23 | batch update finished 
[SYS] 2025/03/30 - 21:08:26 | batch update started 
[SYS] 2025/03/30 - 21:08:26 | batch update finished 
[SYS] 2025/03/30 - 21:08:31 | batch update started 
[SYS] 2025/03/30 - 21:08:31 | batch update finished 
[SYS] 2025/03/30 - 21:08:36 | syncing options from database 
[SYS] 2025/03/30 - 21:08:36 | syncing channels from database 
[SYS] 2025/03/30 - 21:08:36 | channels synced from database 
[SYS] 2025/03/30 - 21:08:36 | 任务进度轮询开始 
[SYS] 2025/03/30 - 21:08:36 | 任务进度轮询完成 
[SYS] 2025/03/30 - 21:08:36 | batch update started 
[SYS] 2025/03/30 - 21:08:36 | batch update finished 
[SYS] 2025/03/30 - 21:08:41 | batch update started 
[SYS] 2025/03/30 - 21:08:41 | batch update finished 
[SYS] 2025/03/30 - 21:08:46 | batch update started 
[SYS] 2025/03/30 - 21:08:46 | batch update finished 
[SYS] 2025/03/30 - 21:08:51 | 任务进度轮询开始 
[SYS] 2025/03/30 - 21:08:51 | 任务进度轮询完成 
[SYS] 2025/03/30 - 21:08:51 | batch update started 
[SYS] 2025/03/30 - 21:08:51 | batch update finished 
[SYS] 2025/03/30 - 21:08:53 | batch update started 
[SYS] 2025/03/30 - 21:08:53 | batch update finished 
[SYS] 2025/03/30 - 21:08:58 | batch update started 
[SYS] 2025/03/30 - 21:08:58 | batch update finished 
[SYS] 2025/03/30 - 21:09:03 | 任务进度轮询开始 
[SYS] 2025/03/30 - 21:09:03 | 任务进度轮询完成 
[SYS] 2025/03/30 - 21:09:03 | batch update started 
[SYS] 2025/03/30 - 21:09:03 | batch update finished 
[SYS] 2025/03/30 - 21:09:08 | batch update started 
[SYS] 2025/03/30 - 21:09:08 | batch update finished 
[SYS] 2025/03/30 - 21:09:13 | batch update started 
[SYS] 2025/03/30 - 21:09:13 | batch update finished 
[SYS] 2025/03/30 - 21:09:18 | 任务进度轮询开始 
[SYS] 2025/03/30 - 21:09:18 | 任务进度轮询完成 
[SYS] 2025/03/30 - 21:09:18 | batch update started 
[SYS] 2025/03/30 - 21:09:18 | batch update finished 
[SYS] 2025/03/30 - 21:09:23 | batch update started 
[SYS] 2025/03/30 - 21:09:23 | batch update finished 
[SYS] 2025/03/30 - 21:09:26 | batch update started 
[SYS] 2025/03/30 - 21:09:26 | batch update finished 
[SYS] 2025/03/30 - 21:09:31 | syncing options from database 
[SYS] 2025/03/30 - 21:09:31 | syncing channels from database 
[SYS] 2025/03/30 - 21:09:31 | channels synced from database 
[SYS] 2025/03/30 - 21:09:31 | 任务进度轮询开始 
[SYS] 2025/03/30 - 21:09:31 | 任务进度轮询完成 
[SYS] 2025/03/30 - 21:09:31 | batch update started 
[SYS] 2025/03/30 - 21:09:31 | batch update finished 
[SYS] 2025/03/30 - 21:09:36 | batch update started 
[SYS] 2025/03/30 - 21:09:36 | batch update finished 
[SYS] 2025/03/30 - 21:09:41 | batch update started 
[SYS] 2025/03/30 - 21:09:41 | batch update finished 
[SYS] 2025/03/30 - 21:09:46 | 任务进度轮询开始 
[SYS] 2025/03/30 - 21:09:46 | 任务进度轮询完成 
[SYS] 2025/03/30 - 21:09:46 | batch update started 
[SYS] 2025/03/30 - 21:09:46 | batch update finished 
[SYS] 2025/03/30 - 21:09:51 | batch update started 
[SYS] 2025/03/30 - 21:09:51 | batch update finished 
[SYS] 2025/03/30 - 21:09:54 | batch update started 
[SYS] 2025/03/30 - 21:09:54 | batch update finished 
[SYS] 2025/03/30 - 21:09:59 | 任务进度轮询开始 
[SYS] 2025/03/30 - 21:09:59 | 任务进度轮询完成 
[SYS] 2025/03/30 - 21:09:59 | batch update started 
[SYS] 2025/03/30 - 21:09:59 | batch update finished 
[SYS] 2025/03/30 - 21:10:04 | batch update started 
[SYS] 2025/03/30 - 21:10:04 | batch update finished 
[SYS] 2025/03/30 - 21:10:09 | batch update started 
[SYS] 2025/03/30 - 21:10:09 | batch update finished 
[SYS] 2025/03/30 - 21:10:14 | 任务进度轮询开始 
[SYS] 2025/03/30 - 21:10:14 | 任务进度轮询完成 
[SYS] 2025/03/30 - 21:10:14 | batch update started 
[SYS] 2025/03/30 - 21:10:14 | batch update finished 
[SYS] 2025/03/30 - 21:10:19 | batch update started 
[SYS] 2025/03/30 - 21:10:19 | batch update finished 
[SYS] 2025/03/30 - 21:10:24 | batch update started 
[SYS] 2025/03/30 - 21:10:24 | batch update finished 
[SYS] 2025/03/30 - 21:10:26 | 正在更新数据看板数据... 
[SYS] 2025/03/30 - 21:10:26 | 保存数据看板数据成功，共保存0条数据 
[SYS] 2025/03/30 - 21:10:26 | syncing options from database 
[SYS] 2025/03/30 - 21:10:26 | syncing channels from database 
[SYS] 2025/03/30 - 21:10:26 | channels synced from database 
[SYS] 2025/03/30 - 21:10:26 | 任务进度轮询开始 
[SYS] 2025/03/30 - 21:10:26 | 任务进度轮询完成 
[SYS] 2025/03/30 - 21:10:26 | batch update started 
[SYS] 2025/03/30 - 21:10:26 | batch update finished 
[SYS] 2025/03/30 - 21:10:31 | batch update started 
[SYS] 2025/03/30 - 21:10:31 | batch update finished 
[SYS] 2025/03/30 - 21:10:36 | batch update started 
[SYS] 2025/03/30 - 21:10:36 | batch update finished 
[SYS] 2025/03/30 - 21:10:41 | 任务进度轮询开始 
[SYS] 2025/03/30 - 21:10:41 | 任务进度轮询完成 
[SYS] 2025/03/30 - 21:10:41 | batch update started 
[SYS] 2025/03/30 - 21:10:41 | batch update finished 
[SYS] 2025/03/30 - 21:10:46 | batch update started 
[SYS] 2025/03/30 - 21:10:46 | batch update finished 
[SYS] 2025/03/30 - 21:10:51 | batch update started 
[SYS] 2025/03/30 - 21:10:51 | batch update finished 
[SYS] 2025/03/30 - 21:10:54 | 任务进度轮询开始 
[SYS] 2025/03/30 - 21:10:54 | 任务进度轮询完成 
[SYS] 2025/03/30 - 21:10:54 | batch update started 
[SYS] 2025/03/30 - 21:10:54 | batch update finished 
[SYS] 2025/03/30 - 21:10:59 | batch update started 
[SYS] 2025/03/30 - 21:10:59 | batch update finished 
[SYS] 2025/03/30 - 21:11:04 | batch update started 
[SYS] 2025/03/30 - 21:11:04 | batch update finished 
[SYS] 2025/03/30 - 21:11:09 | 任务进度轮询开始 
[SYS] 2025/03/30 - 21:11:09 | 任务进度轮询完成 
[SYS] 2025/03/30 - 21:11:09 | batch update started 
[SYS] 2025/03/30 - 21:11:09 | batch update finished 
[SYS] 2025/03/30 - 21:11:14 | batch update started 
[SYS] 2025/03/30 - 21:11:14 | batch update finished 
[SYS] 2025/03/30 - 21:11:19 | batch update started 
[SYS] 2025/03/30 - 21:11:19 | batch update finished 
[SYS] 2025/03/30 - 21:11:24 | syncing options from database 
[SYS] 2025/03/30 - 21:11:24 | syncing channels from database 
[SYS] 2025/03/30 - 21:11:24 | channels synced from database 
[SYS] 2025/03/30 - 21:11:24 | 任务进度轮询开始 
[SYS] 2025/03/30 - 21:11:24 | 任务进度轮询完成 
[SYS] 2025/03/30 - 21:11:24 | batch update started 
[SYS] 2025/03/30 - 21:11:24 | batch update finished 
[SYS] 2025/03/30 - 21:11:27 | batch update started 
[SYS] 2025/03/30 - 21:11:27 | batch update finished 
[SYS] 2025/03/30 - 21:11:32 | batch update started 
[SYS] 2025/03/30 - 21:11:32 | batch update finished 
[SYS] 2025/03/30 - 21:11:37 | 任务进度轮询开始 
[SYS] 2025/03/30 - 21:11:37 | 任务进度轮询完成 
[SYS] 2025/03/30 - 21:11:37 | batch update started 
[SYS] 2025/03/30 - 21:11:37 | batch update finished 
[SYS] 2025/03/30 - 21:11:42 | batch update started 
[SYS] 2025/03/30 - 21:11:42 | batch update finished 
[SYS] 2025/03/30 - 21:11:47 | batch update started 
[SYS] 2025/03/30 - 21:11:47 | batch update finished 
[SYS] 2025/03/30 - 21:11:52 | 任务进度轮询开始 
[SYS] 2025/03/30 - 21:11:52 | 任务进度轮询完成 
[SYS] 2025/03/30 - 21:11:52 | batch update started 
[SYS] 2025/03/30 - 21:11:52 | batch update finished 
[SYS] 2025/03/30 - 21:11:54 | batch update started 
[SYS] 2025/03/30 - 21:11:54 | batch update finished 
[SYS] 2025/03/30 - 21:11:59 | batch update started 
[SYS] 2025/03/30 - 21:11:59 | batch update finished 
[SYS] 2025/03/30 - 21:12:04 | 任务进度轮询开始 
[SYS] 2025/03/30 - 21:12:04 | 任务进度轮询完成 
[SYS] 2025/03/30 - 21:12:04 | batch update started 
[SYS] 2025/03/30 - 21:12:04 | batch update finished 
[SYS] 2025/03/30 - 21:12:09 | batch update started 
[SYS] 2025/03/30 - 21:12:09 | batch update finished 
[SYS] 2025/03/30 - 21:12:14 | batch update started 
[SYS] 2025/03/30 - 21:12:14 | batch update finished 
[SYS] 2025/03/30 - 21:12:19 | syncing options from database 
[SYS] 2025/03/30 - 21:12:19 | syncing channels from database 
[SYS] 2025/03/30 - 21:12:19 | channels synced from database 
[SYS] 2025/03/30 - 21:12:19 | 任务进度轮询开始 
[SYS] 2025/03/30 - 21:12:19 | 任务进度轮询完成 
[SYS] 2025/03/30 - 21:12:19 | batch update started 
[SYS] 2025/03/30 - 21:12:19 | batch update finished 
[SYS] 2025/03/30 - 21:12:24 | batch update started 
[SYS] 2025/03/30 - 21:12:24 | batch update finished 
[SYS] 2025/03/30 - 21:12:27 | batch update started 
[SYS] 2025/03/30 - 21:12:27 | batch update finished 
[SYS] 2025/03/30 - 21:12:32 | 任务进度轮询开始 
[SYS] 2025/03/30 - 21:12:32 | 任务进度轮询完成 
[SYS] 2025/03/30 - 21:12:32 | batch update started 
[SYS] 2025/03/30 - 21:12:32 | batch update finished 
[SYS] 2025/03/30 - 21:12:37 | batch update started 
[SYS] 2025/03/30 - 21:12:37 | batch update finished 
[SYS] 2025/03/30 - 21:12:42 | batch update started 
[SYS] 2025/03/30 - 21:12:42 | batch update finished 
