[SYS] 2025/04/11 - 17:11:29 | New API v0.0.0 started 
[SYS] 2025/04/11 - 17:11:29 | using MySQL as database 
[SYS] 2025/04/11 - 17:11:29 | database migration started 
[SYS] 2025/04/11 - 17:11:29 | database migrated 
[SYS] 2025/04/11 - 17:11:30 | using MySQL as database 
[SYS] 2025/04/11 - 17:11:30 | database migration started 
[SYS] 2025/04/11 - 17:11:30 | Redis is enabled 
[SYS] 2025/04/11 - 17:11:30 | memory cache enabled 
[SYS] 2025/04/11 - 17:11:30 | sync frequency: 60 seconds 
[SYS] 2025/04/11 - 17:11:30 | channels synced from database 
[SYS] 2025/04/11 - 17:11:30 | batch update enabled with interval 5s 
[SYS] 2025/04/11 - 17:11:30 | pprof enabled 
[SYS] 2025/04/11 - 17:11:30 | initializing token encoders 
[SYS] 2025/04/11 - 17:11:30 | 正在更新数据看板数据... 
[SYS] 2025/04/11 - 17:11:30 | 保存数据看板数据成功，共保存0条数据 
[SYS] 2025/04/11 - 17:11:32 | token encoders initialized 
[SYS] 2025/04/11 - 17:11:33 | FRONTEND_BASE_URL is ignored on master node 
[GIN] 2025/04/11 - 17:11:34 | 20250411171133845671191Cr3LcshH | 404 |  130.517579ms |             ::1 |     GET /assets/index-D1IjRrG7.js
[SYS] 2025/04/11 - 17:11:35 | batch update started 
[SYS] 2025/04/11 - 17:11:35 | batch update finished 
[SYS] 2025/04/11 - 17:11:40 | batch update started 
[SYS] 2025/04/11 - 17:11:40 | batch update finished 
[SYS] 2025/04/11 - 17:11:45 | 任务进度轮询开始 
[SYS] 2025/04/11 - 17:11:45 | 任务进度轮询完成 
[SYS] 2025/04/11 - 17:11:45 | batch update started 
[SYS] 2025/04/11 - 17:11:45 | batch update finished 
[GIN] 2025/04/11 - 17:11:50 | 20250411171150911283774UDNmvbCb | 200 |    1.646818ms |             ::1 |     GET /topup
[SYS] 2025/04/11 - 17:11:51 | batch update started 
[SYS] 2025/04/11 - 17:11:51 | batch update finished 
[GIN] 2025/04/11 - 17:11:52 | 20250411171152434137412lzhaQPWZ | 200 |  276.687712ms |             ::1 |     GET /api/user/self
[SYS] 2025/04/11 - 17:11:56 | batch update started 
[SYS] 2025/04/11 - 17:11:56 | batch update finished 
[SYS] 2025/04/11 - 17:12:01 | 任务进度轮询开始 
[SYS] 2025/04/11 - 17:12:01 | 任务进度轮询完成 
[SYS] 2025/04/11 - 17:12:01 | batch update started 
[SYS] 2025/04/11 - 17:12:01 | batch update finished 
[GIN] 2025/04/11 - 17:12:01 | 20250411171201696381722H1Hl7sSi | 200 |    1.072107ms |             ::1 |     GET /api/user/logout
[SYS] 2025/04/11 - 17:12:06 | batch update started 
[SYS] 2025/04/11 - 17:12:06 | batch update finished 
[SYS] 2025/04/11 - 17:12:11 | batch update started 
[SYS] 2025/04/11 - 17:12:11 | batch update finished 
[SYS] 2025/04/11 - 17:12:16 | 任务进度轮询开始 
[SYS] 2025/04/11 - 17:12:16 | 任务进度轮询完成 
[SYS] 2025/04/11 - 17:12:16 | batch update started 
[SYS] 2025/04/11 - 17:12:16 | batch update finished 
[SYS] 2025/04/11 - 17:12:21 | batch update started 
[SYS] 2025/04/11 - 17:12:21 | batch update finished 
[SYS] 2025/04/11 - 17:12:26 | batch update started 
[SYS] 2025/04/11 - 17:12:26 | batch update finished 
[GIN] 2025/04/11 - 17:12:27 | 20250411171227199018703qJFtQ19p | 307 |    3.038692ms |             ::1 |     GET /api/auth/google/login
[GIN] 2025/04/11 - 17:12:29 | 20250411171227874712143BTAngxdI | 303 |  1.612474226s |             ::1 |     GET /auth/google/callback?state=random_state&code=4%2F0Ab_5qlkk-CMTUJ9YJ_4o2GVT3qGS_2Ovo7WXCbixyZaUlWjJ2JnxAp2mBkmKuVHQW09r4g&scope=email+profile+https%3A%2F%2Fwww.googleapis.com%2Fauth%2Fuserinfo.email+https%3A%2F%2Fwww.googleapis.com%2Fauth%2Fuserinfo.profile+openid&authuser=0&prompt=none
[GIN] 2025/04/11 - 17:12:29 | 2025041117122949524389859guPKxu | 200 |    1.295485ms |             ::1 |     GET /login?token=eyJhbGciOiJIUzI1NiIsInR5cCI6IkpXVCJ9.eyJlbWFpbCI6Imtpbmdzb2JlY0BnbWFpbC5jb20iLCJleHAiOjE3NDY5Nzk5NDksImlkIjoxNCwicm5kIjoxNzQ0Mzg3OTQ5NDg2ODk3NzE5fQ.i6E2et0oxiKotcSVbA-C-L1KDRNOiGcLer0Jc9ACZv4
[GIN] 2025/04/11 - 17:12:30 | 20250411171230625643195H8SHzsCu | 200 |   62.698146ms |             ::1 |     GET /api/user/self
[GIN] 2025/04/11 - 17:12:30 | 20250411171230873448995tkOlN6J4 | 200 |   13.117461ms |             ::1 |     GET /api/user/models
[GIN] 2025/04/11 - 17:12:30 | 202504111712308763147535uduOTCp | 200 |   17.522915ms |             ::1 |     GET /api/user/self/groups
[GIN] 2025/04/11 - 17:12:30 | 20250411171230883793310Hic44Qcc | 200 |   52.686919ms |             ::1 |     GET /api/token/?p=0&size=10
[SYS] 2025/04/11 - 17:12:31 | syncing options from database 
[SYS] 2025/04/11 - 17:12:31 | syncing channels from database 
[SYS] 2025/04/11 - 17:12:31 | channels synced from database 
[SYS] 2025/04/11 - 17:12:31 | 任务进度轮询开始 
[SYS] 2025/04/11 - 17:12:31 | 任务进度轮询完成 
[SYS] 2025/04/11 - 17:12:31 | batch update started 
[SYS] 2025/04/11 - 17:12:31 | batch update finished 
[SYS] 2025/04/11 - 17:12:36 | batch update started 
[SYS] 2025/04/11 - 17:12:36 | batch update finished 
[GIN] 2025/04/11 - 17:12:38 | 2025041117123832884339753hCaTrf | 200 |    3.917045ms |             ::1 |     GET /api/user/self
[SYS] 2025/04/11 - 17:12:41 | batch update started 
[SYS] 2025/04/11 - 17:12:41 | batch update finished 
[GIN] 2025/04/11 - 17:12:46 | 20250411171246144087359LR45Q93B | 200 |       9.474ms |             ::1 |    POST /api/user/amount
[GIN] 2025/04/11 - 17:12:46 | 20250411171246873816521pLa0YAHV | 200 |    2.349062ms |             ::1 |    POST /api/user/amount
[SYS] 2025/04/11 - 17:12:46 | 任务进度轮询开始 
[SYS] 2025/04/11 - 17:12:46 | 任务进度轮询完成 
[SYS] 2025/04/11 - 17:12:46 | batch update started 
[SYS] 2025/04/11 - 17:12:46 | batch update finished 
[GIN] 2025/04/11 - 17:12:47 | 20250411171247107232957xZ3O4Z2y | 200 |    7.555177ms |             ::1 |    POST /api/user/amount
[GIN] 2025/04/11 - 17:12:47 | 202504111712473608769026aHUE0JV | 200 |    2.482056ms |             ::1 |    POST /api/user/amount
[GIN] 2025/04/11 - 17:12:50 | 20250411171249564301779ya26Nmp0 | 200 |  986.787101ms |             ::1 |    POST /api/user/pay
[SYS] 2025/04/11 - 17:12:51 | batch update started 
[SYS] 2025/04/11 - 17:12:51 | batch update finished 
[SYS] 2025/04/11 - 17:12:57 | batch update started 
[SYS] 2025/04/11 - 17:12:57 | batch update finished 
[SYS] 2025/04/11 - 17:13:02 | 任务进度轮询开始 
[SYS] 2025/04/11 - 17:13:02 | 任务进度轮询完成 
[SYS] 2025/04/11 - 17:13:02 | batch update started 
[SYS] 2025/04/11 - 17:13:02 | batch update finished 
[SYS] 2025/04/11 - 17:13:07 | batch update started 
[SYS] 2025/04/11 - 17:13:07 | batch update finished 
[SYS] 2025/04/11 - 17:13:12 | batch update started 
[SYS] 2025/04/11 - 17:13:12 | batch update finished 
[SYS] 2025/04/11 - 17:13:17 | 任务进度轮询开始 
[SYS] 2025/04/11 - 17:13:17 | 任务进度轮询完成 
[SYS] 2025/04/11 - 17:13:17 | batch update started 
[SYS] 2025/04/11 - 17:13:17 | batch update finished 
[GIN] 2025/04/11 - 17:13:21 | 20250411171321138286267PhB8dlot | 200 |    1.062161ms |             ::1 |     GET /topup-success
[SYS] 2025/04/11 - 17:13:22 | batch update started 
[SYS] 2025/04/11 - 17:13:22 | batch update finished 
[GIN] 2025/04/11 - 17:13:26 | 20250411171326433978789pFY5jAq6 | 200 |     984.681µs |             ::1 |     GET /topup
[SYS] 2025/04/11 - 17:13:27 | batch update started 
[SYS] 2025/04/11 - 17:13:27 | batch update finished 
[GIN] 2025/04/11 - 17:13:28 | 20250411171327560946240L20cS5LW | 200 |   63.187378ms |             ::1 |     GET /api/user/self
[SYS] 2025/04/11 - 17:13:33 | syncing options from database 
[SYS] 2025/04/11 - 17:13:33 | syncing channels from database 
[SYS] 2025/04/11 - 17:13:33 | channels synced from database 
[SYS] 2025/04/11 - 17:13:33 | 任务进度轮询开始 
[SYS] 2025/04/11 - 17:13:33 | 任务进度轮询完成 
[SYS] 2025/04/11 - 17:13:33 | batch update started 
[SYS] 2025/04/11 - 17:13:33 | batch update finished 
[SYS] 2025/04/11 - 17:13:38 | batch update started 
[SYS] 2025/04/11 - 17:13:38 | batch update finished 
[SYS] 2025/04/11 - 17:13:43 | batch update started 
[SYS] 2025/04/11 - 17:13:43 | batch update finished 
[GIN] 2025/04/11 - 17:13:44 | 20250411171344466300965ZKtF0S2Y | 200 |    1.406133ms |             ::1 |     GET /home
[SYS] 2025/04/11 - 17:13:48 | 任务进度轮询开始 
[SYS] 2025/04/11 - 17:13:48 | 任务进度轮询完成 
[SYS] 2025/04/11 - 17:13:48 | batch update started 
[SYS] 2025/04/11 - 17:13:48 | batch update finished 
[SYS] 2025/04/11 - 17:13:53 | batch update started 
[SYS] 2025/04/11 - 17:13:53 | batch update finished 
[SYS] 2025/04/11 - 17:13:58 | batch update started 
[SYS] 2025/04/11 - 17:13:58 | batch update finished 
[SYS] 2025/04/11 - 17:14:03 | 任务进度轮询开始 
[SYS] 2025/04/11 - 17:14:03 | 任务进度轮询完成 
[SYS] 2025/04/11 - 17:14:03 | batch update started 
[SYS] 2025/04/11 - 17:14:03 | batch update finished 
[SYS] 2025/04/11 - 17:14:08 | batch update started 
[SYS] 2025/04/11 - 17:14:08 | batch update finished 
[SYS] 2025/04/11 - 17:14:13 | batch update started 
[SYS] 2025/04/11 - 17:14:13 | batch update finished 
[SYS] 2025/04/11 - 17:14:18 | 任务进度轮询开始 
[SYS] 2025/04/11 - 17:14:18 | 任务进度轮询完成 
[SYS] 2025/04/11 - 17:14:18 | batch update started 
[SYS] 2025/04/11 - 17:14:18 | batch update finished 
[SYS] 2025/04/11 - 17:14:23 | batch update started 
[SYS] 2025/04/11 - 17:14:23 | batch update finished 
[SYS] 2025/04/11 - 17:14:28 | batch update started 
[SYS] 2025/04/11 - 17:14:28 | batch update finished 
[SYS] 2025/04/11 - 17:14:34 | syncing options from database 
[SYS] 2025/04/11 - 17:14:34 | syncing channels from database 
[SYS] 2025/04/11 - 17:14:34 | channels synced from database 
[SYS] 2025/04/11 - 17:14:34 | 任务进度轮询开始 
[SYS] 2025/04/11 - 17:14:34 | 任务进度轮询完成 
[SYS] 2025/04/11 - 17:14:34 | batch update started 
[SYS] 2025/04/11 - 17:14:34 | batch update finished 
[SYS] 2025/04/11 - 17:14:39 | batch update started 
[SYS] 2025/04/11 - 17:14:39 | batch update finished 
[SYS] 2025/04/11 - 17:14:44 | batch update started 
[SYS] 2025/04/11 - 17:14:44 | batch update finished 
[SYS] 2025/04/11 - 17:14:49 | 任务进度轮询开始 
[SYS] 2025/04/11 - 17:14:49 | 任务进度轮询完成 
[SYS] 2025/04/11 - 17:14:49 | batch update started 
[SYS] 2025/04/11 - 17:14:49 | batch update finished 
[SYS] 2025/04/11 - 17:14:54 | batch update started 
[SYS] 2025/04/11 - 17:14:54 | batch update finished 
[SYS] 2025/04/11 - 17:14:59 | batch update started 
[SYS] 2025/04/11 - 17:14:59 | batch update finished 
[SYS] 2025/04/11 - 17:15:04 | 任务进度轮询开始 
[SYS] 2025/04/11 - 17:15:04 | 任务进度轮询完成 
[SYS] 2025/04/11 - 17:15:04 | batch update started 
[SYS] 2025/04/11 - 17:15:04 | batch update finished 
[SYS] 2025/04/11 - 17:15:09 | batch update started 
[SYS] 2025/04/11 - 17:15:09 | batch update finished 
[SYS] 2025/04/11 - 17:15:14 | batch update started 
[SYS] 2025/04/11 - 17:15:14 | batch update finished 
[SYS] 2025/04/11 - 17:15:19 | 任务进度轮询开始 
[SYS] 2025/04/11 - 17:15:19 | 任务进度轮询完成 
[SYS] 2025/04/11 - 17:15:19 | batch update started 
[SYS] 2025/04/11 - 17:15:19 | batch update finished 
[SYS] 2025/04/11 - 17:15:24 | batch update started 
[SYS] 2025/04/11 - 17:15:24 | batch update finished 
[SYS] 2025/04/11 - 17:15:29 | batch update started 
[SYS] 2025/04/11 - 17:15:29 | batch update finished 
[SYS] 2025/04/11 - 17:15:34 | syncing options from database 
[SYS] 2025/04/11 - 17:15:34 | syncing channels from database 
[SYS] 2025/04/11 - 17:15:34 | channels synced from database 
[SYS] 2025/04/11 - 17:15:34 | 任务进度轮询开始 
[SYS] 2025/04/11 - 17:15:34 | 任务进度轮询完成 
[SYS] 2025/04/11 - 17:15:34 | batch update started 
[SYS] 2025/04/11 - 17:15:34 | batch update finished 
[SYS] 2025/04/11 - 17:15:40 | batch update started 
[SYS] 2025/04/11 - 17:15:40 | batch update finished 
[SYS] 2025/04/11 - 17:15:45 | batch update started 
[SYS] 2025/04/11 - 17:15:45 | batch update finished 
[SYS] 2025/04/11 - 17:15:50 | 任务进度轮询开始 
[SYS] 2025/04/11 - 17:15:50 | 任务进度轮询完成 
[SYS] 2025/04/11 - 17:15:50 | batch update started 
[SYS] 2025/04/11 - 17:15:50 | batch update finished 
[SYS] 2025/04/11 - 17:15:55 | batch update started 
[SYS] 2025/04/11 - 17:15:55 | batch update finished 
[SYS] 2025/04/11 - 17:16:00 | batch update started 
[SYS] 2025/04/11 - 17:16:00 | batch update finished 
[SYS] 2025/04/11 - 17:16:05 | 任务进度轮询开始 
[SYS] 2025/04/11 - 17:16:05 | 任务进度轮询完成 
[SYS] 2025/04/11 - 17:16:05 | batch update started 
[SYS] 2025/04/11 - 17:16:05 | batch update finished 
[SYS] 2025/04/11 - 17:16:10 | batch update started 
[SYS] 2025/04/11 - 17:16:10 | batch update finished 
[SYS] 2025/04/11 - 17:16:16 | batch update started 
[SYS] 2025/04/11 - 17:16:16 | batch update finished 
[SYS] 2025/04/11 - 17:16:21 | 任务进度轮询开始 
[SYS] 2025/04/11 - 17:16:21 | 任务进度轮询完成 
[SYS] 2025/04/11 - 17:16:21 | batch update started 
[SYS] 2025/04/11 - 17:16:21 | batch update finished 
[SYS] 2025/04/11 - 17:16:26 | batch update started 
[SYS] 2025/04/11 - 17:16:26 | batch update finished 
[SYS] 2025/04/11 - 17:16:31 | batch update started 
[SYS] 2025/04/11 - 17:16:31 | batch update finished 
[SYS] 2025/04/11 - 17:16:36 | syncing options from database 
[SYS] 2025/04/11 - 17:16:36 | syncing channels from database 
[SYS] 2025/04/11 - 17:16:36 | channels synced from database 
[SYS] 2025/04/11 - 17:16:36 | 正在更新数据看板数据... 
[SYS] 2025/04/11 - 17:16:36 | 保存数据看板数据成功，共保存0条数据 
[SYS] 2025/04/11 - 17:16:36 | 任务进度轮询开始 
[SYS] 2025/04/11 - 17:16:36 | 任务进度轮询完成 
[SYS] 2025/04/11 - 17:16:36 | batch update started 
[SYS] 2025/04/11 - 17:16:36 | batch update finished 
[SYS] 2025/04/11 - 17:16:41 | batch update started 
[SYS] 2025/04/11 - 17:16:41 | batch update finished 
[SYS] 2025/04/11 - 17:16:46 | batch update started 
[SYS] 2025/04/11 - 17:16:46 | batch update finished 
[SYS] 2025/04/11 - 17:16:51 | 任务进度轮询开始 
[SYS] 2025/04/11 - 17:16:51 | 任务进度轮询完成 
[SYS] 2025/04/11 - 17:16:51 | batch update started 
[SYS] 2025/04/11 - 17:16:51 | batch update finished 
[SYS] 2025/04/11 - 17:16:56 | batch update started 
[SYS] 2025/04/11 - 17:16:56 | batch update finished 
[SYS] 2025/04/11 - 17:17:01 | batch update started 
[SYS] 2025/04/11 - 17:17:01 | batch update finished 
[SYS] 2025/04/11 - 17:17:06 | 任务进度轮询开始 
[SYS] 2025/04/11 - 17:17:06 | 任务进度轮询完成 
[SYS] 2025/04/11 - 17:17:06 | batch update started 
[SYS] 2025/04/11 - 17:17:06 | batch update finished 
[SYS] 2025/04/11 - 17:17:11 | batch update started 
[SYS] 2025/04/11 - 17:17:11 | batch update finished 
[SYS] 2025/04/11 - 17:17:16 | batch update started 
[SYS] 2025/04/11 - 17:17:16 | batch update finished 
[SYS] 2025/04/11 - 17:17:22 | 任务进度轮询开始 
[SYS] 2025/04/11 - 17:17:22 | 任务进度轮询完成 
[SYS] 2025/04/11 - 17:17:22 | batch update started 
[SYS] 2025/04/11 - 17:17:22 | batch update finished 
[SYS] 2025/04/11 - 17:17:27 | batch update started 
[SYS] 2025/04/11 - 17:17:27 | batch update finished 
[SYS] 2025/04/11 - 17:17:32 | batch update started 
[SYS] 2025/04/11 - 17:17:32 | batch update finished 
[SYS] 2025/04/11 - 17:17:37 | syncing options from database 
[SYS] 2025/04/11 - 17:17:37 | syncing channels from database 
[SYS] 2025/04/11 - 17:17:37 | channels synced from database 
[SYS] 2025/04/11 - 17:17:37 | 任务进度轮询开始 
[SYS] 2025/04/11 - 17:17:37 | 任务进度轮询完成 
[SYS] 2025/04/11 - 17:17:37 | batch update started 
[SYS] 2025/04/11 - 17:17:37 | batch update finished 
[SYS] 2025/04/11 - 17:17:42 | batch update started 
[SYS] 2025/04/11 - 17:17:42 | batch update finished 
[SYS] 2025/04/11 - 17:17:47 | batch update started 
[SYS] 2025/04/11 - 17:17:47 | batch update finished 
[SYS] 2025/04/11 - 17:17:52 | 任务进度轮询开始 
[SYS] 2025/04/11 - 17:17:52 | 任务进度轮询完成 
[SYS] 2025/04/11 - 17:17:52 | batch update started 
[SYS] 2025/04/11 - 17:17:52 | batch update finished 
[SYS] 2025/04/11 - 17:17:57 | batch update started 
[SYS] 2025/04/11 - 17:17:57 | batch update finished 
[SYS] 2025/04/11 - 17:18:02 | batch update started 
[SYS] 2025/04/11 - 17:18:02 | batch update finished 
[SYS] 2025/04/11 - 17:18:07 | 任务进度轮询开始 
[SYS] 2025/04/11 - 17:18:07 | 任务进度轮询完成 
[SYS] 2025/04/11 - 17:18:07 | batch update started 
[SYS] 2025/04/11 - 17:18:07 | batch update finished 
[SYS] 2025/04/11 - 17:18:12 | batch update started 
[SYS] 2025/04/11 - 17:18:12 | batch update finished 
[SYS] 2025/04/11 - 17:18:17 | batch update started 
[SYS] 2025/04/11 - 17:18:17 | batch update finished 
[SYS] 2025/04/11 - 17:18:22 | 任务进度轮询开始 
[SYS] 2025/04/11 - 17:18:22 | 任务进度轮询完成 
[SYS] 2025/04/11 - 17:18:22 | batch update started 
[SYS] 2025/04/11 - 17:18:22 | batch update finished 
[SYS] 2025/04/11 - 17:18:28 | batch update started 
[SYS] 2025/04/11 - 17:18:28 | batch update finished 
[SYS] 2025/04/11 - 17:18:33 | batch update started 
[SYS] 2025/04/11 - 17:18:33 | batch update finished 
[SYS] 2025/04/11 - 17:18:38 | syncing options from database 
[SYS] 2025/04/11 - 17:18:38 | syncing channels from database 
[SYS] 2025/04/11 - 17:18:38 | channels synced from database 
[SYS] 2025/04/11 - 17:18:38 | 任务进度轮询开始 
[SYS] 2025/04/11 - 17:18:38 | 任务进度轮询完成 
[SYS] 2025/04/11 - 17:18:38 | batch update started 
[SYS] 2025/04/11 - 17:18:38 | batch update finished 
[SYS] 2025/04/11 - 17:18:43 | batch update started 
[SYS] 2025/04/11 - 17:18:43 | batch update finished 
[SYS] 2025/04/11 - 17:18:48 | batch update started 
[SYS] 2025/04/11 - 17:18:48 | batch update finished 
[SYS] 2025/04/11 - 17:18:53 | 任务进度轮询开始 
[SYS] 2025/04/11 - 17:18:53 | 任务进度轮询完成 
[SYS] 2025/04/11 - 17:18:53 | batch update started 
[SYS] 2025/04/11 - 17:18:53 | batch update finished 
[SYS] 2025/04/11 - 17:18:59 | batch update started 
[SYS] 2025/04/11 - 17:18:59 | batch update finished 
[SYS] 2025/04/11 - 17:19:04 | batch update started 
[SYS] 2025/04/11 - 17:19:04 | batch update finished 
[SYS] 2025/04/11 - 17:19:09 | 任务进度轮询开始 
[SYS] 2025/04/11 - 17:19:09 | 任务进度轮询完成 
[SYS] 2025/04/11 - 17:19:09 | batch update started 
[SYS] 2025/04/11 - 17:19:09 | batch update finished 
[SYS] 2025/04/11 - 17:19:14 | batch update started 
[SYS] 2025/04/11 - 17:19:14 | batch update finished 
[SYS] 2025/04/11 - 17:19:19 | batch update started 
[SYS] 2025/04/11 - 17:19:19 | batch update finished 
[SYS] 2025/04/11 - 17:19:24 | 任务进度轮询开始 
[SYS] 2025/04/11 - 17:19:24 | 任务进度轮询完成 
[SYS] 2025/04/11 - 17:19:24 | batch update started 
[SYS] 2025/04/11 - 17:19:24 | batch update finished 
[SYS] 2025/04/11 - 17:19:29 | batch update started 
[SYS] 2025/04/11 - 17:19:29 | batch update finished 
[SYS] 2025/04/11 - 17:19:34 | batch update started 
[SYS] 2025/04/11 - 17:19:34 | batch update finished 
[SYS] 2025/04/11 - 17:19:39 | syncing options from database 
[SYS] 2025/04/11 - 17:19:39 | syncing channels from database 
[SYS] 2025/04/11 - 17:19:39 | channels synced from database 
[SYS] 2025/04/11 - 17:19:39 | 任务进度轮询开始 
[SYS] 2025/04/11 - 17:19:39 | 任务进度轮询完成 
[SYS] 2025/04/11 - 17:19:39 | batch update started 
[SYS] 2025/04/11 - 17:19:39 | batch update finished 
[SYS] 2025/04/11 - 17:19:44 | batch update started 
[SYS] 2025/04/11 - 17:19:44 | batch update finished 
[SYS] 2025/04/11 - 17:19:49 | batch update started 
[SYS] 2025/04/11 - 17:19:49 | batch update finished 
[SYS] 2025/04/11 - 17:19:54 | 任务进度轮询开始 
[SYS] 2025/04/11 - 17:19:54 | 任务进度轮询完成 
[SYS] 2025/04/11 - 17:19:54 | batch update started 
[SYS] 2025/04/11 - 17:19:54 | batch update finished 
[SYS] 2025/04/11 - 17:19:59 | batch update started 
[SYS] 2025/04/11 - 17:19:59 | batch update finished 
[SYS] 2025/04/11 - 17:20:05 | batch update started 
[SYS] 2025/04/11 - 17:20:05 | batch update finished 
[SYS] 2025/04/11 - 17:20:10 | 任务进度轮询开始 
[SYS] 2025/04/11 - 17:20:10 | 任务进度轮询完成 
[SYS] 2025/04/11 - 17:20:10 | batch update started 
[SYS] 2025/04/11 - 17:20:10 | batch update finished 
[SYS] 2025/04/11 - 17:20:15 | batch update started 
[SYS] 2025/04/11 - 17:20:15 | batch update finished 
[SYS] 2025/04/11 - 17:20:20 | batch update started 
[SYS] 2025/04/11 - 17:20:20 | batch update finished 
[SYS] 2025/04/11 - 17:20:25 | 任务进度轮询开始 
[SYS] 2025/04/11 - 17:20:25 | 任务进度轮询完成 
[SYS] 2025/04/11 - 17:20:25 | batch update started 
[SYS] 2025/04/11 - 17:20:25 | batch update finished 
[SYS] 2025/04/11 - 17:20:30 | batch update started 
[SYS] 2025/04/11 - 17:20:30 | batch update finished 
[SYS] 2025/04/11 - 17:20:36 | batch update started 
[SYS] 2025/04/11 - 17:20:36 | batch update finished 
[SYS] 2025/04/11 - 17:20:40 | syncing options from database 
[SYS] 2025/04/11 - 17:20:40 | syncing channels from database 
[SYS] 2025/04/11 - 17:20:40 | channels synced from database 
[SYS] 2025/04/11 - 17:20:40 | 任务进度轮询开始 
[SYS] 2025/04/11 - 17:20:40 | 任务进度轮询完成 
[SYS] 2025/04/11 - 17:20:41 | batch update started 
[SYS] 2025/04/11 - 17:20:41 | batch update finished 
[SYS] 2025/04/11 - 17:20:46 | batch update started 
[SYS] 2025/04/11 - 17:20:46 | batch update finished 
[SYS] 2025/04/11 - 17:20:51 | batch update started 
[SYS] 2025/04/11 - 17:20:51 | batch update finished 
[SYS] 2025/04/11 - 17:20:55 | 任务进度轮询开始 
[SYS] 2025/04/11 - 17:20:55 | 任务进度轮询完成 
[SYS] 2025/04/11 - 17:20:56 | batch update started 
[SYS] 2025/04/11 - 17:20:56 | batch update finished 
[SYS] 2025/04/11 - 17:21:01 | batch update started 
[SYS] 2025/04/11 - 17:21:01 | batch update finished 
[SYS] 2025/04/11 - 17:21:06 | batch update started 
[SYS] 2025/04/11 - 17:21:06 | batch update finished 
[SYS] 2025/04/11 - 17:21:11 | 任务进度轮询开始 
[SYS] 2025/04/11 - 17:21:11 | 任务进度轮询完成 
[SYS] 2025/04/11 - 17:21:11 | batch update started 
[SYS] 2025/04/11 - 17:21:11 | batch update finished 
[SYS] 2025/04/11 - 17:21:16 | batch update started 
[SYS] 2025/04/11 - 17:21:16 | batch update finished 
[SYS] 2025/04/11 - 17:21:21 | batch update started 
[SYS] 2025/04/11 - 17:21:21 | batch update finished 
[SYS] 2025/04/11 - 17:21:26 | 任务进度轮询开始 
[SYS] 2025/04/11 - 17:21:26 | 任务进度轮询完成 
[SYS] 2025/04/11 - 17:21:26 | batch update started 
[SYS] 2025/04/11 - 17:21:26 | batch update finished 
[SYS] 2025/04/11 - 17:21:31 | batch update started 
[SYS] 2025/04/11 - 17:21:31 | batch update finished 
[SYS] 2025/04/11 - 17:21:36 | batch update started 
[SYS] 2025/04/11 - 17:21:36 | batch update finished 
[SYS] 2025/04/11 - 17:21:41 | testing all channels 
[SYS] 2025/04/11 - 17:21:41 | channel test finished 
[SYS] 2025/04/11 - 17:21:42 | syncing options from database 
[SYS] 2025/04/11 - 17:21:42 | 正在更新数据看板数据... 
[SYS] 2025/04/11 - 17:21:42 | 保存数据看板数据成功，共保存0条数据 
[SYS] 2025/04/11 - 17:21:42 | syncing channels from database 
[SYS] 2025/04/11 - 17:21:42 | channels synced from database 
[SYS] 2025/04/11 - 17:21:42 | 任务进度轮询开始 
[SYS] 2025/04/11 - 17:21:42 | 任务进度轮询完成 
[SYS] 2025/04/11 - 17:21:42 | batch update started 
[SYS] 2025/04/11 - 17:21:42 | batch update finished 
[SYS] 2025/04/11 - 17:21:47 | batch update started 
[SYS] 2025/04/11 - 17:21:47 | batch update finished 
[SYS] 2025/04/11 - 17:21:52 | batch update started 
[SYS] 2025/04/11 - 17:21:52 | batch update finished 
[SYS] 2025/04/11 - 17:21:57 | 任务进度轮询开始 
[SYS] 2025/04/11 - 17:21:57 | 任务进度轮询完成 
[SYS] 2025/04/11 - 17:21:57 | batch update started 
[SYS] 2025/04/11 - 17:21:57 | batch update finished 
[SYS] 2025/04/11 - 17:22:02 | batch update started 
[SYS] 2025/04/11 - 17:22:02 | batch update finished 
[SYS] 2025/04/11 - 17:22:07 | batch update started 
[SYS] 2025/04/11 - 17:22:07 | batch update finished 
[SYS] 2025/04/11 - 17:22:12 | 任务进度轮询开始 
[SYS] 2025/04/11 - 17:22:12 | 任务进度轮询完成 
[SYS] 2025/04/11 - 17:22:12 | batch update started 
[SYS] 2025/04/11 - 17:22:12 | batch update finished 
[SYS] 2025/04/11 - 17:22:17 | batch update started 
[SYS] 2025/04/11 - 17:22:17 | batch update finished 
[SYS] 2025/04/11 - 17:22:22 | batch update started 
[SYS] 2025/04/11 - 17:22:22 | batch update finished 
[SYS] 2025/04/11 - 17:22:27 | 任务进度轮询开始 
[SYS] 2025/04/11 - 17:22:27 | 任务进度轮询完成 
[SYS] 2025/04/11 - 17:22:27 | batch update started 
[SYS] 2025/04/11 - 17:22:27 | batch update finished 
[SYS] 2025/04/11 - 17:22:32 | batch update started 
[SYS] 2025/04/11 - 17:22:32 | batch update finished 
[SYS] 2025/04/11 - 17:22:37 | batch update started 
[SYS] 2025/04/11 - 17:22:37 | batch update finished 
[SYS] 2025/04/11 - 17:22:42 | syncing options from database 
[SYS] 2025/04/11 - 17:22:42 | syncing channels from database 
[SYS] 2025/04/11 - 17:22:42 | channels synced from database 
[SYS] 2025/04/11 - 17:22:42 | 任务进度轮询开始 
[SYS] 2025/04/11 - 17:22:42 | 任务进度轮询完成 
[SYS] 2025/04/11 - 17:22:42 | batch update started 
[SYS] 2025/04/11 - 17:22:42 | batch update finished 
[SYS] 2025/04/11 - 17:22:48 | batch update started 
[SYS] 2025/04/11 - 17:22:48 | batch update finished 
[SYS] 2025/04/11 - 17:22:53 | batch update started 
[SYS] 2025/04/11 - 17:22:53 | batch update finished 
[SYS] 2025/04/11 - 17:22:58 | 任务进度轮询开始 
[SYS] 2025/04/11 - 17:22:58 | 任务进度轮询完成 
[SYS] 2025/04/11 - 17:22:58 | batch update started 
[SYS] 2025/04/11 - 17:22:58 | batch update finished 
[SYS] 2025/04/11 - 17:23:03 | batch update started 
[SYS] 2025/04/11 - 17:23:03 | batch update finished 
[SYS] 2025/04/11 - 17:23:08 | batch update started 
[SYS] 2025/04/11 - 17:23:08 | batch update finished 
[SYS] 2025/04/11 - 17:23:13 | 任务进度轮询开始 
[SYS] 2025/04/11 - 17:23:13 | 任务进度轮询完成 
[SYS] 2025/04/11 - 17:23:13 | batch update started 
[SYS] 2025/04/11 - 17:23:13 | batch update finished 
[SYS] 2025/04/11 - 17:23:18 | batch update started 
[SYS] 2025/04/11 - 17:23:18 | batch update finished 
[SYS] 2025/04/11 - 17:23:24 | batch update started 
[SYS] 2025/04/11 - 17:23:24 | batch update finished 
[SYS] 2025/04/11 - 17:23:29 | 任务进度轮询开始 
[SYS] 2025/04/11 - 17:23:29 | 任务进度轮询完成 
[SYS] 2025/04/11 - 17:23:29 | batch update started 
[SYS] 2025/04/11 - 17:23:29 | batch update finished 
[SYS] 2025/04/11 - 17:23:34 | batch update started 
[SYS] 2025/04/11 - 17:23:34 | batch update finished 
[SYS] 2025/04/11 - 17:23:39 | batch update started 
[SYS] 2025/04/11 - 17:23:39 | batch update finished 
[SYS] 2025/04/11 - 17:23:43 | syncing options from database 
[SYS] 2025/04/11 - 17:23:43 | syncing channels from database 
[SYS] 2025/04/11 - 17:23:43 | channels synced from database 
[SYS] 2025/04/11 - 17:23:44 | 任务进度轮询开始 
[SYS] 2025/04/11 - 17:23:44 | 任务进度轮询完成 
[SYS] 2025/04/11 - 17:23:44 | batch update started 
[SYS] 2025/04/11 - 17:23:44 | batch update finished 
[SYS] 2025/04/11 - 17:23:49 | batch update started 
[SYS] 2025/04/11 - 17:23:49 | batch update finished 
[SYS] 2025/04/11 - 17:23:54 | batch update started 
[SYS] 2025/04/11 - 17:23:54 | batch update finished 
[SYS] 2025/04/11 - 17:23:59 | 任务进度轮询开始 
[SYS] 2025/04/11 - 17:23:59 | 任务进度轮询完成 
[SYS] 2025/04/11 - 17:23:59 | batch update started 
[SYS] 2025/04/11 - 17:23:59 | batch update finished 
[SYS] 2025/04/11 - 17:24:04 | batch update started 
[SYS] 2025/04/11 - 17:24:04 | batch update finished 
[SYS] 2025/04/11 - 17:24:09 | batch update started 
[SYS] 2025/04/11 - 17:24:09 | batch update finished 
[SYS] 2025/04/11 - 17:24:14 | 任务进度轮询开始 
[SYS] 2025/04/11 - 17:24:14 | 任务进度轮询完成 
[SYS] 2025/04/11 - 17:24:14 | batch update started 
[SYS] 2025/04/11 - 17:24:14 | batch update finished 
[SYS] 2025/04/11 - 17:24:19 | batch update started 
[SYS] 2025/04/11 - 17:24:19 | batch update finished 
[SYS] 2025/04/11 - 17:24:24 | batch update started 
[SYS] 2025/04/11 - 17:24:24 | batch update finished 
[SYS] 2025/04/11 - 17:24:30 | 任务进度轮询开始 
[SYS] 2025/04/11 - 17:24:30 | 任务进度轮询完成 
[SYS] 2025/04/11 - 17:24:30 | batch update started 
[SYS] 2025/04/11 - 17:24:30 | batch update finished 
[SYS] 2025/04/11 - 17:24:35 | batch update started 
[SYS] 2025/04/11 - 17:24:35 | batch update finished 
[SYS] 2025/04/11 - 17:24:40 | batch update started 
[SYS] 2025/04/11 - 17:24:40 | batch update finished 
[SYS] 2025/04/11 - 17:24:45 | syncing options from database 
[SYS] 2025/04/11 - 17:24:45 | syncing channels from database 
[SYS] 2025/04/11 - 17:24:45 | channels synced from database 
[SYS] 2025/04/11 - 17:24:45 | 任务进度轮询开始 
[SYS] 2025/04/11 - 17:24:47 | batch update started 
[SYS] 2025/04/11 - 17:24:47 | batch update finished 
[SYS] 2025/04/11 - 17:24:47 | 任务进度轮询完成 
[SYS] 2025/04/11 - 17:24:52 | batch update started 
[SYS] 2025/04/11 - 17:24:52 | batch update finished 
[SYS] 2025/04/11 - 17:24:57 | batch update started 
[SYS] 2025/04/11 - 17:24:57 | batch update finished 
[SYS] 2025/04/11 - 17:25:02 | batch update started 
[SYS] 2025/04/11 - 17:25:02 | batch update finished 
[SYS] 2025/04/11 - 17:25:03 | 任务进度轮询开始 
[SYS] 2025/04/11 - 17:25:03 | 任务进度轮询完成 
[SYS] 2025/04/11 - 17:25:07 | batch update started 
[SYS] 2025/04/11 - 17:25:07 | batch update finished 
[SYS] 2025/04/11 - 17:25:12 | batch update started 
[SYS] 2025/04/11 - 17:25:12 | batch update finished 
[SYS] 2025/04/11 - 17:25:17 | batch update started 
[SYS] 2025/04/11 - 17:25:17 | batch update finished 
[SYS] 2025/04/11 - 17:25:18 | 任务进度轮询开始 
[SYS] 2025/04/11 - 17:25:18 | 任务进度轮询完成 
[SYS] 2025/04/11 - 17:25:22 | batch update started 
[SYS] 2025/04/11 - 17:25:22 | batch update finished 
[SYS] 2025/04/11 - 17:25:27 | batch update started 
[SYS] 2025/04/11 - 17:25:27 | batch update finished 
[SYS] 2025/04/11 - 17:25:33 | batch update started 
[SYS] 2025/04/11 - 17:25:33 | batch update finished 
[SYS] 2025/04/11 - 17:25:33 | 任务进度轮询开始 
[SYS] 2025/04/11 - 17:25:33 | 任务进度轮询完成 
[SYS] 2025/04/11 - 17:25:38 | batch update started 
[SYS] 2025/04/11 - 17:25:38 | batch update finished 
[SYS] 2025/04/11 - 17:25:43 | batch update started 
[SYS] 2025/04/11 - 17:25:43 | batch update finished 
[SYS] 2025/04/11 - 17:25:46 | syncing options from database 
[SYS] 2025/04/11 - 17:25:46 | syncing channels from database 
[SYS] 2025/04/11 - 17:25:46 | channels synced from database 
[SYS] 2025/04/11 - 17:25:48 | batch update started 
[SYS] 2025/04/11 - 17:25:48 | batch update finished 
[SYS] 2025/04/11 - 17:25:48 | 任务进度轮询开始 
[SYS] 2025/04/11 - 17:25:48 | 任务进度轮询完成 
[SYS] 2025/04/11 - 17:25:53 | batch update started 
[SYS] 2025/04/11 - 17:25:53 | batch update finished 
[SYS] 2025/04/11 - 17:25:58 | batch update started 
[SYS] 2025/04/11 - 17:25:58 | batch update finished 
[SYS] 2025/04/11 - 17:26:03 | batch update started 
[SYS] 2025/04/11 - 17:26:03 | batch update finished 
[SYS] 2025/04/11 - 17:26:03 | 任务进度轮询开始 
[SYS] 2025/04/11 - 17:26:03 | 任务进度轮询完成 
[SYS] 2025/04/11 - 17:26:09 | batch update started 
[SYS] 2025/04/11 - 17:26:09 | batch update finished 
[SYS] 2025/04/11 - 17:26:14 | batch update started 
[SYS] 2025/04/11 - 17:26:14 | batch update finished 
[SYS] 2025/04/11 - 17:26:19 | batch update started 
[SYS] 2025/04/11 - 17:26:19 | batch update finished 
[SYS] 2025/04/11 - 17:26:19 | 任务进度轮询开始 
[SYS] 2025/04/11 - 17:26:19 | 任务进度轮询完成 
[SYS] 2025/04/11 - 17:26:24 | batch update started 
[SYS] 2025/04/11 - 17:26:24 | batch update finished 
[SYS] 2025/04/11 - 17:26:29 | batch update started 
[SYS] 2025/04/11 - 17:26:29 | batch update finished 
[SYS] 2025/04/11 - 17:26:34 | batch update started 
[SYS] 2025/04/11 - 17:26:34 | batch update finished 
[SYS] 2025/04/11 - 17:26:34 | 任务进度轮询开始 
[SYS] 2025/04/11 - 17:26:34 | 任务进度轮询完成 
[SYS] 2025/04/11 - 17:26:40 | batch update started 
[SYS] 2025/04/11 - 17:26:40 | batch update finished 
[SYS] 2025/04/11 - 17:26:45 | batch update started 
[SYS] 2025/04/11 - 17:26:45 | batch update finished 
[SYS] 2025/04/11 - 17:26:48 | 正在更新数据看板数据... 
[SYS] 2025/04/11 - 17:26:48 | 保存数据看板数据成功，共保存0条数据 
[SYS] 2025/04/11 - 17:26:48 | syncing options from database 
[SYS] 2025/04/11 - 17:26:48 | syncing channels from database 
[SYS] 2025/04/11 - 17:26:48 | channels synced from database 
[SYS] 2025/04/11 - 17:26:50 | batch update started 
[SYS] 2025/04/11 - 17:26:50 | batch update finished 
[SYS] 2025/04/11 - 17:26:50 | 任务进度轮询开始 
[SYS] 2025/04/11 - 17:26:50 | 任务进度轮询完成 
[SYS] 2025/04/11 - 17:26:55 | batch update started 
[SYS] 2025/04/11 - 17:26:55 | batch update finished 
[SYS] 2025/04/11 - 17:27:00 | batch update started 
[SYS] 2025/04/11 - 17:27:00 | batch update finished 
[SYS] 2025/04/11 - 17:27:05 | batch update started 
[SYS] 2025/04/11 - 17:27:05 | batch update finished 
[SYS] 2025/04/11 - 17:27:05 | 任务进度轮询开始 
[SYS] 2025/04/11 - 17:27:05 | 任务进度轮询完成 
[SYS] 2025/04/11 - 17:27:10 | batch update started 
[SYS] 2025/04/11 - 17:27:10 | batch update finished 
[SYS] 2025/04/11 - 17:27:15 | batch update started 
[SYS] 2025/04/11 - 17:27:15 | batch update finished 
[SYS] 2025/04/11 - 17:27:20 | batch update started 
[SYS] 2025/04/11 - 17:27:20 | batch update finished 
[SYS] 2025/04/11 - 17:27:20 | 任务进度轮询开始 
[SYS] 2025/04/11 - 17:27:20 | 任务进度轮询完成 
[SYS] 2025/04/11 - 17:27:25 | batch update started 
[SYS] 2025/04/11 - 17:27:25 | batch update finished 
[SYS] 2025/04/11 - 17:27:30 | batch update started 
[SYS] 2025/04/11 - 17:27:30 | batch update finished 
[SYS] 2025/04/11 - 17:27:35 | batch update started 
[SYS] 2025/04/11 - 17:27:35 | batch update finished 
[SYS] 2025/04/11 - 17:27:35 | 任务进度轮询开始 
[SYS] 2025/04/11 - 17:27:35 | 任务进度轮询完成 
[SYS] 2025/04/11 - 17:27:40 | batch update started 
[SYS] 2025/04/11 - 17:27:40 | batch update finished 
[SYS] 2025/04/11 - 17:27:46 | batch update started 
[SYS] 2025/04/11 - 17:27:46 | batch update finished 
[SYS] 2025/04/11 - 17:27:49 | syncing options from database 
[SYS] 2025/04/11 - 17:27:49 | syncing channels from database 
[SYS] 2025/04/11 - 17:27:49 | channels synced from database 
[SYS] 2025/04/11 - 17:27:51 | batch update started 
[SYS] 2025/04/11 - 17:27:51 | batch update finished 
[SYS] 2025/04/11 - 17:27:51 | 任务进度轮询开始 
[SYS] 2025/04/11 - 17:27:51 | 任务进度轮询完成 
[SYS] 2025/04/11 - 17:27:56 | batch update started 
[SYS] 2025/04/11 - 17:27:56 | batch update finished 
[SYS] 2025/04/11 - 17:28:01 | batch update started 
[SYS] 2025/04/11 - 17:28:01 | batch update finished 
[SYS] 2025/04/11 - 17:28:06 | batch update started 
[SYS] 2025/04/11 - 17:28:06 | batch update finished 
[SYS] 2025/04/11 - 17:28:06 | 任务进度轮询开始 
[SYS] 2025/04/11 - 17:28:06 | 任务进度轮询完成 
[SYS] 2025/04/11 - 17:28:11 | batch update started 
[SYS] 2025/04/11 - 17:28:11 | batch update finished 
[SYS] 2025/04/11 - 17:28:17 | batch update started 
[SYS] 2025/04/11 - 17:28:17 | batch update finished 
[SYS] 2025/04/11 - 17:28:22 | batch update started 
[SYS] 2025/04/11 - 17:28:22 | batch update finished 
[SYS] 2025/04/11 - 17:28:22 | 任务进度轮询开始 
[SYS] 2025/04/11 - 17:28:22 | 任务进度轮询完成 
[SYS] 2025/04/11 - 17:28:27 | batch update started 
[SYS] 2025/04/11 - 17:28:27 | batch update finished 
[SYS] 2025/04/11 - 17:28:32 | batch update started 
[SYS] 2025/04/11 - 17:28:32 | batch update finished 
[SYS] 2025/04/11 - 17:28:37 | batch update started 
[SYS] 2025/04/11 - 17:28:37 | batch update finished 
[SYS] 2025/04/11 - 17:28:37 | 任务进度轮询开始 
[SYS] 2025/04/11 - 17:28:37 | 任务进度轮询完成 
[SYS] 2025/04/11 - 17:28:42 | batch update started 
[SYS] 2025/04/11 - 17:28:42 | batch update finished 
[SYS] 2025/04/11 - 17:28:47 | batch update started 
[SYS] 2025/04/11 - 17:28:47 | batch update finished 
[SYS] 2025/04/11 - 17:28:50 | syncing options from database 
[SYS] 2025/04/11 - 17:28:50 | syncing channels from database 
[SYS] 2025/04/11 - 17:28:50 | channels synced from database 
[SYS] 2025/04/11 - 17:28:52 | batch update started 
[SYS] 2025/04/11 - 17:28:52 | batch update finished 
[SYS] 2025/04/11 - 17:28:52 | 任务进度轮询开始 
[SYS] 2025/04/11 - 17:28:52 | 任务进度轮询完成 
[SYS] 2025/04/11 - 17:28:57 | batch update started 
[SYS] 2025/04/11 - 17:28:57 | batch update finished 
[SYS] 2025/04/11 - 17:29:02 | batch update started 
[SYS] 2025/04/11 - 17:29:02 | batch update finished 
[SYS] 2025/04/11 - 17:29:07 | batch update started 
[SYS] 2025/04/11 - 17:29:07 | batch update finished 
[SYS] 2025/04/11 - 17:29:07 | 任务进度轮询开始 
[SYS] 2025/04/11 - 17:29:07 | 任务进度轮询完成 
[SYS] 2025/04/11 - 17:29:12 | batch update started 
[SYS] 2025/04/11 - 17:29:12 | batch update finished 
[SYS] 2025/04/11 - 17:29:17 | batch update started 
[SYS] 2025/04/11 - 17:29:17 | batch update finished 
[SYS] 2025/04/11 - 17:29:23 | batch update started 
[SYS] 2025/04/11 - 17:29:23 | batch update finished 
[SYS] 2025/04/11 - 17:29:23 | 任务进度轮询开始 
[SYS] 2025/04/11 - 17:29:23 | 任务进度轮询完成 
[SYS] 2025/04/11 - 17:29:28 | batch update started 
[SYS] 2025/04/11 - 17:29:28 | batch update finished 
[SYS] 2025/04/11 - 17:29:33 | batch update started 
[SYS] 2025/04/11 - 17:29:33 | batch update finished 
[SYS] 2025/04/11 - 17:29:38 | batch update started 
[SYS] 2025/04/11 - 17:29:38 | batch update finished 
[SYS] 2025/04/11 - 17:29:38 | 任务进度轮询开始 
[SYS] 2025/04/11 - 17:29:38 | 任务进度轮询完成 
[SYS] 2025/04/11 - 17:29:43 | batch update started 
[SYS] 2025/04/11 - 17:29:43 | batch update finished 
[SYS] 2025/04/11 - 17:29:48 | batch update started 
[SYS] 2025/04/11 - 17:29:48 | batch update finished 
[SYS] 2025/04/11 - 17:29:51 | syncing options from database 
[SYS] 2025/04/11 - 17:29:51 | syncing channels from database 
[SYS] 2025/04/11 - 17:29:51 | channels synced from database 
[SYS] 2025/04/11 - 17:29:53 | batch update started 
[SYS] 2025/04/11 - 17:29:53 | batch update finished 
[SYS] 2025/04/11 - 17:29:53 | 任务进度轮询开始 
[SYS] 2025/04/11 - 17:29:53 | 任务进度轮询完成 
[SYS] 2025/04/11 - 17:29:58 | batch update started 
[SYS] 2025/04/11 - 17:29:58 | batch update finished 
[SYS] 2025/04/11 - 17:30:03 | batch update started 
[SYS] 2025/04/11 - 17:30:03 | batch update finished 
[SYS] 2025/04/11 - 17:30:08 | batch update started 
[SYS] 2025/04/11 - 17:30:08 | batch update finished 
[SYS] 2025/04/11 - 17:30:09 | 任务进度轮询开始 
[SYS] 2025/04/11 - 17:30:09 | 任务进度轮询完成 
[SYS] 2025/04/11 - 17:30:13 | batch update started 
[SYS] 2025/04/11 - 17:30:13 | batch update finished 
[SYS] 2025/04/11 - 17:30:18 | batch update started 
[SYS] 2025/04/11 - 17:30:18 | batch update finished 
[SYS] 2025/04/11 - 17:30:23 | batch update started 
[SYS] 2025/04/11 - 17:30:23 | batch update finished 
[SYS] 2025/04/11 - 17:30:24 | 任务进度轮询开始 
[SYS] 2025/04/11 - 17:30:24 | 任务进度轮询完成 
[SYS] 2025/04/11 - 17:30:29 | batch update started 
[SYS] 2025/04/11 - 17:30:29 | batch update finished 
[SYS] 2025/04/11 - 17:30:34 | batch update started 
[SYS] 2025/04/11 - 17:30:34 | batch update finished 
[SYS] 2025/04/11 - 17:30:39 | batch update started 
[SYS] 2025/04/11 - 17:30:39 | batch update finished 
[SYS] 2025/04/11 - 17:30:39 | 任务进度轮询开始 
[SYS] 2025/04/11 - 17:30:39 | 任务进度轮询完成 
[SYS] 2025/04/11 - 17:30:44 | batch update started 
[SYS] 2025/04/11 - 17:30:44 | batch update finished 
[SYS] 2025/04/11 - 17:30:49 | batch update started 
[SYS] 2025/04/11 - 17:30:49 | batch update finished 
[SYS] 2025/04/11 - 17:30:52 | syncing options from database 
[SYS] 2025/04/11 - 17:30:52 | syncing channels from database 
[SYS] 2025/04/11 - 17:30:52 | channels synced from database 
[SYS] 2025/04/11 - 17:30:54 | batch update started 
[SYS] 2025/04/11 - 17:30:54 | batch update finished 
[SYS] 2025/04/11 - 17:30:54 | 任务进度轮询开始 
[SYS] 2025/04/11 - 17:30:54 | 任务进度轮询完成 
[SYS] 2025/04/11 - 17:30:59 | batch update started 
[SYS] 2025/04/11 - 17:30:59 | batch update finished 
[SYS] 2025/04/11 - 17:31:05 | batch update started 
[SYS] 2025/04/11 - 17:31:05 | batch update finished 
[SYS] 2025/04/11 - 17:31:10 | batch update started 
[SYS] 2025/04/11 - 17:31:10 | batch update finished 
[SYS] 2025/04/11 - 17:31:10 | 任务进度轮询开始 
[SYS] 2025/04/11 - 17:31:10 | 任务进度轮询完成 
[SYS] 2025/04/11 - 17:31:15 | batch update started 
[SYS] 2025/04/11 - 17:31:15 | batch update finished 
[SYS] 2025/04/11 - 17:31:20 | batch update started 
[SYS] 2025/04/11 - 17:31:20 | batch update finished 
[SYS] 2025/04/11 - 17:31:25 | batch update started 
[SYS] 2025/04/11 - 17:31:25 | batch update finished 
[SYS] 2025/04/11 - 17:31:25 | 任务进度轮询开始 
[SYS] 2025/04/11 - 17:31:25 | 任务进度轮询完成 
[SYS] 2025/04/11 - 17:31:30 | batch update started 
[SYS] 2025/04/11 - 17:31:30 | batch update finished 
[SYS] 2025/04/11 - 17:31:35 | batch update started 
[SYS] 2025/04/11 - 17:31:35 | batch update finished 
[SYS] 2025/04/11 - 17:31:40 | batch update started 
[SYS] 2025/04/11 - 17:31:40 | batch update finished 
[SYS] 2025/04/11 - 17:31:41 | 任务进度轮询开始 
[SYS] 2025/04/11 - 17:31:41 | 任务进度轮询完成 
[SYS] 2025/04/11 - 17:31:45 | batch update started 
[SYS] 2025/04/11 - 17:31:45 | batch update finished 
[SYS] 2025/04/11 - 17:31:50 | batch update started 
[SYS] 2025/04/11 - 17:31:50 | batch update finished 
[SYS] 2025/04/11 - 17:31:53 | testing all channels 
[SYS] 2025/04/11 - 17:31:53 | channel test finished 
[SYS] 2025/04/11 - 17:31:53 | 正在更新数据看板数据... 
[SYS] 2025/04/11 - 17:31:53 | 保存数据看板数据成功，共保存0条数据 
[SYS] 2025/04/11 - 17:31:53 | syncing options from database 
[SYS] 2025/04/11 - 17:31:53 | syncing channels from database 
[SYS] 2025/04/11 - 17:31:53 | channels synced from database 
[SYS] 2025/04/11 - 17:31:55 | batch update started 
[SYS] 2025/04/11 - 17:31:55 | batch update finished 
[SYS] 2025/04/11 - 17:31:56 | 任务进度轮询开始 
[SYS] 2025/04/11 - 17:31:56 | 任务进度轮询完成 
[SYS] 2025/04/11 - 17:32:00 | batch update started 
[SYS] 2025/04/11 - 17:32:00 | batch update finished 
[SYS] 2025/04/11 - 17:32:05 | batch update started 
[SYS] 2025/04/11 - 17:32:05 | batch update finished 
[SYS] 2025/04/11 - 17:32:11 | batch update started 
[SYS] 2025/04/11 - 17:32:11 | batch update finished 
[SYS] 2025/04/11 - 17:32:11 | 任务进度轮询开始 
[SYS] 2025/04/11 - 17:32:11 | 任务进度轮询完成 
[SYS] 2025/04/11 - 17:32:16 | batch update started 
[SYS] 2025/04/11 - 17:32:16 | batch update finished 
[SYS] 2025/04/11 - 17:32:21 | batch update started 
[SYS] 2025/04/11 - 17:32:21 | batch update finished 
[SYS] 2025/04/11 - 17:32:26 | batch update started 
[SYS] 2025/04/11 - 17:32:26 | batch update finished 
[SYS] 2025/04/11 - 17:32:26 | 任务进度轮询开始 
[SYS] 2025/04/11 - 17:32:26 | 任务进度轮询完成 
[SYS] 2025/04/11 - 17:32:31 | batch update started 
[SYS] 2025/04/11 - 17:32:31 | batch update finished 
[SYS] 2025/04/11 - 17:32:36 | batch update started 
[SYS] 2025/04/11 - 17:32:36 | batch update finished 
[SYS] 2025/04/11 - 17:32:42 | batch update started 
[SYS] 2025/04/11 - 17:32:42 | batch update finished 
[SYS] 2025/04/11 - 17:32:42 | 任务进度轮询开始 
[SYS] 2025/04/11 - 17:32:42 | 任务进度轮询完成 
[SYS] 2025/04/11 - 17:32:47 | batch update started 
[SYS] 2025/04/11 - 17:32:47 | batch update finished 
[SYS] 2025/04/11 - 17:32:52 | batch update started 
[SYS] 2025/04/11 - 17:32:52 | batch update finished 
[SYS] 2025/04/11 - 17:32:55 | syncing options from database 
[SYS] 2025/04/11 - 17:32:55 | syncing channels from database 
[SYS] 2025/04/11 - 17:32:55 | channels synced from database 
[SYS] 2025/04/11 - 17:32:57 | batch update started 
[SYS] 2025/04/11 - 17:32:57 | batch update finished 
[SYS] 2025/04/11 - 17:32:57 | 任务进度轮询开始 
[SYS] 2025/04/11 - 17:32:57 | 任务进度轮询完成 
[SYS] 2025/04/11 - 17:33:02 | batch update started 
[SYS] 2025/04/11 - 17:33:02 | batch update finished 
[SYS] 2025/04/11 - 17:33:07 | batch update started 
[SYS] 2025/04/11 - 17:33:07 | batch update finished 
[SYS] 2025/04/11 - 17:33:12 | batch update started 
[SYS] 2025/04/11 - 17:33:12 | batch update finished 
[SYS] 2025/04/11 - 17:33:12 | 任务进度轮询开始 
[SYS] 2025/04/11 - 17:33:12 | 任务进度轮询完成 
[SYS] 2025/04/11 - 17:33:17 | batch update started 
[SYS] 2025/04/11 - 17:33:17 | batch update finished 
[SYS] 2025/04/11 - 17:33:22 | batch update started 
[SYS] 2025/04/11 - 17:33:22 | batch update finished 
[SYS] 2025/04/11 - 17:33:27 | batch update started 
[SYS] 2025/04/11 - 17:33:27 | batch update finished 
[SYS] 2025/04/11 - 17:33:27 | 任务进度轮询开始 
[SYS] 2025/04/11 - 17:33:27 | 任务进度轮询完成 
[SYS] 2025/04/11 - 17:33:32 | batch update started 
[SYS] 2025/04/11 - 17:33:32 | batch update finished 
[SYS] 2025/04/11 - 17:33:37 | batch update started 
[SYS] 2025/04/11 - 17:33:37 | batch update finished 
[SYS] 2025/04/11 - 17:33:42 | batch update started 
[SYS] 2025/04/11 - 17:33:42 | batch update finished 
[SYS] 2025/04/11 - 17:33:42 | 任务进度轮询开始 
[SYS] 2025/04/11 - 17:33:42 | 任务进度轮询完成 
[SYS] 2025/04/11 - 17:33:48 | batch update started 
[SYS] 2025/04/11 - 17:33:48 | batch update finished 
[SYS] 2025/04/11 - 17:33:53 | batch update started 
[SYS] 2025/04/11 - 17:33:53 | batch update finished 
[SYS] 2025/04/11 - 17:33:56 | syncing options from database 
[SYS] 2025/04/11 - 17:33:56 | syncing channels from database 
[SYS] 2025/04/11 - 17:33:56 | channels synced from database 
[SYS] 2025/04/11 - 17:33:58 | batch update started 
[SYS] 2025/04/11 - 17:33:58 | batch update finished 
[SYS] 2025/04/11 - 17:33:58 | 任务进度轮询开始 
[SYS] 2025/04/11 - 17:33:58 | 任务进度轮询完成 
[SYS] 2025/04/11 - 17:34:03 | batch update started 
[SYS] 2025/04/11 - 17:34:03 | batch update finished 
[SYS] 2025/04/11 - 17:34:08 | batch update started 
[SYS] 2025/04/11 - 17:34:08 | batch update finished 
[SYS] 2025/04/11 - 17:34:13 | batch update started 
[SYS] 2025/04/11 - 17:34:13 | batch update finished 
[SYS] 2025/04/11 - 17:34:13 | 任务进度轮询开始 
[SYS] 2025/04/11 - 17:34:13 | 任务进度轮询完成 
[SYS] 2025/04/11 - 17:34:19 | batch update started 
[SYS] 2025/04/11 - 17:34:19 | batch update finished 
[SYS] 2025/04/11 - 17:34:24 | batch update started 
[SYS] 2025/04/11 - 17:34:24 | batch update finished 
[SYS] 2025/04/11 - 17:34:29 | batch update started 
[SYS] 2025/04/11 - 17:34:29 | batch update finished 
[SYS] 2025/04/11 - 17:34:29 | 任务进度轮询开始 
[SYS] 2025/04/11 - 17:34:29 | 任务进度轮询完成 
[SYS] 2025/04/11 - 17:34:34 | batch update started 
[SYS] 2025/04/11 - 17:34:34 | batch update finished 
[SYS] 2025/04/11 - 17:34:39 | batch update started 
[SYS] 2025/04/11 - 17:34:39 | batch update finished 
[SYS] 2025/04/11 - 17:34:44 | batch update started 
[SYS] 2025/04/11 - 17:34:44 | batch update finished 
[SYS] 2025/04/11 - 17:34:44 | 任务进度轮询开始 
[SYS] 2025/04/11 - 17:34:44 | 任务进度轮询完成 
[SYS] 2025/04/11 - 17:34:49 | batch update started 
[SYS] 2025/04/11 - 17:34:49 | batch update finished 
[SYS] 2025/04/11 - 17:34:54 | batch update started 
[SYS] 2025/04/11 - 17:34:54 | batch update finished 
[SYS] 2025/04/11 - 17:34:57 | syncing options from database 
[SYS] 2025/04/11 - 17:34:57 | syncing channels from database 
[SYS] 2025/04/11 - 17:34:57 | channels synced from database 
[SYS] 2025/04/11 - 17:34:59 | batch update started 
[SYS] 2025/04/11 - 17:34:59 | batch update finished 
[SYS] 2025/04/11 - 17:34:59 | 任务进度轮询开始 
[SYS] 2025/04/11 - 17:34:59 | 任务进度轮询完成 
[SYS] 2025/04/11 - 17:35:04 | batch update started 
[SYS] 2025/04/11 - 17:35:04 | batch update finished 
[SYS] 2025/04/11 - 17:35:09 | batch update started 
[SYS] 2025/04/11 - 17:35:09 | batch update finished 
[SYS] 2025/04/11 - 17:35:14 | batch update started 
[SYS] 2025/04/11 - 17:35:14 | batch update finished 
[SYS] 2025/04/11 - 17:35:14 | 任务进度轮询开始 
[SYS] 2025/04/11 - 17:35:14 | 任务进度轮询完成 
[SYS] 2025/04/11 - 17:35:19 | batch update started 
[SYS] 2025/04/11 - 17:35:19 | batch update finished 
[SYS] 2025/04/11 - 17:35:25 | batch update started 
[SYS] 2025/04/11 - 17:35:25 | batch update finished 
[SYS] 2025/04/11 - 17:35:30 | batch update started 
[SYS] 2025/04/11 - 17:35:30 | batch update finished 
[SYS] 2025/04/11 - 17:35:30 | 任务进度轮询开始 
[SYS] 2025/04/11 - 17:35:30 | 任务进度轮询完成 
[SYS] 2025/04/11 - 17:35:35 | batch update started 
[SYS] 2025/04/11 - 17:35:35 | batch update finished 
[SYS] 2025/04/11 - 17:35:40 | batch update started 
[SYS] 2025/04/11 - 17:35:40 | batch update finished 
[SYS] 2025/04/11 - 17:35:45 | batch update started 
[SYS] 2025/04/11 - 17:35:45 | batch update finished 
[SYS] 2025/04/11 - 17:35:45 | 任务进度轮询开始 
[SYS] 2025/04/11 - 17:35:45 | 任务进度轮询完成 
[SYS] 2025/04/11 - 17:35:50 | batch update started 
[SYS] 2025/04/11 - 17:35:50 | batch update finished 
[SYS] 2025/04/11 - 17:35:55 | batch update started 
[SYS] 2025/04/11 - 17:35:55 | batch update finished 
[SYS] 2025/04/11 - 17:35:59 | syncing options from database 
[SYS] 2025/04/11 - 17:35:59 | syncing channels from database 
[SYS] 2025/04/11 - 17:35:59 | channels synced from database 
[SYS] 2025/04/11 - 17:36:01 | batch update started 
[SYS] 2025/04/11 - 17:36:01 | batch update finished 
[SYS] 2025/04/11 - 17:36:01 | 任务进度轮询开始 
[SYS] 2025/04/11 - 17:36:01 | 任务进度轮询完成 
[SYS] 2025/04/11 - 17:36:06 | batch update started 
[SYS] 2025/04/11 - 17:36:06 | batch update finished 
[SYS] 2025/04/11 - 17:36:11 | batch update started 
[SYS] 2025/04/11 - 17:36:11 | batch update finished 
[SYS] 2025/04/11 - 17:36:16 | batch update started 
[SYS] 2025/04/11 - 17:36:16 | batch update finished 
[SYS] 2025/04/11 - 17:36:16 | 任务进度轮询开始 
[SYS] 2025/04/11 - 17:36:16 | 任务进度轮询完成 
[SYS] 2025/04/11 - 17:36:21 | batch update started 
[SYS] 2025/04/11 - 17:36:21 | batch update finished 
[SYS] 2025/04/11 - 17:36:26 | batch update started 
[SYS] 2025/04/11 - 17:36:26 | batch update finished 
[SYS] 2025/04/11 - 17:36:31 | batch update started 
[SYS] 2025/04/11 - 17:36:31 | batch update finished 
[SYS] 2025/04/11 - 17:36:31 | 任务进度轮询开始 
[SYS] 2025/04/11 - 17:36:31 | 任务进度轮询完成 
[SYS] 2025/04/11 - 17:36:36 | batch update started 
[SYS] 2025/04/11 - 17:36:36 | batch update finished 
[SYS] 2025/04/11 - 17:36:41 | batch update started 
[SYS] 2025/04/11 - 17:36:41 | batch update finished 
[SYS] 2025/04/11 - 17:36:46 | batch update started 
[SYS] 2025/04/11 - 17:36:46 | batch update finished 
[SYS] 2025/04/11 - 17:36:46 | 任务进度轮询开始 
[SYS] 2025/04/11 - 17:36:46 | 任务进度轮询完成 
[SYS] 2025/04/11 - 17:36:51 | batch update started 
[SYS] 2025/04/11 - 17:36:51 | batch update finished 
[SYS] 2025/04/11 - 17:36:56 | batch update started 
[SYS] 2025/04/11 - 17:36:56 | batch update finished 
[SYS] 2025/04/11 - 17:36:59 | 正在更新数据看板数据... 
[SYS] 2025/04/11 - 17:36:59 | 保存数据看板数据成功，共保存0条数据 
[SYS] 2025/04/11 - 17:36:59 | syncing options from database 
[SYS] 2025/04/11 - 17:36:59 | syncing channels from database 
[SYS] 2025/04/11 - 17:36:59 | channels synced from database 
[SYS] 2025/04/11 - 17:37:01 | batch update started 
[SYS] 2025/04/11 - 17:37:01 | batch update finished 
[SYS] 2025/04/11 - 17:37:01 | 任务进度轮询开始 
[SYS] 2025/04/11 - 17:37:01 | 任务进度轮询完成 
[SYS] 2025/04/11 - 17:37:07 | batch update started 
[SYS] 2025/04/11 - 17:37:07 | batch update finished 
[SYS] 2025/04/11 - 17:37:12 | batch update started 
[SYS] 2025/04/11 - 17:37:12 | batch update finished 
[SYS] 2025/04/11 - 17:37:17 | batch update started 
[SYS] 2025/04/11 - 17:37:17 | batch update finished 
[SYS] 2025/04/11 - 17:37:17 | 任务进度轮询开始 
[SYS] 2025/04/11 - 17:37:17 | 任务进度轮询完成 
[SYS] 2025/04/11 - 17:37:22 | batch update started 
[SYS] 2025/04/11 - 17:37:22 | batch update finished 
[SYS] 2025/04/11 - 17:37:27 | batch update started 
[SYS] 2025/04/11 - 17:37:27 | batch update finished 
[SYS] 2025/04/11 - 17:37:32 | batch update started 
[SYS] 2025/04/11 - 17:37:32 | batch update finished 
[SYS] 2025/04/11 - 17:37:32 | 任务进度轮询开始 
[SYS] 2025/04/11 - 17:37:32 | 任务进度轮询完成 
[SYS] 2025/04/11 - 17:37:38 | batch update started 
[SYS] 2025/04/11 - 17:37:38 | batch update finished 
[SYS] 2025/04/11 - 17:37:43 | batch update started 
[SYS] 2025/04/11 - 17:37:43 | batch update finished 
[SYS] 2025/04/11 - 17:37:48 | batch update started 
[SYS] 2025/04/11 - 17:37:48 | batch update finished 
[SYS] 2025/04/11 - 17:37:48 | 任务进度轮询开始 
[SYS] 2025/04/11 - 17:37:48 | 任务进度轮询完成 
[SYS] 2025/04/11 - 17:37:53 | batch update started 
[SYS] 2025/04/11 - 17:37:53 | batch update finished 
[SYS] 2025/04/11 - 17:37:58 | batch update started 
[SYS] 2025/04/11 - 17:37:58 | batch update finished 
[SYS] 2025/04/11 - 17:38:00 | syncing options from database 
[SYS] 2025/04/11 - 17:38:01 | syncing channels from database 
[SYS] 2025/04/11 - 17:38:01 | channels synced from database 
[SYS] 2025/04/11 - 17:38:03 | batch update started 
[SYS] 2025/04/11 - 17:38:03 | batch update finished 
[SYS] 2025/04/11 - 17:38:03 | 任务进度轮询开始 
[SYS] 2025/04/11 - 17:38:03 | 任务进度轮询完成 
[SYS] 2025/04/11 - 17:38:08 | batch update started 
[SYS] 2025/04/11 - 17:38:08 | batch update finished 
[SYS] 2025/04/11 - 17:38:13 | batch update started 
[SYS] 2025/04/11 - 17:38:13 | batch update finished 
[SYS] 2025/04/11 - 17:38:18 | batch update started 
[SYS] 2025/04/11 - 17:38:18 | batch update finished 
[SYS] 2025/04/11 - 17:38:18 | 任务进度轮询开始 
[SYS] 2025/04/11 - 17:38:18 | 任务进度轮询完成 
[SYS] 2025/04/11 - 17:38:23 | batch update started 
[SYS] 2025/04/11 - 17:38:23 | batch update finished 
[SYS] 2025/04/11 - 17:38:28 | batch update started 
[SYS] 2025/04/11 - 17:38:28 | batch update finished 
[SYS] 2025/04/11 - 17:38:33 | batch update started 
[SYS] 2025/04/11 - 17:38:33 | batch update finished 
[SYS] 2025/04/11 - 17:38:33 | 任务进度轮询开始 
[SYS] 2025/04/11 - 17:38:33 | 任务进度轮询完成 
[SYS] 2025/04/11 - 17:38:38 | batch update started 
[SYS] 2025/04/11 - 17:38:38 | batch update finished 
[SYS] 2025/04/11 - 17:38:44 | batch update started 
[SYS] 2025/04/11 - 17:38:44 | batch update finished 
[SYS] 2025/04/11 - 17:38:49 | 任务进度轮询开始 
[SYS] 2025/04/11 - 17:38:49 | 任务进度轮询完成 
[SYS] 2025/04/11 - 17:38:49 | batch update started 
[SYS] 2025/04/11 - 17:38:49 | batch update finished 
[SYS] 2025/04/11 - 17:38:54 | batch update started 
[SYS] 2025/04/11 - 17:38:54 | batch update finished 
[SYS] 2025/04/11 - 17:38:59 | batch update started 
[SYS] 2025/04/11 - 17:38:59 | batch update finished 
[SYS] 2025/04/11 - 17:39:02 | syncing options from database 
[SYS] 2025/04/11 - 17:39:02 | syncing channels from database 
[SYS] 2025/04/11 - 17:39:02 | channels synced from database 
[SYS] 2025/04/11 - 17:39:04 | 任务进度轮询开始 
[SYS] 2025/04/11 - 17:39:04 | 任务进度轮询完成 
[SYS] 2025/04/11 - 17:39:04 | batch update started 
[SYS] 2025/04/11 - 17:39:04 | batch update finished 
[SYS] 2025/04/11 - 17:39:09 | batch update started 
[SYS] 2025/04/11 - 17:39:09 | batch update finished 
[SYS] 2025/04/11 - 17:39:15 | batch update started 
[SYS] 2025/04/11 - 17:39:15 | batch update finished 
[SYS] 2025/04/11 - 17:39:20 | 任务进度轮询开始 
[SYS] 2025/04/11 - 17:39:20 | 任务进度轮询完成 
[SYS] 2025/04/11 - 17:39:20 | batch update started 
[SYS] 2025/04/11 - 17:39:20 | batch update finished 
[SYS] 2025/04/11 - 17:39:25 | batch update started 
[SYS] 2025/04/11 - 17:39:25 | batch update finished 
[SYS] 2025/04/11 - 17:39:30 | batch update started 
[SYS] 2025/04/11 - 17:39:30 | batch update finished 
[SYS] 2025/04/11 - 17:39:35 | 任务进度轮询开始 
[SYS] 2025/04/11 - 17:39:35 | 任务进度轮询完成 
[SYS] 2025/04/11 - 17:39:35 | batch update started 
[SYS] 2025/04/11 - 17:39:35 | batch update finished 
[SYS] 2025/04/11 - 17:39:40 | batch update started 
[SYS] 2025/04/11 - 17:39:40 | batch update finished 
[SYS] 2025/04/11 - 17:39:45 | batch update started 
[SYS] 2025/04/11 - 17:39:45 | batch update finished 
[SYS] 2025/04/11 - 17:39:50 | 任务进度轮询开始 
[SYS] 2025/04/11 - 17:39:50 | 任务进度轮询完成 
[SYS] 2025/04/11 - 17:39:50 | batch update started 
[SYS] 2025/04/11 - 17:39:50 | batch update finished 
[SYS] 2025/04/11 - 17:39:55 | batch update started 
[SYS] 2025/04/11 - 17:39:55 | batch update finished 
[SYS] 2025/04/11 - 17:40:00 | batch update started 
[SYS] 2025/04/11 - 17:40:00 | batch update finished 
[SYS] 2025/04/11 - 17:40:03 | syncing options from database 
[SYS] 2025/04/11 - 17:40:03 | syncing channels from database 
[SYS] 2025/04/11 - 17:40:03 | channels synced from database 
[SYS] 2025/04/11 - 17:40:05 | 任务进度轮询开始 
[SYS] 2025/04/11 - 17:40:05 | 任务进度轮询完成 
[SYS] 2025/04/11 - 17:40:05 | batch update started 
[SYS] 2025/04/11 - 17:40:05 | batch update finished 
[SYS] 2025/04/11 - 17:40:10 | batch update started 
[SYS] 2025/04/11 - 17:40:10 | batch update finished 
[SYS] 2025/04/11 - 17:40:15 | batch update started 
[SYS] 2025/04/11 - 17:40:15 | batch update finished 
[SYS] 2025/04/11 - 17:40:21 | 任务进度轮询开始 
[SYS] 2025/04/11 - 17:40:21 | 任务进度轮询完成 
[SYS] 2025/04/11 - 17:40:21 | batch update started 
[SYS] 2025/04/11 - 17:40:21 | batch update finished 
[SYS] 2025/04/11 - 17:40:26 | batch update started 
[SYS] 2025/04/11 - 17:40:26 | batch update finished 
[SYS] 2025/04/11 - 17:40:31 | batch update started 
[SYS] 2025/04/11 - 17:40:31 | batch update finished 
[SYS] 2025/04/11 - 17:40:36 | 任务进度轮询开始 
[SYS] 2025/04/11 - 17:40:36 | 任务进度轮询完成 
[SYS] 2025/04/11 - 17:40:36 | batch update started 
[SYS] 2025/04/11 - 17:40:36 | batch update finished 
[SYS] 2025/04/11 - 17:40:41 | batch update started 
[SYS] 2025/04/11 - 17:40:41 | batch update finished 
[SYS] 2025/04/11 - 17:40:46 | batch update started 
[SYS] 2025/04/11 - 17:40:46 | batch update finished 
[SYS] 2025/04/11 - 17:40:51 | 任务进度轮询开始 
[SYS] 2025/04/11 - 17:40:51 | 任务进度轮询完成 
[SYS] 2025/04/11 - 17:40:51 | batch update started 
[SYS] 2025/04/11 - 17:40:51 | batch update finished 
[SYS] 2025/04/11 - 17:40:57 | batch update started 
[SYS] 2025/04/11 - 17:40:57 | batch update finished 
[SYS] 2025/04/11 - 17:41:02 | batch update started 
[SYS] 2025/04/11 - 17:41:02 | batch update finished 
[SYS] 2025/04/11 - 17:41:04 | syncing options from database 
[SYS] 2025/04/11 - 17:41:05 | syncing channels from database 
[SYS] 2025/04/11 - 17:41:05 | channels synced from database 
[SYS] 2025/04/11 - 17:41:07 | 任务进度轮询开始 
[SYS] 2025/04/11 - 17:41:07 | 任务进度轮询完成 
[SYS] 2025/04/11 - 17:41:07 | batch update started 
[SYS] 2025/04/11 - 17:41:07 | batch update finished 
[SYS] 2025/04/11 - 17:41:12 | batch update started 
[SYS] 2025/04/11 - 17:41:12 | batch update finished 
[SYS] 2025/04/11 - 17:41:17 | batch update started 
[SYS] 2025/04/11 - 17:41:17 | batch update finished 
[SYS] 2025/04/11 - 17:41:22 | 任务进度轮询开始 
[SYS] 2025/04/11 - 17:41:22 | 任务进度轮询完成 
[SYS] 2025/04/11 - 17:41:22 | batch update started 
[SYS] 2025/04/11 - 17:41:22 | batch update finished 
[SYS] 2025/04/11 - 17:41:28 | batch update started 
[SYS] 2025/04/11 - 17:41:28 | batch update finished 
[SYS] 2025/04/11 - 17:41:33 | batch update started 
[SYS] 2025/04/11 - 17:41:33 | batch update finished 
[SYS] 2025/04/11 - 17:41:37 | 任务进度轮询开始 
[SYS] 2025/04/11 - 17:41:37 | 任务进度轮询完成 
[SYS] 2025/04/11 - 17:41:38 | batch update started 
[SYS] 2025/04/11 - 17:41:38 | batch update finished 
[SYS] 2025/04/11 - 17:41:43 | batch update started 
[SYS] 2025/04/11 - 17:41:43 | batch update finished 
[SYS] 2025/04/11 - 17:41:48 | batch update started 
[SYS] 2025/04/11 - 17:41:48 | batch update finished 
[SYS] 2025/04/11 - 17:41:52 | 任务进度轮询开始 
[SYS] 2025/04/11 - 17:41:52 | 任务进度轮询完成 
[SYS] 2025/04/11 - 17:41:53 | batch update started 
[SYS] 2025/04/11 - 17:41:53 | batch update finished 
[SYS] 2025/04/11 - 17:41:58 | batch update started 
[SYS] 2025/04/11 - 17:41:58 | batch update finished 
[SYS] 2025/04/11 - 17:42:03 | batch update started 
[SYS] 2025/04/11 - 17:42:03 | batch update finished 
[SYS] 2025/04/11 - 17:42:06 | updating all channels 
[SYS] 2025/04/11 - 17:42:06 | testing all channels 
[SYS] 2025/04/11 - 17:42:06 | channels update done 
[SYS] 2025/04/11 - 17:42:06 | 正在更新数据看板数据... 
[SYS] 2025/04/11 - 17:42:06 | 保存数据看板数据成功，共保存0条数据 
[SYS] 2025/04/11 - 17:42:06 | channel test finished 
[SYS] 2025/04/11 - 17:42:06 | syncing options from database 
[SYS] 2025/04/11 - 17:42:06 | syncing channels from database 
[SYS] 2025/04/11 - 17:42:06 | channels synced from database 
[SYS] 2025/04/11 - 17:42:08 | 任务进度轮询开始 
[SYS] 2025/04/11 - 17:42:08 | 任务进度轮询完成 
[SYS] 2025/04/11 - 17:42:08 | batch update started 
[SYS] 2025/04/11 - 17:42:08 | batch update finished 
[SYS] 2025/04/11 - 17:42:13 | batch update started 
[SYS] 2025/04/11 - 17:42:13 | batch update finished 
[SYS] 2025/04/11 - 17:42:18 | batch update started 
[SYS] 2025/04/11 - 17:42:18 | batch update finished 
[SYS] 2025/04/11 - 17:42:23 | 任务进度轮询开始 
[SYS] 2025/04/11 - 17:42:23 | 任务进度轮询完成 
[SYS] 2025/04/11 - 17:42:23 | batch update started 
[SYS] 2025/04/11 - 17:42:23 | batch update finished 
[SYS] 2025/04/11 - 17:42:28 | batch update started 
[SYS] 2025/04/11 - 17:42:28 | batch update finished 
[SYS] 2025/04/11 - 17:42:34 | batch update started 
[SYS] 2025/04/11 - 17:42:34 | batch update finished 
[SYS] 2025/04/11 - 17:42:39 | 任务进度轮询开始 
[SYS] 2025/04/11 - 17:42:39 | 任务进度轮询完成 
[SYS] 2025/04/11 - 17:42:39 | batch update started 
[SYS] 2025/04/11 - 17:42:39 | batch update finished 
[SYS] 2025/04/11 - 17:42:44 | batch update started 
[SYS] 2025/04/11 - 17:42:44 | batch update finished 
[SYS] 2025/04/11 - 17:42:49 | batch update started 
[SYS] 2025/04/11 - 17:42:49 | batch update finished 
[SYS] 2025/04/11 - 17:42:54 | 任务进度轮询开始 
[SYS] 2025/04/11 - 17:42:54 | 任务进度轮询完成 
[SYS] 2025/04/11 - 17:42:54 | batch update started 
[SYS] 2025/04/11 - 17:42:54 | batch update finished 
[SYS] 2025/04/11 - 17:42:59 | batch update started 
[SYS] 2025/04/11 - 17:42:59 | batch update finished 
[SYS] 2025/04/11 - 17:43:04 | batch update started 
[SYS] 2025/04/11 - 17:43:04 | batch update finished 
[SYS] 2025/04/11 - 17:43:07 | syncing options from database 
[SYS] 2025/04/11 - 17:43:07 | syncing channels from database 
[SYS] 2025/04/11 - 17:43:07 | channels synced from database 
[SYS] 2025/04/11 - 17:43:09 | 任务进度轮询开始 
[SYS] 2025/04/11 - 17:43:09 | 任务进度轮询完成 
[SYS] 2025/04/11 - 17:43:10 | batch update started 
[SYS] 2025/04/11 - 17:43:10 | batch update finished 
[SYS] 2025/04/11 - 17:43:15 | batch update started 
[SYS] 2025/04/11 - 17:43:15 | batch update finished 
[SYS] 2025/04/11 - 17:43:20 | batch update started 
[SYS] 2025/04/11 - 17:43:20 | batch update finished 
[SYS] 2025/04/11 - 17:43:24 | 任务进度轮询开始 
[SYS] 2025/04/11 - 17:43:24 | 任务进度轮询完成 
[SYS] 2025/04/11 - 17:43:25 | batch update started 
[SYS] 2025/04/11 - 17:43:25 | batch update finished 
[SYS] 2025/04/11 - 17:43:30 | batch update started 
[SYS] 2025/04/11 - 17:43:30 | batch update finished 
[SYS] 2025/04/11 - 17:43:35 | batch update started 
[SYS] 2025/04/11 - 17:43:35 | batch update finished 
[SYS] 2025/04/11 - 17:43:40 | 任务进度轮询开始 
[SYS] 2025/04/11 - 17:43:40 | 任务进度轮询完成 
[SYS] 2025/04/11 - 17:43:40 | batch update started 
[SYS] 2025/04/11 - 17:43:40 | batch update finished 
[SYS] 2025/04/11 - 17:43:45 | batch update started 
[SYS] 2025/04/11 - 17:43:45 | batch update finished 
[SYS] 2025/04/11 - 17:43:50 | batch update started 
[SYS] 2025/04/11 - 17:43:50 | batch update finished 
[SYS] 2025/04/11 - 17:43:55 | 任务进度轮询开始 
[SYS] 2025/04/11 - 17:43:55 | 任务进度轮询完成 
[SYS] 2025/04/11 - 17:43:55 | batch update started 
[SYS] 2025/04/11 - 17:43:55 | batch update finished 
[SYS] 2025/04/11 - 17:44:00 | batch update started 
[SYS] 2025/04/11 - 17:44:00 | batch update finished 
[SYS] 2025/04/11 - 17:44:05 | batch update started 
[SYS] 2025/04/11 - 17:44:05 | batch update finished 
[SYS] 2025/04/11 - 17:44:08 | syncing options from database 
[SYS] 2025/04/11 - 17:44:08 | syncing channels from database 
[SYS] 2025/04/11 - 17:44:08 | channels synced from database 
[SYS] 2025/04/11 - 17:44:10 | 任务进度轮询开始 
[SYS] 2025/04/11 - 17:44:10 | 任务进度轮询完成 
[SYS] 2025/04/11 - 17:44:10 | batch update started 
[SYS] 2025/04/11 - 17:44:10 | batch update finished 
[SYS] 2025/04/11 - 17:44:16 | batch update started 
[SYS] 2025/04/11 - 17:44:16 | batch update finished 
[SYS] 2025/04/11 - 17:44:21 | batch update started 
[SYS] 2025/04/11 - 17:44:21 | batch update finished 
[SYS] 2025/04/11 - 17:44:26 | 任务进度轮询开始 
[SYS] 2025/04/11 - 17:44:26 | 任务进度轮询完成 
[SYS] 2025/04/11 - 17:44:26 | batch update started 
[SYS] 2025/04/11 - 17:44:26 | batch update finished 
[SYS] 2025/04/11 - 17:44:31 | batch update started 
[SYS] 2025/04/11 - 17:44:31 | batch update finished 
[SYS] 2025/04/11 - 17:44:36 | batch update started 
[SYS] 2025/04/11 - 17:44:36 | batch update finished 
[SYS] 2025/04/11 - 17:44:41 | 任务进度轮询开始 
[SYS] 2025/04/11 - 17:44:41 | 任务进度轮询完成 
[SYS] 2025/04/11 - 17:44:41 | batch update started 
[SYS] 2025/04/11 - 17:44:41 | batch update finished 
[SYS] 2025/04/11 - 17:44:47 | batch update started 
[SYS] 2025/04/11 - 17:44:47 | batch update finished 
[SYS] 2025/04/11 - 17:44:52 | batch update started 
[SYS] 2025/04/11 - 17:44:52 | batch update finished 
[SYS] 2025/04/11 - 17:44:57 | 任务进度轮询开始 
[SYS] 2025/04/11 - 17:44:57 | 任务进度轮询完成 
[SYS] 2025/04/11 - 17:44:57 | batch update started 
[SYS] 2025/04/11 - 17:44:57 | batch update finished 
[SYS] 2025/04/11 - 17:45:02 | batch update started 
[SYS] 2025/04/11 - 17:45:02 | batch update finished 
[SYS] 2025/04/11 - 17:45:07 | batch update started 
[SYS] 2025/04/11 - 17:45:07 | batch update finished 
[SYS] 2025/04/11 - 17:45:09 | syncing options from database 
[SYS] 2025/04/11 - 17:45:09 | syncing channels from database 
[SYS] 2025/04/11 - 17:45:09 | channels synced from database 
[SYS] 2025/04/11 - 17:45:12 | 任务进度轮询开始 
[SYS] 2025/04/11 - 17:45:12 | 任务进度轮询完成 
[SYS] 2025/04/11 - 17:45:12 | batch update started 
[SYS] 2025/04/11 - 17:45:12 | batch update finished 
[SYS] 2025/04/11 - 17:45:17 | batch update started 
[SYS] 2025/04/11 - 17:45:17 | batch update finished 
[SYS] 2025/04/11 - 17:45:23 | batch update started 
[SYS] 2025/04/11 - 17:45:23 | batch update finished 
[SYS] 2025/04/11 - 17:45:27 | 任务进度轮询开始 
[SYS] 2025/04/11 - 17:45:27 | 任务进度轮询完成 
[SYS] 2025/04/11 - 17:45:28 | batch update started 
[SYS] 2025/04/11 - 17:45:28 | batch update finished 
[SYS] 2025/04/11 - 17:45:33 | batch update started 
[SYS] 2025/04/11 - 17:45:33 | batch update finished 
[SYS] 2025/04/11 - 17:45:38 | batch update started 
[SYS] 2025/04/11 - 17:45:38 | batch update finished 
[SYS] 2025/04/11 - 17:45:42 | 任务进度轮询开始 
[SYS] 2025/04/11 - 17:45:42 | 任务进度轮询完成 
[SYS] 2025/04/11 - 17:45:43 | batch update started 
[SYS] 2025/04/11 - 17:45:43 | batch update finished 
[SYS] 2025/04/11 - 17:45:48 | batch update started 
[SYS] 2025/04/11 - 17:45:48 | batch update finished 
[SYS] 2025/04/11 - 17:45:53 | batch update started 
[SYS] 2025/04/11 - 17:45:53 | batch update finished 
[SYS] 2025/04/11 - 17:45:58 | 任务进度轮询开始 
[SYS] 2025/04/11 - 17:45:58 | 任务进度轮询完成 
[SYS] 2025/04/11 - 17:45:58 | batch update started 
[SYS] 2025/04/11 - 17:45:58 | batch update finished 
[SYS] 2025/04/11 - 17:46:03 | batch update started 
[SYS] 2025/04/11 - 17:46:03 | batch update finished 
[SYS] 2025/04/11 - 17:46:08 | batch update started 
[SYS] 2025/04/11 - 17:46:08 | batch update finished 
[SYS] 2025/04/11 - 17:46:11 | syncing options from database 
[SYS] 2025/04/11 - 17:46:11 | syncing channels from database 
[SYS] 2025/04/11 - 17:46:11 | channels synced from database 
[SYS] 2025/04/11 - 17:46:13 | 任务进度轮询开始 
[SYS] 2025/04/11 - 17:46:13 | 任务进度轮询完成 
[SYS] 2025/04/11 - 17:46:13 | batch update started 
[SYS] 2025/04/11 - 17:46:13 | batch update finished 
[SYS] 2025/04/11 - 17:46:18 | batch update started 
[SYS] 2025/04/11 - 17:46:18 | batch update finished 
[SYS] 2025/04/11 - 17:46:24 | batch update started 
[SYS] 2025/04/11 - 17:46:24 | batch update finished 
[SYS] 2025/04/11 - 17:46:29 | 任务进度轮询开始 
[SYS] 2025/04/11 - 17:46:29 | 任务进度轮询完成 
[SYS] 2025/04/11 - 17:46:29 | batch update started 
[SYS] 2025/04/11 - 17:46:29 | batch update finished 
[SYS] 2025/04/11 - 17:46:34 | batch update started 
[SYS] 2025/04/11 - 17:46:34 | batch update finished 
[SYS] 2025/04/11 - 17:46:39 | batch update started 
[SYS] 2025/04/11 - 17:46:39 | batch update finished 
[SYS] 2025/04/11 - 17:46:44 | 任务进度轮询开始 
[SYS] 2025/04/11 - 17:46:44 | 任务进度轮询完成 
[SYS] 2025/04/11 - 17:46:44 | batch update started 
[SYS] 2025/04/11 - 17:46:44 | batch update finished 
[SYS] 2025/04/11 - 17:46:49 | batch update started 
[SYS] 2025/04/11 - 17:46:49 | batch update finished 
[SYS] 2025/04/11 - 17:46:54 | batch update started 
[SYS] 2025/04/11 - 17:46:54 | batch update finished 
[SYS] 2025/04/11 - 17:47:00 | 任务进度轮询开始 
[SYS] 2025/04/11 - 17:47:00 | 任务进度轮询完成 
[SYS] 2025/04/11 - 17:47:00 | batch update started 
[SYS] 2025/04/11 - 17:47:00 | batch update finished 
[SYS] 2025/04/11 - 17:47:05 | batch update started 
[SYS] 2025/04/11 - 17:47:05 | batch update finished 
[SYS] 2025/04/11 - 17:47:10 | batch update started 
[SYS] 2025/04/11 - 17:47:10 | batch update finished 
[SYS] 2025/04/11 - 17:47:12 | 正在更新数据看板数据... 
[SYS] 2025/04/11 - 17:47:12 | 保存数据看板数据成功，共保存0条数据 
[SYS] 2025/04/11 - 17:47:12 | syncing options from database 
[SYS] 2025/04/11 - 17:47:12 | syncing channels from database 
[SYS] 2025/04/11 - 17:47:12 | channels synced from database 
[SYS] 2025/04/11 - 17:47:15 | 任务进度轮询开始 
[SYS] 2025/04/11 - 17:47:15 | 任务进度轮询完成 
[SYS] 2025/04/11 - 17:47:15 | batch update started 
[SYS] 2025/04/11 - 17:47:15 | batch update finished 
[SYS] 2025/04/11 - 17:47:20 | batch update started 
[SYS] 2025/04/11 - 17:47:20 | batch update finished 
[SYS] 2025/04/11 - 17:47:25 | batch update started 
[SYS] 2025/04/11 - 17:47:25 | batch update finished 
