[SYS] 2025/04/03 - 11:57:54 | New API v0.0.0 started 
[SYS] 2025/04/03 - 11:57:54 | using MySQL as database 
[SYS] 2025/04/03 - 11:57:54 | database migration started 
[SYS] 2025/04/03 - 11:57:55 | database migrated 
[SYS] 2025/04/03 - 11:57:55 | using MySQL as database 
[SYS] 2025/04/03 - 11:57:55 | database migration started 
[SYS] 2025/04/03 - 11:57:55 | Redis is enabled 
[SYS] 2025/04/03 - 11:57:55 | memory cache enabled 
[SYS] 2025/04/03 - 11:57:55 | sync frequency: 60 seconds 
[SYS] 2025/04/03 - 11:57:55 | channels synced from database 
[SYS] 2025/04/03 - 11:57:55 | batch update enabled with interval 5s 
[SYS] 2025/04/03 - 11:57:55 | pprof enabled 
[SYS] 2025/04/03 - 11:57:55 | initializing token encoders 
[SYS] 2025/04/03 - 11:57:55 | 正在更新数据看板数据... 
[SYS] 2025/04/03 - 11:57:55 | 保存数据看板数据成功，共保存0条数据 
[SYS] 2025/04/03 - 11:57:55 | token encoders initialized 
[SYS] 2025/04/03 - 11:57:55 | FRONTEND_BASE_URL is ignored on master node 
[SYS] 2025/04/03 - 11:58:03 | batch update started 
[SYS] 2025/04/03 - 11:58:03 | batch update finished 
[GIN] 2025/04/03 - 11:58:07 | 20250403115807389814017OovKTqoI | 200 |   44.447319ms |             ::1 |     GET /api/user/models
[GIN] 2025/04/03 - 11:58:07 | 20250403115807453036895PhSSDIRS | 200 |    2.050978ms |             ::1 |     GET /api/user/self/groups
[GIN] 2025/04/03 - 11:58:07 | 20250403115807457236280LiwIkGCg | 200 |   47.293765ms |             ::1 |     GET /api/token/?p=0&size=10
[SYS] 2025/04/03 - 11:58:08 | batch update started 
[SYS] 2025/04/03 - 11:58:08 | batch update finished 
[GIN] 2025/04/03 - 11:58:10 | 202504031158108612696709x3Hn6dR | 200 |    3.949878ms |             ::1 |     GET /api/user/self
[GIN] 2025/04/03 - 11:58:11 | 20250403115811163606052wmn9JZ9 | 200 |    3.126677ms |             ::1 |     GET /api/data/self?start_timestamp=1743591489&end_timestamp=1743681489&default_time=hour
[GIN] 2025/04/03 - 11:58:12 | 20250403115812815523794WGHJW7Gf | 200 |    2.931095ms |             ::1 |     GET /api/user/models
[GIN] 2025/04/03 - 11:58:12 | 20250403115812818766841keWq0GOY | 200 |    1.978926ms |             ::1 |     GET /api/user/self/groups
[GIN] 2025/04/03 - 11:58:12 | 20250403115812820513300HvJHZ3TB | 200 |   21.314404ms |             ::1 |     GET /api/token/?p=0&size=10
[SYS] 2025/04/03 - 11:58:13 | 任务进度轮询开始 
[SYS] 2025/04/03 - 11:58:13 | batch update started 
[SYS] 2025/04/03 - 11:58:13 | batch update finished 
[SYS] 2025/04/03 - 11:58:13 | 任务进度轮询完成 
[GIN] 2025/04/03 - 11:58:15 | 20250403115815894060036DRu5aLWJ | 200 |     1.03518ms |             ::1 |     GET /token
[GIN] 2025/04/03 - 11:58:18 | 20250403115818238911936s7WhdTZQ | 200 |     1.70181ms |             ::1 |     GET /api/user/self/groups
[GIN] 2025/04/03 - 11:58:18 | 20250403115818237854076VkORokCj | 200 |     4.50612ms |             ::1 |     GET /api/user/models
[GIN] 2025/04/03 - 11:58:18 | 20250403115818252895326BNhJtYFc | 200 |      970.74µs |             ::1 |     GET /api/status
[GIN] 2025/04/03 - 11:58:18 | 20250403115818246031656UGJpgUTC | 200 |    20.30517ms |             ::1 |     GET /api/token/?p=0&size=10
[SYS] 2025/04/03 - 11:58:18 | batch update started 
[SYS] 2025/04/03 - 11:58:18 | batch update finished 
[SYS] 2025/04/03 - 11:58:23 | batch update started 
[SYS] 2025/04/03 - 11:58:23 | batch update finished 
[SYS] 2025/04/03 - 11:58:28 | 任务进度轮询开始 
[SYS] 2025/04/03 - 11:58:28 | 任务进度轮询完成 
[SYS] 2025/04/03 - 11:58:28 | batch update started 
[SYS] 2025/04/03 - 11:58:28 | batch update finished 
[SYS] 2025/04/03 - 11:58:36 | batch update started 
[SYS] 2025/04/03 - 11:58:36 | batch update finished 
[SYS] 2025/04/03 - 11:58:41 | batch update started 
[SYS] 2025/04/03 - 11:58:41 | batch update finished 
[SYS] 2025/04/03 - 11:58:46 | 任务进度轮询开始 
[SYS] 2025/04/03 - 11:58:46 | 任务进度轮询完成 
[SYS] 2025/04/03 - 11:58:46 | batch update started 
[SYS] 2025/04/03 - 11:58:46 | batch update finished 
[SYS] 2025/04/03 - 11:58:51 | batch update started 
[SYS] 2025/04/03 - 11:58:51 | batch update finished 
[SYS] 2025/04/03 - 11:58:56 | batch update started 
[SYS] 2025/04/03 - 11:58:56 | batch update finished 
[SYS] 2025/04/03 - 11:59:01 | syncing channels from database 
[SYS] 2025/04/03 - 11:59:01 | syncing options from database 
[SYS] 2025/04/03 - 11:59:01 | channels synced from database 
[SYS] 2025/04/03 - 11:59:01 | 任务进度轮询开始 
[SYS] 2025/04/03 - 11:59:01 | 任务进度轮询完成 
[SYS] 2025/04/03 - 11:59:01 | batch update started 
[SYS] 2025/04/03 - 11:59:01 | batch update finished 
[SYS] 2025/04/03 - 11:59:09 | batch update started 
[SYS] 2025/04/03 - 11:59:09 | batch update finished 
[SYS] 2025/04/03 - 11:59:14 | batch update started 
[SYS] 2025/04/03 - 11:59:14 | batch update finished 
[SYS] 2025/04/03 - 11:59:19 | 任务进度轮询开始 
[SYS] 2025/04/03 - 11:59:19 | 任务进度轮询完成 
[SYS] 2025/04/03 - 11:59:19 | batch update started 
[SYS] 2025/04/03 - 11:59:19 | batch update finished 
[SYS] 2025/04/03 - 11:59:24 | batch update started 
[SYS] 2025/04/03 - 11:59:24 | batch update finished 
[SYS] 2025/04/03 - 11:59:29 | batch update started 
[SYS] 2025/04/03 - 11:59:29 | batch update finished 
[SYS] 2025/04/03 - 11:59:34 | 任务进度轮询开始 
[SYS] 2025/04/03 - 11:59:34 | 任务进度轮询完成 
[SYS] 2025/04/03 - 11:59:34 | batch update started 
[SYS] 2025/04/03 - 11:59:34 | batch update finished 
[SYS] 2025/04/03 - 11:59:43 | batch update started 
[SYS] 2025/04/03 - 11:59:43 | batch update finished 
[SYS] 2025/04/03 - 11:59:48 | batch update started 
[SYS] 2025/04/03 - 11:59:48 | batch update finished 
[SYS] 2025/04/03 - 11:59:53 | 任务进度轮询开始 
[SYS] 2025/04/03 - 11:59:53 | 任务进度轮询完成 
[SYS] 2025/04/03 - 11:59:53 | batch update started 
[SYS] 2025/04/03 - 11:59:53 | batch update finished 
[SYS] 2025/04/03 - 11:59:58 | batch update started 
[SYS] 2025/04/03 - 11:59:58 | batch update finished 
[GIN] 2025/04/03 - 12:00:03 | 202504031200037369266744onYgkp | 200 |     1.17407ms |             ::1 |     GET /api/user/logout
[SYS] 2025/04/03 - 12:00:03 | batch update started 
[SYS] 2025/04/03 - 12:00:03 | batch update finished 
[SYS] 2025/04/03 - 12:00:08 | syncing options from database 
[SYS] 2025/04/03 - 12:00:08 | syncing channels from database 
[SYS] 2025/04/03 - 12:00:08 | 任务进度轮询开始 
[SYS] 2025/04/03 - 12:00:08 | 任务进度轮询完成 
[SYS] 2025/04/03 - 12:00:08 | batch update started 
[SYS] 2025/04/03 - 12:00:08 | batch update finished 
[SYS] 2025/04/03 - 12:00:08 | channels synced from database 
[SYS] 2025/04/03 - 12:00:16 | batch update started 
[SYS] 2025/04/03 - 12:00:16 | batch update finished 
[SYS] 2025/04/03 - 12:00:21 | batch update started 
[SYS] 2025/04/03 - 12:00:21 | batch update finished 
[GIN] 2025/04/03 - 12:00:25 | 20250403120025133024176xl8TVV62 | 307 |   14.932253ms |             ::1 |     GET /api/auth/google/login
[SYS] 2025/04/03 - 12:00:26 | 任务进度轮询开始 
[SYS] 2025/04/03 - 12:00:26 | 任务进度轮询完成 
[SYS] 2025/04/03 - 12:00:26 | batch update started 
[SYS] 2025/04/03 - 12:00:26 | batch update finished 
[SYS] 2025/04/03 - 12:00:31 | batch update started 
[SYS] 2025/04/03 - 12:00:31 | batch update finished 
[SYS] 2025/04/03 - 12:00:36 | batch update started 
[SYS] 2025/04/03 - 12:00:36 | batch update finished 
[SYS] 2025/04/03 - 12:00:41 | 任务进度轮询开始 
[SYS] 2025/04/03 - 12:00:41 | 任务进度轮询完成 
[SYS] 2025/04/03 - 12:00:41 | batch update started 
[SYS] 2025/04/03 - 12:00:41 | batch update finished 
[SYS] 2025/04/03 - 12:00:48 | batch update started 
[SYS] 2025/04/03 - 12:00:48 | batch update finished 
[SYS] 2025/04/03 - 12:00:53 | batch update started 
[SYS] 2025/04/03 - 12:00:53 | batch update finished 
[SYS] 2025/04/03 - 12:00:58 | 任务进度轮询开始 
[SYS] 2025/04/03 - 12:00:58 | 任务进度轮询完成 
[SYS] 2025/04/03 - 12:00:58 | batch update started 
[SYS] 2025/04/03 - 12:00:58 | batch update finished 
[SYS] 2025/04/03 - 12:01:03 | batch update started 
[SYS] 2025/04/03 - 12:01:03 | batch update finished 
[SYS] 2025/04/03 - 12:01:08 | batch update started 
[SYS] 2025/04/03 - 12:01:08 | batch update finished 
[SYS] 2025/04/03 - 12:01:13 | syncing options from database 
[SYS] 2025/04/03 - 12:01:13 | 任务进度轮询开始 
[SYS] 2025/04/03 - 12:01:13 | 任务进度轮询完成 
[SYS] 2025/04/03 - 12:01:13 | syncing channels from database 
[SYS] 2025/04/03 - 12:01:13 | channels synced from database 
[SYS] 2025/04/03 - 12:01:13 | batch update started 
[SYS] 2025/04/03 - 12:01:13 | batch update finished 
[SYS] 2025/04/03 - 12:01:19 | batch update started 
[SYS] 2025/04/03 - 12:01:19 | batch update finished 
[SYS] 2025/04/03 - 12:01:24 | batch update started 
[SYS] 2025/04/03 - 12:01:24 | batch update finished 
[SYS] 2025/04/03 - 12:01:29 | 任务进度轮询开始 
[SYS] 2025/04/03 - 12:01:29 | 任务进度轮询完成 
[SYS] 2025/04/03 - 12:01:29 | batch update started 
[SYS] 2025/04/03 - 12:01:29 | batch update finished 
[SYS] 2025/04/03 - 12:01:34 | batch update started 
[SYS] 2025/04/03 - 12:01:34 | batch update finished 
[SYS] 2025/04/03 - 12:01:39 | batch update started 
[SYS] 2025/04/03 - 12:01:39 | batch update finished 
[SYS] 2025/04/03 - 12:01:44 | 任务进度轮询开始 
[SYS] 2025/04/03 - 12:01:44 | 任务进度轮询完成 
[SYS] 2025/04/03 - 12:01:44 | batch update started 
[SYS] 2025/04/03 - 12:01:44 | batch update finished 
[SYS] 2025/04/03 - 12:01:51 | batch update started 
[SYS] 2025/04/03 - 12:01:51 | batch update finished 
[SYS] 2025/04/03 - 12:01:56 | batch update started 
[SYS] 2025/04/03 - 12:01:56 | batch update finished 
[SYS] 2025/04/03 - 12:02:01 | 任务进度轮询开始 
[SYS] 2025/04/03 - 12:02:01 | 任务进度轮询完成 
[SYS] 2025/04/03 - 12:02:01 | batch update started 
[SYS] 2025/04/03 - 12:02:01 | batch update finished 
[SYS] 2025/04/03 - 12:02:06 | batch update started 
[SYS] 2025/04/03 - 12:02:06 | batch update finished 
[SYS] 2025/04/03 - 12:02:11 | batch update started 
[SYS] 2025/04/03 - 12:02:11 | batch update finished 
[SYS] 2025/04/03 - 12:02:16 | syncing options from database 
[SYS] 2025/04/03 - 12:02:16 | 任务进度轮询开始 
[SYS] 2025/04/03 - 12:02:16 | 任务进度轮询完成 
[SYS] 2025/04/03 - 12:02:16 | syncing channels from database 
[SYS] 2025/04/03 - 12:02:16 | channels synced from database 
[SYS] 2025/04/03 - 12:02:16 | batch update started 
[SYS] 2025/04/03 - 12:02:16 | batch update finished 
[SYS] 2025/04/03 - 12:02:22 | batch update started 
[SYS] 2025/04/03 - 12:02:22 | batch update finished 
[SYS] 2025/04/03 - 12:02:27 | batch update started 
[SYS] 2025/04/03 - 12:02:27 | batch update finished 
[SYS] 2025/04/03 - 12:02:32 | 任务进度轮询开始 
[SYS] 2025/04/03 - 12:02:32 | 任务进度轮询完成 
[SYS] 2025/04/03 - 12:02:32 | batch update started 
[SYS] 2025/04/03 - 12:02:32 | batch update finished 
[SYS] 2025/04/03 - 12:02:37 | batch update started 
[SYS] 2025/04/03 - 12:02:37 | batch update finished 
[SYS] 2025/04/03 - 12:02:42 | batch update started 
[SYS] 2025/04/03 - 12:02:42 | batch update finished 
[SYS] 2025/04/03 - 12:02:47 | 任务进度轮询开始 
[SYS] 2025/04/03 - 12:02:47 | 任务进度轮询完成 
[SYS] 2025/04/03 - 12:02:47 | batch update started 
[SYS] 2025/04/03 - 12:02:47 | batch update finished 
[SYS] 2025/04/03 - 12:02:53 | batch update started 
[SYS] 2025/04/03 - 12:02:53 | batch update finished 
[SYS] 2025/04/03 - 12:02:58 | batch update started 
[SYS] 2025/04/03 - 12:02:58 | batch update finished 
[SYS] 2025/04/03 - 12:03:03 | 任务进度轮询开始 
[SYS] 2025/04/03 - 12:03:03 | 任务进度轮询完成 
[SYS] 2025/04/03 - 12:03:03 | batch update started 
[SYS] 2025/04/03 - 12:03:03 | batch update finished 
[SYS] 2025/04/03 - 12:03:08 | batch update started 
[SYS] 2025/04/03 - 12:03:08 | batch update finished 
[SYS] 2025/04/03 - 12:03:13 | batch update started 
[SYS] 2025/04/03 - 12:03:13 | batch update finished 
[SYS] 2025/04/03 - 12:03:18 | 正在更新数据看板数据... 
[SYS] 2025/04/03 - 12:03:18 | 保存数据看板数据成功，共保存0条数据 
[SYS] 2025/04/03 - 12:03:18 | syncing options from database 
[SYS] 2025/04/03 - 12:03:18 | syncing channels from database 
[SYS] 2025/04/03 - 12:03:18 | channels synced from database 
[SYS] 2025/04/03 - 12:03:18 | 任务进度轮询开始 
[SYS] 2025/04/03 - 12:03:18 | 任务进度轮询完成 
[SYS] 2025/04/03 - 12:03:18 | batch update started 
[SYS] 2025/04/03 - 12:03:18 | batch update finished 
[SYS] 2025/04/03 - 12:03:24 | batch update started 
[SYS] 2025/04/03 - 12:03:24 | batch update finished 
[SYS] 2025/04/03 - 12:03:29 | batch update started 
[SYS] 2025/04/03 - 12:03:29 | batch update finished 
[SYS] 2025/04/03 - 12:03:34 | 任务进度轮询开始 
[SYS] 2025/04/03 - 12:03:34 | 任务进度轮询完成 
[SYS] 2025/04/03 - 12:03:34 | batch update started 
[SYS] 2025/04/03 - 12:03:34 | batch update finished 
[SYS] 2025/04/03 - 12:03:40 | batch update started 
[SYS] 2025/04/03 - 12:03:40 | batch update finished 
[SYS] 2025/04/03 - 12:03:45 | batch update started 
[SYS] 2025/04/03 - 12:03:45 | batch update finished 
[SYS] 2025/04/03 - 12:03:50 | 任务进度轮询开始 
[SYS] 2025/04/03 - 12:03:50 | 任务进度轮询完成 
[SYS] 2025/04/03 - 12:03:50 | batch update started 
[SYS] 2025/04/03 - 12:03:50 | batch update finished 
[SYS] 2025/04/03 - 12:03:56 | batch update started 
[SYS] 2025/04/03 - 12:03:56 | batch update finished 
[SYS] 2025/04/03 - 12:04:01 | batch update started 
[SYS] 2025/04/03 - 12:04:01 | batch update finished 
[SYS] 2025/04/03 - 12:04:05 | 任务进度轮询开始 
[SYS] 2025/04/03 - 12:04:05 | 任务进度轮询完成 
[SYS] 2025/04/03 - 12:04:06 | batch update started 
[SYS] 2025/04/03 - 12:04:06 | batch update finished 
[SYS] 2025/04/03 - 12:04:11 | batch update started 
[SYS] 2025/04/03 - 12:04:11 | batch update finished 
[SYS] 2025/04/03 - 12:04:16 | batch update started 
[SYS] 2025/04/03 - 12:04:16 | batch update finished 
[SYS] 2025/04/03 - 12:04:20 | syncing options from database 
[SYS] 2025/04/03 - 12:04:20 | syncing channels from database 
[SYS] 2025/04/03 - 12:04:20 | channels synced from database 
[SYS] 2025/04/03 - 12:04:20 | 任务进度轮询开始 
[SYS] 2025/04/03 - 12:04:20 | 任务进度轮询完成 
[SYS] 2025/04/03 - 12:04:21 | batch update started 
[SYS] 2025/04/03 - 12:04:21 | batch update finished 
[SYS] 2025/04/03 - 12:04:27 | batch update started 
[SYS] 2025/04/03 - 12:04:27 | batch update finished 
[SYS] 2025/04/03 - 12:04:32 | batch update started 
[SYS] 2025/04/03 - 12:04:32 | batch update finished 
[SYS] 2025/04/03 - 12:04:37 | 任务进度轮询开始 
[SYS] 2025/04/03 - 12:04:37 | 任务进度轮询完成 
[SYS] 2025/04/03 - 12:04:37 | batch update started 
[SYS] 2025/04/03 - 12:04:37 | batch update finished 
[SYS] 2025/04/03 - 12:04:42 | batch update started 
[SYS] 2025/04/03 - 12:04:42 | batch update finished 
[SYS] 2025/04/03 - 12:04:47 | batch update started 
[SYS] 2025/04/03 - 12:04:47 | batch update finished 
[SYS] 2025/04/03 - 12:04:52 | 任务进度轮询开始 
[SYS] 2025/04/03 - 12:04:52 | 任务进度轮询完成 
[SYS] 2025/04/03 - 12:04:52 | batch update started 
[SYS] 2025/04/03 - 12:04:52 | batch update finished 
[SYS] 2025/04/03 - 12:04:58 | batch update started 
[SYS] 2025/04/03 - 12:04:58 | batch update finished 
[SYS] 2025/04/03 - 12:05:03 | batch update started 
[SYS] 2025/04/03 - 12:05:03 | batch update finished 
[SYS] 2025/04/03 - 12:05:08 | 任务进度轮询开始 
[SYS] 2025/04/03 - 12:05:08 | 任务进度轮询完成 
[SYS] 2025/04/03 - 12:05:08 | batch update started 
[SYS] 2025/04/03 - 12:05:08 | batch update finished 
[SYS] 2025/04/03 - 12:05:13 | batch update started 
[SYS] 2025/04/03 - 12:05:13 | batch update finished 
[SYS] 2025/04/03 - 12:05:18 | batch update started 
[SYS] 2025/04/03 - 12:05:18 | batch update finished 
[SYS] 2025/04/03 - 12:05:23 | syncing options from database 
[SYS] 2025/04/03 - 12:05:23 | syncing channels from database 
[SYS] 2025/04/03 - 12:05:23 | channels synced from database 
[SYS] 2025/04/03 - 12:05:23 | 任务进度轮询开始 
[SYS] 2025/04/03 - 12:05:23 | 任务进度轮询完成 
[SYS] 2025/04/03 - 12:05:23 | batch update started 
[SYS] 2025/04/03 - 12:05:23 | batch update finished 
[SYS] 2025/04/03 - 12:05:29 | batch update started 
[SYS] 2025/04/03 - 12:05:29 | batch update finished 
[SYS] 2025/04/03 - 12:05:34 | batch update started 
[SYS] 2025/04/03 - 12:05:34 | batch update finished 
[SYS] 2025/04/03 - 12:05:39 | 任务进度轮询开始 
[SYS] 2025/04/03 - 12:05:39 | 任务进度轮询完成 
[SYS] 2025/04/03 - 12:05:39 | batch update started 
[SYS] 2025/04/03 - 12:05:39 | batch update finished 
[SYS] 2025/04/03 - 12:05:44 | batch update started 
[SYS] 2025/04/03 - 12:05:44 | batch update finished 
[SYS] 2025/04/03 - 12:05:49 | batch update started 
[SYS] 2025/04/03 - 12:05:49 | batch update finished 
[SYS] 2025/04/03 - 12:05:54 | 任务进度轮询开始 
[SYS] 2025/04/03 - 12:05:54 | 任务进度轮询完成 
[SYS] 2025/04/03 - 12:05:54 | batch update started 
[SYS] 2025/04/03 - 12:05:54 | batch update finished 
[SYS] 2025/04/03 - 12:06:00 | batch update started 
[SYS] 2025/04/03 - 12:06:00 | batch update finished 
[SYS] 2025/04/03 - 12:06:05 | batch update started 
[SYS] 2025/04/03 - 12:06:05 | batch update finished 
[GIN] 2025/04/03 - 12:06:09 | 20250403120608494167190cmj7itNF | 303 |   1.24506322s |             ::1 |     GET /auth/google/callback?state=random_state&code=4%2F0Ab_5qll4RG9pqpZ96V-D8JX_IhVhkhsco6BYoLe3epBLi33fl5RLMjUDn4NjT7a6oAoZiw&scope=email+profile+https%3A%2F%2Fwww.googleapis.com%2Fauth%2Fuserinfo.profile+https%3A%2F%2Fwww.googleapis.com%2Fauth%2Fuserinfo.email+openid&authuser=0&prompt=none
[GIN] 2025/04/03 - 12:06:09 | 20250403120609762736114nVjVjXyv | 200 |    2.697941ms |             ::1 |     GET /login?token=eyJhbGciOiJIUzI1NiIsInR5cCI6IkpXVCJ9.eyJlbWFpbCI6Imtpbmdzb2JlY0BnbWFpbC5jb20iLCJleHAiOjE3NDYyNzAzNjksImlkIjoxMCwicm5kIjoxNzQzNjc4MzY5NzM5MDc5NTQwfQ.1YlGWSHJFHGHo-I6pxSmozOjscFtNQcmn6_92MtAy2I
[SYS] 2025/04/03 - 12:06:10 | 任务进度轮询开始 
[SYS] 2025/04/03 - 12:06:10 | 任务进度轮询完成 
[SYS] 2025/04/03 - 12:06:10 | batch update started 
[SYS] 2025/04/03 - 12:06:10 | batch update finished 
[GIN] 2025/04/03 - 12:06:12 | 20250403120612551719459CQOmMGBF | 200 |    5.174112ms |             ::1 |     GET /api/status
[GIN] 2025/04/03 - 12:06:12 | 20250403120612524612495gRHfaIFa | 200 |   81.148431ms |             ::1 |     GET /api/user/self
[GIN] 2025/04/03 - 12:06:13 | 20250403120613383595e4iletjk | 200 |   76.545817ms |             ::1 |     GET /api/user/models
[GIN] 2025/04/03 - 12:06:13 | 2025040312061342962022plh53Atc | 200 |   36.047015ms |             ::1 |     GET /api/user/self/groups
[GIN] 2025/04/03 - 12:06:13 | 2025040312061311338760Sf3G4UIY | 200 |   72.823661ms |             ::1 |     GET /api/token/?p=0&size=10
[SYS] 2025/04/03 - 12:06:15 | batch update started 
[SYS] 2025/04/03 - 12:06:15 | batch update finished 
[GIN] 2025/04/03 - 12:06:19 | 20250403120619624238327vDcDQwz3 | 200 |    1.070578ms |             ::1 |     GET /api/user/logout
[SYS] 2025/04/03 - 12:06:20 | batch update started 
[SYS] 2025/04/03 - 12:06:20 | batch update finished 
[SYS] 2025/04/03 - 12:06:25 | syncing options from database 
[SYS] 2025/04/03 - 12:06:25 | syncing channels from database 
[SYS] 2025/04/03 - 12:06:25 | channels synced from database 
[SYS] 2025/04/03 - 12:06:25 | 任务进度轮询开始 
[SYS] 2025/04/03 - 12:06:25 | 任务进度轮询完成 
[SYS] 2025/04/03 - 12:06:25 | batch update started 
[SYS] 2025/04/03 - 12:06:25 | batch update finished 
[SYS] 2025/04/03 - 12:06:31 | batch update started 
[SYS] 2025/04/03 - 12:06:31 | batch update finished 
[SYS] 2025/04/03 - 12:06:36 | batch update started 
[SYS] 2025/04/03 - 12:06:36 | batch update finished 
[GIN] 2025/04/03 - 12:06:39 | 20250403120638994928466OoaEc2S9 | 307 |   10.743056ms |             ::1 |     GET /api/auth/google/login
[SYS] 2025/04/03 - 12:06:41 | 任务进度轮询开始 
[SYS] 2025/04/03 - 12:06:41 | 任务进度轮询完成 
[SYS] 2025/04/03 - 12:06:41 | batch update started 
[SYS] 2025/04/03 - 12:06:41 | batch update finished 
[SYS] 2025/04/03 - 12:06:46 | batch update started 
[SYS] 2025/04/03 - 12:06:46 | batch update finished 
[GIN] 2025/04/03 - 12:06:46 | 20250403120645982712399UcMhq1bu | 303 |  397.159245ms |             ::1 |     GET /auth/google/callback?state=random_state&code=4%2F0Ab_5qlnx-mOIepRxrL_b45Pauw5hoOSikRYUdDQfY4RCwTYZ49KLcNWQZH7lP6SkcD6fBg&scope=email+profile+https%3A%2F%2Fwww.googleapis.com%2Fauth%2Fuserinfo.profile+https%3A%2F%2Fwww.googleapis.com%2Fauth%2Fuserinfo.email+openid&authuser=0&prompt=none
[GIN] 2025/04/03 - 12:06:46 | 20250403120646396036532wqkyGSXr | 200 |     2.13193ms |             ::1 |     GET /login?token=eyJhbGciOiJIUzI1NiIsInR5cCI6IkpXVCJ9.eyJlbWFpbCI6Imtpbmdzb2JlY0BnbWFpbC5jb20iLCJleHAiOjE3NDYyNzA0MDYsImlkIjoxMCwicm5kIjoxNzQzNjc4NDA2Mzc5ODMwNzYyfQ.XHz3vBsf3yB5XrnKYesuqdxApVMJt0o5rqjNRF2Rwf8
[GIN] 2025/04/03 - 12:06:49 | 20250403120649594426317XLMFEU8x | 200 |    4.652582ms |             ::1 |     GET /api/user/self
[GIN] 2025/04/03 - 12:06:49 | 20250403120649598303561A8R5obzm | 200 |     886.075µs |             ::1 |     GET /api/status
[GIN] 2025/04/03 - 12:06:49 | 202504031206499274429203L5hx8OV | 200 |    3.309789ms |             ::1 |     GET /api/user/models
[GIN] 2025/04/03 - 12:06:49 | 20250403120649936854229wYpZzU9S | 200 |    3.940692ms |             ::1 |     GET /api/token/?p=0&size=10
[GIN] 2025/04/03 - 12:06:49 | 20250403120649927658975KBPGvCvS | 200 |   17.016678ms |             ::1 |     GET /api/user/self/groups
[SYS] 2025/04/03 - 12:06:51 | batch update started 
[SYS] 2025/04/03 - 12:06:51 | batch update finished 
[SYS] 2025/04/03 - 12:06:56 | 任务进度轮询开始 
[SYS] 2025/04/03 - 12:06:56 | 任务进度轮询完成 
[SYS] 2025/04/03 - 12:06:56 | batch update started 
[SYS] 2025/04/03 - 12:06:56 | batch update finished 
[SYS] 2025/04/03 - 12:07:02 | batch update started 
[SYS] 2025/04/03 - 12:07:02 | batch update finished 
[SYS] 2025/04/03 - 12:07:07 | batch update started 
[SYS] 2025/04/03 - 12:07:07 | batch update finished 
[SYS] 2025/04/03 - 12:07:12 | 任务进度轮询开始 
[SYS] 2025/04/03 - 12:07:12 | 任务进度轮询完成 
[SYS] 2025/04/03 - 12:07:12 | batch update started 
[SYS] 2025/04/03 - 12:07:12 | batch update finished 
[SYS] 2025/04/03 - 12:07:17 | batch update started 
[SYS] 2025/04/03 - 12:07:17 | batch update finished 
[SYS] 2025/04/03 - 12:07:22 | batch update started 
[SYS] 2025/04/03 - 12:07:22 | batch update finished 
[SYS] 2025/04/03 - 12:07:27 | syncing options from database 
[SYS] 2025/04/03 - 12:07:27 | syncing channels from database 
[SYS] 2025/04/03 - 12:07:27 | channels synced from database 
[SYS] 2025/04/03 - 12:07:27 | 任务进度轮询开始 
[SYS] 2025/04/03 - 12:07:27 | 任务进度轮询完成 
[SYS] 2025/04/03 - 12:07:27 | batch update started 
[SYS] 2025/04/03 - 12:07:27 | batch update finished 
[SYS] 2025/04/03 - 12:07:33 | batch update started 
[SYS] 2025/04/03 - 12:07:33 | batch update finished 
[SYS] 2025/04/03 - 12:07:38 | batch update started 
[SYS] 2025/04/03 - 12:07:38 | batch update finished 
[SYS] 2025/04/03 - 12:07:43 | 任务进度轮询开始 
[SYS] 2025/04/03 - 12:07:43 | 任务进度轮询完成 
[SYS] 2025/04/03 - 12:07:43 | batch update started 
[SYS] 2025/04/03 - 12:07:43 | batch update finished 
[SYS] 2025/04/03 - 12:07:48 | batch update started 
[SYS] 2025/04/03 - 12:07:48 | batch update finished 
[SYS] 2025/04/03 - 12:07:53 | batch update started 
[SYS] 2025/04/03 - 12:07:53 | batch update finished 
[SYS] 2025/04/03 - 12:07:58 | 任务进度轮询开始 
[SYS] 2025/04/03 - 12:07:58 | 任务进度轮询完成 
[SYS] 2025/04/03 - 12:07:58 | batch update started 
[SYS] 2025/04/03 - 12:07:58 | batch update finished 
[SYS] 2025/04/03 - 12:08:04 | batch update started 
[SYS] 2025/04/03 - 12:08:04 | batch update finished 
[SYS] 2025/04/03 - 12:08:09 | batch update started 
[SYS] 2025/04/03 - 12:08:09 | batch update finished 
[SYS] 2025/04/03 - 12:08:14 | 任务进度轮询开始 
[SYS] 2025/04/03 - 12:08:14 | 任务进度轮询完成 
[SYS] 2025/04/03 - 12:08:14 | batch update started 
[SYS] 2025/04/03 - 12:08:14 | batch update finished 
[SYS] 2025/04/03 - 12:08:19 | batch update started 
[SYS] 2025/04/03 - 12:08:19 | batch update finished 
[SYS] 2025/04/03 - 12:08:24 | batch update started 
[SYS] 2025/04/03 - 12:08:24 | batch update finished 
[SYS] 2025/04/03 - 12:08:28 | testing all channels 
[SYS] 2025/04/03 - 12:08:28 | 正在更新数据看板数据... 
[SYS] 2025/04/03 - 12:08:28 | 保存数据看板数据成功，共保存0条数据 
[SYS] 2025/04/03 - 12:08:28 | channel test finished 
[SYS] 2025/04/03 - 12:08:29 | syncing options from database 
[SYS] 2025/04/03 - 12:08:29 | syncing channels from database 
[SYS] 2025/04/03 - 12:08:29 | channels synced from database 
[SYS] 2025/04/03 - 12:08:29 | 任务进度轮询开始 
[SYS] 2025/04/03 - 12:08:29 | 任务进度轮询完成 
[SYS] 2025/04/03 - 12:08:29 | batch update started 
[SYS] 2025/04/03 - 12:08:29 | batch update finished 
[SYS] 2025/04/03 - 12:08:35 | batch update started 
[SYS] 2025/04/03 - 12:08:35 | batch update finished 
[SYS] 2025/04/03 - 12:08:40 | batch update started 
[SYS] 2025/04/03 - 12:08:40 | batch update finished 
[SYS] 2025/04/03 - 12:08:45 | 任务进度轮询开始 
[SYS] 2025/04/03 - 12:08:45 | 任务进度轮询完成 
[SYS] 2025/04/03 - 12:08:45 | batch update started 
[SYS] 2025/04/03 - 12:08:45 | batch update finished 
[SYS] 2025/04/03 - 12:08:50 | batch update started 
[SYS] 2025/04/03 - 12:08:50 | batch update finished 
[SYS] 2025/04/03 - 12:08:55 | batch update started 
[SYS] 2025/04/03 - 12:08:55 | batch update finished 
[SYS] 2025/04/03 - 12:09:00 | 任务进度轮询开始 
[SYS] 2025/04/03 - 12:09:00 | batch update started 
[SYS] 2025/04/03 - 12:09:00 | batch update finished 
[SYS] 2025/04/03 - 12:09:00 | 任务进度轮询完成 
[SYS] 2025/04/03 - 12:09:05 | batch update started 
[SYS] 2025/04/03 - 12:09:05 | batch update finished 
[SYS] 2025/04/03 - 12:09:10 | batch update started 
[SYS] 2025/04/03 - 12:09:10 | batch update finished 
[SYS] 2025/04/03 - 12:09:15 | batch update started 
[SYS] 2025/04/03 - 12:09:15 | batch update finished 
[SYS] 2025/04/03 - 12:09:16 | 任务进度轮询开始 
[SYS] 2025/04/03 - 12:09:16 | 任务进度轮询完成 
[SYS] 2025/04/03 - 12:09:20 | batch update started 
[SYS] 2025/04/03 - 12:09:20 | batch update finished 
[SYS] 2025/04/03 - 12:09:25 | batch update started 
[SYS] 2025/04/03 - 12:09:25 | batch update finished 
[SYS] 2025/04/03 - 12:09:30 | syncing options from database 
[SYS] 2025/04/03 - 12:09:30 | syncing channels from database 
[SYS] 2025/04/03 - 12:09:30 | channels synced from database 
[SYS] 2025/04/03 - 12:09:30 | batch update started 
[SYS] 2025/04/03 - 12:09:30 | batch update finished 
[SYS] 2025/04/03 - 12:09:31 | 任务进度轮询开始 
[SYS] 2025/04/03 - 12:09:31 | 任务进度轮询完成 
[SYS] 2025/04/03 - 12:09:37 | batch update started 
[SYS] 2025/04/03 - 12:09:37 | batch update finished 
[SYS] 2025/04/03 - 12:09:42 | batch update started 
[SYS] 2025/04/03 - 12:09:42 | batch update finished 
[SYS] 2025/04/03 - 12:09:47 | batch update started 
[SYS] 2025/04/03 - 12:09:47 | batch update finished 
[SYS] 2025/04/03 - 12:09:47 | 任务进度轮询开始 
[SYS] 2025/04/03 - 12:09:47 | 任务进度轮询完成 
[SYS] 2025/04/03 - 12:09:52 | batch update started 
[SYS] 2025/04/03 - 12:09:52 | batch update finished 
[SYS] 2025/04/03 - 12:09:57 | batch update started 
[SYS] 2025/04/03 - 12:09:57 | batch update finished 
[SYS] 2025/04/03 - 12:10:02 | batch update started 
[SYS] 2025/04/03 - 12:10:02 | batch update finished 
[SYS] 2025/04/03 - 12:10:02 | 任务进度轮询开始 
[SYS] 2025/04/03 - 12:10:02 | 任务进度轮询完成 
[SYS] 2025/04/03 - 12:10:08 | batch update started 
[SYS] 2025/04/03 - 12:10:08 | batch update finished 
[SYS] 2025/04/03 - 12:10:13 | batch update started 
[SYS] 2025/04/03 - 12:10:13 | batch update finished 
[SYS] 2025/04/03 - 12:10:18 | batch update started 
[SYS] 2025/04/03 - 12:10:18 | batch update finished 
[SYS] 2025/04/03 - 12:10:18 | 任务进度轮询开始 
[SYS] 2025/04/03 - 12:10:18 | 任务进度轮询完成 
[SYS] 2025/04/03 - 12:10:23 | batch update started 
[SYS] 2025/04/03 - 12:10:23 | batch update finished 
[SYS] 2025/04/03 - 12:10:28 | batch update started 
[SYS] 2025/04/03 - 12:10:28 | batch update finished 
[SYS] 2025/04/03 - 12:10:32 | syncing channels from database 
[SYS] 2025/04/03 - 12:10:32 | channels synced from database 
[SYS] 2025/04/03 - 12:10:33 | batch update started 
[SYS] 2025/04/03 - 12:10:33 | batch update finished 
[SYS] 2025/04/03 - 12:10:33 | 任务进度轮询开始 
[SYS] 2025/04/03 - 12:10:33 | 任务进度轮询完成 
[SYS] 2025/04/03 - 12:10:33 | syncing options from database 
[SYS] 2025/04/03 - 12:10:39 | batch update started 
[SYS] 2025/04/03 - 12:10:39 | batch update finished 
[SYS] 2025/04/03 - 12:10:44 | batch update started 
[SYS] 2025/04/03 - 12:10:44 | batch update finished 
[SYS] 2025/04/03 - 12:10:49 | batch update started 
[SYS] 2025/04/03 - 12:10:49 | batch update finished 
[SYS] 2025/04/03 - 12:10:49 | 任务进度轮询开始 
[SYS] 2025/04/03 - 12:10:49 | 任务进度轮询完成 
[SYS] 2025/04/03 - 12:10:54 | batch update started 
[SYS] 2025/04/03 - 12:10:54 | batch update finished 
[SYS] 2025/04/03 - 12:10:59 | batch update started 
[SYS] 2025/04/03 - 12:10:59 | batch update finished 
[SYS] 2025/04/03 - 12:11:04 | batch update started 
[SYS] 2025/04/03 - 12:11:04 | batch update finished 
[SYS] 2025/04/03 - 12:11:04 | 任务进度轮询开始 
[SYS] 2025/04/03 - 12:11:04 | 任务进度轮询完成 
[SYS] 2025/04/03 - 12:11:10 | batch update started 
[SYS] 2025/04/03 - 12:11:10 | batch update finished 
[SYS] 2025/04/03 - 12:11:15 | batch update started 
[SYS] 2025/04/03 - 12:11:15 | batch update finished 
[SYS] 2025/04/03 - 12:11:20 | batch update started 
[SYS] 2025/04/03 - 12:11:20 | batch update finished 
[SYS] 2025/04/03 - 12:11:20 | 任务进度轮询开始 
[SYS] 2025/04/03 - 12:11:20 | 任务进度轮询完成 
[SYS] 2025/04/03 - 12:11:25 | batch update started 
[SYS] 2025/04/03 - 12:11:25 | batch update finished 
[SYS] 2025/04/03 - 12:11:30 | batch update started 
[SYS] 2025/04/03 - 12:11:30 | batch update finished 
[SYS] 2025/04/03 - 12:11:34 | syncing channels from database 
[SYS] 2025/04/03 - 12:11:34 | channels synced from database 
[SYS] 2025/04/03 - 12:11:35 | batch update started 
[SYS] 2025/04/03 - 12:11:35 | batch update finished 
[SYS] 2025/04/03 - 12:11:35 | 任务进度轮询开始 
[SYS] 2025/04/03 - 12:11:35 | syncing options from database 
[SYS] 2025/04/03 - 12:11:35 | 任务进度轮询完成 
[SYS] 2025/04/03 - 12:11:40 | batch update started 
[SYS] 2025/04/03 - 12:11:40 | batch update finished 
[SYS] 2025/04/03 - 12:11:45 | batch update started 
[SYS] 2025/04/03 - 12:11:45 | batch update finished 
[SYS] 2025/04/03 - 12:11:50 | batch update started 
[SYS] 2025/04/03 - 12:11:50 | batch update finished 
[SYS] 2025/04/03 - 12:11:51 | 任务进度轮询开始 
[SYS] 2025/04/03 - 12:11:51 | 任务进度轮询完成 
[SYS] 2025/04/03 - 12:11:55 | batch update started 
[SYS] 2025/04/03 - 12:11:55 | batch update finished 
[SYS] 2025/04/03 - 12:12:00 | batch update started 
[SYS] 2025/04/03 - 12:12:00 | batch update finished 
[SYS] 2025/04/03 - 12:12:05 | batch update started 
[SYS] 2025/04/03 - 12:12:05 | batch update finished 
[SYS] 2025/04/03 - 12:12:06 | 任务进度轮询开始 
[SYS] 2025/04/03 - 12:12:06 | 任务进度轮询完成 
[SYS] 2025/04/03 - 12:12:11 | batch update started 
[SYS] 2025/04/03 - 12:12:11 | batch update finished 
[SYS] 2025/04/03 - 12:12:16 | batch update started 
[SYS] 2025/04/03 - 12:12:16 | batch update finished 
[SYS] 2025/04/03 - 12:12:21 | batch update started 
[SYS] 2025/04/03 - 12:12:21 | batch update finished 
[SYS] 2025/04/03 - 12:12:21 | 任务进度轮询开始 
[SYS] 2025/04/03 - 12:12:21 | 任务进度轮询完成 
[SYS] 2025/04/03 - 12:12:26 | batch update started 
[SYS] 2025/04/03 - 12:12:26 | batch update finished 
[SYS] 2025/04/03 - 12:12:31 | batch update started 
[SYS] 2025/04/03 - 12:12:31 | batch update finished 
[SYS] 2025/04/03 - 12:12:36 | syncing channels from database 
[SYS] 2025/04/03 - 12:12:36 | channels synced from database 
[SYS] 2025/04/03 - 12:12:36 | batch update started 
[SYS] 2025/04/03 - 12:12:36 | batch update finished 
[SYS] 2025/04/03 - 12:12:36 | 任务进度轮询开始 
[SYS] 2025/04/03 - 12:12:36 | 任务进度轮询完成 
[SYS] 2025/04/03 - 12:12:36 | syncing options from database 
[SYS] 2025/04/03 - 12:12:42 | batch update started 
[SYS] 2025/04/03 - 12:12:42 | batch update finished 
[SYS] 2025/04/03 - 12:12:47 | batch update started 
[SYS] 2025/04/03 - 12:12:47 | batch update finished 
[SYS] 2025/04/03 - 12:12:52 | batch update started 
[SYS] 2025/04/03 - 12:12:52 | batch update finished 
[SYS] 2025/04/03 - 12:12:52 | 任务进度轮询开始 
[SYS] 2025/04/03 - 12:12:52 | 任务进度轮询完成 
[SYS] 2025/04/03 - 12:12:57 | batch update started 
[SYS] 2025/04/03 - 12:12:57 | batch update finished 
[SYS] 2025/04/03 - 12:13:02 | batch update started 
[SYS] 2025/04/03 - 12:13:02 | batch update finished 
[SYS] 2025/04/03 - 12:13:07 | batch update started 
[SYS] 2025/04/03 - 12:13:07 | batch update finished 
[SYS] 2025/04/03 - 12:13:07 | 任务进度轮询开始 
[SYS] 2025/04/03 - 12:13:07 | 任务进度轮询完成 
[SYS] 2025/04/03 - 12:13:13 | batch update started 
[SYS] 2025/04/03 - 12:13:13 | batch update finished 
[SYS] 2025/04/03 - 12:13:18 | batch update started 
[SYS] 2025/04/03 - 12:13:18 | batch update finished 
[SYS] 2025/04/03 - 12:13:23 | batch update started 
[SYS] 2025/04/03 - 12:13:23 | batch update finished 
[SYS] 2025/04/03 - 12:13:23 | 任务进度轮询开始 
[SYS] 2025/04/03 - 12:13:23 | 任务进度轮询完成 
[SYS] 2025/04/03 - 12:13:28 | batch update started 
[SYS] 2025/04/03 - 12:13:28 | batch update finished 
[SYS] 2025/04/03 - 12:13:33 | batch update started 
[SYS] 2025/04/03 - 12:13:33 | batch update finished 
[SYS] 2025/04/03 - 12:13:37 | 正在更新数据看板数据... 
[SYS] 2025/04/03 - 12:13:37 | 保存数据看板数据成功，共保存0条数据 
[SYS] 2025/04/03 - 12:13:37 | syncing channels from database 
[SYS] 2025/04/03 - 12:13:37 | channels synced from database 
[SYS] 2025/04/03 - 12:13:38 | batch update started 
[SYS] 2025/04/03 - 12:13:38 | batch update finished 
[SYS] 2025/04/03 - 12:13:38 | syncing options from database 
[SYS] 2025/04/03 - 12:13:38 | 任务进度轮询开始 
[SYS] 2025/04/03 - 12:13:38 | 任务进度轮询完成 
[SYS] 2025/04/03 - 12:13:44 | batch update started 
[SYS] 2025/04/03 - 12:13:44 | batch update finished 
[SYS] 2025/04/03 - 12:13:49 | batch update started 
[SYS] 2025/04/03 - 12:13:49 | batch update finished 
[SYS] 2025/04/03 - 12:13:54 | batch update started 
[SYS] 2025/04/03 - 12:13:54 | batch update finished 
[SYS] 2025/04/03 - 12:13:54 | 任务进度轮询开始 
[SYS] 2025/04/03 - 12:13:54 | 任务进度轮询完成 
[SYS] 2025/04/03 - 12:13:59 | batch update started 
[SYS] 2025/04/03 - 12:13:59 | batch update finished 
[SYS] 2025/04/03 - 12:14:04 | batch update started 
[SYS] 2025/04/03 - 12:14:04 | batch update finished 
[SYS] 2025/04/03 - 12:14:09 | batch update started 
[SYS] 2025/04/03 - 12:14:09 | batch update finished 
[SYS] 2025/04/03 - 12:14:09 | 任务进度轮询开始 
[SYS] 2025/04/03 - 12:14:09 | 任务进度轮询完成 
[SYS] 2025/04/03 - 12:14:15 | batch update started 
[SYS] 2025/04/03 - 12:14:15 | batch update finished 
[SYS] 2025/04/03 - 12:14:20 | batch update started 
[SYS] 2025/04/03 - 12:14:20 | batch update finished 
[SYS] 2025/04/03 - 12:14:25 | batch update started 
[SYS] 2025/04/03 - 12:14:25 | batch update finished 
[SYS] 2025/04/03 - 12:14:25 | 任务进度轮询开始 
[SYS] 2025/04/03 - 12:14:25 | 任务进度轮询完成 
[SYS] 2025/04/03 - 12:14:30 | batch update started 
[SYS] 2025/04/03 - 12:14:30 | batch update finished 
[SYS] 2025/04/03 - 12:14:35 | batch update started 
[SYS] 2025/04/03 - 12:14:35 | batch update finished 
[SYS] 2025/04/03 - 12:14:39 | syncing channels from database 
[SYS] 2025/04/03 - 12:14:39 | channels synced from database 
[SYS] 2025/04/03 - 12:14:40 | batch update started 
[SYS] 2025/04/03 - 12:14:40 | batch update finished 
[SYS] 2025/04/03 - 12:14:40 | syncing options from database 
[SYS] 2025/04/03 - 12:14:40 | 任务进度轮询开始 
[SYS] 2025/04/03 - 12:14:40 | 任务进度轮询完成 
[SYS] 2025/04/03 - 12:14:45 | batch update started 
[SYS] 2025/04/03 - 12:14:45 | batch update finished 
[SYS] 2025/04/03 - 12:14:50 | batch update started 
[SYS] 2025/04/03 - 12:14:50 | batch update finished 
[SYS] 2025/04/03 - 12:14:55 | batch update started 
[SYS] 2025/04/03 - 12:14:55 | batch update finished 
[SYS] 2025/04/03 - 12:14:56 | 任务进度轮询开始 
[SYS] 2025/04/03 - 12:14:56 | 任务进度轮询完成 
[SYS] 2025/04/03 - 12:15:00 | batch update started 
[SYS] 2025/04/03 - 12:15:00 | batch update finished 
[SYS] 2025/04/03 - 12:15:05 | batch update started 
[SYS] 2025/04/03 - 12:15:05 | batch update finished 
[SYS] 2025/04/03 - 12:15:10 | batch update started 
[SYS] 2025/04/03 - 12:15:10 | batch update finished 
[SYS] 2025/04/03 - 12:15:11 | 任务进度轮询开始 
[SYS] 2025/04/03 - 12:15:11 | 任务进度轮询完成 
[SYS] 2025/04/03 - 12:15:16 | batch update started 
[SYS] 2025/04/03 - 12:15:16 | batch update finished 
[SYS] 2025/04/03 - 12:15:21 | batch update started 
[SYS] 2025/04/03 - 12:15:21 | batch update finished 
[SYS] 2025/04/03 - 12:15:26 | batch update started 
[SYS] 2025/04/03 - 12:15:26 | batch update finished 
[SYS] 2025/04/03 - 12:15:26 | 任务进度轮询开始 
[SYS] 2025/04/03 - 12:15:26 | 任务进度轮询完成 
[SYS] 2025/04/03 - 12:15:31 | batch update started 
[SYS] 2025/04/03 - 12:15:31 | batch update finished 
[SYS] 2025/04/03 - 12:15:36 | batch update started 
[SYS] 2025/04/03 - 12:15:36 | batch update finished 
[SYS] 2025/04/03 - 12:15:41 | syncing channels from database 
[SYS] 2025/04/03 - 12:15:41 | channels synced from database 
[SYS] 2025/04/03 - 12:15:41 | batch update started 
[SYS] 2025/04/03 - 12:15:41 | batch update finished 
[SYS] 2025/04/03 - 12:15:41 | syncing options from database 
[SYS] 2025/04/03 - 12:15:41 | 任务进度轮询开始 
[SYS] 2025/04/03 - 12:15:41 | 任务进度轮询完成 
[SYS] 2025/04/03 - 12:15:47 | batch update started 
[SYS] 2025/04/03 - 12:15:47 | batch update finished 
[SYS] 2025/04/03 - 12:15:52 | batch update started 
[SYS] 2025/04/03 - 12:15:52 | batch update finished 
[SYS] 2025/04/03 - 12:15:57 | batch update started 
[SYS] 2025/04/03 - 12:15:57 | batch update finished 
[SYS] 2025/04/03 - 12:15:57 | 任务进度轮询开始 
[SYS] 2025/04/03 - 12:15:57 | 任务进度轮询完成 
[SYS] 2025/04/03 - 12:16:02 | batch update started 
[SYS] 2025/04/03 - 12:16:02 | batch update finished 
[SYS] 2025/04/03 - 12:16:07 | batch update started 
[SYS] 2025/04/03 - 12:16:07 | batch update finished 
[SYS] 2025/04/03 - 12:16:12 | batch update started 
[SYS] 2025/04/03 - 12:16:12 | batch update finished 
[SYS] 2025/04/03 - 12:16:12 | 任务进度轮询开始 
[SYS] 2025/04/03 - 12:16:12 | 任务进度轮询完成 
[SYS] 2025/04/03 - 12:16:18 | batch update started 
[SYS] 2025/04/03 - 12:16:18 | batch update finished 
[SYS] 2025/04/03 - 12:16:23 | batch update started 
[SYS] 2025/04/03 - 12:16:23 | batch update finished 
[SYS] 2025/04/03 - 12:16:28 | batch update started 
[SYS] 2025/04/03 - 12:16:28 | batch update finished 
[SYS] 2025/04/03 - 12:16:28 | 任务进度轮询开始 
[SYS] 2025/04/03 - 12:16:28 | 任务进度轮询完成 
[SYS] 2025/04/03 - 12:16:33 | batch update started 
[SYS] 2025/04/03 - 12:16:33 | batch update finished 
[SYS] 2025/04/03 - 12:16:38 | batch update started 
[SYS] 2025/04/03 - 12:16:38 | batch update finished 
[SYS] 2025/04/03 - 12:16:43 | syncing channels from database 
[SYS] 2025/04/03 - 12:16:43 | channels synced from database 
[SYS] 2025/04/03 - 12:16:43 | batch update started 
[SYS] 2025/04/03 - 12:16:43 | batch update finished 
[SYS] 2025/04/03 - 12:16:43 | syncing options from database 
[SYS] 2025/04/03 - 12:16:43 | 任务进度轮询开始 
[SYS] 2025/04/03 - 12:16:43 | 任务进度轮询完成 
[SYS] 2025/04/03 - 12:16:49 | batch update started 
[SYS] 2025/04/03 - 12:16:49 | batch update finished 
[SYS] 2025/04/03 - 12:16:54 | batch update started 
[SYS] 2025/04/03 - 12:16:54 | batch update finished 
[SYS] 2025/04/03 - 12:16:59 | batch update started 
[SYS] 2025/04/03 - 12:16:59 | batch update finished 
[SYS] 2025/04/03 - 12:16:59 | 任务进度轮询开始 
[SYS] 2025/04/03 - 12:16:59 | 任务进度轮询完成 
[SYS] 2025/04/03 - 12:17:04 | batch update started 
[SYS] 2025/04/03 - 12:17:04 | batch update finished 
[SYS] 2025/04/03 - 12:17:09 | batch update started 
[SYS] 2025/04/03 - 12:17:09 | batch update finished 
[SYS] 2025/04/03 - 12:17:14 | batch update started 
[SYS] 2025/04/03 - 12:17:14 | batch update finished 
[SYS] 2025/04/03 - 12:17:14 | 任务进度轮询开始 
[SYS] 2025/04/03 - 12:17:14 | 任务进度轮询完成 
[SYS] 2025/04/03 - 12:17:20 | batch update started 
[SYS] 2025/04/03 - 12:17:20 | batch update finished 
[SYS] 2025/04/03 - 12:17:25 | batch update started 
[SYS] 2025/04/03 - 12:17:25 | batch update finished 
[SYS] 2025/04/03 - 12:17:30 | batch update started 
[SYS] 2025/04/03 - 12:17:30 | batch update finished 
[SYS] 2025/04/03 - 12:17:30 | 任务进度轮询开始 
[SYS] 2025/04/03 - 12:17:30 | 任务进度轮询完成 
[SYS] 2025/04/03 - 12:17:35 | batch update started 
[SYS] 2025/04/03 - 12:17:35 | batch update finished 
[SYS] 2025/04/03 - 12:17:40 | batch update started 
[SYS] 2025/04/03 - 12:17:40 | batch update finished 
[SYS] 2025/04/03 - 12:17:44 | syncing channels from database 
[SYS] 2025/04/03 - 12:17:44 | channels synced from database 
[SYS] 2025/04/03 - 12:17:45 | batch update started 
[SYS] 2025/04/03 - 12:17:45 | batch update finished 
[SYS] 2025/04/03 - 12:17:45 | syncing options from database 
[SYS] 2025/04/03 - 12:17:45 | 任务进度轮询开始 
[SYS] 2025/04/03 - 12:17:45 | 任务进度轮询完成 
[SYS] 2025/04/03 - 12:17:50 | batch update started 
[SYS] 2025/04/03 - 12:17:50 | batch update finished 
[SYS] 2025/04/03 - 12:17:55 | batch update started 
[SYS] 2025/04/03 - 12:17:55 | batch update finished 
[SYS] 2025/04/03 - 12:18:00 | batch update started 
[SYS] 2025/04/03 - 12:18:00 | batch update finished 
[SYS] 2025/04/03 - 12:18:00 | 任务进度轮询开始 
[SYS] 2025/04/03 - 12:18:00 | 任务进度轮询完成 
[SYS] 2025/04/03 - 12:18:05 | batch update started 
[SYS] 2025/04/03 - 12:18:05 | batch update finished 
[SYS] 2025/04/03 - 12:18:10 | batch update started 
[SYS] 2025/04/03 - 12:18:10 | batch update finished 
[SYS] 2025/04/03 - 12:18:15 | batch update started 
[SYS] 2025/04/03 - 12:18:15 | batch update finished 
[SYS] 2025/04/03 - 12:18:15 | 任务进度轮询开始 
[SYS] 2025/04/03 - 12:18:15 | 任务进度轮询完成 
[SYS] 2025/04/03 - 12:18:21 | batch update started 
[SYS] 2025/04/03 - 12:18:21 | batch update finished 
[SYS] 2025/04/03 - 12:18:26 | batch update started 
[SYS] 2025/04/03 - 12:18:26 | batch update finished 
[SYS] 2025/04/03 - 12:18:31 | batch update started 
[SYS] 2025/04/03 - 12:18:31 | batch update finished 
[SYS] 2025/04/03 - 12:18:31 | 任务进度轮询开始 
[SYS] 2025/04/03 - 12:18:31 | 任务进度轮询完成 
[SYS] 2025/04/03 - 12:18:36 | batch update started 
[SYS] 2025/04/03 - 12:18:36 | batch update finished 
[SYS] 2025/04/03 - 12:18:41 | batch update started 
[SYS] 2025/04/03 - 12:18:41 | batch update finished 
[SYS] 2025/04/03 - 12:18:45 | 正在更新数据看板数据... 
[SYS] 2025/04/03 - 12:18:45 | 保存数据看板数据成功，共保存0条数据 
[SYS] 2025/04/03 - 12:18:45 | testing all channels 
[SYS] 2025/04/03 - 12:18:45 | channel test finished 
[SYS] 2025/04/03 - 12:18:45 | syncing channels from database 
[SYS] 2025/04/03 - 12:18:45 | channels synced from database 
[SYS] 2025/04/03 - 12:18:46 | batch update started 
[SYS] 2025/04/03 - 12:18:46 | batch update finished 
[SYS] 2025/04/03 - 12:18:46 | syncing options from database 
[SYS] 2025/04/03 - 12:18:46 | 任务进度轮询开始 
[SYS] 2025/04/03 - 12:18:46 | 任务进度轮询完成 
[SYS] 2025/04/03 - 12:18:51 | batch update started 
[SYS] 2025/04/03 - 12:18:51 | batch update finished 
[SYS] 2025/04/03 - 12:18:56 | batch update started 
[SYS] 2025/04/03 - 12:18:56 | batch update finished 
[SYS] 2025/04/03 - 12:19:01 | batch update started 
[SYS] 2025/04/03 - 12:19:01 | batch update finished 
[SYS] 2025/04/03 - 12:19:01 | 任务进度轮询开始 
[SYS] 2025/04/03 - 12:19:01 | 任务进度轮询完成 
[SYS] 2025/04/03 - 12:19:06 | batch update started 
[SYS] 2025/04/03 - 12:19:06 | batch update finished 
[SYS] 2025/04/03 - 12:19:11 | batch update started 
[SYS] 2025/04/03 - 12:19:11 | batch update finished 
[SYS] 2025/04/03 - 12:19:16 | batch update started 
[SYS] 2025/04/03 - 12:19:16 | batch update finished 
[SYS] 2025/04/03 - 12:19:16 | 任务进度轮询开始 
[SYS] 2025/04/03 - 12:19:16 | 任务进度轮询完成 
[SYS] 2025/04/03 - 12:19:21 | batch update started 
[SYS] 2025/04/03 - 12:19:21 | batch update finished 
[SYS] 2025/04/03 - 12:19:26 | batch update started 
[SYS] 2025/04/03 - 12:19:26 | batch update finished 
[SYS] 2025/04/03 - 12:19:31 | batch update started 
[SYS] 2025/04/03 - 12:19:31 | batch update finished 
[SYS] 2025/04/03 - 12:19:32 | 任务进度轮询开始 
[SYS] 2025/04/03 - 12:19:32 | 任务进度轮询完成 
[SYS] 2025/04/03 - 12:19:36 | batch update started 
[SYS] 2025/04/03 - 12:19:36 | batch update finished 
[SYS] 2025/04/03 - 12:19:41 | batch update started 
[SYS] 2025/04/03 - 12:19:41 | batch update finished 
[SYS] 2025/04/03 - 12:19:46 | syncing channels from database 
[SYS] 2025/04/03 - 12:19:46 | channels synced from database 
[SYS] 2025/04/03 - 12:19:46 | batch update started 
[SYS] 2025/04/03 - 12:19:46 | batch update finished 
[SYS] 2025/04/03 - 12:19:46 | syncing options from database 
[SYS] 2025/04/03 - 12:19:47 | 任务进度轮询开始 
[SYS] 2025/04/03 - 12:19:47 | 任务进度轮询完成 
[SYS] 2025/04/03 - 12:19:52 | batch update started 
[SYS] 2025/04/03 - 12:19:52 | batch update finished 
[SYS] 2025/04/03 - 12:19:57 | batch update started 
[SYS] 2025/04/03 - 12:19:57 | batch update finished 
[SYS] 2025/04/03 - 12:20:02 | batch update started 
[SYS] 2025/04/03 - 12:20:02 | batch update finished 
[SYS] 2025/04/03 - 12:20:02 | 任务进度轮询开始 
[SYS] 2025/04/03 - 12:20:02 | 任务进度轮询完成 
[SYS] 2025/04/03 - 12:20:07 | batch update started 
[SYS] 2025/04/03 - 12:20:07 | batch update finished 
[SYS] 2025/04/03 - 12:20:12 | batch update started 
[SYS] 2025/04/03 - 12:20:12 | batch update finished 
[SYS] 2025/04/03 - 12:20:17 | batch update started 
[SYS] 2025/04/03 - 12:20:17 | batch update finished 
[SYS] 2025/04/03 - 12:20:17 | 任务进度轮询开始 
[SYS] 2025/04/03 - 12:20:17 | 任务进度轮询完成 
[SYS] 2025/04/03 - 12:20:22 | batch update started 
[SYS] 2025/04/03 - 12:20:22 | batch update finished 
[SYS] 2025/04/03 - 12:20:27 | batch update started 
[SYS] 2025/04/03 - 12:20:27 | batch update finished 
[SYS] 2025/04/03 - 12:20:32 | batch update started 
[SYS] 2025/04/03 - 12:20:32 | batch update finished 
[SYS] 2025/04/03 - 12:20:32 | 任务进度轮询开始 
[SYS] 2025/04/03 - 12:20:32 | 任务进度轮询完成 
[SYS] 2025/04/03 - 12:20:37 | batch update started 
[SYS] 2025/04/03 - 12:20:37 | batch update finished 
[SYS] 2025/04/03 - 12:20:42 | batch update started 
[SYS] 2025/04/03 - 12:20:42 | batch update finished 
[SYS] 2025/04/03 - 12:20:47 | syncing channels from database 
[SYS] 2025/04/03 - 12:20:47 | channels synced from database 
[SYS] 2025/04/03 - 12:20:47 | syncing options from database 
[SYS] 2025/04/03 - 12:20:47 | batch update started 
[SYS] 2025/04/03 - 12:20:47 | batch update finished 
[SYS] 2025/04/03 - 12:20:47 | 任务进度轮询开始 
[SYS] 2025/04/03 - 12:20:47 | 任务进度轮询完成 
[SYS] 2025/04/03 - 12:20:52 | batch update started 
[SYS] 2025/04/03 - 12:20:52 | batch update finished 
[SYS] 2025/04/03 - 12:20:57 | batch update started 
[SYS] 2025/04/03 - 12:20:57 | batch update finished 
[SYS] 2025/04/03 - 12:21:02 | batch update started 
[SYS] 2025/04/03 - 12:21:02 | batch update finished 
[SYS] 2025/04/03 - 12:21:02 | 任务进度轮询开始 
[SYS] 2025/04/03 - 12:21:02 | 任务进度轮询完成 
[SYS] 2025/04/03 - 12:21:07 | batch update started 
[SYS] 2025/04/03 - 12:21:07 | batch update finished 
[SYS] 2025/04/03 - 12:21:12 | batch update started 
[SYS] 2025/04/03 - 12:21:12 | batch update finished 
[SYS] 2025/04/03 - 12:21:17 | batch update started 
[SYS] 2025/04/03 - 12:21:17 | batch update finished 
[SYS] 2025/04/03 - 12:21:17 | 任务进度轮询开始 
[SYS] 2025/04/03 - 12:21:17 | 任务进度轮询完成 
[SYS] 2025/04/03 - 12:21:23 | batch update started 
[SYS] 2025/04/03 - 12:21:23 | batch update finished 
[SYS] 2025/04/03 - 12:21:28 | batch update started 
[SYS] 2025/04/03 - 12:21:28 | batch update finished 
[SYS] 2025/04/03 - 12:21:33 | batch update started 
[SYS] 2025/04/03 - 12:21:33 | batch update finished 
[SYS] 2025/04/03 - 12:21:33 | 任务进度轮询开始 
[SYS] 2025/04/03 - 12:21:33 | 任务进度轮询完成 
[SYS] 2025/04/03 - 12:21:38 | batch update started 
[SYS] 2025/04/03 - 12:21:38 | batch update finished 
[SYS] 2025/04/03 - 12:21:43 | batch update started 
[SYS] 2025/04/03 - 12:21:43 | batch update finished 
[SYS] 2025/04/03 - 12:21:47 | syncing channels from database 
[SYS] 2025/04/03 - 12:21:47 | channels synced from database 
[SYS] 2025/04/03 - 12:21:48 | syncing options from database 
[SYS] 2025/04/03 - 12:21:48 | batch update started 
[SYS] 2025/04/03 - 12:21:48 | batch update finished 
[SYS] 2025/04/03 - 12:21:48 | 任务进度轮询开始 
[SYS] 2025/04/03 - 12:21:48 | 任务进度轮询完成 
[SYS] 2025/04/03 - 12:21:53 | batch update started 
[SYS] 2025/04/03 - 12:21:53 | batch update finished 
[SYS] 2025/04/03 - 12:21:58 | batch update started 
[SYS] 2025/04/03 - 12:21:58 | batch update finished 
[SYS] 2025/04/03 - 12:22:03 | batch update started 
[SYS] 2025/04/03 - 12:22:03 | batch update finished 
[SYS] 2025/04/03 - 12:22:03 | 任务进度轮询开始 
[SYS] 2025/04/03 - 12:22:03 | 任务进度轮询完成 
[SYS] 2025/04/03 - 12:22:08 | batch update started 
[SYS] 2025/04/03 - 12:22:08 | batch update finished 
[SYS] 2025/04/03 - 12:22:13 | batch update started 
[SYS] 2025/04/03 - 12:22:13 | batch update finished 
[SYS] 2025/04/03 - 12:22:18 | batch update started 
[SYS] 2025/04/03 - 12:22:18 | batch update finished 
[SYS] 2025/04/03 - 12:22:18 | 任务进度轮询开始 
[SYS] 2025/04/03 - 12:22:18 | 任务进度轮询完成 
[SYS] 2025/04/03 - 12:22:23 | batch update started 
[SYS] 2025/04/03 - 12:22:23 | batch update finished 
[SYS] 2025/04/03 - 12:22:28 | batch update started 
[SYS] 2025/04/03 - 12:22:28 | batch update finished 
[SYS] 2025/04/03 - 12:22:33 | batch update started 
[SYS] 2025/04/03 - 12:22:33 | batch update finished 
[SYS] 2025/04/03 - 12:22:33 | 任务进度轮询开始 
[SYS] 2025/04/03 - 12:22:33 | 任务进度轮询完成 
[SYS] 2025/04/03 - 12:22:38 | batch update started 
[SYS] 2025/04/03 - 12:22:38 | batch update finished 
[SYS] 2025/04/03 - 12:22:43 | batch update started 
[SYS] 2025/04/03 - 12:22:43 | batch update finished 
[SYS] 2025/04/03 - 12:22:48 | syncing channels from database 
[SYS] 2025/04/03 - 12:22:48 | channels synced from database 
[SYS] 2025/04/03 - 12:22:48 | syncing options from database 
[SYS] 2025/04/03 - 12:22:48 | batch update started 
[SYS] 2025/04/03 - 12:22:48 | batch update finished 
[SYS] 2025/04/03 - 12:22:48 | 任务进度轮询开始 
[SYS] 2025/04/03 - 12:22:48 | 任务进度轮询完成 
[SYS] 2025/04/03 - 12:22:53 | batch update started 
[SYS] 2025/04/03 - 12:22:53 | batch update finished 
[SYS] 2025/04/03 - 12:22:58 | batch update started 
[SYS] 2025/04/03 - 12:22:58 | batch update finished 
[SYS] 2025/04/03 - 12:23:03 | batch update started 
[SYS] 2025/04/03 - 12:23:03 | batch update finished 
[SYS] 2025/04/03 - 12:23:04 | 任务进度轮询开始 
[SYS] 2025/04/03 - 12:23:04 | 任务进度轮询完成 
[SYS] 2025/04/03 - 12:23:08 | batch update started 
[SYS] 2025/04/03 - 12:23:08 | batch update finished 
[SYS] 2025/04/03 - 12:23:13 | batch update started 
[SYS] 2025/04/03 - 12:23:13 | batch update finished 
[SYS] 2025/04/03 - 12:23:18 | batch update started 
[SYS] 2025/04/03 - 12:23:18 | batch update finished 
[SYS] 2025/04/03 - 12:23:19 | 任务进度轮询开始 
[SYS] 2025/04/03 - 12:23:19 | 任务进度轮询完成 
[SYS] 2025/04/03 - 12:23:24 | batch update started 
[SYS] 2025/04/03 - 12:23:24 | batch update finished 
[SYS] 2025/04/03 - 12:23:29 | batch update started 
[SYS] 2025/04/03 - 12:23:29 | batch update finished 
[SYS] 2025/04/03 - 12:23:34 | batch update started 
[SYS] 2025/04/03 - 12:23:34 | batch update finished 
[SYS] 2025/04/03 - 12:23:34 | 任务进度轮询开始 
[SYS] 2025/04/03 - 12:23:34 | 任务进度轮询完成 
[SYS] 2025/04/03 - 12:23:39 | batch update started 
[SYS] 2025/04/03 - 12:23:39 | batch update finished 
[SYS] 2025/04/03 - 12:23:44 | batch update started 
[SYS] 2025/04/03 - 12:23:44 | batch update finished 
[SYS] 2025/04/03 - 12:23:48 | 正在更新数据看板数据... 
[SYS] 2025/04/03 - 12:23:48 | 保存数据看板数据成功，共保存0条数据 
[SYS] 2025/04/03 - 12:23:48 | syncing channels from database 
[SYS] 2025/04/03 - 12:23:48 | channels synced from database 
[SYS] 2025/04/03 - 12:23:48 | syncing options from database 
[SYS] 2025/04/03 - 12:23:49 | batch update started 
[SYS] 2025/04/03 - 12:23:49 | batch update finished 
[SYS] 2025/04/03 - 12:23:49 | 任务进度轮询开始 
[SYS] 2025/04/03 - 12:23:49 | 任务进度轮询完成 
[SYS] 2025/04/03 - 12:23:54 | batch update started 
[SYS] 2025/04/03 - 12:23:54 | batch update finished 
[SYS] 2025/04/03 - 12:23:59 | batch update started 
[SYS] 2025/04/03 - 12:23:59 | batch update finished 
[SYS] 2025/04/03 - 12:24:04 | batch update started 
[SYS] 2025/04/03 - 12:24:04 | batch update finished 
[SYS] 2025/04/03 - 12:24:04 | 任务进度轮询开始 
[SYS] 2025/04/03 - 12:24:04 | 任务进度轮询完成 
[SYS] 2025/04/03 - 12:24:09 | batch update started 
[SYS] 2025/04/03 - 12:24:09 | batch update finished 
[SYS] 2025/04/03 - 12:24:14 | batch update started 
[SYS] 2025/04/03 - 12:24:14 | batch update finished 
[SYS] 2025/04/03 - 12:24:19 | batch update started 
[SYS] 2025/04/03 - 12:24:19 | batch update finished 
[SYS] 2025/04/03 - 12:24:19 | 任务进度轮询开始 
[SYS] 2025/04/03 - 12:24:19 | 任务进度轮询完成 
[SYS] 2025/04/03 - 12:24:24 | batch update started 
[SYS] 2025/04/03 - 12:24:24 | batch update finished 
[SYS] 2025/04/03 - 12:24:29 | batch update started 
[SYS] 2025/04/03 - 12:24:29 | batch update finished 
[SYS] 2025/04/03 - 12:24:34 | batch update started 
[SYS] 2025/04/03 - 12:24:34 | batch update finished 
[SYS] 2025/04/03 - 12:24:34 | 任务进度轮询开始 
[SYS] 2025/04/03 - 12:24:34 | 任务进度轮询完成 
[SYS] 2025/04/03 - 12:24:39 | batch update started 
[SYS] 2025/04/03 - 12:24:39 | batch update finished 
[SYS] 2025/04/03 - 12:24:44 | batch update started 
[SYS] 2025/04/03 - 12:24:44 | batch update finished 
[SYS] 2025/04/03 - 12:24:48 | syncing channels from database 
[SYS] 2025/04/03 - 12:24:48 | channels synced from database 
[SYS] 2025/04/03 - 12:24:49 | syncing options from database 
[SYS] 2025/04/03 - 12:24:49 | batch update started 
[SYS] 2025/04/03 - 12:24:49 | batch update finished 
[SYS] 2025/04/03 - 12:24:49 | 任务进度轮询开始 
[SYS] 2025/04/03 - 12:24:49 | 任务进度轮询完成 
[SYS] 2025/04/03 - 12:24:54 | batch update started 
[SYS] 2025/04/03 - 12:24:54 | batch update finished 
[SYS] 2025/04/03 - 12:24:59 | batch update started 
[SYS] 2025/04/03 - 12:24:59 | batch update finished 
[SYS] 2025/04/03 - 12:25:04 | batch update started 
[SYS] 2025/04/03 - 12:25:04 | batch update finished 
[SYS] 2025/04/03 - 12:25:04 | 任务进度轮询开始 
[SYS] 2025/04/03 - 12:25:04 | 任务进度轮询完成 
[SYS] 2025/04/03 - 12:25:09 | batch update started 
[SYS] 2025/04/03 - 12:25:09 | batch update finished 
[SYS] 2025/04/03 - 12:25:14 | batch update started 
[SYS] 2025/04/03 - 12:25:14 | batch update finished 
[SYS] 2025/04/03 - 12:25:19 | batch update started 
[SYS] 2025/04/03 - 12:25:19 | batch update finished 
[SYS] 2025/04/03 - 12:25:19 | 任务进度轮询开始 
[SYS] 2025/04/03 - 12:25:19 | 任务进度轮询完成 
[SYS] 2025/04/03 - 12:25:24 | batch update started 
[SYS] 2025/04/03 - 12:25:24 | batch update finished 
[SYS] 2025/04/03 - 12:25:29 | batch update started 
[SYS] 2025/04/03 - 12:25:29 | batch update finished 
[SYS] 2025/04/03 - 12:25:34 | batch update started 
[SYS] 2025/04/03 - 12:25:34 | batch update finished 
[SYS] 2025/04/03 - 12:25:34 | 任务进度轮询开始 
[SYS] 2025/04/03 - 12:25:34 | 任务进度轮询完成 
[SYS] 2025/04/03 - 12:25:39 | batch update started 
[SYS] 2025/04/03 - 12:25:39 | batch update finished 
[SYS] 2025/04/03 - 12:25:44 | batch update started 
[SYS] 2025/04/03 - 12:25:44 | batch update finished 
[SYS] 2025/04/03 - 12:25:48 | syncing channels from database 
[SYS] 2025/04/03 - 12:25:48 | channels synced from database 
[SYS] 2025/04/03 - 12:25:49 | syncing options from database 
[SYS] 2025/04/03 - 12:25:49 | batch update started 
[SYS] 2025/04/03 - 12:25:49 | batch update finished 
[SYS] 2025/04/03 - 12:25:49 | 任务进度轮询开始 
[SYS] 2025/04/03 - 12:25:49 | 任务进度轮询完成 
[SYS] 2025/04/03 - 12:25:54 | batch update started 
[SYS] 2025/04/03 - 12:25:54 | batch update finished 
[SYS] 2025/04/03 - 12:25:59 | batch update started 
[SYS] 2025/04/03 - 12:25:59 | batch update finished 
[SYS] 2025/04/03 - 12:26:04 | batch update started 
[SYS] 2025/04/03 - 12:26:04 | batch update finished 
[SYS] 2025/04/03 - 12:26:04 | 任务进度轮询开始 
[SYS] 2025/04/03 - 12:26:04 | 任务进度轮询完成 
[SYS] 2025/04/03 - 12:26:09 | batch update started 
[SYS] 2025/04/03 - 12:26:09 | batch update finished 
[SYS] 2025/04/03 - 12:26:14 | batch update started 
[SYS] 2025/04/03 - 12:26:14 | batch update finished 
[SYS] 2025/04/03 - 12:26:19 | batch update started 
[SYS] 2025/04/03 - 12:26:19 | batch update finished 
[SYS] 2025/04/03 - 12:26:19 | 任务进度轮询开始 
[SYS] 2025/04/03 - 12:26:19 | 任务进度轮询完成 
[SYS] 2025/04/03 - 12:26:24 | batch update started 
[SYS] 2025/04/03 - 12:26:24 | batch update finished 
[SYS] 2025/04/03 - 12:26:29 | batch update started 
[SYS] 2025/04/03 - 12:26:29 | batch update finished 
[SYS] 2025/04/03 - 12:26:34 | batch update started 
[SYS] 2025/04/03 - 12:26:34 | batch update finished 
[SYS] 2025/04/03 - 12:26:34 | 任务进度轮询开始 
[SYS] 2025/04/03 - 12:26:34 | 任务进度轮询完成 
[SYS] 2025/04/03 - 12:26:39 | batch update started 
[SYS] 2025/04/03 - 12:26:39 | batch update finished 
[SYS] 2025/04/03 - 12:26:44 | batch update started 
[SYS] 2025/04/03 - 12:26:44 | batch update finished 
[SYS] 2025/04/03 - 12:26:49 | syncing channels from database 
[SYS] 2025/04/03 - 12:26:49 | channels synced from database 
[SYS] 2025/04/03 - 12:26:49 | syncing options from database 
[SYS] 2025/04/03 - 12:26:49 | batch update started 
[SYS] 2025/04/03 - 12:26:49 | batch update finished 
[SYS] 2025/04/03 - 12:26:49 | 任务进度轮询开始 
[SYS] 2025/04/03 - 12:26:49 | 任务进度轮询完成 
[SYS] 2025/04/03 - 12:26:54 | batch update started 
[SYS] 2025/04/03 - 12:26:54 | batch update finished 
[SYS] 2025/04/03 - 12:26:59 | batch update started 
[SYS] 2025/04/03 - 12:26:59 | batch update finished 
[SYS] 2025/04/03 - 12:27:04 | batch update started 
[SYS] 2025/04/03 - 12:27:04 | batch update finished 
[SYS] 2025/04/03 - 12:27:05 | 任务进度轮询开始 
[SYS] 2025/04/03 - 12:27:05 | 任务进度轮询完成 
[SYS] 2025/04/03 - 12:27:09 | batch update started 
[SYS] 2025/04/03 - 12:27:09 | batch update finished 
[SYS] 2025/04/03 - 12:27:14 | batch update started 
[SYS] 2025/04/03 - 12:27:14 | batch update finished 
[SYS] 2025/04/03 - 12:27:19 | batch update started 
[SYS] 2025/04/03 - 12:27:19 | batch update finished 
[SYS] 2025/04/03 - 12:27:20 | 任务进度轮询开始 
[SYS] 2025/04/03 - 12:27:20 | 任务进度轮询完成 
[SYS] 2025/04/03 - 12:27:24 | batch update started 
[SYS] 2025/04/03 - 12:27:24 | batch update finished 
[SYS] 2025/04/03 - 12:27:29 | batch update started 
[SYS] 2025/04/03 - 12:27:29 | batch update finished 
[SYS] 2025/04/03 - 12:27:34 | batch update started 
[SYS] 2025/04/03 - 12:27:34 | batch update finished 
[SYS] 2025/04/03 - 12:27:35 | 任务进度轮询开始 
[SYS] 2025/04/03 - 12:27:35 | 任务进度轮询完成 
[SYS] 2025/04/03 - 12:27:39 | batch update started 
[SYS] 2025/04/03 - 12:27:39 | batch update finished 
[SYS] 2025/04/03 - 12:27:44 | batch update started 
[SYS] 2025/04/03 - 12:27:44 | batch update finished 
[SYS] 2025/04/03 - 12:27:49 | syncing channels from database 
[SYS] 2025/04/03 - 12:27:49 | channels synced from database 
[SYS] 2025/04/03 - 12:27:49 | syncing options from database 
[SYS] 2025/04/03 - 12:27:49 | batch update started 
[SYS] 2025/04/03 - 12:27:49 | batch update finished 
[SYS] 2025/04/03 - 12:27:50 | 任务进度轮询开始 
[SYS] 2025/04/03 - 12:27:50 | 任务进度轮询完成 
[SYS] 2025/04/03 - 12:27:54 | batch update started 
[SYS] 2025/04/03 - 12:27:54 | batch update finished 
[SYS] 2025/04/03 - 12:27:59 | batch update started 
[SYS] 2025/04/03 - 12:27:59 | batch update finished 
[SYS] 2025/04/03 - 12:28:04 | batch update started 
[SYS] 2025/04/03 - 12:28:04 | batch update finished 
[SYS] 2025/04/03 - 12:28:05 | 任务进度轮询开始 
[SYS] 2025/04/03 - 12:28:05 | 任务进度轮询完成 
[SYS] 2025/04/03 - 12:28:09 | batch update started 
[SYS] 2025/04/03 - 12:28:09 | batch update finished 
[SYS] 2025/04/03 - 12:28:14 | batch update started 
[SYS] 2025/04/03 - 12:28:14 | batch update finished 
[SYS] 2025/04/03 - 12:28:19 | batch update started 
[SYS] 2025/04/03 - 12:28:19 | batch update finished 
[SYS] 2025/04/03 - 12:28:20 | 任务进度轮询开始 
[SYS] 2025/04/03 - 12:28:20 | 任务进度轮询完成 
[SYS] 2025/04/03 - 12:28:25 | batch update started 
[SYS] 2025/04/03 - 12:28:25 | batch update finished 
[SYS] 2025/04/03 - 12:28:30 | batch update started 
[SYS] 2025/04/03 - 12:28:30 | batch update finished 
[SYS] 2025/04/03 - 12:28:35 | batch update started 
[SYS] 2025/04/03 - 12:28:35 | batch update finished 
[SYS] 2025/04/03 - 12:28:35 | 任务进度轮询开始 
[SYS] 2025/04/03 - 12:28:35 | 任务进度轮询完成 
[SYS] 2025/04/03 - 12:28:40 | batch update started 
[SYS] 2025/04/03 - 12:28:40 | batch update finished 
[SYS] 2025/04/03 - 12:28:45 | batch update started 
[SYS] 2025/04/03 - 12:28:45 | batch update finished 
[SYS] 2025/04/03 - 12:28:48 | updating all channels 
[SYS] 2025/04/03 - 12:28:48 | channels update done 
[SYS] 2025/04/03 - 12:28:48 | 正在更新数据看板数据... 
[SYS] 2025/04/03 - 12:28:48 | 保存数据看板数据成功，共保存0条数据 
[SYS] 2025/04/03 - 12:28:48 | testing all channels 
[SYS] 2025/04/03 - 12:28:48 | channel test finished 
[SYS] 2025/04/03 - 12:28:49 | syncing channels from database 
[SYS] 2025/04/03 - 12:28:49 | channels synced from database 
[SYS] 2025/04/03 - 12:28:49 | syncing options from database 
[SYS] 2025/04/03 - 12:28:50 | batch update started 
[SYS] 2025/04/03 - 12:28:50 | batch update finished 
[SYS] 2025/04/03 - 12:28:50 | 任务进度轮询开始 
[SYS] 2025/04/03 - 12:28:50 | 任务进度轮询完成 
[SYS] 2025/04/03 - 12:28:55 | batch update started 
[SYS] 2025/04/03 - 12:28:55 | batch update finished 
[SYS] 2025/04/03 - 12:29:00 | batch update started 
[SYS] 2025/04/03 - 12:29:00 | batch update finished 
[SYS] 2025/04/03 - 12:29:05 | batch update started 
[SYS] 2025/04/03 - 12:29:05 | batch update finished 
[SYS] 2025/04/03 - 12:29:05 | 任务进度轮询开始 
[SYS] 2025/04/03 - 12:29:05 | 任务进度轮询完成 
[SYS] 2025/04/03 - 12:29:10 | batch update started 
[SYS] 2025/04/03 - 12:29:10 | batch update finished 
[SYS] 2025/04/03 - 12:29:15 | batch update started 
[SYS] 2025/04/03 - 12:29:15 | batch update finished 
[SYS] 2025/04/03 - 12:29:20 | batch update started 
[SYS] 2025/04/03 - 12:29:20 | batch update finished 
[SYS] 2025/04/03 - 12:29:20 | 任务进度轮询开始 
[SYS] 2025/04/03 - 12:29:20 | 任务进度轮询完成 
[SYS] 2025/04/03 - 12:29:25 | batch update started 
[SYS] 2025/04/03 - 12:29:25 | batch update finished 
[SYS] 2025/04/03 - 12:29:30 | batch update started 
[SYS] 2025/04/03 - 12:29:30 | batch update finished 
[SYS] 2025/04/03 - 12:29:35 | batch update started 
[SYS] 2025/04/03 - 12:29:35 | batch update finished 
[SYS] 2025/04/03 - 12:29:35 | 任务进度轮询开始 
[SYS] 2025/04/03 - 12:29:35 | 任务进度轮询完成 
[SYS] 2025/04/03 - 12:29:40 | batch update started 
[SYS] 2025/04/03 - 12:29:40 | batch update finished 
[SYS] 2025/04/03 - 12:29:45 | batch update started 
[SYS] 2025/04/03 - 12:29:45 | batch update finished 
[SYS] 2025/04/03 - 12:29:49 | syncing channels from database 
[SYS] 2025/04/03 - 12:29:49 | channels synced from database 
[SYS] 2025/04/03 - 12:29:49 | syncing options from database 
[SYS] 2025/04/03 - 12:29:50 | batch update started 
[SYS] 2025/04/03 - 12:29:50 | batch update finished 
[SYS] 2025/04/03 - 12:29:50 | 任务进度轮询开始 
[SYS] 2025/04/03 - 12:29:50 | 任务进度轮询完成 
[SYS] 2025/04/03 - 12:29:55 | batch update started 
[SYS] 2025/04/03 - 12:29:55 | batch update finished 
[SYS] 2025/04/03 - 12:30:00 | batch update started 
[SYS] 2025/04/03 - 12:30:00 | batch update finished 
[SYS] 2025/04/03 - 12:30:05 | batch update started 
[SYS] 2025/04/03 - 12:30:05 | batch update finished 
[SYS] 2025/04/03 - 12:30:05 | 任务进度轮询开始 
[SYS] 2025/04/03 - 12:30:05 | 任务进度轮询完成 
[SYS] 2025/04/03 - 12:30:10 | batch update started 
[SYS] 2025/04/03 - 12:30:10 | batch update finished 
[SYS] 2025/04/03 - 12:30:15 | batch update started 
[SYS] 2025/04/03 - 12:30:15 | batch update finished 
[SYS] 2025/04/03 - 12:30:20 | batch update started 
[SYS] 2025/04/03 - 12:30:20 | batch update finished 
[SYS] 2025/04/03 - 12:30:20 | 任务进度轮询开始 
[SYS] 2025/04/03 - 12:30:20 | 任务进度轮询完成 
[SYS] 2025/04/03 - 12:30:25 | batch update started 
[SYS] 2025/04/03 - 12:30:25 | batch update finished 
[SYS] 2025/04/03 - 12:30:30 | batch update started 
[SYS] 2025/04/03 - 12:30:30 | batch update finished 
[SYS] 2025/04/03 - 12:30:35 | batch update started 
[SYS] 2025/04/03 - 12:30:35 | batch update finished 
[SYS] 2025/04/03 - 12:30:35 | 任务进度轮询开始 
[SYS] 2025/04/03 - 12:30:35 | 任务进度轮询完成 
[SYS] 2025/04/03 - 12:30:40 | batch update started 
[SYS] 2025/04/03 - 12:30:40 | batch update finished 
[SYS] 2025/04/03 - 12:30:45 | batch update started 
[SYS] 2025/04/03 - 12:30:45 | batch update finished 
[SYS] 2025/04/03 - 12:30:49 | syncing channels from database 
[SYS] 2025/04/03 - 12:30:49 | channels synced from database 
[SYS] 2025/04/03 - 12:30:50 | syncing options from database 
[SYS] 2025/04/03 - 12:30:50 | batch update started 
[SYS] 2025/04/03 - 12:30:50 | batch update finished 
[SYS] 2025/04/03 - 12:30:50 | 任务进度轮询开始 
[SYS] 2025/04/03 - 12:30:50 | 任务进度轮询完成 
[SYS] 2025/04/03 - 12:30:55 | batch update started 
[SYS] 2025/04/03 - 12:30:55 | batch update finished 
[SYS] 2025/04/03 - 12:31:00 | batch update started 
[SYS] 2025/04/03 - 12:31:00 | batch update finished 
[SYS] 2025/04/03 - 12:31:05 | batch update started 
[SYS] 2025/04/03 - 12:31:05 | batch update finished 
[SYS] 2025/04/03 - 12:31:05 | 任务进度轮询开始 
[SYS] 2025/04/03 - 12:31:05 | 任务进度轮询完成 
[SYS] 2025/04/03 - 12:31:10 | batch update started 
[SYS] 2025/04/03 - 12:31:10 | batch update finished 
[SYS] 2025/04/03 - 12:31:15 | batch update started 
[SYS] 2025/04/03 - 12:31:15 | batch update finished 
[SYS] 2025/04/03 - 12:31:20 | batch update started 
[SYS] 2025/04/03 - 12:31:20 | batch update finished 
[SYS] 2025/04/03 - 12:31:20 | 任务进度轮询开始 
[SYS] 2025/04/03 - 12:31:20 | 任务进度轮询完成 
[SYS] 2025/04/03 - 12:31:25 | batch update started 
[SYS] 2025/04/03 - 12:31:25 | batch update finished 
[SYS] 2025/04/03 - 12:31:30 | batch update started 
[SYS] 2025/04/03 - 12:31:30 | batch update finished 
[SYS] 2025/04/03 - 12:31:35 | batch update started 
[SYS] 2025/04/03 - 12:31:35 | batch update finished 
[SYS] 2025/04/03 - 12:31:35 | 任务进度轮询开始 
[SYS] 2025/04/03 - 12:31:35 | 任务进度轮询完成 
[SYS] 2025/04/03 - 12:31:40 | batch update started 
[SYS] 2025/04/03 - 12:31:40 | batch update finished 
[SYS] 2025/04/03 - 12:31:45 | batch update started 
[SYS] 2025/04/03 - 12:31:45 | batch update finished 
[SYS] 2025/04/03 - 12:31:49 | syncing channels from database 
[SYS] 2025/04/03 - 12:31:49 | channels synced from database 
[SYS] 2025/04/03 - 12:31:50 | syncing options from database 
[SYS] 2025/04/03 - 12:31:50 | batch update started 
[SYS] 2025/04/03 - 12:31:50 | batch update finished 
[SYS] 2025/04/03 - 12:31:50 | 任务进度轮询开始 
[SYS] 2025/04/03 - 12:31:50 | 任务进度轮询完成 
[SYS] 2025/04/03 - 12:31:55 | batch update started 
[SYS] 2025/04/03 - 12:31:55 | batch update finished 
[SYS] 2025/04/03 - 12:32:00 | batch update started 
[SYS] 2025/04/03 - 12:32:00 | batch update finished 
[SYS] 2025/04/03 - 12:32:05 | batch update started 
[SYS] 2025/04/03 - 12:32:05 | batch update finished 
[SYS] 2025/04/03 - 12:32:05 | 任务进度轮询开始 
[SYS] 2025/04/03 - 12:32:05 | 任务进度轮询完成 
[SYS] 2025/04/03 - 12:32:10 | batch update started 
[SYS] 2025/04/03 - 12:32:10 | batch update finished 
[SYS] 2025/04/03 - 12:32:15 | batch update started 
[SYS] 2025/04/03 - 12:32:15 | batch update finished 
[SYS] 2025/04/03 - 12:32:20 | batch update started 
[SYS] 2025/04/03 - 12:32:20 | batch update finished 
[SYS] 2025/04/03 - 12:32:20 | 任务进度轮询开始 
[SYS] 2025/04/03 - 12:32:20 | 任务进度轮询完成 
[SYS] 2025/04/03 - 12:32:25 | batch update started 
[SYS] 2025/04/03 - 12:32:25 | batch update finished 
[SYS] 2025/04/03 - 12:32:30 | batch update started 
[SYS] 2025/04/03 - 12:32:30 | batch update finished 
[SYS] 2025/04/03 - 12:32:35 | batch update started 
[SYS] 2025/04/03 - 12:32:35 | batch update finished 
[SYS] 2025/04/03 - 12:32:35 | 任务进度轮询开始 
[SYS] 2025/04/03 - 12:32:35 | 任务进度轮询完成 
[SYS] 2025/04/03 - 12:32:40 | batch update started 
[SYS] 2025/04/03 - 12:32:40 | batch update finished 
[SYS] 2025/04/03 - 12:32:45 | batch update started 
[SYS] 2025/04/03 - 12:32:45 | batch update finished 
[SYS] 2025/04/03 - 12:32:49 | syncing channels from database 
[SYS] 2025/04/03 - 12:32:49 | channels synced from database 
[SYS] 2025/04/03 - 12:32:50 | syncing options from database 
[SYS] 2025/04/03 - 12:32:50 | batch update started 
[SYS] 2025/04/03 - 12:32:50 | batch update finished 
[SYS] 2025/04/03 - 12:32:50 | 任务进度轮询开始 
[SYS] 2025/04/03 - 12:32:50 | 任务进度轮询完成 
[SYS] 2025/04/03 - 12:32:55 | batch update started 
[SYS] 2025/04/03 - 12:32:55 | batch update finished 
[SYS] 2025/04/03 - 12:33:00 | batch update started 
[SYS] 2025/04/03 - 12:33:00 | batch update finished 
[SYS] 2025/04/03 - 12:33:05 | batch update started 
[SYS] 2025/04/03 - 12:33:05 | batch update finished 
[SYS] 2025/04/03 - 12:33:05 | 任务进度轮询开始 
[SYS] 2025/04/03 - 12:33:05 | 任务进度轮询完成 
[SYS] 2025/04/03 - 12:33:10 | batch update started 
[SYS] 2025/04/03 - 12:33:10 | batch update finished 
[SYS] 2025/04/03 - 12:33:15 | batch update started 
[SYS] 2025/04/03 - 12:33:15 | batch update finished 
[SYS] 2025/04/03 - 12:33:20 | batch update started 
[SYS] 2025/04/03 - 12:33:20 | batch update finished 
[SYS] 2025/04/03 - 12:33:20 | 任务进度轮询开始 
[SYS] 2025/04/03 - 12:33:20 | 任务进度轮询完成 
[SYS] 2025/04/03 - 12:33:25 | batch update started 
[SYS] 2025/04/03 - 12:33:25 | batch update finished 
[SYS] 2025/04/03 - 12:33:30 | batch update started 
[SYS] 2025/04/03 - 12:33:30 | batch update finished 
[SYS] 2025/04/03 - 12:33:35 | batch update started 
[SYS] 2025/04/03 - 12:33:35 | batch update finished 
[SYS] 2025/04/03 - 12:33:35 | 任务进度轮询开始 
[SYS] 2025/04/03 - 12:33:35 | 任务进度轮询完成 
[SYS] 2025/04/03 - 12:33:40 | batch update started 
[SYS] 2025/04/03 - 12:33:40 | batch update finished 
[SYS] 2025/04/03 - 12:33:45 | batch update started 
[SYS] 2025/04/03 - 12:33:45 | batch update finished 
[SYS] 2025/04/03 - 12:33:49 | 正在更新数据看板数据... 
[SYS] 2025/04/03 - 12:33:49 | 保存数据看板数据成功，共保存0条数据 
[SYS] 2025/04/03 - 12:33:49 | syncing channels from database 
[SYS] 2025/04/03 - 12:33:49 | channels synced from database 
[SYS] 2025/04/03 - 12:33:50 | syncing options from database 
[SYS] 2025/04/03 - 12:33:50 | batch update started 
[SYS] 2025/04/03 - 12:33:50 | batch update finished 
[SYS] 2025/04/03 - 12:33:50 | 任务进度轮询开始 
[SYS] 2025/04/03 - 12:33:50 | 任务进度轮询完成 
[SYS] 2025/04/03 - 12:33:55 | batch update started 
[SYS] 2025/04/03 - 12:33:55 | batch update finished 
[SYS] 2025/04/03 - 12:34:00 | batch update started 
[SYS] 2025/04/03 - 12:34:00 | batch update finished 
[SYS] 2025/04/03 - 12:34:05 | batch update started 
[SYS] 2025/04/03 - 12:34:05 | batch update finished 
[SYS] 2025/04/03 - 12:34:05 | 任务进度轮询开始 
[SYS] 2025/04/03 - 12:34:05 | 任务进度轮询完成 
[SYS] 2025/04/03 - 12:34:10 | batch update started 
[SYS] 2025/04/03 - 12:34:10 | batch update finished 
[SYS] 2025/04/03 - 12:34:15 | batch update started 
[SYS] 2025/04/03 - 12:34:15 | batch update finished 
[SYS] 2025/04/03 - 12:34:20 | batch update started 
[SYS] 2025/04/03 - 12:34:20 | batch update finished 
[SYS] 2025/04/03 - 12:34:20 | 任务进度轮询开始 
[SYS] 2025/04/03 - 12:34:20 | 任务进度轮询完成 
[SYS] 2025/04/03 - 12:34:25 | batch update started 
[SYS] 2025/04/03 - 12:34:25 | batch update finished 
[SYS] 2025/04/03 - 12:34:30 | batch update started 
[SYS] 2025/04/03 - 12:34:30 | batch update finished 
[SYS] 2025/04/03 - 12:34:35 | batch update started 
[SYS] 2025/04/03 - 12:34:35 | batch update finished 
[SYS] 2025/04/03 - 12:34:35 | 任务进度轮询开始 
[SYS] 2025/04/03 - 12:34:35 | 任务进度轮询完成 
[SYS] 2025/04/03 - 12:34:40 | batch update started 
[SYS] 2025/04/03 - 12:34:40 | batch update finished 
[SYS] 2025/04/03 - 12:34:45 | batch update started 
[SYS] 2025/04/03 - 12:34:45 | batch update finished 
[SYS] 2025/04/03 - 12:34:49 | syncing channels from database 
[SYS] 2025/04/03 - 12:34:49 | channels synced from database 
[SYS] 2025/04/03 - 12:34:50 | syncing options from database 
[SYS] 2025/04/03 - 12:34:50 | batch update started 
[SYS] 2025/04/03 - 12:34:50 | batch update finished 
[SYS] 2025/04/03 - 12:34:50 | 任务进度轮询开始 
[SYS] 2025/04/03 - 12:34:50 | 任务进度轮询完成 
[SYS] 2025/04/03 - 12:34:55 | batch update started 
[SYS] 2025/04/03 - 12:34:55 | batch update finished 
[SYS] 2025/04/03 - 12:35:00 | batch update started 
[SYS] 2025/04/03 - 12:35:00 | batch update finished 
[SYS] 2025/04/03 - 12:35:05 | batch update started 
[SYS] 2025/04/03 - 12:35:05 | batch update finished 
[SYS] 2025/04/03 - 12:35:05 | 任务进度轮询开始 
[SYS] 2025/04/03 - 12:35:05 | 任务进度轮询完成 
[SYS] 2025/04/03 - 12:35:10 | batch update started 
[SYS] 2025/04/03 - 12:35:10 | batch update finished 
[SYS] 2025/04/03 - 12:35:15 | batch update started 
[SYS] 2025/04/03 - 12:35:15 | batch update finished 
[SYS] 2025/04/03 - 12:35:20 | batch update started 
[SYS] 2025/04/03 - 12:35:20 | batch update finished 
[SYS] 2025/04/03 - 12:35:20 | 任务进度轮询开始 
[SYS] 2025/04/03 - 12:35:20 | 任务进度轮询完成 
[SYS] 2025/04/03 - 12:35:25 | batch update started 
[SYS] 2025/04/03 - 12:35:25 | batch update finished 
[SYS] 2025/04/03 - 12:35:30 | batch update started 
[SYS] 2025/04/03 - 12:35:30 | batch update finished 
[SYS] 2025/04/03 - 12:35:35 | batch update started 
[SYS] 2025/04/03 - 12:35:35 | batch update finished 
[SYS] 2025/04/03 - 12:35:35 | 任务进度轮询开始 
[SYS] 2025/04/03 - 12:35:35 | 任务进度轮询完成 
[SYS] 2025/04/03 - 12:35:40 | batch update started 
[SYS] 2025/04/03 - 12:35:40 | batch update finished 
[SYS] 2025/04/03 - 12:35:45 | batch update started 
[SYS] 2025/04/03 - 12:35:45 | batch update finished 
[SYS] 2025/04/03 - 12:35:49 | syncing channels from database 
[SYS] 2025/04/03 - 12:35:49 | channels synced from database 
[SYS] 2025/04/03 - 12:35:50 | syncing options from database 
[SYS] 2025/04/03 - 12:35:50 | batch update started 
[SYS] 2025/04/03 - 12:35:50 | batch update finished 
[SYS] 2025/04/03 - 12:35:50 | 任务进度轮询开始 
[SYS] 2025/04/03 - 12:35:50 | 任务进度轮询完成 
[SYS] 2025/04/03 - 12:35:55 | batch update started 
[SYS] 2025/04/03 - 12:35:55 | batch update finished 
[SYS] 2025/04/03 - 12:36:00 | batch update started 
[SYS] 2025/04/03 - 12:36:00 | batch update finished 
[SYS] 2025/04/03 - 12:36:05 | batch update started 
[SYS] 2025/04/03 - 12:36:05 | batch update finished 
[SYS] 2025/04/03 - 12:36:05 | 任务进度轮询开始 
[SYS] 2025/04/03 - 12:36:05 | 任务进度轮询完成 
[SYS] 2025/04/03 - 12:36:10 | batch update started 
[SYS] 2025/04/03 - 12:36:10 | batch update finished 
[SYS] 2025/04/03 - 12:36:15 | batch update started 
[SYS] 2025/04/03 - 12:36:15 | batch update finished 
[SYS] 2025/04/03 - 12:36:20 | batch update started 
[SYS] 2025/04/03 - 12:36:20 | batch update finished 
[SYS] 2025/04/03 - 12:36:20 | 任务进度轮询开始 
[SYS] 2025/04/03 - 12:36:20 | 任务进度轮询完成 
[SYS] 2025/04/03 - 12:36:25 | batch update started 
[SYS] 2025/04/03 - 12:36:25 | batch update finished 
[SYS] 2025/04/03 - 12:36:30 | batch update started 
[SYS] 2025/04/03 - 12:36:30 | batch update finished 
[SYS] 2025/04/03 - 12:36:35 | batch update started 
[SYS] 2025/04/03 - 12:36:35 | batch update finished 
[SYS] 2025/04/03 - 12:36:35 | 任务进度轮询开始 
[SYS] 2025/04/03 - 12:36:35 | 任务进度轮询完成 
[SYS] 2025/04/03 - 12:36:40 | batch update started 
[SYS] 2025/04/03 - 12:36:40 | batch update finished 
[SYS] 2025/04/03 - 12:36:45 | batch update started 
[SYS] 2025/04/03 - 12:36:45 | batch update finished 
[SYS] 2025/04/03 - 12:36:49 | syncing channels from database 
[SYS] 2025/04/03 - 12:36:49 | channels synced from database 
[SYS] 2025/04/03 - 12:36:50 | syncing options from database 
[SYS] 2025/04/03 - 12:36:50 | batch update started 
[SYS] 2025/04/03 - 12:36:50 | batch update finished 
[SYS] 2025/04/03 - 12:36:50 | 任务进度轮询开始 
[SYS] 2025/04/03 - 12:36:50 | 任务进度轮询完成 
[SYS] 2025/04/03 - 12:36:55 | batch update started 
[SYS] 2025/04/03 - 12:36:55 | batch update finished 
[SYS] 2025/04/03 - 12:37:00 | batch update started 
[SYS] 2025/04/03 - 12:37:00 | batch update finished 
[SYS] 2025/04/03 - 12:37:05 | batch update started 
[SYS] 2025/04/03 - 12:37:05 | batch update finished 
[SYS] 2025/04/03 - 12:37:05 | 任务进度轮询开始 
[SYS] 2025/04/03 - 12:37:05 | 任务进度轮询完成 
[SYS] 2025/04/03 - 12:37:10 | batch update started 
[SYS] 2025/04/03 - 12:37:10 | batch update finished 
[SYS] 2025/04/03 - 12:37:15 | batch update started 
[SYS] 2025/04/03 - 12:37:15 | batch update finished 
[SYS] 2025/04/03 - 12:37:20 | batch update started 
[SYS] 2025/04/03 - 12:37:20 | batch update finished 
[SYS] 2025/04/03 - 12:37:20 | 任务进度轮询开始 
[SYS] 2025/04/03 - 12:37:20 | 任务进度轮询完成 
[SYS] 2025/04/03 - 12:37:25 | batch update started 
[SYS] 2025/04/03 - 12:37:25 | batch update finished 
[SYS] 2025/04/03 - 12:37:30 | batch update started 
[SYS] 2025/04/03 - 12:37:30 | batch update finished 
[SYS] 2025/04/03 - 12:37:35 | batch update started 
[SYS] 2025/04/03 - 12:37:35 | batch update finished 
[SYS] 2025/04/03 - 12:37:36 | 任务进度轮询开始 
[SYS] 2025/04/03 - 12:37:36 | 任务进度轮询完成 
[SYS] 2025/04/03 - 12:37:40 | batch update started 
[SYS] 2025/04/03 - 12:37:40 | batch update finished 
[SYS] 2025/04/03 - 12:37:45 | batch update started 
[SYS] 2025/04/03 - 12:37:45 | batch update finished 
[SYS] 2025/04/03 - 12:37:49 | syncing channels from database 
[SYS] 2025/04/03 - 12:37:49 | channels synced from database 
[SYS] 2025/04/03 - 12:37:50 | syncing options from database 
[SYS] 2025/04/03 - 12:37:50 | batch update started 
[SYS] 2025/04/03 - 12:37:50 | batch update finished 
[SYS] 2025/04/03 - 12:37:51 | 任务进度轮询开始 
[SYS] 2025/04/03 - 12:37:51 | 任务进度轮询完成 
[SYS] 2025/04/03 - 12:37:55 | batch update started 
[SYS] 2025/04/03 - 12:37:55 | batch update finished 
[SYS] 2025/04/03 - 12:38:00 | batch update started 
[SYS] 2025/04/03 - 12:38:00 | batch update finished 
[SYS] 2025/04/03 - 12:38:05 | batch update started 
[SYS] 2025/04/03 - 12:38:05 | batch update finished 
[SYS] 2025/04/03 - 12:38:06 | 任务进度轮询开始 
[SYS] 2025/04/03 - 12:38:06 | 任务进度轮询完成 
[SYS] 2025/04/03 - 12:38:10 | batch update started 
[SYS] 2025/04/03 - 12:38:10 | batch update finished 
[SYS] 2025/04/03 - 12:38:15 | batch update started 
[SYS] 2025/04/03 - 12:38:15 | batch update finished 
[SYS] 2025/04/03 - 12:38:20 | batch update started 
[SYS] 2025/04/03 - 12:38:20 | batch update finished 
[SYS] 2025/04/03 - 12:38:21 | 任务进度轮询开始 
[SYS] 2025/04/03 - 12:38:21 | 任务进度轮询完成 
[SYS] 2025/04/03 - 12:38:25 | batch update started 
[SYS] 2025/04/03 - 12:38:25 | batch update finished 
[SYS] 2025/04/03 - 12:38:30 | batch update started 
[SYS] 2025/04/03 - 12:38:30 | batch update finished 
[SYS] 2025/04/03 - 12:38:35 | batch update started 
[SYS] 2025/04/03 - 12:38:35 | batch update finished 
[SYS] 2025/04/03 - 12:38:36 | 任务进度轮询开始 
[SYS] 2025/04/03 - 12:38:36 | 任务进度轮询完成 
[SYS] 2025/04/03 - 12:38:40 | batch update started 
[SYS] 2025/04/03 - 12:38:40 | batch update finished 
[SYS] 2025/04/03 - 12:38:45 | batch update started 
[SYS] 2025/04/03 - 12:38:45 | batch update finished 
[SYS] 2025/04/03 - 12:38:49 | 正在更新数据看板数据... 
[SYS] 2025/04/03 - 12:38:49 | 保存数据看板数据成功，共保存0条数据 
[SYS] 2025/04/03 - 12:38:49 | testing all channels 
[SYS] 2025/04/03 - 12:38:49 | channel test finished 
[SYS] 2025/04/03 - 12:38:49 | syncing channels from database 
[SYS] 2025/04/03 - 12:38:49 | channels synced from database 
[SYS] 2025/04/03 - 12:38:50 | syncing options from database 
[SYS] 2025/04/03 - 12:38:50 | batch update started 
[SYS] 2025/04/03 - 12:38:50 | batch update finished 
[SYS] 2025/04/03 - 12:38:51 | 任务进度轮询开始 
[SYS] 2025/04/03 - 12:38:51 | 任务进度轮询完成 
[SYS] 2025/04/03 - 12:38:55 | batch update started 
[SYS] 2025/04/03 - 12:38:55 | batch update finished 
[SYS] 2025/04/03 - 12:39:00 | batch update started 
[SYS] 2025/04/03 - 12:39:00 | batch update finished 
[SYS] 2025/04/03 - 12:39:05 | batch update started 
[SYS] 2025/04/03 - 12:39:05 | batch update finished 
[SYS] 2025/04/03 - 12:39:06 | 任务进度轮询开始 
[SYS] 2025/04/03 - 12:39:06 | 任务进度轮询完成 
