[SYS] 2025/03/30 - 23:07:33 | New API v0.0.0 started 
[SYS] 2025/03/30 - 23:07:33 | using MySQL as database 
[SYS] 2025/03/30 - 23:07:34 | database migration started 
[SYS] 2025/03/30 - 23:07:34 | database migrated 
[SYS] 2025/03/30 - 23:07:34 | using MySQL as database 
[SYS] 2025/03/30 - 23:07:34 | database migration started 
[SYS] 2025/03/30 - 23:07:34 | Redis is enabled 
[SYS] 2025/03/30 - 23:07:34 | memory cache enabled 
[SYS] 2025/03/30 - 23:07:34 | sync frequency: 60 seconds 
[SYS] 2025/03/30 - 23:07:34 | channels synced from database 
[SYS] 2025/03/30 - 23:07:34 | batch update enabled with interval 5s 
[SYS] 2025/03/30 - 23:07:34 | pprof enabled 
[SYS] 2025/03/30 - 23:07:34 | 正在更新数据看板数据... 
[SYS] 2025/03/30 - 23:07:34 | initializing token encoders 
[SYS] 2025/03/30 - 23:07:34 | 保存数据看板数据成功，共保存0条数据 
[SYS] 2025/03/30 - 23:07:35 | token encoders initialized 
[SYS] 2025/03/30 - 23:07:35 | FRONTEND_BASE_URL is ignored on master node 
[GIN] 2025/03/30 - 23:07:38 | 20250330230738145168970juLeBvVl | 200 |     19.9966ms |             ::1 |     GET /login
[GIN] 2025/03/30 - 23:07:39 | 20250330230739414459078eqgaXJXl | 200 |  174.064259ms |             ::1 |     GET /api/status
[SYS] 2025/03/30 - 23:07:39 | batch update started 
[SYS] 2025/03/30 - 23:07:39 | batch update finished 
[SYS] 2025/03/30 - 23:07:44 | batch update started 
[SYS] 2025/03/30 - 23:07:44 | batch update finished 
[SYS] 2025/03/30 - 23:07:47 | 任务进度轮询开始 
[SYS] 2025/03/30 - 23:07:47 | batch update started 
[SYS] 2025/03/30 - 23:07:47 | batch update finished 
[SYS] 2025/03/30 - 23:07:47 | 任务进度轮询完成 
[SYS] 2025/03/30 - 23:07:52 | batch update started 
[SYS] 2025/03/30 - 23:07:52 | batch update finished 
[SYS] 2025/03/30 - 23:07:57 | batch update started 
[SYS] 2025/03/30 - 23:07:57 | batch update finished 
[SYS] 2025/03/30 - 23:08:02 | 任务进度轮询开始 
[SYS] 2025/03/30 - 23:08:02 | batch update started 
[SYS] 2025/03/30 - 23:08:02 | batch update finished 
[SYS] 2025/03/30 - 23:08:03 | 任务进度轮询完成 
[SYS] 2025/03/30 - 23:08:07 | batch update started 
[SYS] 2025/03/30 - 23:08:07 | batch update finished 
[SYS] 2025/03/30 - 23:08:11 | batch update started 
[SYS] 2025/03/30 - 23:08:11 | batch update finished 
[GIN] 2025/03/30 - 23:08:12 | 202503302308126713095264yJTD2sH | 200 |  1.091764012s |             ::1 |     GET /login
[GIN] 2025/03/30 - 23:08:13 | 20250330230813783898065JV4txHaI | 200 |  188.565397ms |             ::1 |     GET /assets/react-core-DpH4LOSy.js
[GIN] 2025/03/30 - 23:08:14 | 20250330230813980407150hqp5LzbP | 200 |  124.148878ms |             ::1 |     GET /assets/react-components-BRi9inch.js
[GIN] 2025/03/30 - 23:08:14 | 202503302308137354047105Wbsrz21 | 200 |   439.21268ms |             ::1 |     GET /assets/index-Dlj_tHw2.js
[GIN] 2025/03/30 - 23:08:14 | 20250330230814132506138Fv2DpWJa | 200 |   53.509005ms |             ::1 |     GET /assets/i18n-BxeGqGqW.js
[GIN] 2025/03/30 - 23:08:14 | 20250330230814186568361eS4jXSRE | 200 |   66.401566ms |             ::1 |     GET /assets/semantic-CNjhwsQN.js
[GIN] 2025/03/30 - 23:08:14 | 20250330230814406981186j35rOgRt | 200 |  153.790132ms |             ::1 |     GET /assets/tools-OB6rbXpn.js
[GIN] 2025/03/30 - 23:08:14 | 202503302308142829102821IoCuT1u | 200 |  650.106835ms |             ::1 |     GET /assets/semi-ui-Jq3oSxx4.css
[GIN] 2025/03/30 - 23:08:14 | 20250330230814444451865xc1iX43x | 200 |  520.404883ms |             ::1 |     GET /assets/index-AeaT-tDw.css
[GIN] 2025/03/30 - 23:08:15 | 20250330230814339690012brygSH8m | 200 |  955.506815ms |             ::1 |     GET /assets/semi-ui-7dVDupzr.js
[GIN] 2025/03/30 - 23:08:15 | 20250330230815913494522sxDjrh2E | 200 |   13.499461ms |             ::1 |     GET /logo.png
[GIN] 2025/03/30 - 23:08:16 | 20250330230816314571042IklDg8JR | 200 |   44.223959ms |             ::1 |     GET /api/status
[GIN] 2025/03/30 - 23:08:16 | 202503302308163243359319AnaFIpP | 200 |    37.01153ms |             ::1 |     GET /assets/lato-v15-latin-regular-CNtt3gFW.woff2
[SYS] 2025/03/30 - 23:08:16 | batch update started 
[SYS] 2025/03/30 - 23:08:16 | batch update finished 
[SYS] 2025/03/30 - 23:08:16 | 任务进度轮询开始 
[SYS] 2025/03/30 - 23:08:16 | 任务进度轮询完成 
[SYS] 2025/03/30 - 23:08:21 | batch update started 
[SYS] 2025/03/30 - 23:08:21 | batch update finished 
[SYS] 2025/03/30 - 23:08:26 | batch update started 
[SYS] 2025/03/30 - 23:08:26 | batch update finished 
[SYS] 2025/03/30 - 23:08:29 | syncing options from database 
[SYS] 2025/03/30 - 23:08:29 | syncing channels from database 
[SYS] 2025/03/30 - 23:08:30 | channels synced from database 
[SYS] 2025/03/30 - 23:08:31 | batch update started 
[SYS] 2025/03/30 - 23:08:31 | batch update finished 
[SYS] 2025/03/30 - 23:08:31 | 任务进度轮询开始 
[SYS] 2025/03/30 - 23:08:31 | 任务进度轮询完成 
[SYS] 2025/03/30 - 23:08:36 | batch update started 
[SYS] 2025/03/30 - 23:08:36 | batch update finished 
[SYS] 2025/03/30 - 23:08:39 | batch update started 
[SYS] 2025/03/30 - 23:08:39 | batch update finished 
[SYS] 2025/03/30 - 23:08:44 | batch update started 
[SYS] 2025/03/30 - 23:08:44 | batch update finished 
[SYS] 2025/03/30 - 23:08:45 | 任务进度轮询开始 
[SYS] 2025/03/30 - 23:08:45 | 任务进度轮询完成 
