[SYS] 2025/03/31 - 00:04:07 | New API v0.0.0 started 
[SYS] 2025/03/31 - 00:04:07 | using MySQL as database 
[SYS] 2025/03/31 - 00:04:07 | database migration started 
[SYS] 2025/03/31 - 00:04:07 | database migrated 
[SYS] 2025/03/31 - 00:04:07 | using MySQL as database 
[SYS] 2025/03/31 - 00:04:07 | database migration started 
[SYS] 2025/03/31 - 00:04:07 | Redis is enabled 
[SYS] 2025/03/31 - 00:04:07 | memory cache enabled 
[SYS] 2025/03/31 - 00:04:07 | sync frequency: 60 seconds 
[SYS] 2025/03/31 - 00:04:07 | channels synced from database 
[SYS] 2025/03/31 - 00:04:07 | batch update enabled with interval 5s 
[SYS] 2025/03/31 - 00:04:07 | 正在更新数据看板数据... 
[SYS] 2025/03/31 - 00:04:07 | 保存数据看板数据成功，共保存0条数据 
[SYS] 2025/03/31 - 00:04:07 | pprof enabled 
[SYS] 2025/03/31 - 00:04:07 | initializing token encoders 
[SYS] 2025/03/31 - 00:04:08 | token encoders initialized 
[SYS] 2025/03/31 - 00:04:08 | FRONTEND_BASE_URL is ignored on master node 
[GIN] 2025/03/31 - 00:04:10 | 20250331000410117510527MVFZKyEJ | 200 |  280.997817ms |             ::1 |     GET /login
[GIN] 2025/03/31 - 00:04:10 | 20250331000410627898977MEmAPlII | 200 |  236.159625ms |             ::1 |     GET /assets/index-B6XwMgYB.js
[SYS] 2025/03/31 - 00:04:12 | batch update started 
[SYS] 2025/03/31 - 00:04:12 | batch update finished 
[GIN] 2025/03/31 - 00:04:14 | 20250331000414340424894HpqQaqVY | 200 |    1.227309ms |             ::1 |     GET /api/status
[SYS] 2025/03/31 - 00:04:17 | batch update started 
[SYS] 2025/03/31 - 00:04:17 | batch update finished 
[SYS] 2025/03/31 - 00:04:22 | batch update started 
[SYS] 2025/03/31 - 00:04:22 | batch update finished 
[SYS] 2025/03/31 - 00:04:22 | 任务进度轮询开始 
[SYS] 2025/03/31 - 00:04:22 | 任务进度轮询完成 
[SYS] 2025/03/31 - 00:04:27 | batch update started 
[SYS] 2025/03/31 - 00:04:27 | batch update finished 
[SYS] 2025/03/31 - 00:04:32 | batch update started 
[SYS] 2025/03/31 - 00:04:32 | batch update finished 
[SYS] 2025/03/31 - 00:04:35 | batch update started 
[SYS] 2025/03/31 - 00:04:35 | batch update finished 
[SYS] 2025/03/31 - 00:04:35 | 任务进度轮询开始 
[SYS] 2025/03/31 - 00:04:35 | 任务进度轮询完成 
[GIN] 2025/03/31 - 00:04:40 | 20250331000440302048006MzmCdDIu | 307 |        62.4µs |             ::1 |     GET /auth/google/login
[SYS] 2025/03/31 - 00:04:40 | batch update started 
[SYS] 2025/03/31 - 00:04:40 | batch update finished 
[SYS] 2025/03/31 - 00:04:45 | batch update started 
[SYS] 2025/03/31 - 00:04:45 | batch update finished 
[SYS] 2025/03/31 - 00:04:50 | batch update started 
[SYS] 2025/03/31 - 00:04:50 | batch update finished 
[SYS] 2025/03/31 - 00:04:50 | 任务进度轮询开始 
[SYS] 2025/03/31 - 00:04:50 | 任务进度轮询完成 
[SYS] 2025/03/31 - 00:04:55 | batch update started 
[SYS] 2025/03/31 - 00:04:55 | batch update finished 
[SYS] 2025/03/31 - 00:05:00 | batch update started 
[SYS] 2025/03/31 - 00:05:00 | batch update finished 
[SYS] 2025/03/31 - 00:05:03 | syncing channels from database 
[SYS] 2025/03/31 - 00:05:03 | syncing options from database 
[SYS] 2025/03/31 - 00:05:03 | channels synced from database 
[SYS] 2025/03/31 - 00:05:03 | batch update started 
[SYS] 2025/03/31 - 00:05:03 | batch update finished 
[SYS] 2025/03/31 - 00:05:03 | 任务进度轮询开始 
[SYS] 2025/03/31 - 00:05:03 | 任务进度轮询完成 
[SYS] 2025/03/31 - 00:05:08 | batch update started 
[SYS] 2025/03/31 - 00:05:08 | batch update finished 
[SYS] 2025/03/31 - 00:05:13 | batch update started 
[SYS] 2025/03/31 - 00:05:13 | batch update finished 
[SYS] 2025/03/31 - 00:05:18 | batch update started 
[SYS] 2025/03/31 - 00:05:18 | batch update finished 
[SYS] 2025/03/31 - 00:05:18 | 任务进度轮询开始 
[SYS] 2025/03/31 - 00:05:18 | 任务进度轮询完成 
[SYS] 2025/03/31 - 00:05:23 | batch update started 
[SYS] 2025/03/31 - 00:05:23 | batch update finished 
[SYS] 2025/03/31 - 00:05:28 | batch update started 
[SYS] 2025/03/31 - 00:05:28 | batch update finished 
[SYS] 2025/03/31 - 00:05:31 | batch update started 
[SYS] 2025/03/31 - 00:05:31 | batch update finished 
[SYS] 2025/03/31 - 00:05:31 | 任务进度轮询开始 
[SYS] 2025/03/31 - 00:05:31 | 任务进度轮询完成 
[SYS] 2025/03/31 - 00:05:36 | batch update started 
[SYS] 2025/03/31 - 00:05:36 | batch update finished 
[SYS] 2025/03/31 - 00:05:41 | batch update started 
[SYS] 2025/03/31 - 00:05:41 | batch update finished 
[SYS] 2025/03/31 - 00:05:46 | batch update started 
[SYS] 2025/03/31 - 00:05:46 | batch update finished 
[SYS] 2025/03/31 - 00:05:46 | 任务进度轮询开始 
[SYS] 2025/03/31 - 00:05:46 | 任务进度轮询完成 
[SYS] 2025/03/31 - 00:05:51 | batch update started 
[SYS] 2025/03/31 - 00:05:51 | batch update finished 
[SYS] 2025/03/31 - 00:05:56 | batch update started 
[SYS] 2025/03/31 - 00:05:56 | batch update finished 
[SYS] 2025/03/31 - 00:05:58 | syncing channels from database 
[SYS] 2025/03/31 - 00:05:58 | syncing options from database 
[SYS] 2025/03/31 - 00:05:58 | channels synced from database 
[SYS] 2025/03/31 - 00:05:58 | batch update started 
[SYS] 2025/03/31 - 00:05:58 | batch update finished 
[SYS] 2025/03/31 - 00:05:58 | 任务进度轮询开始 
[SYS] 2025/03/31 - 00:05:58 | 任务进度轮询完成 
[SYS] 2025/03/31 - 00:06:03 | batch update started 
[SYS] 2025/03/31 - 00:06:03 | batch update finished 
[SYS] 2025/03/31 - 00:06:08 | batch update started 
[SYS] 2025/03/31 - 00:06:08 | batch update finished 
[SYS] 2025/03/31 - 00:06:13 | batch update started 
[SYS] 2025/03/31 - 00:06:13 | batch update finished 
[SYS] 2025/03/31 - 00:06:13 | 任务进度轮询开始 
[SYS] 2025/03/31 - 00:06:13 | 任务进度轮询完成 
[SYS] 2025/03/31 - 00:06:18 | batch update started 
[SYS] 2025/03/31 - 00:06:18 | batch update finished 
[SYS] 2025/03/31 - 00:06:23 | batch update started 
[SYS] 2025/03/31 - 00:06:23 | batch update finished 
[SYS] 2025/03/31 - 00:06:26 | batch update started 
[SYS] 2025/03/31 - 00:06:26 | batch update finished 
[SYS] 2025/03/31 - 00:06:26 | 任务进度轮询开始 
[SYS] 2025/03/31 - 00:06:26 | 任务进度轮询完成 
[SYS] 2025/03/31 - 00:06:31 | batch update started 
[SYS] 2025/03/31 - 00:06:31 | batch update finished 
[SYS] 2025/03/31 - 00:06:36 | batch update started 
[SYS] 2025/03/31 - 00:06:36 | batch update finished 
[SYS] 2025/03/31 - 00:06:41 | 任务进度轮询开始 
[SYS] 2025/03/31 - 00:06:41 | 任务进度轮询完成 
[SYS] 2025/03/31 - 00:06:41 | batch update started 
[SYS] 2025/03/31 - 00:06:41 | batch update finished 
[SYS] 2025/03/31 - 00:06:46 | batch update started 
[SYS] 2025/03/31 - 00:06:46 | batch update finished 
[SYS] 2025/03/31 - 00:06:51 | batch update started 
[SYS] 2025/03/31 - 00:06:51 | batch update finished 
[SYS] 2025/03/31 - 00:06:54 | syncing options from database 
[SYS] 2025/03/31 - 00:06:54 | syncing channels from database 
[SYS] 2025/03/31 - 00:06:54 | channels synced from database 
[SYS] 2025/03/31 - 00:06:54 | 任务进度轮询开始 
[SYS] 2025/03/31 - 00:06:54 | 任务进度轮询完成 
[SYS] 2025/03/31 - 00:06:54 | batch update started 
[SYS] 2025/03/31 - 00:06:54 | batch update finished 
[SYS] 2025/03/31 - 00:06:59 | batch update started 
[SYS] 2025/03/31 - 00:06:59 | batch update finished 
[SYS] 2025/03/31 - 00:07:04 | batch update started 
[SYS] 2025/03/31 - 00:07:04 | batch update finished 
[SYS] 2025/03/31 - 00:07:09 | 任务进度轮询开始 
[SYS] 2025/03/31 - 00:07:09 | 任务进度轮询完成 
[SYS] 2025/03/31 - 00:07:09 | batch update started 
[SYS] 2025/03/31 - 00:07:09 | batch update finished 
[SYS] 2025/03/31 - 00:07:14 | batch update started 
[SYS] 2025/03/31 - 00:07:14 | batch update finished 
[SYS] 2025/03/31 - 00:07:19 | batch update started 
[SYS] 2025/03/31 - 00:07:19 | batch update finished 
[SYS] 2025/03/31 - 00:07:21 | 任务进度轮询开始 
[SYS] 2025/03/31 - 00:07:21 | 任务进度轮询完成 
[SYS] 2025/03/31 - 00:07:21 | batch update started 
[SYS] 2025/03/31 - 00:07:21 | batch update finished 
[SYS] 2025/03/31 - 00:07:26 | batch update started 
[SYS] 2025/03/31 - 00:07:26 | batch update finished 
[SYS] 2025/03/31 - 00:07:31 | batch update started 
[SYS] 2025/03/31 - 00:07:31 | batch update finished 
[SYS] 2025/03/31 - 00:07:36 | 任务进度轮询开始 
[SYS] 2025/03/31 - 00:07:36 | 任务进度轮询完成 
[SYS] 2025/03/31 - 00:07:36 | batch update started 
[SYS] 2025/03/31 - 00:07:36 | batch update finished 
[SYS] 2025/03/31 - 00:07:41 | batch update started 
[SYS] 2025/03/31 - 00:07:41 | batch update finished 
[SYS] 2025/03/31 - 00:07:46 | batch update started 
[SYS] 2025/03/31 - 00:07:46 | batch update finished 
[SYS] 2025/03/31 - 00:07:49 | syncing options from database 
[SYS] 2025/03/31 - 00:07:49 | syncing channels from database 
[SYS] 2025/03/31 - 00:07:49 | channels synced from database 
[SYS] 2025/03/31 - 00:07:49 | 任务进度轮询开始 
[SYS] 2025/03/31 - 00:07:49 | 任务进度轮询完成 
[SYS] 2025/03/31 - 00:07:49 | batch update started 
[SYS] 2025/03/31 - 00:07:49 | batch update finished 
[SYS] 2025/03/31 - 00:07:54 | batch update started 
[SYS] 2025/03/31 - 00:07:54 | batch update finished 
[SYS] 2025/03/31 - 00:07:59 | batch update started 
[SYS] 2025/03/31 - 00:07:59 | batch update finished 
[SYS] 2025/03/31 - 00:08:04 | 任务进度轮询开始 
[SYS] 2025/03/31 - 00:08:04 | 任务进度轮询完成 
[SYS] 2025/03/31 - 00:08:04 | batch update started 
[SYS] 2025/03/31 - 00:08:04 | batch update finished 
[SYS] 2025/03/31 - 00:08:09 | batch update started 
[SYS] 2025/03/31 - 00:08:09 | batch update finished 
[SYS] 2025/03/31 - 00:08:14 | batch update started 
[SYS] 2025/03/31 - 00:08:14 | batch update finished 
[SYS] 2025/03/31 - 00:08:17 | 任务进度轮询开始 
[SYS] 2025/03/31 - 00:08:17 | 任务进度轮询完成 
[SYS] 2025/03/31 - 00:08:17 | batch update started 
[SYS] 2025/03/31 - 00:08:17 | batch update finished 
[SYS] 2025/03/31 - 00:08:22 | batch update started 
[SYS] 2025/03/31 - 00:08:22 | batch update finished 
