[SYS] 2025/04/03 - 11:26:16 | New API v0.0.0 started 
[SYS] 2025/04/03 - 11:26:16 | using MySQL as database 
[SYS] 2025/04/03 - 11:26:16 | database migration started 
[SYS] 2025/04/03 - 11:26:17 | database migrated 
[SYS] 2025/04/03 - 11:26:17 | using MySQL as database 
[SYS] 2025/04/03 - 11:26:17 | database migration started 
[SYS] 2025/04/03 - 11:26:17 | Redis is enabled 
[SYS] 2025/04/03 - 11:26:17 | memory cache enabled 
[SYS] 2025/04/03 - 11:26:17 | sync frequency: 60 seconds 
[SYS] 2025/04/03 - 11:26:17 | channels synced from database 
[SYS] 2025/04/03 - 11:26:17 | 正在更新数据看板数据... 
[SYS] 2025/04/03 - 11:26:17 | 保存数据看板数据成功，共保存0条数据 
[SYS] 2025/04/03 - 11:26:17 | batch update enabled with interval 5s 
[SYS] 2025/04/03 - 11:26:17 | pprof enabled 
[SYS] 2025/04/03 - 11:26:17 | initializing token encoders 
[SYS] 2025/04/03 - 11:26:17 | token encoders initialized 
[SYS] 2025/04/03 - 11:26:17 | FRONTEND_BASE_URL is ignored on master node 
[SYS] 2025/04/03 - 11:26:22 | batch update started 
[SYS] 2025/04/03 - 11:26:22 | batch update finished 
[SYS] 2025/04/03 - 11:26:30 | batch update started 
[SYS] 2025/04/03 - 11:26:30 | batch update finished 
[SYS] 2025/04/03 - 11:26:35 | 任务进度轮询开始 
[SYS] 2025/04/03 - 11:26:35 | 任务进度轮询完成 
[SYS] 2025/04/03 - 11:26:35 | batch update started 
[SYS] 2025/04/03 - 11:26:35 | batch update finished 
[SYS] 2025/04/03 - 11:26:40 | batch update started 
[SYS] 2025/04/03 - 11:26:40 | batch update finished 
[SYS] 2025/04/03 - 11:26:45 | batch update started 
[SYS] 2025/04/03 - 11:26:45 | batch update finished 
[SYS] 2025/04/03 - 11:26:50 | batch update started 
[SYS] 2025/04/03 - 11:26:50 | 任务进度轮询开始 
[SYS] 2025/04/03 - 11:26:50 | batch update finished 
[SYS] 2025/04/03 - 11:26:50 | 任务进度轮询完成 
[SYS] 2025/04/03 - 11:26:55 | batch update started 
[SYS] 2025/04/03 - 11:26:55 | batch update finished 
[SYS] 2025/04/03 - 11:27:03 | batch update started 
[SYS] 2025/04/03 - 11:27:03 | batch update finished 
[SYS] 2025/04/03 - 11:27:08 | batch update started 
[SYS] 2025/04/03 - 11:27:08 | batch update finished 
[SYS] 2025/04/03 - 11:27:08 | 任务进度轮询开始 
[SYS] 2025/04/03 - 11:27:08 | 任务进度轮询完成 
[SYS] 2025/04/03 - 11:27:13 | batch update started 
[SYS] 2025/04/03 - 11:27:13 | batch update finished 
[SYS] 2025/04/03 - 11:27:18 | batch update started 
[SYS] 2025/04/03 - 11:27:18 | batch update finished 
[SYS] 2025/04/03 - 11:27:23 | syncing channels from database 
[SYS] 2025/04/03 - 11:27:23 | syncing options from database 
[SYS] 2025/04/03 - 11:27:23 | channels synced from database 
[SYS] 2025/04/03 - 11:27:23 | 任务进度轮询开始 
[SYS] 2025/04/03 - 11:27:23 | 任务进度轮询完成 
[SYS] 2025/04/03 - 11:27:23 | batch update started 
[SYS] 2025/04/03 - 11:27:23 | batch update finished 
[SYS] 2025/04/03 - 11:27:28 | batch update started 
[SYS] 2025/04/03 - 11:27:28 | batch update finished 
[SYS] 2025/04/03 - 11:27:36 | batch update started 
[SYS] 2025/04/03 - 11:27:36 | batch update finished 
[SYS] 2025/04/03 - 11:27:41 | 任务进度轮询开始 
[SYS] 2025/04/03 - 11:27:41 | 任务进度轮询完成 
[SYS] 2025/04/03 - 11:27:41 | batch update started 
[SYS] 2025/04/03 - 11:27:41 | batch update finished 
[SYS] 2025/04/03 - 11:27:46 | batch update started 
[SYS] 2025/04/03 - 11:27:46 | batch update finished 
[SYS] 2025/04/03 - 11:27:51 | batch update started 
[SYS] 2025/04/03 - 11:27:51 | batch update finished 
[SYS] 2025/04/03 - 11:27:56 | 任务进度轮询开始 
[SYS] 2025/04/03 - 11:27:56 | batch update started 
[SYS] 2025/04/03 - 11:27:56 | batch update finished 
[SYS] 2025/04/03 - 11:27:56 | 任务进度轮询完成 
[SYS] 2025/04/03 - 11:28:01 | batch update started 
[SYS] 2025/04/03 - 11:28:01 | batch update finished 
[SYS] 2025/04/03 - 11:28:10 | batch update started 
[SYS] 2025/04/03 - 11:28:10 | batch update finished 
[SYS] 2025/04/03 - 11:28:15 | 任务进度轮询开始 
[SYS] 2025/04/03 - 11:28:15 | 任务进度轮询完成 
[SYS] 2025/04/03 - 11:28:15 | batch update started 
[SYS] 2025/04/03 - 11:28:15 | batch update finished 
[SYS] 2025/04/03 - 11:28:20 | batch update started 
[SYS] 2025/04/03 - 11:28:20 | batch update finished 
[SYS] 2025/04/03 - 11:28:25 | batch update started 
[SYS] 2025/04/03 - 11:28:25 | batch update finished 
[SYS] 2025/04/03 - 11:28:30 | syncing channels from database 
[SYS] 2025/04/03 - 11:28:30 | syncing options from database 
[SYS] 2025/04/03 - 11:28:30 | channels synced from database 
[SYS] 2025/04/03 - 11:28:30 | 任务进度轮询开始 
[SYS] 2025/04/03 - 11:28:30 | 任务进度轮询完成 
[SYS] 2025/04/03 - 11:28:30 | batch update started 
[SYS] 2025/04/03 - 11:28:30 | batch update finished 
[GIN] 2025/04/03 - 11:28:34 | 20250403112834165739494mRvJ2rRB | 200 |    1.661684ms |             ::1 |     GET /api/user/logout
[SYS] 2025/04/03 - 11:28:35 | batch update started 
[SYS] 2025/04/03 - 11:28:35 | batch update finished 
[SYS] 2025/04/03 - 11:28:43 | batch update started 
[SYS] 2025/04/03 - 11:28:43 | batch update finished 
[SYS] 2025/04/03 - 11:28:48 | 任务进度轮询开始 
[SYS] 2025/04/03 - 11:28:48 | 任务进度轮询完成 
[SYS] 2025/04/03 - 11:28:48 | batch update started 
[SYS] 2025/04/03 - 11:28:48 | batch update finished 
[GIN] 2025/04/03 - 11:28:50 | 20250403112850871284096hqjN7B4g | 307 |     3.95127ms |             ::1 |     GET /api/auth/google/login
[SYS] 2025/04/03 - 11:28:53 | batch update started 
[SYS] 2025/04/03 - 11:28:53 | batch update finished 
[SYS] 2025/04/03 - 11:28:58 | batch update started 
[SYS] 2025/04/03 - 11:28:58 | batch update finished 
[GIN] 2025/04/03 - 11:28:58 | 20250403112857153374446QLPLxcI8 | 303 |   1.28915622s |             ::1 |     GET /auth/google/callback?state=random_state&code=4%2F0Ab_5qlnNIjL8QP_zP8FCcEG820wpVYGLgSedSwQ622Kn0y0R3a1BQTp3sUjtmf7JDGaV0A&scope=email+profile+https%3A%2F%2Fwww.googleapis.com%2Fauth%2Fuserinfo.profile+openid+https%3A%2F%2Fwww.googleapis.com%2Fauth%2Fuserinfo.email&authuser=0&prompt=none
[GIN] 2025/04/03 - 11:28:58 | 20250403112858472894956Fu6SmfLl | 200 |     1.36971ms |             ::1 |     GET /login?token=eyJhbGciOiJIUzI1NiIsInR5cCI6IkpXVCJ9.eyJlbWFpbCI6Imtpbmdzb2JlY0BnbWFpbC5jb20iLCJleHAiOjE3NDYyNjgxMzgsImlkIjoxMCwicm5kIjoxNzQzNjc2MTM4NDQyNDQxOTI2fQ.qgzelFGcPNyDYek5A1UbMEat7-oowofKQdVcmagVlMs
[GIN] 2025/04/03 - 11:29:01 | 20250403112901988260936730fForR | 200 |      1.3608ms |             ::1 |     GET /api/status
[GIN] 2025/04/03 - 11:29:02 | 20250403112901982204836P8rbCXKi | 200 |    41.25231ms |             ::1 |     GET /api/user/self
[GIN] 2025/04/03 - 11:29:02 | 202504031129024536644366P8Av9WU | 401 |     3.51504ms |             ::1 |     GET /api/user/models
[GIN] 2025/04/03 - 11:29:02 | 20250403112902454539056QvKj5N0s | 401 |    10.33614ms |             ::1 |     GET /api/user/self/groups
[GIN] 2025/04/03 - 11:29:02 | 202504031129024702588162LIYxNU1 | 401 |     1.19124ms |             ::1 |     GET /api/token/?p=0&size=10
[SYS] 2025/04/03 - 11:29:03 | 任务进度轮询开始 
[SYS] 2025/04/03 - 11:29:03 | 任务进度轮询完成 
[SYS] 2025/04/03 - 11:29:03 | batch update started 
[SYS] 2025/04/03 - 11:29:03 | batch update finished 
[SYS] 2025/04/03 - 11:29:08 | batch update started 
[SYS] 2025/04/03 - 11:29:08 | batch update finished 
[GIN] 2025/04/03 - 11:29:13 | 20250403112913581934850DkkDVMK2 | 200 |   75.638007ms |             ::1 |     GET /assets/index-CqhXq461.js
[GIN] 2025/04/03 - 11:29:14 | 20250403112914143393051rFZMLTx6 | 401 |    1.086528ms |             ::1 |     GET /api/user/self
[GIN] 2025/04/03 - 11:29:14 | 20250403112914564764880fvs4BBXG | 401 |    2.128716ms |             ::1 |     GET /api/data/self?start_timestamp=1743589752&end_timestamp=1743679752&default_time=hour
[SYS] 2025/04/03 - 11:29:16 | batch update started 
[SYS] 2025/04/03 - 11:29:16 | batch update finished 
[GIN] 2025/04/03 - 11:29:17 | 202504031129179452391509IJiVCTn | 401 |     886.552µs |             ::1 |     GET /api/user/models
[GIN] 2025/04/03 - 11:29:17 | 20250403112917945784301Od0dNlbW | 401 |    7.373646ms |             ::1 |     GET /api/token/?p=0&size=10
[GIN] 2025/04/03 - 11:29:17 | 20250403112917945657117iloP7yFH | 401 |    7.597788ms |             ::1 |     GET /api/user/self/groups
[SYS] 2025/04/03 - 11:29:21 | 任务进度轮询开始 
[SYS] 2025/04/03 - 11:29:21 | batch update started 
[SYS] 2025/04/03 - 11:29:21 | batch update finished 
[SYS] 2025/04/03 - 11:29:21 | 任务进度轮询完成 
[SYS] 2025/04/03 - 11:29:26 | batch update started 
[SYS] 2025/04/03 - 11:29:26 | batch update finished 
[SYS] 2025/04/03 - 11:29:31 | batch update started 
[SYS] 2025/04/03 - 11:29:31 | batch update finished 
[SYS] 2025/04/03 - 11:29:36 | syncing channels from database 
[SYS] 2025/04/03 - 11:29:36 | syncing options from database 
[SYS] 2025/04/03 - 11:29:36 | channels synced from database 
[SYS] 2025/04/03 - 11:29:36 | 任务进度轮询开始 
[SYS] 2025/04/03 - 11:29:36 | 任务进度轮询完成 
[SYS] 2025/04/03 - 11:29:36 | batch update started 
[SYS] 2025/04/03 - 11:29:36 | batch update finished 
[SYS] 2025/04/03 - 11:29:41 | batch update started 
[SYS] 2025/04/03 - 11:29:41 | batch update finished 
[SYS] 2025/04/03 - 11:29:49 | batch update started 
[SYS] 2025/04/03 - 11:29:49 | batch update finished 
[SYS] 2025/04/03 - 11:29:54 | 任务进度轮询开始 
[SYS] 2025/04/03 - 11:29:54 | 任务进度轮询完成 
[SYS] 2025/04/03 - 11:29:54 | batch update started 
[SYS] 2025/04/03 - 11:29:54 | batch update finished 
[SYS] 2025/04/03 - 11:29:59 | batch update started 
[SYS] 2025/04/03 - 11:29:59 | batch update finished 
[SYS] 2025/04/03 - 11:30:04 | batch update started 
[SYS] 2025/04/03 - 11:30:04 | batch update finished 
[SYS] 2025/04/03 - 11:30:09 | 任务进度轮询开始 
[SYS] 2025/04/03 - 11:30:09 | 任务进度轮询完成 
[SYS] 2025/04/03 - 11:30:09 | batch update started 
[SYS] 2025/04/03 - 11:30:09 | batch update finished 
[SYS] 2025/04/03 - 11:30:14 | batch update started 
[SYS] 2025/04/03 - 11:30:14 | batch update finished 
[SYS] 2025/04/03 - 11:30:22 | batch update started 
[SYS] 2025/04/03 - 11:30:22 | batch update finished 
[SYS] 2025/04/03 - 11:30:27 | 任务进度轮询开始 
[SYS] 2025/04/03 - 11:30:27 | 任务进度轮询完成 
[SYS] 2025/04/03 - 11:30:27 | batch update started 
[SYS] 2025/04/03 - 11:30:27 | batch update finished 
[SYS] 2025/04/03 - 11:30:32 | batch update started 
[SYS] 2025/04/03 - 11:30:32 | batch update finished 
[SYS] 2025/04/03 - 11:30:37 | batch update started 
[SYS] 2025/04/03 - 11:30:37 | batch update finished 
[SYS] 2025/04/03 - 11:30:42 | syncing channels from database 
[SYS] 2025/04/03 - 11:30:42 | syncing options from database 
[SYS] 2025/04/03 - 11:30:42 | channels synced from database 
[SYS] 2025/04/03 - 11:30:42 | 任务进度轮询开始 
[SYS] 2025/04/03 - 11:30:42 | 任务进度轮询完成 
[SYS] 2025/04/03 - 11:30:42 | batch update started 
[SYS] 2025/04/03 - 11:30:42 | batch update finished 
[SYS] 2025/04/03 - 11:30:47 | batch update started 
[SYS] 2025/04/03 - 11:30:47 | batch update finished 
[SYS] 2025/04/03 - 11:30:56 | batch update started 
[SYS] 2025/04/03 - 11:30:56 | batch update finished 
[SYS] 2025/04/03 - 11:31:01 | 任务进度轮询开始 
[SYS] 2025/04/03 - 11:31:01 | 任务进度轮询完成 
[SYS] 2025/04/03 - 11:31:01 | batch update started 
[SYS] 2025/04/03 - 11:31:01 | batch update finished 
[SYS] 2025/04/03 - 11:31:06 | batch update started 
[SYS] 2025/04/03 - 11:31:06 | batch update finished 
[SYS] 2025/04/03 - 11:31:11 | batch update started 
[SYS] 2025/04/03 - 11:31:11 | batch update finished 
[SYS] 2025/04/03 - 11:31:16 | 任务进度轮询开始 
[SYS] 2025/04/03 - 11:31:16 | 任务进度轮询完成 
[SYS] 2025/04/03 - 11:31:16 | batch update started 
[SYS] 2025/04/03 - 11:31:16 | batch update finished 
[SYS] 2025/04/03 - 11:31:21 | batch update started 
[SYS] 2025/04/03 - 11:31:21 | batch update finished 
[SYS] 2025/04/03 - 11:31:29 | batch update started 
[SYS] 2025/04/03 - 11:31:29 | batch update finished 
[SYS] 2025/04/03 - 11:31:34 | 任务进度轮询开始 
[SYS] 2025/04/03 - 11:31:34 | 任务进度轮询完成 
[SYS] 2025/04/03 - 11:31:34 | batch update started 
[SYS] 2025/04/03 - 11:31:34 | batch update finished 
[SYS] 2025/04/03 - 11:31:39 | batch update started 
[SYS] 2025/04/03 - 11:31:39 | batch update finished 
[SYS] 2025/04/03 - 11:31:44 | batch update started 
[SYS] 2025/04/03 - 11:31:44 | batch update finished 
[SYS] 2025/04/03 - 11:31:49 | 正在更新数据看板数据... 
[SYS] 2025/04/03 - 11:31:49 | 保存数据看板数据成功，共保存0条数据 
[SYS] 2025/04/03 - 11:31:49 | syncing channels from database 
[SYS] 2025/04/03 - 11:31:49 | syncing options from database 
[SYS] 2025/04/03 - 11:31:49 | channels synced from database 
[SYS] 2025/04/03 - 11:31:49 | 任务进度轮询开始 
[SYS] 2025/04/03 - 11:31:49 | 任务进度轮询完成 
[SYS] 2025/04/03 - 11:31:49 | batch update started 
[SYS] 2025/04/03 - 11:31:49 | batch update finished 
[SYS] 2025/04/03 - 11:31:54 | batch update started 
[SYS] 2025/04/03 - 11:31:54 | batch update finished 
[SYS] 2025/04/03 - 11:32:02 | batch update started 
[SYS] 2025/04/03 - 11:32:02 | batch update finished 
[SYS] 2025/04/03 - 11:32:07 | 任务进度轮询开始 
[SYS] 2025/04/03 - 11:32:07 | 任务进度轮询完成 
[SYS] 2025/04/03 - 11:32:07 | batch update started 
[SYS] 2025/04/03 - 11:32:07 | batch update finished 
[SYS] 2025/04/03 - 11:32:12 | batch update started 
[SYS] 2025/04/03 - 11:32:12 | batch update finished 
[SYS] 2025/04/03 - 11:32:17 | batch update started 
[SYS] 2025/04/03 - 11:32:17 | batch update finished 
[SYS] 2025/04/03 - 11:32:22 | 任务进度轮询开始 
[SYS] 2025/04/03 - 11:32:22 | 任务进度轮询完成 
[SYS] 2025/04/03 - 11:32:22 | batch update started 
[SYS] 2025/04/03 - 11:32:22 | batch update finished 
[GIN] 2025/04/03 - 11:32:25 | 20250403113225679401475lHHD2Q39 | 401 |      902.61µs |             ::1 |     GET /api/user/self
[GIN] 2025/04/03 - 11:32:26 | 202504031132262109661352zHh33AW | 401 |     1.00764ms |             ::1 |     GET /api/data/self?start_timestamp=1743589946&end_timestamp=1743679946&default_time=hour
[SYS] 2025/04/03 - 11:32:27 | batch update started 
[SYS] 2025/04/03 - 11:32:27 | batch update finished 
[SYS] 2025/04/03 - 11:32:35 | batch update started 
[SYS] 2025/04/03 - 11:32:35 | batch update finished 
[SYS] 2025/04/03 - 11:32:40 | 任务进度轮询开始 
[SYS] 2025/04/03 - 11:32:40 | 任务进度轮询完成 
[SYS] 2025/04/03 - 11:32:40 | batch update started 
[SYS] 2025/04/03 - 11:32:40 | batch update finished 
[SYS] 2025/04/03 - 11:32:45 | batch update started 
[SYS] 2025/04/03 - 11:32:45 | batch update finished 
[SYS] 2025/04/03 - 11:32:50 | batch update started 
[SYS] 2025/04/03 - 11:32:50 | batch update finished 
[SYS] 2025/04/03 - 11:32:55 | syncing options from database 
[SYS] 2025/04/03 - 11:32:55 | syncing channels from database 
[SYS] 2025/04/03 - 11:32:55 | channels synced from database 
[SYS] 2025/04/03 - 11:32:55 | 任务进度轮询开始 
[SYS] 2025/04/03 - 11:32:55 | 任务进度轮询完成 
[SYS] 2025/04/03 - 11:32:55 | batch update started 
[SYS] 2025/04/03 - 11:32:55 | batch update finished 
[SYS] 2025/04/03 - 11:33:00 | batch update started 
[SYS] 2025/04/03 - 11:33:00 | batch update finished 
[SYS] 2025/04/03 - 11:33:09 | batch update started 
[SYS] 2025/04/03 - 11:33:09 | batch update finished 
[SYS] 2025/04/03 - 11:33:14 | 任务进度轮询开始 
[SYS] 2025/04/03 - 11:33:14 | 任务进度轮询完成 
[SYS] 2025/04/03 - 11:33:14 | batch update started 
[SYS] 2025/04/03 - 11:33:14 | batch update finished 
[SYS] 2025/04/03 - 11:33:19 | batch update started 
[SYS] 2025/04/03 - 11:33:19 | batch update finished 
[SYS] 2025/04/03 - 11:33:24 | batch update started 
[SYS] 2025/04/03 - 11:33:24 | batch update finished 
[SYS] 2025/04/03 - 11:33:29 | 任务进度轮询开始 
[SYS] 2025/04/03 - 11:33:29 | 任务进度轮询完成 
[SYS] 2025/04/03 - 11:33:29 | batch update started 
[SYS] 2025/04/03 - 11:33:29 | batch update finished 
[SYS] 2025/04/03 - 11:33:34 | batch update started 
[SYS] 2025/04/03 - 11:33:34 | batch update finished 
[SYS] 2025/04/03 - 11:33:42 | batch update started 
[SYS] 2025/04/03 - 11:33:42 | batch update finished 
[SYS] 2025/04/03 - 11:33:47 | 任务进度轮询开始 
[SYS] 2025/04/03 - 11:33:47 | 任务进度轮询完成 
[SYS] 2025/04/03 - 11:33:47 | batch update started 
[SYS] 2025/04/03 - 11:33:47 | batch update finished 
[SYS] 2025/04/03 - 11:33:52 | batch update started 
[SYS] 2025/04/03 - 11:33:52 | batch update finished 
[SYS] 2025/04/03 - 11:33:57 | batch update started 
[SYS] 2025/04/03 - 11:33:57 | batch update finished 
[SYS] 2025/04/03 - 11:34:02 | syncing options from database 
[SYS] 2025/04/03 - 11:34:02 | syncing channels from database 
[SYS] 2025/04/03 - 11:34:02 | channels synced from database 
[SYS] 2025/04/03 - 11:34:02 | 任务进度轮询开始 
[SYS] 2025/04/03 - 11:34:02 | 任务进度轮询完成 
[SYS] 2025/04/03 - 11:34:02 | batch update started 
[SYS] 2025/04/03 - 11:34:02 | batch update finished 
[SYS] 2025/04/03 - 11:34:07 | batch update started 
[SYS] 2025/04/03 - 11:34:07 | batch update finished 
[SYS] 2025/04/03 - 11:34:15 | batch update started 
[SYS] 2025/04/03 - 11:34:15 | batch update finished 
[SYS] 2025/04/03 - 11:34:20 | 任务进度轮询开始 
[SYS] 2025/04/03 - 11:34:20 | 任务进度轮询完成 
[SYS] 2025/04/03 - 11:34:20 | batch update started 
[SYS] 2025/04/03 - 11:34:20 | batch update finished 
[SYS] 2025/04/03 - 11:34:25 | batch update started 
[SYS] 2025/04/03 - 11:34:25 | batch update finished 
[SYS] 2025/04/03 - 11:34:30 | batch update started 
[SYS] 2025/04/03 - 11:34:30 | batch update finished 
[SYS] 2025/04/03 - 11:34:35 | 任务进度轮询开始 
[SYS] 2025/04/03 - 11:34:35 | 任务进度轮询完成 
[SYS] 2025/04/03 - 11:34:35 | batch update started 
[SYS] 2025/04/03 - 11:34:35 | batch update finished 
[SYS] 2025/04/03 - 11:34:40 | batch update started 
[SYS] 2025/04/03 - 11:34:40 | batch update finished 
[SYS] 2025/04/03 - 11:34:48 | batch update started 
[SYS] 2025/04/03 - 11:34:48 | batch update finished 
[SYS] 2025/04/03 - 11:34:53 | 任务进度轮询开始 
[SYS] 2025/04/03 - 11:34:53 | 任务进度轮询完成 
[SYS] 2025/04/03 - 11:34:53 | batch update started 
[SYS] 2025/04/03 - 11:34:53 | batch update finished 
[SYS] 2025/04/03 - 11:34:58 | batch update started 
[SYS] 2025/04/03 - 11:34:58 | batch update finished 
[SYS] 2025/04/03 - 11:35:03 | batch update started 
[SYS] 2025/04/03 - 11:35:03 | batch update finished 
[SYS] 2025/04/03 - 11:35:08 | syncing options from database 
[SYS] 2025/04/03 - 11:35:08 | syncing channels from database 
[SYS] 2025/04/03 - 11:35:08 | channels synced from database 
[SYS] 2025/04/03 - 11:35:08 | 任务进度轮询开始 
[SYS] 2025/04/03 - 11:35:08 | 任务进度轮询完成 
[SYS] 2025/04/03 - 11:35:08 | batch update started 
[SYS] 2025/04/03 - 11:35:08 | batch update finished 
[SYS] 2025/04/03 - 11:35:13 | batch update started 
[SYS] 2025/04/03 - 11:35:13 | batch update finished 
[SYS] 2025/04/03 - 11:35:22 | batch update started 
[SYS] 2025/04/03 - 11:35:22 | batch update finished 
[SYS] 2025/04/03 - 11:35:26 | 任务进度轮询开始 
[SYS] 2025/04/03 - 11:35:26 | 任务进度轮询完成 
[SYS] 2025/04/03 - 11:35:27 | batch update started 
[SYS] 2025/04/03 - 11:35:27 | batch update finished 
[SYS] 2025/04/03 - 11:35:32 | batch update started 
[SYS] 2025/04/03 - 11:35:32 | batch update finished 
[SYS] 2025/04/03 - 11:35:37 | batch update started 
[SYS] 2025/04/03 - 11:35:37 | batch update finished 
[SYS] 2025/04/03 - 11:35:41 | 任务进度轮询开始 
[SYS] 2025/04/03 - 11:35:41 | 任务进度轮询完成 
[SYS] 2025/04/03 - 11:35:42 | batch update started 
[SYS] 2025/04/03 - 11:35:42 | batch update finished 
[SYS] 2025/04/03 - 11:35:47 | batch update started 
[SYS] 2025/04/03 - 11:35:47 | batch update finished 
[SYS] 2025/04/03 - 11:35:55 | batch update started 
[SYS] 2025/04/03 - 11:35:55 | batch update finished 
[SYS] 2025/04/03 - 11:36:00 | 任务进度轮询开始 
[SYS] 2025/04/03 - 11:36:00 | 任务进度轮询完成 
[SYS] 2025/04/03 - 11:36:00 | batch update started 
[SYS] 2025/04/03 - 11:36:00 | batch update finished 
[SYS] 2025/04/03 - 11:36:05 | batch update started 
[SYS] 2025/04/03 - 11:36:05 | batch update finished 
[SYS] 2025/04/03 - 11:36:10 | batch update started 
[SYS] 2025/04/03 - 11:36:10 | batch update finished 
[SYS] 2025/04/03 - 11:36:15 | syncing options from database 
[SYS] 2025/04/03 - 11:36:15 | syncing channels from database 
[SYS] 2025/04/03 - 11:36:15 | channels synced from database 
[SYS] 2025/04/03 - 11:36:15 | 任务进度轮询开始 
[SYS] 2025/04/03 - 11:36:15 | 任务进度轮询完成 
[SYS] 2025/04/03 - 11:36:15 | batch update started 
[SYS] 2025/04/03 - 11:36:15 | batch update finished 
[SYS] 2025/04/03 - 11:36:20 | batch update started 
[SYS] 2025/04/03 - 11:36:20 | batch update finished 
[SYS] 2025/04/03 - 11:36:28 | batch update started 
[SYS] 2025/04/03 - 11:36:28 | batch update finished 
[SYS] 2025/04/03 - 11:36:33 | 任务进度轮询开始 
[SYS] 2025/04/03 - 11:36:33 | 任务进度轮询完成 
[SYS] 2025/04/03 - 11:36:33 | batch update started 
[SYS] 2025/04/03 - 11:36:33 | batch update finished 
[SYS] 2025/04/03 - 11:36:38 | batch update started 
[SYS] 2025/04/03 - 11:36:38 | batch update finished 
[SYS] 2025/04/03 - 11:36:43 | batch update started 
[SYS] 2025/04/03 - 11:36:43 | batch update finished 
[SYS] 2025/04/03 - 11:36:48 | 任务进度轮询开始 
[SYS] 2025/04/03 - 11:36:48 | 任务进度轮询完成 
[SYS] 2025/04/03 - 11:36:48 | batch update started 
[SYS] 2025/04/03 - 11:36:48 | batch update finished 
[SYS] 2025/04/03 - 11:36:53 | batch update started 
[SYS] 2025/04/03 - 11:36:53 | batch update finished 
[SYS] 2025/04/03 - 11:37:01 | batch update started 
[SYS] 2025/04/03 - 11:37:01 | batch update finished 
[SYS] 2025/04/03 - 11:37:06 | 任务进度轮询开始 
[SYS] 2025/04/03 - 11:37:06 | 任务进度轮询完成 
[SYS] 2025/04/03 - 11:37:06 | batch update started 
[SYS] 2025/04/03 - 11:37:06 | batch update finished 
[SYS] 2025/04/03 - 11:37:11 | batch update started 
[SYS] 2025/04/03 - 11:37:11 | batch update finished 
[SYS] 2025/04/03 - 11:37:16 | batch update started 
[SYS] 2025/04/03 - 11:37:16 | batch update finished 
[SYS] 2025/04/03 - 11:37:21 | 正在更新数据看板数据... 
[SYS] 2025/04/03 - 11:37:21 | 保存数据看板数据成功，共保存0条数据 
[SYS] 2025/04/03 - 11:37:21 | testing all channels 
[SYS] 2025/04/03 - 11:37:21 | channel test finished 
[SYS] 2025/04/03 - 11:37:21 | syncing options from database 
[SYS] 2025/04/03 - 11:37:21 | syncing channels from database 
[SYS] 2025/04/03 - 11:37:21 | channels synced from database 
[SYS] 2025/04/03 - 11:37:21 | 任务进度轮询开始 
[SYS] 2025/04/03 - 11:37:21 | 任务进度轮询完成 
[SYS] 2025/04/03 - 11:37:21 | batch update started 
[SYS] 2025/04/03 - 11:37:21 | batch update finished 
[SYS] 2025/04/03 - 11:37:26 | batch update started 
[SYS] 2025/04/03 - 11:37:26 | batch update finished 
[SYS] 2025/04/03 - 11:37:34 | batch update started 
[SYS] 2025/04/03 - 11:37:34 | batch update finished 
[SYS] 2025/04/03 - 11:37:39 | 任务进度轮询开始 
[SYS] 2025/04/03 - 11:37:39 | 任务进度轮询完成 
[SYS] 2025/04/03 - 11:37:39 | batch update started 
[SYS] 2025/04/03 - 11:37:39 | batch update finished 
[SYS] 2025/04/03 - 11:37:44 | batch update started 
[SYS] 2025/04/03 - 11:37:44 | batch update finished 
[SYS] 2025/04/03 - 11:37:49 | batch update started 
[SYS] 2025/04/03 - 11:37:49 | batch update finished 
[SYS] 2025/04/03 - 11:37:54 | 任务进度轮询开始 
[SYS] 2025/04/03 - 11:37:54 | 任务进度轮询完成 
[SYS] 2025/04/03 - 11:37:54 | batch update started 
[SYS] 2025/04/03 - 11:37:54 | batch update finished 
[SYS] 2025/04/03 - 11:37:59 | batch update started 
[SYS] 2025/04/03 - 11:37:59 | batch update finished 
[SYS] 2025/04/03 - 11:38:08 | batch update started 
[SYS] 2025/04/03 - 11:38:08 | batch update finished 
[SYS] 2025/04/03 - 11:38:13 | 任务进度轮询开始 
[SYS] 2025/04/03 - 11:38:13 | 任务进度轮询完成 
[SYS] 2025/04/03 - 11:38:13 | batch update started 
[SYS] 2025/04/03 - 11:38:13 | batch update finished 
[SYS] 2025/04/03 - 11:38:18 | batch update started 
[SYS] 2025/04/03 - 11:38:18 | batch update finished 
[SYS] 2025/04/03 - 11:38:23 | batch update started 
[SYS] 2025/04/03 - 11:38:23 | batch update finished 
[SYS] 2025/04/03 - 11:38:28 | syncing options from database 
[SYS] 2025/04/03 - 11:38:28 | syncing channels from database 
[SYS] 2025/04/03 - 11:38:28 | channels synced from database 
[SYS] 2025/04/03 - 11:38:28 | 任务进度轮询开始 
[SYS] 2025/04/03 - 11:38:28 | 任务进度轮询完成 
[SYS] 2025/04/03 - 11:38:28 | batch update started 
[SYS] 2025/04/03 - 11:38:28 | batch update finished 
[SYS] 2025/04/03 - 11:38:33 | batch update started 
[SYS] 2025/04/03 - 11:38:33 | batch update finished 
[SYS] 2025/04/03 - 11:38:41 | batch update started 
[SYS] 2025/04/03 - 11:38:41 | batch update finished 
[SYS] 2025/04/03 - 11:38:46 | 任务进度轮询开始 
[SYS] 2025/04/03 - 11:38:46 | 任务进度轮询完成 
[SYS] 2025/04/03 - 11:38:46 | batch update started 
[SYS] 2025/04/03 - 11:38:46 | batch update finished 
[SYS] 2025/04/03 - 11:38:51 | batch update started 
[SYS] 2025/04/03 - 11:38:51 | batch update finished 
[SYS] 2025/04/03 - 11:38:56 | batch update started 
[SYS] 2025/04/03 - 11:38:56 | batch update finished 
[SYS] 2025/04/03 - 11:39:01 | 任务进度轮询开始 
[SYS] 2025/04/03 - 11:39:01 | 任务进度轮询完成 
[SYS] 2025/04/03 - 11:39:01 | batch update started 
[SYS] 2025/04/03 - 11:39:01 | batch update finished 
[SYS] 2025/04/03 - 11:39:06 | batch update started 
[SYS] 2025/04/03 - 11:39:06 | batch update finished 
[SYS] 2025/04/03 - 11:39:14 | batch update started 
[SYS] 2025/04/03 - 11:39:14 | batch update finished 
[SYS] 2025/04/03 - 11:39:19 | 任务进度轮询开始 
[SYS] 2025/04/03 - 11:39:19 | 任务进度轮询完成 
[SYS] 2025/04/03 - 11:39:19 | batch update started 
[SYS] 2025/04/03 - 11:39:19 | batch update finished 
[SYS] 2025/04/03 - 11:39:24 | batch update started 
[SYS] 2025/04/03 - 11:39:24 | batch update finished 
[SYS] 2025/04/03 - 11:39:29 | batch update started 
[SYS] 2025/04/03 - 11:39:29 | batch update finished 
[SYS] 2025/04/03 - 11:39:34 | syncing options from database 
[SYS] 2025/04/03 - 11:39:34 | syncing channels from database 
[SYS] 2025/04/03 - 11:39:34 | channels synced from database 
[SYS] 2025/04/03 - 11:39:34 | 任务进度轮询开始 
[SYS] 2025/04/03 - 11:39:34 | 任务进度轮询完成 
[SYS] 2025/04/03 - 11:39:34 | batch update started 
[SYS] 2025/04/03 - 11:39:34 | batch update finished 
[SYS] 2025/04/03 - 11:39:39 | batch update started 
[SYS] 2025/04/03 - 11:39:39 | batch update finished 
[SYS] 2025/04/03 - 11:39:48 | batch update started 
[SYS] 2025/04/03 - 11:39:48 | batch update finished 
[SYS] 2025/04/03 - 11:39:53 | 任务进度轮询开始 
[SYS] 2025/04/03 - 11:39:53 | 任务进度轮询完成 
[SYS] 2025/04/03 - 11:39:53 | batch update started 
[SYS] 2025/04/03 - 11:39:53 | batch update finished 
[SYS] 2025/04/03 - 11:39:58 | batch update started 
[SYS] 2025/04/03 - 11:39:58 | batch update finished 
[SYS] 2025/04/03 - 11:40:03 | batch update started 
[SYS] 2025/04/03 - 11:40:03 | batch update finished 
[SYS] 2025/04/03 - 11:40:08 | 任务进度轮询开始 
[SYS] 2025/04/03 - 11:40:08 | 任务进度轮询完成 
[SYS] 2025/04/03 - 11:40:08 | batch update started 
[SYS] 2025/04/03 - 11:40:08 | batch update finished 
[SYS] 2025/04/03 - 11:40:13 | batch update started 
[SYS] 2025/04/03 - 11:40:13 | batch update finished 
[SYS] 2025/04/03 - 11:40:21 | batch update started 
[SYS] 2025/04/03 - 11:40:21 | batch update finished 
[SYS] 2025/04/03 - 11:40:25 | 任务进度轮询开始 
[SYS] 2025/04/03 - 11:40:26 | 任务进度轮询完成 
[SYS] 2025/04/03 - 11:40:26 | batch update started 
[SYS] 2025/04/03 - 11:40:26 | batch update finished 
[SYS] 2025/04/03 - 11:40:31 | batch update started 
[SYS] 2025/04/03 - 11:40:31 | batch update finished 
[SYS] 2025/04/03 - 11:40:36 | batch update started 
[SYS] 2025/04/03 - 11:40:36 | batch update finished 
[SYS] 2025/04/03 - 11:40:40 | syncing options from database 
[SYS] 2025/04/03 - 11:40:40 | syncing channels from database 
[SYS] 2025/04/03 - 11:40:41 | 任务进度轮询开始 
[SYS] 2025/04/03 - 11:40:41 | batch update started 
[SYS] 2025/04/03 - 11:40:41 | batch update finished 
[SYS] 2025/04/03 - 11:40:41 | channels synced from database 
[SYS] 2025/04/03 - 11:40:41 | 任务进度轮询完成 
[SYS] 2025/04/03 - 11:40:46 | batch update started 
[SYS] 2025/04/03 - 11:40:46 | batch update finished 
[SYS] 2025/04/03 - 11:40:54 | batch update started 
[SYS] 2025/04/03 - 11:40:54 | batch update finished 
[SYS] 2025/04/03 - 11:40:59 | batch update started 
[SYS] 2025/04/03 - 11:40:59 | batch update finished 
[SYS] 2025/04/03 - 11:40:59 | 任务进度轮询开始 
[SYS] 2025/04/03 - 11:40:59 | 任务进度轮询完成 
[SYS] 2025/04/03 - 11:41:04 | batch update started 
[SYS] 2025/04/03 - 11:41:04 | batch update finished 
[SYS] 2025/04/03 - 11:41:09 | batch update started 
[SYS] 2025/04/03 - 11:41:09 | batch update finished 
[SYS] 2025/04/03 - 11:41:14 | batch update started 
[SYS] 2025/04/03 - 11:41:14 | batch update finished 
[SYS] 2025/04/03 - 11:41:14 | 任务进度轮询开始 
[SYS] 2025/04/03 - 11:41:14 | 任务进度轮询完成 
[SYS] 2025/04/03 - 11:41:19 | batch update started 
[SYS] 2025/04/03 - 11:41:19 | batch update finished 
[SYS] 2025/04/03 - 11:41:27 | batch update started 
[SYS] 2025/04/03 - 11:41:27 | batch update finished 
[SYS] 2025/04/03 - 11:41:32 | batch update started 
[SYS] 2025/04/03 - 11:41:32 | batch update finished 
[SYS] 2025/04/03 - 11:41:33 | 任务进度轮询开始 
[SYS] 2025/04/03 - 11:41:33 | 任务进度轮询完成 
[SYS] 2025/04/03 - 11:41:37 | batch update started 
[SYS] 2025/04/03 - 11:41:37 | batch update finished 
[SYS] 2025/04/03 - 11:41:42 | batch update started 
[SYS] 2025/04/03 - 11:41:42 | batch update finished 
[SYS] 2025/04/03 - 11:41:47 | syncing channels from database 
[SYS] 2025/04/03 - 11:41:47 | channels synced from database 
[SYS] 2025/04/03 - 11:41:47 | batch update started 
[SYS] 2025/04/03 - 11:41:47 | batch update finished 
[SYS] 2025/04/03 - 11:41:48 | syncing options from database 
[SYS] 2025/04/03 - 11:41:48 | 任务进度轮询开始 
[SYS] 2025/04/03 - 11:41:48 | 任务进度轮询完成 
[SYS] 2025/04/03 - 11:41:52 | batch update started 
[SYS] 2025/04/03 - 11:41:52 | batch update finished 
[SYS] 2025/04/03 - 11:42:01 | batch update started 
[SYS] 2025/04/03 - 11:42:01 | batch update finished 
[SYS] 2025/04/03 - 11:42:06 | batch update started 
[SYS] 2025/04/03 - 11:42:06 | batch update finished 
[SYS] 2025/04/03 - 11:42:06 | 任务进度轮询开始 
[SYS] 2025/04/03 - 11:42:06 | 任务进度轮询完成 
[SYS] 2025/04/03 - 11:42:11 | batch update started 
[SYS] 2025/04/03 - 11:42:11 | batch update finished 
[SYS] 2025/04/03 - 11:42:16 | batch update started 
[SYS] 2025/04/03 - 11:42:16 | batch update finished 
[SYS] 2025/04/03 - 11:42:21 | batch update started 
[SYS] 2025/04/03 - 11:42:21 | batch update finished 
[SYS] 2025/04/03 - 11:42:21 | 任务进度轮询开始 
[SYS] 2025/04/03 - 11:42:21 | 任务进度轮询完成 
[SYS] 2025/04/03 - 11:42:26 | batch update started 
[SYS] 2025/04/03 - 11:42:26 | batch update finished 
[SYS] 2025/04/03 - 11:42:34 | batch update started 
[SYS] 2025/04/03 - 11:42:34 | batch update finished 
[SYS] 2025/04/03 - 11:42:39 | batch update started 
[SYS] 2025/04/03 - 11:42:39 | batch update finished 
[SYS] 2025/04/03 - 11:42:39 | 任务进度轮询开始 
[SYS] 2025/04/03 - 11:42:39 | 任务进度轮询完成 
[SYS] 2025/04/03 - 11:42:44 | batch update started 
[SYS] 2025/04/03 - 11:42:44 | batch update finished 
[SYS] 2025/04/03 - 11:42:49 | batch update started 
[SYS] 2025/04/03 - 11:42:49 | batch update finished 
[SYS] 2025/04/03 - 11:42:53 | 正在更新数据看板数据... 
[SYS] 2025/04/03 - 11:42:53 | 保存数据看板数据成功，共保存0条数据 
[SYS] 2025/04/03 - 11:42:54 | syncing channels from database 
[SYS] 2025/04/03 - 11:42:54 | channels synced from database 
[SYS] 2025/04/03 - 11:42:54 | batch update started 
[SYS] 2025/04/03 - 11:42:54 | batch update finished 
[SYS] 2025/04/03 - 11:42:54 | syncing options from database 
[SYS] 2025/04/03 - 11:42:54 | 任务进度轮询开始 
[SYS] 2025/04/03 - 11:42:54 | 任务进度轮询完成 
[SYS] 2025/04/03 - 11:42:59 | batch update started 
[SYS] 2025/04/03 - 11:42:59 | batch update finished 
[SYS] 2025/04/03 - 11:43:07 | batch update started 
[SYS] 2025/04/03 - 11:43:07 | batch update finished 
[SYS] 2025/04/03 - 11:43:12 | batch update started 
[SYS] 2025/04/03 - 11:43:12 | batch update finished 
[SYS] 2025/04/03 - 11:43:12 | 任务进度轮询开始 
[SYS] 2025/04/03 - 11:43:12 | 任务进度轮询完成 
[SYS] 2025/04/03 - 11:43:17 | batch update started 
[SYS] 2025/04/03 - 11:43:17 | batch update finished 
[SYS] 2025/04/03 - 11:43:22 | batch update started 
[SYS] 2025/04/03 - 11:43:22 | batch update finished 
[SYS] 2025/04/03 - 11:43:27 | batch update started 
[SYS] 2025/04/03 - 11:43:27 | batch update finished 
[SYS] 2025/04/03 - 11:43:27 | 任务进度轮询开始 
[SYS] 2025/04/03 - 11:43:27 | 任务进度轮询完成 
[SYS] 2025/04/03 - 11:43:32 | batch update started 
[SYS] 2025/04/03 - 11:43:32 | batch update finished 
