[SYS] 2025/03/31 - 04:14:00 | New API v0.6.0.3 started 
[SYS] 2025/03/31 - 04:14:00 | using MySQL as database 
[SYS] 2025/03/31 - 04:14:01 | database migration started 
[SYS] 2025/03/31 - 04:14:01 | database migrated 
[SYS] 2025/03/31 - 04:14:01 | SYNC_FREQUENCY not set, use default value 60 
[SYS] 2025/03/31 - 04:14:01 | Redis is enabled 
[SYS] 2025/03/31 - 04:14:01 | memory cache enabled 
[SYS] 2025/03/31 - 04:14:01 | sync frequency: 60 seconds 
[SYS] 2025/03/31 - 04:14:01 | channels synced from database 
[SYS] 2025/03/31 - 04:14:01 | initializing token encoders 
[SYS] 2025/03/31 - 04:14:01 | 正在更新数据看板数据... 
[SYS] 2025/03/31 - 04:14:01 | 保存数据看板数据成功，共保存0条数据 
[SYS] 2025/03/31 - 04:14:03 | token encoders initialized 
[SYS] 2025/03/31 - 04:14:14 | 任务进度轮询开始 
[SYS] 2025/03/31 - 04:14:14 | 任务进度轮询完成 
[GIN] 2025/03/31 - 04:14:28 | 202503310414284526129284CMALuOj | 200 |    2.459167ms |             ::1 |     GET /api/status
[SYS] 2025/03/31 - 04:14:29 | 任务进度轮询开始 
[SYS] 2025/03/31 - 04:14:29 | 任务进度轮询完成 
[SYS] 2025/03/31 - 04:14:42 | 任务进度轮询开始 
[SYS] 2025/03/31 - 04:14:42 | 任务进度轮询完成 
[GIN] 2025/03/31 - 04:14:56 | 20250331041456323011528r4IDJWnR | 200 |    2.003408ms |             ::1 |     GET /api/status
[SYS] 2025/03/31 - 04:14:57 | syncing channels from database 
[SYS] 2025/03/31 - 04:14:57 | syncing options from database 
[SYS] 2025/03/31 - 04:14:57 | channels synced from database 
[SYS] 2025/03/31 - 04:14:57 | 任务进度轮询开始 
[SYS] 2025/03/31 - 04:14:57 | 任务进度轮询完成 
[SYS] 2025/03/31 - 04:15:10 | 任务进度轮询开始 
[SYS] 2025/03/31 - 04:15:10 | 任务进度轮询完成 
[GIN] 2025/03/31 - 04:15:24 | 20250331041524210719806MhCXocHA | 200 |    1.022775ms |             ::1 |     GET /api/status
[SYS] 2025/03/31 - 04:15:25 | 任务进度轮询开始 
[SYS] 2025/03/31 - 04:15:25 | 任务进度轮询完成 
[SYS] 2025/03/31 - 04:15:37 | 任务进度轮询开始 
[SYS] 2025/03/31 - 04:15:38 | 任务进度轮询完成 
[GIN] 2025/03/31 - 04:15:52 | 2025033104155289212162uV69gy5G | 200 |    4.096733ms |             ::1 |     GET /api/status
[SYS] 2025/03/31 - 04:15:52 | syncing channels from database 
[SYS] 2025/03/31 - 04:15:52 | syncing options from database 
[SYS] 2025/03/31 - 04:15:52 | channels synced from database 
[SYS] 2025/03/31 - 04:15:53 | 任务进度轮询开始 
[SYS] 2025/03/31 - 04:15:53 | 任务进度轮询完成 
[SYS] 2025/03/31 - 04:16:06 | 任务进度轮询开始 
[SYS] 2025/03/31 - 04:16:06 | 任务进度轮询完成 
[GIN] 2025/03/31 - 04:16:19 | 20250331041619847670113hRsdUvAL | 200 |    1.164475ms |             ::1 |     GET /api/status
[SYS] 2025/03/31 - 04:16:21 | 任务进度轮询开始 
[SYS] 2025/03/31 - 04:16:21 | 任务进度轮询完成 
[SYS] 2025/03/31 - 04:16:34 | 任务进度轮询开始 
[SYS] 2025/03/31 - 04:16:34 | 任务进度轮询完成 
[GIN] 2025/03/31 - 04:16:48 | 2025033104164855638567TxTREvfc | 200 |   12.490616ms |             ::1 |     GET /api/status
[SYS] 2025/03/31 - 04:16:48 | syncing channels from database 
[SYS] 2025/03/31 - 04:16:48 | syncing options from database 
[SYS] 2025/03/31 - 04:16:48 | channels synced from database 
[SYS] 2025/03/31 - 04:16:49 | 任务进度轮询开始 
[SYS] 2025/03/31 - 04:16:49 | 任务进度轮询完成 
[SYS] 2025/03/31 - 04:17:01 | 任务进度轮询开始 
[SYS] 2025/03/31 - 04:17:01 | 任务进度轮询完成 
[GIN] 2025/03/31 - 04:17:16 | 202503310417161569871Tfibg4RP | 200 |    3.688208ms |             ::1 |     GET /api/status
[SYS] 2025/03/31 - 04:17:16 | 任务进度轮询开始 
[SYS] 2025/03/31 - 04:17:16 | 任务进度轮询完成 
[SYS] 2025/03/31 - 04:17:29 | 任务进度轮询开始 
[SYS] 2025/03/31 - 04:17:29 | 任务进度轮询完成 
[GIN] 2025/03/31 - 04:17:44 | 202503310417446926809sSRz8hDf | 200 |    5.465958ms |             ::1 |     GET /api/status
[SYS] 2025/03/31 - 04:17:44 | syncing options from database 
[SYS] 2025/03/31 - 04:17:44 | syncing channels from database 
[SYS] 2025/03/31 - 04:17:44 | channels synced from database 
[SYS] 2025/03/31 - 04:17:44 | 任务进度轮询开始 
[SYS] 2025/03/31 - 04:17:44 | 任务进度轮询完成 
[SYS] 2025/03/31 - 04:17:57 | 任务进度轮询开始 
[SYS] 2025/03/31 - 04:17:57 | 任务进度轮询完成 
[GIN] 2025/03/31 - 04:18:11 | 20250331041811815366355LaHMnMox | 200 |     978.575µs |             ::1 |     GET /api/status
[SYS] 2025/03/31 - 04:18:12 | 任务进度轮询开始 
[SYS] 2025/03/31 - 04:18:12 | 任务进度轮询完成 
[SYS] 2025/03/31 - 04:18:25 | 任务进度轮询开始 
[SYS] 2025/03/31 - 04:18:25 | 任务进度轮询完成 
[SYS] 2025/03/31 - 04:18:39 | 正在更新数据看板数据... 
[SYS] 2025/03/31 - 04:18:39 | 保存数据看板数据成功，共保存0条数据 
[GIN] 2025/03/31 - 04:18:39 | 20250331041839698908202C0PpfC5f | 200 |    1.060583ms |             ::1 |     GET /api/status
[SYS] 2025/03/31 - 04:18:39 | syncing options from database 
[SYS] 2025/03/31 - 04:18:39 | syncing channels from database 
[SYS] 2025/03/31 - 04:18:39 | channels synced from database 
[SYS] 2025/03/31 - 04:18:40 | 任务进度轮询开始 
[SYS] 2025/03/31 - 04:18:40 | 任务进度轮询完成 
[SYS] 2025/03/31 - 04:18:53 | 任务进度轮询开始 
[SYS] 2025/03/31 - 04:18:53 | 任务进度轮询完成 
[GIN] 2025/03/31 - 04:19:07 | 20250331041907639434385DAXUme3p | 200 |      1.3754ms |             ::1 |     GET /api/status
[SYS] 2025/03/31 - 04:19:08 | 任务进度轮询开始 
[SYS] 2025/03/31 - 04:19:08 | 任务进度轮询完成 
[SYS] 2025/03/31 - 04:19:20 | 任务进度轮询开始 
[SYS] 2025/03/31 - 04:19:20 | 任务进度轮询完成 
[SYS] 2025/03/31 - 04:19:35 | syncing options from database 
[SYS] 2025/03/31 - 04:19:35 | syncing channels from database 
[SYS] 2025/03/31 - 04:19:35 | channels synced from database 
[GIN] 2025/03/31 - 04:19:35 | 20250331041935395513155SCSruGpb | 200 |    1.030034ms |             ::1 |     GET /api/status
[SYS] 2025/03/31 - 04:19:35 | 任务进度轮询开始 
[SYS] 2025/03/31 - 04:19:35 | 任务进度轮询完成 
[SYS] 2025/03/31 - 04:19:48 | 任务进度轮询开始 
[SYS] 2025/03/31 - 04:19:48 | 任务进度轮询完成 
[GIN] 2025/03/31 - 04:20:03 | 202503310420032275658218OWUC8qm | 200 |       1.066ms |             ::1 |     GET /api/status
[SYS] 2025/03/31 - 04:20:03 | 任务进度轮询开始 
[SYS] 2025/03/31 - 04:20:03 | 任务进度轮询完成 
[SYS] 2025/03/31 - 04:20:16 | 任务进度轮询开始 
[SYS] 2025/03/31 - 04:20:16 | 任务进度轮询完成 
[SYS] 2025/03/31 - 04:20:30 | syncing options from database 
[SYS] 2025/03/31 - 04:20:30 | syncing channels from database 
[SYS] 2025/03/31 - 04:20:30 | channels synced from database 
[GIN] 2025/03/31 - 04:20:31 | 2025033104203164993313zmQLvisb | 200 |     1.46055ms |             ::1 |     GET /api/status
[SYS] 2025/03/31 - 04:20:31 | 任务进度轮询开始 
[SYS] 2025/03/31 - 04:20:31 | 任务进度轮询完成 
[SYS] 2025/03/31 - 04:20:44 | 任务进度轮询开始 
[SYS] 2025/03/31 - 04:20:44 | 任务进度轮询完成 
[GIN] 2025/03/31 - 04:20:58 | 20250331042058894965564tSy4A59T | 200 |    1.068166ms |             ::1 |     GET /api/status
[SYS] 2025/03/31 - 04:20:59 | 任务进度轮询开始 
[SYS] 2025/03/31 - 04:20:59 | 任务进度轮询完成 
[SYS] 2025/03/31 - 04:21:11 | 任务进度轮询开始 
[SYS] 2025/03/31 - 04:21:11 | 任务进度轮询完成 
[SYS] 2025/03/31 - 04:21:26 | syncing options from database 
[SYS] 2025/03/31 - 04:21:26 | syncing channels from database 
[SYS] 2025/03/31 - 04:21:26 | channels synced from database 
[GIN] 2025/03/31 - 04:21:26 | 20250331042126637948020YKEcz0WL | 200 |    1.130567ms |             ::1 |     GET /api/status
[SYS] 2025/03/31 - 04:21:26 | 任务进度轮询开始 
[SYS] 2025/03/31 - 04:21:26 | 任务进度轮询完成 
[SYS] 2025/03/31 - 04:21:39 | 任务进度轮询开始 
[SYS] 2025/03/31 - 04:21:39 | 任务进度轮询完成 
[GIN] 2025/03/31 - 04:21:54 | 202503310421544421720030b7WIhVF | 200 |     887.141µs |             ::1 |     GET /api/status
[SYS] 2025/03/31 - 04:21:54 | 任务进度轮询开始 
[SYS] 2025/03/31 - 04:21:54 | 任务进度轮询完成 
[SYS] 2025/03/31 - 04:22:07 | 任务进度轮询开始 
[SYS] 2025/03/31 - 04:22:07 | 任务进度轮询完成 
[SYS] 2025/03/31 - 04:22:21 | syncing options from database 
[SYS] 2025/03/31 - 04:22:21 | syncing channels from database 
[SYS] 2025/03/31 - 04:22:21 | channels synced from database 
[GIN] 2025/03/31 - 04:22:22 | 20250331042222259314645knmAhn3M | 200 |    1.265766ms |             ::1 |     GET /api/status
[SYS] 2025/03/31 - 04:22:22 | 任务进度轮询开始 
[SYS] 2025/03/31 - 04:22:22 | 任务进度轮询完成 
[SYS] 2025/03/31 - 04:22:35 | 任务进度轮询开始 
[SYS] 2025/03/31 - 04:22:35 | 任务进度轮询完成 
[GIN] 2025/03/31 - 04:22:50 | 2025033104225044922286CD9lOweq | 200 |    1.128183ms |             ::1 |     GET /api/status
[SYS] 2025/03/31 - 04:22:50 | 任务进度轮询开始 
[SYS] 2025/03/31 - 04:22:50 | 任务进度轮询完成 
[SYS] 2025/03/31 - 04:23:02 | 任务进度轮询开始 
[SYS] 2025/03/31 - 04:23:02 | 任务进度轮询完成 
[SYS] 2025/03/31 - 04:23:17 | 正在更新数据看板数据... 
[SYS] 2025/03/31 - 04:23:17 | 保存数据看板数据成功，共保存0条数据 
[SYS] 2025/03/31 - 04:23:17 | syncing options from database 
[SYS] 2025/03/31 - 04:23:17 | syncing channels from database 
[SYS] 2025/03/31 - 04:23:17 | channels synced from database 
[SYS] 2025/03/31 - 04:23:17 | 任务进度轮询开始 
[SYS] 2025/03/31 - 04:23:17 | 任务进度轮询完成 
[GIN] 2025/03/31 - 04:23:17 | 20250331042317862963549V8J3tMF3 | 200 |    1.991492ms |             ::1 |     GET /api/status
[SYS] 2025/03/31 - 04:23:30 | 任务进度轮询开始 
[SYS] 2025/03/31 - 04:23:30 | 任务进度轮询完成 
[SYS] 2025/03/31 - 04:23:45 | 任务进度轮询开始 
[SYS] 2025/03/31 - 04:23:45 | 任务进度轮询完成 
[GIN] 2025/03/31 - 04:23:45 | 20250331042345638662946DRpRTeje | 200 |    1.569859ms |             ::1 |     GET /api/status
[SYS] 2025/03/31 - 04:23:58 | 任务进度轮询开始 
[SYS] 2025/03/31 - 04:23:58 | 任务进度轮询完成 
[SYS] 2025/03/31 - 04:24:12 | syncing options from database 
[SYS] 2025/03/31 - 04:24:12 | syncing channels from database 
[SYS] 2025/03/31 - 04:24:12 | channels synced from database 
[SYS] 2025/03/31 - 04:24:13 | 任务进度轮询开始 
[SYS] 2025/03/31 - 04:24:13 | 任务进度轮询完成 
[GIN] 2025/03/31 - 04:24:13 | 20250331042413422088574vYh6UCnx | 200 |    1.352975ms |             ::1 |     GET /api/status
[SYS] 2025/03/31 - 04:24:26 | 任务进度轮询开始 
[SYS] 2025/03/31 - 04:24:26 | 任务进度轮询完成 
[SYS] 2025/03/31 - 04:24:41 | 任务进度轮询开始 
[SYS] 2025/03/31 - 04:24:41 | 任务进度轮询完成 
[GIN] 2025/03/31 - 04:24:41 | 20250331042441252044135UN0ah51T | 200 |     871.541µs |             ::1 |     GET /api/status
[SYS] 2025/03/31 - 04:24:53 | 任务进度轮询开始 
[SYS] 2025/03/31 - 04:24:53 | 任务进度轮询完成 
[SYS] 2025/03/31 - 04:25:08 | syncing options from database 
[SYS] 2025/03/31 - 04:25:08 | syncing channels from database 
[SYS] 2025/03/31 - 04:25:08 | channels synced from database 
[SYS] 2025/03/31 - 04:25:08 | 任务进度轮询开始 
[SYS] 2025/03/31 - 04:25:08 | 任务进度轮询完成 
[GIN] 2025/03/31 - 04:25:09 | 20250331042509100311225IrflWNQa | 200 |    1.078784ms |             ::1 |     GET /api/status
[SYS] 2025/03/31 - 04:25:21 | 任务进度轮询开始 
[SYS] 2025/03/31 - 04:25:21 | 任务进度轮询完成 
[SYS] 2025/03/31 - 04:25:36 | 任务进度轮询开始 
[SYS] 2025/03/31 - 04:25:36 | 任务进度轮询完成 
[GIN] 2025/03/31 - 04:25:36 | 20250331042536884534920AXFTYi0u | 200 |    1.169892ms |             ::1 |     GET /api/status
[SYS] 2025/03/31 - 04:25:49 | 任务进度轮询开始 
[SYS] 2025/03/31 - 04:25:49 | 任务进度轮询完成 
[SYS] 2025/03/31 - 04:26:03 | syncing options from database 
[SYS] 2025/03/31 - 04:26:03 | syncing channels from database 
[SYS] 2025/03/31 - 04:26:03 | channels synced from database 
[SYS] 2025/03/31 - 04:26:04 | 任务进度轮询开始 
[SYS] 2025/03/31 - 04:26:04 | 任务进度轮询完成 
[GIN] 2025/03/31 - 04:26:04 | 20250331042604682502370RPZlcjY1 | 200 |    1.046934ms |             ::1 |     GET /api/status
[SYS] 2025/03/31 - 04:26:16 | 任务进度轮询开始 
[SYS] 2025/03/31 - 04:26:16 | 任务进度轮询完成 
[SYS] 2025/03/31 - 04:26:31 | 任务进度轮询开始 
[SYS] 2025/03/31 - 04:26:31 | 任务进度轮询完成 
[GIN] 2025/03/31 - 04:26:32 | 202503310426324636844963II9tlUe | 200 |    1.122008ms |             ::1 |     GET /api/status
[SYS] 2025/03/31 - 04:26:44 | 任务进度轮询开始 
[SYS] 2025/03/31 - 04:26:44 | 任务进度轮询完成 
[SYS] 2025/03/31 - 04:26:58 | syncing options from database 
[SYS] 2025/03/31 - 04:26:58 | syncing channels from database 
[SYS] 2025/03/31 - 04:26:58 | channels synced from database 
[SYS] 2025/03/31 - 04:26:59 | 任务进度轮询开始 
[SYS] 2025/03/31 - 04:26:59 | 任务进度轮询完成 
[GIN] 2025/03/31 - 04:27:00 | 20250331042700232017452bRQzeFDO | 200 |     976.842µs |             ::1 |     GET /api/status
[SYS] 2025/03/31 - 04:27:12 | 任务进度轮询开始 
[SYS] 2025/03/31 - 04:27:12 | 任务进度轮询完成 
[SYS] 2025/03/31 - 04:27:27 | 任务进度轮询开始 
[SYS] 2025/03/31 - 04:27:27 | 任务进度轮询完成 
[GIN] 2025/03/31 - 04:27:27 | 20250331042727990106782ByGxKstE | 200 |     1.01855ms |             ::1 |     GET /api/status
[SYS] 2025/03/31 - 04:27:40 | 任务进度轮询开始 
[SYS] 2025/03/31 - 04:27:40 | 任务进度轮询完成 
[SYS] 2025/03/31 - 04:27:54 | 正在更新数据看板数据... 
[SYS] 2025/03/31 - 04:27:54 | 保存数据看板数据成功，共保存0条数据 
[SYS] 2025/03/31 - 04:27:54 | syncing options from database 
[SYS] 2025/03/31 - 04:27:54 | syncing channels from database 
[SYS] 2025/03/31 - 04:27:54 | channels synced from database 
[SYS] 2025/03/31 - 04:27:55 | 任务进度轮询开始 
[SYS] 2025/03/31 - 04:27:55 | 任务进度轮询完成 
[GIN] 2025/03/31 - 04:27:55 | 20250331042755809888007SVvEFSYV | 200 |    1.040325ms |             ::1 |     GET /api/status
[SYS] 2025/03/31 - 04:28:07 | 任务进度轮询开始 
[SYS] 2025/03/31 - 04:28:07 | 任务进度轮询完成 
[SYS] 2025/03/31 - 04:28:22 | 任务进度轮询开始 
[SYS] 2025/03/31 - 04:28:22 | 任务进度轮询完成 
[GIN] 2025/03/31 - 04:28:23 | 20250331042823549705290d74JJPjX | 200 |      1.3546ms |             ::1 |     GET /api/status
[SYS] 2025/03/31 - 04:28:35 | 任务进度轮询开始 
[SYS] 2025/03/31 - 04:28:35 | 任务进度轮询完成 
[SYS] 2025/03/31 - 04:28:49 | syncing options from database 
[SYS] 2025/03/31 - 04:28:49 | syncing channels from database 
[SYS] 2025/03/31 - 04:28:49 | channels synced from database 
[SYS] 2025/03/31 - 04:28:50 | 任务进度轮询开始 
[SYS] 2025/03/31 - 04:28:50 | 任务进度轮询完成 
[GIN] 2025/03/31 - 04:28:51 | 20250331042851362901833lFhvJ2N5 | 200 |    1.221675ms |             ::1 |     GET /api/status
[SYS] 2025/03/31 - 04:29:03 | 任务进度轮询开始 
[SYS] 2025/03/31 - 04:29:03 | 任务进度轮询完成 
[SYS] 2025/03/31 - 04:29:18 | 任务进度轮询开始 
[SYS] 2025/03/31 - 04:29:18 | 任务进度轮询完成 
[GIN] 2025/03/31 - 04:29:19 | 20250331042919132686226MdNRCBcb | 200 |     902.958µs |             ::1 |     GET /api/status
[SYS] 2025/03/31 - 04:29:31 | 任务进度轮询开始 
[SYS] 2025/03/31 - 04:29:31 | 任务进度轮询完成 
[SYS] 2025/03/31 - 04:29:45 | syncing options from database 
[SYS] 2025/03/31 - 04:29:45 | syncing channels from database 
[SYS] 2025/03/31 - 04:29:45 | channels synced from database 
[SYS] 2025/03/31 - 04:29:46 | 任务进度轮询开始 
[SYS] 2025/03/31 - 04:29:46 | 任务进度轮询完成 
[GIN] 2025/03/31 - 04:29:46 | 20250331042946882552149Od1SD3T6 | 200 |     844.459µs |             ::1 |     GET /api/status
[SYS] 2025/03/31 - 04:29:58 | 任务进度轮询开始 
[SYS] 2025/03/31 - 04:29:58 | 任务进度轮询完成 
[SYS] 2025/03/31 - 04:30:13 | 任务进度轮询开始 
[SYS] 2025/03/31 - 04:30:13 | 任务进度轮询完成 
[GIN] 2025/03/31 - 04:30:14 | 202503310430146742698494NhTxcD7 | 200 |     769.167µs |             ::1 |     GET /api/status
[SYS] 2025/03/31 - 04:30:26 | 任务进度轮询开始 
[SYS] 2025/03/31 - 04:30:26 | 任务进度轮询完成 
[SYS] 2025/03/31 - 04:30:40 | syncing options from database 
[SYS] 2025/03/31 - 04:30:40 | syncing channels from database 
[SYS] 2025/03/31 - 04:30:40 | channels synced from database 
[SYS] 2025/03/31 - 04:30:41 | 任务进度轮询开始 
[SYS] 2025/03/31 - 04:30:41 | 任务进度轮询完成 
[GIN] 2025/03/31 - 04:30:42 | 20250331043042430500183kXZakMEb | 200 |    1.357092ms |             ::1 |     GET /api/status
[SYS] 2025/03/31 - 04:30:54 | 任务进度轮询开始 
[SYS] 2025/03/31 - 04:30:54 | 任务进度轮询完成 
[SYS] 2025/03/31 - 04:31:09 | 任务进度轮询开始 
[SYS] 2025/03/31 - 04:31:09 | 任务进度轮询完成 
[GIN] 2025/03/31 - 04:31:10 | 20250331043110193940483VekbiSir | 200 |     812.392µs |             ::1 |     GET /api/status
[SYS] 2025/03/31 - 04:31:21 | 任务进度轮询开始 
[SYS] 2025/03/31 - 04:31:21 | 任务进度轮询完成 
[SYS] 2025/03/31 - 04:31:35 | syncing options from database 
[SYS] 2025/03/31 - 04:31:35 | syncing channels from database 
[SYS] 2025/03/31 - 04:31:35 | channels synced from database 
[SYS] 2025/03/31 - 04:31:36 | 任务进度轮询开始 
[SYS] 2025/03/31 - 04:31:36 | 任务进度轮询完成 
[GIN] 2025/03/31 - 04:31:37 | 20250331043137958724797tGcjnAya | 200 |    3.953516ms |             ::1 |     GET /api/status
[SYS] 2025/03/31 - 04:31:49 | 任务进度轮询开始 
[SYS] 2025/03/31 - 04:31:49 | 任务进度轮询完成 
[SYS] 2025/03/31 - 04:32:04 | 任务进度轮询开始 
[SYS] 2025/03/31 - 04:32:04 | 任务进度轮询完成 
[GIN] 2025/03/31 - 04:32:05 | 20250331043205679736259qMxQDdgg | 200 |    1.049533ms |             ::1 |     GET /api/status
[SYS] 2025/03/31 - 04:32:17 | 任务进度轮询开始 
[SYS] 2025/03/31 - 04:32:17 | 任务进度轮询完成 
[SYS] 2025/03/31 - 04:32:31 | 正在更新数据看板数据... 
[SYS] 2025/03/31 - 04:32:31 | 保存数据看板数据成功，共保存0条数据 
[SYS] 2025/03/31 - 04:32:31 | syncing options from database 
[SYS] 2025/03/31 - 04:32:31 | syncing channels from database 
[SYS] 2025/03/31 - 04:32:31 | channels synced from database 
[SYS] 2025/03/31 - 04:32:32 | 任务进度轮询开始 
[SYS] 2025/03/31 - 04:32:32 | 任务进度轮询完成 
[GIN] 2025/03/31 - 04:32:33 | 20250331043233487828271if44ZIl1 | 200 |     937.733µs |             ::1 |     GET /api/status
[SYS] 2025/03/31 - 04:32:45 | 任务进度轮询开始 
[SYS] 2025/03/31 - 04:32:45 | 任务进度轮询完成 
[SYS] 2025/03/31 - 04:33:00 | 任务进度轮询开始 
[SYS] 2025/03/31 - 04:33:00 | 任务进度轮询完成 
[GIN] 2025/03/31 - 04:33:01 | 20250331043301361459756cjneqV3u | 200 |    1.026675ms |             ::1 |     GET /api/status
[SYS] 2025/03/31 - 04:33:12 | 任务进度轮询开始 
[SYS] 2025/03/31 - 04:33:12 | 任务进度轮询完成 
[SYS] 2025/03/31 - 04:33:26 | syncing options from database 
[SYS] 2025/03/31 - 04:33:26 | syncing channels from database 
[SYS] 2025/03/31 - 04:33:26 | channels synced from database 
[SYS] 2025/03/31 - 04:33:27 | 任务进度轮询开始 
[SYS] 2025/03/31 - 04:33:27 | 任务进度轮询完成 
[GIN] 2025/03/31 - 04:33:28 | 20250331043328989922341DQYzCRLz | 200 |    3.048933ms |             ::1 |     GET /api/status
[SYS] 2025/03/31 - 04:33:40 | 任务进度轮询开始 
[SYS] 2025/03/31 - 04:33:40 | 任务进度轮询完成 
[SYS] 2025/03/31 - 04:33:55 | 任务进度轮询开始 
[SYS] 2025/03/31 - 04:33:55 | 任务进度轮询完成 
[GIN] 2025/03/31 - 04:33:56 | 20250331043356807137842ft8T4W8r | 200 |    1.777208ms |             ::1 |     GET /api/status
[SYS] 2025/03/31 - 04:34:08 | 任务进度轮询开始 
[SYS] 2025/03/31 - 04:34:08 | 任务进度轮询完成 
[SYS] 2025/03/31 - 04:34:22 | syncing options from database 
[SYS] 2025/03/31 - 04:34:22 | syncing channels from database 
[SYS] 2025/03/31 - 04:34:22 | channels synced from database 
[SYS] 2025/03/31 - 04:34:23 | 任务进度轮询开始 
[SYS] 2025/03/31 - 04:34:23 | 任务进度轮询完成 
[GIN] 2025/03/31 - 04:34:24 | 20250331043424548549008bRwKDHw4 | 200 |    1.289708ms |             ::1 |     GET /api/status
[SYS] 2025/03/31 - 04:34:35 | 任务进度轮询开始 
[SYS] 2025/03/31 - 04:34:35 | 任务进度轮询完成 
[SYS] 2025/03/31 - 04:34:50 | 任务进度轮询开始 
[SYS] 2025/03/31 - 04:34:50 | 任务进度轮询完成 
[GIN] 2025/03/31 - 04:34:52 | 20250331043452343978561Ute4atY2 | 200 |    1.873408ms |             ::1 |     GET /api/status
[SYS] 2025/03/31 - 04:35:03 | 任务进度轮询开始 
[SYS] 2025/03/31 - 04:35:03 | 任务进度轮询完成 
[SYS] 2025/03/31 - 04:35:17 | syncing options from database 
[SYS] 2025/03/31 - 04:35:17 | syncing channels from database 
[SYS] 2025/03/31 - 04:35:17 | channels synced from database 
[SYS] 2025/03/31 - 04:35:18 | 任务进度轮询开始 
[SYS] 2025/03/31 - 04:35:18 | 任务进度轮询完成 
[GIN] 2025/03/31 - 04:35:20 | 20250331043520168931775QtIWsmmP | 200 |    1.170866ms |             ::1 |     GET /api/status
[SYS] 2025/03/31 - 04:35:31 | 任务进度轮询开始 
[SYS] 2025/03/31 - 04:35:31 | 任务进度轮询完成 
[SYS] 2025/03/31 - 04:35:46 | 任务进度轮询开始 
[SYS] 2025/03/31 - 04:35:46 | 任务进度轮询完成 
[GIN] 2025/03/31 - 04:35:47 | 202503310435479363454445d5TQfrk | 200 |    1.572458ms |             ::1 |     GET /api/status
[SYS] 2025/03/31 - 04:35:59 | 任务进度轮询开始 
[SYS] 2025/03/31 - 04:35:59 | 任务进度轮询完成 
[SYS] 2025/03/31 - 04:36:12 | syncing options from database 
[SYS] 2025/03/31 - 04:36:12 | syncing channels from database 
[SYS] 2025/03/31 - 04:36:12 | channels synced from database 
[SYS] 2025/03/31 - 04:36:14 | 任务进度轮询开始 
[SYS] 2025/03/31 - 04:36:14 | 任务进度轮询完成 
[GIN] 2025/03/31 - 04:36:15 | 20250331043615723680407Pl7QsxTN | 200 |     913.033µs |             ::1 |     GET /api/status
[SYS] 2025/03/31 - 04:36:26 | 任务进度轮询开始 
[SYS] 2025/03/31 - 04:36:26 | 任务进度轮询完成 
[SYS] 2025/03/31 - 04:36:41 | 任务进度轮询开始 
[SYS] 2025/03/31 - 04:36:41 | 任务进度轮询完成 
[GIN] 2025/03/31 - 04:36:43 | 20250331043643470678759MtVSFLD8 | 200 |    1.410825ms |             ::1 |     GET /api/status
[SYS] 2025/03/31 - 04:36:54 | 任务进度轮询开始 
[SYS] 2025/03/31 - 04:36:54 | 任务进度轮询完成 
[SYS] 2025/03/31 - 04:37:08 | 正在更新数据看板数据... 
[SYS] 2025/03/31 - 04:37:08 | 保存数据看板数据成功，共保存0条数据 
[SYS] 2025/03/31 - 04:37:08 | syncing options from database 
[SYS] 2025/03/31 - 04:37:08 | syncing channels from database 
[SYS] 2025/03/31 - 04:37:08 | channels synced from database 
[SYS] 2025/03/31 - 04:37:09 | 任务进度轮询开始 
[SYS] 2025/03/31 - 04:37:09 | 任务进度轮询完成 
[GIN] 2025/03/31 - 04:37:11 | 20250331043711217231049WyKeMvI4 | 200 |    1.165883ms |             ::1 |     GET /api/status
[SYS] 2025/03/31 - 04:37:22 | 任务进度轮询开始 
[SYS] 2025/03/31 - 04:37:22 | 任务进度轮询完成 
[SYS] 2025/03/31 - 04:37:37 | 任务进度轮询开始 
[SYS] 2025/03/31 - 04:37:37 | 任务进度轮询完成 
[GIN] 2025/03/31 - 04:37:39 | 2025033104373929653931qGG1VFUb | 200 |     917.259µs |             ::1 |     GET /api/status
[SYS] 2025/03/31 - 04:37:50 | 任务进度轮询开始 
[SYS] 2025/03/31 - 04:37:50 | 任务进度轮询完成 
[SYS] 2025/03/31 - 04:38:03 | syncing options from database 
[SYS] 2025/03/31 - 04:38:03 | syncing channels from database 
[SYS] 2025/03/31 - 04:38:03 | channels synced from database 
[SYS] 2025/03/31 - 04:38:05 | 任务进度轮询开始 
[SYS] 2025/03/31 - 04:38:05 | 任务进度轮询完成 
[GIN] 2025/03/31 - 04:38:06 | 20250331043806959199660UevvD98K | 200 |    1.317008ms |             ::1 |     GET /api/status
[SYS] 2025/03/31 - 04:38:17 | 任务进度轮询开始 
[SYS] 2025/03/31 - 04:38:17 | 任务进度轮询完成 
[SYS] 2025/03/31 - 04:38:32 | 任务进度轮询开始 
[SYS] 2025/03/31 - 04:38:32 | 任务进度轮询完成 
[GIN] 2025/03/31 - 04:38:34 | 20250331043834583790120oakMHm6q | 200 |     973.158µs |             ::1 |     GET /api/status
[SYS] 2025/03/31 - 04:38:45 | 任务进度轮询开始 
[SYS] 2025/03/31 - 04:38:45 | 任务进度轮询完成 
[SYS] 2025/03/31 - 04:38:59 | syncing options from database 
[SYS] 2025/03/31 - 04:38:59 | syncing channels from database 
[SYS] 2025/03/31 - 04:38:59 | channels synced from database 
[SYS] 2025/03/31 - 04:39:00 | 任务进度轮询开始 
[SYS] 2025/03/31 - 04:39:00 | 任务进度轮询完成 
[GIN] 2025/03/31 - 04:39:02 | 20250331043902333023926njsSPCKq | 200 |       755.3µs |             ::1 |     GET /api/status
[SYS] 2025/03/31 - 04:39:12 | 任务进度轮询开始 
[SYS] 2025/03/31 - 04:39:12 | 任务进度轮询完成 
[SYS] 2025/03/31 - 04:39:28 | 任务进度轮询开始 
[SYS] 2025/03/31 - 04:39:28 | 任务进度轮询完成 
[GIN] 2025/03/31 - 04:39:30 | 20250331043930102420783RM7OaChC | 200 |     914.659µs |             ::1 |     GET /api/status
[SYS] 2025/03/31 - 04:39:40 | 任务进度轮询开始 
[SYS] 2025/03/31 - 04:39:40 | 任务进度轮询完成 
[SYS] 2025/03/31 - 04:39:54 | syncing options from database 
[SYS] 2025/03/31 - 04:39:54 | syncing channels from database 
[SYS] 2025/03/31 - 04:39:54 | channels synced from database 
[SYS] 2025/03/31 - 04:39:55 | 任务进度轮询开始 
[SYS] 2025/03/31 - 04:39:55 | 任务进度轮询完成 
[GIN] 2025/03/31 - 04:39:57 | 202503310439578739468030a7t8rtU | 200 |    1.086258ms |             ::1 |     GET /api/status
[SYS] 2025/03/31 - 04:40:08 | 任务进度轮询开始 
[SYS] 2025/03/31 - 04:40:08 | 任务进度轮询完成 
[SYS] 2025/03/31 - 04:40:23 | 任务进度轮询开始 
[SYS] 2025/03/31 - 04:40:23 | 任务进度轮询完成 
[GIN] 2025/03/31 - 04:40:25 | 20250331044025617258078IxOm25zI | 200 |     1.02375ms |             ::1 |     GET /api/status
[SYS] 2025/03/31 - 04:40:36 | 任务进度轮询开始 
[SYS] 2025/03/31 - 04:40:36 | 任务进度轮询完成 
[SYS] 2025/03/31 - 04:40:49 | syncing options from database 
[SYS] 2025/03/31 - 04:40:49 | syncing channels from database 
[SYS] 2025/03/31 - 04:40:49 | channels synced from database 
[SYS] 2025/03/31 - 04:40:51 | 任务进度轮询开始 
[SYS] 2025/03/31 - 04:40:51 | 任务进度轮询完成 
[GIN] 2025/03/31 - 04:40:53 | 20250331044053392446727Vf86AiFA | 200 |    1.012808ms |             ::1 |     GET /api/status
[SYS] 2025/03/31 - 04:41:03 | 任务进度轮询开始 
[SYS] 2025/03/31 - 04:41:03 | 任务进度轮询完成 
[SYS] 2025/03/31 - 04:41:18 | 任务进度轮询开始 
[SYS] 2025/03/31 - 04:41:18 | 任务进度轮询完成 
[GIN] 2025/03/31 - 04:41:21 | 20250331044121176764215PAkvgnTf | 200 |     967.525µs |             ::1 |     GET /api/status
[SYS] 2025/03/31 - 04:41:31 | 任务进度轮询开始 
[SYS] 2025/03/31 - 04:41:31 | 任务进度轮询完成 
[SYS] 2025/03/31 - 04:41:45 | 正在更新数据看板数据... 
[SYS] 2025/03/31 - 04:41:45 | 保存数据看板数据成功，共保存0条数据 
[SYS] 2025/03/31 - 04:41:45 | syncing options from database 
[SYS] 2025/03/31 - 04:41:45 | syncing channels from database 
[SYS] 2025/03/31 - 04:41:45 | channels synced from database 
[SYS] 2025/03/31 - 04:41:46 | 任务进度轮询开始 
[SYS] 2025/03/31 - 04:41:46 | 任务进度轮询完成 
[GIN] 2025/03/31 - 04:41:48 | 20250331044148956357865kmISa0Or | 200 |    1.350158ms |             ::1 |     GET /api/status
[SYS] 2025/03/31 - 04:41:59 | 任务进度轮询开始 
[SYS] 2025/03/31 - 04:41:59 | 任务进度轮询完成 
[SYS] 2025/03/31 - 04:42:14 | 任务进度轮询开始 
[SYS] 2025/03/31 - 04:42:14 | 任务进度轮询完成 
[GIN] 2025/03/31 - 04:42:16 | 20250331044216771161006rTXIPRsh | 200 |    1.891933ms |             ::1 |     GET /api/status
[SYS] 2025/03/31 - 04:42:27 | 任务进度轮询开始 
[SYS] 2025/03/31 - 04:42:27 | 任务进度轮询完成 
[SYS] 2025/03/31 - 04:42:40 | syncing options from database 
[SYS] 2025/03/31 - 04:42:40 | syncing channels from database 
[SYS] 2025/03/31 - 04:42:40 | channels synced from database 
[SYS] 2025/03/31 - 04:42:42 | 任务进度轮询开始 
[SYS] 2025/03/31 - 04:42:42 | 任务进度轮询完成 
[GIN] 2025/03/31 - 04:42:44 | 20250331044244704031125rL5yau6O | 200 |    1.045742ms |             ::1 |     GET /api/status
[SYS] 2025/03/31 - 04:42:54 | 任务进度轮询开始 
[SYS] 2025/03/31 - 04:42:54 | 任务进度轮询完成 
[SYS] 2025/03/31 - 04:43:09 | 任务进度轮询开始 
[SYS] 2025/03/31 - 04:43:09 | 任务进度轮询完成 
[GIN] 2025/03/31 - 04:43:12 | 20250331044312257414876cdEU3Wb6 | 200 |     3.76155ms |             ::1 |     GET /api/status
[SYS] 2025/03/31 - 04:43:22 | 任务进度轮询开始 
[SYS] 2025/03/31 - 04:43:22 | 任务进度轮询完成 
[SYS] 2025/03/31 - 04:43:36 | syncing options from database 
[SYS] 2025/03/31 - 04:43:36 | syncing channels from database 
[SYS] 2025/03/31 - 04:43:36 | channels synced from database 
[SYS] 2025/03/31 - 04:43:37 | 任务进度轮询开始 
[SYS] 2025/03/31 - 04:43:37 | 任务进度轮询完成 
[GIN] 2025/03/31 - 04:43:40 | 2025033104434015985450oRH1nZkQ | 200 |    1.640166ms |             ::1 |     GET /api/status
[SYS] 2025/03/31 - 04:43:50 | 任务进度轮询开始 
[SYS] 2025/03/31 - 04:43:50 | 任务进度轮询完成 
[SYS] 2025/03/31 - 04:44:05 | 任务进度轮询开始 
[SYS] 2025/03/31 - 04:44:05 | 任务进度轮询完成 
[GIN] 2025/03/31 - 04:44:07 | 20250331044407793692106JVNz4z8z | 200 |    1.456325ms |             ::1 |     GET /api/status
[SYS] 2025/03/31 - 04:44:17 | 任务进度轮询开始 
[SYS] 2025/03/31 - 04:44:17 | 任务进度轮询完成 
[SYS] 2025/03/31 - 04:44:31 | syncing options from database 
[SYS] 2025/03/31 - 04:44:31 | syncing channels from database 
[SYS] 2025/03/31 - 04:44:31 | channels synced from database 
[SYS] 2025/03/31 - 04:44:32 | 任务进度轮询开始 
[SYS] 2025/03/31 - 04:44:32 | 任务进度轮询完成 
[GIN] 2025/03/31 - 04:44:35 | 20250331044435579022280UY7zsXLR | 200 |     987.459µs |             ::1 |     GET /api/status
[SYS] 2025/03/31 - 04:44:45 | 任务进度轮询开始 
[SYS] 2025/03/31 - 04:44:45 | 任务进度轮询完成 
[SYS] 2025/03/31 - 04:45:00 | 任务进度轮询开始 
[SYS] 2025/03/31 - 04:45:00 | 任务进度轮询完成 
[GIN] 2025/03/31 - 04:45:03 | 202503310445033349494082uBRk5PY | 200 |    1.293933ms |             ::1 |     GET /api/status
[SYS] 2025/03/31 - 04:45:13 | 任务进度轮询开始 
[SYS] 2025/03/31 - 04:45:13 | 任务进度轮询完成 
[SYS] 2025/03/31 - 04:45:26 | syncing options from database 
[SYS] 2025/03/31 - 04:45:26 | syncing channels from database 
[SYS] 2025/03/31 - 04:45:26 | channels synced from database 
[SYS] 2025/03/31 - 04:45:28 | 任务进度轮询开始 
[SYS] 2025/03/31 - 04:45:28 | 任务进度轮询完成 
[GIN] 2025/03/31 - 04:45:31 | 20250331044531102060979y2UIboZW | 200 |     736.016µs |             ::1 |     GET /api/status
[SYS] 2025/03/31 - 04:45:40 | 任务进度轮询开始 
[SYS] 2025/03/31 - 04:45:40 | 任务进度轮询完成 
[SYS] 2025/03/31 - 04:45:55 | 任务进度轮询开始 
[SYS] 2025/03/31 - 04:45:55 | 任务进度轮询完成 
[GIN] 2025/03/31 - 04:45:58 | 20250331044558849270207QLqplWYu | 200 |    1.109658ms |             ::1 |     GET /api/status
[SYS] 2025/03/31 - 04:46:08 | 任务进度轮询开始 
[SYS] 2025/03/31 - 04:46:08 | 任务进度轮询完成 
[SYS] 2025/03/31 - 04:46:22 | 正在更新数据看板数据... 
[SYS] 2025/03/31 - 04:46:22 | 保存数据看板数据成功，共保存0条数据 
[SYS] 2025/03/31 - 04:46:22 | syncing options from database 
[SYS] 2025/03/31 - 04:46:22 | syncing channels from database 
[SYS] 2025/03/31 - 04:46:22 | channels synced from database 
[SYS] 2025/03/31 - 04:46:23 | 任务进度轮询开始 
[SYS] 2025/03/31 - 04:46:23 | 任务进度轮询完成 
[GIN] 2025/03/31 - 04:46:26 | 20250331044626640036917zQFr1qcr | 200 |    1.039783ms |             ::1 |     GET /api/status
[SYS] 2025/03/31 - 04:46:36 | 任务进度轮询开始 
[SYS] 2025/03/31 - 04:46:36 | 任务进度轮询完成 
[SYS] 2025/03/31 - 04:46:51 | 任务进度轮询开始 
[SYS] 2025/03/31 - 04:46:51 | 任务进度轮询完成 
[GIN] 2025/03/31 - 04:46:54 | 202503310446544376676185ub0gzGo | 200 |    22.46465ms |             ::1 |     GET /api/status
[SYS] 2025/03/31 - 04:47:04 | 任务进度轮询开始 
[SYS] 2025/03/31 - 04:47:04 | 任务进度轮询完成 
[SYS] 2025/03/31 - 04:47:17 | syncing options from database 
[SYS] 2025/03/31 - 04:47:17 | syncing channels from database 
[SYS] 2025/03/31 - 04:47:17 | channels synced from database 
[SYS] 2025/03/31 - 04:47:19 | 任务进度轮询开始 
[SYS] 2025/03/31 - 04:47:19 | 任务进度轮询完成 
[GIN] 2025/03/31 - 04:47:22 | 20250331044722258434710n70JYs4Y | 200 |     780.866µs |             ::1 |     GET /api/status
[SYS] 2025/03/31 - 04:47:31 | 任务进度轮询开始 
[SYS] 2025/03/31 - 04:47:31 | 任务进度轮询完成 
[SYS] 2025/03/31 - 04:47:46 | 任务进度轮询开始 
[SYS] 2025/03/31 - 04:47:46 | 任务进度轮询完成 
[GIN] 2025/03/31 - 04:47:50 | 20250331044750518237268JcNVH8F | 200 |    2.871375ms |             ::1 |     GET /api/status
[SYS] 2025/03/31 - 04:47:59 | 任务进度轮询开始 
[SYS] 2025/03/31 - 04:47:59 | 任务进度轮询完成 
[SYS] 2025/03/31 - 04:48:12 | syncing options from database 
[SYS] 2025/03/31 - 04:48:13 | syncing channels from database 
[SYS] 2025/03/31 - 04:48:13 | channels synced from database 
[SYS] 2025/03/31 - 04:48:14 | 任务进度轮询开始 
[SYS] 2025/03/31 - 04:48:14 | 任务进度轮询完成 
[GIN] 2025/03/31 - 04:48:17 | 20250331044817859104942nl47GmGZ | 200 |    1.258834ms |             ::1 |     GET /api/status
[SYS] 2025/03/31 - 04:48:27 | 任务进度轮询开始 
[SYS] 2025/03/31 - 04:48:27 | 任务进度轮询完成 
[SYS] 2025/03/31 - 04:48:42 | 任务进度轮询开始 
[SYS] 2025/03/31 - 04:48:42 | 任务进度轮询完成 
[GIN] 2025/03/31 - 04:48:45 | 20250331044845638925267KKf9Ie59 | 200 |    1.096442ms |             ::1 |     GET /api/status
[SYS] 2025/03/31 - 04:48:54 | 任务进度轮询开始 
[SYS] 2025/03/31 - 04:48:54 | 任务进度轮询完成 
[SYS] 2025/03/31 - 04:49:08 | syncing options from database 
[SYS] 2025/03/31 - 04:49:08 | syncing channels from database 
[SYS] 2025/03/31 - 04:49:08 | channels synced from database 
[SYS] 2025/03/31 - 04:49:09 | 任务进度轮询开始 
[SYS] 2025/03/31 - 04:49:09 | 任务进度轮询完成 
[GIN] 2025/03/31 - 04:49:13 | 20250331044913427096480rFwhzy0A | 200 |     789.316µs |             ::1 |     GET /api/status
[SYS] 2025/03/31 - 04:49:22 | 任务进度轮询开始 
[SYS] 2025/03/31 - 04:49:22 | 任务进度轮询完成 
[SYS] 2025/03/31 - 04:49:37 | 任务进度轮询开始 
[SYS] 2025/03/31 - 04:49:37 | 任务进度轮询完成 
[GIN] 2025/03/31 - 04:49:41 | 20250331044941160051192HJXAP2lY | 200 |     716.625µs |             ::1 |     GET /api/status
[SYS] 2025/03/31 - 04:49:50 | 任务进度轮询开始 
[SYS] 2025/03/31 - 04:49:50 | 任务进度轮询完成 
[SYS] 2025/03/31 - 04:50:03 | syncing options from database 
[SYS] 2025/03/31 - 04:50:03 | syncing channels from database 
[SYS] 2025/03/31 - 04:50:03 | channels synced from database 
[SYS] 2025/03/31 - 04:50:05 | 任务进度轮询开始 
[SYS] 2025/03/31 - 04:50:05 | 任务进度轮询完成 
[GIN] 2025/03/31 - 04:50:09 | 20250331045009511565666NNerEHN | 200 |    1.232617ms |             ::1 |     GET /api/status
[SYS] 2025/03/31 - 04:50:17 | 任务进度轮询开始 
[SYS] 2025/03/31 - 04:50:17 | 任务进度轮询完成 
[SYS] 2025/03/31 - 04:50:32 | 任务进度轮询开始 
[SYS] 2025/03/31 - 04:50:32 | 任务进度轮询完成 
[GIN] 2025/03/31 - 04:50:36 | 20250331045036827370855eBk1Lov3 | 200 |     904.475µs |             ::1 |     GET /api/status
[SYS] 2025/03/31 - 04:50:45 | 任务进度轮询开始 
[SYS] 2025/03/31 - 04:50:45 | 任务进度轮询完成 
[SYS] 2025/03/31 - 04:50:58 | 正在更新数据看板数据... 
[SYS] 2025/03/31 - 04:50:58 | 保存数据看板数据成功，共保存0条数据 
[SYS] 2025/03/31 - 04:50:59 | syncing options from database 
[SYS] 2025/03/31 - 04:50:59 | syncing channels from database 
[SYS] 2025/03/31 - 04:50:59 | channels synced from database 
[SYS] 2025/03/31 - 04:51:00 | 任务进度轮询开始 
[SYS] 2025/03/31 - 04:51:00 | 任务进度轮询完成 
[GIN] 2025/03/31 - 04:51:04 | 20250331045104547306240wCq7gm8M | 200 |     795.816µs |             ::1 |     GET /api/status
[SYS] 2025/03/31 - 04:51:13 | 任务进度轮询开始 
[SYS] 2025/03/31 - 04:51:13 | 任务进度轮询完成 
[SYS] 2025/03/31 - 04:51:28 | 任务进度轮询开始 
[SYS] 2025/03/31 - 04:51:28 | 任务进度轮询完成 
[GIN] 2025/03/31 - 04:51:32 | 202503310451323088600691ICbPMlt | 200 |    1.126558ms |             ::1 |     GET /api/status
[SYS] 2025/03/31 - 04:51:41 | 任务进度轮询开始 
[SYS] 2025/03/31 - 04:51:41 | 任务进度轮询完成 
[SYS] 2025/03/31 - 04:51:54 | syncing options from database 
[SYS] 2025/03/31 - 04:51:54 | syncing channels from database 
[SYS] 2025/03/31 - 04:51:54 | channels synced from database 
[SYS] 2025/03/31 - 04:51:56 | 任务进度轮询开始 
[SYS] 2025/03/31 - 04:51:56 | 任务进度轮询完成 
[GIN] 2025/03/31 - 04:52:00 | 202503310452007457875358qdDEoI | 200 |    1.803966ms |             ::1 |     GET /api/status
[SYS] 2025/03/31 - 04:52:08 | 任务进度轮询开始 
[SYS] 2025/03/31 - 04:52:08 | 任务进度轮询完成 
[SYS] 2025/03/31 - 04:52:23 | 任务进度轮询开始 
[SYS] 2025/03/31 - 04:52:23 | 任务进度轮询完成 
[GIN] 2025/03/31 - 04:52:27 | 20250331045227853304003PZsJebXA | 200 |    1.084092ms |             ::1 |     GET /api/status
[SYS] 2025/03/31 - 04:52:36 | 任务进度轮询开始 
[SYS] 2025/03/31 - 04:52:36 | 任务进度轮询完成 
[SYS] 2025/03/31 - 04:52:49 | syncing options from database 
[SYS] 2025/03/31 - 04:52:49 | syncing channels from database 
[SYS] 2025/03/31 - 04:52:49 | channels synced from database 
[SYS] 2025/03/31 - 04:52:51 | 任务进度轮询开始 
[SYS] 2025/03/31 - 04:52:51 | 任务进度轮询完成 
[GIN] 2025/03/31 - 04:52:55 | 202503310452555855555518HozdsD7 | 200 |    1.370742ms |             ::1 |     GET /api/status
[SYS] 2025/03/31 - 04:53:04 | 任务进度轮询开始 
[SYS] 2025/03/31 - 04:53:04 | 任务进度轮询完成 
[SYS] 2025/03/31 - 04:53:19 | 任务进度轮询开始 
[SYS] 2025/03/31 - 04:53:19 | 任务进度轮询完成 
[GIN] 2025/03/31 - 04:53:23 | 20250331045323413683853UIk9JYFI | 200 |    3.847675ms |             ::1 |     GET /api/status
[SYS] 2025/03/31 - 04:53:31 | 任务进度轮询开始 
[SYS] 2025/03/31 - 04:53:31 | 任务进度轮询完成 
[SYS] 2025/03/31 - 04:53:45 | syncing options from database 
[SYS] 2025/03/31 - 04:53:45 | syncing channels from database 
[SYS] 2025/03/31 - 04:53:45 | channels synced from database 
[SYS] 2025/03/31 - 04:53:46 | 任务进度轮询开始 
[SYS] 2025/03/31 - 04:53:46 | 任务进度轮询完成 
[GIN] 2025/03/31 - 04:53:51 | 20250331045351139284718y6eb0y5z | 200 |    1.089616ms |             ::1 |     GET /api/status
[SYS] 2025/03/31 - 04:53:59 | 任务进度轮询开始 
[SYS] 2025/03/31 - 04:53:59 | 任务进度轮询完成 
[SYS] 2025/03/31 - 04:54:14 | 任务进度轮询开始 
[SYS] 2025/03/31 - 04:54:14 | 任务进度轮询完成 
[GIN] 2025/03/31 - 04:54:18 | 20250331045418908396919TlQDS2HJ | 200 |     890.391µs |             ::1 |     GET /api/status
[SYS] 2025/03/31 - 04:54:27 | 任务进度轮询开始 
[SYS] 2025/03/31 - 04:54:27 | 任务进度轮询完成 
[SYS] 2025/03/31 - 04:54:40 | syncing options from database 
[SYS] 2025/03/31 - 04:54:40 | syncing channels from database 
[SYS] 2025/03/31 - 04:54:40 | channels synced from database 
[SYS] 2025/03/31 - 04:54:42 | 任务进度轮询开始 
[SYS] 2025/03/31 - 04:54:42 | 任务进度轮询完成 
[GIN] 2025/03/31 - 04:54:46 | 20250331045446667715847Wt6Z2k4N | 200 |    7.822641ms |             ::1 |     GET /api/status
[SYS] 2025/03/31 - 04:54:54 | 任务进度轮询开始 
[SYS] 2025/03/31 - 04:54:54 | 任务进度轮询完成 
[SYS] 2025/03/31 - 04:55:09 | 任务进度轮询开始 
[SYS] 2025/03/31 - 04:55:09 | 任务进度轮询完成 
[GIN] 2025/03/31 - 04:55:14 | 20250331045514427003295Hn1bB2ro | 200 |     969.366µs |             ::1 |     GET /api/status
[SYS] 2025/03/31 - 04:55:22 | 任务进度轮询开始 
[SYS] 2025/03/31 - 04:55:22 | 任务进度轮询完成 
[SYS] 2025/03/31 - 04:55:35 | 正在更新数据看板数据... 
[SYS] 2025/03/31 - 04:55:35 | 保存数据看板数据成功，共保存0条数据 
[SYS] 2025/03/31 - 04:55:36 | syncing options from database 
[SYS] 2025/03/31 - 04:55:36 | syncing channels from database 
[SYS] 2025/03/31 - 04:55:36 | channels synced from database 
[SYS] 2025/03/31 - 04:55:37 | 任务进度轮询开始 
[SYS] 2025/03/31 - 04:55:37 | 任务进度轮询完成 
[GIN] 2025/03/31 - 04:55:42 | 20250331045542172301810PzJiUX3P | 200 |    1.120491ms |             ::1 |     GET /api/status
[SYS] 2025/03/31 - 04:55:50 | 任务进度轮询开始 
[SYS] 2025/03/31 - 04:55:50 | 任务进度轮询完成 
[SYS] 2025/03/31 - 04:56:05 | 任务进度轮询开始 
[SYS] 2025/03/31 - 04:56:05 | 任务进度轮询完成 
[GIN] 2025/03/31 - 04:56:10 | 2025033104561047190989zHoXDq85 | 200 |     896.566µs |             ::1 |     GET /api/status
[SYS] 2025/03/31 - 04:56:18 | 任务进度轮询开始 
[SYS] 2025/03/31 - 04:56:18 | 任务进度轮询完成 
[SYS] 2025/03/31 - 04:56:31 | syncing options from database 
[SYS] 2025/03/31 - 04:56:31 | syncing channels from database 
[SYS] 2025/03/31 - 04:56:31 | channels synced from database 
[SYS] 2025/03/31 - 04:56:33 | 任务进度轮询开始 
[SYS] 2025/03/31 - 04:56:33 | 任务进度轮询完成 
[GIN] 2025/03/31 - 04:56:37 | 202503310456378501457712WaJvIsu | 200 |    1.980658ms |             ::1 |     GET /api/status
[SYS] 2025/03/31 - 04:56:45 | 任务进度轮询开始 
[SYS] 2025/03/31 - 04:56:45 | 任务进度轮询完成 
[SYS] 2025/03/31 - 04:57:00 | 任务进度轮询开始 
[SYS] 2025/03/31 - 04:57:00 | 任务进度轮询完成 
[GIN] 2025/03/31 - 04:57:05 | 20250331045705593408627IBCqN8a8 | 200 |    1.905475ms |             ::1 |     GET /api/status
[SYS] 2025/03/31 - 04:57:13 | 任务进度轮询开始 
[SYS] 2025/03/31 - 04:57:13 | 任务进度轮询完成 
[SYS] 2025/03/31 - 04:57:26 | syncing options from database 
[SYS] 2025/03/31 - 04:57:26 | syncing channels from database 
[SYS] 2025/03/31 - 04:57:26 | channels synced from database 
[SYS] 2025/03/31 - 04:57:28 | 任务进度轮询开始 
[SYS] 2025/03/31 - 04:57:28 | 任务进度轮询完成 
[GIN] 2025/03/31 - 04:57:33 | 20250331045733367325497RFp3Th3I | 200 |    1.037291ms |             ::1 |     GET /api/status
[SYS] 2025/03/31 - 04:57:41 | 任务进度轮询开始 
[SYS] 2025/03/31 - 04:57:41 | 任务进度轮询完成 
[SYS] 2025/03/31 - 04:57:56 | 任务进度轮询开始 
[SYS] 2025/03/31 - 04:57:56 | 任务进度轮询完成 
[GIN] 2025/03/31 - 04:58:01 | 20250331045801123019159gUyzRTXw | 200 |      1.1193ms |             ::1 |     GET /api/status
[SYS] 2025/03/31 - 04:58:08 | 任务进度轮询开始 
[SYS] 2025/03/31 - 04:58:08 | 任务进度轮询完成 
[SYS] 2025/03/31 - 04:58:22 | syncing options from database 
[SYS] 2025/03/31 - 04:58:22 | syncing channels from database 
[SYS] 2025/03/31 - 04:58:22 | channels synced from database 
[SYS] 2025/03/31 - 04:58:23 | 任务进度轮询开始 
[SYS] 2025/03/31 - 04:58:23 | 任务进度轮询完成 
[GIN] 2025/03/31 - 04:58:28 | 20250331045828950406900bswncbvj | 200 |    3.358225ms |             ::1 |     GET /api/status
[SYS] 2025/03/31 - 04:58:36 | 任务进度轮询开始 
[SYS] 2025/03/31 - 04:58:36 | 任务进度轮询完成 
[SYS] 2025/03/31 - 04:58:51 | 任务进度轮询开始 
[SYS] 2025/03/31 - 04:58:51 | 任务进度轮询完成 
[GIN] 2025/03/31 - 04:58:56 | 20250331045856701023470lwpk4UIj | 200 |    1.034908ms |             ::1 |     GET /api/status
[SYS] 2025/03/31 - 04:59:04 | 任务进度轮询开始 
[SYS] 2025/03/31 - 04:59:04 | 任务进度轮询完成 
[SYS] 2025/03/31 - 04:59:17 | syncing options from database 
[SYS] 2025/03/31 - 04:59:17 | syncing channels from database 
[SYS] 2025/03/31 - 04:59:17 | channels synced from database 
[SYS] 2025/03/31 - 04:59:19 | 任务进度轮询开始 
[SYS] 2025/03/31 - 04:59:19 | 任务进度轮询完成 
[GIN] 2025/03/31 - 04:59:24 | 202503310459244649654290AfzuN9i | 200 |     886.167µs |             ::1 |     GET /api/status
[SYS] 2025/03/31 - 04:59:31 | 任务进度轮询开始 
[SYS] 2025/03/31 - 04:59:32 | 任务进度轮询完成 
[SYS] 2025/03/31 - 04:59:47 | 任务进度轮询开始 
[SYS] 2025/03/31 - 04:59:47 | 任务进度轮询完成 
[GIN] 2025/03/31 - 04:59:52 | 20250331045952308006615iIfUwaxP | 200 |    1.184083ms |             ::1 |     GET /api/status
[SYS] 2025/03/31 - 04:59:59 | 任务进度轮询开始 
[SYS] 2025/03/31 - 04:59:59 | 任务进度轮询完成 
[SYS] 2025/03/31 - 05:00:12 | 正在更新数据看板数据... 
[SYS] 2025/03/31 - 05:00:12 | 保存数据看板数据成功，共保存0条数据 
[SYS] 2025/03/31 - 05:00:12 | syncing options from database 
[SYS] 2025/03/31 - 05:00:13 | syncing channels from database 
[SYS] 2025/03/31 - 05:00:13 | channels synced from database 
[SYS] 2025/03/31 - 05:00:14 | 任务进度轮询开始 
[SYS] 2025/03/31 - 05:00:14 | 任务进度轮询完成 
[GIN] 2025/03/31 - 05:00:20 | 202503310500208841603823ZrQYcP | 200 |     687.159µs |             ::1 |     GET /api/status
[SYS] 2025/03/31 - 05:00:27 | 任务进度轮询开始 
[SYS] 2025/03/31 - 05:00:27 | 任务进度轮询完成 
[SYS] 2025/03/31 - 05:00:42 | 任务进度轮询开始 
[SYS] 2025/03/31 - 05:00:42 | 任务进度轮询完成 
[GIN] 2025/03/31 - 05:00:47 | 20250331050047869959936njGnIK9z | 200 |    1.074884ms |             ::1 |     GET /api/status
[SYS] 2025/03/31 - 05:00:55 | 任务进度轮询开始 
[SYS] 2025/03/31 - 05:00:55 | 任务进度轮询完成 
[SYS] 2025/03/31 - 05:01:08 | syncing options from database 
[SYS] 2025/03/31 - 05:01:08 | syncing channels from database 
[SYS] 2025/03/31 - 05:01:08 | channels synced from database 
[SYS] 2025/03/31 - 05:01:10 | 任务进度轮询开始 
[SYS] 2025/03/31 - 05:01:10 | 任务进度轮询完成 
[GIN] 2025/03/31 - 05:01:15 | 20250331050115625526539gY6xLVkE | 200 |      815.75µs |             ::1 |     GET /api/status
[SYS] 2025/03/31 - 05:01:22 | 任务进度轮询开始 
[SYS] 2025/03/31 - 05:01:22 | 任务进度轮询完成 
[SYS] 2025/03/31 - 05:01:37 | 任务进度轮询开始 
[SYS] 2025/03/31 - 05:01:37 | 任务进度轮询完成 
[GIN] 2025/03/31 - 05:01:43 | 2025033105014382733350qwlxgT3A | 200 |     789.425µs |             ::1 |     GET /api/status
[SYS] 2025/03/31 - 05:01:50 | 任务进度轮询开始 
[SYS] 2025/03/31 - 05:01:50 | 任务进度轮询完成 
[SYS] 2025/03/31 - 05:02:03 | syncing options from database 
[SYS] 2025/03/31 - 05:02:03 | syncing channels from database 
[SYS] 2025/03/31 - 05:02:03 | channels synced from database 
[SYS] 2025/03/31 - 05:02:05 | 任务进度轮询开始 
[SYS] 2025/03/31 - 05:02:05 | 任务进度轮询完成 
[GIN] 2025/03/31 - 05:02:10 | 202503310502108436794664pEuBKlD | 200 |    1.014434ms |             ::1 |     GET /api/status
[SYS] 2025/03/31 - 05:02:18 | 任务进度轮询开始 
[SYS] 2025/03/31 - 05:02:18 | 任务进度轮询完成 
[SYS] 2025/03/31 - 05:02:33 | 任务进度轮询开始 
[SYS] 2025/03/31 - 05:02:33 | 任务进度轮询完成 
[GIN] 2025/03/31 - 05:02:38 | 20250331050238590932641CIl9KBhK | 200 |    1.174441ms |             ::1 |     GET /api/status
[SYS] 2025/03/31 - 05:02:45 | 任务进度轮询开始 
[SYS] 2025/03/31 - 05:02:45 | 任务进度轮询完成 
[SYS] 2025/03/31 - 05:02:59 | syncing options from database 
[SYS] 2025/03/31 - 05:02:59 | syncing channels from database 
[SYS] 2025/03/31 - 05:02:59 | channels synced from database 
[SYS] 2025/03/31 - 05:03:00 | 任务进度轮询开始 
[SYS] 2025/03/31 - 05:03:00 | 任务进度轮询完成 
[GIN] 2025/03/31 - 05:03:04 | 20250331050304327098318whdIYgtL | 200 |     915.633µs |             ::1 |     GET /api/status
[SYS] 2025/03/31 - 05:03:13 | 任务进度轮询开始 
[SYS] 2025/03/31 - 05:03:13 | 任务进度轮询完成 
[SYS] 2025/03/31 - 05:03:28 | 任务进度轮询开始 
[SYS] 2025/03/31 - 05:03:28 | 任务进度轮询完成 
[GIN] 2025/03/31 - 05:03:32 | 2025033105033270508870JWYnvjCP | 200 |       868.4µs |             ::1 |     GET /api/status
[SYS] 2025/03/31 - 05:03:41 | 任务进度轮询开始 
[SYS] 2025/03/31 - 05:03:41 | 任务进度轮询完成 
[SYS] 2025/03/31 - 05:03:54 | syncing options from database 
[SYS] 2025/03/31 - 05:03:54 | syncing channels from database 
[SYS] 2025/03/31 - 05:03:54 | channels synced from database 
[SYS] 2025/03/31 - 05:03:56 | 任务进度轮询开始 
[SYS] 2025/03/31 - 05:03:56 | 任务进度轮询完成 
[GIN] 2025/03/31 - 05:03:59 | 20250331050359826356324LxOfvjyg | 200 |    2.477475ms |             ::1 |     GET /api/status
[SYS] 2025/03/31 - 05:04:09 | 任务进度轮询开始 
[SYS] 2025/03/31 - 05:04:09 | 任务进度轮询完成 
[SYS] 2025/03/31 - 05:04:24 | 任务进度轮询开始 
[SYS] 2025/03/31 - 05:04:24 | 任务进度轮询完成 
[GIN] 2025/03/31 - 05:04:27 | 20250331050427561819590Dv0d9qMp | 200 |     978.033µs |             ::1 |     GET /api/status
[SYS] 2025/03/31 - 05:04:36 | 任务进度轮询开始 
[SYS] 2025/03/31 - 05:04:36 | 任务进度轮询完成 
[SYS] 2025/03/31 - 05:04:49 | 正在更新数据看板数据... 
[SYS] 2025/03/31 - 05:04:49 | 保存数据看板数据成功，共保存0条数据 
[SYS] 2025/03/31 - 05:04:49 | syncing options from database 
[SYS] 2025/03/31 - 05:04:50 | syncing channels from database 
[SYS] 2025/03/31 - 05:04:50 | channels synced from database 
[SYS] 2025/03/31 - 05:04:51 | 任务进度轮询开始 
[SYS] 2025/03/31 - 05:04:51 | 任务进度轮询完成 
[GIN] 2025/03/31 - 05:04:55 | 20250331050455305016482ZKgHmKwb | 200 |      1.1921ms |             ::1 |     GET /api/status
[SYS] 2025/03/31 - 05:05:04 | 任务进度轮询开始 
[SYS] 2025/03/31 - 05:05:04 | 任务进度轮询完成 
[SYS] 2025/03/31 - 05:05:19 | 任务进度轮询开始 
[SYS] 2025/03/31 - 05:05:19 | 任务进度轮询完成 
[GIN] 2025/03/31 - 05:05:23 | 2025033105052360284987ehECpdtA | 200 |    1.041625ms |             ::1 |     GET /api/status
[SYS] 2025/03/31 - 05:05:32 | 任务进度轮询开始 
[SYS] 2025/03/31 - 05:05:32 | 任务进度轮询完成 
[SYS] 2025/03/31 - 05:05:45 | syncing options from database 
[SYS] 2025/03/31 - 05:05:45 | syncing channels from database 
[SYS] 2025/03/31 - 05:05:45 | channels synced from database 
[SYS] 2025/03/31 - 05:05:47 | 任务进度轮询开始 
[SYS] 2025/03/31 - 05:05:47 | 任务进度轮询完成 
[GIN] 2025/03/31 - 05:05:50 | 20250331050550880118235pnlH1lzj | 200 |    1.005117ms |             ::1 |     GET /api/status
[SYS] 2025/03/31 - 05:05:59 | 任务进度轮询开始 
[SYS] 2025/03/31 - 05:05:59 | 任务进度轮询完成 
[SYS] 2025/03/31 - 05:06:14 | 任务进度轮询开始 
[SYS] 2025/03/31 - 05:06:14 | 任务进度轮询完成 
[GIN] 2025/03/31 - 05:06:18 | 20250331050618616823359JVMf3VfP | 200 |    1.008583ms |             ::1 |     GET /api/status
[SYS] 2025/03/31 - 05:06:27 | 任务进度轮询开始 
[SYS] 2025/03/31 - 05:06:27 | 任务进度轮询完成 
[SYS] 2025/03/31 - 05:06:40 | syncing options from database 
[SYS] 2025/03/31 - 05:06:40 | syncing channels from database 
[SYS] 2025/03/31 - 05:06:40 | channels synced from database 
[SYS] 2025/03/31 - 05:06:42 | 任务进度轮询开始 
[SYS] 2025/03/31 - 05:06:42 | 任务进度轮询完成 
[GIN] 2025/03/31 - 05:06:46 | 20250331050646406471936lHmmg2vQ | 200 |     970.125µs |             ::1 |     GET /api/status
[SYS] 2025/03/31 - 05:06:55 | 任务进度轮询开始 
[SYS] 2025/03/31 - 05:06:55 | 任务进度轮询完成 
[SYS] 2025/03/31 - 05:07:10 | 任务进度轮询开始 
[SYS] 2025/03/31 - 05:07:10 | 任务进度轮询完成 
[GIN] 2025/03/31 - 05:07:14 | 20250331050714178913541HnEW014l | 200 |    1.078458ms |             ::1 |     GET /api/status
[SYS] 2025/03/31 - 05:07:22 | 任务进度轮询开始 
[SYS] 2025/03/31 - 05:07:22 | 任务进度轮询完成 
[SYS] 2025/03/31 - 05:07:36 | syncing options from database 
[SYS] 2025/03/31 - 05:07:36 | syncing channels from database 
[SYS] 2025/03/31 - 05:07:36 | channels synced from database 
[SYS] 2025/03/31 - 05:07:37 | 任务进度轮询开始 
[SYS] 2025/03/31 - 05:07:37 | 任务进度轮询完成 
[GIN] 2025/03/31 - 05:07:41 | 20250331050741982581921JPlZUsRH | 200 |    1.189067ms |             ::1 |     GET /api/status
[SYS] 2025/03/31 - 05:07:50 | 任务进度轮询开始 
[SYS] 2025/03/31 - 05:07:50 | 任务进度轮询完成 
[SYS] 2025/03/31 - 05:08:05 | 任务进度轮询开始 
[SYS] 2025/03/31 - 05:08:05 | 任务进度轮询完成 
[GIN] 2025/03/31 - 05:08:09 | 202503310508097887395776qXLlKQA | 200 |     744.034µs |             ::1 |     GET /api/status
[SYS] 2025/03/31 - 05:08:18 | 任务进度轮询开始 
[SYS] 2025/03/31 - 05:08:18 | 任务进度轮询完成 
[SYS] 2025/03/31 - 05:08:31 | syncing options from database 
[SYS] 2025/03/31 - 05:08:31 | syncing channels from database 
[SYS] 2025/03/31 - 05:08:31 | channels synced from database 
[SYS] 2025/03/31 - 05:08:33 | 任务进度轮询开始 
[SYS] 2025/03/31 - 05:08:33 | 任务进度轮询完成 
[GIN] 2025/03/31 - 05:08:37 | 202503310508375507371468hZjXrID | 200 |     922.133µs |             ::1 |     GET /api/status
[SYS] 2025/03/31 - 05:08:46 | 任务进度轮询开始 
[SYS] 2025/03/31 - 05:08:46 | 任务进度轮询完成 
[SYS] 2025/03/31 - 05:09:01 | 任务进度轮询开始 
[SYS] 2025/03/31 - 05:09:01 | 任务进度轮询完成 
[GIN] 2025/03/31 - 05:09:05 | 20250331050905337516809kgp1sINi | 200 |   14.960508ms |             ::1 |     GET /api/status
[SYS] 2025/03/31 - 05:09:13 | 任务进度轮询开始 
[SYS] 2025/03/31 - 05:09:13 | 任务进度轮询完成 
[SYS] 2025/03/31 - 05:09:26 | 正在更新数据看板数据... 
[SYS] 2025/03/31 - 05:09:26 | 保存数据看板数据成功，共保存0条数据 
[SYS] 2025/03/31 - 05:09:26 | syncing options from database 
[SYS] 2025/03/31 - 05:09:26 | syncing channels from database 
[SYS] 2025/03/31 - 05:09:26 | channels synced from database 
[SYS] 2025/03/31 - 05:09:28 | 任务进度轮询开始 
[SYS] 2025/03/31 - 05:09:28 | 任务进度轮询完成 
[GIN] 2025/03/31 - 05:09:33 | 20250331050933174214609p2MEDUGM | 200 |      1.9565ms |             ::1 |     GET /api/status
[SYS] 2025/03/31 - 05:09:41 | 任务进度轮询开始 
[SYS] 2025/03/31 - 05:09:41 | 任务进度轮询完成 
[SYS] 2025/03/31 - 05:09:56 | 任务进度轮询开始 
[SYS] 2025/03/31 - 05:09:56 | 任务进度轮询完成 
[GIN] 2025/03/31 - 05:10:00 | 20250331051000993891513nMghpJZC | 200 |    1.973183ms |             ::1 |     GET /api/status
[SYS] 2025/03/31 - 05:10:09 | 任务进度轮询开始 
[SYS] 2025/03/31 - 05:10:09 | 任务进度轮询完成 
[SYS] 2025/03/31 - 05:10:22 | syncing options from database 
[SYS] 2025/03/31 - 05:10:22 | syncing channels from database 
[SYS] 2025/03/31 - 05:10:22 | channels synced from database 
[SYS] 2025/03/31 - 05:10:24 | 任务进度轮询开始 
[SYS] 2025/03/31 - 05:10:24 | 任务进度轮询完成 
[GIN] 2025/03/31 - 05:10:28 | 20250331051028743675203T1QZAbPD | 200 |     950.408µs |             ::1 |     GET /api/status
[SYS] 2025/03/31 - 05:10:36 | 任务进度轮询开始 
[SYS] 2025/03/31 - 05:10:36 | 任务进度轮询完成 
[SYS] 2025/03/31 - 05:10:51 | 任务进度轮询开始 
[SYS] 2025/03/31 - 05:10:51 | 任务进度轮询完成 
[GIN] 2025/03/31 - 05:10:56 | 20250331051056501047395ZIkx92z4 | 200 |    1.136742ms |             ::1 |     GET /api/status
[SYS] 2025/03/31 - 05:11:04 | 任务进度轮询开始 
[SYS] 2025/03/31 - 05:11:04 | 任务进度轮询完成 
[SYS] 2025/03/31 - 05:11:17 | syncing options from database 
[SYS] 2025/03/31 - 05:11:17 | syncing channels from database 
[SYS] 2025/03/31 - 05:11:17 | channels synced from database 
[SYS] 2025/03/31 - 05:11:19 | 任务进度轮询开始 
[SYS] 2025/03/31 - 05:11:19 | 任务进度轮询完成 
[GIN] 2025/03/31 - 05:11:24 | 20250331051124260187174MygMU5kU | 200 |      1.2792ms |             ::1 |     GET /api/status
[SYS] 2025/03/31 - 05:11:32 | 任务进度轮询开始 
[SYS] 2025/03/31 - 05:11:32 | 任务进度轮询完成 
[SYS] 2025/03/31 - 05:11:47 | 任务进度轮询开始 
[SYS] 2025/03/31 - 05:11:47 | 任务进度轮询完成 
[GIN] 2025/03/31 - 05:11:52 | 2025033105115238657778SFECoimj | 200 |    1.059066ms |             ::1 |     GET /api/status
[SYS] 2025/03/31 - 05:12:00 | 任务进度轮询开始 
[SYS] 2025/03/31 - 05:12:00 | 任务进度轮询完成 
[SYS] 2025/03/31 - 05:12:13 | syncing options from database 
[SYS] 2025/03/31 - 05:12:13 | syncing channels from database 
[SYS] 2025/03/31 - 05:12:13 | channels synced from database 
[SYS] 2025/03/31 - 05:12:15 | 任务进度轮询开始 
[SYS] 2025/03/31 - 05:12:15 | 任务进度轮询完成 
[GIN] 2025/03/31 - 05:12:19 | 20250331051219827275706Zz9Drrwl | 200 |    1.088858ms |             ::1 |     GET /api/status
[SYS] 2025/03/31 - 05:12:27 | 任务进度轮询开始 
[SYS] 2025/03/31 - 05:12:27 | 任务进度轮询完成 
[SYS] 2025/03/31 - 05:12:42 | 任务进度轮询开始 
[SYS] 2025/03/31 - 05:12:42 | 任务进度轮询完成 
[GIN] 2025/03/31 - 05:12:47 | 20250331051247899074558rndlK41W | 200 |     989.733µs |             ::1 |     GET /api/status
[SYS] 2025/03/31 - 05:12:55 | 任务进度轮询开始 
[SYS] 2025/03/31 - 05:12:55 | 任务进度轮询完成 
[GIN] 2025/03/31 - 05:13:05 | 2025033105130596537128Ut2U6hYo | 200 |   29.441967ms |      172.18.0.1 |     GET /api/status
[GIN] 2025/03/31 - 05:13:05 | 20250331051305150419419BhaTudGY | 200 |    1.262084ms |      172.18.0.1 |     GET /api/status
[GIN] 2025/03/31 - 05:13:05 | 20250331051305601849403rO7L1TQa | 200 |    4.090233ms |      172.18.0.1 |     GET /api/notice
[GIN] 2025/03/31 - 05:13:05 | 20250331051305607099128rISuRp4f | 200 |    3.631008ms |      172.18.0.1 |     GET /api/home_page_content
[GIN] 2025/03/31 - 05:13:05 | 20250331051305632989603jrN682uK | 200 |       1.053ms |      172.18.0.1 |     GET /api/home_page_content
[GIN] 2025/03/31 - 05:13:05 | 20250331051305619625386XIelNhnv | 200 |   34.434509ms |      172.18.0.1 |     GET /api/notice
[GIN] 2025/03/31 - 05:13:06 | 2025033105130615344194o4m1vOP4 | 200 |      1.2623ms |      172.18.0.1 |     GET /api/home_page_content
[GIN] 2025/03/31 - 05:13:06 | 2025033105130632693019KqtEDHdh | 200 |    1.132625ms |      172.18.0.1 |     GET /api/notice
[GIN] 2025/03/31 - 05:13:06 | 20250331051306172625561Lo7FNKto | 200 |     36.1387ms |      172.18.0.1 |     GET /api/home_page_content
[GIN] 2025/03/31 - 05:13:06 | 20250331051306361206703ZQUopDQ1 | 200 |       756.6µs |      172.18.0.1 |     GET /api/notice
[SYS] 2025/03/31 - 05:13:08 | syncing options from database 
[SYS] 2025/03/31 - 05:13:08 | syncing channels from database 
[SYS] 2025/03/31 - 05:13:08 | channels synced from database 
[SYS] 2025/03/31 - 05:13:10 | 任务进度轮询开始 
[SYS] 2025/03/31 - 05:13:10 | 任务进度轮询完成 
[GIN] 2025/03/31 - 05:13:15 | 20250331051315715584143Dh7MQLfv | 200 |    1.085066ms |             ::1 |     GET /api/status
[SYS] 2025/03/31 - 05:13:23 | 任务进度轮询开始 
[SYS] 2025/03/31 - 05:13:23 | 任务进度轮询完成 
[SYS] 2025/03/31 - 05:13:38 | 任务进度轮询开始 
[SYS] 2025/03/31 - 05:13:38 | 任务进度轮询完成 
[GIN] 2025/03/31 - 05:13:43 | 20250331051343505244779fnBtkdj0 | 200 |    1.009667ms |             ::1 |     GET /api/status
[SYS] 2025/03/31 - 05:13:50 | 任务进度轮询开始 
[SYS] 2025/03/31 - 05:13:50 | 任务进度轮询完成 
[SYS] 2025/03/31 - 05:14:03 | 正在更新数据看板数据... 
[SYS] 2025/03/31 - 05:14:03 | 保存数据看板数据成功，共保存0条数据 
[SYS] 2025/03/31 - 05:14:03 | syncing options from database 
[SYS] 2025/03/31 - 05:14:03 | syncing channels from database 
[SYS] 2025/03/31 - 05:14:03 | channels synced from database 
[SYS] 2025/03/31 - 05:14:05 | 任务进度轮询开始 
[SYS] 2025/03/31 - 05:14:05 | 任务进度轮询完成 
[GIN] 2025/03/31 - 05:14:07 | 20250331051407259754577NNPcP4Xx | 200 |    1.796058ms |      172.18.0.1 |     GET /api/status
[GIN] 2025/03/31 - 05:14:07 | 202503310514073312417946RA4buxE | 200 |    5.382866ms |      172.18.0.1 |     GET /api/status
[GIN] 2025/03/31 - 05:14:11 | 20250331051411273787361iLDdg6zb | 200 |    1.343875ms |             ::1 |     GET /api/status
[SYS] 2025/03/31 - 05:14:18 | 任务进度轮询开始 
[SYS] 2025/03/31 - 05:14:18 | 任务进度轮询完成 
[SYS] 2025/03/31 - 05:14:33 | 任务进度轮询开始 
[SYS] 2025/03/31 - 05:14:33 | 任务进度轮询完成 
[GIN] 2025/03/31 - 05:14:39 | 2025033105143926026866yXRYJi1F | 200 |    1.180291ms |             ::1 |     GET /api/status
[SYS] 2025/03/31 - 05:14:46 | 任务进度轮询开始 
[SYS] 2025/03/31 - 05:14:46 | 任务进度轮询完成 
[SYS] 2025/03/31 - 05:14:59 | syncing options from database 
[SYS] 2025/03/31 - 05:14:59 | syncing channels from database 
[SYS] 2025/03/31 - 05:14:59 | channels synced from database 
[SYS] 2025/03/31 - 05:15:01 | 任务进度轮询开始 
[SYS] 2025/03/31 - 05:15:01 | 任务进度轮询完成 
[GIN] 2025/03/31 - 05:15:06 | 20250331051506866892347gN1nf4H5 | 200 |     847.492µs |             ::1 |     GET /api/status
[SYS] 2025/03/31 - 05:15:13 | 任务进度轮询开始 
[SYS] 2025/03/31 - 05:15:13 | 任务进度轮询完成 
[SYS] 2025/03/31 - 05:15:28 | 任务进度轮询开始 
[SYS] 2025/03/31 - 05:15:28 | 任务进度轮询完成 
[GIN] 2025/03/31 - 05:15:34 | 20250331051534636809345kYDMFS2c | 200 |      897.65µs |             ::1 |     GET /api/status
[SYS] 2025/03/31 - 05:15:41 | 任务进度轮询开始 
[SYS] 2025/03/31 - 05:15:41 | 任务进度轮询完成 
[SYS] 2025/03/31 - 05:15:54 | syncing options from database 
[SYS] 2025/03/31 - 05:15:54 | syncing channels from database 
[SYS] 2025/03/31 - 05:15:54 | channels synced from database 
[SYS] 2025/03/31 - 05:15:56 | 任务进度轮询开始 
[SYS] 2025/03/31 - 05:15:56 | 任务进度轮询完成 
[GIN] 2025/03/31 - 05:16:02 | 20250331051602400866875o9wQOm09 | 200 |    1.052675ms |             ::1 |     GET /api/status
[SYS] 2025/03/31 - 05:16:09 | 任务进度轮询开始 
[SYS] 2025/03/31 - 05:16:09 | 任务进度轮询完成 
[SYS] 2025/03/31 - 05:16:24 | 任务进度轮询开始 
[SYS] 2025/03/31 - 05:16:24 | 任务进度轮询完成 
[GIN] 2025/03/31 - 05:16:30 | 20250331051630186774577kVMIKpZk | 200 |    1.555125ms |             ::1 |     GET /api/status
[SYS] 2025/03/31 - 05:16:37 | 任务进度轮询开始 
[SYS] 2025/03/31 - 05:16:37 | 任务进度轮询完成 
[SYS] 2025/03/31 - 05:16:49 | syncing options from database 
[SYS] 2025/03/31 - 05:16:50 | syncing channels from database 
[SYS] 2025/03/31 - 05:16:50 | channels synced from database 
[SYS] 2025/03/31 - 05:16:52 | 任务进度轮询开始 
[SYS] 2025/03/31 - 05:16:52 | 任务进度轮询完成 
[GIN] 2025/03/31 - 05:16:57 | 20250331051657944563472GQwI4WMx | 200 |    1.707009ms |             ::1 |     GET /api/status
[SYS] 2025/03/31 - 05:17:04 | 任务进度轮询开始 
[SYS] 2025/03/31 - 05:17:04 | 任务进度轮询完成 
[SYS] 2025/03/31 - 05:17:19 | 任务进度轮询开始 
[SYS] 2025/03/31 - 05:17:19 | 任务进度轮询完成 
[GIN] 2025/03/31 - 05:17:25 | 20250331051725721310641iHUwUXUn | 200 |     613.166µs |             ::1 |     GET /api/status
[SYS] 2025/03/31 - 05:17:32 | 任务进度轮询开始 
[SYS] 2025/03/31 - 05:17:32 | 任务进度轮询完成 
[SYS] 2025/03/31 - 05:17:45 | syncing options from database 
[SYS] 2025/03/31 - 05:17:45 | syncing channels from database 
[SYS] 2025/03/31 - 05:17:45 | channels synced from database 
[SYS] 2025/03/31 - 05:17:47 | 任务进度轮询开始 
[SYS] 2025/03/31 - 05:17:47 | 任务进度轮询完成 
[GIN] 2025/03/31 - 05:17:53 | 20250331051753503739676yWQPWsKR | 200 |    1.137175ms |             ::1 |     GET /api/status
[SYS] 2025/03/31 - 05:18:00 | 任务进度轮询开始 
[SYS] 2025/03/31 - 05:18:00 | 任务进度轮询完成 
[SYS] 2025/03/31 - 05:18:15 | 任务进度轮询开始 
[SYS] 2025/03/31 - 05:18:15 | 任务进度轮询完成 
[GIN] 2025/03/31 - 05:18:21 | 202503310518212778086734Grj6mbq | 200 |    1.432491ms |             ::1 |     GET /api/status
[SYS] 2025/03/31 - 05:18:27 | 任务进度轮询开始 
[SYS] 2025/03/31 - 05:18:27 | 任务进度轮询完成 
[SYS] 2025/03/31 - 05:18:40 | 正在更新数据看板数据... 
[SYS] 2025/03/31 - 05:18:40 | 保存数据看板数据成功，共保存0条数据 
[SYS] 2025/03/31 - 05:18:40 | syncing options from database 
[SYS] 2025/03/31 - 05:18:40 | syncing channels from database 
[SYS] 2025/03/31 - 05:18:40 | channels synced from database 
[SYS] 2025/03/31 - 05:18:42 | 任务进度轮询开始 
[SYS] 2025/03/31 - 05:18:42 | 任务进度轮询完成 
[GIN] 2025/03/31 - 05:18:49 | 2025033105184913189989Ftn94dRw | 200 |    1.015408ms |             ::1 |     GET /api/status
[SYS] 2025/03/31 - 05:18:55 | 任务进度轮询开始 
[SYS] 2025/03/31 - 05:18:55 | 任务进度轮询完成 
[SYS] 2025/03/31 - 05:19:10 | 任务进度轮询开始 
[SYS] 2025/03/31 - 05:19:10 | 任务进度轮询完成 
[GIN] 2025/03/31 - 05:19:17 | 20250331051917233227547R7BYfP3H | 200 |    1.059717ms |             ::1 |     GET /api/status
[SYS] 2025/03/31 - 05:19:23 | 任务进度轮询开始 
[SYS] 2025/03/31 - 05:19:23 | 任务进度轮询完成 
[SYS] 2025/03/31 - 05:19:36 | syncing options from database 
[SYS] 2025/03/31 - 05:19:36 | syncing channels from database 
[SYS] 2025/03/31 - 05:19:36 | channels synced from database 
[SYS] 2025/03/31 - 05:19:38 | 任务进度轮询开始 
[SYS] 2025/03/31 - 05:19:38 | 任务进度轮询完成 
[GIN] 2025/03/31 - 05:19:45 | 20250331051945148907111XlW74cSC | 200 |   15.276408ms |             ::1 |     GET /api/status
[SYS] 2025/03/31 - 05:19:50 | 任务进度轮询开始 
[SYS] 2025/03/31 - 05:19:50 | 任务进度轮询完成 
[SYS] 2025/03/31 - 05:20:05 | 任务进度轮询开始 
[SYS] 2025/03/31 - 05:20:05 | 任务进度轮询完成 
[GIN] 2025/03/31 - 05:20:13 | 20250331052013304035138OCxZGfEA | 200 |   17.363125ms |             ::1 |     GET /api/status
[SYS] 2025/03/31 - 05:20:18 | 任务进度轮询开始 
[SYS] 2025/03/31 - 05:20:18 | 任务进度轮询完成 
[SYS] 2025/03/31 - 05:20:31 | syncing options from database 
[SYS] 2025/03/31 - 05:20:31 | syncing channels from database 
[SYS] 2025/03/31 - 05:20:31 | channels synced from database 
[SYS] 2025/03/31 - 05:20:33 | 任务进度轮询开始 
[SYS] 2025/03/31 - 05:20:33 | 任务进度轮询完成 
[GIN] 2025/03/31 - 05:20:41 | 20250331052041108170734V0P0mJb1 | 200 |    1.618284ms |             ::1 |     GET /api/status
[SYS] 2025/03/31 - 05:20:46 | 任务进度轮询开始 
[SYS] 2025/03/31 - 05:20:46 | 任务进度轮询完成 
[SYS] 2025/03/31 - 05:21:01 | 任务进度轮询开始 
[SYS] 2025/03/31 - 05:21:01 | 任务进度轮询完成 
[GIN] 2025/03/31 - 05:21:08 | 202503310521088916267582VW611uz | 200 |    1.082683ms |             ::1 |     GET /api/status
[SYS] 2025/03/31 - 05:21:14 | 任务进度轮询开始 
[SYS] 2025/03/31 - 05:21:14 | 任务进度轮询完成 
[SYS] 2025/03/31 - 05:21:26 | syncing options from database 
[SYS] 2025/03/31 - 05:21:27 | syncing channels from database 
[SYS] 2025/03/31 - 05:21:27 | channels synced from database 
[SYS] 2025/03/31 - 05:21:29 | 任务进度轮询开始 
[SYS] 2025/03/31 - 05:21:29 | 任务进度轮询完成 
[GIN] 2025/03/31 - 05:21:36 | 20250331052136673911456qQBYqLPp | 200 |    1.384067ms |             ::1 |     GET /api/status
[SYS] 2025/03/31 - 05:21:41 | 任务进度轮询开始 
[SYS] 2025/03/31 - 05:21:41 | 任务进度轮询完成 
[SYS] 2025/03/31 - 05:21:56 | 任务进度轮询开始 
[SYS] 2025/03/31 - 05:21:56 | 任务进度轮询完成 
[GIN] 2025/03/31 - 05:22:04 | 20250331052204415679670vCQMoW5N | 200 |     917.041µs |             ::1 |     GET /api/status
[SYS] 2025/03/31 - 05:22:09 | 任务进度轮询开始 
[SYS] 2025/03/31 - 05:22:09 | 任务进度轮询完成 
[SYS] 2025/03/31 - 05:22:22 | syncing options from database 
[SYS] 2025/03/31 - 05:22:22 | syncing channels from database 
[SYS] 2025/03/31 - 05:22:22 | channels synced from database 
[SYS] 2025/03/31 - 05:22:24 | 任务进度轮询开始 
[SYS] 2025/03/31 - 05:22:24 | 任务进度轮询完成 
[GIN] 2025/03/31 - 05:22:32 | 202503310522321881166334c21DCpt | 200 |    1.730408ms |             ::1 |     GET /api/status
[SYS] 2025/03/31 - 05:22:37 | 任务进度轮询开始 
[SYS] 2025/03/31 - 05:22:37 | 任务进度轮询完成 
[SYS] 2025/03/31 - 05:22:52 | 任务进度轮询开始 
[SYS] 2025/03/31 - 05:22:52 | 任务进度轮询完成 
[GIN] 2025/03/31 - 05:23:00 | 20250331052300105486834A3a7J0sw | 200 |     850.742µs |             ::1 |     GET /api/status
[SYS] 2025/03/31 - 05:23:04 | 任务进度轮询开始 
[SYS] 2025/03/31 - 05:23:04 | 任务进度轮询完成 
[SYS] 2025/03/31 - 05:23:17 | 正在更新数据看板数据... 
[SYS] 2025/03/31 - 05:23:17 | 保存数据看板数据成功，共保存0条数据 
[SYS] 2025/03/31 - 05:23:17 | syncing options from database 
[SYS] 2025/03/31 - 05:23:17 | syncing channels from database 
[SYS] 2025/03/31 - 05:23:17 | channels synced from database 
[SYS] 2025/03/31 - 05:23:19 | 任务进度轮询开始 
[SYS] 2025/03/31 - 05:23:19 | 任务进度轮询完成 
[GIN] 2025/03/31 - 05:23:27 | 2025033105232785483854052A9ChHX | 200 |     1.34225ms |             ::1 |     GET /api/status
[SYS] 2025/03/31 - 05:23:32 | 任务进度轮询开始 
[SYS] 2025/03/31 - 05:23:32 | 任务进度轮询完成 
[SYS] 2025/03/31 - 05:23:47 | 任务进度轮询开始 
[SYS] 2025/03/31 - 05:23:47 | 任务进度轮询完成 
[GIN] 2025/03/31 - 05:23:55 | 20250331052355640315997wWvW9Q9I | 200 |     1.15505ms |             ::1 |     GET /api/status
[SYS] 2025/03/31 - 05:24:00 | 任务进度轮询开始 
[SYS] 2025/03/31 - 05:24:00 | 任务进度轮询完成 
[SYS] 2025/03/31 - 05:24:13 | syncing options from database 
[SYS] 2025/03/31 - 05:24:13 | syncing channels from database 
[SYS] 2025/03/31 - 05:24:13 | channels synced from database 
[SYS] 2025/03/31 - 05:24:15 | 任务进度轮询开始 
[SYS] 2025/03/31 - 05:24:15 | 任务进度轮询完成 
[GIN] 2025/03/31 - 05:24:23 | 20250331052423398278029fELCVncT | 200 |    1.147792ms |             ::1 |     GET /api/status
[SYS] 2025/03/31 - 05:24:28 | 任务进度轮询开始 
[SYS] 2025/03/31 - 05:24:28 | 任务进度轮询完成 
[SYS] 2025/03/31 - 05:24:43 | 任务进度轮询开始 
[SYS] 2025/03/31 - 05:24:43 | 任务进度轮询完成 
[GIN] 2025/03/31 - 05:24:51 | 20250331052451150224798TUCSR1jA | 200 |    1.619909ms |             ::1 |     GET /api/status
[SYS] 2025/03/31 - 05:24:55 | 任务进度轮询开始 
[SYS] 2025/03/31 - 05:24:55 | 任务进度轮询完成 
[SYS] 2025/03/31 - 05:25:08 | syncing options from database 
[SYS] 2025/03/31 - 05:25:08 | syncing channels from database 
[SYS] 2025/03/31 - 05:25:08 | channels synced from database 
[SYS] 2025/03/31 - 05:25:10 | 任务进度轮询开始 
[SYS] 2025/03/31 - 05:25:10 | 任务进度轮询完成 
[GIN] 2025/03/31 - 05:25:18 | 20250331052518929323804AK40CNcy | 200 |     974.783µs |             ::1 |     GET /api/status
[SYS] 2025/03/31 - 05:25:23 | 任务进度轮询开始 
[SYS] 2025/03/31 - 05:25:23 | 任务进度轮询完成 
[SYS] 2025/03/31 - 05:25:38 | 任务进度轮询开始 
[SYS] 2025/03/31 - 05:25:38 | 任务进度轮询完成 
[GIN] 2025/03/31 - 05:25:46 | 20250331052546667873925qlhjYgaC | 200 |    1.191667ms |             ::1 |     GET /api/status
[SYS] 2025/03/31 - 05:25:51 | 任务进度轮询开始 
[SYS] 2025/03/31 - 05:25:51 | 任务进度轮询完成 
[SYS] 2025/03/31 - 05:26:03 | syncing options from database 
[SYS] 2025/03/31 - 05:26:04 | syncing channels from database 
[SYS] 2025/03/31 - 05:26:04 | channels synced from database 
[SYS] 2025/03/31 - 05:26:06 | 任务进度轮询开始 
[SYS] 2025/03/31 - 05:26:06 | 任务进度轮询完成 
[GIN] 2025/03/31 - 05:26:14 | 20250331052614483048843LFqLMBJe | 200 |    2.396116ms |             ::1 |     GET /api/status
[SYS] 2025/03/31 - 05:26:18 | 任务进度轮询开始 
[SYS] 2025/03/31 - 05:26:19 | 任务进度轮询完成 
[SYS] 2025/03/31 - 05:26:34 | 任务进度轮询开始 
[SYS] 2025/03/31 - 05:26:34 | 任务进度轮询完成 
[GIN] 2025/03/31 - 05:26:42 | 20250331052642211431033bdjn2wBQ | 200 |    1.111934ms |             ::1 |     GET /api/status
[SYS] 2025/03/31 - 05:26:46 | 任务进度轮询开始 
[SYS] 2025/03/31 - 05:26:46 | 任务进度轮询完成 
[SYS] 2025/03/31 - 05:26:59 | syncing options from database 
[SYS] 2025/03/31 - 05:26:59 | syncing channels from database 
[SYS] 2025/03/31 - 05:26:59 | channels synced from database 
[SYS] 2025/03/31 - 05:27:01 | 任务进度轮询开始 
[SYS] 2025/03/31 - 05:27:01 | 任务进度轮询完成 
[GIN] 2025/03/31 - 05:27:09 | 20250331052709992366887xequttyC | 200 |     1.85315ms |             ::1 |     GET /api/status
[SYS] 2025/03/31 - 05:27:14 | 任务进度轮询开始 
[SYS] 2025/03/31 - 05:27:14 | 任务进度轮询完成 
[SYS] 2025/03/31 - 05:27:29 | 任务进度轮询开始 
[SYS] 2025/03/31 - 05:27:29 | 任务进度轮询完成 
[GIN] 2025/03/31 - 05:27:37 | 20250331052737748238949B9CM1QcV | 200 |     871.108µs |             ::1 |     GET /api/status
[SYS] 2025/03/31 - 05:27:42 | 任务进度轮询开始 
[SYS] 2025/03/31 - 05:27:42 | 任务进度轮询完成 
[SYS] 2025/03/31 - 05:27:54 | 正在更新数据看板数据... 
[SYS] 2025/03/31 - 05:27:54 | 保存数据看板数据成功，共保存0条数据 
[SYS] 2025/03/31 - 05:27:54 | syncing options from database 
[SYS] 2025/03/31 - 05:27:54 | syncing channels from database 
[SYS] 2025/03/31 - 05:27:54 | channels synced from database 
[SYS] 2025/03/31 - 05:27:57 | 任务进度轮询开始 
[SYS] 2025/03/31 - 05:27:57 | 任务进度轮询完成 
[GIN] 2025/03/31 - 05:28:05 | 202503310528055638184619qy1Ojmg | 200 |      958.75µs |             ::1 |     GET /api/status
[SYS] 2025/03/31 - 05:28:09 | 任务进度轮询开始 
[SYS] 2025/03/31 - 05:28:09 | 任务进度轮询完成 
[SYS] 2025/03/31 - 05:28:24 | 任务进度轮询开始 
[SYS] 2025/03/31 - 05:28:24 | 任务进度轮询完成 
[GIN] 2025/03/31 - 05:28:33 | 20250331052833444607983ooU9wSWZ | 200 |     815.859µs |             ::1 |     GET /api/status
[SYS] 2025/03/31 - 05:28:37 | 任务进度轮询开始 
[SYS] 2025/03/31 - 05:28:37 | 任务进度轮询完成 
[SYS] 2025/03/31 - 05:28:50 | syncing options from database 
[SYS] 2025/03/31 - 05:28:50 | syncing channels from database 
[SYS] 2025/03/31 - 05:28:50 | channels synced from database 
[SYS] 2025/03/31 - 05:28:52 | 任务进度轮询开始 
[SYS] 2025/03/31 - 05:28:52 | 任务进度轮询完成 
[GIN] 2025/03/31 - 05:29:01 | 202503310529012132788758E1QaBFt | 200 |    1.111175ms |             ::1 |     GET /api/status
[SYS] 2025/03/31 - 05:29:05 | 任务进度轮询开始 
[SYS] 2025/03/31 - 05:29:05 | 任务进度轮询完成 
[SYS] 2025/03/31 - 05:29:20 | 任务进度轮询开始 
[SYS] 2025/03/31 - 05:29:20 | 任务进度轮询完成 
[GIN] 2025/03/31 - 05:29:28 | 202503310529289712733542ZN8ajoA | 200 |    1.055275ms |             ::1 |     GET /api/status
[SYS] 2025/03/31 - 05:29:33 | 任务进度轮询开始 
[SYS] 2025/03/31 - 05:29:33 | 任务进度轮询完成 
[SYS] 2025/03/31 - 05:29:45 | syncing options from database 
[SYS] 2025/03/31 - 05:29:45 | syncing channels from database 
[SYS] 2025/03/31 - 05:29:45 | channels synced from database 
[SYS] 2025/03/31 - 05:29:48 | 任务进度轮询开始 
[SYS] 2025/03/31 - 05:29:48 | 任务进度轮询完成 
[GIN] 2025/03/31 - 05:29:56 | 20250331052956774553798naE3nDnu | 200 |     800.583µs |             ::1 |     GET /api/status
[SYS] 2025/03/31 - 05:30:00 | 任务进度轮询开始 
[SYS] 2025/03/31 - 05:30:00 | 任务进度轮询完成 
[SYS] 2025/03/31 - 05:30:15 | 任务进度轮询开始 
[SYS] 2025/03/31 - 05:30:15 | 任务进度轮询完成 
[GIN] 2025/03/31 - 05:30:24 | 20250331053024520495592ahTdDCVy | 200 |     1.00035ms |             ::1 |     GET /api/status
[SYS] 2025/03/31 - 05:30:28 | 任务进度轮询开始 
[SYS] 2025/03/31 - 05:30:28 | 任务进度轮询完成 
[SYS] 2025/03/31 - 05:30:40 | syncing options from database 
[SYS] 2025/03/31 - 05:30:41 | syncing channels from database 
[SYS] 2025/03/31 - 05:30:41 | channels synced from database 
[SYS] 2025/03/31 - 05:30:43 | 任务进度轮询开始 
[SYS] 2025/03/31 - 05:30:43 | 任务进度轮询完成 
[GIN] 2025/03/31 - 05:30:52 | 20250331053052289896894Rgxc1RAO | 200 |    8.093041ms |             ::1 |     GET /api/status
[SYS] 2025/03/31 - 05:30:56 | 任务进度轮询开始 
[SYS] 2025/03/31 - 05:30:56 | 任务进度轮询完成 
[SYS] 2025/03/31 - 05:31:11 | 任务进度轮询开始 
[SYS] 2025/03/31 - 05:31:11 | 任务进度轮询完成 
[GIN] 2025/03/31 - 05:31:20 | 2025033105312077348028dUS6QERN | 200 |    1.260025ms |             ::1 |     GET /api/status
[SYS] 2025/03/31 - 05:31:23 | 任务进度轮询开始 
[SYS] 2025/03/31 - 05:31:23 | 任务进度轮询完成 
[SYS] 2025/03/31 - 05:31:36 | syncing options from database 
[SYS] 2025/03/31 - 05:31:36 | syncing channels from database 
[SYS] 2025/03/31 - 05:31:36 | channels synced from database 
[SYS] 2025/03/31 - 05:31:38 | 任务进度轮询开始 
[SYS] 2025/03/31 - 05:31:38 | 任务进度轮询完成 
[GIN] 2025/03/31 - 05:31:47 | 202503310531478595947742XvlP0Ut | 200 |    1.196108ms |             ::1 |     GET /api/status
[SYS] 2025/03/31 - 05:31:51 | 任务进度轮询开始 
[SYS] 2025/03/31 - 05:31:51 | 任务进度轮询完成 
[SYS] 2025/03/31 - 05:32:06 | 任务进度轮询开始 
[SYS] 2025/03/31 - 05:32:06 | 任务进度轮询完成 
[GIN] 2025/03/31 - 05:32:15 | 20250331053215631385997Y20tjXV1 | 200 |     883.025µs |             ::1 |     GET /api/status
[SYS] 2025/03/31 - 05:32:19 | 任务进度轮询开始 
[SYS] 2025/03/31 - 05:32:19 | 任务进度轮询完成 
[SYS] 2025/03/31 - 05:32:31 | 正在更新数据看板数据... 
[SYS] 2025/03/31 - 05:32:31 | 保存数据看板数据成功，共保存0条数据 
[SYS] 2025/03/31 - 05:32:31 | syncing options from database 
[SYS] 2025/03/31 - 05:32:31 | syncing channels from database 
[SYS] 2025/03/31 - 05:32:31 | channels synced from database 
[SYS] 2025/03/31 - 05:32:34 | 任务进度轮询开始 
[SYS] 2025/03/31 - 05:32:34 | 任务进度轮询完成 
[GIN] 2025/03/31 - 05:32:43 | 20250331053243542158609QYSMz29u | 200 |     689.867µs |             ::1 |     GET /api/status
[SYS] 2025/03/31 - 05:32:46 | 任务进度轮询开始 
[SYS] 2025/03/31 - 05:32:46 | 任务进度轮询完成 
[SYS] 2025/03/31 - 05:33:01 | 任务进度轮询开始 
[SYS] 2025/03/31 - 05:33:01 | 任务进度轮询完成 
[GIN] 2025/03/31 - 05:33:11 | 20250331053311284315868GcsvGneS | 200 |    1.019958ms |             ::1 |     GET /api/status
[SYS] 2025/03/31 - 05:33:14 | 任务进度轮询开始 
[SYS] 2025/03/31 - 05:33:14 | 任务进度轮询完成 
[SYS] 2025/03/31 - 05:33:27 | syncing options from database 
[SYS] 2025/03/31 - 05:33:27 | syncing channels from database 
[SYS] 2025/03/31 - 05:33:27 | channels synced from database 
[SYS] 2025/03/31 - 05:33:29 | 任务进度轮询开始 
[SYS] 2025/03/31 - 05:33:29 | 任务进度轮询完成 
[GIN] 2025/03/31 - 05:33:39 | 20250331053339301099141lMenRbk | 200 |      623.35µs |             ::1 |     GET /api/status
[SYS] 2025/03/31 - 05:33:42 | 任务进度轮询开始 
[SYS] 2025/03/31 - 05:33:42 | 任务进度轮询完成 
[SYS] 2025/03/31 - 05:33:57 | 任务进度轮询开始 
[SYS] 2025/03/31 - 05:33:57 | 任务进度轮询完成 
[GIN] 2025/03/31 - 05:34:06 | 20250331053406794048505e2P9zUKx | 200 |     947.917µs |             ::1 |     GET /api/status
[SYS] 2025/03/31 - 05:34:10 | 任务进度轮询开始 
[SYS] 2025/03/31 - 05:34:10 | 任务进度轮询完成 
[SYS] 2025/03/31 - 05:34:22 | syncing options from database 
[SYS] 2025/03/31 - 05:34:22 | syncing channels from database 
[SYS] 2025/03/31 - 05:34:22 | channels synced from database 
[SYS] 2025/03/31 - 05:34:25 | 任务进度轮询开始 
[SYS] 2025/03/31 - 05:34:25 | 任务进度轮询完成 
[GIN] 2025/03/31 - 05:34:34 | 202503310534345349521612MUCA1ev | 200 |    1.073258ms |             ::1 |     GET /api/status
[SYS] 2025/03/31 - 05:34:37 | 任务进度轮询开始 
[SYS] 2025/03/31 - 05:34:37 | 任务进度轮询完成 
[SYS] 2025/03/31 - 05:34:52 | 任务进度轮询开始 
[SYS] 2025/03/31 - 05:34:52 | 任务进度轮询完成 
[GIN] 2025/03/31 - 05:35:02 | 20250331053502282554561TmGNij9N | 200 |   10.548959ms |             ::1 |     GET /api/status
[SYS] 2025/03/31 - 05:35:05 | 任务进度轮询开始 
[SYS] 2025/03/31 - 05:35:05 | 任务进度轮询完成 
[SYS] 2025/03/31 - 05:35:17 | syncing options from database 
[SYS] 2025/03/31 - 05:35:18 | syncing channels from database 
[SYS] 2025/03/31 - 05:35:18 | channels synced from database 
[SYS] 2025/03/31 - 05:35:20 | 任务进度轮询开始 
[SYS] 2025/03/31 - 05:35:20 | 任务进度轮询完成 
[GIN] 2025/03/31 - 05:35:30 | 2025033105353039072461c6FhCtOw | 200 |      1.1609ms |             ::1 |     GET /api/status
[SYS] 2025/03/31 - 05:35:33 | 任务进度轮询开始 
[SYS] 2025/03/31 - 05:35:33 | 任务进度轮询完成 
[SYS] 2025/03/31 - 05:35:48 | 任务进度轮询开始 
[SYS] 2025/03/31 - 05:35:48 | 任务进度轮询完成 
[GIN] 2025/03/31 - 05:35:57 | 20250331053557815123661dnOIWYlo | 200 |    1.805375ms |             ::1 |     GET /api/status
[SYS] 2025/03/31 - 05:36:00 | 任务进度轮询开始 
[SYS] 2025/03/31 - 05:36:00 | 任务进度轮询完成 
[SYS] 2025/03/31 - 05:36:13 | syncing options from database 
[SYS] 2025/03/31 - 05:36:13 | syncing channels from database 
[SYS] 2025/03/31 - 05:36:13 | channels synced from database 
[SYS] 2025/03/31 - 05:36:15 | 任务进度轮询开始 
[SYS] 2025/03/31 - 05:36:15 | 任务进度轮询完成 
[GIN] 2025/03/31 - 05:36:25 | 20250331053625574230751TQWYVHm3 | 200 |    1.016383ms |             ::1 |     GET /api/status
[SYS] 2025/03/31 - 05:36:28 | 任务进度轮询开始 
[SYS] 2025/03/31 - 05:36:28 | 任务进度轮询完成 
[SYS] 2025/03/31 - 05:36:43 | 任务进度轮询开始 
[SYS] 2025/03/31 - 05:36:43 | 任务进度轮询完成 
[GIN] 2025/03/31 - 05:36:53 | 20250331053653321632522CzU9cUv3 | 200 |    1.139017ms |             ::1 |     GET /api/status
[SYS] 2025/03/31 - 05:36:56 | 任务进度轮询开始 
[SYS] 2025/03/31 - 05:36:56 | 任务进度轮询完成 
[SYS] 2025/03/31 - 05:37:08 | 正在更新数据看板数据... 
[SYS] 2025/03/31 - 05:37:08 | 保存数据看板数据成功，共保存0条数据 
[SYS] 2025/03/31 - 05:37:08 | syncing options from database 
[SYS] 2025/03/31 - 05:37:08 | syncing channels from database 
[SYS] 2025/03/31 - 05:37:08 | channels synced from database 
[SYS] 2025/03/31 - 05:37:11 | 任务进度轮询开始 
[SYS] 2025/03/31 - 05:37:11 | 任务进度轮询完成 
[GIN] 2025/03/31 - 05:37:21 | 2025033105372174341883Z7XPb2gn | 200 |    1.108359ms |             ::1 |     GET /api/status
[SYS] 2025/03/31 - 05:37:23 | 任务进度轮询开始 
[SYS] 2025/03/31 - 05:37:23 | 任务进度轮询完成 
[SYS] 2025/03/31 - 05:37:38 | 任务进度轮询开始 
[SYS] 2025/03/31 - 05:37:38 | 任务进度轮询完成 
[GIN] 2025/03/31 - 05:37:48 | 20250331053748855776249v06Pf36p | 200 |   17.973042ms |             ::1 |     GET /api/status
[SYS] 2025/03/31 - 05:37:51 | 任务进度轮询开始 
[SYS] 2025/03/31 - 05:37:51 | 任务进度轮询完成 
[SYS] 2025/03/31 - 05:38:04 | syncing options from database 
[SYS] 2025/03/31 - 05:38:04 | syncing channels from database 
[SYS] 2025/03/31 - 05:38:04 | channels synced from database 
[SYS] 2025/03/31 - 05:38:06 | 任务进度轮询开始 
[SYS] 2025/03/31 - 05:38:06 | 任务进度轮询完成 
[GIN] 2025/03/31 - 05:38:16 | 20250331053816626282260uGELaYmS | 200 |    1.672342ms |             ::1 |     GET /api/status
[SYS] 2025/03/31 - 05:38:19 | 任务进度轮询开始 
[SYS] 2025/03/31 - 05:38:19 | 任务进度轮询完成 
[SYS] 2025/03/31 - 05:38:34 | 任务进度轮询开始 
[SYS] 2025/03/31 - 05:38:34 | 任务进度轮询完成 
[GIN] 2025/03/31 - 05:38:44 | 20250331053844395710315Ol0TmHDI | 200 |    1.612975ms |             ::1 |     GET /api/status
[SYS] 2025/03/31 - 05:38:47 | 任务进度轮询开始 
[SYS] 2025/03/31 - 05:38:47 | 任务进度轮询完成 
[SYS] 2025/03/31 - 05:38:59 | syncing options from database 
[SYS] 2025/03/31 - 05:38:59 | syncing channels from database 
[SYS] 2025/03/31 - 05:38:59 | channels synced from database 
[SYS] 2025/03/31 - 05:39:02 | 任务进度轮询开始 
[SYS] 2025/03/31 - 05:39:02 | 任务进度轮询完成 
[GIN] 2025/03/31 - 05:39:12 | 20250331053912162909503OpbZlchl | 200 |    1.709825ms |             ::1 |     GET /api/status
[SYS] 2025/03/31 - 05:39:14 | 任务进度轮询开始 
[SYS] 2025/03/31 - 05:39:14 | 任务进度轮询完成 
[SYS] 2025/03/31 - 05:39:29 | 任务进度轮询开始 
[SYS] 2025/03/31 - 05:39:29 | 任务进度轮询完成 
[GIN] 2025/03/31 - 05:39:39 | 202503310539399657103479YII67yy | 200 |    1.247025ms |             ::1 |     GET /api/status
[SYS] 2025/03/31 - 05:39:42 | 任务进度轮询开始 
[SYS] 2025/03/31 - 05:39:42 | 任务进度轮询完成 
[SYS] 2025/03/31 - 05:39:54 | syncing options from database 
[SYS] 2025/03/31 - 05:39:54 | syncing channels from database 
[SYS] 2025/03/31 - 05:39:54 | channels synced from database 
[SYS] 2025/03/31 - 05:39:57 | 任务进度轮询开始 
[SYS] 2025/03/31 - 05:39:57 | 任务进度轮询完成 
[GIN] 2025/03/31 - 05:40:07 | 20250331054007784692443Zwr55X22 | 200 |    1.837984ms |             ::1 |     GET /api/status
[SYS] 2025/03/31 - 05:40:10 | 任务进度轮询开始 
[SYS] 2025/03/31 - 05:40:10 | 任务进度轮询完成 
[SYS] 2025/03/31 - 05:40:25 | 任务进度轮询开始 
[SYS] 2025/03/31 - 05:40:25 | 任务进度轮询完成 
[GIN] 2025/03/31 - 05:40:35 | 202503310540355420672595EDmtp6Y | 200 |    1.140967ms |             ::1 |     GET /api/status
[SYS] 2025/03/31 - 05:40:37 | 任务进度轮询开始 
[SYS] 2025/03/31 - 05:40:37 | 任务进度轮询完成 
[SYS] 2025/03/31 - 05:40:50 | syncing options from database 
[SYS] 2025/03/31 - 05:40:50 | syncing channels from database 
[SYS] 2025/03/31 - 05:40:50 | channels synced from database 
[SYS] 2025/03/31 - 05:40:52 | 任务进度轮询开始 
[SYS] 2025/03/31 - 05:40:52 | 任务进度轮询完成 
[GIN] 2025/03/31 - 05:41:03 | 20250331054103323273113dWBjdgM3 | 200 |    1.697692ms |             ::1 |     GET /api/status
[SYS] 2025/03/31 - 05:41:05 | 任务进度轮询开始 
[SYS] 2025/03/31 - 05:41:05 | 任务进度轮询完成 
[SYS] 2025/03/31 - 05:41:20 | 任务进度轮询开始 
[SYS] 2025/03/31 - 05:41:20 | 任务进度轮询完成 
[GIN] 2025/03/31 - 05:41:31 | 20250331054131105556157lPRNUkqq | 200 |      1.5639ms |             ::1 |     GET /api/status
[SYS] 2025/03/31 - 05:41:33 | 任务进度轮询开始 
[SYS] 2025/03/31 - 05:41:33 | 任务进度轮询完成 
[SYS] 2025/03/31 - 05:41:45 | 正在更新数据看板数据... 
[SYS] 2025/03/31 - 05:41:45 | 保存数据看板数据成功，共保存0条数据 
[SYS] 2025/03/31 - 05:41:45 | syncing options from database 
[SYS] 2025/03/31 - 05:41:45 | syncing channels from database 
[SYS] 2025/03/31 - 05:41:45 | channels synced from database 
[SYS] 2025/03/31 - 05:41:48 | 任务进度轮询开始 
[SYS] 2025/03/31 - 05:41:48 | 任务进度轮询完成 
[GIN] 2025/03/31 - 05:41:58 | 20250331054158881049492pT4F1Cl1 | 200 |    1.645909ms |             ::1 |     GET /api/status
[SYS] 2025/03/31 - 05:42:00 | 任务进度轮询开始 
[SYS] 2025/03/31 - 05:42:00 | 任务进度轮询完成 
[SYS] 2025/03/31 - 05:42:15 | 任务进度轮询开始 
[SYS] 2025/03/31 - 05:42:15 | 任务进度轮询完成 
[GIN] 2025/03/31 - 05:42:26 | 20250331054226633625429uvjis4ah | 200 |    1.408008ms |             ::1 |     GET /api/status
[SYS] 2025/03/31 - 05:42:28 | 任务进度轮询开始 
[SYS] 2025/03/31 - 05:42:28 | 任务进度轮询完成 
[SYS] 2025/03/31 - 05:42:40 | syncing options from database 
[SYS] 2025/03/31 - 05:42:41 | syncing channels from database 
[SYS] 2025/03/31 - 05:42:41 | channels synced from database 
[SYS] 2025/03/31 - 05:42:43 | 任务进度轮询开始 
[SYS] 2025/03/31 - 05:42:43 | 任务进度轮询完成 
[GIN] 2025/03/31 - 05:42:54 | 2025033105425439059668729SKJnWM | 200 |    1.319825ms |             ::1 |     GET /api/status
[SYS] 2025/03/31 - 05:42:56 | 任务进度轮询开始 
[SYS] 2025/03/31 - 05:42:56 | 任务进度轮询完成 
[SYS] 2025/03/31 - 05:43:11 | 任务进度轮询开始 
[SYS] 2025/03/31 - 05:43:11 | 任务进度轮询完成 
[GIN] 2025/03/31 - 05:43:22 | 20250331054322145666228jxZTdbGN | 200 |      8.2004ms |             ::1 |     GET /api/status
[SYS] 2025/03/31 - 05:43:24 | 任务进度轮询开始 
[SYS] 2025/03/31 - 05:43:24 | 任务进度轮询完成 
[SYS] 2025/03/31 - 05:43:36 | syncing options from database 
[SYS] 2025/03/31 - 05:43:36 | syncing channels from database 
[SYS] 2025/03/31 - 05:43:36 | channels synced from database 
[SYS] 2025/03/31 - 05:43:39 | 任务进度轮询开始 
[SYS] 2025/03/31 - 05:43:39 | 任务进度轮询完成 
[GIN] 2025/03/31 - 05:43:49 | 20250331054349916091975WqPj58S0 | 200 |    1.504533ms |             ::1 |     GET /api/status
[SYS] 2025/03/31 - 05:43:51 | 任务进度轮询开始 
[SYS] 2025/03/31 - 05:43:51 | 任务进度轮询完成 
[SYS] 2025/03/31 - 05:44:06 | 任务进度轮询开始 
[SYS] 2025/03/31 - 05:44:06 | 任务进度轮询完成 
[GIN] 2025/03/31 - 05:44:17 | 202503310544176724060274O37QWzm | 200 |    1.530642ms |             ::1 |     GET /api/status
[SYS] 2025/03/31 - 05:44:19 | 任务进度轮询开始 
[SYS] 2025/03/31 - 05:44:19 | 任务进度轮询完成 
[SYS] 2025/03/31 - 05:44:31 | syncing options from database 
[SYS] 2025/03/31 - 05:44:31 | syncing channels from database 
[SYS] 2025/03/31 - 05:44:31 | channels synced from database 
[SYS] 2025/03/31 - 05:44:34 | 任务进度轮询开始 
[SYS] 2025/03/31 - 05:44:34 | 任务进度轮询完成 
[GIN] 2025/03/31 - 05:44:45 | 20250331054445424572848uyxVRa95 | 200 |     952.683µs |             ::1 |     GET /api/status
[SYS] 2025/03/31 - 05:44:47 | 任务进度轮询开始 
[SYS] 2025/03/31 - 05:44:47 | 任务进度轮询完成 
[SYS] 2025/03/31 - 05:45:02 | 任务进度轮询开始 
[SYS] 2025/03/31 - 05:45:02 | 任务进度轮询完成 
[GIN] 2025/03/31 - 05:45:13 | 20250331054513193943308KZv1uu0V | 200 |    1.411042ms |             ::1 |     GET /api/status
[SYS] 2025/03/31 - 05:45:14 | 任务进度轮询开始 
[SYS] 2025/03/31 - 05:45:14 | 任务进度轮询完成 
[SYS] 2025/03/31 - 05:45:27 | syncing options from database 
[SYS] 2025/03/31 - 05:45:27 | syncing channels from database 
[SYS] 2025/03/31 - 05:45:27 | channels synced from database 
[SYS] 2025/03/31 - 05:45:29 | 任务进度轮询开始 
[SYS] 2025/03/31 - 05:45:29 | 任务进度轮询完成 
[GIN] 2025/03/31 - 05:45:40 | 20250331054540963841397ZoH8ahxF | 200 |    2.748417ms |             ::1 |     GET /api/status
[SYS] 2025/03/31 - 05:45:42 | 任务进度轮询开始 
[SYS] 2025/03/31 - 05:45:42 | 任务进度轮询完成 
[SYS] 2025/03/31 - 05:45:57 | 任务进度轮询开始 
[SYS] 2025/03/31 - 05:45:57 | 任务进度轮询完成 
[GIN] 2025/03/31 - 05:46:08 | 20250331054608733042768r5saoDuZ | 200 |    1.726183ms |             ::1 |     GET /api/status
[SYS] 2025/03/31 - 05:46:10 | 任务进度轮询开始 
[SYS] 2025/03/31 - 05:46:10 | 任务进度轮询完成 
[SYS] 2025/03/31 - 05:46:22 | 正在更新数据看板数据... 
[SYS] 2025/03/31 - 05:46:22 | 保存数据看板数据成功，共保存0条数据 
[SYS] 2025/03/31 - 05:46:22 | syncing options from database 
[SYS] 2025/03/31 - 05:46:22 | syncing channels from database 
[SYS] 2025/03/31 - 05:46:22 | channels synced from database 
[SYS] 2025/03/31 - 05:46:25 | 任务进度轮询开始 
[SYS] 2025/03/31 - 05:46:25 | 任务进度轮询完成 
[GIN] 2025/03/31 - 05:46:36 | 20250331054636508371564UIYaKRQR | 200 |    1.436609ms |             ::1 |     GET /api/status
[SYS] 2025/03/31 - 05:46:38 | 任务进度轮询开始 
[SYS] 2025/03/31 - 05:46:38 | 任务进度轮询完成 
[SYS] 2025/03/31 - 05:46:53 | 任务进度轮询开始 
[SYS] 2025/03/31 - 05:46:53 | 任务进度轮询完成 
[GIN] 2025/03/31 - 05:47:04 | 2025033105470423555631689n9Zm7F | 200 |    1.268691ms |             ::1 |     GET /api/status
[SYS] 2025/03/31 - 05:47:05 | 任务进度轮询开始 
[SYS] 2025/03/31 - 05:47:05 | 任务进度轮询完成 
[SYS] 2025/03/31 - 05:47:17 | syncing options from database 
[SYS] 2025/03/31 - 05:47:18 | syncing channels from database 
[SYS] 2025/03/31 - 05:47:18 | channels synced from database 
[SYS] 2025/03/31 - 05:47:20 | 任务进度轮询开始 
[SYS] 2025/03/31 - 05:47:20 | 任务进度轮询完成 
[GIN] 2025/03/31 - 05:47:32 | 2025033105473294860673ttxwxVMe | 200 |    1.056575ms |             ::1 |     GET /api/status
[SYS] 2025/03/31 - 05:47:33 | 任务进度轮询开始 
[SYS] 2025/03/31 - 05:47:33 | 任务进度轮询完成 
[SYS] 2025/03/31 - 05:47:48 | 任务进度轮询开始 
[SYS] 2025/03/31 - 05:47:48 | 任务进度轮询完成 
[GIN] 2025/03/31 - 05:47:59 | 20250331054759886320440KSesX2jE | 200 |    1.023533ms |             ::1 |     GET /api/status
[SYS] 2025/03/31 - 05:48:01 | 任务进度轮询开始 
[SYS] 2025/03/31 - 05:48:01 | 任务进度轮询完成 
[SYS] 2025/03/31 - 05:48:13 | syncing options from database 
[SYS] 2025/03/31 - 05:48:13 | syncing channels from database 
[SYS] 2025/03/31 - 05:48:13 | channels synced from database 
[SYS] 2025/03/31 - 05:48:16 | 任务进度轮询开始 
[SYS] 2025/03/31 - 05:48:16 | 任务进度轮询完成 
[GIN] 2025/03/31 - 05:48:27 | 20250331054827646764581FqTWCAPH | 200 |    2.938109ms |             ::1 |     GET /api/status
[SYS] 2025/03/31 - 05:48:28 | 任务进度轮询开始 
[SYS] 2025/03/31 - 05:48:28 | 任务进度轮询完成 
[SYS] 2025/03/31 - 05:48:43 | 任务进度轮询开始 
[SYS] 2025/03/31 - 05:48:43 | 任务进度轮询完成 
[GIN] 2025/03/31 - 05:48:55 | 20250331054855391487036NeJACdOy | 200 |    1.507783ms |             ::1 |     GET /api/status
[SYS] 2025/03/31 - 05:48:56 | 任务进度轮询开始 
[SYS] 2025/03/31 - 05:48:56 | 任务进度轮询完成 
[SYS] 2025/03/31 - 05:49:08 | syncing options from database 
[SYS] 2025/03/31 - 05:49:08 | syncing channels from database 
[SYS] 2025/03/31 - 05:49:08 | channels synced from database 
[SYS] 2025/03/31 - 05:49:11 | 任务进度轮询开始 
[SYS] 2025/03/31 - 05:49:11 | 任务进度轮询完成 
[GIN] 2025/03/31 - 05:49:23 | 20250331054923196724630llnhyuz2 | 200 |    1.468567ms |             ::1 |     GET /api/status
[SYS] 2025/03/31 - 05:49:24 | 任务进度轮询开始 
[SYS] 2025/03/31 - 05:49:24 | 任务进度轮询完成 
[SYS] 2025/03/31 - 05:49:39 | 任务进度轮询开始 
[SYS] 2025/03/31 - 05:49:39 | 任务进度轮询完成 
[GIN] 2025/03/31 - 05:49:50 | 20250331054950964834763vptjjCf3 | 200 |    1.587192ms |             ::1 |     GET /api/status
[SYS] 2025/03/31 - 05:49:51 | 任务进度轮询开始 
[SYS] 2025/03/31 - 05:49:51 | 任务进度轮询完成 
[SYS] 2025/03/31 - 05:50:04 | syncing options from database 
[SYS] 2025/03/31 - 05:50:04 | syncing channels from database 
[SYS] 2025/03/31 - 05:50:04 | channels synced from database 
[SYS] 2025/03/31 - 05:50:06 | 任务进度轮询开始 
[SYS] 2025/03/31 - 05:50:06 | 任务进度轮询完成 
[GIN] 2025/03/31 - 05:50:18 | 20250331055018760211172EoFMecAY | 200 |    1.538117ms |             ::1 |     GET /api/status
[SYS] 2025/03/31 - 05:50:19 | 任务进度轮询开始 
[SYS] 2025/03/31 - 05:50:19 | 任务进度轮询完成 
[SYS] 2025/03/31 - 05:50:34 | 任务进度轮询开始 
[SYS] 2025/03/31 - 05:50:34 | 任务进度轮询完成 
[GIN] 2025/03/31 - 05:50:46 | 20250331055046505351871NLTjy6VY | 200 |    1.437692ms |             ::1 |     GET /api/status
[SYS] 2025/03/31 - 05:50:47 | 任务进度轮询开始 
[SYS] 2025/03/31 - 05:50:47 | 任务进度轮询完成 
[SYS] 2025/03/31 - 05:50:59 | 正在更新数据看板数据... 
[SYS] 2025/03/31 - 05:50:59 | 保存数据看板数据成功，共保存0条数据 
[SYS] 2025/03/31 - 05:50:59 | syncing options from database 
[SYS] 2025/03/31 - 05:50:59 | syncing channels from database 
[SYS] 2025/03/31 - 05:50:59 | channels synced from database 
[SYS] 2025/03/31 - 05:51:02 | 任务进度轮询开始 
[SYS] 2025/03/31 - 05:51:02 | 任务进度轮询完成 
[GIN] 2025/03/31 - 05:51:14 | 20250331055114284781758TsRPtecc | 200 |    2.690241ms |             ::1 |     GET /api/status
[SYS] 2025/03/31 - 05:51:15 | 任务进度轮询开始 
[SYS] 2025/03/31 - 05:51:15 | 任务进度轮询完成 
[SYS] 2025/03/31 - 05:51:30 | 任务进度轮询开始 
[SYS] 2025/03/31 - 05:51:30 | 任务进度轮询完成 
[GIN] 2025/03/31 - 05:51:42 | 2025033105514264175046Ig9FXM6I | 200 |    1.674941ms |             ::1 |     GET /api/status
[SYS] 2025/03/31 - 05:51:42 | 任务进度轮询开始 
[SYS] 2025/03/31 - 05:51:42 | 任务进度轮询完成 
[SYS] 2025/03/31 - 05:51:54 | syncing options from database 
[SYS] 2025/03/31 - 05:51:55 | syncing channels from database 
[SYS] 2025/03/31 - 05:51:55 | channels synced from database 
[SYS] 2025/03/31 - 05:51:57 | 任务进度轮询开始 
[SYS] 2025/03/31 - 05:51:57 | 任务进度轮询完成 
[GIN] 2025/03/31 - 05:52:09 | 20250331055209830009215O8IT1tYV | 200 |    8.784317ms |             ::1 |     GET /api/status
[SYS] 2025/03/31 - 05:52:10 | 任务进度轮询开始 
[SYS] 2025/03/31 - 05:52:10 | 任务进度轮询完成 
[SYS] 2025/03/31 - 05:52:25 | 任务进度轮询开始 
[SYS] 2025/03/31 - 05:52:25 | 任务进度轮询完成 
[GIN] 2025/03/31 - 05:52:37 | 202503310552375829293114Ia8eZst | 200 |     1.37605ms |             ::1 |     GET /api/status
[SYS] 2025/03/31 - 05:52:38 | 任务进度轮询开始 
[SYS] 2025/03/31 - 05:52:38 | 任务进度轮询完成 
[SYS] 2025/03/31 - 05:52:50 | syncing options from database 
[SYS] 2025/03/31 - 05:52:50 | syncing channels from database 
[SYS] 2025/03/31 - 05:52:50 | channels synced from database 
[SYS] 2025/03/31 - 05:52:53 | 任务进度轮询开始 
[SYS] 2025/03/31 - 05:52:53 | 任务进度轮询完成 
[GIN] 2025/03/31 - 05:53:05 | 20250331055305364254550Wh3NClOT | 200 |      2.3179ms |             ::1 |     GET /api/status
[SYS] 2025/03/31 - 05:53:05 | 任务进度轮询开始 
[SYS] 2025/03/31 - 05:53:05 | 任务进度轮询完成 
[SYS] 2025/03/31 - 05:53:20 | 任务进度轮询开始 
[SYS] 2025/03/31 - 05:53:20 | 任务进度轮询完成 
[GIN] 2025/03/31 - 05:53:33 | 20250331055333158056468OySfIFDt | 200 |    1.717191ms |             ::1 |     GET /api/status
[SYS] 2025/03/31 - 05:53:33 | 任务进度轮询开始 
[SYS] 2025/03/31 - 05:53:33 | 任务进度轮询完成 
[SYS] 2025/03/31 - 05:53:45 | syncing options from database 
[SYS] 2025/03/31 - 05:53:45 | syncing channels from database 
[SYS] 2025/03/31 - 05:53:45 | channels synced from database 
[SYS] 2025/03/31 - 05:53:48 | 任务进度轮询开始 
[SYS] 2025/03/31 - 05:53:48 | 任务进度轮询完成 
[GIN] 2025/03/31 - 05:54:00 | 202503310554009410429028g4FyRpP | 200 |    1.646125ms |             ::1 |     GET /api/status
[SYS] 2025/03/31 - 05:54:01 | 任务进度轮询开始 
[SYS] 2025/03/31 - 05:54:01 | 任务进度轮询完成 
[SYS] 2025/03/31 - 05:54:16 | 任务进度轮询开始 
[SYS] 2025/03/31 - 05:54:16 | 任务进度轮询完成 
[GIN] 2025/03/31 - 05:54:28 | 20250331055428716773636KLZdMGdT | 200 |    2.097875ms |             ::1 |     GET /api/status
[SYS] 2025/03/31 - 05:54:29 | 任务进度轮询开始 
[SYS] 2025/03/31 - 05:54:29 | 任务进度轮询完成 
[SYS] 2025/03/31 - 05:54:41 | syncing options from database 
[SYS] 2025/03/31 - 05:54:41 | syncing channels from database 
[SYS] 2025/03/31 - 05:54:41 | channels synced from database 
[SYS] 2025/03/31 - 05:54:44 | 任务进度轮询开始 
[SYS] 2025/03/31 - 05:54:44 | 任务进度轮询完成 
[GIN] 2025/03/31 - 05:54:56 | 20250331055456477233510nDVbSyXU | 200 |    1.739616ms |             ::1 |     GET /api/status
[SYS] 2025/03/31 - 05:54:56 | 任务进度轮询开始 
[SYS] 2025/03/31 - 05:54:56 | 任务进度轮询完成 
[SYS] 2025/03/31 - 05:55:11 | 任务进度轮询开始 
[SYS] 2025/03/31 - 05:55:11 | 任务进度轮询完成 
[GIN] 2025/03/31 - 05:55:24 | 20250331055524230597911LRBqtTry | 200 |    1.532483ms |             ::1 |     GET /api/status
[SYS] 2025/03/31 - 05:55:24 | 任务进度轮询开始 
[SYS] 2025/03/31 - 05:55:24 | 任务进度轮询完成 
[SYS] 2025/03/31 - 05:55:36 | 正在更新数据看板数据... 
[SYS] 2025/03/31 - 05:55:36 | 保存数据看板数据成功，共保存0条数据 
[SYS] 2025/03/31 - 05:55:36 | syncing options from database 
[SYS] 2025/03/31 - 05:55:36 | syncing channels from database 
[SYS] 2025/03/31 - 05:55:36 | channels synced from database 
[SYS] 2025/03/31 - 05:55:39 | 任务进度轮询开始 
[SYS] 2025/03/31 - 05:55:39 | 任务进度轮询完成 
[GIN] 2025/03/31 - 05:55:51 | 20250331055551968063220u8ljvEGS | 200 |    1.269775ms |             ::1 |     GET /api/status
[SYS] 2025/03/31 - 05:55:52 | 任务进度轮询开始 
[SYS] 2025/03/31 - 05:55:52 | 任务进度轮询完成 
[SYS] 2025/03/31 - 05:56:07 | 任务进度轮询开始 
[SYS] 2025/03/31 - 05:56:07 | 任务进度轮询完成 
[GIN] 2025/03/31 - 05:56:19 | 20250331055619725014995TMGkKWOw | 200 |    1.462825ms |             ::1 |     GET /api/status
[SYS] 2025/03/31 - 05:56:19 | 任务进度轮询开始 
[SYS] 2025/03/31 - 05:56:19 | 任务进度轮询完成 
[SYS] 2025/03/31 - 05:56:31 | syncing options from database 
[SYS] 2025/03/31 - 05:56:32 | syncing channels from database 
[SYS] 2025/03/31 - 05:56:32 | channels synced from database 
[SYS] 2025/03/31 - 05:56:34 | 任务进度轮询开始 
[SYS] 2025/03/31 - 05:56:34 | 任务进度轮询完成 
[GIN] 2025/03/31 - 05:56:47 | 20250331055647513952310EhIiGDo2 | 200 |    1.516559ms |             ::1 |     GET /api/status
[SYS] 2025/03/31 - 05:56:47 | 任务进度轮询开始 
[SYS] 2025/03/31 - 05:56:47 | 任务进度轮询完成 
[SYS] 2025/03/31 - 05:57:02 | 任务进度轮询开始 
[SYS] 2025/03/31 - 05:57:02 | 任务进度轮询完成 
[SYS] 2025/03/31 - 05:57:15 | 任务进度轮询开始 
[SYS] 2025/03/31 - 05:57:15 | 任务进度轮询完成 
[GIN] 2025/03/31 - 05:57:15 | 20250331055715318703760ATirIVR4 | 200 |     1.42675ms |             ::1 |     GET /api/status
[SYS] 2025/03/31 - 05:57:27 | syncing options from database 
[SYS] 2025/03/31 - 05:57:27 | syncing channels from database 
[SYS] 2025/03/31 - 05:57:27 | channels synced from database 
[SYS] 2025/03/31 - 05:57:30 | 任务进度轮询开始 
[SYS] 2025/03/31 - 05:57:30 | 任务进度轮询完成 
[SYS] 2025/03/31 - 05:57:42 | 任务进度轮询开始 
[SYS] 2025/03/31 - 05:57:42 | 任务进度轮询完成 
[GIN] 2025/03/31 - 05:57:43 | 2025033105574321173528YT7iPKHR | 200 |    4.339292ms |             ::1 |     GET /api/status
[SYS] 2025/03/31 - 05:57:57 | 任务进度轮询开始 
[SYS] 2025/03/31 - 05:57:57 | 任务进度轮询完成 
[SYS] 2025/03/31 - 05:58:10 | 任务进度轮询开始 
[SYS] 2025/03/31 - 05:58:10 | 任务进度轮询完成 
[GIN] 2025/03/31 - 05:58:10 | 202503310558108868628350O8TUDGd | 200 |    1.675375ms |             ::1 |     GET /api/status
[SYS] 2025/03/31 - 05:58:22 | syncing options from database 
[SYS] 2025/03/31 - 05:58:22 | syncing channels from database 
[SYS] 2025/03/31 - 05:58:22 | channels synced from database 
[SYS] 2025/03/31 - 05:58:25 | 任务进度轮询开始 
[SYS] 2025/03/31 - 05:58:25 | 任务进度轮询完成 
[SYS] 2025/03/31 - 05:58:38 | 任务进度轮询开始 
[SYS] 2025/03/31 - 05:58:38 | 任务进度轮询完成 
[GIN] 2025/03/31 - 05:58:38 | 20250331055838666015753XRqi0Fq7 | 200 |    1.518508ms |             ::1 |     GET /api/status
[SYS] 2025/03/31 - 05:58:53 | 任务进度轮询开始 
[SYS] 2025/03/31 - 05:58:53 | 任务进度轮询完成 
[SYS] 2025/03/31 - 05:59:06 | 任务进度轮询开始 
[SYS] 2025/03/31 - 05:59:06 | 任务进度轮询完成 
[GIN] 2025/03/31 - 05:59:06 | 20250331055906417858243Lbox7DtF | 200 |    1.619258ms |             ::1 |     GET /api/status
[SYS] 2025/03/31 - 05:59:17 | syncing options from database 
[SYS] 2025/03/31 - 05:59:18 | syncing channels from database 
[SYS] 2025/03/31 - 05:59:18 | channels synced from database 
[SYS] 2025/03/31 - 05:59:21 | 任务进度轮询开始 
[SYS] 2025/03/31 - 05:59:21 | 任务进度轮询完成 
[SYS] 2025/03/31 - 05:59:33 | 任务进度轮询开始 
[SYS] 2025/03/31 - 05:59:33 | 任务进度轮询完成 
[GIN] 2025/03/31 - 05:59:34 | 20250331055934200904318MbP2FOBZ | 200 |    1.542125ms |             ::1 |     GET /api/status
[SYS] 2025/03/31 - 05:59:48 | 任务进度轮询开始 
[SYS] 2025/03/31 - 05:59:48 | 任务进度轮询完成 
[SYS] 2025/03/31 - 06:00:01 | 任务进度轮询开始 
[SYS] 2025/03/31 - 06:00:01 | 任务进度轮询完成 
[GIN] 2025/03/31 - 06:00:01 | 20250331060001983274138RPt11NXn | 200 |    1.704841ms |             ::1 |     GET /api/status
[SYS] 2025/03/31 - 06:00:12 | 正在更新数据看板数据... 
[SYS] 2025/03/31 - 06:00:12 | 保存数据看板数据成功，共保存0条数据 
[SYS] 2025/03/31 - 06:00:13 | syncing options from database 
[SYS] 2025/03/31 - 06:00:13 | syncing channels from database 
[SYS] 2025/03/31 - 06:00:13 | channels synced from database 
[SYS] 2025/03/31 - 06:00:16 | 任务进度轮询开始 
[SYS] 2025/03/31 - 06:00:16 | 任务进度轮询完成 
[SYS] 2025/03/31 - 06:00:29 | 任务进度轮询开始 
[SYS] 2025/03/31 - 06:00:29 | 任务进度轮询完成 
[GIN] 2025/03/31 - 06:00:29 | 20250331060029859746539qYtMzGtX | 200 |    1.908617ms |             ::1 |     GET /api/status
[SYS] 2025/03/31 - 06:00:44 | 任务进度轮询开始 
[SYS] 2025/03/31 - 06:00:44 | 任务进度轮询完成 
[SYS] 2025/03/31 - 06:00:56 | 任务进度轮询开始 
[SYS] 2025/03/31 - 06:00:56 | 任务进度轮询完成 
[GIN] 2025/03/31 - 06:00:57 | 20250331060057612698082I0Ip5AqY | 200 |    1.920967ms |             ::1 |     GET /api/status
[SYS] 2025/03/31 - 06:01:08 | syncing options from database 
[SYS] 2025/03/31 - 06:01:09 | syncing channels from database 
[SYS] 2025/03/31 - 06:01:09 | channels synced from database 
[SYS] 2025/03/31 - 06:01:11 | 任务进度轮询开始 
[SYS] 2025/03/31 - 06:01:11 | 任务进度轮询完成 
[SYS] 2025/03/31 - 06:01:24 | 任务进度轮询开始 
[SYS] 2025/03/31 - 06:01:24 | 任务进度轮询完成 
[GIN] 2025/03/31 - 06:01:25 | 202503310601254340877620kFkIyV7 | 200 |   17.020358ms |             ::1 |     GET /api/status
[SYS] 2025/03/31 - 06:01:39 | 任务进度轮询开始 
[SYS] 2025/03/31 - 06:01:39 | 任务进度轮询完成 
[SYS] 2025/03/31 - 06:01:52 | 任务进度轮询开始 
[SYS] 2025/03/31 - 06:01:52 | 任务进度轮询完成 
[GIN] 2025/03/31 - 06:01:53 | 202503310601532107784160Ft0JZUZ | 200 |    2.209783ms |             ::1 |     GET /api/status
[SYS] 2025/03/31 - 06:02:04 | syncing options from database 
[SYS] 2025/03/31 - 06:02:04 | syncing channels from database 
[SYS] 2025/03/31 - 06:02:04 | channels synced from database 
[SYS] 2025/03/31 - 06:02:07 | 任务进度轮询开始 
[SYS] 2025/03/31 - 06:02:07 | 任务进度轮询完成 
[SYS] 2025/03/31 - 06:02:19 | 任务进度轮询开始 
[SYS] 2025/03/31 - 06:02:19 | 任务进度轮询完成 
[GIN] 2025/03/31 - 06:02:20 | 20250331060220984258601QU2WSwg1 | 200 |    1.729216ms |             ::1 |     GET /api/status
[SYS] 2025/03/31 - 06:02:34 | 任务进度轮询开始 
[SYS] 2025/03/31 - 06:02:34 | 任务进度轮询完成 
[SYS] 2025/03/31 - 06:02:47 | 任务进度轮询开始 
[SYS] 2025/03/31 - 06:02:47 | 任务进度轮询完成 
[GIN] 2025/03/31 - 06:02:48 | 20250331060248744412308nsY9pK9u | 200 |      1.5689ms |             ::1 |     GET /api/status
[SYS] 2025/03/31 - 06:02:59 | syncing options from database 
[SYS] 2025/03/31 - 06:02:59 | syncing channels from database 
[SYS] 2025/03/31 - 06:02:59 | channels synced from database 
[SYS] 2025/03/31 - 06:03:02 | 任务进度轮询开始 
[SYS] 2025/03/31 - 06:03:02 | 任务进度轮询完成 
[SYS] 2025/03/31 - 06:03:15 | 任务进度轮询开始 
[SYS] 2025/03/31 - 06:03:15 | 任务进度轮询完成 
[GIN] 2025/03/31 - 06:03:16 | 20250331060316568471559fbtTESeI | 200 |    4.415342ms |             ::1 |     GET /api/status
[SYS] 2025/03/31 - 06:03:30 | 任务进度轮询开始 
[SYS] 2025/03/31 - 06:03:30 | 任务进度轮询完成 
[SYS] 2025/03/31 - 06:03:43 | 任务进度轮询开始 
[SYS] 2025/03/31 - 06:03:43 | 任务进度轮询完成 
[GIN] 2025/03/31 - 06:03:44 | 20250331060344375759096kEVgmLIE | 200 |    8.836858ms |             ::1 |     GET /api/status
[SYS] 2025/03/31 - 06:03:54 | syncing options from database 
[SYS] 2025/03/31 - 06:03:55 | syncing channels from database 
[SYS] 2025/03/31 - 06:03:55 | channels synced from database 
[SYS] 2025/03/31 - 06:03:58 | 任务进度轮询开始 
[SYS] 2025/03/31 - 06:03:58 | 任务进度轮询完成 
[SYS] 2025/03/31 - 06:04:10 | 任务进度轮询开始 
[SYS] 2025/03/31 - 06:04:10 | 任务进度轮询完成 
[GIN] 2025/03/31 - 06:04:12 | 20250331060412158610131Xl8nHN7l | 200 |    1.354492ms |             ::1 |     GET /api/status
[SYS] 2025/03/31 - 06:04:25 | 任务进度轮询开始 
[SYS] 2025/03/31 - 06:04:25 | 任务进度轮询完成 
[SYS] 2025/03/31 - 06:04:38 | 任务进度轮询开始 
[SYS] 2025/03/31 - 06:04:38 | 任务进度轮询完成 
[GIN] 2025/03/31 - 06:04:39 | 20250331060439927355450YsK93MUJ | 200 |    2.481375ms |             ::1 |     GET /api/status
[SYS] 2025/03/31 - 06:04:49 | 正在更新数据看板数据... 
[SYS] 2025/03/31 - 06:04:49 | 保存数据看板数据成功，共保存0条数据 
[SYS] 2025/03/31 - 06:04:50 | syncing options from database 
[SYS] 2025/03/31 - 06:04:50 | syncing channels from database 
[SYS] 2025/03/31 - 06:04:50 | channels synced from database 
[SYS] 2025/03/31 - 06:04:53 | 任务进度轮询开始 
[SYS] 2025/03/31 - 06:04:53 | 任务进度轮询完成 
[SYS] 2025/03/31 - 06:05:06 | 任务进度轮询开始 
[SYS] 2025/03/31 - 06:05:06 | 任务进度轮询完成 
[GIN] 2025/03/31 - 06:05:07 | 20250331060507706407029xaBrmGUC | 200 |    2.010017ms |             ::1 |     GET /api/status
[SYS] 2025/03/31 - 06:05:21 | 任务进度轮询开始 
[SYS] 2025/03/31 - 06:05:21 | 任务进度轮询完成 
[SYS] 2025/03/31 - 06:05:33 | 任务进度轮询开始 
[SYS] 2025/03/31 - 06:05:33 | 任务进度轮询完成 
[GIN] 2025/03/31 - 06:05:35 | 20250331060535457360348Hw63F5Ik | 200 |    3.604033ms |             ::1 |     GET /api/status
[SYS] 2025/03/31 - 06:05:45 | syncing options from database 
[SYS] 2025/03/31 - 06:05:45 | syncing channels from database 
[SYS] 2025/03/31 - 06:05:45 | channels synced from database 
[SYS] 2025/03/31 - 06:05:48 | 任务进度轮询开始 
[SYS] 2025/03/31 - 06:05:48 | 任务进度轮询完成 
[SYS] 2025/03/31 - 06:06:01 | 任务进度轮询开始 
[SYS] 2025/03/31 - 06:06:01 | 任务进度轮询完成 
[GIN] 2025/03/31 - 06:06:03 | 20250331060603241801593NN3GAdyT | 200 |      2.0397ms |             ::1 |     GET /api/status
[SYS] 2025/03/31 - 06:06:16 | 任务进度轮询开始 
[SYS] 2025/03/31 - 06:06:16 | 任务进度轮询完成 
[SYS] 2025/03/31 - 06:06:29 | 任务进度轮询开始 
[SYS] 2025/03/31 - 06:06:29 | 任务进度轮询完成 
[GIN] 2025/03/31 - 06:06:31 | 2025033106063198816833OUWJ4Jjk | 200 |     2.74625ms |             ::1 |     GET /api/status
[SYS] 2025/03/31 - 06:06:41 | syncing options from database 
[SYS] 2025/03/31 - 06:06:41 | syncing channels from database 
[SYS] 2025/03/31 - 06:06:41 | channels synced from database 
[SYS] 2025/03/31 - 06:06:44 | 任务进度轮询开始 
[SYS] 2025/03/31 - 06:06:44 | 任务进度轮询完成 
[SYS] 2025/03/31 - 06:06:57 | 任务进度轮询开始 
[SYS] 2025/03/31 - 06:06:57 | 任务进度轮询完成 
[GIN] 2025/03/31 - 06:06:58 | 20250331060658899618013Q4yNKzsq | 200 |    6.266108ms |             ::1 |     GET /api/status
[SYS] 2025/03/31 - 06:07:12 | 任务进度轮询开始 
[SYS] 2025/03/31 - 06:07:12 | 任务进度轮询完成 
[SYS] 2025/03/31 - 06:07:24 | 任务进度轮询开始 
[SYS] 2025/03/31 - 06:07:24 | 任务进度轮询完成 
[GIN] 2025/03/31 - 06:07:26 | 20250331060726708596286ddaAdUl1 | 200 |    1.387208ms |             ::1 |     GET /api/status
[SYS] 2025/03/31 - 06:07:36 | syncing options from database 
[SYS] 2025/03/31 - 06:07:36 | syncing channels from database 
[SYS] 2025/03/31 - 06:07:36 | channels synced from database 
[SYS] 2025/03/31 - 06:07:39 | 任务进度轮询开始 
[SYS] 2025/03/31 - 06:07:39 | 任务进度轮询完成 
[SYS] 2025/03/31 - 06:07:52 | 任务进度轮询开始 
[SYS] 2025/03/31 - 06:07:52 | 任务进度轮询完成 
[GIN] 2025/03/31 - 06:07:54 | 20250331060754632940015PWBFNd4G | 200 |    2.026591ms |             ::1 |     GET /api/status
[SYS] 2025/03/31 - 06:08:07 | 任务进度轮询开始 
[SYS] 2025/03/31 - 06:08:07 | 任务进度轮询完成 
[SYS] 2025/03/31 - 06:08:20 | 任务进度轮询开始 
[SYS] 2025/03/31 - 06:08:20 | 任务进度轮询完成 
[GIN] 2025/03/31 - 06:08:22 | 20250331060822692025230YO0nueva | 200 |    3.017517ms |             ::1 |     GET /api/status
[SYS] 2025/03/31 - 06:08:31 | syncing options from database 
[SYS] 2025/03/31 - 06:08:32 | syncing channels from database 
[SYS] 2025/03/31 - 06:08:32 | channels synced from database 
[SYS] 2025/03/31 - 06:08:35 | 任务进度轮询开始 
[SYS] 2025/03/31 - 06:08:35 | 任务进度轮询完成 
[GIN] 2025/03/31 - 06:08:41 | 2025033106084111120752LY6kOqc8 | 200 |     48.8878ms |      172.18.0.1 |     GET /api/status
[GIN] 2025/03/31 - 06:08:41 | 2025033106084181963710AgUKpx0Q | 200 |    1.409308ms |      172.18.0.1 |     GET /api/status
[SYS] 2025/03/31 - 06:08:48 | 任务进度轮询开始 
[SYS] 2025/03/31 - 06:08:48 | 任务进度轮询完成 
[GIN] 2025/03/31 - 06:08:51 | 20250331060851118597352UZvBPuQT | 200 |     1.27725ms |             ::1 |     GET /api/status
