[SYS] 2025/04/04 - 18:10:39 | New API v0.0.0 started 
[SYS] 2025/04/04 - 18:10:39 | using MySQL as database 
[SYS] 2025/04/04 - 18:10:39 | database migration started 
[SYS] 2025/04/04 - 18:10:40 | database migrated 
[SYS] 2025/04/04 - 18:10:40 | using MySQL as database 
[SYS] 2025/04/04 - 18:10:40 | database migration started 
[SYS] 2025/04/04 - 18:10:40 | Redis is enabled 
[SYS] 2025/04/04 - 18:10:40 | memory cache enabled 
[SYS] 2025/04/04 - 18:10:40 | sync frequency: 60 seconds 
[SYS] 2025/04/04 - 18:10:40 | channels synced from database 
[SYS] 2025/04/04 - 18:10:40 | batch update enabled with interval 5s 
[SYS] 2025/04/04 - 18:10:40 | pprof enabled 
[SYS] 2025/04/04 - 18:10:40 | initializing token encoders 
[SYS] 2025/04/04 - 18:10:40 | 正在更新数据看板数据... 
[SYS] 2025/04/04 - 18:10:40 | 保存数据看板数据成功，共保存0条数据 
[SYS] 2025/04/04 - 18:10:41 | token encoders initialized 
[SYS] 2025/04/04 - 18:10:41 | FRONTEND_BASE_URL is ignored on master node 
[SYS] 2025/04/04 - 18:10:45 | batch update started 
[SYS] 2025/04/04 - 18:10:45 | batch update finished 
[SYS] 2025/04/04 - 18:10:50 | batch update started 
[SYS] 2025/04/04 - 18:10:50 | batch update finished 
[SYS] 2025/04/04 - 18:10:55 | 任务进度轮询开始 
[SYS] 2025/04/04 - 18:10:55 | batch update started 
[SYS] 2025/04/04 - 18:10:55 | batch update finished 
[SYS] 2025/04/04 - 18:10:55 | 任务进度轮询完成 
[SYS] 2025/04/04 - 18:11:00 | batch update started 
[SYS] 2025/04/04 - 18:11:00 | batch update finished 
[SYS] 2025/04/04 - 18:11:05 | batch update started 
[SYS] 2025/04/04 - 18:11:05 | batch update finished 
[SYS] 2025/04/04 - 18:11:10 | 任务进度轮询开始 
[SYS] 2025/04/04 - 18:11:10 | 任务进度轮询完成 
[SYS] 2025/04/04 - 18:11:10 | batch update started 
[SYS] 2025/04/04 - 18:11:10 | batch update finished 
[SYS] 2025/04/04 - 18:11:15 | batch update started 
[SYS] 2025/04/04 - 18:11:15 | batch update finished 
[SYS] 2025/04/04 - 18:11:20 | batch update started 
[SYS] 2025/04/04 - 18:11:20 | batch update finished 
[SYS] 2025/04/04 - 18:11:25 | 任务进度轮询开始 
[SYS] 2025/04/04 - 18:11:25 | 任务进度轮询完成 
[SYS] 2025/04/04 - 18:11:25 | batch update started 
[SYS] 2025/04/04 - 18:11:25 | batch update finished 
[SYS] 2025/04/04 - 18:11:30 | batch update started 
[SYS] 2025/04/04 - 18:11:30 | batch update finished 
[SYS] 2025/04/04 - 18:11:35 | batch update started 
[SYS] 2025/04/04 - 18:11:35 | batch update finished 
[SYS] 2025/04/04 - 18:11:40 | syncing channels from database 
[SYS] 2025/04/04 - 18:11:40 | syncing options from database 
[SYS] 2025/04/04 - 18:11:40 | channels synced from database 
[SYS] 2025/04/04 - 18:11:40 | 任务进度轮询开始 
[SYS] 2025/04/04 - 18:11:40 | 任务进度轮询完成 
[SYS] 2025/04/04 - 18:11:40 | batch update started 
[SYS] 2025/04/04 - 18:11:40 | batch update finished 
[SYS] 2025/04/04 - 18:11:45 | batch update started 
[SYS] 2025/04/04 - 18:11:45 | batch update finished 
[SYS] 2025/04/04 - 18:11:50 | batch update started 
[SYS] 2025/04/04 - 18:11:50 | batch update finished 
[SYS] 2025/04/04 - 18:11:55 | 任务进度轮询开始 
[SYS] 2025/04/04 - 18:11:55 | 任务进度轮询完成 
[SYS] 2025/04/04 - 18:11:55 | batch update started 
[SYS] 2025/04/04 - 18:11:55 | batch update finished 
[SYS] 2025/04/04 - 18:12:00 | batch update started 
[SYS] 2025/04/04 - 18:12:00 | batch update finished 
[SYS] 2025/04/04 - 18:12:05 | batch update started 
[SYS] 2025/04/04 - 18:12:05 | batch update finished 
[SYS] 2025/04/04 - 18:12:10 | 任务进度轮询开始 
[SYS] 2025/04/04 - 18:12:10 | 任务进度轮询完成 
[SYS] 2025/04/04 - 18:12:10 | batch update started 
[SYS] 2025/04/04 - 18:12:10 | batch update finished 
[SYS] 2025/04/04 - 18:12:15 | batch update started 
[SYS] 2025/04/04 - 18:12:15 | batch update finished 
[SYS] 2025/04/04 - 18:12:20 | batch update started 
[SYS] 2025/04/04 - 18:12:20 | batch update finished 
[SYS] 2025/04/04 - 18:12:25 | 任务进度轮询开始 
[SYS] 2025/04/04 - 18:12:25 | 任务进度轮询完成 
[SYS] 2025/04/04 - 18:12:25 | batch update started 
[SYS] 2025/04/04 - 18:12:25 | batch update finished 
[SYS] 2025/04/04 - 18:12:30 | batch update started 
[SYS] 2025/04/04 - 18:12:30 | batch update finished 
[SYS] 2025/04/04 - 18:12:35 | batch update started 
[SYS] 2025/04/04 - 18:12:35 | batch update finished 
[SYS] 2025/04/04 - 18:12:40 | syncing options from database 
[SYS] 2025/04/04 - 18:12:40 | syncing channels from database 
[SYS] 2025/04/04 - 18:12:40 | channels synced from database 
[SYS] 2025/04/04 - 18:12:40 | 任务进度轮询开始 
[SYS] 2025/04/04 - 18:12:40 | 任务进度轮询完成 
[SYS] 2025/04/04 - 18:12:40 | batch update started 
[SYS] 2025/04/04 - 18:12:40 | batch update finished 
[SYS] 2025/04/04 - 18:12:45 | batch update started 
[SYS] 2025/04/04 - 18:12:45 | batch update finished 
[SYS] 2025/04/04 - 18:12:50 | batch update started 
[SYS] 2025/04/04 - 18:12:50 | batch update finished 
[SYS] 2025/04/04 - 18:12:55 | 任务进度轮询开始 
[SYS] 2025/04/04 - 18:12:55 | 任务进度轮询完成 
[SYS] 2025/04/04 - 18:12:55 | batch update started 
[SYS] 2025/04/04 - 18:12:55 | batch update finished 
[SYS] 2025/04/04 - 18:13:00 | batch update started 
[SYS] 2025/04/04 - 18:13:00 | batch update finished 
[SYS] 2025/04/04 - 18:13:05 | batch update started 
[SYS] 2025/04/04 - 18:13:05 | batch update finished 
[SYS] 2025/04/04 - 18:13:10 | 任务进度轮询开始 
[SYS] 2025/04/04 - 18:13:10 | 任务进度轮询完成 
[SYS] 2025/04/04 - 18:13:10 | batch update started 
[SYS] 2025/04/04 - 18:13:10 | batch update finished 
[SYS] 2025/04/04 - 18:13:15 | batch update started 
[SYS] 2025/04/04 - 18:13:15 | batch update finished 
[SYS] 2025/04/04 - 18:13:20 | batch update started 
[SYS] 2025/04/04 - 18:13:20 | batch update finished 
[SYS] 2025/04/04 - 18:13:25 | 任务进度轮询开始 
[SYS] 2025/04/04 - 18:13:25 | 任务进度轮询完成 
[SYS] 2025/04/04 - 18:13:25 | batch update started 
[SYS] 2025/04/04 - 18:13:25 | batch update finished 
[SYS] 2025/04/04 - 18:13:30 | batch update started 
[SYS] 2025/04/04 - 18:13:30 | batch update finished 
[SYS] 2025/04/04 - 18:13:35 | batch update started 
[SYS] 2025/04/04 - 18:13:35 | batch update finished 
[SYS] 2025/04/04 - 18:13:40 | syncing options from database 
[SYS] 2025/04/04 - 18:13:40 | syncing channels from database 
[SYS] 2025/04/04 - 18:13:40 | channels synced from database 
[SYS] 2025/04/04 - 18:13:40 | 任务进度轮询开始 
[SYS] 2025/04/04 - 18:13:40 | 任务进度轮询完成 
[SYS] 2025/04/04 - 18:13:40 | batch update started 
[SYS] 2025/04/04 - 18:13:40 | batch update finished 
[SYS] 2025/04/04 - 18:13:45 | batch update started 
[SYS] 2025/04/04 - 18:13:45 | batch update finished 
[SYS] 2025/04/04 - 18:13:50 | batch update started 
[SYS] 2025/04/04 - 18:13:50 | batch update finished 
[SYS] 2025/04/04 - 18:13:55 | 任务进度轮询开始 
[SYS] 2025/04/04 - 18:13:55 | 任务进度轮询完成 
[SYS] 2025/04/04 - 18:13:55 | batch update started 
[SYS] 2025/04/04 - 18:13:55 | batch update finished 
[SYS] 2025/04/04 - 18:14:00 | batch update started 
[SYS] 2025/04/04 - 18:14:00 | batch update finished 
[SYS] 2025/04/04 - 18:14:05 | batch update started 
[SYS] 2025/04/04 - 18:14:05 | batch update finished 
[SYS] 2025/04/04 - 18:14:10 | 任务进度轮询开始 
[SYS] 2025/04/04 - 18:14:10 | 任务进度轮询完成 
[SYS] 2025/04/04 - 18:14:10 | batch update started 
[SYS] 2025/04/04 - 18:14:10 | batch update finished 
[SYS] 2025/04/04 - 18:14:15 | batch update started 
[SYS] 2025/04/04 - 18:14:15 | batch update finished 
[SYS] 2025/04/04 - 18:14:20 | batch update started 
[SYS] 2025/04/04 - 18:14:20 | batch update finished 
[SYS] 2025/04/04 - 18:14:25 | 任务进度轮询开始 
[SYS] 2025/04/04 - 18:14:25 | 任务进度轮询完成 
[SYS] 2025/04/04 - 18:14:25 | batch update started 
[SYS] 2025/04/04 - 18:14:25 | batch update finished 
[SYS] 2025/04/04 - 18:14:30 | batch update started 
[SYS] 2025/04/04 - 18:14:30 | batch update finished 
[SYS] 2025/04/04 - 18:14:35 | batch update started 
[SYS] 2025/04/04 - 18:14:35 | batch update finished 
[SYS] 2025/04/04 - 18:14:40 | syncing options from database 
[SYS] 2025/04/04 - 18:14:40 | syncing channels from database 
[SYS] 2025/04/04 - 18:14:40 | channels synced from database 
[SYS] 2025/04/04 - 18:14:40 | 任务进度轮询开始 
[SYS] 2025/04/04 - 18:14:40 | 任务进度轮询完成 
[SYS] 2025/04/04 - 18:14:40 | batch update started 
[SYS] 2025/04/04 - 18:14:40 | batch update finished 
[SYS] 2025/04/04 - 18:14:45 | batch update started 
[SYS] 2025/04/04 - 18:14:45 | batch update finished 
[SYS] 2025/04/04 - 18:14:50 | batch update started 
[SYS] 2025/04/04 - 18:14:50 | batch update finished 
[SYS] 2025/04/04 - 18:14:55 | 任务进度轮询开始 
[SYS] 2025/04/04 - 18:14:55 | 任务进度轮询完成 
[SYS] 2025/04/04 - 18:14:55 | batch update started 
[SYS] 2025/04/04 - 18:14:55 | batch update finished 
[SYS] 2025/04/04 - 18:15:00 | batch update started 
[SYS] 2025/04/04 - 18:15:00 | batch update finished 
[SYS] 2025/04/04 - 18:15:05 | batch update started 
[SYS] 2025/04/04 - 18:15:05 | batch update finished 
[SYS] 2025/04/04 - 18:15:10 | 任务进度轮询开始 
[SYS] 2025/04/04 - 18:15:10 | 任务进度轮询完成 
[SYS] 2025/04/04 - 18:15:10 | batch update started 
[SYS] 2025/04/04 - 18:15:10 | batch update finished 
[SYS] 2025/04/04 - 18:15:15 | batch update started 
[SYS] 2025/04/04 - 18:15:15 | batch update finished 
[SYS] 2025/04/04 - 18:15:20 | batch update started 
[SYS] 2025/04/04 - 18:15:20 | batch update finished 
[SYS] 2025/04/04 - 18:15:25 | 任务进度轮询开始 
[SYS] 2025/04/04 - 18:15:25 | 任务进度轮询完成 
[SYS] 2025/04/04 - 18:15:25 | batch update started 
[SYS] 2025/04/04 - 18:15:25 | batch update finished 
[SYS] 2025/04/04 - 18:15:30 | batch update started 
[SYS] 2025/04/04 - 18:15:30 | batch update finished 
[SYS] 2025/04/04 - 18:15:35 | batch update started 
[SYS] 2025/04/04 - 18:15:35 | batch update finished 
[SYS] 2025/04/04 - 18:15:40 | 正在更新数据看板数据... 
[SYS] 2025/04/04 - 18:15:40 | 保存数据看板数据成功，共保存0条数据 
[SYS] 2025/04/04 - 18:15:40 | syncing options from database 
[SYS] 2025/04/04 - 18:15:40 | syncing channels from database 
[SYS] 2025/04/04 - 18:15:40 | channels synced from database 
[SYS] 2025/04/04 - 18:15:40 | 任务进度轮询开始 
[SYS] 2025/04/04 - 18:15:40 | 任务进度轮询完成 
[SYS] 2025/04/04 - 18:15:40 | batch update started 
[SYS] 2025/04/04 - 18:15:40 | batch update finished 
[SYS] 2025/04/04 - 18:15:45 | batch update started 
[SYS] 2025/04/04 - 18:15:45 | batch update finished 
[SYS] 2025/04/04 - 18:15:50 | batch update started 
[SYS] 2025/04/04 - 18:15:50 | batch update finished 
[SYS] 2025/04/04 - 18:15:55 | 任务进度轮询开始 
[SYS] 2025/04/04 - 18:15:55 | 任务进度轮询完成 
[SYS] 2025/04/04 - 18:15:55 | batch update started 
[SYS] 2025/04/04 - 18:15:55 | batch update finished 
[SYS] 2025/04/04 - 18:16:00 | batch update started 
[SYS] 2025/04/04 - 18:16:00 | batch update finished 
[SYS] 2025/04/04 - 18:16:05 | batch update started 
[SYS] 2025/04/04 - 18:16:05 | batch update finished 
[SYS] 2025/04/04 - 18:16:10 | 任务进度轮询开始 
[SYS] 2025/04/04 - 18:16:10 | 任务进度轮询完成 
[SYS] 2025/04/04 - 18:16:10 | batch update started 
[SYS] 2025/04/04 - 18:16:10 | batch update finished 
[SYS] 2025/04/04 - 18:16:15 | batch update started 
[SYS] 2025/04/04 - 18:16:15 | batch update finished 
[SYS] 2025/04/04 - 18:16:20 | batch update started 
[SYS] 2025/04/04 - 18:16:20 | batch update finished 
[SYS] 2025/04/04 - 18:16:25 | 任务进度轮询开始 
[SYS] 2025/04/04 - 18:16:25 | 任务进度轮询完成 
[SYS] 2025/04/04 - 18:16:25 | batch update started 
[SYS] 2025/04/04 - 18:16:25 | batch update finished 
[SYS] 2025/04/04 - 18:16:30 | batch update started 
[SYS] 2025/04/04 - 18:16:30 | batch update finished 
[SYS] 2025/04/04 - 18:16:35 | batch update started 
[SYS] 2025/04/04 - 18:16:35 | batch update finished 
[SYS] 2025/04/04 - 18:16:40 | syncing options from database 
[SYS] 2025/04/04 - 18:16:40 | syncing channels from database 
[SYS] 2025/04/04 - 18:16:40 | channels synced from database 
[SYS] 2025/04/04 - 18:16:40 | 任务进度轮询开始 
[SYS] 2025/04/04 - 18:16:40 | 任务进度轮询完成 
[SYS] 2025/04/04 - 18:16:40 | batch update started 
[SYS] 2025/04/04 - 18:16:40 | batch update finished 
[SYS] 2025/04/04 - 18:16:45 | batch update started 
[SYS] 2025/04/04 - 18:16:45 | batch update finished 
[SYS] 2025/04/04 - 18:16:50 | batch update started 
[SYS] 2025/04/04 - 18:16:50 | batch update finished 
[SYS] 2025/04/04 - 18:16:55 | 任务进度轮询开始 
[SYS] 2025/04/04 - 18:16:55 | 任务进度轮询完成 
[SYS] 2025/04/04 - 18:16:55 | batch update started 
[SYS] 2025/04/04 - 18:16:55 | batch update finished 
[SYS] 2025/04/04 - 18:17:00 | batch update started 
[SYS] 2025/04/04 - 18:17:00 | batch update finished 
[SYS] 2025/04/04 - 18:17:05 | batch update started 
[SYS] 2025/04/04 - 18:17:05 | batch update finished 
[SYS] 2025/04/04 - 18:17:10 | 任务进度轮询开始 
[SYS] 2025/04/04 - 18:17:10 | 任务进度轮询完成 
[SYS] 2025/04/04 - 18:17:10 | batch update started 
[SYS] 2025/04/04 - 18:17:10 | batch update finished 
[SYS] 2025/04/04 - 18:17:15 | batch update started 
[SYS] 2025/04/04 - 18:17:15 | batch update finished 
[SYS] 2025/04/04 - 18:17:20 | batch update started 
[SYS] 2025/04/04 - 18:17:20 | batch update finished 
[SYS] 2025/04/04 - 18:17:25 | 任务进度轮询开始 
[SYS] 2025/04/04 - 18:17:25 | 任务进度轮询完成 
[SYS] 2025/04/04 - 18:17:25 | batch update started 
[SYS] 2025/04/04 - 18:17:25 | batch update finished 
[SYS] 2025/04/04 - 18:17:30 | batch update started 
[SYS] 2025/04/04 - 18:17:30 | batch update finished 
[SYS] 2025/04/04 - 18:17:35 | batch update started 
[SYS] 2025/04/04 - 18:17:35 | batch update finished 
[SYS] 2025/04/04 - 18:17:40 | syncing options from database 
[SYS] 2025/04/04 - 18:17:40 | syncing channels from database 
[SYS] 2025/04/04 - 18:17:40 | channels synced from database 
[SYS] 2025/04/04 - 18:17:40 | 任务进度轮询开始 
[SYS] 2025/04/04 - 18:17:40 | 任务进度轮询完成 
[SYS] 2025/04/04 - 18:17:40 | batch update started 
[SYS] 2025/04/04 - 18:17:40 | batch update finished 
[SYS] 2025/04/04 - 18:17:45 | batch update started 
[SYS] 2025/04/04 - 18:17:45 | batch update finished 
[SYS] 2025/04/04 - 18:17:50 | batch update started 
[SYS] 2025/04/04 - 18:17:50 | batch update finished 
[SYS] 2025/04/04 - 18:17:55 | 任务进度轮询开始 
[SYS] 2025/04/04 - 18:17:55 | 任务进度轮询完成 
[SYS] 2025/04/04 - 18:17:55 | batch update started 
[SYS] 2025/04/04 - 18:17:55 | batch update finished 
[SYS] 2025/04/04 - 18:18:00 | batch update started 
[SYS] 2025/04/04 - 18:18:00 | batch update finished 
[SYS] 2025/04/04 - 18:18:05 | batch update started 
[SYS] 2025/04/04 - 18:18:05 | batch update finished 
[SYS] 2025/04/04 - 18:18:10 | 任务进度轮询开始 
[SYS] 2025/04/04 - 18:18:10 | 任务进度轮询完成 
[SYS] 2025/04/04 - 18:18:10 | batch update started 
[SYS] 2025/04/04 - 18:18:10 | batch update finished 
[SYS] 2025/04/04 - 18:18:15 | batch update started 
[SYS] 2025/04/04 - 18:18:15 | batch update finished 
[SYS] 2025/04/04 - 18:18:20 | batch update started 
[SYS] 2025/04/04 - 18:18:20 | batch update finished 
[SYS] 2025/04/04 - 18:18:25 | 任务进度轮询开始 
[SYS] 2025/04/04 - 18:18:25 | 任务进度轮询完成 
[SYS] 2025/04/04 - 18:18:25 | batch update started 
[SYS] 2025/04/04 - 18:18:25 | batch update finished 
[SYS] 2025/04/04 - 18:18:30 | batch update started 
[SYS] 2025/04/04 - 18:18:30 | batch update finished 
[SYS] 2025/04/04 - 18:18:35 | batch update started 
[SYS] 2025/04/04 - 18:18:35 | batch update finished 
[SYS] 2025/04/04 - 18:18:40 | syncing options from database 
[SYS] 2025/04/04 - 18:18:40 | syncing channels from database 
[SYS] 2025/04/04 - 18:18:40 | channels synced from database 
[SYS] 2025/04/04 - 18:18:40 | 任务进度轮询开始 
[SYS] 2025/04/04 - 18:18:40 | 任务进度轮询完成 
[SYS] 2025/04/04 - 18:18:40 | batch update started 
[SYS] 2025/04/04 - 18:18:40 | batch update finished 
[SYS] 2025/04/04 - 18:18:45 | batch update started 
[SYS] 2025/04/04 - 18:18:45 | batch update finished 
[SYS] 2025/04/04 - 18:18:50 | batch update started 
[SYS] 2025/04/04 - 18:18:50 | batch update finished 
[SYS] 2025/04/04 - 18:18:55 | 任务进度轮询开始 
[SYS] 2025/04/04 - 18:18:55 | 任务进度轮询完成 
[SYS] 2025/04/04 - 18:18:55 | batch update started 
[SYS] 2025/04/04 - 18:18:55 | batch update finished 
[SYS] 2025/04/04 - 18:19:00 | batch update started 
[SYS] 2025/04/04 - 18:19:00 | batch update finished 
[SYS] 2025/04/04 - 18:19:05 | batch update started 
[SYS] 2025/04/04 - 18:19:05 | batch update finished 
[SYS] 2025/04/04 - 18:19:10 | 任务进度轮询开始 
[SYS] 2025/04/04 - 18:19:10 | 任务进度轮询完成 
[SYS] 2025/04/04 - 18:19:10 | batch update started 
[SYS] 2025/04/04 - 18:19:10 | batch update finished 
[SYS] 2025/04/04 - 18:19:15 | batch update started 
[SYS] 2025/04/04 - 18:19:15 | batch update finished 
[SYS] 2025/04/04 - 18:19:20 | batch update started 
[SYS] 2025/04/04 - 18:19:20 | batch update finished 
[SYS] 2025/04/04 - 18:19:25 | 任务进度轮询开始 
[SYS] 2025/04/04 - 18:19:25 | 任务进度轮询完成 
[SYS] 2025/04/04 - 18:19:25 | batch update started 
[SYS] 2025/04/04 - 18:19:25 | batch update finished 
[SYS] 2025/04/04 - 18:19:30 | batch update started 
[SYS] 2025/04/04 - 18:19:30 | batch update finished 
[SYS] 2025/04/04 - 18:19:35 | batch update started 
[SYS] 2025/04/04 - 18:19:35 | batch update finished 
[SYS] 2025/04/04 - 18:19:40 | syncing options from database 
[SYS] 2025/04/04 - 18:19:40 | syncing channels from database 
[SYS] 2025/04/04 - 18:19:40 | channels synced from database 
[SYS] 2025/04/04 - 18:19:40 | 任务进度轮询开始 
[SYS] 2025/04/04 - 18:19:40 | 任务进度轮询完成 
[SYS] 2025/04/04 - 18:19:40 | batch update started 
[SYS] 2025/04/04 - 18:19:40 | batch update finished 
[SYS] 2025/04/04 - 18:19:45 | batch update started 
[SYS] 2025/04/04 - 18:19:45 | batch update finished 
[SYS] 2025/04/04 - 18:19:50 | batch update started 
[SYS] 2025/04/04 - 18:19:50 | batch update finished 
[SYS] 2025/04/04 - 18:19:55 | 任务进度轮询开始 
[SYS] 2025/04/04 - 18:19:55 | 任务进度轮询完成 
[SYS] 2025/04/04 - 18:19:55 | batch update started 
[SYS] 2025/04/04 - 18:19:55 | batch update finished 
[SYS] 2025/04/04 - 18:20:00 | batch update started 
[SYS] 2025/04/04 - 18:20:00 | batch update finished 
[SYS] 2025/04/04 - 18:20:05 | batch update started 
[SYS] 2025/04/04 - 18:20:05 | batch update finished 
[SYS] 2025/04/04 - 18:20:10 | 任务进度轮询开始 
[SYS] 2025/04/04 - 18:20:10 | 任务进度轮询完成 
[SYS] 2025/04/04 - 18:20:10 | batch update started 
[SYS] 2025/04/04 - 18:20:10 | batch update finished 
[SYS] 2025/04/04 - 18:20:15 | batch update started 
[SYS] 2025/04/04 - 18:20:15 | batch update finished 
[SYS] 2025/04/04 - 18:20:20 | batch update started 
[SYS] 2025/04/04 - 18:20:20 | batch update finished 
[SYS] 2025/04/04 - 18:20:25 | 任务进度轮询开始 
[SYS] 2025/04/04 - 18:20:25 | 任务进度轮询完成 
[SYS] 2025/04/04 - 18:20:25 | batch update started 
[SYS] 2025/04/04 - 18:20:25 | batch update finished 
[SYS] 2025/04/04 - 18:20:30 | batch update started 
[SYS] 2025/04/04 - 18:20:30 | batch update finished 
[SYS] 2025/04/04 - 18:20:35 | batch update started 
[SYS] 2025/04/04 - 18:20:35 | batch update finished 
[SYS] 2025/04/04 - 18:20:40 | testing all channels 
[SYS] 2025/04/04 - 18:20:40 | channel test finished 
[SYS] 2025/04/04 - 18:20:40 | 正在更新数据看板数据... 
[SYS] 2025/04/04 - 18:20:40 | 保存数据看板数据成功，共保存0条数据 
[SYS] 2025/04/04 - 18:20:40 | syncing options from database 
[SYS] 2025/04/04 - 18:20:40 | syncing channels from database 
[SYS] 2025/04/04 - 18:20:40 | channels synced from database 
[SYS] 2025/04/04 - 18:20:40 | 任务进度轮询开始 
[SYS] 2025/04/04 - 18:20:40 | 任务进度轮询完成 
[SYS] 2025/04/04 - 18:20:40 | batch update started 
[SYS] 2025/04/04 - 18:20:40 | batch update finished 
[SYS] 2025/04/04 - 18:20:45 | batch update started 
[SYS] 2025/04/04 - 18:20:45 | batch update finished 
[SYS] 2025/04/04 - 18:20:50 | batch update started 
[SYS] 2025/04/04 - 18:20:50 | batch update finished 
[SYS] 2025/04/04 - 18:20:55 | 任务进度轮询开始 
[SYS] 2025/04/04 - 18:20:55 | 任务进度轮询完成 
[SYS] 2025/04/04 - 18:20:55 | batch update started 
[SYS] 2025/04/04 - 18:20:55 | batch update finished 
[SYS] 2025/04/04 - 18:21:00 | batch update started 
[SYS] 2025/04/04 - 18:21:00 | batch update finished 
[SYS] 2025/04/04 - 18:21:05 | batch update started 
[SYS] 2025/04/04 - 18:21:05 | batch update finished 
[SYS] 2025/04/04 - 18:21:10 | 任务进度轮询开始 
[SYS] 2025/04/04 - 18:21:10 | 任务进度轮询完成 
[SYS] 2025/04/04 - 18:21:10 | batch update started 
[SYS] 2025/04/04 - 18:21:10 | batch update finished 
[SYS] 2025/04/04 - 18:21:15 | batch update started 
[SYS] 2025/04/04 - 18:21:15 | batch update finished 
[SYS] 2025/04/04 - 18:21:20 | batch update started 
[SYS] 2025/04/04 - 18:21:20 | batch update finished 
[SYS] 2025/04/04 - 18:21:25 | 任务进度轮询开始 
[SYS] 2025/04/04 - 18:21:25 | 任务进度轮询完成 
[SYS] 2025/04/04 - 18:21:25 | batch update started 
[SYS] 2025/04/04 - 18:21:25 | batch update finished 
[SYS] 2025/04/04 - 18:21:30 | batch update started 
[SYS] 2025/04/04 - 18:21:30 | batch update finished 
[SYS] 2025/04/04 - 18:21:35 | batch update started 
[SYS] 2025/04/04 - 18:21:35 | batch update finished 
[SYS] 2025/04/04 - 18:21:40 | syncing options from database 
[SYS] 2025/04/04 - 18:21:40 | syncing channels from database 
[SYS] 2025/04/04 - 18:21:40 | channels synced from database 
[SYS] 2025/04/04 - 18:21:40 | 任务进度轮询开始 
[SYS] 2025/04/04 - 18:21:40 | 任务进度轮询完成 
[SYS] 2025/04/04 - 18:21:40 | batch update started 
[SYS] 2025/04/04 - 18:21:40 | batch update finished 
[SYS] 2025/04/04 - 18:21:45 | batch update started 
[SYS] 2025/04/04 - 18:21:45 | batch update finished 
[SYS] 2025/04/04 - 18:21:50 | batch update started 
[SYS] 2025/04/04 - 18:21:50 | batch update finished 
[SYS] 2025/04/04 - 18:21:55 | 任务进度轮询开始 
[SYS] 2025/04/04 - 18:21:55 | 任务进度轮询完成 
[SYS] 2025/04/04 - 18:21:55 | batch update started 
[SYS] 2025/04/04 - 18:21:55 | batch update finished 
[SYS] 2025/04/04 - 18:22:00 | batch update started 
[SYS] 2025/04/04 - 18:22:00 | batch update finished 
[SYS] 2025/04/04 - 18:22:05 | batch update started 
[SYS] 2025/04/04 - 18:22:05 | batch update finished 
[SYS] 2025/04/04 - 18:22:10 | 任务进度轮询开始 
[SYS] 2025/04/04 - 18:22:10 | 任务进度轮询完成 
[SYS] 2025/04/04 - 18:22:10 | batch update started 
[SYS] 2025/04/04 - 18:22:10 | batch update finished 
[SYS] 2025/04/04 - 18:22:15 | batch update started 
[SYS] 2025/04/04 - 18:22:15 | batch update finished 
[SYS] 2025/04/04 - 18:22:20 | batch update started 
[SYS] 2025/04/04 - 18:22:20 | batch update finished 
[SYS] 2025/04/04 - 18:22:25 | 任务进度轮询开始 
[SYS] 2025/04/04 - 18:22:25 | 任务进度轮询完成 
[SYS] 2025/04/04 - 18:22:25 | batch update started 
[SYS] 2025/04/04 - 18:22:25 | batch update finished 
[SYS] 2025/04/04 - 18:22:30 | batch update started 
[SYS] 2025/04/04 - 18:22:30 | batch update finished 
[SYS] 2025/04/04 - 18:22:35 | batch update started 
[SYS] 2025/04/04 - 18:22:35 | batch update finished 
[SYS] 2025/04/04 - 18:22:40 | syncing options from database 
[SYS] 2025/04/04 - 18:22:40 | syncing channels from database 
[SYS] 2025/04/04 - 18:22:40 | channels synced from database 
[SYS] 2025/04/04 - 18:22:40 | 任务进度轮询开始 
[SYS] 2025/04/04 - 18:22:40 | 任务进度轮询完成 
[SYS] 2025/04/04 - 18:22:40 | batch update started 
[SYS] 2025/04/04 - 18:22:40 | batch update finished 
[SYS] 2025/04/04 - 18:22:45 | batch update started 
[SYS] 2025/04/04 - 18:22:45 | batch update finished 
[SYS] 2025/04/04 - 18:22:50 | batch update started 
[SYS] 2025/04/04 - 18:22:50 | batch update finished 
[SYS] 2025/04/04 - 18:22:55 | 任务进度轮询开始 
[SYS] 2025/04/04 - 18:22:55 | 任务进度轮询完成 
[SYS] 2025/04/04 - 18:22:55 | batch update started 
[SYS] 2025/04/04 - 18:22:55 | batch update finished 
[SYS] 2025/04/04 - 18:23:00 | batch update started 
[SYS] 2025/04/04 - 18:23:00 | batch update finished 
[SYS] 2025/04/04 - 18:23:05 | batch update started 
[SYS] 2025/04/04 - 18:23:05 | batch update finished 
[SYS] 2025/04/04 - 18:23:10 | 任务进度轮询开始 
[SYS] 2025/04/04 - 18:23:10 | 任务进度轮询完成 
[SYS] 2025/04/04 - 18:23:10 | batch update started 
[SYS] 2025/04/04 - 18:23:10 | batch update finished 
[SYS] 2025/04/04 - 18:23:15 | batch update started 
[SYS] 2025/04/04 - 18:23:15 | batch update finished 
[SYS] 2025/04/04 - 18:23:20 | batch update started 
[SYS] 2025/04/04 - 18:23:20 | batch update finished 
[SYS] 2025/04/04 - 18:23:25 | 任务进度轮询开始 
[SYS] 2025/04/04 - 18:23:25 | 任务进度轮询完成 
[SYS] 2025/04/04 - 18:23:25 | batch update started 
[SYS] 2025/04/04 - 18:23:25 | batch update finished 
[SYS] 2025/04/04 - 18:23:30 | batch update started 
[SYS] 2025/04/04 - 18:23:30 | batch update finished 
[SYS] 2025/04/04 - 18:23:35 | batch update started 
[SYS] 2025/04/04 - 18:23:35 | batch update finished 
[SYS] 2025/04/04 - 18:23:40 | syncing options from database 
[SYS] 2025/04/04 - 18:23:40 | syncing channels from database 
[SYS] 2025/04/04 - 18:23:40 | channels synced from database 
[SYS] 2025/04/04 - 18:23:40 | 任务进度轮询开始 
[SYS] 2025/04/04 - 18:23:40 | 任务进度轮询完成 
[SYS] 2025/04/04 - 18:23:40 | batch update started 
[SYS] 2025/04/04 - 18:23:40 | batch update finished 
[SYS] 2025/04/04 - 18:23:45 | batch update started 
[SYS] 2025/04/04 - 18:23:45 | batch update finished 
[SYS] 2025/04/04 - 18:23:50 | batch update started 
[SYS] 2025/04/04 - 18:23:50 | batch update finished 
[SYS] 2025/04/04 - 18:23:55 | 任务进度轮询开始 
[SYS] 2025/04/04 - 18:23:55 | 任务进度轮询完成 
[SYS] 2025/04/04 - 18:23:55 | batch update started 
[SYS] 2025/04/04 - 18:23:55 | batch update finished 
[SYS] 2025/04/04 - 18:24:00 | batch update started 
[SYS] 2025/04/04 - 18:24:00 | batch update finished 
[SYS] 2025/04/04 - 18:24:05 | batch update started 
[SYS] 2025/04/04 - 18:24:05 | batch update finished 
[SYS] 2025/04/04 - 18:24:10 | 任务进度轮询开始 
[SYS] 2025/04/04 - 18:24:10 | 任务进度轮询完成 
[SYS] 2025/04/04 - 18:24:10 | batch update started 
[SYS] 2025/04/04 - 18:24:10 | batch update finished 
[SYS] 2025/04/04 - 18:24:15 | batch update started 
[SYS] 2025/04/04 - 18:24:15 | batch update finished 
[SYS] 2025/04/04 - 18:24:20 | batch update started 
[SYS] 2025/04/04 - 18:24:20 | batch update finished 
[SYS] 2025/04/04 - 18:24:25 | 任务进度轮询开始 
[SYS] 2025/04/04 - 18:24:25 | 任务进度轮询完成 
[SYS] 2025/04/04 - 18:24:25 | batch update started 
[SYS] 2025/04/04 - 18:24:25 | batch update finished 
[SYS] 2025/04/04 - 18:24:30 | batch update started 
[SYS] 2025/04/04 - 18:24:30 | batch update finished 
[SYS] 2025/04/04 - 18:24:35 | batch update started 
[SYS] 2025/04/04 - 18:24:35 | batch update finished 
[SYS] 2025/04/04 - 18:24:40 | syncing options from database 
[SYS] 2025/04/04 - 18:24:40 | syncing channels from database 
[SYS] 2025/04/04 - 18:24:40 | channels synced from database 
[SYS] 2025/04/04 - 18:24:40 | 任务进度轮询开始 
[SYS] 2025/04/04 - 18:24:40 | 任务进度轮询完成 
[SYS] 2025/04/04 - 18:24:40 | batch update started 
[SYS] 2025/04/04 - 18:24:40 | batch update finished 
[SYS] 2025/04/04 - 18:24:45 | batch update started 
[SYS] 2025/04/04 - 18:24:45 | batch update finished 
[SYS] 2025/04/04 - 18:24:50 | batch update started 
[SYS] 2025/04/04 - 18:24:50 | batch update finished 
[SYS] 2025/04/04 - 18:24:55 | 任务进度轮询开始 
[SYS] 2025/04/04 - 18:24:55 | 任务进度轮询完成 
[SYS] 2025/04/04 - 18:24:55 | batch update started 
[SYS] 2025/04/04 - 18:24:55 | batch update finished 
[SYS] 2025/04/04 - 18:25:00 | batch update started 
[SYS] 2025/04/04 - 18:25:00 | batch update finished 
[SYS] 2025/04/04 - 18:25:05 | batch update started 
[SYS] 2025/04/04 - 18:25:05 | batch update finished 
[SYS] 2025/04/04 - 18:25:10 | 任务进度轮询开始 
[SYS] 2025/04/04 - 18:25:10 | 任务进度轮询完成 
[SYS] 2025/04/04 - 18:25:10 | batch update started 
[SYS] 2025/04/04 - 18:25:10 | batch update finished 
[SYS] 2025/04/04 - 18:25:15 | batch update started 
[SYS] 2025/04/04 - 18:25:15 | batch update finished 
[SYS] 2025/04/04 - 18:25:20 | batch update started 
[SYS] 2025/04/04 - 18:25:20 | batch update finished 
[SYS] 2025/04/04 - 18:25:25 | 任务进度轮询开始 
[SYS] 2025/04/04 - 18:25:25 | 任务进度轮询完成 
[SYS] 2025/04/04 - 18:25:25 | batch update started 
[SYS] 2025/04/04 - 18:25:25 | batch update finished 
[SYS] 2025/04/04 - 18:25:30 | batch update started 
[SYS] 2025/04/04 - 18:25:30 | batch update finished 
[SYS] 2025/04/04 - 18:25:35 | batch update started 
[SYS] 2025/04/04 - 18:25:35 | batch update finished 
[SYS] 2025/04/04 - 18:25:40 | 正在更新数据看板数据... 
[SYS] 2025/04/04 - 18:25:40 | 保存数据看板数据成功，共保存0条数据 
[SYS] 2025/04/04 - 18:25:40 | syncing options from database 
[SYS] 2025/04/04 - 18:25:40 | syncing channels from database 
[SYS] 2025/04/04 - 18:25:40 | channels synced from database 
[SYS] 2025/04/04 - 18:25:40 | 任务进度轮询开始 
[SYS] 2025/04/04 - 18:25:40 | 任务进度轮询完成 
[SYS] 2025/04/04 - 18:25:40 | batch update started 
[SYS] 2025/04/04 - 18:25:40 | batch update finished 
[SYS] 2025/04/04 - 18:25:45 | batch update started 
[SYS] 2025/04/04 - 18:25:45 | batch update finished 
[SYS] 2025/04/04 - 18:25:50 | batch update started 
[SYS] 2025/04/04 - 18:25:50 | batch update finished 
[SYS] 2025/04/04 - 18:25:55 | 任务进度轮询开始 
[SYS] 2025/04/04 - 18:25:55 | 任务进度轮询完成 
[SYS] 2025/04/04 - 18:25:55 | batch update started 
[SYS] 2025/04/04 - 18:25:55 | batch update finished 
[SYS] 2025/04/04 - 18:26:00 | batch update started 
[SYS] 2025/04/04 - 18:26:00 | batch update finished 
[SYS] 2025/04/04 - 18:26:05 | batch update started 
[SYS] 2025/04/04 - 18:26:05 | batch update finished 
[SYS] 2025/04/04 - 18:26:10 | 任务进度轮询开始 
[SYS] 2025/04/04 - 18:26:10 | 任务进度轮询完成 
[SYS] 2025/04/04 - 18:26:10 | batch update started 
[SYS] 2025/04/04 - 18:26:10 | batch update finished 
[SYS] 2025/04/04 - 18:26:15 | batch update started 
[SYS] 2025/04/04 - 18:26:15 | batch update finished 
[SYS] 2025/04/04 - 18:26:20 | batch update started 
[SYS] 2025/04/04 - 18:26:20 | batch update finished 
[SYS] 2025/04/04 - 18:26:25 | 任务进度轮询开始 
[SYS] 2025/04/04 - 18:26:25 | 任务进度轮询完成 
[SYS] 2025/04/04 - 18:26:25 | batch update started 
[SYS] 2025/04/04 - 18:26:25 | batch update finished 
[SYS] 2025/04/04 - 18:26:30 | batch update started 
[SYS] 2025/04/04 - 18:26:30 | batch update finished 
[SYS] 2025/04/04 - 18:26:35 | batch update started 
[SYS] 2025/04/04 - 18:26:35 | batch update finished 
[SYS] 2025/04/04 - 18:26:40 | syncing options from database 
[SYS] 2025/04/04 - 18:26:40 | syncing channels from database 
[SYS] 2025/04/04 - 18:26:40 | channels synced from database 
[SYS] 2025/04/04 - 18:26:40 | 任务进度轮询开始 
[SYS] 2025/04/04 - 18:26:40 | 任务进度轮询完成 
[SYS] 2025/04/04 - 18:26:40 | batch update started 
[SYS] 2025/04/04 - 18:26:40 | batch update finished 
[SYS] 2025/04/04 - 18:26:45 | batch update started 
[SYS] 2025/04/04 - 18:26:45 | batch update finished 
[SYS] 2025/04/04 - 18:26:50 | batch update started 
[SYS] 2025/04/04 - 18:26:50 | batch update finished 
[SYS] 2025/04/04 - 18:26:55 | 任务进度轮询开始 
[SYS] 2025/04/04 - 18:26:55 | 任务进度轮询完成 
[SYS] 2025/04/04 - 18:26:55 | batch update started 
[SYS] 2025/04/04 - 18:26:55 | batch update finished 
[SYS] 2025/04/04 - 18:27:00 | batch update started 
[SYS] 2025/04/04 - 18:27:00 | batch update finished 
[SYS] 2025/04/04 - 18:27:05 | batch update started 
[SYS] 2025/04/04 - 18:27:05 | batch update finished 
[SYS] 2025/04/04 - 18:27:10 | 任务进度轮询开始 
[SYS] 2025/04/04 - 18:27:10 | 任务进度轮询完成 
[SYS] 2025/04/04 - 18:27:10 | batch update started 
[SYS] 2025/04/04 - 18:27:10 | batch update finished 
[SYS] 2025/04/04 - 18:27:15 | batch update started 
[SYS] 2025/04/04 - 18:27:15 | batch update finished 
[SYS] 2025/04/04 - 18:27:20 | batch update started 
[SYS] 2025/04/04 - 18:27:20 | batch update finished 
[SYS] 2025/04/04 - 18:27:25 | 任务进度轮询开始 
[SYS] 2025/04/04 - 18:27:25 | 任务进度轮询完成 
[SYS] 2025/04/04 - 18:27:25 | batch update started 
[SYS] 2025/04/04 - 18:27:25 | batch update finished 
[SYS] 2025/04/04 - 18:27:30 | batch update started 
[SYS] 2025/04/04 - 18:27:30 | batch update finished 
[SYS] 2025/04/04 - 18:27:35 | batch update started 
[SYS] 2025/04/04 - 18:27:35 | batch update finished 
[SYS] 2025/04/04 - 18:27:40 | syncing options from database 
[SYS] 2025/04/04 - 18:27:40 | syncing channels from database 
[SYS] 2025/04/04 - 18:27:40 | channels synced from database 
[SYS] 2025/04/04 - 18:27:40 | 任务进度轮询开始 
[SYS] 2025/04/04 - 18:27:40 | 任务进度轮询完成 
[SYS] 2025/04/04 - 18:27:40 | batch update started 
[SYS] 2025/04/04 - 18:27:40 | batch update finished 
[SYS] 2025/04/04 - 18:27:45 | batch update started 
[SYS] 2025/04/04 - 18:27:45 | batch update finished 
[SYS] 2025/04/04 - 18:27:50 | batch update started 
[SYS] 2025/04/04 - 18:27:50 | batch update finished 
[SYS] 2025/04/04 - 18:27:55 | 任务进度轮询开始 
[SYS] 2025/04/04 - 18:27:55 | 任务进度轮询完成 
[SYS] 2025/04/04 - 18:27:55 | batch update started 
[SYS] 2025/04/04 - 18:27:55 | batch update finished 
[SYS] 2025/04/04 - 18:28:00 | batch update started 
[SYS] 2025/04/04 - 18:28:00 | batch update finished 
[SYS] 2025/04/04 - 18:28:05 | batch update started 
[SYS] 2025/04/04 - 18:28:05 | batch update finished 
[SYS] 2025/04/04 - 18:28:10 | 任务进度轮询开始 
[SYS] 2025/04/04 - 18:28:10 | 任务进度轮询完成 
[SYS] 2025/04/04 - 18:28:10 | batch update started 
[SYS] 2025/04/04 - 18:28:10 | batch update finished 
[SYS] 2025/04/04 - 18:28:15 | batch update started 
[SYS] 2025/04/04 - 18:28:15 | batch update finished 
[SYS] 2025/04/04 - 18:28:20 | batch update started 
[SYS] 2025/04/04 - 18:28:20 | batch update finished 
[SYS] 2025/04/04 - 18:28:25 | 任务进度轮询开始 
[SYS] 2025/04/04 - 18:28:25 | 任务进度轮询完成 
[SYS] 2025/04/04 - 18:28:25 | batch update started 
[SYS] 2025/04/04 - 18:28:25 | batch update finished 
[SYS] 2025/04/04 - 18:28:30 | batch update started 
[SYS] 2025/04/04 - 18:28:30 | batch update finished 
[SYS] 2025/04/04 - 18:28:35 | batch update started 
[SYS] 2025/04/04 - 18:28:35 | batch update finished 
[SYS] 2025/04/04 - 18:28:40 | syncing options from database 
[SYS] 2025/04/04 - 18:28:40 | syncing channels from database 
[SYS] 2025/04/04 - 18:28:40 | channels synced from database 
[SYS] 2025/04/04 - 18:28:40 | 任务进度轮询开始 
[SYS] 2025/04/04 - 18:28:40 | 任务进度轮询完成 
[SYS] 2025/04/04 - 18:28:40 | batch update started 
[SYS] 2025/04/04 - 18:28:40 | batch update finished 
[SYS] 2025/04/04 - 18:28:45 | batch update started 
[SYS] 2025/04/04 - 18:28:45 | batch update finished 
[SYS] 2025/04/04 - 18:28:50 | batch update started 
[SYS] 2025/04/04 - 18:28:50 | batch update finished 
[SYS] 2025/04/04 - 18:28:55 | 任务进度轮询开始 
[SYS] 2025/04/04 - 18:28:55 | 任务进度轮询完成 
[SYS] 2025/04/04 - 18:28:55 | batch update started 
[SYS] 2025/04/04 - 18:28:56 | batch update finished 
[SYS] 2025/04/04 - 18:29:01 | batch update started 
[SYS] 2025/04/04 - 18:29:01 | batch update finished 
[SYS] 2025/04/04 - 18:29:06 | batch update started 
[SYS] 2025/04/04 - 18:29:06 | batch update finished 
[SYS] 2025/04/04 - 18:29:10 | 任务进度轮询开始 
[SYS] 2025/04/04 - 18:29:10 | 任务进度轮询完成 
[SYS] 2025/04/04 - 18:29:11 | batch update started 
[SYS] 2025/04/04 - 18:29:11 | batch update finished 
[SYS] 2025/04/04 - 18:29:16 | batch update started 
[SYS] 2025/04/04 - 18:29:16 | batch update finished 
[SYS] 2025/04/04 - 18:29:21 | batch update started 
[SYS] 2025/04/04 - 18:29:21 | batch update finished 
[SYS] 2025/04/04 - 18:29:25 | 任务进度轮询开始 
[SYS] 2025/04/04 - 18:29:25 | 任务进度轮询完成 
[SYS] 2025/04/04 - 18:29:26 | batch update started 
[SYS] 2025/04/04 - 18:29:26 | batch update finished 
[SYS] 2025/04/04 - 18:29:31 | batch update started 
[SYS] 2025/04/04 - 18:29:31 | batch update finished 
[SYS] 2025/04/04 - 18:29:36 | batch update started 
[SYS] 2025/04/04 - 18:29:36 | batch update finished 
[SYS] 2025/04/04 - 18:29:40 | syncing options from database 
[SYS] 2025/04/04 - 18:29:40 | syncing channels from database 
[SYS] 2025/04/04 - 18:29:40 | channels synced from database 
[SYS] 2025/04/04 - 18:29:40 | 任务进度轮询开始 
[SYS] 2025/04/04 - 18:29:40 | 任务进度轮询完成 
[SYS] 2025/04/04 - 18:29:41 | batch update started 
[SYS] 2025/04/04 - 18:29:41 | batch update finished 
[SYS] 2025/04/04 - 18:29:46 | batch update started 
[SYS] 2025/04/04 - 18:29:46 | batch update finished 
[SYS] 2025/04/04 - 18:29:51 | batch update started 
[SYS] 2025/04/04 - 18:29:51 | batch update finished 
[SYS] 2025/04/04 - 18:29:55 | 任务进度轮询开始 
[SYS] 2025/04/04 - 18:29:55 | 任务进度轮询完成 
[SYS] 2025/04/04 - 18:29:56 | batch update started 
[SYS] 2025/04/04 - 18:29:56 | batch update finished 
[SYS] 2025/04/04 - 18:30:01 | batch update started 
[SYS] 2025/04/04 - 18:30:01 | batch update finished 
[SYS] 2025/04/04 - 18:30:06 | batch update started 
[SYS] 2025/04/04 - 18:30:06 | batch update finished 
[SYS] 2025/04/04 - 18:30:10 | 任务进度轮询开始 
[SYS] 2025/04/04 - 18:30:10 | 任务进度轮询完成 
[SYS] 2025/04/04 - 18:30:11 | batch update started 
[SYS] 2025/04/04 - 18:30:11 | batch update finished 
[SYS] 2025/04/04 - 18:30:16 | batch update started 
[SYS] 2025/04/04 - 18:30:16 | batch update finished 
[SYS] 2025/04/04 - 18:30:21 | batch update started 
[SYS] 2025/04/04 - 18:30:21 | batch update finished 
[SYS] 2025/04/04 - 18:30:25 | 任务进度轮询开始 
[SYS] 2025/04/04 - 18:30:25 | 任务进度轮询完成 
[SYS] 2025/04/04 - 18:30:26 | batch update started 
[SYS] 2025/04/04 - 18:30:26 | batch update finished 
[SYS] 2025/04/04 - 18:30:31 | batch update started 
[SYS] 2025/04/04 - 18:30:31 | batch update finished 
[SYS] 2025/04/04 - 18:30:36 | batch update started 
[SYS] 2025/04/04 - 18:30:36 | batch update finished 
[SYS] 2025/04/04 - 18:30:40 | testing all channels 
[SYS] 2025/04/04 - 18:30:40 | 正在更新数据看板数据... 
[SYS] 2025/04/04 - 18:30:40 | 保存数据看板数据成功，共保存0条数据 
[SYS] 2025/04/04 - 18:30:40 | channel test finished 
[SYS] 2025/04/04 - 18:30:40 | syncing options from database 
[SYS] 2025/04/04 - 18:30:40 | syncing channels from database 
[SYS] 2025/04/04 - 18:30:40 | channels synced from database 
[SYS] 2025/04/04 - 18:30:40 | 任务进度轮询开始 
[SYS] 2025/04/04 - 18:30:40 | 任务进度轮询完成 
[SYS] 2025/04/04 - 18:30:41 | batch update started 
[SYS] 2025/04/04 - 18:30:41 | batch update finished 
[SYS] 2025/04/04 - 18:30:46 | batch update started 
[SYS] 2025/04/04 - 18:30:46 | batch update finished 
[SYS] 2025/04/04 - 18:30:51 | batch update started 
[SYS] 2025/04/04 - 18:30:51 | batch update finished 
[SYS] 2025/04/04 - 18:30:55 | 任务进度轮询开始 
[SYS] 2025/04/04 - 18:30:55 | 任务进度轮询完成 
[SYS] 2025/04/04 - 18:30:56 | batch update started 
[SYS] 2025/04/04 - 18:30:56 | batch update finished 
[SYS] 2025/04/04 - 18:31:01 | batch update started 
[SYS] 2025/04/04 - 18:31:01 | batch update finished 
[SYS] 2025/04/04 - 18:31:06 | batch update started 
[SYS] 2025/04/04 - 18:31:06 | batch update finished 
[SYS] 2025/04/04 - 18:31:10 | 任务进度轮询开始 
[SYS] 2025/04/04 - 18:31:10 | 任务进度轮询完成 
[SYS] 2025/04/04 - 18:31:11 | batch update started 
[SYS] 2025/04/04 - 18:31:11 | batch update finished 
[SYS] 2025/04/04 - 18:31:16 | batch update started 
[SYS] 2025/04/04 - 18:31:16 | batch update finished 
[SYS] 2025/04/04 - 18:31:21 | batch update started 
[SYS] 2025/04/04 - 18:31:21 | batch update finished 
[SYS] 2025/04/04 - 18:31:25 | 任务进度轮询开始 
[SYS] 2025/04/04 - 18:31:25 | 任务进度轮询完成 
[SYS] 2025/04/04 - 18:31:26 | batch update started 
[SYS] 2025/04/04 - 18:31:26 | batch update finished 
[SYS] 2025/04/04 - 18:31:31 | batch update started 
[SYS] 2025/04/04 - 18:31:31 | batch update finished 
[SYS] 2025/04/04 - 18:31:36 | batch update started 
[SYS] 2025/04/04 - 18:31:36 | batch update finished 
[SYS] 2025/04/04 - 18:31:40 | syncing options from database 
[SYS] 2025/04/04 - 18:31:40 | syncing channels from database 
[SYS] 2025/04/04 - 18:31:40 | channels synced from database 
[SYS] 2025/04/04 - 18:31:40 | 任务进度轮询开始 
[SYS] 2025/04/04 - 18:31:40 | 任务进度轮询完成 
[SYS] 2025/04/04 - 18:31:41 | batch update started 
[SYS] 2025/04/04 - 18:31:41 | batch update finished 
[SYS] 2025/04/04 - 18:31:46 | batch update started 
[SYS] 2025/04/04 - 18:31:46 | batch update finished 
[SYS] 2025/04/04 - 18:31:51 | batch update started 
[SYS] 2025/04/04 - 18:31:51 | batch update finished 
[SYS] 2025/04/04 - 18:31:55 | 任务进度轮询开始 
[SYS] 2025/04/04 - 18:31:55 | 任务进度轮询完成 
[SYS] 2025/04/04 - 18:31:56 | batch update started 
[SYS] 2025/04/04 - 18:31:56 | batch update finished 
[SYS] 2025/04/04 - 18:32:01 | batch update started 
[SYS] 2025/04/04 - 18:32:01 | batch update finished 
[SYS] 2025/04/04 - 18:32:06 | batch update started 
[SYS] 2025/04/04 - 18:32:06 | batch update finished 
[SYS] 2025/04/04 - 18:32:10 | 任务进度轮询开始 
[SYS] 2025/04/04 - 18:32:10 | 任务进度轮询完成 
[SYS] 2025/04/04 - 18:32:11 | batch update started 
[SYS] 2025/04/04 - 18:32:11 | batch update finished 
[SYS] 2025/04/04 - 18:32:16 | batch update started 
[SYS] 2025/04/04 - 18:32:16 | batch update finished 
[SYS] 2025/04/04 - 18:32:21 | batch update started 
[SYS] 2025/04/04 - 18:32:21 | batch update finished 
[SYS] 2025/04/04 - 18:32:25 | 任务进度轮询开始 
[SYS] 2025/04/04 - 18:32:25 | 任务进度轮询完成 
[SYS] 2025/04/04 - 18:32:26 | batch update started 
[SYS] 2025/04/04 - 18:32:26 | batch update finished 
[SYS] 2025/04/04 - 18:32:31 | batch update started 
[SYS] 2025/04/04 - 18:32:31 | batch update finished 
[SYS] 2025/04/04 - 18:32:36 | batch update started 
[SYS] 2025/04/04 - 18:32:36 | batch update finished 
[SYS] 2025/04/04 - 18:32:40 | syncing options from database 
[SYS] 2025/04/04 - 18:32:40 | syncing channels from database 
[SYS] 2025/04/04 - 18:32:40 | channels synced from database 
[SYS] 2025/04/04 - 18:32:40 | 任务进度轮询开始 
[SYS] 2025/04/04 - 18:32:40 | 任务进度轮询完成 
[SYS] 2025/04/04 - 18:32:41 | batch update started 
[SYS] 2025/04/04 - 18:32:41 | batch update finished 
[SYS] 2025/04/04 - 18:32:46 | batch update started 
[SYS] 2025/04/04 - 18:32:46 | batch update finished 
[SYS] 2025/04/04 - 18:32:51 | batch update started 
[SYS] 2025/04/04 - 18:32:51 | batch update finished 
[SYS] 2025/04/04 - 18:32:55 | 任务进度轮询开始 
[SYS] 2025/04/04 - 18:32:55 | 任务进度轮询完成 
[SYS] 2025/04/04 - 18:32:56 | batch update started 
[SYS] 2025/04/04 - 18:32:56 | batch update finished 
[SYS] 2025/04/04 - 18:33:01 | batch update started 
[SYS] 2025/04/04 - 18:33:01 | batch update finished 
[SYS] 2025/04/04 - 18:33:06 | batch update started 
[SYS] 2025/04/04 - 18:33:06 | batch update finished 
[SYS] 2025/04/04 - 18:33:10 | 任务进度轮询开始 
[SYS] 2025/04/04 - 18:33:10 | 任务进度轮询完成 
[SYS] 2025/04/04 - 18:33:11 | batch update started 
[SYS] 2025/04/04 - 18:33:11 | batch update finished 
[SYS] 2025/04/04 - 18:33:16 | batch update started 
[SYS] 2025/04/04 - 18:33:16 | batch update finished 
[SYS] 2025/04/04 - 18:33:21 | batch update started 
[SYS] 2025/04/04 - 18:33:21 | batch update finished 
[SYS] 2025/04/04 - 18:33:25 | 任务进度轮询开始 
[SYS] 2025/04/04 - 18:33:25 | 任务进度轮询完成 
[SYS] 2025/04/04 - 18:33:26 | batch update started 
[SYS] 2025/04/04 - 18:33:26 | batch update finished 
[SYS] 2025/04/04 - 18:33:31 | batch update started 
[SYS] 2025/04/04 - 18:33:31 | batch update finished 
[SYS] 2025/04/04 - 18:33:36 | batch update started 
[SYS] 2025/04/04 - 18:33:36 | batch update finished 
[SYS] 2025/04/04 - 18:33:40 | syncing options from database 
[SYS] 2025/04/04 - 18:33:40 | syncing channels from database 
[SYS] 2025/04/04 - 18:33:40 | channels synced from database 
[SYS] 2025/04/04 - 18:33:40 | 任务进度轮询开始 
[SYS] 2025/04/04 - 18:33:40 | 任务进度轮询完成 
[SYS] 2025/04/04 - 18:33:41 | batch update started 
[SYS] 2025/04/04 - 18:33:41 | batch update finished 
[SYS] 2025/04/04 - 18:33:46 | batch update started 
[SYS] 2025/04/04 - 18:33:46 | batch update finished 
[SYS] 2025/04/04 - 18:33:51 | batch update started 
[SYS] 2025/04/04 - 18:33:51 | batch update finished 
[SYS] 2025/04/04 - 18:33:55 | 任务进度轮询开始 
[SYS] 2025/04/04 - 18:33:55 | 任务进度轮询完成 
[SYS] 2025/04/04 - 18:33:56 | batch update started 
[SYS] 2025/04/04 - 18:33:56 | batch update finished 
[SYS] 2025/04/04 - 18:34:01 | batch update started 
[SYS] 2025/04/04 - 18:34:01 | batch update finished 
[SYS] 2025/04/04 - 18:34:06 | batch update started 
[SYS] 2025/04/04 - 18:34:06 | batch update finished 
[SYS] 2025/04/04 - 18:34:10 | 任务进度轮询开始 
[SYS] 2025/04/04 - 18:34:10 | 任务进度轮询完成 
[SYS] 2025/04/04 - 18:34:11 | batch update started 
[SYS] 2025/04/04 - 18:34:11 | batch update finished 
[SYS] 2025/04/04 - 18:34:16 | batch update started 
[SYS] 2025/04/04 - 18:34:16 | batch update finished 
[SYS] 2025/04/04 - 18:34:21 | batch update started 
[SYS] 2025/04/04 - 18:34:21 | batch update finished 
[SYS] 2025/04/04 - 18:34:25 | 任务进度轮询开始 
[SYS] 2025/04/04 - 18:34:25 | 任务进度轮询完成 
[SYS] 2025/04/04 - 18:34:26 | batch update started 
[SYS] 2025/04/04 - 18:34:26 | batch update finished 
[SYS] 2025/04/04 - 18:34:31 | batch update started 
[SYS] 2025/04/04 - 18:34:31 | batch update finished 
[SYS] 2025/04/04 - 18:34:36 | batch update started 
[SYS] 2025/04/04 - 18:34:36 | batch update finished 
[SYS] 2025/04/04 - 18:34:40 | syncing options from database 
[SYS] 2025/04/04 - 18:34:40 | syncing channels from database 
[SYS] 2025/04/04 - 18:34:40 | channels synced from database 
[SYS] 2025/04/04 - 18:34:40 | 任务进度轮询开始 
[SYS] 2025/04/04 - 18:34:40 | 任务进度轮询完成 
[SYS] 2025/04/04 - 18:34:41 | batch update started 
[SYS] 2025/04/04 - 18:34:41 | batch update finished 
[SYS] 2025/04/04 - 18:34:46 | batch update started 
[SYS] 2025/04/04 - 18:34:46 | batch update finished 
[SYS] 2025/04/04 - 18:34:51 | batch update started 
[SYS] 2025/04/04 - 18:34:51 | batch update finished 
[SYS] 2025/04/04 - 18:34:55 | 任务进度轮询开始 
[SYS] 2025/04/04 - 18:34:55 | 任务进度轮询完成 
[SYS] 2025/04/04 - 18:34:56 | batch update started 
[SYS] 2025/04/04 - 18:34:56 | batch update finished 
[SYS] 2025/04/04 - 18:35:01 | batch update started 
[SYS] 2025/04/04 - 18:35:01 | batch update finished 
[SYS] 2025/04/04 - 18:35:06 | batch update started 
[SYS] 2025/04/04 - 18:35:06 | batch update finished 
[SYS] 2025/04/04 - 18:35:10 | 任务进度轮询开始 
[SYS] 2025/04/04 - 18:35:10 | 任务进度轮询完成 
[SYS] 2025/04/04 - 18:35:11 | batch update started 
[SYS] 2025/04/04 - 18:35:11 | batch update finished 
[SYS] 2025/04/04 - 18:35:16 | batch update started 
[SYS] 2025/04/04 - 18:35:16 | batch update finished 
[SYS] 2025/04/04 - 18:35:21 | batch update started 
[SYS] 2025/04/04 - 18:35:21 | batch update finished 
[SYS] 2025/04/04 - 18:35:25 | 任务进度轮询开始 
[SYS] 2025/04/04 - 18:35:25 | 任务进度轮询完成 
[SYS] 2025/04/04 - 18:35:26 | batch update started 
[SYS] 2025/04/04 - 18:35:26 | batch update finished 
[SYS] 2025/04/04 - 18:35:31 | batch update started 
[SYS] 2025/04/04 - 18:35:31 | batch update finished 
[SYS] 2025/04/04 - 18:35:36 | batch update started 
[SYS] 2025/04/04 - 18:35:36 | batch update finished 
[SYS] 2025/04/04 - 18:35:40 | 正在更新数据看板数据... 
[SYS] 2025/04/04 - 18:35:40 | 保存数据看板数据成功，共保存0条数据 
[SYS] 2025/04/04 - 18:35:40 | syncing options from database 
[SYS] 2025/04/04 - 18:35:40 | syncing channels from database 
[SYS] 2025/04/04 - 18:35:40 | channels synced from database 
[SYS] 2025/04/04 - 18:35:40 | 任务进度轮询开始 
[SYS] 2025/04/04 - 18:35:40 | 任务进度轮询完成 
[SYS] 2025/04/04 - 18:35:41 | batch update started 
[SYS] 2025/04/04 - 18:35:41 | batch update finished 
[SYS] 2025/04/04 - 18:35:46 | batch update started 
[SYS] 2025/04/04 - 18:35:46 | batch update finished 
[SYS] 2025/04/04 - 18:35:51 | batch update started 
[SYS] 2025/04/04 - 18:35:51 | batch update finished 
[SYS] 2025/04/04 - 18:35:55 | 任务进度轮询开始 
[SYS] 2025/04/04 - 18:35:55 | 任务进度轮询完成 
[SYS] 2025/04/04 - 18:35:56 | batch update started 
[SYS] 2025/04/04 - 18:35:56 | batch update finished 
[SYS] 2025/04/04 - 18:36:01 | batch update started 
[SYS] 2025/04/04 - 18:36:01 | batch update finished 
[SYS] 2025/04/04 - 18:36:06 | batch update started 
[SYS] 2025/04/04 - 18:36:06 | batch update finished 
[SYS] 2025/04/04 - 18:36:10 | 任务进度轮询开始 
[SYS] 2025/04/04 - 18:36:10 | 任务进度轮询完成 
[SYS] 2025/04/04 - 18:36:11 | batch update started 
[SYS] 2025/04/04 - 18:36:11 | batch update finished 
[SYS] 2025/04/04 - 18:36:16 | batch update started 
[SYS] 2025/04/04 - 18:36:16 | batch update finished 
[SYS] 2025/04/04 - 18:36:21 | batch update started 
[SYS] 2025/04/04 - 18:36:21 | batch update finished 
[SYS] 2025/04/04 - 18:36:25 | 任务进度轮询开始 
[SYS] 2025/04/04 - 18:36:25 | 任务进度轮询完成 
[SYS] 2025/04/04 - 18:36:26 | batch update started 
[SYS] 2025/04/04 - 18:36:26 | batch update finished 
[SYS] 2025/04/04 - 18:36:31 | batch update started 
[SYS] 2025/04/04 - 18:36:31 | batch update finished 
[SYS] 2025/04/04 - 18:36:36 | batch update started 
[SYS] 2025/04/04 - 18:36:36 | batch update finished 
[SYS] 2025/04/04 - 18:36:40 | syncing options from database 
[SYS] 2025/04/04 - 18:36:40 | syncing channels from database 
[SYS] 2025/04/04 - 18:36:40 | channels synced from database 
[SYS] 2025/04/04 - 18:36:40 | 任务进度轮询开始 
[SYS] 2025/04/04 - 18:36:40 | 任务进度轮询完成 
[SYS] 2025/04/04 - 18:36:41 | batch update started 
[SYS] 2025/04/04 - 18:36:41 | batch update finished 
[SYS] 2025/04/04 - 18:36:46 | batch update started 
[SYS] 2025/04/04 - 18:36:46 | batch update finished 
[SYS] 2025/04/04 - 18:36:51 | batch update started 
[SYS] 2025/04/04 - 18:36:51 | batch update finished 
[SYS] 2025/04/04 - 18:36:55 | 任务进度轮询开始 
[SYS] 2025/04/04 - 18:36:55 | 任务进度轮询完成 
[SYS] 2025/04/04 - 18:36:56 | batch update started 
[SYS] 2025/04/04 - 18:36:56 | batch update finished 
[SYS] 2025/04/04 - 18:37:01 | batch update started 
[SYS] 2025/04/04 - 18:37:01 | batch update finished 
[SYS] 2025/04/04 - 18:37:06 | batch update started 
[SYS] 2025/04/04 - 18:37:06 | batch update finished 
[SYS] 2025/04/04 - 18:37:10 | 任务进度轮询开始 
[SYS] 2025/04/04 - 18:37:10 | 任务进度轮询完成 
[SYS] 2025/04/04 - 18:37:11 | batch update started 
[SYS] 2025/04/04 - 18:37:11 | batch update finished 
[SYS] 2025/04/04 - 18:37:16 | batch update started 
[SYS] 2025/04/04 - 18:37:16 | batch update finished 
[SYS] 2025/04/04 - 18:37:21 | batch update started 
[SYS] 2025/04/04 - 18:37:21 | batch update finished 
[SYS] 2025/04/04 - 18:37:25 | 任务进度轮询开始 
[SYS] 2025/04/04 - 18:37:25 | 任务进度轮询完成 
[SYS] 2025/04/04 - 18:37:26 | batch update started 
[SYS] 2025/04/04 - 18:37:26 | batch update finished 
[SYS] 2025/04/04 - 18:37:31 | batch update started 
[SYS] 2025/04/04 - 18:37:31 | batch update finished 
[SYS] 2025/04/04 - 18:37:36 | batch update started 
[SYS] 2025/04/04 - 18:37:36 | batch update finished 
[SYS] 2025/04/04 - 18:37:40 | syncing options from database 
[SYS] 2025/04/04 - 18:37:40 | syncing channels from database 
[SYS] 2025/04/04 - 18:37:40 | channels synced from database 
[SYS] 2025/04/04 - 18:37:40 | 任务进度轮询开始 
[SYS] 2025/04/04 - 18:37:40 | 任务进度轮询完成 
[SYS] 2025/04/04 - 18:37:41 | batch update started 
[SYS] 2025/04/04 - 18:37:41 | batch update finished 
[SYS] 2025/04/04 - 18:37:46 | batch update started 
[SYS] 2025/04/04 - 18:37:46 | batch update finished 
[SYS] 2025/04/04 - 18:37:51 | batch update started 
[SYS] 2025/04/04 - 18:37:51 | batch update finished 
[SYS] 2025/04/04 - 18:37:55 | 任务进度轮询开始 
[SYS] 2025/04/04 - 18:37:55 | 任务进度轮询完成 
[SYS] 2025/04/04 - 18:37:56 | batch update started 
[SYS] 2025/04/04 - 18:37:56 | batch update finished 
[SYS] 2025/04/04 - 18:38:01 | batch update started 
[SYS] 2025/04/04 - 18:38:01 | batch update finished 
[SYS] 2025/04/04 - 18:38:06 | batch update started 
[SYS] 2025/04/04 - 18:38:06 | batch update finished 
[SYS] 2025/04/04 - 18:38:10 | 任务进度轮询开始 
[SYS] 2025/04/04 - 18:38:10 | 任务进度轮询完成 
[SYS] 2025/04/04 - 18:38:11 | batch update started 
[SYS] 2025/04/04 - 18:38:11 | batch update finished 
[SYS] 2025/04/04 - 18:38:16 | batch update started 
[SYS] 2025/04/04 - 18:38:16 | batch update finished 
[SYS] 2025/04/04 - 18:38:21 | batch update started 
[SYS] 2025/04/04 - 18:38:21 | batch update finished 
[SYS] 2025/04/04 - 18:38:25 | 任务进度轮询开始 
[SYS] 2025/04/04 - 18:38:25 | 任务进度轮询完成 
[SYS] 2025/04/04 - 18:38:26 | batch update started 
[SYS] 2025/04/04 - 18:38:26 | batch update finished 
[SYS] 2025/04/04 - 18:38:31 | batch update started 
[SYS] 2025/04/04 - 18:38:31 | batch update finished 
[SYS] 2025/04/04 - 18:38:36 | batch update started 
[SYS] 2025/04/04 - 18:38:36 | batch update finished 
[SYS] 2025/04/04 - 18:38:40 | syncing options from database 
[SYS] 2025/04/04 - 18:38:40 | syncing channels from database 
[SYS] 2025/04/04 - 18:38:40 | channels synced from database 
[SYS] 2025/04/04 - 18:38:40 | 任务进度轮询开始 
[SYS] 2025/04/04 - 18:38:40 | 任务进度轮询完成 
[SYS] 2025/04/04 - 18:38:41 | batch update started 
[SYS] 2025/04/04 - 18:38:41 | batch update finished 
[SYS] 2025/04/04 - 18:38:46 | batch update started 
[SYS] 2025/04/04 - 18:38:46 | batch update finished 
[SYS] 2025/04/04 - 18:38:51 | batch update started 
[SYS] 2025/04/04 - 18:38:51 | batch update finished 
[SYS] 2025/04/04 - 18:38:55 | 任务进度轮询开始 
[SYS] 2025/04/04 - 18:38:55 | 任务进度轮询完成 
[SYS] 2025/04/04 - 18:38:56 | batch update started 
[SYS] 2025/04/04 - 18:38:56 | batch update finished 
[SYS] 2025/04/04 - 18:39:01 | batch update started 
[SYS] 2025/04/04 - 18:39:01 | batch update finished 
[SYS] 2025/04/04 - 18:39:06 | batch update started 
[SYS] 2025/04/04 - 18:39:06 | batch update finished 
[SYS] 2025/04/04 - 18:39:10 | 任务进度轮询开始 
[SYS] 2025/04/04 - 18:39:10 | 任务进度轮询完成 
[SYS] 2025/04/04 - 18:39:11 | batch update started 
[SYS] 2025/04/04 - 18:39:11 | batch update finished 
[SYS] 2025/04/04 - 18:39:16 | batch update started 
[SYS] 2025/04/04 - 18:39:16 | batch update finished 
[SYS] 2025/04/04 - 18:39:21 | batch update started 
[SYS] 2025/04/04 - 18:39:21 | batch update finished 
[SYS] 2025/04/04 - 18:39:25 | 任务进度轮询开始 
[SYS] 2025/04/04 - 18:39:25 | 任务进度轮询完成 
[SYS] 2025/04/04 - 18:39:26 | batch update started 
[SYS] 2025/04/04 - 18:39:26 | batch update finished 
[SYS] 2025/04/04 - 18:39:31 | batch update started 
[SYS] 2025/04/04 - 18:39:31 | batch update finished 
[SYS] 2025/04/04 - 18:39:36 | batch update started 
[SYS] 2025/04/04 - 18:39:36 | batch update finished 
[SYS] 2025/04/04 - 18:39:40 | syncing options from database 
[SYS] 2025/04/04 - 18:39:40 | syncing channels from database 
[SYS] 2025/04/04 - 18:39:40 | channels synced from database 
[SYS] 2025/04/04 - 18:39:40 | 任务进度轮询开始 
[SYS] 2025/04/04 - 18:39:40 | 任务进度轮询完成 
[SYS] 2025/04/04 - 18:39:41 | batch update started 
[SYS] 2025/04/04 - 18:39:41 | batch update finished 
[SYS] 2025/04/04 - 18:39:46 | batch update started 
[SYS] 2025/04/04 - 18:39:46 | batch update finished 
[SYS] 2025/04/04 - 18:39:51 | batch update started 
[SYS] 2025/04/04 - 18:39:51 | batch update finished 
[SYS] 2025/04/04 - 18:39:55 | 任务进度轮询开始 
[SYS] 2025/04/04 - 18:39:55 | 任务进度轮询完成 
[SYS] 2025/04/04 - 18:39:56 | batch update started 
[SYS] 2025/04/04 - 18:39:56 | batch update finished 
[SYS] 2025/04/04 - 18:40:01 | batch update started 
[SYS] 2025/04/04 - 18:40:01 | batch update finished 
[SYS] 2025/04/04 - 18:40:06 | batch update started 
[SYS] 2025/04/04 - 18:40:06 | batch update finished 
[SYS] 2025/04/04 - 18:40:10 | 任务进度轮询开始 
[SYS] 2025/04/04 - 18:40:10 | 任务进度轮询完成 
[SYS] 2025/04/04 - 18:40:11 | batch update started 
[SYS] 2025/04/04 - 18:40:11 | batch update finished 
[SYS] 2025/04/04 - 18:40:16 | batch update started 
[SYS] 2025/04/04 - 18:40:16 | batch update finished 
[SYS] 2025/04/04 - 18:40:21 | batch update started 
[SYS] 2025/04/04 - 18:40:21 | batch update finished 
[SYS] 2025/04/04 - 18:40:25 | 任务进度轮询开始 
[SYS] 2025/04/04 - 18:40:25 | 任务进度轮询完成 
[SYS] 2025/04/04 - 18:40:26 | batch update started 
[SYS] 2025/04/04 - 18:40:26 | batch update finished 
[SYS] 2025/04/04 - 18:40:31 | batch update started 
[SYS] 2025/04/04 - 18:40:31 | batch update finished 
[SYS] 2025/04/04 - 18:40:36 | batch update started 
[SYS] 2025/04/04 - 18:40:36 | batch update finished 
[SYS] 2025/04/04 - 18:40:40 | updating all channels 
[SYS] 2025/04/04 - 18:40:40 | channels update done 
[SYS] 2025/04/04 - 18:40:40 | testing all channels 
[SYS] 2025/04/04 - 18:40:40 | channel test finished 
[SYS] 2025/04/04 - 18:40:40 | 正在更新数据看板数据... 
[SYS] 2025/04/04 - 18:40:40 | 保存数据看板数据成功，共保存0条数据 
[SYS] 2025/04/04 - 18:40:40 | syncing options from database 
[SYS] 2025/04/04 - 18:40:40 | syncing channels from database 
[SYS] 2025/04/04 - 18:40:40 | channels synced from database 
[SYS] 2025/04/04 - 18:40:40 | 任务进度轮询开始 
[SYS] 2025/04/04 - 18:40:40 | 任务进度轮询完成 
[SYS] 2025/04/04 - 18:40:41 | batch update started 
[SYS] 2025/04/04 - 18:40:41 | batch update finished 
[SYS] 2025/04/04 - 18:40:46 | batch update started 
[SYS] 2025/04/04 - 18:40:46 | batch update finished 
[SYS] 2025/04/04 - 18:40:51 | batch update started 
[SYS] 2025/04/04 - 18:40:51 | batch update finished 
[SYS] 2025/04/04 - 18:40:56 | 任务进度轮询开始 
[SYS] 2025/04/04 - 18:40:56 | 任务进度轮询完成 
[SYS] 2025/04/04 - 18:40:56 | batch update started 
[SYS] 2025/04/04 - 18:40:56 | batch update finished 
[SYS] 2025/04/04 - 18:41:01 | batch update started 
[SYS] 2025/04/04 - 18:41:01 | batch update finished 
[SYS] 2025/04/04 - 18:41:06 | batch update started 
[SYS] 2025/04/04 - 18:41:06 | batch update finished 
[SYS] 2025/04/04 - 18:41:11 | 任务进度轮询开始 
[SYS] 2025/04/04 - 18:41:11 | 任务进度轮询完成 
[SYS] 2025/04/04 - 18:41:11 | batch update started 
[SYS] 2025/04/04 - 18:41:11 | batch update finished 
[SYS] 2025/04/04 - 18:41:16 | batch update started 
[SYS] 2025/04/04 - 18:41:16 | batch update finished 
[SYS] 2025/04/04 - 18:41:21 | batch update started 
[SYS] 2025/04/04 - 18:41:21 | batch update finished 
[SYS] 2025/04/04 - 18:41:26 | 任务进度轮询开始 
[SYS] 2025/04/04 - 18:41:26 | 任务进度轮询完成 
[SYS] 2025/04/04 - 18:41:26 | batch update started 
[SYS] 2025/04/04 - 18:41:26 | batch update finished 
[SYS] 2025/04/04 - 18:41:31 | batch update started 
[SYS] 2025/04/04 - 18:41:31 | batch update finished 
[SYS] 2025/04/04 - 18:41:36 | batch update started 
[SYS] 2025/04/04 - 18:41:36 | batch update finished 
[SYS] 2025/04/04 - 18:41:40 | syncing options from database 
[SYS] 2025/04/04 - 18:41:40 | syncing channels from database 
[SYS] 2025/04/04 - 18:41:40 | channels synced from database 
[SYS] 2025/04/04 - 18:41:41 | 任务进度轮询开始 
[SYS] 2025/04/04 - 18:41:41 | 任务进度轮询完成 
[SYS] 2025/04/04 - 18:41:41 | batch update started 
[SYS] 2025/04/04 - 18:41:41 | batch update finished 
[SYS] 2025/04/04 - 18:41:46 | batch update started 
[SYS] 2025/04/04 - 18:41:46 | batch update finished 
[SYS] 2025/04/04 - 18:41:51 | batch update started 
[SYS] 2025/04/04 - 18:41:51 | batch update finished 
[SYS] 2025/04/04 - 18:41:56 | 任务进度轮询开始 
[SYS] 2025/04/04 - 18:41:56 | 任务进度轮询完成 
[SYS] 2025/04/04 - 18:41:56 | batch update started 
[SYS] 2025/04/04 - 18:41:56 | batch update finished 
[SYS] 2025/04/04 - 18:42:01 | batch update started 
[SYS] 2025/04/04 - 18:42:01 | batch update finished 
[SYS] 2025/04/04 - 18:42:06 | batch update started 
[SYS] 2025/04/04 - 18:42:06 | batch update finished 
[SYS] 2025/04/04 - 18:42:11 | 任务进度轮询开始 
[SYS] 2025/04/04 - 18:42:11 | 任务进度轮询完成 
[SYS] 2025/04/04 - 18:42:11 | batch update started 
[SYS] 2025/04/04 - 18:42:11 | batch update finished 
[SYS] 2025/04/04 - 18:42:16 | batch update started 
[SYS] 2025/04/04 - 18:42:16 | batch update finished 
[SYS] 2025/04/04 - 18:42:21 | batch update started 
[SYS] 2025/04/04 - 18:42:21 | batch update finished 
[SYS] 2025/04/04 - 18:42:26 | 任务进度轮询开始 
[SYS] 2025/04/04 - 18:42:26 | 任务进度轮询完成 
[SYS] 2025/04/04 - 18:42:26 | batch update started 
[SYS] 2025/04/04 - 18:42:26 | batch update finished 
[SYS] 2025/04/04 - 18:42:31 | batch update started 
[SYS] 2025/04/04 - 18:42:31 | batch update finished 
[SYS] 2025/04/04 - 18:42:36 | batch update started 
[SYS] 2025/04/04 - 18:42:36 | batch update finished 
[SYS] 2025/04/04 - 18:42:40 | syncing options from database 
[SYS] 2025/04/04 - 18:42:40 | syncing channels from database 
[SYS] 2025/04/04 - 18:42:40 | channels synced from database 
[SYS] 2025/04/04 - 18:42:41 | 任务进度轮询开始 
[SYS] 2025/04/04 - 18:42:41 | 任务进度轮询完成 
[SYS] 2025/04/04 - 18:42:41 | batch update started 
[SYS] 2025/04/04 - 18:42:41 | batch update finished 
[SYS] 2025/04/04 - 18:42:46 | batch update started 
[SYS] 2025/04/04 - 18:42:46 | batch update finished 
[SYS] 2025/04/04 - 18:42:51 | batch update started 
[SYS] 2025/04/04 - 18:42:51 | batch update finished 
[SYS] 2025/04/04 - 18:42:56 | 任务进度轮询开始 
[SYS] 2025/04/04 - 18:42:56 | 任务进度轮询完成 
[SYS] 2025/04/04 - 18:42:56 | batch update started 
[SYS] 2025/04/04 - 18:42:56 | batch update finished 
[SYS] 2025/04/04 - 18:43:01 | batch update started 
[SYS] 2025/04/04 - 18:43:01 | batch update finished 
[SYS] 2025/04/04 - 18:43:06 | batch update started 
[SYS] 2025/04/04 - 18:43:06 | batch update finished 
[SYS] 2025/04/04 - 18:43:11 | 任务进度轮询开始 
[SYS] 2025/04/04 - 18:43:11 | 任务进度轮询完成 
[SYS] 2025/04/04 - 18:43:11 | batch update started 
[SYS] 2025/04/04 - 18:43:11 | batch update finished 
[SYS] 2025/04/04 - 18:43:16 | batch update started 
[SYS] 2025/04/04 - 18:43:16 | batch update finished 
[SYS] 2025/04/04 - 18:43:21 | batch update started 
[SYS] 2025/04/04 - 18:43:21 | batch update finished 
[SYS] 2025/04/04 - 18:43:26 | 任务进度轮询开始 
[SYS] 2025/04/04 - 18:43:26 | 任务进度轮询完成 
[SYS] 2025/04/04 - 18:43:26 | batch update started 
[SYS] 2025/04/04 - 18:43:26 | batch update finished 
[SYS] 2025/04/04 - 18:43:31 | batch update started 
[SYS] 2025/04/04 - 18:43:31 | batch update finished 
[SYS] 2025/04/04 - 18:43:36 | batch update started 
[SYS] 2025/04/04 - 18:43:36 | batch update finished 
[SYS] 2025/04/04 - 18:43:40 | syncing options from database 
[SYS] 2025/04/04 - 18:43:40 | syncing channels from database 
[SYS] 2025/04/04 - 18:43:40 | channels synced from database 
[SYS] 2025/04/04 - 18:43:41 | 任务进度轮询开始 
[SYS] 2025/04/04 - 18:43:41 | 任务进度轮询完成 
[SYS] 2025/04/04 - 18:43:41 | batch update started 
[SYS] 2025/04/04 - 18:43:41 | batch update finished 
[SYS] 2025/04/04 - 18:43:46 | batch update started 
[SYS] 2025/04/04 - 18:43:46 | batch update finished 
[SYS] 2025/04/04 - 18:43:51 | batch update started 
[SYS] 2025/04/04 - 18:43:51 | batch update finished 
[SYS] 2025/04/04 - 18:43:56 | 任务进度轮询开始 
[SYS] 2025/04/04 - 18:43:56 | 任务进度轮询完成 
[SYS] 2025/04/04 - 18:43:56 | batch update started 
[SYS] 2025/04/04 - 18:43:56 | batch update finished 
[SYS] 2025/04/04 - 18:44:01 | batch update started 
[SYS] 2025/04/04 - 18:44:01 | batch update finished 
[SYS] 2025/04/04 - 18:44:06 | batch update started 
[SYS] 2025/04/04 - 18:44:06 | batch update finished 
[SYS] 2025/04/04 - 18:44:11 | 任务进度轮询开始 
[SYS] 2025/04/04 - 18:44:11 | 任务进度轮询完成 
[SYS] 2025/04/04 - 18:44:11 | batch update started 
[SYS] 2025/04/04 - 18:44:11 | batch update finished 
[SYS] 2025/04/04 - 18:44:16 | batch update started 
[SYS] 2025/04/04 - 18:44:16 | batch update finished 
[SYS] 2025/04/04 - 18:44:21 | batch update started 
[SYS] 2025/04/04 - 18:44:21 | batch update finished 
[SYS] 2025/04/04 - 18:44:26 | 任务进度轮询开始 
[SYS] 2025/04/04 - 18:44:26 | 任务进度轮询完成 
[SYS] 2025/04/04 - 18:44:26 | batch update started 
[SYS] 2025/04/04 - 18:44:26 | batch update finished 
[SYS] 2025/04/04 - 18:44:31 | batch update started 
[SYS] 2025/04/04 - 18:44:31 | batch update finished 
[SYS] 2025/04/04 - 18:44:36 | batch update started 
[SYS] 2025/04/04 - 18:44:36 | batch update finished 
[SYS] 2025/04/04 - 18:44:40 | syncing options from database 
[SYS] 2025/04/04 - 18:44:40 | syncing channels from database 
[SYS] 2025/04/04 - 18:44:40 | channels synced from database 
[SYS] 2025/04/04 - 18:44:41 | 任务进度轮询开始 
[SYS] 2025/04/04 - 18:44:41 | 任务进度轮询完成 
[SYS] 2025/04/04 - 18:44:41 | batch update started 
[SYS] 2025/04/04 - 18:44:41 | batch update finished 
[SYS] 2025/04/04 - 18:44:46 | batch update started 
[SYS] 2025/04/04 - 18:44:46 | batch update finished 
[SYS] 2025/04/04 - 18:44:51 | batch update started 
[SYS] 2025/04/04 - 18:44:51 | batch update finished 
[SYS] 2025/04/04 - 18:44:56 | 任务进度轮询开始 
[SYS] 2025/04/04 - 18:44:56 | 任务进度轮询完成 
[SYS] 2025/04/04 - 18:44:56 | batch update started 
[SYS] 2025/04/04 - 18:44:56 | batch update finished 
[SYS] 2025/04/04 - 18:45:01 | batch update started 
[SYS] 2025/04/04 - 18:45:01 | batch update finished 
[SYS] 2025/04/04 - 18:45:06 | batch update started 
[SYS] 2025/04/04 - 18:45:06 | batch update finished 
[SYS] 2025/04/04 - 18:45:11 | 任务进度轮询开始 
[SYS] 2025/04/04 - 18:45:11 | 任务进度轮询完成 
[SYS] 2025/04/04 - 18:45:11 | batch update started 
[SYS] 2025/04/04 - 18:45:11 | batch update finished 
[SYS] 2025/04/04 - 18:45:16 | batch update started 
[SYS] 2025/04/04 - 18:45:16 | batch update finished 
[SYS] 2025/04/04 - 18:45:21 | batch update started 
[SYS] 2025/04/04 - 18:45:21 | batch update finished 
[SYS] 2025/04/04 - 18:45:26 | 任务进度轮询开始 
[SYS] 2025/04/04 - 18:45:26 | 任务进度轮询完成 
[SYS] 2025/04/04 - 18:45:26 | batch update started 
[SYS] 2025/04/04 - 18:45:26 | batch update finished 
[SYS] 2025/04/04 - 18:45:31 | batch update started 
[SYS] 2025/04/04 - 18:45:31 | batch update finished 
[SYS] 2025/04/04 - 18:45:36 | batch update started 
[SYS] 2025/04/04 - 18:45:36 | batch update finished 
[SYS] 2025/04/04 - 18:45:40 | 正在更新数据看板数据... 
[SYS] 2025/04/04 - 18:45:40 | 保存数据看板数据成功，共保存0条数据 
[SYS] 2025/04/04 - 18:45:40 | syncing options from database 
[SYS] 2025/04/04 - 18:45:40 | syncing channels from database 
[SYS] 2025/04/04 - 18:45:40 | channels synced from database 
[SYS] 2025/04/04 - 18:45:41 | 任务进度轮询开始 
[SYS] 2025/04/04 - 18:45:41 | 任务进度轮询完成 
[SYS] 2025/04/04 - 18:45:41 | batch update started 
[SYS] 2025/04/04 - 18:45:41 | batch update finished 
[SYS] 2025/04/04 - 18:45:46 | batch update started 
[SYS] 2025/04/04 - 18:45:46 | batch update finished 
[SYS] 2025/04/04 - 18:45:51 | batch update started 
[SYS] 2025/04/04 - 18:45:51 | batch update finished 
[SYS] 2025/04/04 - 18:45:56 | 任务进度轮询开始 
[SYS] 2025/04/04 - 18:45:56 | 任务进度轮询完成 
[SYS] 2025/04/04 - 18:45:56 | batch update started 
[SYS] 2025/04/04 - 18:45:56 | batch update finished 
[SYS] 2025/04/04 - 18:46:01 | batch update started 
[SYS] 2025/04/04 - 18:46:01 | batch update finished 
[SYS] 2025/04/04 - 18:46:06 | batch update started 
[SYS] 2025/04/04 - 18:46:06 | batch update finished 
[SYS] 2025/04/04 - 18:46:11 | 任务进度轮询开始 
[SYS] 2025/04/04 - 18:46:11 | 任务进度轮询完成 
[SYS] 2025/04/04 - 18:46:11 | batch update started 
[SYS] 2025/04/04 - 18:46:11 | batch update finished 
[SYS] 2025/04/04 - 18:46:16 | batch update started 
[SYS] 2025/04/04 - 18:46:16 | batch update finished 
[SYS] 2025/04/04 - 18:46:21 | batch update started 
[SYS] 2025/04/04 - 18:46:21 | batch update finished 
[SYS] 2025/04/04 - 18:46:26 | 任务进度轮询开始 
[SYS] 2025/04/04 - 18:46:26 | 任务进度轮询完成 
[SYS] 2025/04/04 - 18:46:26 | batch update started 
[SYS] 2025/04/04 - 18:46:26 | batch update finished 
[SYS] 2025/04/04 - 18:46:31 | batch update started 
[SYS] 2025/04/04 - 18:46:31 | batch update finished 
[SYS] 2025/04/04 - 18:46:36 | batch update started 
[SYS] 2025/04/04 - 18:46:36 | batch update finished 
