[SYS] 2025/04/15 - 16:17:27 | New API v0.0.0 started 
[SYS] 2025/04/15 - 16:17:27 | using MySQL as database 
[SYS] 2025/04/15 - 16:17:27 | database migration started 
[SYS] 2025/04/15 - 16:17:29 | database migrated 
[SYS] 2025/04/15 - 16:17:29 | using MySQL as database 
[SYS] 2025/04/15 - 16:17:29 | database migration started 
[SYS] 2025/04/15 - 16:17:29 | Redis is enabled 
[SYS] 2025/04/15 - 16:17:29 | memory cache enabled 
[SYS] 2025/04/15 - 16:17:29 | sync frequency: 60 seconds 
[SYS] 2025/04/15 - 16:17:29 | channels synced from database 
[SYS] 2025/04/15 - 16:17:29 | batch update enabled with interval 5s 
[SYS] 2025/04/15 - 16:17:29 | pprof enabled 
[SYS] 2025/04/15 - 16:17:29 | initializing token encoders 
[SYS] 2025/04/15 - 16:17:29 | 正在更新数据看板数据... 
[SYS] 2025/04/15 - 16:17:29 | 保存数据看板数据成功，共保存0条数据 
[SYS] 2025/04/15 - 16:17:33 | token encoders initialized 
[SYS] 2025/04/15 - 16:17:33 | FRONTEND_BASE_URL is ignored on master node 
[GIN] 2025/04/15 - 16:17:34 | 20250415161734147814707Jw1TTLTj | 200 |    9.899353ms |             ::1 |     GET /login
[SYS] 2025/04/15 - 16:17:34 | batch update started 
[SYS] 2025/04/15 - 16:17:34 | batch update finished 
[GIN] 2025/04/15 - 16:17:35 | 20250415161735871387259g4GqkKBk | 200 |   56.307471ms |             ::1 |     GET /
[SYS] 2025/04/15 - 16:17:39 | batch update started 
[SYS] 2025/04/15 - 16:17:39 | batch update finished 
[SYS] 2025/04/15 - 16:17:43 | 任务进度轮询开始 
[SYS] 2025/04/15 - 16:17:43 | 任务进度轮询完成 
[SYS] 2025/04/15 - 16:17:43 | batch update started 
[SYS] 2025/04/15 - 16:17:43 | batch update finished 
[SYS] 2025/04/15 - 16:17:48 | batch update started 
[SYS] 2025/04/15 - 16:17:48 | batch update finished 
[SYS] 2025/04/15 - 16:17:53 | batch update started 
[SYS] 2025/04/15 - 16:17:53 | batch update finished 
[SYS] 2025/04/15 - 16:17:58 | 任务进度轮询开始 
[SYS] 2025/04/15 - 16:17:58 | 任务进度轮询完成 
[SYS] 2025/04/15 - 16:17:58 | batch update started 
[SYS] 2025/04/15 - 16:17:58 | batch update finished 
[SYS] 2025/04/15 - 16:18:03 | batch update started 
[SYS] 2025/04/15 - 16:18:03 | batch update finished 
[SYS] 2025/04/15 - 16:18:08 | batch update started 
[SYS] 2025/04/15 - 16:18:08 | batch update finished 
[SYS] 2025/04/15 - 16:18:13 | 任务进度轮询开始 
[SYS] 2025/04/15 - 16:18:13 | 任务进度轮询完成 
[SYS] 2025/04/15 - 16:18:13 | batch update started 
[SYS] 2025/04/15 - 16:18:13 | batch update finished 
[SYS] 2025/04/15 - 16:18:16 | batch update started 
[SYS] 2025/04/15 - 16:18:16 | batch update finished 
[SYS] 2025/04/15 - 16:18:21 | batch update started 
[SYS] 2025/04/15 - 16:18:21 | batch update finished 
[GIN] 2025/04/15 - 16:18:25 | 20250415161825555321916zbx62PYH | 200 |     1.23899ms |             ::1 |     GET /login
[SYS] 2025/04/15 - 16:18:26 | 任务进度轮询开始 
[SYS] 2025/04/15 - 16:18:26 | 任务进度轮询完成 
[SYS] 2025/04/15 - 16:18:26 | batch update started 
[SYS] 2025/04/15 - 16:18:26 | batch update finished 
[SYS] 2025/04/15 - 16:18:26 | syncing options from database 
[SYS] 2025/04/15 - 16:18:26 | syncing channels from database 
[SYS] 2025/04/15 - 16:18:28 | channels synced from database 
[SYS] 2025/04/15 - 16:18:31 | batch update started 
[SYS] 2025/04/15 - 16:18:31 | batch update finished 
[GIN] 2025/04/15 - 16:18:32 | 2025041516183247010193vc8RcEXp | 200 |     2.05537ms |             ::1 |     GET /
[SYS] 2025/04/15 - 16:18:36 | batch update started 
[SYS] 2025/04/15 - 16:18:36 | batch update finished 
[SYS] 2025/04/15 - 16:18:41 | 任务进度轮询开始 
[SYS] 2025/04/15 - 16:18:41 | 任务进度轮询完成 
[SYS] 2025/04/15 - 16:18:41 | batch update started 
[SYS] 2025/04/15 - 16:18:41 | batch update finished 
[GIN] 2025/04/15 - 16:18:43 | 2025041516184328698254DXKBKeW9 | 200 |   42.980394ms |             ::1 |     GET /assets/index-DQFUz-lQ.js
[GIN] 2025/04/15 - 16:18:43 | 2025041516184348861821DdmWGlLX | 200 |  250.734314ms |             ::1 |     GET /assets/index-DQFUz-lQ.js
[SYS] 2025/04/15 - 16:18:44 | batch update started 
[SYS] 2025/04/15 - 16:18:44 | batch update finished 
[GIN] 2025/04/15 - 16:18:44 | 20250415161844180659987nezs2ofq | 200 |  2.209471962s |             ::1 |     GET /assets/tools-DfdeVlee.js
[GIN] 2025/04/15 - 16:18:44 | 20250415161844179867107N9hmSUde | 200 |  2.236400304s |             ::1 |     GET /assets/index-WPgHA6qT.css
[GIN] 2025/04/15 - 16:18:44 | 20250415161844449893169c8APtPtd | 200 |  287.032916ms |             ::1 |     GET /assets/react-components-CCPUZY02.js
[GIN] 2025/04/15 - 16:18:44 | 20250415161844180873509QdKqesD8 | 200 |  2.248053005s |             ::1 |     GET /assets/i18n-CmOkJ515.js
[GIN] 2025/04/15 - 16:18:45 | 20250415161844791685929JMuWwB8B | 200 |  601.353727ms |             ::1 |     GET /assets/semantic-BU9V41A_.js
[GIN] 2025/04/15 - 16:18:45 | 20250415161845341667778G40zzsLX | 200 |   67.878599ms |             ::1 |     GET /
[GIN] 2025/04/15 - 16:18:45 | 202504151618444501454733FTZjGkA | 200 |  1.008021372s |             ::1 |     GET /assets/react-core-DpH4LOSy.js
[GIN] 2025/04/15 - 16:18:46 | 20250415161844767425906tm6xxOGJ | 200 |  1.311620485s |             ::1 |     GET /assets/semi-ui-Jq3oSxx4.css
[GIN] 2025/04/15 - 16:18:47 | 20250415161845352087837uqFsSIG | 200 |   3.65838633s |             ::1 |     GET /assets/semi-ui-V_DQX2n-.js
[GIN] 2025/04/15 - 16:18:49 | 20250415161849258070714wagf9fYo | 200 |    1.843772ms |             ::1 |     GET /assets/index-Cm2u16AV.js
[GIN] 2025/04/15 - 16:18:49 | 20250415161849430369753Qc8oVfWw | 200 |     962.086µs |             ::1 |     GET /logo.png
[SYS] 2025/04/15 - 16:18:49 | batch update started 
[SYS] 2025/04/15 - 16:18:49 | batch update finished 
[GIN] 2025/04/15 - 16:18:49 | 20250415161849596374885Sz3K9YRS | 200 |    1.162382ms |             ::1 |     GET /api/status
[GIN] 2025/04/15 - 16:18:49 | 20250415161849855030939Oyh8BYDR | 200 |    4.005441ms |             ::1 |     GET /assets/lato-v15-latin-bold-Dj654xud.woff2
[GIN] 2025/04/15 - 16:18:49 | 20250415161849862690926TK2TDyor | 200 |    3.240652ms |             ::1 |     GET /assets/lato-v15-latin-regular-CNtt3gFW.woff2
[SYS] 2025/04/15 - 16:18:54 | 任务进度轮询开始 
[SYS] 2025/04/15 - 16:18:54 | 任务进度轮询完成 
[SYS] 2025/04/15 - 16:18:54 | batch update started 
[SYS] 2025/04/15 - 16:18:54 | batch update finished 
[GIN] 2025/04/15 - 16:18:57 | 20250415161857971094059dLBWWVDD | 200 |    2.479497ms |             ::1 |     GET /api/status
[GIN] 2025/04/15 - 16:18:57 | 20250415161857971324697O04KMraX | 200 |    3.853792ms |             ::1 |     GET /assets/index-Cm2u16AV.js
[SYS] 2025/04/15 - 16:18:59 | batch update started 
[SYS] 2025/04/15 - 16:18:59 | batch update finished 
[SYS] 2025/04/15 - 16:19:04 | batch update started 
[SYS] 2025/04/15 - 16:19:04 | batch update finished 
[SYS] 2025/04/15 - 16:19:09 | 任务进度轮询开始 
[SYS] 2025/04/15 - 16:19:09 | batch update started 
[SYS] 2025/04/15 - 16:19:09 | batch update finished 
[SYS] 2025/04/15 - 16:19:10 | 任务进度轮询完成 
[SYS] 2025/04/15 - 16:19:14 | batch update started 
[SYS] 2025/04/15 - 16:19:14 | batch update finished 
[SYS] 2025/04/15 - 16:19:17 | batch update started 
[SYS] 2025/04/15 - 16:19:17 | batch update finished 
[SYS] 2025/04/15 - 16:19:22 | batch update started 
[SYS] 2025/04/15 - 16:19:22 | batch update finished 
[SYS] 2025/04/15 - 16:19:22 | syncing options from database 
[SYS] 2025/04/15 - 16:19:23 | 任务进度轮询开始 
[SYS] 2025/04/15 - 16:19:23 | 任务进度轮询完成 
[SYS] 2025/04/15 - 16:19:24 | syncing channels from database 
[SYS] 2025/04/15 - 16:19:25 | channels synced from database 
[SYS] 2025/04/15 - 16:19:27 | batch update started 
[SYS] 2025/04/15 - 16:19:27 | batch update finished 
[SYS] 2025/04/15 - 16:19:32 | batch update started 
[SYS] 2025/04/15 - 16:19:32 | batch update finished 
[SYS] 2025/04/15 - 16:19:37 | batch update started 
[SYS] 2025/04/15 - 16:19:37 | batch update finished 
[SYS] 2025/04/15 - 16:19:38 | 任务进度轮询开始 
[SYS] 2025/04/15 - 16:19:38 | 任务进度轮询完成 
[SYS] 2025/04/15 - 16:19:42 | batch update started 
[SYS] 2025/04/15 - 16:19:42 | batch update finished 
[SYS] 2025/04/15 - 16:19:45 | batch update started 
[SYS] 2025/04/15 - 16:19:45 | batch update finished 
[SYS] 2025/04/15 - 16:19:50 | batch update started 
[SYS] 2025/04/15 - 16:19:50 | batch update finished 
[SYS] 2025/04/15 - 16:19:51 | 任务进度轮询开始 
[SYS] 2025/04/15 - 16:19:51 | 任务进度轮询完成 
[SYS] 2025/04/15 - 16:19:55 | batch update started 
[SYS] 2025/04/15 - 16:19:55 | batch update finished 
[SYS] 2025/04/15 - 16:20:00 | batch update started 
[SYS] 2025/04/15 - 16:20:00 | batch update finished 
[SYS] 2025/04/15 - 16:20:05 | batch update started 
[SYS] 2025/04/15 - 16:20:05 | batch update finished 
[SYS] 2025/04/15 - 16:20:06 | 任务进度轮询开始 
[SYS] 2025/04/15 - 16:20:06 | 任务进度轮询完成 
[SYS] 2025/04/15 - 16:20:10 | batch update started 
[SYS] 2025/04/15 - 16:20:10 | batch update finished 
[SYS] 2025/04/15 - 16:20:15 | batch update started 
[SYS] 2025/04/15 - 16:20:15 | batch update finished 
[SYS] 2025/04/15 - 16:20:18 | batch update started 
[SYS] 2025/04/15 - 16:20:18 | batch update finished 
[SYS] 2025/04/15 - 16:20:18 | syncing options from database 
[SYS] 2025/04/15 - 16:20:19 | 任务进度轮询开始 
[SYS] 2025/04/15 - 16:20:19 | 任务进度轮询完成 
[SYS] 2025/04/15 - 16:20:21 | syncing channels from database 
[SYS] 2025/04/15 - 16:20:21 | channels synced from database 
[SYS] 2025/04/15 - 16:20:23 | batch update started 
[SYS] 2025/04/15 - 16:20:23 | batch update finished 
[SYS] 2025/04/15 - 16:20:28 | batch update started 
[SYS] 2025/04/15 - 16:20:28 | batch update finished 
[SYS] 2025/04/15 - 16:20:33 | batch update started 
[SYS] 2025/04/15 - 16:20:33 | batch update finished 
[SYS] 2025/04/15 - 16:20:34 | 任务进度轮询开始 
[SYS] 2025/04/15 - 16:20:34 | 任务进度轮询完成 
[SYS] 2025/04/15 - 16:20:38 | batch update started 
[SYS] 2025/04/15 - 16:20:57 | batch update finished 
[SYS] 2025/04/15 - 16:20:49 | 任务进度轮询开始 
[SYS] 2025/04/15 - 16:20:57 | 任务进度轮询完成 
[SYS] 2025/04/15 - 16:21:02 | batch update started 
[SYS] 2025/04/15 - 16:21:02 | batch update finished 
[SYS] 2025/04/15 - 16:21:07 | batch update started 
[SYS] 2025/04/15 - 16:21:07 | batch update finished 
[SYS] 2025/04/15 - 16:21:12 | 任务进度轮询开始 
[SYS] 2025/04/15 - 16:21:12 | 任务进度轮询完成 
[SYS] 2025/04/15 - 16:21:12 | batch update started 
[SYS] 2025/04/15 - 16:21:12 | batch update finished 
[SYS] 2025/04/15 - 16:21:17 | batch update started 
[SYS] 2025/04/15 - 16:21:17 | batch update finished 
[SYS] 2025/04/15 - 16:21:18 | syncing options from database 
[SYS] 2025/04/15 - 16:21:21 | syncing channels from database 
[SYS] 2025/04/15 - 16:21:21 | channels synced from database 
[SYS] 2025/04/15 - 16:21:22 | batch update started 
[SYS] 2025/04/15 - 16:21:22 | batch update finished 
[SYS] 2025/04/15 - 16:21:27 | 任务进度轮询开始 
[SYS] 2025/04/15 - 16:21:27 | 任务进度轮询完成 
[SYS] 2025/04/15 - 16:21:27 | batch update started 
[SYS] 2025/04/15 - 16:21:27 | batch update finished 
[SYS] 2025/04/15 - 16:21:31 | batch update started 
[SYS] 2025/04/15 - 16:21:31 | batch update finished 
[SYS] 2025/04/15 - 16:21:36 | batch update started 
[SYS] 2025/04/15 - 16:21:36 | batch update finished 
[SYS] 2025/04/15 - 16:21:41 | 任务进度轮询开始 
[SYS] 2025/04/15 - 16:21:41 | 任务进度轮询完成 
[SYS] 2025/04/15 - 16:21:41 | batch update started 
[SYS] 2025/04/15 - 16:21:41 | batch update finished 
[SYS] 2025/04/15 - 16:21:46 | batch update started 
[SYS] 2025/04/15 - 16:21:46 | batch update finished 
[SYS] 2025/04/15 - 16:21:51 | batch update started 
[SYS] 2025/04/15 - 16:21:51 | batch update finished 
[SYS] 2025/04/15 - 16:21:56 | 任务进度轮询开始 
[SYS] 2025/04/15 - 16:21:56 | 任务进度轮询完成 
[SYS] 2025/04/15 - 16:21:56 | batch update started 
[SYS] 2025/04/15 - 16:21:56 | batch update finished 
[SYS] 2025/04/15 - 16:21:59 | batch update started 
[SYS] 2025/04/15 - 16:21:59 | batch update finished 
[SYS] 2025/04/15 - 16:22:04 | batch update started 
[SYS] 2025/04/15 - 16:22:04 | batch update finished 
[SYS] 2025/04/15 - 16:22:09 | 任务进度轮询开始 
[SYS] 2025/04/15 - 16:22:09 | 任务进度轮询完成 
[SYS] 2025/04/15 - 16:22:09 | batch update started 
[SYS] 2025/04/15 - 16:22:09 | batch update finished 
[SYS] 2025/04/15 - 16:22:14 | batch update started 
[SYS] 2025/04/15 - 16:22:14 | batch update finished 
[SYS] 2025/04/15 - 16:22:15 | 正在更新数据看板数据... 
[SYS] 2025/04/15 - 16:22:15 | 保存数据看板数据成功，共保存0条数据 
