[SYS] 2025/03/30 - 23:50:04 | New API v0.0.0 started 
[SYS] 2025/03/30 - 23:50:04 | using MySQL as database 
[SYS] 2025/03/30 - 23:50:04 | database migration started 
[SYS] 2025/03/30 - 23:50:05 | database migrated 
[SYS] 2025/03/30 - 23:50:05 | using MySQL as database 
[SYS] 2025/03/30 - 23:50:05 | database migration started 
[SYS] 2025/03/30 - 23:50:05 | Redis is enabled 
[SYS] 2025/03/30 - 23:50:05 | memory cache enabled 
[SYS] 2025/03/30 - 23:50:05 | sync frequency: 60 seconds 
[SYS] 2025/03/30 - 23:50:05 | channels synced from database 
[SYS] 2025/03/30 - 23:50:05 | batch update enabled with interval 5s 
[SYS] 2025/03/30 - 23:50:05 | pprof enabled 
[SYS] 2025/03/30 - 23:50:05 | initializing token encoders 
[SYS] 2025/03/30 - 23:50:05 | 正在更新数据看板数据... 
[SYS] 2025/03/30 - 23:50:05 | 保存数据看板数据成功，共保存0条数据 
[SYS] 2025/03/30 - 23:50:06 | token encoders initialized 
[SYS] 2025/03/30 - 23:50:06 | FRONTEND_BASE_URL is ignored on master node 
[SYS] 2025/03/30 - 23:50:10 | batch update started 
[SYS] 2025/03/30 - 23:50:10 | batch update finished 
[SYS] 2025/03/30 - 23:50:15 | batch update started 
[SYS] 2025/03/30 - 23:50:15 | batch update finished 
[GIN] 2025/03/30 - 23:50:15 | 20250330235015282705699VBpqDtzv | 200 |    1.343225ms |             ::1 |     GET /login
[SYS] 2025/03/30 - 23:50:17 | 任务进度轮询开始 
[SYS] 2025/03/30 - 23:50:17 | batch update started 
[SYS] 2025/03/30 - 23:50:17 | batch update finished 
[SYS] 2025/03/30 - 23:50:17 | 任务进度轮询完成 
[GIN] 2025/03/30 - 23:50:18 | 20250330235018145007782crFCClgR | 200 |    1.381033ms |             ::1 |     GET /api/status
[SYS] 2025/03/30 - 23:50:22 | batch update started 
[SYS] 2025/03/30 - 23:50:22 | batch update finished 
[SYS] 2025/03/30 - 23:50:27 | batch update started 
[SYS] 2025/03/30 - 23:50:27 | batch update finished 
[SYS] 2025/03/30 - 23:50:32 | batch update started 
[SYS] 2025/03/30 - 23:50:32 | batch update finished 
[SYS] 2025/03/30 - 23:50:32 | 任务进度轮询开始 
[SYS] 2025/03/30 - 23:50:32 | 任务进度轮询完成 
[SYS] 2025/03/30 - 23:50:37 | batch update started 
[SYS] 2025/03/30 - 23:50:37 | batch update finished 
[GIN] 2025/03/30 - 23:50:42 | 20250330235042658545849JmykCweR | 307 |      72.692µs |             ::1 |     GET /auth/google/login
[SYS] 2025/03/30 - 23:50:42 | batch update started 
[SYS] 2025/03/30 - 23:50:42 | batch update finished 
[SYS] 2025/03/30 - 23:50:45 | batch update started 
[SYS] 2025/03/30 - 23:50:45 | batch update finished 
[SYS] 2025/03/30 - 23:50:45 | 任务进度轮询开始 
[SYS] 2025/03/30 - 23:50:45 | 任务进度轮询完成 
[SYS] 2025/03/30 - 23:50:50 | batch update started 
[SYS] 2025/03/30 - 23:50:50 | batch update finished 
[SYS] 2025/03/30 - 23:50:55 | batch update started 
[SYS] 2025/03/30 - 23:50:55 | batch update finished 
[SYS] 2025/03/30 - 23:51:00 | syncing channels from database 
[SYS] 2025/03/30 - 23:51:00 | syncing options from database 
[SYS] 2025/03/30 - 23:51:00 | channels synced from database 
[SYS] 2025/03/30 - 23:51:00 | batch update started 
[SYS] 2025/03/30 - 23:51:00 | batch update finished 
[SYS] 2025/03/30 - 23:51:00 | 任务进度轮询开始 
[SYS] 2025/03/30 - 23:51:00 | 任务进度轮询完成 
[SYS] 2025/03/30 - 23:51:05 | batch update started 
[SYS] 2025/03/30 - 23:51:05 | batch update finished 
[SYS] 2025/03/30 - 23:51:10 | batch update started 
[SYS] 2025/03/30 - 23:51:10 | batch update finished 
[SYS] 2025/03/30 - 23:51:13 | batch update started 
[SYS] 2025/03/30 - 23:51:13 | batch update finished 
[SYS] 2025/03/30 - 23:51:13 | 任务进度轮询开始 
[SYS] 2025/03/30 - 23:51:13 | 任务进度轮询完成 
[SYS] 2025/03/30 - 23:51:18 | batch update started 
[SYS] 2025/03/30 - 23:51:18 | batch update finished 
[SYS] 2025/03/30 - 23:51:23 | batch update started 
[SYS] 2025/03/30 - 23:51:23 | batch update finished 
[SYS] 2025/03/30 - 23:51:28 | batch update started 
[SYS] 2025/03/30 - 23:51:28 | batch update finished 
[SYS] 2025/03/30 - 23:51:28 | 任务进度轮询开始 
[SYS] 2025/03/30 - 23:51:28 | 任务进度轮询完成 
[SYS] 2025/03/30 - 23:51:33 | batch update started 
[SYS] 2025/03/30 - 23:51:33 | batch update finished 
[SYS] 2025/03/30 - 23:51:38 | batch update started 
[SYS] 2025/03/30 - 23:51:38 | batch update finished 
[SYS] 2025/03/30 - 23:51:41 | batch update started 
[SYS] 2025/03/30 - 23:51:41 | batch update finished 
[SYS] 2025/03/30 - 23:51:41 | 任务进度轮询开始 
[SYS] 2025/03/30 - 23:51:41 | 任务进度轮询完成 
[SYS] 2025/03/30 - 23:51:46 | batch update started 
[SYS] 2025/03/30 - 23:51:46 | batch update finished 
[SYS] 2025/03/30 - 23:51:51 | batch update started 
[SYS] 2025/03/30 - 23:51:51 | batch update finished 
[SYS] 2025/03/30 - 23:51:56 | syncing channels from database 
[SYS] 2025/03/30 - 23:51:56 | syncing options from database 
[SYS] 2025/03/30 - 23:51:56 | channels synced from database 
[SYS] 2025/03/30 - 23:51:56 | batch update started 
[SYS] 2025/03/30 - 23:51:56 | batch update finished 
[SYS] 2025/03/30 - 23:51:56 | 任务进度轮询开始 
[SYS] 2025/03/30 - 23:51:56 | 任务进度轮询完成 
[SYS] 2025/03/30 - 23:52:01 | batch update started 
[SYS] 2025/03/30 - 23:52:01 | batch update finished 
[SYS] 2025/03/30 - 23:52:06 | batch update started 
[SYS] 2025/03/30 - 23:52:06 | batch update finished 
[SYS] 2025/03/30 - 23:52:08 | batch update started 
[SYS] 2025/03/30 - 23:52:08 | batch update finished 
[SYS] 2025/03/30 - 23:52:08 | 任务进度轮询开始 
[SYS] 2025/03/30 - 23:52:08 | 任务进度轮询完成 
[SYS] 2025/03/30 - 23:52:13 | batch update started 
[SYS] 2025/03/30 - 23:52:13 | batch update finished 
[SYS] 2025/03/30 - 23:52:18 | batch update started 
[SYS] 2025/03/30 - 23:52:18 | batch update finished 
[SYS] 2025/03/30 - 23:52:23 | batch update started 
[SYS] 2025/03/30 - 23:52:23 | batch update finished 
[SYS] 2025/03/30 - 23:52:23 | 任务进度轮询开始 
[SYS] 2025/03/30 - 23:52:23 | 任务进度轮询完成 
[SYS] 2025/03/30 - 23:52:28 | batch update started 
[SYS] 2025/03/30 - 23:52:28 | batch update finished 
[SYS] 2025/03/30 - 23:52:33 | batch update started 
[SYS] 2025/03/30 - 23:52:33 | batch update finished 
[SYS] 2025/03/30 - 23:52:36 | batch update started 
[SYS] 2025/03/30 - 23:52:36 | batch update finished 
[SYS] 2025/03/30 - 23:52:36 | 任务进度轮询开始 
[SYS] 2025/03/30 - 23:52:36 | 任务进度轮询完成 
[SYS] 2025/03/30 - 23:52:41 | batch update started 
[SYS] 2025/03/30 - 23:52:41 | batch update finished 
[SYS] 2025/03/30 - 23:52:46 | batch update started 
[SYS] 2025/03/30 - 23:52:46 | batch update finished 
[SYS] 2025/03/30 - 23:52:51 | syncing channels from database 
[SYS] 2025/03/30 - 23:52:51 | syncing options from database 
[SYS] 2025/03/30 - 23:52:51 | channels synced from database 
[SYS] 2025/03/30 - 23:52:51 | 任务进度轮询开始 
[SYS] 2025/03/30 - 23:52:51 | 任务进度轮询完成 
[SYS] 2025/03/30 - 23:52:51 | batch update started 
[SYS] 2025/03/30 - 23:52:51 | batch update finished 
[SYS] 2025/03/30 - 23:52:56 | batch update started 
[SYS] 2025/03/30 - 23:52:56 | batch update finished 
[SYS] 2025/03/30 - 23:53:01 | batch update started 
[SYS] 2025/03/30 - 23:53:01 | batch update finished 
[SYS] 2025/03/30 - 23:53:04 | 任务进度轮询开始 
[SYS] 2025/03/30 - 23:53:04 | 任务进度轮询完成 
[SYS] 2025/03/30 - 23:53:04 | batch update started 
[SYS] 2025/03/30 - 23:53:04 | batch update finished 
[SYS] 2025/03/30 - 23:53:09 | batch update started 
[SYS] 2025/03/30 - 23:53:09 | batch update finished 
[SYS] 2025/03/30 - 23:53:14 | batch update started 
[SYS] 2025/03/30 - 23:53:14 | batch update finished 
[SYS] 2025/03/30 - 23:53:19 | 任务进度轮询开始 
[SYS] 2025/03/30 - 23:53:19 | 任务进度轮询完成 
[SYS] 2025/03/30 - 23:53:19 | batch update started 
[SYS] 2025/03/30 - 23:53:19 | batch update finished 
[SYS] 2025/03/30 - 23:53:24 | batch update started 
[SYS] 2025/03/30 - 23:53:24 | batch update finished 
[SYS] 2025/03/30 - 23:53:29 | batch update started 
[SYS] 2025/03/30 - 23:53:29 | batch update finished 
[SYS] 2025/03/30 - 23:53:31 | 任务进度轮询开始 
[SYS] 2025/03/30 - 23:53:31 | 任务进度轮询完成 
[SYS] 2025/03/30 - 23:53:31 | batch update started 
[SYS] 2025/03/30 - 23:53:31 | batch update finished 
[SYS] 2025/03/30 - 23:53:36 | batch update started 
[SYS] 2025/03/30 - 23:53:36 | batch update finished 
[SYS] 2025/03/30 - 23:53:41 | batch update started 
[SYS] 2025/03/30 - 23:53:41 | batch update finished 
[SYS] 2025/03/30 - 23:53:46 | syncing channels from database 
[SYS] 2025/03/30 - 23:53:46 | syncing options from database 
[SYS] 2025/03/30 - 23:53:46 | channels synced from database 
[SYS] 2025/03/30 - 23:53:46 | 任务进度轮询开始 
[SYS] 2025/03/30 - 23:53:46 | 任务进度轮询完成 
[SYS] 2025/03/30 - 23:53:46 | batch update started 
[SYS] 2025/03/30 - 23:53:46 | batch update finished 
[SYS] 2025/03/30 - 23:53:51 | batch update started 
[SYS] 2025/03/30 - 23:53:51 | batch update finished 
[SYS] 2025/03/30 - 23:53:56 | batch update started 
[SYS] 2025/03/30 - 23:53:56 | batch update finished 
[SYS] 2025/03/30 - 23:53:59 | 任务进度轮询开始 
[SYS] 2025/03/30 - 23:53:59 | 任务进度轮询完成 
[SYS] 2025/03/30 - 23:53:59 | batch update started 
[SYS] 2025/03/30 - 23:53:59 | batch update finished 
[SYS] 2025/03/30 - 23:54:04 | batch update started 
[SYS] 2025/03/30 - 23:54:04 | batch update finished 
[SYS] 2025/03/30 - 23:54:09 | batch update started 
[SYS] 2025/03/30 - 23:54:09 | batch update finished 
[SYS] 2025/03/30 - 23:54:14 | 任务进度轮询开始 
[SYS] 2025/03/30 - 23:54:14 | 任务进度轮询完成 
[SYS] 2025/03/30 - 23:54:14 | batch update started 
[SYS] 2025/03/30 - 23:54:14 | batch update finished 
[SYS] 2025/03/30 - 23:54:19 | batch update started 
[SYS] 2025/03/30 - 23:54:19 | batch update finished 
[SYS] 2025/03/30 - 23:54:24 | batch update started 
[SYS] 2025/03/30 - 23:54:24 | batch update finished 
[SYS] 2025/03/30 - 23:54:27 | 任务进度轮询开始 
[SYS] 2025/03/30 - 23:54:27 | 任务进度轮询完成 
[SYS] 2025/03/30 - 23:54:27 | batch update started 
[SYS] 2025/03/30 - 23:54:27 | batch update finished 
[SYS] 2025/03/30 - 23:54:32 | batch update started 
[SYS] 2025/03/30 - 23:54:32 | batch update finished 
[SYS] 2025/03/30 - 23:54:37 | batch update started 
[SYS] 2025/03/30 - 23:54:37 | batch update finished 
[SYS] 2025/03/30 - 23:54:42 | 正在更新数据看板数据... 
[SYS] 2025/03/30 - 23:54:42 | 保存数据看板数据成功，共保存0条数据 
[SYS] 2025/03/30 - 23:54:42 | syncing options from database 
[SYS] 2025/03/30 - 23:54:42 | syncing channels from database 
[SYS] 2025/03/30 - 23:54:42 | channels synced from database 
[SYS] 2025/03/30 - 23:54:42 | 任务进度轮询开始 
[SYS] 2025/03/30 - 23:54:42 | 任务进度轮询完成 
[SYS] 2025/03/30 - 23:54:42 | batch update started 
[SYS] 2025/03/30 - 23:54:42 | batch update finished 
[SYS] 2025/03/30 - 23:54:47 | batch update started 
[SYS] 2025/03/30 - 23:54:47 | batch update finished 
[SYS] 2025/03/30 - 23:54:52 | batch update started 
[SYS] 2025/03/30 - 23:54:52 | batch update finished 
[SYS] 2025/03/30 - 23:54:55 | 任务进度轮询开始 
[SYS] 2025/03/30 - 23:54:55 | 任务进度轮询完成 
[SYS] 2025/03/30 - 23:54:55 | batch update started 
[SYS] 2025/03/30 - 23:54:55 | batch update finished 
[SYS] 2025/03/30 - 23:55:00 | batch update started 
[SYS] 2025/03/30 - 23:55:00 | batch update finished 
[SYS] 2025/03/30 - 23:55:05 | batch update started 
[SYS] 2025/03/30 - 23:55:05 | batch update finished 
[SYS] 2025/03/30 - 23:55:10 | 任务进度轮询开始 
[SYS] 2025/03/30 - 23:55:10 | 任务进度轮询完成 
[SYS] 2025/03/30 - 23:55:10 | batch update started 
[SYS] 2025/03/30 - 23:55:10 | batch update finished 
[SYS] 2025/03/30 - 23:55:15 | batch update started 
[SYS] 2025/03/30 - 23:55:15 | batch update finished 
[SYS] 2025/03/30 - 23:55:20 | batch update started 
[SYS] 2025/03/30 - 23:55:20 | batch update finished 
[SYS] 2025/03/30 - 23:55:22 | 任务进度轮询开始 
[SYS] 2025/03/30 - 23:55:22 | 任务进度轮询完成 
[SYS] 2025/03/30 - 23:55:22 | batch update started 
[SYS] 2025/03/30 - 23:55:22 | batch update finished 
[SYS] 2025/03/30 - 23:55:27 | batch update started 
[SYS] 2025/03/30 - 23:55:27 | batch update finished 
[SYS] 2025/03/30 - 23:55:32 | batch update started 
[SYS] 2025/03/30 - 23:55:32 | batch update finished 
[SYS] 2025/03/30 - 23:55:37 | syncing options from database 
[SYS] 2025/03/30 - 23:55:37 | syncing channels from database 
[SYS] 2025/03/30 - 23:55:37 | channels synced from database 
[SYS] 2025/03/30 - 23:55:37 | 任务进度轮询开始 
[SYS] 2025/03/30 - 23:55:37 | 任务进度轮询完成 
[SYS] 2025/03/30 - 23:55:37 | batch update started 
[SYS] 2025/03/30 - 23:55:37 | batch update finished 
[SYS] 2025/03/30 - 23:55:42 | batch update started 
[SYS] 2025/03/30 - 23:55:42 | batch update finished 
[SYS] 2025/03/30 - 23:55:47 | batch update started 
[SYS] 2025/03/30 - 23:55:47 | batch update finished 
[SYS] 2025/03/30 - 23:55:50 | 任务进度轮询开始 
[SYS] 2025/03/30 - 23:55:50 | 任务进度轮询完成 
[SYS] 2025/03/30 - 23:55:50 | batch update started 
[SYS] 2025/03/30 - 23:55:50 | batch update finished 
[SYS] 2025/03/30 - 23:55:55 | batch update started 
[SYS] 2025/03/30 - 23:55:55 | batch update finished 
[SYS] 2025/03/30 - 23:56:00 | batch update started 
[SYS] 2025/03/30 - 23:56:00 | batch update finished 
[SYS] 2025/03/30 - 23:56:05 | 任务进度轮询开始 
[SYS] 2025/03/30 - 23:56:05 | 任务进度轮询完成 
[SYS] 2025/03/30 - 23:56:05 | batch update started 
[SYS] 2025/03/30 - 23:56:05 | batch update finished 
[SYS] 2025/03/30 - 23:56:10 | batch update started 
[SYS] 2025/03/30 - 23:56:10 | batch update finished 
[SYS] 2025/03/30 - 23:56:15 | batch update started 
[SYS] 2025/03/30 - 23:56:15 | batch update finished 
[SYS] 2025/03/30 - 23:56:18 | 任务进度轮询开始 
[SYS] 2025/03/30 - 23:56:18 | 任务进度轮询完成 
[SYS] 2025/03/30 - 23:56:18 | batch update started 
[SYS] 2025/03/30 - 23:56:18 | batch update finished 
[SYS] 2025/03/30 - 23:56:23 | batch update started 
[SYS] 2025/03/30 - 23:56:23 | batch update finished 
[SYS] 2025/03/30 - 23:56:28 | batch update started 
[SYS] 2025/03/30 - 23:56:28 | batch update finished 
[SYS] 2025/03/30 - 23:56:33 | syncing options from database 
[SYS] 2025/03/30 - 23:56:33 | syncing channels from database 
[SYS] 2025/03/30 - 23:56:33 | channels synced from database 
[SYS] 2025/03/30 - 23:56:33 | 任务进度轮询开始 
[SYS] 2025/03/30 - 23:56:33 | 任务进度轮询完成 
[SYS] 2025/03/30 - 23:56:33 | batch update started 
[SYS] 2025/03/30 - 23:56:33 | batch update finished 
[SYS] 2025/03/30 - 23:56:38 | batch update started 
[SYS] 2025/03/30 - 23:56:38 | batch update finished 
[SYS] 2025/03/30 - 23:56:43 | batch update started 
[SYS] 2025/03/30 - 23:56:43 | batch update finished 
[SYS] 2025/03/30 - 23:56:45 | 任务进度轮询开始 
[SYS] 2025/03/30 - 23:56:45 | 任务进度轮询完成 
[SYS] 2025/03/30 - 23:56:46 | batch update started 
[SYS] 2025/03/30 - 23:56:46 | batch update finished 
[SYS] 2025/03/30 - 23:56:51 | batch update started 
[SYS] 2025/03/30 - 23:56:51 | batch update finished 
[SYS] 2025/03/30 - 23:56:56 | batch update started 
[SYS] 2025/03/30 - 23:56:56 | batch update finished 
[SYS] 2025/03/30 - 23:57:00 | 任务进度轮询开始 
[SYS] 2025/03/30 - 23:57:01 | 任务进度轮询完成 
[SYS] 2025/03/30 - 23:57:01 | batch update started 
[SYS] 2025/03/30 - 23:57:01 | batch update finished 
[SYS] 2025/03/30 - 23:57:06 | batch update started 
[SYS] 2025/03/30 - 23:57:06 | batch update finished 
[SYS] 2025/03/30 - 23:57:11 | batch update started 
[SYS] 2025/03/30 - 23:57:11 | batch update finished 
[SYS] 2025/03/30 - 23:57:13 | 任务进度轮询开始 
[SYS] 2025/03/30 - 23:57:13 | 任务进度轮询完成 
[SYS] 2025/03/30 - 23:57:13 | batch update started 
[SYS] 2025/03/30 - 23:57:13 | batch update finished 
[SYS] 2025/03/30 - 23:57:18 | batch update started 
[SYS] 2025/03/30 - 23:57:18 | batch update finished 
[SYS] 2025/03/30 - 23:57:23 | batch update started 
[SYS] 2025/03/30 - 23:57:23 | batch update finished 
[SYS] 2025/03/30 - 23:57:28 | syncing options from database 
[SYS] 2025/03/30 - 23:57:28 | syncing channels from database 
[SYS] 2025/03/30 - 23:57:28 | channels synced from database 
[SYS] 2025/03/30 - 23:57:28 | 任务进度轮询开始 
[SYS] 2025/03/30 - 23:57:28 | 任务进度轮询完成 
[SYS] 2025/03/30 - 23:57:28 | batch update started 
[SYS] 2025/03/30 - 23:57:28 | batch update finished 
[SYS] 2025/03/30 - 23:57:33 | batch update started 
[SYS] 2025/03/30 - 23:57:33 | batch update finished 
[SYS] 2025/03/30 - 23:57:38 | batch update started 
[SYS] 2025/03/30 - 23:57:38 | batch update finished 
[SYS] 2025/03/30 - 23:57:41 | 任务进度轮询开始 
[SYS] 2025/03/30 - 23:57:41 | 任务进度轮询完成 
[SYS] 2025/03/30 - 23:57:41 | batch update started 
[SYS] 2025/03/30 - 23:57:41 | batch update finished 
[SYS] 2025/03/30 - 23:57:46 | batch update started 
[SYS] 2025/03/30 - 23:57:46 | batch update finished 
[SYS] 2025/03/30 - 23:57:51 | batch update started 
[SYS] 2025/03/30 - 23:57:51 | batch update finished 
[SYS] 2025/03/30 - 23:57:56 | 任务进度轮询开始 
[SYS] 2025/03/30 - 23:57:56 | 任务进度轮询完成 
[SYS] 2025/03/30 - 23:57:56 | batch update started 
[SYS] 2025/03/30 - 23:57:56 | batch update finished 
[SYS] 2025/03/30 - 23:58:01 | batch update started 
[SYS] 2025/03/30 - 23:58:01 | batch update finished 
[SYS] 2025/03/30 - 23:58:06 | batch update started 
[SYS] 2025/03/30 - 23:58:06 | batch update finished 
[SYS] 2025/03/30 - 23:58:09 | 任务进度轮询开始 
[SYS] 2025/03/30 - 23:58:09 | 任务进度轮询完成 
[SYS] 2025/03/30 - 23:58:09 | batch update started 
[SYS] 2025/03/30 - 23:58:09 | batch update finished 
[SYS] 2025/03/30 - 23:58:14 | batch update started 
[SYS] 2025/03/30 - 23:58:14 | batch update finished 
[SYS] 2025/03/30 - 23:58:19 | batch update started 
[SYS] 2025/03/30 - 23:58:19 | batch update finished 
[SYS] 2025/03/30 - 23:58:24 | syncing options from database 
[SYS] 2025/03/30 - 23:58:24 | syncing channels from database 
[SYS] 2025/03/30 - 23:58:24 | channels synced from database 
[SYS] 2025/03/30 - 23:58:24 | 任务进度轮询开始 
[SYS] 2025/03/30 - 23:58:24 | 任务进度轮询完成 
[SYS] 2025/03/30 - 23:58:24 | batch update started 
[SYS] 2025/03/30 - 23:58:24 | batch update finished 
[SYS] 2025/03/30 - 23:58:29 | batch update started 
[SYS] 2025/03/30 - 23:58:29 | batch update finished 
[SYS] 2025/03/30 - 23:58:34 | batch update started 
[SYS] 2025/03/30 - 23:58:34 | batch update finished 
[SYS] 2025/03/30 - 23:58:36 | 任务进度轮询开始 
[SYS] 2025/03/30 - 23:58:36 | 任务进度轮询完成 
[SYS] 2025/03/30 - 23:58:36 | batch update started 
[SYS] 2025/03/30 - 23:58:36 | batch update finished 
[SYS] 2025/03/30 - 23:58:41 | batch update started 
[SYS] 2025/03/30 - 23:58:41 | batch update finished 
[SYS] 2025/03/30 - 23:58:46 | batch update started 
[SYS] 2025/03/30 - 23:58:46 | batch update finished 
[SYS] 2025/03/30 - 23:58:51 | 任务进度轮询开始 
[SYS] 2025/03/30 - 23:58:51 | 任务进度轮询完成 
[SYS] 2025/03/30 - 23:58:51 | batch update started 
[SYS] 2025/03/30 - 23:58:51 | batch update finished 
[SYS] 2025/03/30 - 23:58:56 | batch update started 
[SYS] 2025/03/30 - 23:58:56 | batch update finished 
[SYS] 2025/03/30 - 23:59:01 | batch update started 
[SYS] 2025/03/30 - 23:59:01 | batch update finished 
[SYS] 2025/03/30 - 23:59:04 | 任务进度轮询开始 
[SYS] 2025/03/30 - 23:59:04 | 任务进度轮询完成 
[SYS] 2025/03/30 - 23:59:04 | batch update started 
[SYS] 2025/03/30 - 23:59:04 | batch update finished 
[SYS] 2025/03/30 - 23:59:09 | batch update started 
[SYS] 2025/03/30 - 23:59:09 | batch update finished 
[SYS] 2025/03/30 - 23:59:14 | batch update started 
[SYS] 2025/03/30 - 23:59:14 | batch update finished 
[SYS] 2025/03/30 - 23:59:19 | testing all channels 
[SYS] 2025/03/30 - 23:59:19 | 正在更新数据看板数据... 
[SYS] 2025/03/30 - 23:59:19 | 保存数据看板数据成功，共保存0条数据 
[SYS] 2025/03/30 - 23:59:19 | channel test finished 
[SYS] 2025/03/30 - 23:59:19 | syncing options from database 
[SYS] 2025/03/30 - 23:59:19 | syncing channels from database 
[SYS] 2025/03/30 - 23:59:19 | channels synced from database 
[SYS] 2025/03/30 - 23:59:19 | 任务进度轮询开始 
[SYS] 2025/03/30 - 23:59:19 | 任务进度轮询完成 
[SYS] 2025/03/30 - 23:59:19 | batch update started 
[SYS] 2025/03/30 - 23:59:19 | batch update finished 
[SYS] 2025/03/30 - 23:59:24 | batch update started 
[SYS] 2025/03/30 - 23:59:24 | batch update finished 
[SYS] 2025/03/30 - 23:59:29 | batch update started 
[SYS] 2025/03/30 - 23:59:29 | batch update finished 
[SYS] 2025/03/30 - 23:59:32 | 任务进度轮询开始 
[SYS] 2025/03/30 - 23:59:32 | 任务进度轮询完成 
[SYS] 2025/03/30 - 23:59:32 | batch update started 
[SYS] 2025/03/30 - 23:59:32 | batch update finished 
[SYS] 2025/03/30 - 23:59:37 | batch update started 
[SYS] 2025/03/30 - 23:59:37 | batch update finished 
[SYS] 2025/03/30 - 23:59:42 | batch update started 
[SYS] 2025/03/30 - 23:59:42 | batch update finished 
[SYS] 2025/03/30 - 23:59:47 | 任务进度轮询开始 
[SYS] 2025/03/30 - 23:59:47 | 任务进度轮询完成 
[SYS] 2025/03/30 - 23:59:47 | batch update started 
[SYS] 2025/03/30 - 23:59:47 | batch update finished 
[SYS] 2025/03/30 - 23:59:52 | batch update started 
[SYS] 2025/03/30 - 23:59:52 | batch update finished 
[SYS] 2025/03/30 - 23:59:57 | batch update started 
[SYS] 2025/03/30 - 23:59:57 | batch update finished 
[SYS] 2025/03/31 - 00:00:00 | 任务进度轮询开始 
[SYS] 2025/03/31 - 00:00:00 | 任务进度轮询完成 
[SYS] 2025/03/31 - 00:00:00 | batch update started 
[SYS] 2025/03/31 - 00:00:00 | batch update finished 
[SYS] 2025/03/31 - 00:00:05 | batch update started 
[SYS] 2025/03/31 - 00:00:05 | batch update finished 
[SYS] 2025/03/31 - 00:00:10 | batch update started 
[SYS] 2025/03/31 - 00:00:10 | batch update finished 
[SYS] 2025/03/31 - 00:00:14 | syncing options from database 
[SYS] 2025/03/31 - 00:00:14 | syncing channels from database 
[SYS] 2025/03/31 - 00:00:14 | channels synced from database 
[SYS] 2025/03/31 - 00:00:15 | 任务进度轮询开始 
[SYS] 2025/03/31 - 00:00:15 | 任务进度轮询完成 
[SYS] 2025/03/31 - 00:00:15 | batch update started 
[SYS] 2025/03/31 - 00:00:15 | batch update finished 
[SYS] 2025/03/31 - 00:00:20 | batch update started 
[SYS] 2025/03/31 - 00:00:20 | batch update finished 
[SYS] 2025/03/31 - 00:00:25 | batch update started 
[SYS] 2025/03/31 - 00:00:25 | batch update finished 
[SYS] 2025/03/31 - 00:00:27 | 任务进度轮询开始 
[SYS] 2025/03/31 - 00:00:27 | 任务进度轮询完成 
[SYS] 2025/03/31 - 00:00:27 | batch update started 
[SYS] 2025/03/31 - 00:00:27 | batch update finished 
[SYS] 2025/03/31 - 00:00:32 | batch update started 
[SYS] 2025/03/31 - 00:00:32 | batch update finished 
[SYS] 2025/03/31 - 00:00:37 | batch update started 
[SYS] 2025/03/31 - 00:00:37 | batch update finished 
[SYS] 2025/03/31 - 00:00:42 | 任务进度轮询开始 
[SYS] 2025/03/31 - 00:00:42 | 任务进度轮询完成 
[SYS] 2025/03/31 - 00:00:42 | batch update started 
[SYS] 2025/03/31 - 00:00:42 | batch update finished 
[SYS] 2025/03/31 - 00:00:47 | batch update started 
[SYS] 2025/03/31 - 00:00:47 | batch update finished 
[SYS] 2025/03/31 - 00:00:52 | batch update started 
[SYS] 2025/03/31 - 00:00:52 | batch update finished 
[SYS] 2025/03/31 - 00:00:55 | 任务进度轮询开始 
[SYS] 2025/03/31 - 00:00:55 | 任务进度轮询完成 
[SYS] 2025/03/31 - 00:00:55 | batch update started 
[SYS] 2025/03/31 - 00:00:55 | batch update finished 
[SYS] 2025/03/31 - 00:01:00 | batch update started 
[SYS] 2025/03/31 - 00:01:00 | batch update finished 
[SYS] 2025/03/31 - 00:01:05 | batch update started 
[SYS] 2025/03/31 - 00:01:05 | batch update finished 
[SYS] 2025/03/31 - 00:01:10 | syncing options from database 
[SYS] 2025/03/31 - 00:01:10 | syncing channels from database 
[SYS] 2025/03/31 - 00:01:10 | channels synced from database 
[SYS] 2025/03/31 - 00:01:10 | 任务进度轮询开始 
[SYS] 2025/03/31 - 00:01:10 | 任务进度轮询完成 
[SYS] 2025/03/31 - 00:01:10 | batch update started 
[SYS] 2025/03/31 - 00:01:10 | batch update finished 
[SYS] 2025/03/31 - 00:01:15 | batch update started 
[SYS] 2025/03/31 - 00:01:15 | batch update finished 
[SYS] 2025/03/31 - 00:01:20 | batch update started 
[SYS] 2025/03/31 - 00:01:20 | batch update finished 
[SYS] 2025/03/31 - 00:01:23 | 任务进度轮询开始 
[SYS] 2025/03/31 - 00:01:23 | 任务进度轮询完成 
[SYS] 2025/03/31 - 00:01:23 | batch update started 
[SYS] 2025/03/31 - 00:01:23 | batch update finished 
[SYS] 2025/03/31 - 00:01:28 | batch update started 
[SYS] 2025/03/31 - 00:01:28 | batch update finished 
[SYS] 2025/03/31 - 00:01:33 | batch update started 
[SYS] 2025/03/31 - 00:01:33 | batch update finished 
[SYS] 2025/03/31 - 00:01:38 | 任务进度轮询开始 
[SYS] 2025/03/31 - 00:01:38 | 任务进度轮询完成 
[SYS] 2025/03/31 - 00:01:38 | batch update started 
[SYS] 2025/03/31 - 00:01:38 | batch update finished 
[SYS] 2025/03/31 - 00:01:43 | batch update started 
[SYS] 2025/03/31 - 00:01:43 | batch update finished 
[SYS] 2025/03/31 - 00:01:48 | batch update started 
[SYS] 2025/03/31 - 00:01:48 | batch update finished 
[SYS] 2025/03/31 - 00:01:50 | 任务进度轮询开始 
[SYS] 2025/03/31 - 00:01:50 | 任务进度轮询完成 
[SYS] 2025/03/31 - 00:01:51 | batch update started 
[SYS] 2025/03/31 - 00:01:51 | batch update finished 
[SYS] 2025/03/31 - 00:01:56 | batch update started 
[SYS] 2025/03/31 - 00:01:56 | batch update finished 
[SYS] 2025/03/31 - 00:02:01 | batch update started 
[SYS] 2025/03/31 - 00:02:01 | batch update finished 
[SYS] 2025/03/31 - 00:02:05 | syncing options from database 
[SYS] 2025/03/31 - 00:02:05 | syncing channels from database 
[SYS] 2025/03/31 - 00:02:05 | channels synced from database 
[SYS] 2025/03/31 - 00:02:05 | 任务进度轮询开始 
[SYS] 2025/03/31 - 00:02:05 | 任务进度轮询完成 
[SYS] 2025/03/31 - 00:02:06 | batch update started 
[SYS] 2025/03/31 - 00:02:06 | batch update finished 
[SYS] 2025/03/31 - 00:02:11 | batch update started 
[SYS] 2025/03/31 - 00:02:11 | batch update finished 
[SYS] 2025/03/31 - 00:02:16 | batch update started 
[SYS] 2025/03/31 - 00:02:16 | batch update finished 
[SYS] 2025/03/31 - 00:02:18 | 任务进度轮询开始 
[SYS] 2025/03/31 - 00:02:18 | 任务进度轮询完成 
[SYS] 2025/03/31 - 00:02:18 | batch update started 
[SYS] 2025/03/31 - 00:02:18 | batch update finished 
[SYS] 2025/03/31 - 00:02:23 | batch update started 
[SYS] 2025/03/31 - 00:02:23 | batch update finished 
[SYS] 2025/03/31 - 00:02:28 | batch update started 
[SYS] 2025/03/31 - 00:02:28 | batch update finished 
[SYS] 2025/03/31 - 00:02:33 | 任务进度轮询开始 
[SYS] 2025/03/31 - 00:02:33 | 任务进度轮询完成 
[SYS] 2025/03/31 - 00:02:33 | batch update started 
[SYS] 2025/03/31 - 00:02:33 | batch update finished 
[SYS] 2025/03/31 - 00:02:38 | batch update started 
[SYS] 2025/03/31 - 00:02:38 | batch update finished 
[SYS] 2025/03/31 - 00:02:43 | batch update started 
[SYS] 2025/03/31 - 00:02:43 | batch update finished 
[SYS] 2025/03/31 - 00:02:46 | 任务进度轮询开始 
[SYS] 2025/03/31 - 00:02:46 | 任务进度轮询完成 
[SYS] 2025/03/31 - 00:02:46 | batch update started 
[SYS] 2025/03/31 - 00:02:46 | batch update finished 
[SYS] 2025/03/31 - 00:02:51 | batch update started 
[SYS] 2025/03/31 - 00:02:51 | batch update finished 
[SYS] 2025/03/31 - 00:02:56 | batch update started 
[SYS] 2025/03/31 - 00:02:56 | batch update finished 
[SYS] 2025/03/31 - 00:03:01 | syncing options from database 
[SYS] 2025/03/31 - 00:03:01 | syncing channels from database 
[SYS] 2025/03/31 - 00:03:01 | channels synced from database 
[SYS] 2025/03/31 - 00:03:01 | 任务进度轮询开始 
[SYS] 2025/03/31 - 00:03:01 | 任务进度轮询完成 
[SYS] 2025/03/31 - 00:03:01 | batch update started 
[SYS] 2025/03/31 - 00:03:01 | batch update finished 
[SYS] 2025/03/31 - 00:03:06 | batch update started 
[SYS] 2025/03/31 - 00:03:06 | batch update finished 
[SYS] 2025/03/31 - 00:03:11 | batch update started 
[SYS] 2025/03/31 - 00:03:11 | batch update finished 
[SYS] 2025/03/31 - 00:03:14 | 任务进度轮询开始 
[SYS] 2025/03/31 - 00:03:14 | 任务进度轮询完成 
[SYS] 2025/03/31 - 00:03:14 | batch update started 
[SYS] 2025/03/31 - 00:03:14 | batch update finished 
[SYS] 2025/03/31 - 00:03:19 | batch update started 
[SYS] 2025/03/31 - 00:03:19 | batch update finished 
[SYS] 2025/03/31 - 00:03:24 | batch update started 
[SYS] 2025/03/31 - 00:03:24 | batch update finished 
[SYS] 2025/03/31 - 00:03:29 | 任务进度轮询开始 
[SYS] 2025/03/31 - 00:03:29 | 任务进度轮询完成 
[SYS] 2025/03/31 - 00:03:29 | batch update started 
[SYS] 2025/03/31 - 00:03:29 | batch update finished 
[SYS] 2025/03/31 - 00:03:34 | batch update started 
[SYS] 2025/03/31 - 00:03:34 | batch update finished 
[SYS] 2025/03/31 - 00:03:39 | batch update started 
[SYS] 2025/03/31 - 00:03:39 | batch update finished 
