[SYS] 2025/04/05 - 22:51:57 | New API v0.0.0 started 
[SYS] 2025/04/05 - 22:51:57 | using MySQL as database 
[SYS] 2025/04/05 - 22:51:57 | database migration started 
[SYS] 2025/04/05 - 22:51:58 | database migrated 
[SYS] 2025/04/05 - 22:51:58 | using MySQL as database 
[SYS] 2025/04/05 - 22:51:58 | database migration started 
[SYS] 2025/04/05 - 22:51:58 | Redis is enabled 
[SYS] 2025/04/05 - 22:51:58 | memory cache enabled 
[SYS] 2025/04/05 - 22:51:58 | sync frequency: 60 seconds 
[SYS] 2025/04/05 - 22:51:58 | channels synced from database 
[SYS] 2025/04/05 - 22:51:58 | batch update enabled with interval 5s 
[SYS] 2025/04/05 - 22:51:58 | pprof enabled 
[SYS] 2025/04/05 - 22:51:58 | initializing token encoders 
[SYS] 2025/04/05 - 22:51:58 | 正在更新数据看板数据... 
[SYS] 2025/04/05 - 22:51:58 | 保存数据看板数据成功，共保存0条数据 
[SYS] 2025/04/05 - 22:51:58 | token encoders initialized 
[SYS] 2025/04/05 - 22:51:58 | FRONTEND_BASE_URL is ignored on master node 
[GIN] 2025/04/05 - 22:52:01 | 20250405225201464871747daBdZdQr | 200 |    1.025324ms |             ::1 |     GET /topup-success
[GIN] 2025/04/05 - 22:52:01 | 202504052252015567091920F90AkLb | 200 |   77.056886ms |             ::1 |     GET /assets/index-3Z69Nnb_.js
[GIN] 2025/04/05 - 22:52:02 | 20250405225202941737894mfHGE87p | 200 |    2.406448ms |             ::1 |     GET /api/status
[SYS] 2025/04/05 - 22:52:03 | batch update started 
[SYS] 2025/04/05 - 22:52:03 | batch update finished 
[GIN] 2025/04/05 - 22:52:05 | 20250405225205938661243PID4c3xL | 200 |      772.64µs |             ::1 |     GET /topup
[GIN] 2025/04/05 - 22:52:06 | 20250405225206980394809UYRqCnbI | 200 |     3.46802ms |             ::1 |     GET /api/user/self
[GIN] 2025/04/05 - 22:52:06 | 20250405225206981061010XeJCvrH7 | 200 |    3.986146ms |             ::1 |     GET /api/status
[SYS] 2025/04/05 - 22:52:08 | batch update started 
[SYS] 2025/04/05 - 22:52:08 | batch update finished 
[SYS] 2025/04/05 - 22:52:13 | 任务进度轮询开始 
[SYS] 2025/04/05 - 22:52:13 | 任务进度轮询完成 
[SYS] 2025/04/05 - 22:52:13 | batch update started 
[SYS] 2025/04/05 - 22:52:13 | batch update finished 
[SYS] 2025/04/05 - 22:52:20 | batch update started 
[SYS] 2025/04/05 - 22:52:20 | batch update finished 
[GIN] 2025/04/05 - 22:52:22 | 20250405225222970037112iUeEdmlc | 200 |     980.958µs |             ::1 |     GET /api/user/logout
[SYS] 2025/04/05 - 22:52:25 | batch update started 
[SYS] 2025/04/05 - 22:52:25 | batch update finished 
[GIN] 2025/04/05 - 22:52:30 | 20250405225230187554288BabJgIEi | 200 |      3.4044ms |             ::1 |    POST /api/user/login?turnstile=
[SYS] 2025/04/05 - 22:52:30 | 任务进度轮询开始 
[SYS] 2025/04/05 - 22:52:30 | 任务进度轮询完成 
[SYS] 2025/04/05 - 22:52:30 | batch update started 
[SYS] 2025/04/05 - 22:52:30 | batch update finished 
[SYS] 2025/04/05 - 22:52:35 | batch update started 
[SYS] 2025/04/05 - 22:52:35 | batch update finished 
[SYS] 2025/04/05 - 22:52:40 | batch update started 
[SYS] 2025/04/05 - 22:52:40 | batch update finished 
[SYS] 2025/04/05 - 22:52:45 | 任务进度轮询开始 
[SYS] 2025/04/05 - 22:52:45 | 任务进度轮询完成 
[SYS] 2025/04/05 - 22:52:45 | batch update started 
[SYS] 2025/04/05 - 22:52:45 | batch update finished 
[SYS] 2025/04/05 - 22:52:52 | batch update started 
[SYS] 2025/04/05 - 22:52:52 | batch update finished 
[GIN] 2025/04/05 - 22:52:54 | 202504052252545369292849tkALRXg | 200 |  156.581065ms |             ::1 |    POST /api/user/register?turnstile=
[SYS] 2025/04/05 - 22:52:57 | batch update started 
[SYS] 2025/04/05 - 22:52:57 | batch update finished 
[SYS] 2025/04/05 - 22:53:02 | syncing channels from database 
[SYS] 2025/04/05 - 22:53:02 | syncing options from database 
[SYS] 2025/04/05 - 22:53:02 | channels synced from database 
[SYS] 2025/04/05 - 22:53:02 | 任务进度轮询开始 
[SYS] 2025/04/05 - 22:53:02 | 任务进度轮询完成 
[SYS] 2025/04/05 - 22:53:02 | batch update started 
[SYS] 2025/04/05 - 22:53:02 | batch update finished 
[GIN] 2025/04/05 - 22:53:07 | 2025040522530781227885vTqhnbLU | 200 |   85.971721ms |             ::1 |    POST /api/user/login?turnstile=
[GIN] 2025/04/05 - 22:53:07 | 20250405225307259665847MxIbMw4h | 200 |    4.162644ms |             ::1 |     GET /api/user/self/groups
[GIN] 2025/04/05 - 22:53:07 | 20250405225307259570612C9yeLvOb | 200 |   11.707903ms |             ::1 |     GET /api/user/models
[GIN] 2025/04/05 - 22:53:07 | 20250405225307261906117SnBQIu7Q | 200 |   11.236599ms |             ::1 |     GET /api/token/?p=0&size=10
[SYS] 2025/04/05 - 22:53:07 | batch update started 
[SYS] 2025/04/05 - 22:53:07 | batch update finished 
[SYS] 2025/04/05 - 22:53:12 | batch update started 
[SYS] 2025/04/05 - 22:53:12 | batch update finished 
[SYS] 2025/04/05 - 22:53:17 | 任务进度轮询开始 
[SYS] 2025/04/05 - 22:53:17 | 任务进度轮询完成 
[SYS] 2025/04/05 - 22:53:17 | batch update started 
[SYS] 2025/04/05 - 22:53:17 | batch update finished 
[GIN] 2025/04/05 - 22:53:22 | 20250405225322125744603zc91W78V | 200 |    2.775472ms |             ::1 |     GET /api/user/self
[SYS] 2025/04/05 - 22:53:22 | batch update started 
[SYS] 2025/04/05 - 22:53:22 | batch update finished 
[SYS] 2025/04/05 - 22:53:28 | batch update started 
[SYS] 2025/04/05 - 22:53:28 | batch update finished 
[SYS] 2025/04/05 - 22:53:33 | 任务进度轮询开始 
[SYS] 2025/04/05 - 22:53:33 | 任务进度轮询完成 
[SYS] 2025/04/05 - 22:53:33 | batch update started 
[SYS] 2025/04/05 - 22:53:33 | batch update finished 
[SYS] 2025/04/05 - 22:53:38 | batch update started 
[SYS] 2025/04/05 - 22:53:38 | batch update finished 
[SYS] 2025/04/05 - 22:53:43 | batch update started 
[SYS] 2025/04/05 - 22:53:43 | batch update finished 
[SYS] 2025/04/05 - 22:53:48 | 任务进度轮询开始 
[SYS] 2025/04/05 - 22:53:48 | 任务进度轮询完成 
[SYS] 2025/04/05 - 22:53:48 | batch update started 
[SYS] 2025/04/05 - 22:53:48 | batch update finished 
[SYS] 2025/04/05 - 22:53:53 | batch update started 
[SYS] 2025/04/05 - 22:53:53 | batch update finished 
[SYS] 2025/04/05 - 22:54:00 | batch update started 
[SYS] 2025/04/05 - 22:54:00 | batch update finished 
[SYS] 2025/04/05 - 22:54:05 | syncing channels from database 
[SYS] 2025/04/05 - 22:54:05 | channels synced from database 
[SYS] 2025/04/05 - 22:54:05 | syncing options from database 
[SYS] 2025/04/05 - 22:54:05 | 任务进度轮询开始 
[SYS] 2025/04/05 - 22:54:05 | 任务进度轮询完成 
[SYS] 2025/04/05 - 22:54:05 | batch update started 
[SYS] 2025/04/05 - 22:54:05 | batch update finished 
[SYS] 2025/04/05 - 22:54:10 | batch update started 
[SYS] 2025/04/05 - 22:54:10 | batch update finished 
[SYS] 2025/04/05 - 22:54:16 | batch update started 
[SYS] 2025/04/05 - 22:54:16 | batch update finished 
[SYS] 2025/04/05 - 22:54:20 | 任务进度轮询开始 
[SYS] 2025/04/05 - 22:54:21 | batch update started 
[SYS] 2025/04/05 - 22:54:21 | batch update finished 
[SYS] 2025/04/05 - 22:54:21 | 任务进度轮询完成 
[SYS] 2025/04/05 - 22:54:26 | batch update started 
[SYS] 2025/04/05 - 22:54:26 | batch update finished 
[SYS] 2025/04/05 - 22:54:31 | batch update started 
[SYS] 2025/04/05 - 22:54:31 | batch update finished 
[GIN] 2025/04/05 - 22:54:31 | 2025040522543173049681JFfJUeBE | 200 |   31.061835ms |             ::1 |    POST /api/user/amount
[GIN] 2025/04/05 - 22:54:31 | 20250405225431301296207DzQRf2fs | 200 |   51.389193ms |             ::1 |    POST /api/user/amount
[GIN] 2025/04/05 - 22:54:36 | 2025040522543489169296062goS7jf | 200 |  1.838298051s |             ::1 |    POST /api/user/pay
[SYS] 2025/04/05 - 22:54:37 | 任务进度轮询开始 
[SYS] 2025/04/05 - 22:54:37 | 任务进度轮询完成 
[SYS] 2025/04/05 - 22:54:37 | batch update started 
[SYS] 2025/04/05 - 22:54:37 | batch update finished 
[SYS] 2025/04/05 - 22:54:42 | batch update started 
[SYS] 2025/04/05 - 22:54:42 | batch update finished 
[SYS] 2025/04/05 - 22:54:48 | batch update started 
[SYS] 2025/04/05 - 22:54:48 | batch update finished 
[SYS] 2025/04/05 - 22:54:52 | 任务进度轮询开始 
[SYS] 2025/04/05 - 22:54:52 | 任务进度轮询完成 
[SYS] 2025/04/05 - 22:54:53 | batch update started 
[SYS] 2025/04/05 - 22:54:53 | batch update finished 
[SYS] 2025/04/05 - 22:54:58 | batch update started 
[SYS] 2025/04/05 - 22:54:58 | batch update finished 
[GIN] 2025/04/05 - 22:54:58 | 20250405225458166413068Cfl1zXlr | 200 |   70.510266ms |  54.187.205.235 |    POST /api/stripe/webhook
[GIN] 2025/04/05 - 22:54:59 | 20250405225459904227126y3ft5ZyJ | 200 |   15.585786ms |             ::1 |     GET /topup-success
[GIN] 2025/04/05 - 22:55:01 | 20250405225501947667224enmh8Jhl | 200 |    1.113857ms |             ::1 |     GET /api/status
[SYS] 2025/04/05 - 22:55:03 | batch update started 
[SYS] 2025/04/05 - 22:55:03 | batch update finished 
[GIN] 2025/04/05 - 22:55:04 | 202504052255047987377037sr3eu5i | 200 |     915.677µs |             ::1 |     GET /topup
[GIN] 2025/04/05 - 22:55:08 | 2025040522550833032982mhk10IFZ | 200 |    1.617201ms |             ::1 |     GET /api/status
[GIN] 2025/04/05 - 22:55:08 | 2025040522550830769921zBWXc63K | 200 |    4.440404ms |             ::1 |     GET /api/user/self
[SYS] 2025/04/05 - 22:55:10 | syncing channels from database 
[SYS] 2025/04/05 - 22:55:10 | syncing options from database 
[SYS] 2025/04/05 - 22:55:10 | channels synced from database 
[SYS] 2025/04/05 - 22:55:10 | 任务进度轮询开始 
[SYS] 2025/04/05 - 22:55:10 | 任务进度轮询完成 
[SYS] 2025/04/05 - 22:55:10 | batch update started 
[SYS] 2025/04/05 - 22:55:10 | batch update finished 
[SYS] 2025/04/05 - 22:55:15 | batch update started 
[SYS] 2025/04/05 - 22:55:15 | batch update finished 
[SYS] 2025/04/05 - 22:55:20 | batch update started 
[SYS] 2025/04/05 - 22:55:20 | batch update finished 
[SYS] 2025/04/05 - 22:55:25 | 任务进度轮询开始 
[SYS] 2025/04/05 - 22:55:25 | 任务进度轮询完成 
[SYS] 2025/04/05 - 22:55:25 | batch update started 
[SYS] 2025/04/05 - 22:55:25 | batch update finished 
[SYS] 2025/04/05 - 22:55:30 | batch update started 
[SYS] 2025/04/05 - 22:55:30 | batch update finished 
[SYS] 2025/04/05 - 22:55:35 | batch update started 
[SYS] 2025/04/05 - 22:55:35 | batch update finished 
[SYS] 2025/04/05 - 22:55:40 | 任务进度轮询开始 
[SYS] 2025/04/05 - 22:55:40 | 任务进度轮询完成 
[SYS] 2025/04/05 - 22:55:42 | batch update started 
[SYS] 2025/04/05 - 22:55:42 | batch update finished 
[SYS] 2025/04/05 - 22:55:47 | batch update started 
[SYS] 2025/04/05 - 22:55:47 | batch update finished 
[SYS] 2025/04/05 - 22:55:52 | batch update started 
[SYS] 2025/04/05 - 22:55:52 | batch update finished 
[SYS] 2025/04/05 - 22:55:57 | 任务进度轮询开始 
[SYS] 2025/04/05 - 22:55:57 | 任务进度轮询完成 
[SYS] 2025/04/05 - 22:55:57 | batch update started 
[SYS] 2025/04/05 - 22:55:57 | batch update finished 
[SYS] 2025/04/05 - 22:56:02 | batch update started 
[SYS] 2025/04/05 - 22:56:02 | batch update finished 
[SYS] 2025/04/05 - 22:56:07 | batch update started 
[SYS] 2025/04/05 - 22:56:07 | batch update finished 
[SYS] 2025/04/05 - 22:56:12 | syncing options from database 
[SYS] 2025/04/05 - 22:56:12 | syncing channels from database 
[SYS] 2025/04/05 - 22:56:12 | channels synced from database 
[SYS] 2025/04/05 - 22:56:12 | 任务进度轮询开始 
[SYS] 2025/04/05 - 22:56:12 | 任务进度轮询完成 
[SYS] 2025/04/05 - 22:56:12 | batch update started 
[SYS] 2025/04/05 - 22:56:12 | batch update finished 
[SYS] 2025/04/05 - 22:56:19 | batch update started 
[SYS] 2025/04/05 - 22:56:19 | batch update finished 
[SYS] 2025/04/05 - 22:56:24 | batch update started 
[SYS] 2025/04/05 - 22:56:24 | batch update finished 
[SYS] 2025/04/05 - 22:56:29 | 任务进度轮询开始 
[SYS] 2025/04/05 - 22:56:29 | 任务进度轮询完成 
[SYS] 2025/04/05 - 22:56:29 | batch update started 
[SYS] 2025/04/05 - 22:56:29 | batch update finished 
[SYS] 2025/04/05 - 22:56:34 | batch update started 
[SYS] 2025/04/05 - 22:56:34 | batch update finished 
[SYS] 2025/04/05 - 22:56:39 | batch update started 
[SYS] 2025/04/05 - 22:56:39 | batch update finished 
[SYS] 2025/04/05 - 22:56:44 | 任务进度轮询开始 
[SYS] 2025/04/05 - 22:56:44 | 任务进度轮询完成 
[SYS] 2025/04/05 - 22:56:44 | batch update started 
[SYS] 2025/04/05 - 22:56:44 | batch update finished 
[GIN] 2025/04/05 - 22:56:47 | 202504052256478694897629B6ifj8z | 200 |   46.673316ms |             ::1 |    POST /api/user/amount
[GIN] 2025/04/05 - 22:56:48 | 20250405225647967117739fNRwMZy0 | 200 |   57.848275ms |             ::1 |    POST /api/user/amount
[SYS] 2025/04/05 - 22:56:51 | batch update started 
[SYS] 2025/04/05 - 22:56:51 | batch update finished 
[SYS] 2025/04/05 - 22:56:56 | batch update started 
[SYS] 2025/04/05 - 22:56:56 | batch update finished 
[GIN] 2025/04/05 - 22:56:56 | 20250405225652995881184FC608yC0 | 200 |  3.265292561s |             ::1 |    POST /api/user/pay
[SYS] 2025/04/05 - 22:57:01 | 任务进度轮询开始 
[SYS] 2025/04/05 - 22:57:01 | 任务进度轮询完成 
[SYS] 2025/04/05 - 22:57:01 | batch update started 
[SYS] 2025/04/05 - 22:57:01 | batch update finished 
[SYS] 2025/04/05 - 22:57:06 | batch update started 
[SYS] 2025/04/05 - 22:57:06 | batch update finished 
[SYS] 2025/04/05 - 22:57:11 | batch update started 
[SYS] 2025/04/05 - 22:57:11 | batch update finished 
[SYS] 2025/04/05 - 22:57:16 | 正在更新数据看板数据... 
[SYS] 2025/04/05 - 22:57:16 | 保存数据看板数据成功，共保存0条数据 
[SYS] 2025/04/05 - 22:57:16 | syncing options from database 
[SYS] 2025/04/05 - 22:57:16 | syncing channels from database 
[SYS] 2025/04/05 - 22:57:16 | channels synced from database 
[SYS] 2025/04/05 - 22:57:16 | 任务进度轮询开始 
[SYS] 2025/04/05 - 22:57:16 | 任务进度轮询完成 
[SYS] 2025/04/05 - 22:57:16 | batch update started 
[SYS] 2025/04/05 - 22:57:16 | batch update finished 
[SYS] 2025/04/05 - 22:57:21 | batch update started 
[SYS] 2025/04/05 - 22:57:21 | batch update finished 
[GIN] 2025/04/05 - 22:57:25 | 202504052257252925042430ZTvtLJk | 200 |    56.52397ms |  54.187.205.235 |    POST /api/stripe/webhook
[GIN] 2025/04/05 - 22:57:27 | 20250405225727402291475ZuCGLPpZ | 200 |    1.386763ms |             ::1 |     GET /topup-success
[SYS] 2025/04/05 - 22:57:28 | batch update started 
[SYS] 2025/04/05 - 22:57:28 | batch update finished 
[GIN] 2025/04/05 - 22:57:29 | 20250405225729485278139pLI71fva | 200 |    1.498235ms |             ::1 |     GET /api/status
[GIN] 2025/04/05 - 22:57:32 | 20250405225732377946754e0V7GP8v | 200 |    2.399755ms |             ::1 |     GET /topup
[SYS] 2025/04/05 - 22:57:33 | 任务进度轮询开始 
[SYS] 2025/04/05 - 22:57:33 | 任务进度轮询完成 
[SYS] 2025/04/05 - 22:57:33 | batch update started 
[SYS] 2025/04/05 - 22:57:33 | batch update finished 
[GIN] 2025/04/05 - 22:57:33 | 20250405225733707206086WXWeVuyB | 200 |    8.755291ms |             ::1 |     GET /api/user/self
[GIN] 2025/04/05 - 22:57:33 | 20250405225733708303327iz9wuBwC | 200 |    9.133552ms |             ::1 |     GET /api/status
[SYS] 2025/04/05 - 22:57:38 | batch update started 
[SYS] 2025/04/05 - 22:57:38 | batch update finished 
[SYS] 2025/04/05 - 22:57:43 | batch update started 
[SYS] 2025/04/05 - 22:57:43 | batch update finished 
[SYS] 2025/04/05 - 22:57:48 | 任务进度轮询开始 
[SYS] 2025/04/05 - 22:57:48 | 任务进度轮询完成 
[SYS] 2025/04/05 - 22:57:48 | batch update started 
[SYS] 2025/04/05 - 22:57:48 | batch update finished 
[SYS] 2025/04/05 - 22:57:53 | batch update started 
[SYS] 2025/04/05 - 22:57:53 | batch update finished 
[SYS] 2025/04/05 - 22:58:00 | batch update started 
[SYS] 2025/04/05 - 22:58:00 | batch update finished 
[SYS] 2025/04/05 - 22:58:05 | 任务进度轮询开始 
[SYS] 2025/04/05 - 22:58:05 | 任务进度轮询完成 
[SYS] 2025/04/05 - 22:58:05 | batch update started 
[SYS] 2025/04/05 - 22:58:05 | batch update finished 
[SYS] 2025/04/05 - 22:58:10 | batch update started 
[SYS] 2025/04/05 - 22:58:10 | batch update finished 
[SYS] 2025/04/05 - 22:58:15 | batch update started 
[SYS] 2025/04/05 - 22:58:15 | batch update finished 
[SYS] 2025/04/05 - 22:58:20 | syncing options from database 
[SYS] 2025/04/05 - 22:58:20 | syncing channels from database 
[SYS] 2025/04/05 - 22:58:20 | channels synced from database 
[SYS] 2025/04/05 - 22:58:20 | 任务进度轮询开始 
[SYS] 2025/04/05 - 22:58:20 | 任务进度轮询完成 
[SYS] 2025/04/05 - 22:58:20 | batch update started 
[SYS] 2025/04/05 - 22:58:20 | batch update finished 
[SYS] 2025/04/05 - 22:58:25 | batch update started 
[SYS] 2025/04/05 - 22:58:25 | batch update finished 
[SYS] 2025/04/05 - 22:58:30 | batch update started 
[SYS] 2025/04/05 - 22:58:30 | batch update finished 
[SYS] 2025/04/05 - 22:58:37 | 任务进度轮询开始 
[SYS] 2025/04/05 - 22:58:37 | 任务进度轮询完成 
[SYS] 2025/04/05 - 22:58:37 | batch update started 
[SYS] 2025/04/05 - 22:58:37 | batch update finished 
[SYS] 2025/04/05 - 22:58:42 | batch update started 
[SYS] 2025/04/05 - 22:58:42 | batch update finished 
[SYS] 2025/04/05 - 22:58:47 | batch update started 
[SYS] 2025/04/05 - 22:58:47 | batch update finished 
[SYS] 2025/04/05 - 22:58:52 | 任务进度轮询开始 
[SYS] 2025/04/05 - 22:58:52 | 任务进度轮询完成 
[SYS] 2025/04/05 - 22:58:52 | batch update started 
[SYS] 2025/04/05 - 22:58:52 | batch update finished 
[SYS] 2025/04/05 - 22:58:57 | batch update started 
[SYS] 2025/04/05 - 22:58:57 | batch update finished 
[SYS] 2025/04/05 - 22:59:02 | batch update started 
[SYS] 2025/04/05 - 22:59:02 | batch update finished 
[SYS] 2025/04/05 - 22:59:09 | 任务进度轮询开始 
[SYS] 2025/04/05 - 22:59:09 | 任务进度轮询完成 
[SYS] 2025/04/05 - 22:59:09 | batch update started 
[SYS] 2025/04/05 - 22:59:09 | batch update finished 
[SYS] 2025/04/05 - 22:59:14 | batch update started 
[SYS] 2025/04/05 - 22:59:14 | batch update finished 
[SYS] 2025/04/05 - 22:59:19 | batch update started 
[SYS] 2025/04/05 - 22:59:19 | batch update finished 
[SYS] 2025/04/05 - 22:59:24 | syncing options from database 
[SYS] 2025/04/05 - 22:59:24 | syncing channels from database 
[SYS] 2025/04/05 - 22:59:24 | channels synced from database 
[SYS] 2025/04/05 - 22:59:24 | 任务进度轮询开始 
[SYS] 2025/04/05 - 22:59:24 | 任务进度轮询完成 
[SYS] 2025/04/05 - 22:59:24 | batch update started 
[SYS] 2025/04/05 - 22:59:24 | batch update finished 
[SYS] 2025/04/05 - 22:59:29 | batch update started 
[SYS] 2025/04/05 - 22:59:29 | batch update finished 
[SYS] 2025/04/05 - 22:59:34 | batch update started 
[SYS] 2025/04/05 - 22:59:34 | batch update finished 
[SYS] 2025/04/05 - 22:59:39 | 任务进度轮询开始 
[SYS] 2025/04/05 - 22:59:39 | 任务进度轮询完成 
[SYS] 2025/04/05 - 22:59:39 | batch update started 
[SYS] 2025/04/05 - 22:59:39 | batch update finished 
[SYS] 2025/04/05 - 22:59:46 | batch update started 
[SYS] 2025/04/05 - 22:59:46 | batch update finished 
[SYS] 2025/04/05 - 22:59:51 | batch update started 
[SYS] 2025/04/05 - 22:59:51 | batch update finished 
[SYS] 2025/04/05 - 22:59:56 | 任务进度轮询开始 
[SYS] 2025/04/05 - 22:59:56 | 任务进度轮询完成 
[SYS] 2025/04/05 - 22:59:56 | batch update started 
[SYS] 2025/04/05 - 22:59:56 | batch update finished 
[SYS] 2025/04/05 - 23:00:01 | batch update started 
[SYS] 2025/04/05 - 23:00:01 | batch update finished 
[SYS] 2025/04/05 - 23:00:06 | batch update started 
[SYS] 2025/04/05 - 23:00:06 | batch update finished 
[SYS] 2025/04/05 - 23:00:11 | 任务进度轮询开始 
[SYS] 2025/04/05 - 23:00:11 | 任务进度轮询完成 
[SYS] 2025/04/05 - 23:00:11 | batch update started 
[SYS] 2025/04/05 - 23:00:11 | batch update finished 
[SYS] 2025/04/05 - 23:00:18 | batch update started 
[SYS] 2025/04/05 - 23:00:18 | batch update finished 
[SYS] 2025/04/05 - 23:00:23 | batch update started 
[SYS] 2025/04/05 - 23:00:23 | batch update finished 
[SYS] 2025/04/05 - 23:00:28 | syncing options from database 
[SYS] 2025/04/05 - 23:00:28 | syncing channels from database 
[SYS] 2025/04/05 - 23:00:28 | channels synced from database 
[SYS] 2025/04/05 - 23:00:28 | 任务进度轮询开始 
[SYS] 2025/04/05 - 23:00:28 | 任务进度轮询完成 
[SYS] 2025/04/05 - 23:00:28 | batch update started 
[SYS] 2025/04/05 - 23:00:28 | batch update finished 
[SYS] 2025/04/05 - 23:00:33 | batch update started 
[SYS] 2025/04/05 - 23:00:33 | batch update finished 
[SYS] 2025/04/05 - 23:00:38 | batch update started 
[SYS] 2025/04/05 - 23:00:38 | batch update finished 
[SYS] 2025/04/05 - 23:00:43 | 任务进度轮询开始 
[SYS] 2025/04/05 - 23:00:43 | 任务进度轮询完成 
[SYS] 2025/04/05 - 23:00:43 | batch update started 
[SYS] 2025/04/05 - 23:00:43 | batch update finished 
[SYS] 2025/04/05 - 23:00:48 | batch update started 
[SYS] 2025/04/05 - 23:00:48 | batch update finished 
[SYS] 2025/04/05 - 23:00:55 | batch update started 
[SYS] 2025/04/05 - 23:00:55 | batch update finished 
[SYS] 2025/04/05 - 23:01:00 | 任务进度轮询开始 
[SYS] 2025/04/05 - 23:01:00 | 任务进度轮询完成 
[SYS] 2025/04/05 - 23:01:00 | batch update started 
[SYS] 2025/04/05 - 23:01:00 | batch update finished 
[SYS] 2025/04/05 - 23:01:05 | batch update started 
[SYS] 2025/04/05 - 23:01:05 | batch update finished 
[SYS] 2025/04/05 - 23:01:10 | batch update started 
[SYS] 2025/04/05 - 23:01:10 | batch update finished 
[SYS] 2025/04/05 - 23:01:15 | 任务进度轮询开始 
[SYS] 2025/04/05 - 23:01:15 | 任务进度轮询完成 
[SYS] 2025/04/05 - 23:01:15 | batch update started 
[SYS] 2025/04/05 - 23:01:15 | batch update finished 
[SYS] 2025/04/05 - 23:01:20 | batch update started 
[SYS] 2025/04/05 - 23:01:20 | batch update finished 
[SYS] 2025/04/05 - 23:01:27 | batch update started 
[SYS] 2025/04/05 - 23:01:27 | batch update finished 
[SYS] 2025/04/05 - 23:01:32 | syncing options from database 
[SYS] 2025/04/05 - 23:01:32 | syncing channels from database 
[SYS] 2025/04/05 - 23:01:32 | channels synced from database 
[SYS] 2025/04/05 - 23:01:32 | 任务进度轮询开始 
[SYS] 2025/04/05 - 23:01:32 | 任务进度轮询完成 
[SYS] 2025/04/05 - 23:01:32 | batch update started 
[SYS] 2025/04/05 - 23:01:32 | batch update finished 
[SYS] 2025/04/05 - 23:01:37 | batch update started 
[SYS] 2025/04/05 - 23:01:37 | batch update finished 
[SYS] 2025/04/05 - 23:01:42 | batch update started 
[SYS] 2025/04/05 - 23:01:42 | batch update finished 
[SYS] 2025/04/05 - 23:01:47 | 任务进度轮询开始 
[SYS] 2025/04/05 - 23:01:47 | 任务进度轮询完成 
[SYS] 2025/04/05 - 23:01:47 | batch update started 
[SYS] 2025/04/05 - 23:01:47 | batch update finished 
[SYS] 2025/04/05 - 23:01:52 | batch update started 
[SYS] 2025/04/05 - 23:01:52 | batch update finished 
[SYS] 2025/04/05 - 23:01:57 | batch update started 
[SYS] 2025/04/05 - 23:01:57 | batch update finished 
[SYS] 2025/04/05 - 23:02:04 | 任务进度轮询开始 
[SYS] 2025/04/05 - 23:02:04 | 任务进度轮询完成 
[SYS] 2025/04/05 - 23:02:04 | batch update started 
[SYS] 2025/04/05 - 23:02:04 | batch update finished 
[SYS] 2025/04/05 - 23:02:09 | batch update started 
[SYS] 2025/04/05 - 23:02:09 | batch update finished 
[SYS] 2025/04/05 - 23:02:14 | batch update started 
[SYS] 2025/04/05 - 23:02:14 | batch update finished 
[SYS] 2025/04/05 - 23:02:19 | 任务进度轮询开始 
[SYS] 2025/04/05 - 23:02:19 | 任务进度轮询完成 
[SYS] 2025/04/05 - 23:02:19 | batch update started 
[SYS] 2025/04/05 - 23:02:19 | batch update finished 
[SYS] 2025/04/05 - 23:02:24 | batch update started 
[SYS] 2025/04/05 - 23:02:24 | batch update finished 
[SYS] 2025/04/05 - 23:02:29 | batch update started 
[SYS] 2025/04/05 - 23:02:29 | batch update finished 
[SYS] 2025/04/05 - 23:02:36 | testing all channels 
[SYS] 2025/04/05 - 23:02:36 | 正在更新数据看板数据... 
[SYS] 2025/04/05 - 23:02:36 | 保存数据看板数据成功，共保存0条数据 
[SYS] 2025/04/05 - 23:02:36 | channel test finished 
[SYS] 2025/04/05 - 23:02:36 | syncing options from database 
[SYS] 2025/04/05 - 23:02:36 | syncing channels from database 
[SYS] 2025/04/05 - 23:02:36 | channels synced from database 
[SYS] 2025/04/05 - 23:02:36 | 任务进度轮询开始 
[SYS] 2025/04/05 - 23:02:36 | 任务进度轮询完成 
[SYS] 2025/04/05 - 23:02:36 | batch update started 
[SYS] 2025/04/05 - 23:02:36 | batch update finished 
[SYS] 2025/04/05 - 23:02:41 | batch update started 
[SYS] 2025/04/05 - 23:02:41 | batch update finished 
[SYS] 2025/04/05 - 23:02:46 | batch update started 
[SYS] 2025/04/05 - 23:02:46 | batch update finished 
[SYS] 2025/04/05 - 23:02:51 | 任务进度轮询开始 
[SYS] 2025/04/05 - 23:02:51 | 任务进度轮询完成 
[SYS] 2025/04/05 - 23:02:51 | batch update started 
[SYS] 2025/04/05 - 23:02:51 | batch update finished 
[SYS] 2025/04/05 - 23:02:56 | batch update started 
[SYS] 2025/04/05 - 23:02:56 | batch update finished 
[SYS] 2025/04/05 - 23:03:01 | batch update started 
[SYS] 2025/04/05 - 23:03:01 | batch update finished 
[SYS] 2025/04/05 - 23:03:08 | 任务进度轮询开始 
[SYS] 2025/04/05 - 23:03:08 | 任务进度轮询完成 
[SYS] 2025/04/05 - 23:03:08 | batch update started 
[SYS] 2025/04/05 - 23:03:08 | batch update finished 
[SYS] 2025/04/05 - 23:03:13 | batch update started 
[SYS] 2025/04/05 - 23:03:13 | batch update finished 
[SYS] 2025/04/05 - 23:03:18 | batch update started 
[SYS] 2025/04/05 - 23:03:18 | batch update finished 
[SYS] 2025/04/05 - 23:03:23 | 任务进度轮询开始 
[SYS] 2025/04/05 - 23:03:23 | 任务进度轮询完成 
[SYS] 2025/04/05 - 23:03:23 | batch update started 
[SYS] 2025/04/05 - 23:03:23 | batch update finished 
[SYS] 2025/04/05 - 23:03:28 | batch update started 
[SYS] 2025/04/05 - 23:03:28 | batch update finished 
[SYS] 2025/04/05 - 23:03:33 | batch update started 
[SYS] 2025/04/05 - 23:03:33 | batch update finished 
[SYS] 2025/04/05 - 23:03:38 | syncing options from database 
[SYS] 2025/04/05 - 23:03:38 | syncing channels from database 
[SYS] 2025/04/05 - 23:03:38 | channels synced from database 
[SYS] 2025/04/05 - 23:03:38 | 任务进度轮询开始 
[SYS] 2025/04/05 - 23:03:38 | 任务进度轮询完成 
[SYS] 2025/04/05 - 23:03:38 | batch update started 
[SYS] 2025/04/05 - 23:03:38 | batch update finished 
[SYS] 2025/04/05 - 23:03:45 | batch update started 
[SYS] 2025/04/05 - 23:03:45 | batch update finished 
[SYS] 2025/04/05 - 23:03:50 | batch update started 
[SYS] 2025/04/05 - 23:03:50 | batch update finished 
[SYS] 2025/04/05 - 23:03:55 | 任务进度轮询开始 
[SYS] 2025/04/05 - 23:03:55 | 任务进度轮询完成 
[SYS] 2025/04/05 - 23:03:55 | batch update started 
[SYS] 2025/04/05 - 23:03:55 | batch update finished 
[SYS] 2025/04/05 - 23:04:00 | batch update started 
[SYS] 2025/04/05 - 23:04:00 | batch update finished 
[SYS] 2025/04/05 - 23:04:05 | batch update started 
[SYS] 2025/04/05 - 23:04:05 | batch update finished 
[SYS] 2025/04/05 - 23:04:10 | 任务进度轮询开始 
[SYS] 2025/04/05 - 23:04:10 | 任务进度轮询完成 
[SYS] 2025/04/05 - 23:04:10 | batch update started 
[SYS] 2025/04/05 - 23:04:10 | batch update finished 
[SYS] 2025/04/05 - 23:04:17 | batch update started 
[SYS] 2025/04/05 - 23:04:17 | batch update finished 
[SYS] 2025/04/05 - 23:04:22 | batch update started 
[SYS] 2025/04/05 - 23:04:22 | batch update finished 
[SYS] 2025/04/05 - 23:04:27 | 任务进度轮询开始 
[SYS] 2025/04/05 - 23:04:27 | 任务进度轮询完成 
[SYS] 2025/04/05 - 23:04:27 | batch update started 
[SYS] 2025/04/05 - 23:04:27 | batch update finished 
[SYS] 2025/04/05 - 23:04:32 | batch update started 
[SYS] 2025/04/05 - 23:04:32 | batch update finished 
[SYS] 2025/04/05 - 23:04:37 | batch update started 
[SYS] 2025/04/05 - 23:04:37 | batch update finished 
[SYS] 2025/04/05 - 23:04:42 | syncing options from database 
[SYS] 2025/04/05 - 23:04:42 | syncing channels from database 
[SYS] 2025/04/05 - 23:04:42 | channels synced from database 
[SYS] 2025/04/05 - 23:04:42 | 任务进度轮询开始 
[SYS] 2025/04/05 - 23:04:42 | 任务进度轮询完成 
[SYS] 2025/04/05 - 23:04:42 | batch update started 
[SYS] 2025/04/05 - 23:04:42 | batch update finished 
[SYS] 2025/04/05 - 23:04:47 | batch update started 
[SYS] 2025/04/05 - 23:04:47 | batch update finished 
[SYS] 2025/04/05 - 23:04:54 | batch update started 
[SYS] 2025/04/05 - 23:04:54 | batch update finished 
[SYS] 2025/04/05 - 23:04:59 | 任务进度轮询开始 
[SYS] 2025/04/05 - 23:04:59 | 任务进度轮询完成 
[SYS] 2025/04/05 - 23:04:59 | batch update started 
[SYS] 2025/04/05 - 23:04:59 | batch update finished 
[SYS] 2025/04/05 - 23:05:04 | batch update started 
[SYS] 2025/04/05 - 23:05:04 | batch update finished 
[SYS] 2025/04/05 - 23:05:09 | batch update started 
[SYS] 2025/04/05 - 23:05:09 | batch update finished 
[SYS] 2025/04/05 - 23:05:14 | 任务进度轮询开始 
[SYS] 2025/04/05 - 23:05:14 | 任务进度轮询完成 
[SYS] 2025/04/05 - 23:05:14 | batch update started 
[SYS] 2025/04/05 - 23:05:14 | batch update finished 
[SYS] 2025/04/05 - 23:05:19 | batch update started 
[SYS] 2025/04/05 - 23:05:19 | batch update finished 
[SYS] 2025/04/05 - 23:05:26 | batch update started 
[SYS] 2025/04/05 - 23:05:26 | batch update finished 
[SYS] 2025/04/05 - 23:05:31 | 任务进度轮询开始 
[SYS] 2025/04/05 - 23:05:31 | 任务进度轮询完成 
[SYS] 2025/04/05 - 23:05:31 | batch update started 
[SYS] 2025/04/05 - 23:05:31 | batch update finished 
[SYS] 2025/04/05 - 23:05:36 | batch update started 
[SYS] 2025/04/05 - 23:05:36 | batch update finished 
[SYS] 2025/04/05 - 23:05:41 | batch update started 
[SYS] 2025/04/05 - 23:05:41 | batch update finished 
[SYS] 2025/04/05 - 23:05:46 | syncing options from database 
[SYS] 2025/04/05 - 23:05:46 | syncing channels from database 
[SYS] 2025/04/05 - 23:05:46 | channels synced from database 
[SYS] 2025/04/05 - 23:05:46 | 任务进度轮询开始 
[SYS] 2025/04/05 - 23:05:46 | 任务进度轮询完成 
[SYS] 2025/04/05 - 23:05:46 | batch update started 
[SYS] 2025/04/05 - 23:05:46 | batch update finished 
[GIN] 2025/04/05 - 23:05:46 | 20250405230546917813130dqJaPGaS | 200 |   13.750654ms |             ::1 |    POST /api/user/amount
[GIN] 2025/04/05 - 23:05:47 | 20250405230547241845977PS3hEIhy | 200 |   48.380916ms |             ::1 |    POST /api/user/amount
[GIN] 2025/04/05 - 23:05:50 | 20250405230549496909465nwgEL1Wk | 200 |  1.251153165s |             ::1 |    POST /api/user/pay
[SYS] 2025/04/05 - 23:05:51 | batch update started 
[SYS] 2025/04/05 - 23:05:51 | batch update finished 
[SYS] 2025/04/05 - 23:05:56 | batch update started 
[SYS] 2025/04/05 - 23:05:56 | batch update finished 
[SYS] 2025/04/05 - 23:06:03 | 任务进度轮询开始 
[SYS] 2025/04/05 - 23:06:03 | 任务进度轮询完成 
[SYS] 2025/04/05 - 23:06:03 | batch update started 
[SYS] 2025/04/05 - 23:06:03 | batch update finished 
[SYS] 2025/04/05 - 23:06:08 | batch update started 
[SYS] 2025/04/05 - 23:06:08 | batch update finished 
[SYS] 2025/04/05 - 23:06:13 | batch update started 
[SYS] 2025/04/05 - 23:06:13 | batch update finished 
[SYS] 2025/04/05 - 23:06:18 | 任务进度轮询开始 
[SYS] 2025/04/05 - 23:06:18 | 任务进度轮询完成 
[SYS] 2025/04/05 - 23:06:18 | batch update started 
[SYS] 2025/04/05 - 23:06:18 | batch update finished 
[GIN] 2025/04/05 - 23:06:20 | 20250405230620363871868lS6fe18n | 200 |   76.497774ms |  54.187.174.169 |    POST /api/stripe/webhook
[GIN] 2025/04/05 - 23:06:22 | 202504052306224127520742T2Q3itr | 200 |    1.410028ms |             ::1 |     GET /topup-success
[SYS] 2025/04/05 - 23:06:23 | batch update started 
[SYS] 2025/04/05 - 23:06:23 | batch update finished 
[GIN] 2025/04/05 - 23:06:25 | 20250405230625395661118a0pIRnN6 | 200 |    1.381963ms |             ::1 |     GET /api/status
[GIN] 2025/04/05 - 23:06:28 | 20250405230628248184173rrJ8oaIT | 200 |     918.986µs |             ::1 |     GET /topup
[SYS] 2025/04/05 - 23:06:28 | batch update started 
[SYS] 2025/04/05 - 23:06:28 | batch update finished 
[GIN] 2025/04/05 - 23:06:29 | 202504052306297213999754lAkgVk9 | 200 |    1.758333ms |             ::1 |     GET /api/user/self
[GIN] 2025/04/05 - 23:06:29 | 20250405230629724523661VcmY9HR3 | 200 |     925.464µs |             ::1 |     GET /api/status
[SYS] 2025/04/05 - 23:06:35 | 任务进度轮询开始 
[SYS] 2025/04/05 - 23:06:35 | 任务进度轮询完成 
[SYS] 2025/04/05 - 23:06:35 | batch update started 
[SYS] 2025/04/05 - 23:06:35 | batch update finished 
[SYS] 2025/04/05 - 23:06:40 | batch update started 
[SYS] 2025/04/05 - 23:06:40 | batch update finished 
[SYS] 2025/04/05 - 23:06:45 | batch update started 
[SYS] 2025/04/05 - 23:06:45 | batch update finished 
[SYS] 2025/04/05 - 23:06:50 | syncing options from database 
[SYS] 2025/04/05 - 23:06:50 | syncing channels from database 
[SYS] 2025/04/05 - 23:06:50 | channels synced from database 
[SYS] 2025/04/05 - 23:06:50 | 任务进度轮询开始 
[SYS] 2025/04/05 - 23:06:50 | 任务进度轮询完成 
[SYS] 2025/04/05 - 23:06:50 | batch update started 
[SYS] 2025/04/05 - 23:06:50 | batch update finished 
[SYS] 2025/04/05 - 23:06:55 | batch update started 
[SYS] 2025/04/05 - 23:06:55 | batch update finished 
[SYS] 2025/04/05 - 23:07:00 | batch update started 
[SYS] 2025/04/05 - 23:07:00 | batch update finished 
[SYS] 2025/04/05 - 23:07:05 | 任务进度轮询开始 
[SYS] 2025/04/05 - 23:07:05 | 任务进度轮询完成 
[SYS] 2025/04/05 - 23:07:05 | batch update started 
[SYS] 2025/04/05 - 23:07:05 | batch update finished 
[SYS] 2025/04/05 - 23:07:26 | 任务进度轮询开始 
[SYS] 2025/04/05 - 23:07:26 | batch update started 
[SYS] 2025/04/05 - 23:07:26 | batch update finished 
[SYS] 2025/04/05 - 23:07:26 | 任务进度轮询完成 
[SYS] 2025/04/05 - 23:08:34 | batch update started 
[SYS] 2025/04/05 - 23:08:34 | batch update finished 
[SYS] 2025/04/05 - 23:08:39 | batch update started 
[SYS] 2025/04/05 - 23:08:39 | batch update finished 
[SYS] 2025/04/05 - 23:08:44 | batch update started 
[SYS] 2025/04/05 - 23:08:44 | batch update finished 
[SYS] 2025/04/05 - 23:08:44 | 任务进度轮询开始 
[SYS] 2025/04/05 - 23:08:44 | 任务进度轮询完成 
[SYS] 2025/04/05 - 23:08:49 | batch update started 
[SYS] 2025/04/05 - 23:08:49 | batch update finished 
[SYS] 2025/04/05 - 23:08:54 | batch update started 
[SYS] 2025/04/05 - 23:08:54 | batch update finished 
[SYS] 2025/04/05 - 23:08:54 | 正在更新数据看板数据... 
[SYS] 2025/04/05 - 23:08:54 | 保存数据看板数据成功，共保存0条数据 
[SYS] 2025/04/05 - 23:08:54 | syncing options from database 
[SYS] 2025/04/05 - 23:08:54 | syncing channels from database 
[SYS] 2025/04/05 - 23:08:54 | channels synced from database 
[SYS] 2025/04/05 - 23:08:59 | batch update started 
[SYS] 2025/04/05 - 23:08:59 | batch update finished 
[SYS] 2025/04/05 - 23:08:59 | 任务进度轮询开始 
[SYS] 2025/04/05 - 23:08:59 | 任务进度轮询完成 
[SYS] 2025/04/05 - 23:09:04 | batch update started 
[SYS] 2025/04/05 - 23:09:04 | batch update finished 
[SYS] 2025/04/05 - 23:09:09 | batch update started 
[SYS] 2025/04/05 - 23:09:09 | batch update finished 
[SYS] 2025/04/05 - 23:09:14 | batch update started 
[SYS] 2025/04/05 - 23:09:14 | batch update finished 
[SYS] 2025/04/05 - 23:09:14 | 任务进度轮询开始 
[SYS] 2025/04/05 - 23:09:15 | 任务进度轮询完成 
[SYS] 2025/04/05 - 23:09:19 | batch update started 
[SYS] 2025/04/05 - 23:09:19 | batch update finished 
[SYS] 2025/04/05 - 23:09:24 | batch update started 
[SYS] 2025/04/05 - 23:09:24 | batch update finished 
[SYS] 2025/04/05 - 23:09:29 | batch update started 
[SYS] 2025/04/05 - 23:09:29 | batch update finished 
[SYS] 2025/04/05 - 23:09:30 | 任务进度轮询开始 
[SYS] 2025/04/05 - 23:09:30 | 任务进度轮询完成 
[SYS] 2025/04/05 - 23:09:34 | batch update started 
[SYS] 2025/04/05 - 23:09:34 | batch update finished 
[SYS] 2025/04/05 - 23:09:40 | batch update started 
[SYS] 2025/04/05 - 23:09:40 | batch update finished 
[SYS] 2025/04/05 - 23:09:45 | batch update started 
[SYS] 2025/04/05 - 23:09:45 | batch update finished 
[SYS] 2025/04/05 - 23:09:45 | 任务进度轮询开始 
[SYS] 2025/04/05 - 23:09:45 | 任务进度轮询完成 
[SYS] 2025/04/05 - 23:09:50 | batch update started 
[SYS] 2025/04/05 - 23:09:50 | batch update finished 
[SYS] 2025/04/05 - 23:09:55 | batch update started 
[SYS] 2025/04/05 - 23:09:55 | batch update finished 
[SYS] 2025/04/05 - 23:09:56 | syncing options from database 
[SYS] 2025/04/05 - 23:09:56 | syncing channels from database 
[SYS] 2025/04/05 - 23:09:56 | channels synced from database 
[SYS] 2025/04/05 - 23:10:00 | batch update started 
[SYS] 2025/04/05 - 23:10:00 | batch update finished 
[SYS] 2025/04/05 - 23:10:00 | 任务进度轮询开始 
[SYS] 2025/04/05 - 23:10:00 | 任务进度轮询完成 
[SYS] 2025/04/05 - 23:10:05 | batch update started 
[SYS] 2025/04/05 - 23:10:05 | batch update finished 
[SYS] 2025/04/05 - 23:10:10 | batch update started 
[SYS] 2025/04/05 - 23:10:10 | batch update finished 
[SYS] 2025/04/05 - 23:10:16 | batch update started 
[SYS] 2025/04/05 - 23:10:16 | batch update finished 
[SYS] 2025/04/05 - 23:10:16 | 任务进度轮询开始 
[SYS] 2025/04/05 - 23:10:16 | 任务进度轮询完成 
[SYS] 2025/04/05 - 23:10:21 | batch update started 
[SYS] 2025/04/05 - 23:10:21 | batch update finished 
[SYS] 2025/04/05 - 23:10:26 | batch update started 
[SYS] 2025/04/05 - 23:10:26 | batch update finished 
[SYS] 2025/04/05 - 23:10:31 | batch update started 
[SYS] 2025/04/05 - 23:10:31 | batch update finished 
[SYS] 2025/04/05 - 23:10:31 | 任务进度轮询开始 
[SYS] 2025/04/05 - 23:10:31 | 任务进度轮询完成 
[SYS] 2025/04/05 - 23:10:36 | batch update started 
[SYS] 2025/04/05 - 23:10:36 | batch update finished 
[SYS] 2025/04/05 - 23:10:41 | batch update started 
[SYS] 2025/04/05 - 23:10:41 | batch update finished 
[SYS] 2025/04/05 - 23:10:46 | batch update started 
[SYS] 2025/04/05 - 23:10:46 | batch update finished 
[SYS] 2025/04/05 - 23:10:47 | 任务进度轮询开始 
[SYS] 2025/04/05 - 23:10:47 | 任务进度轮询完成 
[SYS] 2025/04/05 - 23:10:51 | batch update started 
[SYS] 2025/04/05 - 23:10:51 | batch update finished 
[SYS] 2025/04/05 - 23:10:56 | batch update started 
[SYS] 2025/04/05 - 23:10:56 | batch update finished 
[SYS] 2025/04/05 - 23:10:57 | syncing options from database 
[SYS] 2025/04/05 - 23:10:57 | syncing channels from database 
[SYS] 2025/04/05 - 23:10:57 | channels synced from database 
[SYS] 2025/04/05 - 23:11:01 | batch update started 
[SYS] 2025/04/05 - 23:11:01 | batch update finished 
[SYS] 2025/04/05 - 23:11:02 | 任务进度轮询开始 
[SYS] 2025/04/05 - 23:11:02 | 任务进度轮询完成 
[SYS] 2025/04/05 - 23:11:06 | batch update started 
[SYS] 2025/04/05 - 23:11:06 | batch update finished 
