[SYS] 2025/03/31 - 11:46:12 | New API v0.0.0 started 
[SYS] 2025/03/31 - 11:46:12 | using MySQL as database 
[SYS] 2025/03/31 - 11:46:12 | database migration started 
[SYS] 2025/03/31 - 11:46:12 | database migrated 
[SYS] 2025/03/31 - 11:46:12 | using MySQL as database 
[SYS] 2025/03/31 - 11:46:12 | database migration started 
[SYS] 2025/03/31 - 11:46:12 | Redis is enabled 
[SYS] 2025/03/31 - 11:46:12 | memory cache enabled 
[SYS] 2025/03/31 - 11:46:12 | sync frequency: 60 seconds 
[SYS] 2025/03/31 - 11:46:12 | channels synced from database 
[SYS] 2025/03/31 - 11:46:12 | batch update enabled with interval 5s 
[SYS] 2025/03/31 - 11:46:12 | 正在更新数据看板数据... 
[SYS] 2025/03/31 - 11:46:12 | 保存数据看板数据成功，共保存0条数据 
[SYS] 2025/03/31 - 11:46:12 | pprof enabled 
[SYS] 2025/03/31 - 11:46:12 | initializing token encoders 
[SYS] 2025/03/31 - 11:46:13 | token encoders initialized 
[SYS] 2025/03/31 - 11:46:13 | FRONTEND_BASE_URL is ignored on master node 
[SYS] 2025/03/31 - 11:46:17 | batch update started 
[SYS] 2025/03/31 - 11:46:17 | batch update finished 
[GIN] 2025/03/31 - 11:46:19 | 20250331114619292682758TRr7q9Yo | 200 |    8.625363ms |             ::1 |     GET /login
[GIN] 2025/03/31 - 11:46:21 | 202503311146216629613703xMMkHbH | 200 |    1.935538ms |             ::1 |     GET /api/status
[SYS] 2025/03/31 - 11:46:22 | batch update started 
[SYS] 2025/03/31 - 11:46:22 | batch update finished 
[SYS] 2025/03/31 - 11:46:27 | 任务进度轮询开始 
[SYS] 2025/03/31 - 11:46:27 | batch update started 
[SYS] 2025/03/31 - 11:46:27 | batch update finished 
[SYS] 2025/03/31 - 11:46:27 | 任务进度轮询完成 
[SYS] 2025/03/31 - 11:46:32 | batch update started 
[SYS] 2025/03/31 - 11:46:32 | batch update finished 
[SYS] 2025/03/31 - 11:46:37 | batch update started 
[SYS] 2025/03/31 - 11:46:37 | batch update finished 
[GIN] 2025/03/31 - 11:46:41 | 20250331114641900695139j7nIt9hZ | 307 |     139.223µs |             ::1 |     GET /auth/google/login
[SYS] 2025/03/31 - 11:46:42 | batch update started 
[SYS] 2025/03/31 - 11:46:42 | batch update finished 
[SYS] 2025/03/31 - 11:46:42 | 任务进度轮询开始 
[SYS] 2025/03/31 - 11:46:42 | 任务进度轮询完成 
[GIN] 2025/03/31 - 11:46:43 | 20250331114642482738425W0zArtVm | 303 |  1.309537794s |             ::1 |     GET /auth/google/callback?state=random_state&code=4%2F0AQSTgQGXTaMD8mFSqNCO5q8Bow9P8OQO6Q0FRjPQkA1SdMYBmGWaGwBGqHbDhYFfs5EDjQ&scope=email+profile+https%3A%2F%2Fwww.googleapis.com%2Fauth%2Fuserinfo.email+https%3A%2F%2Fwww.googleapis.com%2Fauth%2Fuserinfo.profile+openid&authuser=0&prompt=none
[GIN] 2025/03/31 - 11:46:44 | 20250331114643799046858a0ETFZfY | 200 |  207.946049ms |             ::1 |     GET /?token=eyJhbGciOiJIUzI1NiIsInR5cCI6IkpXVCJ9.eyJlbWFpbCI6Imtpbmdzb2JlY0BnbWFpbC5jb20iLCJleHAiOjE3NDM1MDQ0MDN9.QX1rw3xLOnQwcTP9cljz5Umf4xkcud4Sz29oXkYGBqM
[GIN] 2025/03/31 - 11:46:46 | 20250331114646641117344G4u5czCV | 200 |    1.401011ms |             ::1 |     GET /assets/index-CFU1S5Gg.js
[GIN] 2025/03/31 - 11:46:46 | 20250331114646676349804SQRJT2ef | 200 |    13.53078ms |             ::1 |     GET /api/status
[GIN] 2025/03/31 - 11:46:47 | 20250331114647135099572xJUhgNHu | 200 |    1.579391ms |             ::1 |     GET /api/notice
[GIN] 2025/03/31 - 11:46:47 | 20250331114647138410155sa0tms07 | 200 |    1.956819ms |             ::1 |     GET /api/home_page_content
[GIN] 2025/03/31 - 11:46:47 | 20250331114647219151002pX340Tjc | 200 |    4.379323ms |             ::1 |     GET /api/notice
[GIN] 2025/03/31 - 11:46:47 | 20250331114647223968237C97c17Hv | 200 |     977.421µs |             ::1 |     GET /api/home_page_content
[SYS] 2025/03/31 - 11:46:47 | batch update started 
[SYS] 2025/03/31 - 11:46:47 | batch update finished 
[SYS] 2025/03/31 - 11:46:53 | batch update started 
[SYS] 2025/03/31 - 11:46:53 | batch update finished 
[SYS] 2025/03/31 - 11:46:58 | batch update started 
[SYS] 2025/03/31 - 11:46:58 | batch update finished 
[SYS] 2025/03/31 - 11:46:58 | 任务进度轮询开始 
[SYS] 2025/03/31 - 11:46:58 | 任务进度轮询完成 
[SYS] 2025/03/31 - 11:47:03 | batch update started 
[SYS] 2025/03/31 - 11:47:03 | batch update finished 
[SYS] 2025/03/31 - 11:47:08 | batch update started 
[SYS] 2025/03/31 - 11:47:08 | batch update finished 
[SYS] 2025/03/31 - 11:47:12 | syncing options from database 
[SYS] 2025/03/31 - 11:47:12 | syncing channels from database 
[SYS] 2025/03/31 - 11:47:13 | channels synced from database 
[SYS] 2025/03/31 - 11:47:13 | batch update started 
[SYS] 2025/03/31 - 11:47:13 | batch update finished 
[SYS] 2025/03/31 - 11:47:13 | 任务进度轮询开始 
[SYS] 2025/03/31 - 11:47:13 | 任务进度轮询完成 
[SYS] 2025/03/31 - 11:47:18 | batch update started 
[SYS] 2025/03/31 - 11:47:18 | batch update finished 
[SYS] 2025/03/31 - 11:47:23 | batch update started 
[SYS] 2025/03/31 - 11:47:23 | batch update finished 
[SYS] 2025/03/31 - 11:47:28 | batch update started 
[SYS] 2025/03/31 - 11:47:28 | batch update finished 
[SYS] 2025/03/31 - 11:47:28 | 任务进度轮询开始 
[SYS] 2025/03/31 - 11:47:28 | 任务进度轮询完成 
[SYS] 2025/03/31 - 11:47:33 | batch update started 
[SYS] 2025/03/31 - 11:47:33 | batch update finished 
[SYS] 2025/03/31 - 11:47:38 | batch update started 
[SYS] 2025/03/31 - 11:47:38 | batch update finished 
[SYS] 2025/03/31 - 11:47:43 | batch update started 
[SYS] 2025/03/31 - 11:47:43 | batch update finished 
[SYS] 2025/03/31 - 11:47:43 | 任务进度轮询开始 
[SYS] 2025/03/31 - 11:47:43 | 任务进度轮询完成 
[SYS] 2025/03/31 - 11:47:48 | batch update started 
[SYS] 2025/03/31 - 11:47:48 | batch update finished 
[SYS] 2025/03/31 - 11:47:53 | batch update started 
[SYS] 2025/03/31 - 11:47:53 | batch update finished 
[SYS] 2025/03/31 - 11:47:58 | batch update started 
[SYS] 2025/03/31 - 11:47:58 | batch update finished 
[SYS] 2025/03/31 - 11:47:58 | 任务进度轮询开始 
[SYS] 2025/03/31 - 11:47:58 | 任务进度轮询完成 
[SYS] 2025/03/31 - 11:48:03 | batch update started 
[SYS] 2025/03/31 - 11:48:03 | batch update finished 
[SYS] 2025/03/31 - 11:48:08 | batch update started 
[SYS] 2025/03/31 - 11:48:08 | batch update finished 
[SYS] 2025/03/31 - 11:48:13 | syncing options from database 
[SYS] 2025/03/31 - 11:48:13 | syncing channels from database 
[SYS] 2025/03/31 - 11:48:13 | channels synced from database 
[SYS] 2025/03/31 - 11:48:13 | 任务进度轮询开始 
[SYS] 2025/03/31 - 11:48:13 | 任务进度轮询完成 
[SYS] 2025/03/31 - 11:48:13 | batch update started 
[SYS] 2025/03/31 - 11:48:13 | batch update finished 
[SYS] 2025/03/31 - 11:48:18 | batch update started 
[SYS] 2025/03/31 - 11:48:18 | batch update finished 
[SYS] 2025/03/31 - 11:48:23 | batch update started 
[SYS] 2025/03/31 - 11:48:23 | batch update finished 
[SYS] 2025/03/31 - 11:48:28 | 任务进度轮询开始 
[SYS] 2025/03/31 - 11:48:28 | 任务进度轮询完成 
[SYS] 2025/03/31 - 11:48:28 | batch update started 
[SYS] 2025/03/31 - 11:48:28 | batch update finished 
[SYS] 2025/03/31 - 11:48:33 | batch update started 
[SYS] 2025/03/31 - 11:48:33 | batch update finished 
[SYS] 2025/03/31 - 11:48:38 | batch update started 
[SYS] 2025/03/31 - 11:48:38 | batch update finished 
[SYS] 2025/03/31 - 11:48:43 | 任务进度轮询开始 
[SYS] 2025/03/31 - 11:48:43 | 任务进度轮询完成 
[SYS] 2025/03/31 - 11:48:43 | batch update started 
[SYS] 2025/03/31 - 11:48:43 | batch update finished 
[SYS] 2025/03/31 - 11:48:48 | batch update started 
[SYS] 2025/03/31 - 11:48:48 | batch update finished 
[SYS] 2025/03/31 - 11:48:53 | batch update started 
[SYS] 2025/03/31 - 11:48:53 | batch update finished 
[SYS] 2025/03/31 - 11:48:58 | 任务进度轮询开始 
[SYS] 2025/03/31 - 11:48:58 | 任务进度轮询完成 
[SYS] 2025/03/31 - 11:48:58 | batch update started 
[SYS] 2025/03/31 - 11:48:58 | batch update finished 
[SYS] 2025/03/31 - 11:49:03 | batch update started 
[SYS] 2025/03/31 - 11:49:03 | batch update finished 
[SYS] 2025/03/31 - 11:49:08 | batch update started 
[SYS] 2025/03/31 - 11:49:08 | batch update finished 
[SYS] 2025/03/31 - 11:49:13 | syncing options from database 
[SYS] 2025/03/31 - 11:49:13 | syncing channels from database 
[SYS] 2025/03/31 - 11:49:13 | channels synced from database 
[SYS] 2025/03/31 - 11:49:13 | 任务进度轮询开始 
[SYS] 2025/03/31 - 11:49:13 | 任务进度轮询完成 
[SYS] 2025/03/31 - 11:49:13 | batch update started 
[SYS] 2025/03/31 - 11:49:13 | batch update finished 
[SYS] 2025/03/31 - 11:49:18 | batch update started 
[SYS] 2025/03/31 - 11:49:18 | batch update finished 
[SYS] 2025/03/31 - 11:49:23 | batch update started 
[SYS] 2025/03/31 - 11:49:23 | batch update finished 
[SYS] 2025/03/31 - 11:49:28 | 任务进度轮询开始 
[SYS] 2025/03/31 - 11:49:28 | 任务进度轮询完成 
[SYS] 2025/03/31 - 11:49:28 | batch update started 
[SYS] 2025/03/31 - 11:49:28 | batch update finished 
[SYS] 2025/03/31 - 11:49:33 | batch update started 
[SYS] 2025/03/31 - 11:49:33 | batch update finished 
[SYS] 2025/03/31 - 11:49:38 | batch update started 
[SYS] 2025/03/31 - 11:49:38 | batch update finished 
[SYS] 2025/03/31 - 11:49:43 | 任务进度轮询开始 
[SYS] 2025/03/31 - 11:49:43 | 任务进度轮询完成 
[SYS] 2025/03/31 - 11:49:43 | batch update started 
[SYS] 2025/03/31 - 11:49:43 | batch update finished 
[SYS] 2025/03/31 - 11:49:48 | batch update started 
[SYS] 2025/03/31 - 11:49:48 | batch update finished 
[SYS] 2025/03/31 - 11:49:53 | batch update started 
[SYS] 2025/03/31 - 11:49:53 | batch update finished 
[SYS] 2025/03/31 - 11:49:58 | 任务进度轮询开始 
[SYS] 2025/03/31 - 11:49:58 | 任务进度轮询完成 
[SYS] 2025/03/31 - 11:49:58 | batch update started 
[SYS] 2025/03/31 - 11:49:58 | batch update finished 
[SYS] 2025/03/31 - 11:50:03 | batch update started 
[SYS] 2025/03/31 - 11:50:03 | batch update finished 
[SYS] 2025/03/31 - 11:50:08 | batch update started 
[SYS] 2025/03/31 - 11:50:08 | batch update finished 
[SYS] 2025/03/31 - 11:50:13 | syncing options from database 
[SYS] 2025/03/31 - 11:50:13 | syncing channels from database 
[SYS] 2025/03/31 - 11:50:13 | channels synced from database 
[SYS] 2025/03/31 - 11:50:13 | 任务进度轮询开始 
[SYS] 2025/03/31 - 11:50:13 | 任务进度轮询完成 
[SYS] 2025/03/31 - 11:50:13 | batch update started 
[SYS] 2025/03/31 - 11:50:13 | batch update finished 
[SYS] 2025/03/31 - 11:50:18 | batch update started 
[SYS] 2025/03/31 - 11:50:18 | batch update finished 
[SYS] 2025/03/31 - 11:50:23 | batch update started 
[SYS] 2025/03/31 - 11:50:23 | batch update finished 
[SYS] 2025/03/31 - 11:50:28 | 任务进度轮询开始 
[SYS] 2025/03/31 - 11:50:28 | 任务进度轮询完成 
[SYS] 2025/03/31 - 11:50:28 | batch update started 
[SYS] 2025/03/31 - 11:50:28 | batch update finished 
[SYS] 2025/03/31 - 11:50:33 | batch update started 
[SYS] 2025/03/31 - 11:50:33 | batch update finished 
[SYS] 2025/03/31 - 11:50:38 | batch update started 
[SYS] 2025/03/31 - 11:50:38 | batch update finished 
[SYS] 2025/03/31 - 11:50:43 | 任务进度轮询开始 
[SYS] 2025/03/31 - 11:50:43 | 任务进度轮询完成 
[SYS] 2025/03/31 - 11:50:43 | batch update started 
[SYS] 2025/03/31 - 11:50:43 | batch update finished 
[SYS] 2025/03/31 - 11:50:48 | batch update started 
[SYS] 2025/03/31 - 11:50:48 | batch update finished 
[SYS] 2025/03/31 - 11:50:54 | batch update started 
[SYS] 2025/03/31 - 11:50:54 | batch update finished 
[SYS] 2025/03/31 - 11:50:58 | 任务进度轮询开始 
[SYS] 2025/03/31 - 11:50:58 | 任务进度轮询完成 
[SYS] 2025/03/31 - 11:50:59 | batch update started 
[SYS] 2025/03/31 - 11:50:59 | batch update finished 
[SYS] 2025/03/31 - 11:51:04 | batch update started 
[SYS] 2025/03/31 - 11:51:04 | batch update finished 
[SYS] 2025/03/31 - 11:51:09 | batch update started 
[SYS] 2025/03/31 - 11:51:09 | batch update finished 
[SYS] 2025/03/31 - 11:51:13 | 正在更新数据看板数据... 
[SYS] 2025/03/31 - 11:51:13 | 保存数据看板数据成功，共保存0条数据 
[SYS] 2025/03/31 - 11:51:13 | syncing options from database 
[SYS] 2025/03/31 - 11:51:13 | syncing channels from database 
[SYS] 2025/03/31 - 11:51:13 | channels synced from database 
[SYS] 2025/03/31 - 11:51:13 | 任务进度轮询开始 
[SYS] 2025/03/31 - 11:51:13 | 任务进度轮询完成 
[SYS] 2025/03/31 - 11:51:14 | batch update started 
[SYS] 2025/03/31 - 11:51:14 | batch update finished 
[SYS] 2025/03/31 - 11:51:19 | batch update started 
[SYS] 2025/03/31 - 11:51:19 | batch update finished 
[SYS] 2025/03/31 - 11:51:24 | batch update started 
[SYS] 2025/03/31 - 11:51:24 | batch update finished 
[SYS] 2025/03/31 - 11:51:29 | 任务进度轮询开始 
[SYS] 2025/03/31 - 11:51:29 | 任务进度轮询完成 
[SYS] 2025/03/31 - 11:51:29 | batch update started 
[SYS] 2025/03/31 - 11:51:29 | batch update finished 
[SYS] 2025/03/31 - 11:51:34 | batch update started 
[SYS] 2025/03/31 - 11:51:34 | batch update finished 
[SYS] 2025/03/31 - 11:51:39 | batch update started 
[SYS] 2025/03/31 - 11:51:39 | batch update finished 
[SYS] 2025/03/31 - 11:51:44 | 任务进度轮询开始 
[SYS] 2025/03/31 - 11:51:44 | 任务进度轮询完成 
[SYS] 2025/03/31 - 11:51:44 | batch update started 
[SYS] 2025/03/31 - 11:51:44 | batch update finished 
[SYS] 2025/03/31 - 11:51:49 | batch update started 
[SYS] 2025/03/31 - 11:51:49 | batch update finished 
[SYS] 2025/03/31 - 11:51:54 | batch update started 
[SYS] 2025/03/31 - 11:51:54 | batch update finished 
[SYS] 2025/03/31 - 11:51:59 | 任务进度轮询开始 
[SYS] 2025/03/31 - 11:51:59 | 任务进度轮询完成 
[SYS] 2025/03/31 - 11:51:59 | batch update started 
[SYS] 2025/03/31 - 11:51:59 | batch update finished 
[SYS] 2025/03/31 - 11:52:04 | batch update started 
[SYS] 2025/03/31 - 11:52:04 | batch update finished 
[SYS] 2025/03/31 - 11:52:09 | batch update started 
[SYS] 2025/03/31 - 11:52:09 | batch update finished 
[SYS] 2025/03/31 - 11:52:14 | syncing options from database 
[SYS] 2025/03/31 - 11:52:14 | syncing channels from database 
[SYS] 2025/03/31 - 11:52:14 | channels synced from database 
[SYS] 2025/03/31 - 11:52:14 | 任务进度轮询开始 
[SYS] 2025/03/31 - 11:52:14 | 任务进度轮询完成 
[SYS] 2025/03/31 - 11:52:14 | batch update started 
[SYS] 2025/03/31 - 11:52:14 | batch update finished 
[SYS] 2025/03/31 - 11:52:19 | batch update started 
[SYS] 2025/03/31 - 11:52:19 | batch update finished 
[SYS] 2025/03/31 - 11:52:24 | batch update started 
[SYS] 2025/03/31 - 11:52:24 | batch update finished 
[SYS] 2025/03/31 - 11:52:29 | 任务进度轮询开始 
[SYS] 2025/03/31 - 11:52:29 | 任务进度轮询完成 
[SYS] 2025/03/31 - 11:52:29 | batch update started 
[SYS] 2025/03/31 - 11:52:29 | batch update finished 
[SYS] 2025/03/31 - 11:52:34 | batch update started 
[SYS] 2025/03/31 - 11:52:34 | batch update finished 
[SYS] 2025/03/31 - 11:52:39 | batch update started 
[SYS] 2025/03/31 - 11:52:39 | batch update finished 
[SYS] 2025/03/31 - 11:52:44 | 任务进度轮询开始 
[SYS] 2025/03/31 - 11:52:44 | 任务进度轮询完成 
[SYS] 2025/03/31 - 11:52:44 | batch update started 
[SYS] 2025/03/31 - 11:52:44 | batch update finished 
[SYS] 2025/03/31 - 11:52:49 | batch update started 
[SYS] 2025/03/31 - 11:52:49 | batch update finished 
[SYS] 2025/03/31 - 11:52:54 | batch update started 
[SYS] 2025/03/31 - 11:52:54 | batch update finished 
[SYS] 2025/03/31 - 11:52:59 | 任务进度轮询开始 
[SYS] 2025/03/31 - 11:52:59 | 任务进度轮询完成 
[SYS] 2025/03/31 - 11:52:59 | batch update started 
[SYS] 2025/03/31 - 11:52:59 | batch update finished 
[SYS] 2025/03/31 - 11:53:04 | batch update started 
[SYS] 2025/03/31 - 11:53:04 | batch update finished 
[SYS] 2025/03/31 - 11:53:09 | batch update started 
[SYS] 2025/03/31 - 11:53:09 | batch update finished 
[SYS] 2025/03/31 - 11:53:14 | syncing options from database 
[SYS] 2025/03/31 - 11:53:14 | syncing channels from database 
[SYS] 2025/03/31 - 11:53:14 | channels synced from database 
[SYS] 2025/03/31 - 11:53:14 | 任务进度轮询开始 
[SYS] 2025/03/31 - 11:53:14 | 任务进度轮询完成 
[SYS] 2025/03/31 - 11:53:14 | batch update started 
[SYS] 2025/03/31 - 11:53:14 | batch update finished 
[SYS] 2025/03/31 - 11:53:19 | batch update started 
[SYS] 2025/03/31 - 11:53:19 | batch update finished 
[SYS] 2025/03/31 - 11:53:24 | batch update started 
[SYS] 2025/03/31 - 11:53:24 | batch update finished 
[SYS] 2025/03/31 - 11:53:29 | 任务进度轮询开始 
[SYS] 2025/03/31 - 11:53:29 | 任务进度轮询完成 
[SYS] 2025/03/31 - 11:53:29 | batch update started 
[SYS] 2025/03/31 - 11:53:29 | batch update finished 
[SYS] 2025/03/31 - 11:53:34 | batch update started 
[SYS] 2025/03/31 - 11:53:34 | batch update finished 
[SYS] 2025/03/31 - 11:53:39 | batch update started 
[SYS] 2025/03/31 - 11:53:39 | batch update finished 
[SYS] 2025/03/31 - 11:53:44 | 任务进度轮询开始 
[SYS] 2025/03/31 - 11:53:44 | 任务进度轮询完成 
[SYS] 2025/03/31 - 11:53:44 | batch update started 
[SYS] 2025/03/31 - 11:53:44 | batch update finished 
[SYS] 2025/03/31 - 11:53:49 | batch update started 
[SYS] 2025/03/31 - 11:53:49 | batch update finished 
[SYS] 2025/03/31 - 11:53:54 | batch update started 
[SYS] 2025/03/31 - 11:53:54 | batch update finished 
[SYS] 2025/03/31 - 11:53:59 | 任务进度轮询开始 
[SYS] 2025/03/31 - 11:53:59 | 任务进度轮询完成 
[SYS] 2025/03/31 - 11:53:59 | batch update started 
[SYS] 2025/03/31 - 11:53:59 | batch update finished 
[SYS] 2025/03/31 - 11:54:04 | batch update started 
[SYS] 2025/03/31 - 11:54:04 | batch update finished 
[SYS] 2025/03/31 - 11:54:09 | batch update started 
[SYS] 2025/03/31 - 11:54:09 | batch update finished 
[SYS] 2025/03/31 - 11:54:14 | syncing options from database 
[SYS] 2025/03/31 - 11:54:14 | syncing channels from database 
[SYS] 2025/03/31 - 11:54:14 | channels synced from database 
[SYS] 2025/03/31 - 11:54:14 | 任务进度轮询开始 
[SYS] 2025/03/31 - 11:54:14 | 任务进度轮询完成 
[SYS] 2025/03/31 - 11:54:14 | batch update started 
[SYS] 2025/03/31 - 11:54:14 | batch update finished 
[SYS] 2025/03/31 - 11:54:19 | batch update started 
[SYS] 2025/03/31 - 11:54:19 | batch update finished 
[SYS] 2025/03/31 - 11:54:24 | batch update started 
[SYS] 2025/03/31 - 11:54:24 | batch update finished 
[SYS] 2025/03/31 - 11:54:29 | 任务进度轮询开始 
[SYS] 2025/03/31 - 11:54:29 | 任务进度轮询完成 
[SYS] 2025/03/31 - 11:54:29 | batch update started 
[SYS] 2025/03/31 - 11:54:29 | batch update finished 
[SYS] 2025/03/31 - 11:54:34 | batch update started 
[SYS] 2025/03/31 - 11:54:34 | batch update finished 
[SYS] 2025/03/31 - 11:54:39 | batch update started 
[SYS] 2025/03/31 - 11:54:39 | batch update finished 
[SYS] 2025/03/31 - 11:54:44 | 任务进度轮询开始 
[SYS] 2025/03/31 - 11:54:44 | 任务进度轮询完成 
[SYS] 2025/03/31 - 11:54:44 | batch update started 
[SYS] 2025/03/31 - 11:54:44 | batch update finished 
[SYS] 2025/03/31 - 11:54:49 | batch update started 
[SYS] 2025/03/31 - 11:54:49 | batch update finished 
[SYS] 2025/03/31 - 11:54:55 | batch update started 
[SYS] 2025/03/31 - 11:54:55 | batch update finished 
[SYS] 2025/03/31 - 11:54:59 | 任务进度轮询开始 
[SYS] 2025/03/31 - 11:54:59 | 任务进度轮询完成 
[SYS] 2025/03/31 - 11:55:00 | batch update started 
[SYS] 2025/03/31 - 11:55:00 | batch update finished 
[SYS] 2025/03/31 - 11:55:05 | batch update started 
[SYS] 2025/03/31 - 11:55:05 | batch update finished 
[SYS] 2025/03/31 - 11:55:10 | batch update started 
[SYS] 2025/03/31 - 11:55:10 | batch update finished 
[SYS] 2025/03/31 - 11:55:14 | syncing options from database 
[SYS] 2025/03/31 - 11:55:14 | syncing channels from database 
[SYS] 2025/03/31 - 11:55:14 | channels synced from database 
[SYS] 2025/03/31 - 11:55:14 | 任务进度轮询开始 
[SYS] 2025/03/31 - 11:55:14 | 任务进度轮询完成 
[SYS] 2025/03/31 - 11:55:15 | batch update started 
[SYS] 2025/03/31 - 11:55:15 | batch update finished 
[SYS] 2025/03/31 - 11:55:20 | batch update started 
[SYS] 2025/03/31 - 11:55:20 | batch update finished 
[SYS] 2025/03/31 - 11:55:25 | batch update started 
[SYS] 2025/03/31 - 11:55:25 | batch update finished 
[SYS] 2025/03/31 - 11:55:30 | 任务进度轮询开始 
[SYS] 2025/03/31 - 11:55:30 | 任务进度轮询完成 
[SYS] 2025/03/31 - 11:55:30 | batch update started 
[SYS] 2025/03/31 - 11:55:30 | batch update finished 
[SYS] 2025/03/31 - 11:55:35 | batch update started 
[SYS] 2025/03/31 - 11:55:35 | batch update finished 
[SYS] 2025/03/31 - 11:55:40 | batch update started 
[SYS] 2025/03/31 - 11:55:40 | batch update finished 
[SYS] 2025/03/31 - 11:55:45 | 任务进度轮询开始 
[SYS] 2025/03/31 - 11:55:45 | 任务进度轮询完成 
[SYS] 2025/03/31 - 11:55:45 | batch update started 
[SYS] 2025/03/31 - 11:55:45 | batch update finished 
[SYS] 2025/03/31 - 11:55:50 | batch update started 
[SYS] 2025/03/31 - 11:55:50 | batch update finished 
[SYS] 2025/03/31 - 11:55:55 | batch update started 
[SYS] 2025/03/31 - 11:55:55 | batch update finished 
[SYS] 2025/03/31 - 11:56:00 | 任务进度轮询开始 
[SYS] 2025/03/31 - 11:56:00 | 任务进度轮询完成 
[SYS] 2025/03/31 - 11:56:00 | batch update started 
[SYS] 2025/03/31 - 11:56:00 | batch update finished 
[SYS] 2025/03/31 - 11:56:05 | batch update started 
[SYS] 2025/03/31 - 11:56:05 | batch update finished 
[SYS] 2025/03/31 - 11:56:10 | batch update started 
[SYS] 2025/03/31 - 11:56:10 | batch update finished 
[SYS] 2025/03/31 - 11:56:15 | testing all channels 
[SYS] 2025/03/31 - 11:56:15 | 正在更新数据看板数据... 
[SYS] 2025/03/31 - 11:56:15 | 保存数据看板数据成功，共保存0条数据 
[SYS] 2025/03/31 - 11:56:15 | channel test finished 
[SYS] 2025/03/31 - 11:56:15 | syncing options from database 
[SYS] 2025/03/31 - 11:56:15 | syncing channels from database 
[SYS] 2025/03/31 - 11:56:15 | channels synced from database 
[SYS] 2025/03/31 - 11:56:15 | 任务进度轮询开始 
[SYS] 2025/03/31 - 11:56:15 | 任务进度轮询完成 
[SYS] 2025/03/31 - 11:56:15 | batch update started 
[SYS] 2025/03/31 - 11:56:15 | batch update finished 
[SYS] 2025/03/31 - 11:56:20 | batch update started 
[SYS] 2025/03/31 - 11:56:20 | batch update finished 
[SYS] 2025/03/31 - 11:56:25 | batch update started 
[SYS] 2025/03/31 - 11:56:25 | batch update finished 
[SYS] 2025/03/31 - 11:56:30 | 任务进度轮询开始 
[SYS] 2025/03/31 - 11:56:30 | 任务进度轮询完成 
[SYS] 2025/03/31 - 11:56:30 | batch update started 
[SYS] 2025/03/31 - 11:56:30 | batch update finished 
[SYS] 2025/03/31 - 11:56:35 | batch update started 
[SYS] 2025/03/31 - 11:56:35 | batch update finished 
[SYS] 2025/03/31 - 11:56:40 | batch update started 
[SYS] 2025/03/31 - 11:56:40 | batch update finished 
[SYS] 2025/03/31 - 11:56:45 | 任务进度轮询开始 
[SYS] 2025/03/31 - 11:56:45 | 任务进度轮询完成 
[SYS] 2025/03/31 - 11:56:45 | batch update started 
[SYS] 2025/03/31 - 11:56:45 | batch update finished 
[SYS] 2025/03/31 - 11:56:50 | batch update started 
[SYS] 2025/03/31 - 11:56:50 | batch update finished 
[SYS] 2025/03/31 - 11:56:55 | batch update started 
[SYS] 2025/03/31 - 11:56:55 | batch update finished 
[SYS] 2025/03/31 - 11:57:00 | 任务进度轮询开始 
[SYS] 2025/03/31 - 11:57:00 | 任务进度轮询完成 
[SYS] 2025/03/31 - 11:57:00 | batch update started 
[SYS] 2025/03/31 - 11:57:00 | batch update finished 
[SYS] 2025/03/31 - 11:57:05 | batch update started 
[SYS] 2025/03/31 - 11:57:05 | batch update finished 
[SYS] 2025/03/31 - 11:57:10 | batch update started 
[SYS] 2025/03/31 - 11:57:10 | batch update finished 
[SYS] 2025/03/31 - 11:57:15 | syncing options from database 
[SYS] 2025/03/31 - 11:57:15 | syncing channels from database 
[SYS] 2025/03/31 - 11:57:15 | channels synced from database 
[SYS] 2025/03/31 - 11:57:15 | 任务进度轮询开始 
[SYS] 2025/03/31 - 11:57:15 | 任务进度轮询完成 
[SYS] 2025/03/31 - 11:57:15 | batch update started 
[SYS] 2025/03/31 - 11:57:15 | batch update finished 
[SYS] 2025/03/31 - 11:57:20 | batch update started 
[SYS] 2025/03/31 - 11:57:20 | batch update finished 
[SYS] 2025/03/31 - 11:57:25 | batch update started 
[SYS] 2025/03/31 - 11:57:25 | batch update finished 
[SYS] 2025/03/31 - 11:57:30 | 任务进度轮询开始 
[SYS] 2025/03/31 - 11:57:30 | 任务进度轮询完成 
[SYS] 2025/03/31 - 11:57:30 | batch update started 
[SYS] 2025/03/31 - 11:57:30 | batch update finished 
[SYS] 2025/03/31 - 11:57:35 | batch update started 
[SYS] 2025/03/31 - 11:57:35 | batch update finished 
[SYS] 2025/03/31 - 11:57:40 | batch update started 
[SYS] 2025/03/31 - 11:57:40 | batch update finished 
[SYS] 2025/03/31 - 11:57:45 | 任务进度轮询开始 
[SYS] 2025/03/31 - 11:57:45 | 任务进度轮询完成 
[SYS] 2025/03/31 - 11:57:45 | batch update started 
[SYS] 2025/03/31 - 11:57:45 | batch update finished 
[SYS] 2025/03/31 - 11:57:50 | batch update started 
[SYS] 2025/03/31 - 11:57:50 | batch update finished 
[SYS] 2025/03/31 - 11:57:55 | batch update started 
[SYS] 2025/03/31 - 11:57:55 | batch update finished 
[SYS] 2025/03/31 - 11:58:00 | 任务进度轮询开始 
[SYS] 2025/03/31 - 11:58:00 | 任务进度轮询完成 
[SYS] 2025/03/31 - 11:58:00 | batch update started 
[SYS] 2025/03/31 - 11:58:00 | batch update finished 
[SYS] 2025/03/31 - 11:58:05 | batch update started 
[SYS] 2025/03/31 - 11:58:05 | batch update finished 
[SYS] 2025/03/31 - 11:58:10 | batch update started 
[SYS] 2025/03/31 - 11:58:10 | batch update finished 
[SYS] 2025/03/31 - 11:58:15 | syncing options from database 
[SYS] 2025/03/31 - 11:58:15 | syncing channels from database 
[SYS] 2025/03/31 - 11:58:15 | channels synced from database 
[SYS] 2025/03/31 - 11:58:15 | 任务进度轮询开始 
[SYS] 2025/03/31 - 11:58:15 | 任务进度轮询完成 
[SYS] 2025/03/31 - 11:58:15 | batch update started 
[SYS] 2025/03/31 - 11:58:15 | batch update finished 
[SYS] 2025/03/31 - 11:58:20 | batch update started 
[SYS] 2025/03/31 - 11:58:20 | batch update finished 
[SYS] 2025/03/31 - 11:58:25 | batch update started 
[SYS] 2025/03/31 - 11:58:25 | batch update finished 
[SYS] 2025/03/31 - 11:58:30 | 任务进度轮询开始 
[SYS] 2025/03/31 - 11:58:30 | 任务进度轮询完成 
[SYS] 2025/03/31 - 11:58:30 | batch update started 
[SYS] 2025/03/31 - 11:58:30 | batch update finished 
[SYS] 2025/03/31 - 11:58:35 | batch update started 
[SYS] 2025/03/31 - 11:58:35 | batch update finished 
[SYS] 2025/03/31 - 11:58:40 | batch update started 
[SYS] 2025/03/31 - 11:58:40 | batch update finished 
[SYS] 2025/03/31 - 11:58:45 | 任务进度轮询开始 
[SYS] 2025/03/31 - 11:58:45 | 任务进度轮询完成 
[SYS] 2025/03/31 - 11:58:45 | batch update started 
[SYS] 2025/03/31 - 11:58:45 | batch update finished 
[SYS] 2025/03/31 - 11:58:50 | batch update started 
[SYS] 2025/03/31 - 11:58:50 | batch update finished 
[SYS] 2025/03/31 - 11:58:56 | batch update started 
[SYS] 2025/03/31 - 11:58:56 | batch update finished 
[SYS] 2025/03/31 - 11:59:01 | 任务进度轮询开始 
[SYS] 2025/03/31 - 11:59:01 | 任务进度轮询完成 
[SYS] 2025/03/31 - 11:59:01 | batch update started 
[SYS] 2025/03/31 - 11:59:01 | batch update finished 
[SYS] 2025/03/31 - 11:59:06 | batch update started 
[SYS] 2025/03/31 - 11:59:06 | batch update finished 
[SYS] 2025/03/31 - 11:59:11 | batch update started 
[SYS] 2025/03/31 - 11:59:11 | batch update finished 
[SYS] 2025/03/31 - 11:59:15 | syncing options from database 
[SYS] 2025/03/31 - 11:59:15 | syncing channels from database 
[SYS] 2025/03/31 - 11:59:15 | channels synced from database 
[SYS] 2025/03/31 - 11:59:16 | 任务进度轮询开始 
[SYS] 2025/03/31 - 11:59:16 | 任务进度轮询完成 
[SYS] 2025/03/31 - 11:59:16 | batch update started 
[SYS] 2025/03/31 - 11:59:16 | batch update finished 
[SYS] 2025/03/31 - 11:59:21 | batch update started 
[SYS] 2025/03/31 - 11:59:21 | batch update finished 
[SYS] 2025/03/31 - 11:59:26 | batch update started 
[SYS] 2025/03/31 - 11:59:26 | batch update finished 
[SYS] 2025/03/31 - 11:59:31 | 任务进度轮询开始 
[SYS] 2025/03/31 - 11:59:31 | 任务进度轮询完成 
[SYS] 2025/03/31 - 11:59:31 | batch update started 
[SYS] 2025/03/31 - 11:59:31 | batch update finished 
[SYS] 2025/03/31 - 11:59:36 | batch update started 
[SYS] 2025/03/31 - 11:59:36 | batch update finished 
[GIN] 2025/03/31 - 11:59:40 | 20250331115940149420629vC9Yqej8 | 307 |     512.262µs |             ::1 |     GET /auth/google/login
[SYS] 2025/03/31 - 11:59:41 | batch update started 
[SYS] 2025/03/31 - 11:59:41 | batch update finished 
[GIN] 2025/03/31 - 11:59:42 | 20250331115940671212108osW3svbk | 303 |  1.473056158s |             ::1 |     GET /auth/google/callback?state=random_state&code=4%2F0AQSTgQHkO8lAoKmqMJYNW8lc4cQyHmTVAkYmYfme_NAjvx3FslgvYIIvamr18u3OoFuezg&scope=email+profile+https%3A%2F%2Fwww.googleapis.com%2Fauth%2Fuserinfo.email+https%3A%2F%2Fwww.googleapis.com%2Fauth%2Fuserinfo.profile+openid&authuser=0&prompt=none
[GIN] 2025/03/31 - 11:59:42 | 20250331115942159149640xZu9mFXE | 200 |    3.291174ms |             ::1 |     GET /?token=eyJhbGciOiJIUzI1NiIsInR5cCI6IkpXVCJ9.eyJlbWFpbCI6Imtpbmdzb2JlY0BnbWFpbC5jb20iLCJleHAiOjE3NDM1MDUxODJ9.FJeNr7ZzYvhtQS1MQu5dk3ctd88k5BOjmYXJxehQQso
[GIN] 2025/03/31 - 11:59:44 | 202503311159447682205291UZllagX | 200 |    2.321083ms |             ::1 |     GET /api/status
[GIN] 2025/03/31 - 11:59:44 | 202503311159449918691659FWLpCCo | 200 |    3.666608ms |             ::1 |     GET /api/notice
[GIN] 2025/03/31 - 11:59:44 | 20250331115944996433813On8KYjUA | 200 |      850.42µs |             ::1 |     GET /api/home_page_content
[GIN] 2025/03/31 - 11:59:45 | 2025033111594550304189Zv5d1uQ7 | 200 |    6.677596ms |             ::1 |     GET /api/notice
[GIN] 2025/03/31 - 11:59:45 | 20250331115945575108075AbZBue5 | 200 |    1.211824ms |             ::1 |     GET /api/home_page_content
[SYS] 2025/03/31 - 11:59:46 | 任务进度轮询开始 
[SYS] 2025/03/31 - 11:59:46 | 任务进度轮询完成 
[SYS] 2025/03/31 - 11:59:46 | batch update started 
[SYS] 2025/03/31 - 11:59:46 | batch update finished 
[SYS] 2025/03/31 - 11:59:51 | batch update started 
[SYS] 2025/03/31 - 11:59:51 | batch update finished 
[SYS] 2025/03/31 - 11:59:56 | batch update started 
[SYS] 2025/03/31 - 11:59:56 | batch update finished 
[SYS] 2025/03/31 - 12:00:01 | 任务进度轮询开始 
[SYS] 2025/03/31 - 12:00:01 | 任务进度轮询完成 
[SYS] 2025/03/31 - 12:00:01 | batch update started 
[SYS] 2025/03/31 - 12:00:01 | batch update finished 
[SYS] 2025/03/31 - 12:00:06 | batch update started 
[SYS] 2025/03/31 - 12:00:06 | batch update finished 
[SYS] 2025/03/31 - 12:00:11 | batch update started 
[SYS] 2025/03/31 - 12:00:11 | batch update finished 
[SYS] 2025/03/31 - 12:00:16 | syncing options from database 
[SYS] 2025/03/31 - 12:00:16 | syncing channels from database 
[SYS] 2025/03/31 - 12:00:16 | channels synced from database 
[SYS] 2025/03/31 - 12:00:16 | 任务进度轮询开始 
[SYS] 2025/03/31 - 12:00:16 | 任务进度轮询完成 
[SYS] 2025/03/31 - 12:00:16 | batch update started 
[SYS] 2025/03/31 - 12:00:16 | batch update finished 
[SYS] 2025/03/31 - 12:00:21 | batch update started 
[SYS] 2025/03/31 - 12:00:21 | batch update finished 
