[SYS] 2025/04/03 - 10:54:26 | New API v0.0.0 started 
[SYS] 2025/04/03 - 10:54:26 | using MySQL as database 
[SYS] 2025/04/03 - 10:54:26 | database migration started 
[SYS] 2025/04/03 - 10:54:27 | database migrated 
[SYS] 2025/04/03 - 10:54:27 | no user exists, create a root user for you: username is root, password is 123456 
[SYS] 2025/04/03 - 10:54:27 | using MySQL as database 
[SYS] 2025/04/03 - 10:54:27 | database migration started 
[SYS] 2025/04/03 - 10:54:27 | Redis is enabled 
[SYS] 2025/04/03 - 10:54:27 | memory cache enabled 
[SYS] 2025/04/03 - 10:54:27 | sync frequency: 60 seconds 
[SYS] 2025/04/03 - 10:54:27 | channels synced from database 
[SYS] 2025/04/03 - 10:54:27 | batch update enabled with interval 5s 
[SYS] 2025/04/03 - 10:54:27 | pprof enabled 
[SYS] 2025/04/03 - 10:54:27 | 正在更新数据看板数据... 
[SYS] 2025/04/03 - 10:54:27 | 保存数据看板数据成功，共保存0条数据 
[SYS] 2025/04/03 - 10:54:27 | initializing token encoders 
[SYS] 2025/04/03 - 10:54:27 | token encoders initialized 
[SYS] 2025/04/03 - 10:54:27 | FRONTEND_BASE_URL is ignored on master node 
[SYS] 2025/04/03 - 10:54:32 | batch update started 
[SYS] 2025/04/03 - 10:54:32 | batch update finished 
[SYS] 2025/04/03 - 10:54:37 | batch update started 
[SYS] 2025/04/03 - 10:54:37 | batch update finished 
[SYS] 2025/04/03 - 10:54:42 | 任务进度轮询开始 
[SYS] 2025/04/03 - 10:54:42 | 任务进度轮询完成 
[SYS] 2025/04/03 - 10:54:42 | batch update started 
[SYS] 2025/04/03 - 10:54:42 | batch update finished 
[SYS] 2025/04/03 - 10:54:47 | batch update started 
[SYS] 2025/04/03 - 10:54:47 | batch update finished 
[GIN] 2025/04/03 - 10:54:55 | 20250403105455580766370gS13fK2B | 200 |    5.918258ms |             ::1 |     GET /assets/index-9rt8ImqO.js
[SYS] 2025/04/03 - 10:54:55 | batch update started 
[SYS] 2025/04/03 - 10:54:55 | batch update finished 
[GIN] 2025/04/03 - 10:54:55 | 20250403105455757895346NJDAoiX4 | 200 |     673.033µs |             ::1 |     GET /api/notice
[GIN] 2025/04/03 - 10:54:55 | 20250403105455863167838iRNK8O40 | 200 |    7.677416ms |             ::1 |     GET /api/home_page_content
[GIN] 2025/04/03 - 10:54:55 | 202504031054559957964065b8DsPEr | 200 |     715.854µs |             ::1 |     GET /api/notice
[GIN] 2025/04/03 - 10:54:56 | 20250403105455999774650sRY2N9bM | 200 |     737.538µs |             ::1 |     GET /api/home_page_content
[GIN] 2025/04/03 - 10:54:56 | 20250403105456833224301oVb0qdjW | 200 |     931.877µs |             ::1 |     GET /
[GIN] 2025/04/03 - 10:55:00 | 20250403105500106798850CpoOmJFj | 200 |    1.288665ms |             ::1 |     GET /api/status
[GIN] 2025/04/03 - 10:55:00 | 20250403105500537618954qJHp1ZY4 | 200 |     838.125µs |             ::1 |     GET /api/notice
[GIN] 2025/04/03 - 10:55:00 | 202504031055005395812890SBmwyip | 200 |   73.109797ms |             ::1 |     GET /api/home_page_content
[SYS] 2025/04/03 - 10:55:00 | 任务进度轮询开始 
[SYS] 2025/04/03 - 10:55:00 | 任务进度轮询完成 
[SYS] 2025/04/03 - 10:55:00 | batch update started 
[SYS] 2025/04/03 - 10:55:00 | batch update finished 
[GIN] 2025/04/03 - 10:55:00 | 20250403105500746353211egXN6Ncm | 200 |     829.014µs |             ::1 |     GET /api/notice
[GIN] 2025/04/03 - 10:55:00 | 20250403105500751887347NfZMZbd8 | 200 |   34.526918ms |             ::1 |     GET /api/home_page_content
[GIN] 2025/04/03 - 10:55:03 | 202504031055031115578188x19hAau | 200 |     1.21581ms |             ::1 |     GET /api/user/logout
[SYS] 2025/04/03 - 10:55:05 | batch update started 
[SYS] 2025/04/03 - 10:55:05 | batch update finished 
[SYS] 2025/04/03 - 10:55:10 | batch update started 
[SYS] 2025/04/03 - 10:55:10 | batch update finished 
[GIN] 2025/04/03 - 10:55:12 | 20250403105512713656071GCBypmXy | 307 |    15.46371ms |             ::1 |     GET /api/auth/google/login
[SYS] 2025/04/03 - 10:55:15 | 任务进度轮询开始 
[SYS] 2025/04/03 - 10:55:15 | 任务进度轮询完成 
[SYS] 2025/04/03 - 10:55:15 | batch update started 
[SYS] 2025/04/03 - 10:55:15 | batch update finished 
[GIN] 2025/04/03 - 10:55:18 | 20250403105517255819451EvMGpcLc | 303 |  1.646031519s |             ::1 |     GET /auth/google/callback?state=random_state&code=4%2F0Ab_5qll7ExKyqGrH9LmeZzzXHtRjVvzsIVxHHFVkZIntwuFEuBf6uDhRyAOzkt44mfPqvg&scope=email+profile+openid+https%3A%2F%2Fwww.googleapis.com%2Fauth%2Fuserinfo.email+https%3A%2F%2Fwww.googleapis.com%2Fauth%2Fuserinfo.profile&authuser=0&prompt=none
[GIN] 2025/04/03 - 10:55:18 | 20250403105518922341000ifOtbJdl | 200 |     4.91391ms |             ::1 |     GET /login?token=eyJhbGciOiJIUzI1NiIsInR5cCI6IkpXVCJ9.eyJlbWFpbCI6Imtpbmdzb2JlY0BnbWFpbC5jb20iLCJleHAiOjE3NDYyNjYxMTgsImlkIjo4LCJybmQiOjE3NDM2NzQxMTg5MDE3NzAyNDB9.IyqDcT-SmLDxzdTeBNEY4qUmdSVGaMa7rrLLUNzB4uk
[SYS] 2025/04/03 - 10:55:20 | batch update started 
[SYS] 2025/04/03 - 10:55:20 | batch update finished 
[GIN] 2025/04/03 - 10:55:21 | 20250403105521147518190KdHg48sJ | 200 |      890.64µs |             ::1 |     GET /api/status
[GIN] 2025/04/03 - 10:55:21 | 20250403105521134784900xYHOUGfD | 401 |     48.0915ms |             ::1 |     GET /api/user/self
[SYS] 2025/04/03 - 10:55:28 | batch update started 
[SYS] 2025/04/03 - 10:55:28 | batch update finished 
[SYS] 2025/04/03 - 10:55:33 | syncing options from database 
[SYS] 2025/04/03 - 10:55:33 | syncing channels from database 
[SYS] 2025/04/03 - 10:55:33 | 任务进度轮询开始 
[SYS] 2025/04/03 - 10:55:33 | channels synced from database 
[SYS] 2025/04/03 - 10:55:33 | 任务进度轮询完成 
[SYS] 2025/04/03 - 10:55:33 | batch update started 
[SYS] 2025/04/03 - 10:55:33 | batch update finished 
[SYS] 2025/04/03 - 10:55:38 | batch update started 
[SYS] 2025/04/03 - 10:55:38 | batch update finished 
[SYS] 2025/04/03 - 10:55:43 | batch update started 
[SYS] 2025/04/03 - 10:55:43 | batch update finished 
[SYS] 2025/04/03 - 10:55:48 | 任务进度轮询开始 
[SYS] 2025/04/03 - 10:55:48 | 任务进度轮询完成 
[SYS] 2025/04/03 - 10:55:48 | batch update started 
[SYS] 2025/04/03 - 10:55:48 | batch update finished 
[SYS] 2025/04/03 - 10:55:53 | batch update started 
[SYS] 2025/04/03 - 10:55:53 | batch update finished 
[SYS] 2025/04/03 - 10:56:02 | batch update started 
[SYS] 2025/04/03 - 10:56:02 | batch update finished 
[SYS] 2025/04/03 - 10:56:07 | 任务进度轮询开始 
[SYS] 2025/04/03 - 10:56:07 | 任务进度轮询完成 
[SYS] 2025/04/03 - 10:56:07 | batch update started 
[SYS] 2025/04/03 - 10:56:07 | batch update finished 
[SYS] 2025/04/03 - 10:56:12 | batch update started 
[SYS] 2025/04/03 - 10:56:12 | batch update finished 
[SYS] 2025/04/03 - 10:56:17 | batch update started 
[SYS] 2025/04/03 - 10:56:17 | batch update finished 
[SYS] 2025/04/03 - 10:56:22 | 任务进度轮询开始 
[SYS] 2025/04/03 - 10:56:22 | 任务进度轮询完成 
[SYS] 2025/04/03 - 10:56:22 | batch update started 
[SYS] 2025/04/03 - 10:56:22 | batch update finished 
[SYS] 2025/04/03 - 10:56:27 | batch update started 
[SYS] 2025/04/03 - 10:56:27 | batch update finished 
[SYS] 2025/04/03 - 10:56:35 | batch update started 
[SYS] 2025/04/03 - 10:56:35 | batch update finished 
[SYS] 2025/04/03 - 10:56:40 | syncing options from database 
[SYS] 2025/04/03 - 10:56:40 | syncing channels from database 
[SYS] 2025/04/03 - 10:56:40 | 任务进度轮询开始 
[SYS] 2025/04/03 - 10:56:40 | channels synced from database 
[SYS] 2025/04/03 - 10:56:40 | 任务进度轮询完成 
[SYS] 2025/04/03 - 10:56:40 | batch update started 
[SYS] 2025/04/03 - 10:56:40 | batch update finished 
[SYS] 2025/04/03 - 10:56:45 | batch update started 
[SYS] 2025/04/03 - 10:56:45 | batch update finished 
[SYS] 2025/04/03 - 10:56:50 | batch update started 
[SYS] 2025/04/03 - 10:56:50 | batch update finished 
[SYS] 2025/04/03 - 10:56:55 | 任务进度轮询开始 
[SYS] 2025/04/03 - 10:56:55 | 任务进度轮询完成 
[SYS] 2025/04/03 - 10:56:55 | batch update started 
[SYS] 2025/04/03 - 10:56:55 | batch update finished 
[SYS] 2025/04/03 - 10:57:00 | batch update started 
[SYS] 2025/04/03 - 10:57:00 | batch update finished 
[SYS] 2025/04/03 - 10:57:08 | batch update started 
[SYS] 2025/04/03 - 10:57:08 | batch update finished 
[SYS] 2025/04/03 - 10:57:13 | 任务进度轮询开始 
[SYS] 2025/04/03 - 10:57:13 | 任务进度轮询完成 
[SYS] 2025/04/03 - 10:57:13 | batch update started 
[SYS] 2025/04/03 - 10:57:13 | batch update finished 
[SYS] 2025/04/03 - 10:57:18 | batch update started 
[SYS] 2025/04/03 - 10:57:18 | batch update finished 
[SYS] 2025/04/03 - 10:57:23 | batch update started 
[SYS] 2025/04/03 - 10:57:23 | batch update finished 
[SYS] 2025/04/03 - 10:57:28 | 任务进度轮询开始 
[SYS] 2025/04/03 - 10:57:28 | 任务进度轮询完成 
[SYS] 2025/04/03 - 10:57:28 | batch update started 
[SYS] 2025/04/03 - 10:57:28 | batch update finished 
[SYS] 2025/04/03 - 10:57:33 | batch update started 
[SYS] 2025/04/03 - 10:57:33 | batch update finished 
[SYS] 2025/04/03 - 10:57:41 | batch update started 
[SYS] 2025/04/03 - 10:57:41 | batch update finished 
[SYS] 2025/04/03 - 10:57:46 | syncing options from database 
[SYS] 2025/04/03 - 10:57:46 | syncing channels from database 
[SYS] 2025/04/03 - 10:57:46 | channels synced from database 
[SYS] 2025/04/03 - 10:57:46 | 任务进度轮询开始 
[SYS] 2025/04/03 - 10:57:46 | 任务进度轮询完成 
[SYS] 2025/04/03 - 10:57:46 | batch update started 
[SYS] 2025/04/03 - 10:57:46 | batch update finished 
[SYS] 2025/04/03 - 10:57:51 | batch update started 
[SYS] 2025/04/03 - 10:57:51 | batch update finished 
[SYS] 2025/04/03 - 10:57:56 | batch update started 
[SYS] 2025/04/03 - 10:57:56 | batch update finished 
[SYS] 2025/04/03 - 10:58:01 | 任务进度轮询开始 
[SYS] 2025/04/03 - 10:58:01 | 任务进度轮询完成 
[SYS] 2025/04/03 - 10:58:01 | batch update started 
[SYS] 2025/04/03 - 10:58:01 | batch update finished 
[SYS] 2025/04/03 - 10:58:06 | batch update started 
[SYS] 2025/04/03 - 10:58:06 | batch update finished 
[SYS] 2025/04/03 - 10:58:14 | batch update started 
[SYS] 2025/04/03 - 10:58:14 | batch update finished 
[SYS] 2025/04/03 - 10:58:19 | 任务进度轮询开始 
[SYS] 2025/04/03 - 10:58:19 | 任务进度轮询完成 
[SYS] 2025/04/03 - 10:58:19 | batch update started 
[SYS] 2025/04/03 - 10:58:19 | batch update finished 
[SYS] 2025/04/03 - 10:58:24 | batch update started 
[SYS] 2025/04/03 - 10:58:24 | batch update finished 
[SYS] 2025/04/03 - 10:58:29 | batch update started 
[SYS] 2025/04/03 - 10:58:29 | batch update finished 
[SYS] 2025/04/03 - 10:58:34 | 任务进度轮询开始 
[SYS] 2025/04/03 - 10:58:34 | 任务进度轮询完成 
[SYS] 2025/04/03 - 10:58:34 | batch update started 
[SYS] 2025/04/03 - 10:58:34 | batch update finished 
[SYS] 2025/04/03 - 10:58:39 | batch update started 
[SYS] 2025/04/03 - 10:58:39 | batch update finished 
[SYS] 2025/04/03 - 10:58:48 | batch update started 
[SYS] 2025/04/03 - 10:58:48 | batch update finished 
[SYS] 2025/04/03 - 10:58:52 | syncing options from database 
[SYS] 2025/04/03 - 10:58:52 | syncing channels from database 
[SYS] 2025/04/03 - 10:58:52 | channels synced from database 
[SYS] 2025/04/03 - 10:58:52 | 任务进度轮询开始 
[SYS] 2025/04/03 - 10:58:52 | 任务进度轮询完成 
[SYS] 2025/04/03 - 10:58:53 | batch update started 
[SYS] 2025/04/03 - 10:58:53 | batch update finished 
[SYS] 2025/04/03 - 10:58:58 | batch update started 
[SYS] 2025/04/03 - 10:58:58 | batch update finished 
[SYS] 2025/04/03 - 10:59:03 | batch update started 
[SYS] 2025/04/03 - 10:59:03 | batch update finished 
[SYS] 2025/04/03 - 10:59:07 | 任务进度轮询开始 
[SYS] 2025/04/03 - 10:59:07 | 任务进度轮询完成 
[SYS] 2025/04/03 - 10:59:08 | batch update started 
[SYS] 2025/04/03 - 10:59:08 | batch update finished 
[SYS] 2025/04/03 - 10:59:13 | batch update started 
[SYS] 2025/04/03 - 10:59:13 | batch update finished 
[SYS] 2025/04/03 - 10:59:21 | batch update started 
[SYS] 2025/04/03 - 10:59:21 | batch update finished 
[SYS] 2025/04/03 - 10:59:26 | 任务进度轮询开始 
[SYS] 2025/04/03 - 10:59:26 | 任务进度轮询完成 
[SYS] 2025/04/03 - 10:59:26 | batch update started 
[SYS] 2025/04/03 - 10:59:26 | batch update finished 
[SYS] 2025/04/03 - 10:59:31 | batch update started 
[SYS] 2025/04/03 - 10:59:31 | batch update finished 
[SYS] 2025/04/03 - 10:59:36 | batch update started 
[SYS] 2025/04/03 - 10:59:36 | batch update finished 
[SYS] 2025/04/03 - 10:59:41 | 任务进度轮询开始 
[SYS] 2025/04/03 - 10:59:41 | 任务进度轮询完成 
[SYS] 2025/04/03 - 10:59:41 | batch update started 
[SYS] 2025/04/03 - 10:59:41 | batch update finished 
[SYS] 2025/04/03 - 10:59:46 | batch update started 
[SYS] 2025/04/03 - 10:59:46 | batch update finished 
[SYS] 2025/04/03 - 10:59:54 | batch update started 
[SYS] 2025/04/03 - 10:59:54 | batch update finished 
[SYS] 2025/04/03 - 10:59:59 | 正在更新数据看板数据... 
[SYS] 2025/04/03 - 10:59:59 | 保存数据看板数据成功，共保存0条数据 
[SYS] 2025/04/03 - 10:59:59 | syncing options from database 
[SYS] 2025/04/03 - 10:59:59 | syncing channels from database 
[SYS] 2025/04/03 - 10:59:59 | channels synced from database 
[SYS] 2025/04/03 - 10:59:59 | 任务进度轮询开始 
[SYS] 2025/04/03 - 10:59:59 | 任务进度轮询完成 
[SYS] 2025/04/03 - 10:59:59 | batch update started 
[SYS] 2025/04/03 - 10:59:59 | batch update finished 
[SYS] 2025/04/03 - 11:00:04 | batch update started 
[SYS] 2025/04/03 - 11:00:04 | batch update finished 
[SYS] 2025/04/03 - 11:00:09 | batch update started 
[SYS] 2025/04/03 - 11:00:09 | batch update finished 
[SYS] 2025/04/03 - 11:00:14 | 任务进度轮询开始 
[SYS] 2025/04/03 - 11:00:14 | 任务进度轮询完成 
[SYS] 2025/04/03 - 11:00:14 | batch update started 
[SYS] 2025/04/03 - 11:00:14 | batch update finished 
[SYS] 2025/04/03 - 11:00:19 | batch update started 
[SYS] 2025/04/03 - 11:00:19 | batch update finished 
[SYS] 2025/04/03 - 11:00:27 | batch update started 
[SYS] 2025/04/03 - 11:00:27 | batch update finished 
[SYS] 2025/04/03 - 11:00:32 | 任务进度轮询开始 
[SYS] 2025/04/03 - 11:00:32 | 任务进度轮询完成 
[SYS] 2025/04/03 - 11:00:32 | batch update started 
[SYS] 2025/04/03 - 11:00:32 | batch update finished 
[SYS] 2025/04/03 - 11:00:37 | batch update started 
[SYS] 2025/04/03 - 11:00:37 | batch update finished 
[SYS] 2025/04/03 - 11:00:42 | batch update started 
[SYS] 2025/04/03 - 11:00:42 | batch update finished 
[SYS] 2025/04/03 - 11:00:47 | 任务进度轮询开始 
[SYS] 2025/04/03 - 11:00:47 | 任务进度轮询完成 
[SYS] 2025/04/03 - 11:00:47 | batch update started 
[SYS] 2025/04/03 - 11:00:47 | batch update finished 
[SYS] 2025/04/03 - 11:00:52 | batch update started 
[SYS] 2025/04/03 - 11:00:52 | batch update finished 
[SYS] 2025/04/03 - 11:01:00 | batch update started 
[SYS] 2025/04/03 - 11:01:00 | batch update finished 
[SYS] 2025/04/03 - 11:01:05 | syncing options from database 
[SYS] 2025/04/03 - 11:01:05 | syncing channels from database 
[SYS] 2025/04/03 - 11:01:05 | channels synced from database 
[SYS] 2025/04/03 - 11:01:05 | 任务进度轮询开始 
[SYS] 2025/04/03 - 11:01:05 | 任务进度轮询完成 
[SYS] 2025/04/03 - 11:01:05 | batch update started 
[SYS] 2025/04/03 - 11:01:05 | batch update finished 
[SYS] 2025/04/03 - 11:01:10 | batch update started 
[SYS] 2025/04/03 - 11:01:10 | batch update finished 
[SYS] 2025/04/03 - 11:01:15 | batch update started 
[SYS] 2025/04/03 - 11:01:15 | batch update finished 
[SYS] 2025/04/03 - 11:01:20 | 任务进度轮询开始 
[SYS] 2025/04/03 - 11:01:20 | 任务进度轮询完成 
[SYS] 2025/04/03 - 11:01:20 | batch update started 
[SYS] 2025/04/03 - 11:01:20 | batch update finished 
[SYS] 2025/04/03 - 11:01:25 | batch update started 
[SYS] 2025/04/03 - 11:01:25 | batch update finished 
[SYS] 2025/04/03 - 11:01:33 | batch update started 
[SYS] 2025/04/03 - 11:01:33 | batch update finished 
[SYS] 2025/04/03 - 11:01:38 | 任务进度轮询开始 
[SYS] 2025/04/03 - 11:01:38 | 任务进度轮询完成 
[SYS] 2025/04/03 - 11:01:38 | batch update started 
[SYS] 2025/04/03 - 11:01:38 | batch update finished 
[SYS] 2025/04/03 - 11:01:43 | batch update started 
[SYS] 2025/04/03 - 11:01:43 | batch update finished 
[SYS] 2025/04/03 - 11:01:48 | batch update started 
[SYS] 2025/04/03 - 11:01:48 | batch update finished 
[SYS] 2025/04/03 - 11:01:53 | 任务进度轮询开始 
[SYS] 2025/04/03 - 11:01:53 | 任务进度轮询完成 
[SYS] 2025/04/03 - 11:01:53 | batch update started 
[SYS] 2025/04/03 - 11:01:53 | batch update finished 
[SYS] 2025/04/03 - 11:01:58 | batch update started 
[SYS] 2025/04/03 - 11:01:58 | batch update finished 
[SYS] 2025/04/03 - 11:02:07 | batch update started 
[SYS] 2025/04/03 - 11:02:07 | batch update finished 
[SYS] 2025/04/03 - 11:02:11 | syncing options from database 
[SYS] 2025/04/03 - 11:02:11 | syncing channels from database 
[SYS] 2025/04/03 - 11:02:11 | channels synced from database 
[SYS] 2025/04/03 - 11:02:12 | 任务进度轮询开始 
[SYS] 2025/04/03 - 11:02:12 | 任务进度轮询完成 
[SYS] 2025/04/03 - 11:02:12 | batch update started 
[SYS] 2025/04/03 - 11:02:12 | batch update finished 
[SYS] 2025/04/03 - 11:02:17 | batch update started 
[SYS] 2025/04/03 - 11:02:17 | batch update finished 
[SYS] 2025/04/03 - 11:02:22 | batch update started 
[SYS] 2025/04/03 - 11:02:22 | batch update finished 
[SYS] 2025/04/03 - 11:02:27 | 任务进度轮询开始 
[SYS] 2025/04/03 - 11:02:27 | 任务进度轮询完成 
[SYS] 2025/04/03 - 11:02:27 | batch update started 
[SYS] 2025/04/03 - 11:02:27 | batch update finished 
[SYS] 2025/04/03 - 11:02:32 | batch update started 
[SYS] 2025/04/03 - 11:02:32 | batch update finished 
[SYS] 2025/04/03 - 11:02:40 | batch update started 
[SYS] 2025/04/03 - 11:02:40 | batch update finished 
[SYS] 2025/04/03 - 11:02:45 | 任务进度轮询开始 
[SYS] 2025/04/03 - 11:02:45 | 任务进度轮询完成 
[SYS] 2025/04/03 - 11:02:45 | batch update started 
[SYS] 2025/04/03 - 11:02:45 | batch update finished 
[SYS] 2025/04/03 - 11:02:50 | batch update started 
[SYS] 2025/04/03 - 11:02:50 | batch update finished 
[SYS] 2025/04/03 - 11:02:55 | batch update started 
[SYS] 2025/04/03 - 11:02:55 | batch update finished 
[SYS] 2025/04/03 - 11:03:00 | 任务进度轮询开始 
[SYS] 2025/04/03 - 11:03:00 | 任务进度轮询完成 
[SYS] 2025/04/03 - 11:03:00 | batch update started 
[SYS] 2025/04/03 - 11:03:00 | batch update finished 
[SYS] 2025/04/03 - 11:03:05 | batch update started 
[SYS] 2025/04/03 - 11:03:05 | batch update finished 
[SYS] 2025/04/03 - 11:03:13 | batch update started 
[SYS] 2025/04/03 - 11:03:13 | batch update finished 
[SYS] 2025/04/03 - 11:03:18 | syncing options from database 
[SYS] 2025/04/03 - 11:03:18 | syncing channels from database 
[SYS] 2025/04/03 - 11:03:18 | channels synced from database 
[SYS] 2025/04/03 - 11:03:18 | 任务进度轮询开始 
[SYS] 2025/04/03 - 11:03:18 | batch update started 
[SYS] 2025/04/03 - 11:03:18 | batch update finished 
[SYS] 2025/04/03 - 11:03:18 | 任务进度轮询完成 
[SYS] 2025/04/03 - 11:03:23 | batch update started 
[SYS] 2025/04/03 - 11:03:23 | batch update finished 
[SYS] 2025/04/03 - 11:03:28 | batch update started 
[SYS] 2025/04/03 - 11:03:28 | batch update finished 
[SYS] 2025/04/03 - 11:03:33 | batch update started 
[SYS] 2025/04/03 - 11:03:33 | batch update finished 
[SYS] 2025/04/03 - 11:03:33 | 任务进度轮询开始 
[SYS] 2025/04/03 - 11:03:33 | 任务进度轮询完成 
[SYS] 2025/04/03 - 11:03:38 | batch update started 
[SYS] 2025/04/03 - 11:03:38 | batch update finished 
[SYS] 2025/04/03 - 11:03:46 | batch update started 
[SYS] 2025/04/03 - 11:03:46 | batch update finished 
[SYS] 2025/04/03 - 11:03:51 | batch update started 
[SYS] 2025/04/03 - 11:03:51 | batch update finished 
[SYS] 2025/04/03 - 11:03:51 | 任务进度轮询开始 
[SYS] 2025/04/03 - 11:03:51 | 任务进度轮询完成 
[SYS] 2025/04/03 - 11:03:56 | batch update started 
[SYS] 2025/04/03 - 11:03:56 | batch update finished 
[SYS] 2025/04/03 - 11:04:01 | batch update started 
[SYS] 2025/04/03 - 11:04:01 | batch update finished 
