[SYS] 2025/04/15 - 15:41:03 | New API v0.0.0 started 
[SYS] 2025/04/15 - 15:41:03 | using MySQL as database 
[SYS] 2025/04/15 - 15:41:04 | database migration started 
[SYS] 2025/04/15 - 15:41:05 | database migrated 
[SYS] 2025/04/15 - 15:41:05 | using MySQL as database 
[SYS] 2025/04/15 - 15:41:05 | database migration started 
[SYS] 2025/04/15 - 15:41:05 | Redis is enabled 
[SYS] 2025/04/15 - 15:41:05 | memory cache enabled 
[SYS] 2025/04/15 - 15:41:05 | sync frequency: 60 seconds 
[SYS] 2025/04/15 - 15:41:05 | channels synced from database 
[SYS] 2025/04/15 - 15:41:05 | batch update enabled with interval 5s 
[SYS] 2025/04/15 - 15:41:05 | pprof enabled 
[SYS] 2025/04/15 - 15:41:05 | initializing token encoders 
[SYS] 2025/04/15 - 15:41:05 | 正在更新数据看板数据... 
[SYS] 2025/04/15 - 15:41:05 | 保存数据看板数据成功，共保存0条数据 
[SYS] 2025/04/15 - 15:41:07 | token encoders initialized 
[SYS] 2025/04/15 - 15:41:07 | FRONTEND_BASE_URL is ignored on master node 
[SYS] 2025/04/15 - 15:41:08 | batch update started 
[SYS] 2025/04/15 - 15:41:08 | batch update finished 
[GIN] 2025/04/15 - 15:41:09 | 20250415154109761626549DN29Fb3J | 200 |    20.30671ms |             ::1 |     GET /
[GIN] 2025/04/15 - 15:41:13 | 20250415154113146191769UFlPld8S | 200 |    3.442104ms |             ::1 |     GET /assets/index-Cm2u16AV.js
[GIN] 2025/04/15 - 15:41:13 | 20250415154113233852081qv1wU8hM | 200 |   35.854487ms |             ::1 |     GET /api/status
[SYS] 2025/04/15 - 15:41:13 | batch update started 
[SYS] 2025/04/15 - 15:41:13 | batch update finished 
[SYS] 2025/04/15 - 15:41:18 | 任务进度轮询开始 
[SYS] 2025/04/15 - 15:41:18 | batch update started 
[SYS] 2025/04/15 - 15:41:18 | batch update finished 
[SYS] 2025/04/15 - 15:41:21 | 任务进度轮询完成 
[GIN] 2025/04/15 - 15:41:21 | 20250415154121212008798b8wQhAeI | 200 |  602.986132ms |             ::1 |     GET /api/user/logout
[SYS] 2025/04/15 - 15:41:23 | batch update started 
[SYS] 2025/04/15 - 15:41:23 | batch update finished 
[SYS] 2025/04/15 - 15:41:28 | batch update started 
[SYS] 2025/04/15 - 15:41:28 | batch update finished 
[GIN] 2025/04/15 - 15:41:29 | 20250415154129238293644Q3VVMPmR | 200 |  239.413715ms |             ::1 |    POST /api/user/login?turnstile=
[GIN] 2025/04/15 - 15:41:29 | 20250415154129702648067RUnRZYFU | 200 |  168.257402ms |             ::1 |     GET /api/user/self/groups
[GIN] 2025/04/15 - 15:41:29 | 20250415154129695049240RnSwD9OH | 200 |  208.239072ms |             ::1 |     GET /api/user/models
[GIN] 2025/04/15 - 15:41:30 | 20250415154129989116639Kzn7bOx9 | 200 |   17.726784ms |             ::1 |     GET /api/token/?p=0&size=10
[SYS] 2025/04/15 - 15:41:33 | batch update started 
[SYS] 2025/04/15 - 15:41:33 | batch update finished 
[SYS] 2025/04/15 - 15:41:36 | 任务进度轮询开始 
[SYS] 2025/04/15 - 15:41:36 | 任务进度轮询完成 
[GIN] 2025/04/15 - 15:41:38 | 202504151541382856163062Asu0SRI | 200 |    4.568559ms |             ::1 |     GET /setting?tab=system
[SYS] 2025/04/15 - 15:41:38 | batch update started 
[SYS] 2025/04/15 - 15:41:38 | batch update finished 
[GIN] 2025/04/15 - 15:41:39 | 20250415154139101107329w0Qymul2 | 200 |   16.222596ms |             ::1 |     GET /api/status
[GIN] 2025/04/15 - 15:41:39 | 20250415154139546804015vJZ2D6vf | 200 |     3.43422ms |             ::1 |     GET /api/option/
[SYS] 2025/04/15 - 15:41:42 | batch update started 
[SYS] 2025/04/15 - 15:41:42 | batch update finished 
[SYS] 2025/04/15 - 15:41:47 | batch update started 
[SYS] 2025/04/15 - 15:41:47 | batch update finished 
[SYS] 2025/04/15 - 15:41:49 | 任务进度轮询开始 
[SYS] 2025/04/15 - 15:41:49 | 任务进度轮询完成 
[SYS] 2025/04/15 - 15:41:52 | batch update started 
[SYS] 2025/04/15 - 15:41:52 | batch update finished 
[SYS] 2025/04/15 - 15:41:57 | batch update started 
[SYS] 2025/04/15 - 15:41:57 | batch update finished 
[SYS] 2025/04/15 - 15:42:02 | syncing channels from database 
[SYS] 2025/04/15 - 15:42:02 | syncing options from database 
[SYS] 2025/04/15 - 15:42:02 | channels synced from database 
[SYS] 2025/04/15 - 15:42:02 | batch update started 
[SYS] 2025/04/15 - 15:42:02 | batch update finished 
[SYS] 2025/04/15 - 15:42:04 | 任务进度轮询开始 
[SYS] 2025/04/15 - 15:42:04 | 任务进度轮询完成 
[GIN] 2025/04/15 - 15:42:07 | 20250415154207234822993ScEzbHHc | 200 |  123.196513ms |             ::1 |     PUT /api/option/
[SYS] 2025/04/15 - 15:42:07 | batch update started 
[SYS] 2025/04/15 - 15:42:07 | batch update finished 
[GIN] 2025/04/15 - 15:42:07 | 20250415154207372283529f4mmYY49 | 200 |  253.873187ms |             ::1 |     PUT /api/option/
[SYS] 2025/04/15 - 15:42:10 | batch update started 
[SYS] 2025/04/15 - 15:42:10 | batch update finished 
[SYS] 2025/04/15 - 15:42:15 | batch update started 
[SYS] 2025/04/15 - 15:42:15 | batch update finished 
[SYS] 2025/04/15 - 15:42:18 | 任务进度轮询开始 
[SYS] 2025/04/15 - 15:42:18 | 任务进度轮询完成 
[SYS] 2025/04/15 - 15:42:20 | batch update started 
[SYS] 2025/04/15 - 15:42:20 | batch update finished 
[SYS] 2025/04/15 - 15:42:25 | batch update started 
[SYS] 2025/04/15 - 15:42:25 | batch update finished 
[SYS] 2025/04/15 - 15:42:30 | batch update started 
[SYS] 2025/04/15 - 15:42:30 | batch update finished 
[SYS] 2025/04/15 - 15:42:33 | 任务进度轮询开始 
[SYS] 2025/04/15 - 15:42:33 | 任务进度轮询完成 
[SYS] 2025/04/15 - 15:42:35 | batch update started 
[SYS] 2025/04/15 - 15:42:35 | batch update finished 
[SYS] 2025/04/15 - 15:42:40 | batch update started 
[SYS] 2025/04/15 - 15:42:40 | batch update finished 
[SYS] 2025/04/15 - 15:42:44 | batch update started 
[SYS] 2025/04/15 - 15:42:44 | batch update finished 
[SYS] 2025/04/15 - 15:42:46 | 任务进度轮询开始 
[SYS] 2025/04/15 - 15:42:46 | 任务进度轮询完成 
[GIN] 2025/04/15 - 15:42:48 | 20250415154248606472552x8Jh202O | 200 |   37.259067ms |             ::1 |     PUT /api/option/
[SYS] 2025/04/15 - 15:42:49 | batch update started 
[SYS] 2025/04/15 - 15:42:49 | batch update finished 
[GIN] 2025/04/15 - 15:42:53 | 20250415154253644106792OXcf1Ttt | 200 |   26.703152ms |             ::1 |     PUT /api/option/
[GIN] 2025/04/15 - 15:42:53 | 20250415154253718776545oIAcwKED | 200 |  126.497543ms |             ::1 |     PUT /api/option/
[SYS] 2025/04/15 - 15:42:54 | batch update started 
[SYS] 2025/04/15 - 15:42:54 | batch update finished 
[GIN] 2025/04/15 - 15:42:56 | 20250415154256306779038nztUchyX | 200 |    1.410875ms |             ::1 |     GET /setting?tab=system
[SYS] 2025/04/15 - 15:42:59 | syncing channels from database 
[SYS] 2025/04/15 - 15:42:59 | syncing options from database 
[SYS] 2025/04/15 - 15:42:59 | batch update started 
[SYS] 2025/04/15 - 15:42:59 | batch update finished 
[GIN] 2025/04/15 - 15:42:59 | 20250415154259433615536t1J7uuar | 200 |   84.297474ms |             ::1 |     GET /api/status
[SYS] 2025/04/15 - 15:42:59 | channels synced from database 
[GIN] 2025/04/15 - 15:42:59 | 202504151542599702581865HTk6zPV | 200 |    2.170722ms |             ::1 |     GET /api/option/
[SYS] 2025/04/15 - 15:43:01 | 任务进度轮询开始 
[SYS] 2025/04/15 - 15:43:01 | 任务进度轮询完成 
[SYS] 2025/04/15 - 15:43:04 | batch update started 
[SYS] 2025/04/15 - 15:43:04 | batch update finished 
[SYS] 2025/04/15 - 15:43:09 | batch update started 
[SYS] 2025/04/15 - 15:43:09 | batch update finished 
[SYS] 2025/04/15 - 15:43:12 | batch update started 
[SYS] 2025/04/15 - 15:43:12 | batch update finished 
[SYS] 2025/04/15 - 15:43:15 | 任务进度轮询开始 
[SYS] 2025/04/15 - 15:43:15 | 任务进度轮询完成 
[SYS] 2025/04/15 - 15:43:17 | batch update started 
[SYS] 2025/04/15 - 15:43:17 | batch update finished 
[SYS] 2025/04/15 - 15:43:22 | batch update started 
[SYS] 2025/04/15 - 15:43:22 | batch update finished 
[SYS] 2025/04/15 - 15:43:27 | batch update started 
[SYS] 2025/04/15 - 15:43:27 | batch update finished 
[SYS] 2025/04/15 - 15:43:30 | 任务进度轮询开始 
[SYS] 2025/04/15 - 15:43:30 | 任务进度轮询完成 
[SYS] 2025/04/15 - 15:43:32 | batch update started 
[SYS] 2025/04/15 - 15:43:32 | batch update finished 
[SYS] 2025/04/15 - 15:43:37 | batch update started 
[SYS] 2025/04/15 - 15:43:37 | batch update finished 
[SYS] 2025/04/15 - 15:43:42 | batch update started 
[SYS] 2025/04/15 - 15:43:42 | batch update finished 
[SYS] 2025/04/15 - 15:43:43 | 任务进度轮询开始 
[SYS] 2025/04/15 - 15:43:43 | 任务进度轮询完成 
[SYS] 2025/04/15 - 15:43:46 | batch update started 
[SYS] 2025/04/15 - 15:43:46 | batch update finished 
[SYS] 2025/04/15 - 15:43:51 | batch update started 
[SYS] 2025/04/15 - 15:43:51 | batch update finished 
[SYS] 2025/04/15 - 15:43:56 | batch update started 
[SYS] 2025/04/15 - 15:43:56 | batch update finished 
[SYS] 2025/04/15 - 15:43:56 | syncing channels from database 
[SYS] 2025/04/15 - 15:43:56 | channels synced from database 
[SYS] 2025/04/15 - 15:43:56 | syncing options from database 
[GIN] 2025/04/15 - 15:43:58 | 20250415154358616228273aWFoJaGF | 200 |   31.075498ms |             ::1 |     GET /api/user/self
[SYS] 2025/04/15 - 15:43:58 | 任务进度轮询开始 
[SYS] 2025/04/15 - 15:43:58 | 任务进度轮询完成 
[SYS] 2025/04/15 - 15:44:01 | batch update started 
[SYS] 2025/04/15 - 15:44:01 | batch update finished 
[SYS] 2025/04/15 - 15:44:06 | batch update started 
[SYS] 2025/04/15 - 15:44:06 | batch update finished 
[SYS] 2025/04/15 - 15:44:11 | batch update started 
[SYS] 2025/04/15 - 15:44:11 | batch update finished 
[SYS] 2025/04/15 - 15:44:13 | 任务进度轮询开始 
[SYS] 2025/04/15 - 15:44:13 | 任务进度轮询完成 
[SYS] 2025/04/15 - 15:44:14 | batch update started 
[SYS] 2025/04/15 - 15:44:14 | batch update finished 
[SYS] 2025/04/15 - 15:44:19 | batch update started 
[SYS] 2025/04/15 - 15:44:19 | batch update finished 
[SYS] 2025/04/15 - 15:44:24 | batch update started 
[SYS] 2025/04/15 - 15:44:24 | batch update finished 
[SYS] 2025/04/15 - 15:44:27 | 任务进度轮询开始 
[SYS] 2025/04/15 - 15:44:27 | 任务进度轮询完成 
[SYS] 2025/04/15 - 15:44:29 | batch update started 
[SYS] 2025/04/15 - 15:44:29 | batch update finished 
[SYS] 2025/04/15 - 15:44:34 | batch update started 
[SYS] 2025/04/15 - 15:44:34 | batch update finished 
[SYS] 2025/04/15 - 15:44:39 | batch update started 
[SYS] 2025/04/15 - 15:44:39 | batch update finished 
[SYS] 2025/04/15 - 15:44:42 | 任务进度轮询开始 
[SYS] 2025/04/15 - 15:44:42 | 任务进度轮询完成 
[SYS] 2025/04/15 - 15:44:44 | batch update started 
[SYS] 2025/04/15 - 15:44:44 | batch update finished 
[SYS] 2025/04/15 - 15:44:48 | batch update started 
[SYS] 2025/04/15 - 15:44:48 | batch update finished 
[SYS] 2025/04/15 - 15:44:53 | batch update started 
[SYS] 2025/04/15 - 15:44:53 | batch update finished 
[SYS] 2025/04/15 - 15:44:53 | syncing channels from database 
[SYS] 2025/04/15 - 15:44:53 | channels synced from database 
[SYS] 2025/04/15 - 15:44:53 | syncing options from database 
[SYS] 2025/04/15 - 15:44:55 | 任务进度轮询开始 
[SYS] 2025/04/15 - 15:44:55 | 任务进度轮询完成 
[SYS] 2025/04/15 - 15:44:58 | batch update started 
[SYS] 2025/04/15 - 15:44:58 | batch update finished 
[SYS] 2025/04/15 - 15:45:03 | batch update started 
[SYS] 2025/04/15 - 15:45:03 | batch update finished 
[SYS] 2025/04/15 - 15:45:08 | batch update started 
[SYS] 2025/04/15 - 15:45:08 | batch update finished 
[SYS] 2025/04/15 - 15:45:10 | 任务进度轮询开始 
[SYS] 2025/04/15 - 15:45:10 | 任务进度轮询完成 
[SYS] 2025/04/15 - 15:45:13 | batch update started 
[SYS] 2025/04/15 - 15:45:13 | batch update finished 
[SYS] 2025/04/15 - 15:45:16 | batch update started 
[SYS] 2025/04/15 - 15:45:16 | batch update finished 
[SYS] 2025/04/15 - 15:45:21 | batch update started 
[SYS] 2025/04/15 - 15:45:21 | batch update finished 
[SYS] 2025/04/15 - 15:45:24 | 任务进度轮询开始 
[SYS] 2025/04/15 - 15:45:24 | 任务进度轮询完成 
[SYS] 2025/04/15 - 15:45:26 | batch update started 
[SYS] 2025/04/15 - 15:45:26 | batch update finished 
[SYS] 2025/04/15 - 15:45:31 | batch update started 
[SYS] 2025/04/15 - 15:45:31 | batch update finished 
[SYS] 2025/04/15 - 15:45:36 | batch update started 
[SYS] 2025/04/15 - 15:45:36 | batch update finished 
[SYS] 2025/04/15 - 15:45:39 | 任务进度轮询开始 
[SYS] 2025/04/15 - 15:45:39 | 任务进度轮询完成 
[SYS] 2025/04/15 - 15:45:41 | batch update started 
[SYS] 2025/04/15 - 15:45:41 | batch update finished 
[SYS] 2025/04/15 - 15:45:45 | batch update started 
[SYS] 2025/04/15 - 15:45:45 | batch update finished 
[SYS] 2025/04/15 - 15:45:50 | 正在更新数据看板数据... 
[SYS] 2025/04/15 - 15:45:50 | 保存数据看板数据成功，共保存0条数据 
[SYS] 2025/04/15 - 15:45:50 | batch update started 
[SYS] 2025/04/15 - 15:45:50 | batch update finished 
[SYS] 2025/04/15 - 15:45:50 | syncing channels from database 
[SYS] 2025/04/15 - 15:45:50 | channels synced from database 
[SYS] 2025/04/15 - 15:45:50 | syncing options from database 
[SYS] 2025/04/15 - 15:45:52 | 任务进度轮询开始 
[SYS] 2025/04/15 - 15:45:52 | 任务进度轮询完成 
[SYS] 2025/04/15 - 15:45:55 | batch update started 
[SYS] 2025/04/15 - 15:45:55 | batch update finished 
[SYS] 2025/04/15 - 15:46:00 | batch update started 
[SYS] 2025/04/15 - 15:46:00 | batch update finished 
[SYS] 2025/04/15 - 15:46:05 | batch update started 
[SYS] 2025/04/15 - 15:46:05 | batch update finished 
[GIN] 2025/04/15 - 15:46:06 | 20250415154606157453671kqCpHXWn | 200 |    70.17034ms |             ::1 |    POST /api/user/amount
[GIN] 2025/04/15 - 15:46:06 | 20250415154606400022431UrlDyp4x | 200 |   37.285371ms |             ::1 |    POST /api/user/amount
[GIN] 2025/04/15 - 15:46:06 | 20250415154606562152753axHbyYNn | 200 |   45.530666ms |             ::1 |    POST /api/user/amount
[SYS] 2025/04/15 - 15:46:07 | 任务进度轮询开始 
[SYS] 2025/04/15 - 15:46:07 | 任务进度轮询完成 
[SYS] 2025/04/15 - 15:46:10 | batch update started 
[SYS] 2025/04/15 - 15:46:10 | batch update finished 
[GIN] 2025/04/15 - 15:46:12 | 20250415154608410018342MNtbbD1u | 200 |  3.860321809s |             ::1 |    POST /api/user/pay
[SYS] 2025/04/15 - 15:46:15 | batch update started 
[SYS] 2025/04/15 - 15:46:15 | batch update finished 
[SYS] 2025/04/15 - 15:46:18 | batch update started 
[SYS] 2025/04/15 - 15:46:18 | batch update finished 
[SYS] 2025/04/15 - 15:46:21 | 任务进度轮询开始 
[SYS] 2025/04/15 - 15:46:21 | 任务进度轮询完成 
[SYS] 2025/04/15 - 15:46:23 | batch update started 
[SYS] 2025/04/15 - 15:46:23 | batch update finished 
[SYS] 2025/04/15 - 15:46:28 | batch update started 
[SYS] 2025/04/15 - 15:46:28 | batch update finished 
[SYS] 2025/04/15 - 15:46:33 | batch update started 
[SYS] 2025/04/15 - 15:46:33 | batch update finished 
[SYS] 2025/04/15 - 15:46:36 | 任务进度轮询开始 
[SYS] 2025/04/15 - 15:46:36 | 任务进度轮询完成 
[SYS] 2025/04/15 - 15:46:38 | batch update started 
[SYS] 2025/04/15 - 15:46:38 | batch update finished 
[SYS] 2025/04/15 - 15:46:43 | batch update started 
[SYS] 2025/04/15 - 15:46:43 | batch update finished 
[SYS] 2025/04/15 - 15:46:47 | syncing channels from database 
[SYS] 2025/04/15 - 15:46:47 | batch update started 
[SYS] 2025/04/15 - 15:46:47 | batch update finished 
[SYS] 2025/04/15 - 15:46:47 | channels synced from database 
[SYS] 2025/04/15 - 15:46:47 | syncing options from database 
[SYS] 2025/04/15 - 15:46:49 | 任务进度轮询开始 
[SYS] 2025/04/15 - 15:46:49 | 任务进度轮询完成 
[GIN] 2025/04/15 - 15:46:51 | 20250415154651117454082Fnd5v2mm | 200 |  104.681914ms |  54.187.205.235 |    POST /api/stripe/webhook
[SYS] 2025/04/15 - 15:46:52 | batch update started 
[SYS] 2025/04/15 - 15:46:52 | batch update finished 
[GIN] 2025/04/15 - 15:46:53 | 20250415154653917865968WJBQmmK6 | 200 |     2.08925ms |             ::1 |     GET /topup-success
[GIN] 2025/04/15 - 15:46:56 | 20250415154656952155317CkmzMvVr | 200 |    1.336086ms |             ::1 |     GET /api/status
[SYS] 2025/04/15 - 15:46:57 | batch update started 
[SYS] 2025/04/15 - 15:46:57 | batch update finished 
[GIN] 2025/04/15 - 15:47:00 | 20250415154700176676897N63rs95z | 200 |    2.094962ms |             ::1 |     GET /topup
[GIN] 2025/04/15 - 15:47:01 | 20250415154701872825830gXB9Y0nK | 200 |    6.857543ms |             ::1 |     GET /api/status
[GIN] 2025/04/15 - 15:47:01 | 20250415154701844146793a9ycPwFz | 200 |   38.135382ms |             ::1 |     GET /api/user/self
[SYS] 2025/04/15 - 15:47:02 | batch update started 
[SYS] 2025/04/15 - 15:47:02 | batch update finished 
[SYS] 2025/04/15 - 15:47:04 | 任务进度轮询开始 
[SYS] 2025/04/15 - 15:47:04 | 任务进度轮询完成 
[SYS] 2025/04/15 - 15:47:07 | batch update started 
[SYS] 2025/04/15 - 15:47:07 | batch update finished 
[GIN] 2025/04/15 - 15:47:10 | 20250415154710455031778AiA7AaLo | 200 |    5.229071ms |             ::1 |     GET /api/user/logout
[SYS] 2025/04/15 - 15:47:12 | batch update started 
[SYS] 2025/04/15 - 15:47:12 | batch update finished 
[SYS] 2025/04/15 - 15:47:17 | batch update started 
[SYS] 2025/04/15 - 15:47:17 | batch update finished 
[SYS] 2025/04/15 - 15:47:18 | 任务进度轮询开始 
[SYS] 2025/04/15 - 15:47:18 | 任务进度轮询完成 
[SYS] 2025/04/15 - 15:47:20 | batch update started 
[SYS] 2025/04/15 - 15:47:20 | batch update finished 
[GIN] 2025/04/15 - 15:47:24 | 20250415154724910971995QGhDgblK | 307 |   25.339474ms |             ::1 |     GET /api/auth/google/login
[SYS] 2025/04/15 - 15:47:25 | batch update started 
[SYS] 2025/04/15 - 15:47:25 | batch update finished 
[GIN] 2025/04/15 - 15:47:26 | 202504151547254136290086Mf22bYO | 303 |  1.122124154s |             ::1 |     GET /auth/google/callback?state=random_state&code=4%2F0Ab_5qlkEuqHsQxqSN8ZrX95w5_1iIiEWvJDYucsNvt-AFHW6r4OsdYTjODh76MdJ5Yp4Ow&scope=email+profile+https%3A%2F%2Fwww.googleapis.com%2Fauth%2Fuserinfo.email+https%3A%2F%2Fwww.googleapis.com%2Fauth%2Fuserinfo.profile+openid&authuser=0&prompt=none
[GIN] 2025/04/15 - 15:47:26 | 20250415154726544976119Zhw9jcpP | 200 |    1.162704ms |             ::1 |     GET /login?token=eyJhbGciOiJIUzI1NiIsInR5cCI6IkpXVCJ9.eyJlbWFpbCI6Imtpbmdzb2JlY0BnbWFpbC5jb20iLCJleHAiOjE3NDczMjA0NDYsImlkIjoxNCwicm5kIjoxNzQ0NzI4NDQ2NTM1Njk2ODI2fQ.QVRNB-yKed_Rk0nbejynA1q0xNv9UJgpXJ2EXO7SeyU
[GIN] 2025/04/15 - 15:47:27 | 20250415154727985311371M9CjDlik | 200 |    2.827293ms |             ::1 |     GET /api/user/self
[GIN] 2025/04/15 - 15:47:28 | 2025041515472866296888XBbu9l7 | 200 |     1.23719ms |             ::1 |     GET /api/status
[GIN] 2025/04/15 - 15:47:28 | 20250415154728361273846A8gHNXoJ | 200 |    2.757319ms |             ::1 |     GET /api/user/self/groups
[GIN] 2025/04/15 - 15:47:28 | 20250415154728347566561nnL67khS | 200 |  138.864802ms |             ::1 |     GET /api/user/models
[GIN] 2025/04/15 - 15:47:28 | 20250415154728456172084aqqHuMYF | 200 |  133.248507ms |             ::1 |     GET /api/token/?p=0&size=10
[SYS] 2025/04/15 - 15:47:30 | batch update started 
[SYS] 2025/04/15 - 15:47:30 | batch update finished 
[SYS] 2025/04/15 - 15:47:33 | 任务进度轮询开始 
[SYS] 2025/04/15 - 15:47:33 | 任务进度轮询完成 
[SYS] 2025/04/15 - 15:47:35 | batch update started 
[SYS] 2025/04/15 - 15:47:35 | batch update finished 
[SYS] 2025/04/15 - 15:47:40 | batch update started 
[SYS] 2025/04/15 - 15:47:41 | batch update finished 
[SYS] 2025/04/15 - 15:47:45 | syncing channels from database 
[SYS] 2025/04/15 - 15:47:45 | channels synced from database 
[SYS] 2025/04/15 - 15:47:45 | syncing options from database 
[SYS] 2025/04/15 - 15:47:46 | batch update started 
[SYS] 2025/04/15 - 15:47:46 | batch update finished 
[SYS] 2025/04/15 - 15:47:48 | 任务进度轮询开始 
[SYS] 2025/04/15 - 15:47:48 | 任务进度轮询完成 
[SYS] 2025/04/15 - 15:47:49 | batch update started 
[SYS] 2025/04/15 - 15:47:49 | batch update finished 
[SYS] 2025/04/15 - 15:47:54 | batch update started 
[SYS] 2025/04/15 - 15:47:54 | batch update finished 
[SYS] 2025/04/15 - 15:47:59 | batch update started 
[SYS] 2025/04/15 - 15:47:59 | batch update finished 
[SYS] 2025/04/15 - 15:48:01 | 任务进度轮询开始 
[SYS] 2025/04/15 - 15:48:01 | 任务进度轮询完成 
[SYS] 2025/04/15 - 15:48:04 | batch update started 
[SYS] 2025/04/15 - 15:48:04 | batch update finished 
[SYS] 2025/04/15 - 15:48:09 | batch update started 
[SYS] 2025/04/15 - 15:48:09 | batch update finished 
[SYS] 2025/04/15 - 15:48:14 | batch update started 
[SYS] 2025/04/15 - 15:48:14 | batch update finished 
[SYS] 2025/04/15 - 15:48:16 | 任务进度轮询开始 
[SYS] 2025/04/15 - 15:48:16 | 任务进度轮询完成 
[SYS] 2025/04/15 - 15:48:19 | batch update started 
[SYS] 2025/04/15 - 15:48:19 | batch update finished 
[SYS] 2025/04/15 - 15:48:23 | batch update started 
[SYS] 2025/04/15 - 15:48:23 | batch update finished 
[SYS] 2025/04/15 - 15:48:28 | batch update started 
[SYS] 2025/04/15 - 15:48:28 | batch update finished 
[SYS] 2025/04/15 - 15:48:30 | 任务进度轮询开始 
[SYS] 2025/04/15 - 15:48:30 | 任务进度轮询完成 
[SYS] 2025/04/15 - 15:48:33 | batch update started 
[SYS] 2025/04/15 - 15:48:33 | batch update finished 
[SYS] 2025/04/15 - 15:48:38 | batch update started 
[SYS] 2025/04/15 - 15:48:38 | batch update finished 
[SYS] 2025/04/15 - 15:48:43 | syncing channels from database 
[SYS] 2025/04/15 - 15:48:43 | syncing options from database 
[SYS] 2025/04/15 - 15:48:43 | channels synced from database 
[SYS] 2025/04/15 - 15:48:43 | batch update started 
[SYS] 2025/04/15 - 15:48:43 | batch update finished 
[SYS] 2025/04/15 - 15:48:45 | 任务进度轮询开始 
[SYS] 2025/04/15 - 15:48:45 | 任务进度轮询完成 
[SYS] 2025/04/15 - 15:48:48 | batch update started 
[SYS] 2025/04/15 - 15:48:48 | batch update finished 
[SYS] 2025/04/15 - 15:48:51 | batch update started 
[SYS] 2025/04/15 - 15:48:51 | batch update finished 
[SYS] 2025/04/15 - 15:48:56 | batch update started 
[SYS] 2025/04/15 - 15:48:56 | batch update finished 
[SYS] 2025/04/15 - 15:48:58 | 任务进度轮询开始 
[SYS] 2025/04/15 - 15:48:58 | 任务进度轮询完成 
[SYS] 2025/04/15 - 15:49:01 | batch update started 
[SYS] 2025/04/15 - 15:49:01 | batch update finished 
[SYS] 2025/04/15 - 15:49:06 | batch update started 
[SYS] 2025/04/15 - 15:49:06 | batch update finished 
[SYS] 2025/04/15 - 15:49:11 | batch update started 
[SYS] 2025/04/15 - 15:49:11 | batch update finished 
[SYS] 2025/04/15 - 15:49:13 | 任务进度轮询开始 
[SYS] 2025/04/15 - 15:49:13 | 任务进度轮询完成 
[SYS] 2025/04/15 - 15:49:16 | batch update started 
[SYS] 2025/04/15 - 15:49:16 | batch update finished 
[SYS] 2025/04/15 - 15:49:21 | batch update started 
[SYS] 2025/04/15 - 15:49:21 | batch update finished 
[SYS] 2025/04/15 - 15:49:25 | batch update started 
[SYS] 2025/04/15 - 15:49:25 | batch update finished 
[SYS] 2025/04/15 - 15:49:27 | 任务进度轮询开始 
[SYS] 2025/04/15 - 15:49:27 | 任务进度轮询完成 
[SYS] 2025/04/15 - 15:49:30 | batch update started 
[SYS] 2025/04/15 - 15:49:30 | batch update finished 
[SYS] 2025/04/15 - 15:49:35 | batch update started 
[SYS] 2025/04/15 - 15:49:35 | batch update finished 
[SYS] 2025/04/15 - 15:49:40 | syncing channels from database 
[SYS] 2025/04/15 - 15:49:40 | syncing options from database 
[SYS] 2025/04/15 - 15:49:40 | channels synced from database 
[SYS] 2025/04/15 - 15:49:40 | batch update started 
[SYS] 2025/04/15 - 15:49:40 | batch update finished 
[SYS] 2025/04/15 - 15:49:42 | 任务进度轮询开始 
[SYS] 2025/04/15 - 15:49:42 | 任务进度轮询完成 
[SYS] 2025/04/15 - 15:49:45 | batch update started 
[SYS] 2025/04/15 - 15:49:45 | batch update finished 
[SYS] 2025/04/15 - 15:49:50 | batch update started 
[SYS] 2025/04/15 - 15:49:50 | batch update finished 
[SYS] 2025/04/15 - 15:49:53 | batch update started 
[SYS] 2025/04/15 - 15:49:53 | batch update finished 
[SYS] 2025/04/15 - 15:49:55 | 任务进度轮询开始 
[SYS] 2025/04/15 - 15:49:55 | 任务进度轮询完成 
[SYS] 2025/04/15 - 15:49:58 | batch update started 
[SYS] 2025/04/15 - 15:49:58 | batch update finished 
[SYS] 2025/04/15 - 15:50:03 | batch update started 
[SYS] 2025/04/15 - 15:50:03 | batch update finished 
[SYS] 2025/04/15 - 15:50:08 | batch update started 
[SYS] 2025/04/15 - 15:50:08 | batch update finished 
[SYS] 2025/04/15 - 15:50:10 | 任务进度轮询开始 
[SYS] 2025/04/15 - 15:50:10 | 任务进度轮询完成 
[SYS] 2025/04/15 - 15:50:13 | batch update started 
[SYS] 2025/04/15 - 15:50:13 | batch update finished 
[SYS] 2025/04/15 - 15:50:18 | batch update started 
[SYS] 2025/04/15 - 15:50:18 | batch update finished 
[SYS] 2025/04/15 - 15:50:23 | batch update started 
[SYS] 2025/04/15 - 15:50:23 | batch update finished 
[SYS] 2025/04/15 - 15:50:24 | 任务进度轮询开始 
[SYS] 2025/04/15 - 15:50:24 | 任务进度轮询完成 
[SYS] 2025/04/15 - 15:50:26 | batch update started 
[SYS] 2025/04/15 - 15:50:26 | batch update finished 
[SYS] 2025/04/15 - 15:50:31 | batch update started 
[SYS] 2025/04/15 - 15:50:31 | batch update finished 
[SYS] 2025/04/15 - 15:50:36 | 正在更新数据看板数据... 
[SYS] 2025/04/15 - 15:50:36 | 保存数据看板数据成功，共保存0条数据 
[SYS] 2025/04/15 - 15:50:36 | testing all channels 
[SYS] 2025/04/15 - 15:50:36 | channel test finished 
[SYS] 2025/04/15 - 15:50:36 | syncing channels from database 
[SYS] 2025/04/15 - 15:50:36 | syncing options from database 
[SYS] 2025/04/15 - 15:50:36 | channels synced from database 
[SYS] 2025/04/15 - 15:50:36 | batch update started 
[SYS] 2025/04/15 - 15:50:36 | batch update finished 
[SYS] 2025/04/15 - 15:50:39 | 任务进度轮询开始 
[SYS] 2025/04/15 - 15:50:39 | 任务进度轮询完成 
[SYS] 2025/04/15 - 15:50:41 | batch update started 
[SYS] 2025/04/15 - 15:50:41 | batch update finished 
[SYS] 2025/04/15 - 15:50:46 | batch update started 
[SYS] 2025/04/15 - 15:50:46 | batch update finished 
[SYS] 2025/04/15 - 15:50:51 | batch update started 
[SYS] 2025/04/15 - 15:50:51 | batch update finished 
[SYS] 2025/04/15 - 15:50:54 | 任务进度轮询开始 
[SYS] 2025/04/15 - 15:50:54 | 任务进度轮询完成 
[SYS] 2025/04/15 - 15:50:55 | batch update started 
[SYS] 2025/04/15 - 15:50:55 | batch update finished 
[SYS] 2025/04/15 - 15:51:00 | batch update started 
[SYS] 2025/04/15 - 15:51:00 | batch update finished 
[SYS] 2025/04/15 - 15:51:05 | batch update started 
[SYS] 2025/04/15 - 15:51:05 | batch update finished 
[SYS] 2025/04/15 - 15:51:08 | 任务进度轮询开始 
[SYS] 2025/04/15 - 15:51:08 | 任务进度轮询完成 
[SYS] 2025/04/15 - 15:51:10 | batch update started 
[SYS] 2025/04/15 - 15:51:10 | batch update finished 
[SYS] 2025/04/15 - 15:51:15 | batch update started 
[SYS] 2025/04/15 - 15:51:15 | batch update finished 
[SYS] 2025/04/15 - 15:51:20 | batch update started 
[SYS] 2025/04/15 - 15:51:20 | batch update finished 
[SYS] 2025/04/15 - 15:51:23 | 任务进度轮询开始 
[SYS] 2025/04/15 - 15:51:23 | 任务进度轮询完成 
[SYS] 2025/04/15 - 15:51:25 | batch update started 
[SYS] 2025/04/15 - 15:51:25 | batch update finished 
[SYS] 2025/04/15 - 15:51:28 | batch update started 
[SYS] 2025/04/15 - 15:51:28 | batch update finished 
[SYS] 2025/04/15 - 15:51:33 | syncing channels from database 
[SYS] 2025/04/15 - 15:51:33 | syncing options from database 
[SYS] 2025/04/15 - 15:51:33 | channels synced from database 
[SYS] 2025/04/15 - 15:51:33 | batch update started 
[SYS] 2025/04/15 - 15:51:33 | batch update finished 
[SYS] 2025/04/15 - 15:51:36 | 任务进度轮询开始 
[SYS] 2025/04/15 - 15:51:36 | 任务进度轮询完成 
[SYS] 2025/04/15 - 15:51:38 | batch update started 
[SYS] 2025/04/15 - 15:51:38 | batch update finished 
[SYS] 2025/04/15 - 15:51:43 | batch update started 
[SYS] 2025/04/15 - 15:51:43 | batch update finished 
[SYS] 2025/04/15 - 15:51:48 | batch update started 
[SYS] 2025/04/15 - 15:51:48 | batch update finished 
[SYS] 2025/04/15 - 15:51:51 | 任务进度轮询开始 
[SYS] 2025/04/15 - 15:51:51 | 任务进度轮询完成 
[SYS] 2025/04/15 - 15:51:53 | batch update started 
[SYS] 2025/04/15 - 15:51:53 | batch update finished 
[SYS] 2025/04/15 - 15:51:57 | batch update started 
[SYS] 2025/04/15 - 15:51:57 | batch update finished 
[SYS] 2025/04/15 - 15:52:02 | batch update started 
[SYS] 2025/04/15 - 15:52:02 | batch update finished 
[SYS] 2025/04/15 - 15:52:04 | 任务进度轮询开始 
[SYS] 2025/04/15 - 15:52:04 | 任务进度轮询完成 
[SYS] 2025/04/15 - 15:52:07 | batch update started 
[SYS] 2025/04/15 - 15:52:07 | batch update finished 
[SYS] 2025/04/15 - 15:52:12 | batch update started 
[SYS] 2025/04/15 - 15:52:12 | batch update finished 
[SYS] 2025/04/15 - 15:52:17 | batch update started 
[SYS] 2025/04/15 - 15:52:17 | batch update finished 
[SYS] 2025/04/15 - 15:52:19 | 任务进度轮询开始 
[SYS] 2025/04/15 - 15:52:19 | 任务进度轮询完成 
[SYS] 2025/04/15 - 15:52:22 | batch update started 
[SYS] 2025/04/15 - 15:52:22 | batch update finished 
[SYS] 2025/04/15 - 15:52:26 | batch update started 
[SYS] 2025/04/15 - 15:52:26 | batch update finished 
[SYS] 2025/04/15 - 15:52:30 | syncing channels from database 
[SYS] 2025/04/15 - 15:52:30 | channels synced from database 
[SYS] 2025/04/15 - 15:52:30 | syncing options from database 
[SYS] 2025/04/15 - 15:52:31 | batch update started 
[SYS] 2025/04/15 - 15:52:31 | batch update finished 
[SYS] 2025/04/15 - 15:52:33 | 任务进度轮询开始 
[SYS] 2025/04/15 - 15:52:33 | 任务进度轮询完成 
[SYS] 2025/04/15 - 15:52:36 | batch update started 
[SYS] 2025/04/15 - 15:52:36 | batch update finished 
[SYS] 2025/04/15 - 15:52:41 | batch update started 
[SYS] 2025/04/15 - 15:52:41 | batch update finished 
[SYS] 2025/04/15 - 15:52:46 | batch update started 
[SYS] 2025/04/15 - 15:52:46 | batch update finished 
[SYS] 2025/04/15 - 15:52:48 | 任务进度轮询开始 
[SYS] 2025/04/15 - 15:52:48 | 任务进度轮询完成 
[SYS] 2025/04/15 - 15:52:51 | batch update started 
[SYS] 2025/04/15 - 15:52:51 | batch update finished 
[SYS] 2025/04/15 - 15:52:56 | batch update started 
[SYS] 2025/04/15 - 15:52:56 | batch update finished 
[SYS] 2025/04/15 - 15:52:59 | batch update started 
[SYS] 2025/04/15 - 15:52:59 | batch update finished 
[SYS] 2025/04/15 - 15:53:01 | 任务进度轮询开始 
[SYS] 2025/04/15 - 15:53:02 | 任务进度轮询完成 
[SYS] 2025/04/15 - 15:53:04 | batch update started 
[SYS] 2025/04/15 - 15:53:04 | batch update finished 
[SYS] 2025/04/15 - 15:53:09 | batch update started 
[SYS] 2025/04/15 - 15:53:09 | batch update finished 
[SYS] 2025/04/15 - 15:53:14 | batch update started 
[SYS] 2025/04/15 - 15:53:14 | batch update finished 
[SYS] 2025/04/15 - 15:53:17 | 任务进度轮询开始 
[SYS] 2025/04/15 - 15:53:17 | 任务进度轮询完成 
[SYS] 2025/04/15 - 15:53:19 | batch update started 
[SYS] 2025/04/15 - 15:53:19 | batch update finished 
[SYS] 2025/04/15 - 15:53:24 | batch update started 
[SYS] 2025/04/15 - 15:53:24 | batch update finished 
[SYS] 2025/04/15 - 15:53:28 | syncing channels from database 
[SYS] 2025/04/15 - 15:53:28 | channels synced from database 
[SYS] 2025/04/15 - 15:53:28 | syncing options from database 
[SYS] 2025/04/15 - 15:53:28 | batch update started 
[SYS] 2025/04/15 - 15:53:28 | batch update finished 
[SYS] 2025/04/15 - 15:53:30 | 任务进度轮询开始 
[SYS] 2025/04/15 - 15:53:30 | 任务进度轮询完成 
[SYS] 2025/04/15 - 15:53:33 | batch update started 
[SYS] 2025/04/15 - 15:53:33 | batch update finished 
[SYS] 2025/04/15 - 15:53:38 | batch update started 
[SYS] 2025/04/15 - 15:53:38 | batch update finished 
[SYS] 2025/04/15 - 15:53:43 | batch update started 
[SYS] 2025/04/15 - 15:53:43 | batch update finished 
[SYS] 2025/04/15 - 15:53:45 | 任务进度轮询开始 
[SYS] 2025/04/15 - 15:53:45 | 任务进度轮询完成 
[SYS] 2025/04/15 - 15:53:48 | batch update started 
[SYS] 2025/04/15 - 15:53:48 | batch update finished 
[SYS] 2025/04/15 - 15:53:53 | batch update started 
[SYS] 2025/04/15 - 15:53:53 | batch update finished 
[SYS] 2025/04/15 - 15:53:58 | batch update started 
[SYS] 2025/04/15 - 15:53:58 | batch update finished 
[SYS] 2025/04/15 - 15:53:59 | 任务进度轮询开始 
[SYS] 2025/04/15 - 15:53:59 | 任务进度轮询完成 
[SYS] 2025/04/15 - 15:54:01 | batch update started 
[SYS] 2025/04/15 - 15:54:01 | batch update finished 
[SYS] 2025/04/15 - 15:54:06 | batch update started 
[SYS] 2025/04/15 - 15:54:06 | batch update finished 
[SYS] 2025/04/15 - 15:54:11 | batch update started 
[SYS] 2025/04/15 - 15:54:11 | batch update finished 
[SYS] 2025/04/15 - 15:54:14 | 任务进度轮询开始 
[SYS] 2025/04/15 - 15:54:14 | 任务进度轮询完成 
[SYS] 2025/04/15 - 15:54:16 | batch update started 
[SYS] 2025/04/15 - 15:54:16 | batch update finished 
[SYS] 2025/04/15 - 15:54:21 | batch update started 
[SYS] 2025/04/15 - 15:54:21 | batch update finished 
[SYS] 2025/04/15 - 15:54:26 | syncing channels from database 
[SYS] 2025/04/15 - 15:54:26 | syncing options from database 
[SYS] 2025/04/15 - 15:54:26 | channels synced from database 
[SYS] 2025/04/15 - 15:54:26 | batch update started 
[SYS] 2025/04/15 - 15:54:26 | batch update finished 
[SYS] 2025/04/15 - 15:54:29 | 任务进度轮询开始 
[SYS] 2025/04/15 - 15:54:29 | 任务进度轮询完成 
[SYS] 2025/04/15 - 15:54:30 | batch update started 
[SYS] 2025/04/15 - 15:54:30 | batch update finished 
[SYS] 2025/04/15 - 15:54:35 | batch update started 
[SYS] 2025/04/15 - 15:54:35 | batch update finished 
[SYS] 2025/04/15 - 15:54:40 | batch update started 
[SYS] 2025/04/15 - 15:54:40 | batch update finished 
[SYS] 2025/04/15 - 15:54:42 | 任务进度轮询开始 
[SYS] 2025/04/15 - 15:54:42 | 任务进度轮询完成 
[SYS] 2025/04/15 - 15:54:45 | batch update started 
[SYS] 2025/04/15 - 15:54:45 | batch update finished 
[SYS] 2025/04/15 - 15:54:50 | batch update started 
[SYS] 2025/04/15 - 15:54:50 | batch update finished 
[SYS] 2025/04/15 - 15:54:55 | batch update started 
[SYS] 2025/04/15 - 15:54:55 | batch update finished 
[SYS] 2025/04/15 - 15:54:58 | 任务进度轮询开始 
[SYS] 2025/04/15 - 15:54:58 | 任务进度轮询完成 
[SYS] 2025/04/15 - 15:55:00 | batch update started 
[SYS] 2025/04/15 - 15:55:00 | batch update finished 
[SYS] 2025/04/15 - 15:55:03 | batch update started 
[SYS] 2025/04/15 - 15:55:03 | batch update finished 
[SYS] 2025/04/15 - 15:55:08 | batch update started 
[SYS] 2025/04/15 - 15:55:08 | batch update finished 
[SYS] 2025/04/15 - 15:55:11 | 任务进度轮询开始 
[SYS] 2025/04/15 - 15:55:11 | 任务进度轮询完成 
[SYS] 2025/04/15 - 15:55:13 | batch update started 
[SYS] 2025/04/15 - 15:55:13 | batch update finished 
[SYS] 2025/04/15 - 15:55:18 | batch update started 
[SYS] 2025/04/15 - 15:55:18 | batch update finished 
[SYS] 2025/04/15 - 15:55:23 | 正在更新数据看板数据... 
[SYS] 2025/04/15 - 15:55:23 | 保存数据看板数据成功，共保存0条数据 
[SYS] 2025/04/15 - 15:55:23 | syncing channels from database 
[SYS] 2025/04/15 - 15:55:23 | syncing options from database 
[SYS] 2025/04/15 - 15:55:23 | channels synced from database 
[SYS] 2025/04/15 - 15:55:23 | batch update started 
[SYS] 2025/04/15 - 15:55:23 | batch update finished 
[SYS] 2025/04/15 - 15:55:26 | 任务进度轮询开始 
[SYS] 2025/04/15 - 15:55:26 | 任务进度轮询完成 
[SYS] 2025/04/15 - 15:55:28 | batch update started 
[SYS] 2025/04/15 - 15:55:28 | batch update finished 
[SYS] 2025/04/15 - 15:55:32 | batch update started 
[SYS] 2025/04/15 - 15:55:32 | batch update finished 
[SYS] 2025/04/15 - 15:55:37 | batch update started 
[SYS] 2025/04/15 - 15:55:37 | batch update finished 
[SYS] 2025/04/15 - 15:55:40 | 任务进度轮询开始 
[SYS] 2025/04/15 - 15:55:40 | 任务进度轮询完成 
[SYS] 2025/04/15 - 15:55:42 | batch update started 
[SYS] 2025/04/15 - 15:55:42 | batch update finished 
[SYS] 2025/04/15 - 15:55:47 | batch update started 
[SYS] 2025/04/15 - 15:55:47 | batch update finished 
[SYS] 2025/04/15 - 15:55:52 | batch update started 
[SYS] 2025/04/15 - 15:55:52 | batch update finished 
[SYS] 2025/04/15 - 15:55:55 | 任务进度轮询开始 
[SYS] 2025/04/15 - 15:55:55 | 任务进度轮询完成 
[SYS] 2025/04/15 - 15:55:57 | batch update started 
[SYS] 2025/04/15 - 15:55:57 | batch update finished 
