[SYS] 2025/04/02 - 10:50:06 | New API v0.0.0 started 
[SYS] 2025/04/02 - 10:50:06 | using MySQL as database 
[SYS] 2025/04/02 - 10:50:06 | database migration started 
[SYS] 2025/04/02 - 10:50:06 | database migrated 
[SYS] 2025/04/02 - 10:50:06 | using MySQL as database 
[SYS] 2025/04/02 - 10:50:06 | database migration started 
[SYS] 2025/04/02 - 10:50:07 | Redis is enabled 
[SYS] 2025/04/02 - 10:50:07 | memory cache enabled 
[SYS] 2025/04/02 - 10:50:07 | sync frequency: 60 seconds 
[SYS] 2025/04/02 - 10:50:07 | channels synced from database 
[SYS] 2025/04/02 - 10:50:07 | batch update enabled with interval 5s 
[SYS] 2025/04/02 - 10:50:07 | pprof enabled 
[SYS] 2025/04/02 - 10:50:07 | initializing token encoders 
[SYS] 2025/04/02 - 10:50:07 | 正在更新数据看板数据... 
[SYS] 2025/04/02 - 10:50:07 | 保存数据看板数据成功，共保存0条数据 
[SYS] 2025/04/02 - 10:50:08 | token encoders initialized 
[SYS] 2025/04/02 - 10:50:08 | FRONTEND_BASE_URL is ignored on master node 
[SYS] 2025/04/02 - 10:50:12 | batch update started 
[SYS] 2025/04/02 - 10:50:12 | batch update finished 
[SYS] 2025/04/02 - 10:50:17 | batch update started 
[SYS] 2025/04/02 - 10:50:17 | batch update finished 
[SYS] 2025/04/02 - 10:50:23 | 任务进度轮询开始 
[SYS] 2025/04/02 - 10:50:23 | batch update started 
[SYS] 2025/04/02 - 10:50:23 | batch update finished 
[SYS] 2025/04/02 - 10:50:23 | 任务进度轮询完成 
[GIN] 2025/04/02 - 10:50:23 | 20250402105023712537904WH2ssVuz | 200 |    1.011371ms |             ::1 |     GET /login?expired=true
[GIN] 2025/04/02 - 10:50:27 | 202504021050273339342761PRPz8TD | 200 |    1.060793ms |             ::1 |     GET /api/status
[SYS] 2025/04/02 - 10:50:28 | batch update started 
[SYS] 2025/04/02 - 10:50:28 | batch update finished 
[SYS] 2025/04/02 - 10:50:33 | batch update started 
[SYS] 2025/04/02 - 10:50:33 | batch update finished 
[SYS] 2025/04/02 - 10:50:38 | batch update started 
[SYS] 2025/04/02 - 10:50:38 | batch update finished 
[SYS] 2025/04/02 - 10:50:38 | 任务进度轮询开始 
[SYS] 2025/04/02 - 10:50:38 | 任务进度轮询完成 
[SYS] 2025/04/02 - 10:50:43 | batch update started 
[SYS] 2025/04/02 - 10:50:43 | batch update finished 
[SYS] 2025/04/02 - 10:50:48 | batch update started 
[SYS] 2025/04/02 - 10:50:48 | batch update finished 
[GIN] 2025/04/02 - 10:50:53 | 202504021050532168883899tTQBG4Z | 307 |     2.06205ms |             ::1 |     GET /api/auth/google/login
[GIN] 2025/04/02 - 10:50:54 | 2025040210505367009075523SqDyjh | 303 |  1.166265193s |             ::1 |     GET /auth/google/callback?state=random_state&code=4%2F0AQSTgQG3cI0iaoOQgmaAZZKecoJ8zz-L2ZfJP6NLCWA-nrTYVTbJxzcy8_IKhq3dVjWfhA&scope=email+profile+https%3A%2F%2Fwww.googleapis.com%2Fauth%2Fuserinfo.email+https%3A%2F%2Fwww.googleapis.com%2Fauth%2Fuserinfo.profile+openid&authuser=0&prompt=none
[GIN] 2025/04/02 - 10:50:54 | 202504021050548488555651a3BL7Vk | 200 |   13.361813ms |             ::1 |     GET /login?token=eyJhbGciOiJIUzI1NiIsInR5cCI6IkpXVCJ9.eyJlbWFpbCI6Imtpbmdzb2JlY0BnbWFpbC5jb20iLCJleHAiOjE3NDYxNzk0NTQsImlkIjozfQ.44p7fos15EAoAWvfnkWMp6YSZwQjljcWjfehYiNBuqc
[SYS] 2025/04/02 - 10:50:54 | batch update started 
[SYS] 2025/04/02 - 10:50:54 | batch update finished 
[SYS] 2025/04/02 - 10:50:55 | 任务进度轮询开始 
[SYS] 2025/04/02 - 10:50:55 | 任务进度轮询完成 
[GIN] 2025/04/02 - 10:50:57 | 20250402105057740464423c8ESbFTx | 200 |   13.529814ms |             ::1 |     GET /api/status
[GIN] 2025/04/02 - 10:50:57 | 202504021050577532920973z3OIfKt | 200 |   11.666592ms |             ::1 |     GET /api/user/self
[GIN] 2025/04/02 - 10:50:58 | 202504021050582008401203UmNGrVW | 401 |   10.879494ms |             ::1 |     GET /api/user/models
[GIN] 2025/04/02 - 10:50:58 | 202504021050582120798217PeKxKM8 | 401 |      757.63µs |             ::1 |     GET /api/user/self/groups
[GIN] 2025/04/02 - 10:50:58 | 20250402105058216831109N1fP6sME | 401 |   29.554863ms |             ::1 |     GET /api/token/?p=0&size=10
[GIN] 2025/04/02 - 10:50:58 | 20250402105058974097428s10kRQkg | 200 |    5.147946ms |             ::1 |     GET /login?expired=true
[SYS] 2025/04/02 - 10:50:59 | batch update started 
[SYS] 2025/04/02 - 10:50:59 | batch update finished 
[GIN] 2025/04/02 - 10:51:02 | 202504021051025888865476xhfu4gT | 200 |    1.515049ms |             ::1 |     GET /api/status
[SYS] 2025/04/02 - 10:51:04 | batch update started 
[SYS] 2025/04/02 - 10:51:04 | batch update finished 
[SYS] 2025/04/02 - 10:51:09 | syncing channels from database 
[SYS] 2025/04/02 - 10:51:09 | syncing options from database 
[SYS] 2025/04/02 - 10:51:09 | channels synced from database 
[SYS] 2025/04/02 - 10:51:09 | batch update started 
[SYS] 2025/04/02 - 10:51:09 | batch update finished 
[SYS] 2025/04/02 - 10:51:10 | 任务进度轮询开始 
[SYS] 2025/04/02 - 10:51:10 | 任务进度轮询完成 
[SYS] 2025/04/02 - 10:51:14 | batch update started 
[SYS] 2025/04/02 - 10:51:14 | batch update finished 
[SYS] 2025/04/02 - 10:51:19 | batch update started 
[SYS] 2025/04/02 - 10:51:19 | batch update finished 
[SYS] 2025/04/02 - 10:51:26 | batch update started 
[SYS] 2025/04/02 - 10:51:26 | batch update finished 
[SYS] 2025/04/02 - 10:51:26 | 任务进度轮询开始 
[SYS] 2025/04/02 - 10:51:26 | 任务进度轮询完成 
[SYS] 2025/04/02 - 10:51:31 | batch update started 
[SYS] 2025/04/02 - 10:51:31 | batch update finished 
[SYS] 2025/04/02 - 10:51:36 | batch update started 
[SYS] 2025/04/02 - 10:51:36 | batch update finished 
[SYS] 2025/04/02 - 10:51:41 | batch update started 
[SYS] 2025/04/02 - 10:51:41 | batch update finished 
[SYS] 2025/04/02 - 10:51:41 | 任务进度轮询开始 
[SYS] 2025/04/02 - 10:51:41 | 任务进度轮询完成 
[SYS] 2025/04/02 - 10:51:46 | batch update started 
[SYS] 2025/04/02 - 10:51:46 | batch update finished 
[SYS] 2025/04/02 - 10:51:51 | batch update started 
[SYS] 2025/04/02 - 10:51:51 | batch update finished 
[SYS] 2025/04/02 - 10:51:57 | batch update started 
[SYS] 2025/04/02 - 10:51:57 | batch update finished 
[SYS] 2025/04/02 - 10:51:57 | 任务进度轮询开始 
[SYS] 2025/04/02 - 10:51:57 | 任务进度轮询完成 
[SYS] 2025/04/02 - 10:52:02 | batch update started 
[SYS] 2025/04/02 - 10:52:02 | batch update finished 
[SYS] 2025/04/02 - 10:52:07 | batch update started 
[SYS] 2025/04/02 - 10:52:07 | batch update finished 
[SYS] 2025/04/02 - 10:52:12 | syncing options from database 
[SYS] 2025/04/02 - 10:52:12 | syncing channels from database 
[SYS] 2025/04/02 - 10:52:12 | channels synced from database 
[SYS] 2025/04/02 - 10:52:12 | batch update started 
[SYS] 2025/04/02 - 10:52:12 | batch update finished 
[SYS] 2025/04/02 - 10:52:12 | 任务进度轮询开始 
[SYS] 2025/04/02 - 10:52:12 | 任务进度轮询完成 
[SYS] 2025/04/02 - 10:52:17 | batch update started 
[SYS] 2025/04/02 - 10:52:17 | batch update finished 
[SYS] 2025/04/02 - 10:52:22 | batch update started 
[SYS] 2025/04/02 - 10:52:22 | batch update finished 
[SYS] 2025/04/02 - 10:52:29 | batch update started 
[SYS] 2025/04/02 - 10:52:29 | batch update finished 
[SYS] 2025/04/02 - 10:52:29 | 任务进度轮询开始 
[SYS] 2025/04/02 - 10:52:29 | 任务进度轮询完成 
[GIN] 2025/04/02 - 10:52:33 | 20250402105233457420997skCI78Wz | 200 |    2.674917ms |             ::1 |     GET /api/user/logout
[SYS] 2025/04/02 - 10:52:34 | batch update started 
[SYS] 2025/04/02 - 10:52:34 | batch update finished 
[SYS] 2025/04/02 - 10:52:39 | batch update started 
[SYS] 2025/04/02 - 10:52:39 | batch update finished 
[SYS] 2025/04/02 - 10:52:44 | batch update started 
[SYS] 2025/04/02 - 10:52:44 | batch update finished 
[SYS] 2025/04/02 - 10:52:44 | 任务进度轮询开始 
[SYS] 2025/04/02 - 10:52:44 | 任务进度轮询完成 
[SYS] 2025/04/02 - 10:52:49 | batch update started 
[SYS] 2025/04/02 - 10:52:49 | batch update finished 
[GIN] 2025/04/02 - 10:52:49 | 20250402105249339287968IHnZ9075 | 307 |    2.022568ms |             ::1 |     GET /api/auth/google/login
[GIN] 2025/04/02 - 10:52:51 | 20250402105249725531374NUma9XLK | 303 |  1.662292703s |             ::1 |     GET /auth/google/callback?state=random_state&code=4%2F0AQSTgQFl9W3h2bWpUU7BHzdH7VD8967po8pnct8WPtaxw_MAaNTxjqDd1xe_xSctqL7zbw&scope=email+profile+https%3A%2F%2Fwww.googleapis.com%2Fauth%2Fuserinfo.email+https%3A%2F%2Fwww.googleapis.com%2Fauth%2Fuserinfo.profile+openid&authuser=0&prompt=none
[GIN] 2025/04/02 - 10:52:51 | 20250402105251398584286fAsDpFUY | 200 |    7.236888ms |             ::1 |     GET /login?token=eyJhbGciOiJIUzI1NiIsInR5cCI6IkpXVCJ9.eyJlbWFpbCI6Imtpbmdzb2JlY0BnbWFpbC5jb20iLCJleHAiOjE3NDYxNzk1NzEsImlkIjozfQ.obppMMxGEXZWK-xt1RAQCvumB_YU7RsE4L8yjBBpwXk
[SYS] 2025/04/02 - 10:52:54 | batch update started 
[SYS] 2025/04/02 - 10:52:54 | batch update finished 
[GIN] 2025/04/02 - 10:52:54 | 202504021052542242216441EpAAOaS | 200 |    2.709745ms |             ::1 |     GET /api/status
[GIN] 2025/04/02 - 10:52:54 | 202504021052542162013340Gabq2c1 | 200 |   14.756658ms |             ::1 |     GET /api/user/self
[GIN] 2025/04/02 - 10:52:55 | 202504021052553511791uo1ux767 | 401 |  195.284298ms |             ::1 |     GET /api/user/models
[GIN] 2025/04/02 - 10:52:55 | 20250402105255243230457UU0jG3MR | 401 |    84.35297ms |             ::1 |     GET /api/user/self/groups
[GIN] 2025/04/02 - 10:52:56 | 20250402105255199869659XXWXqUCv | 401 |   419.69594ms |             ::1 |     GET /api/token/?p=0&size=10
[GIN] 2025/04/02 - 10:52:57 | 20250402105257476516971LlXldx1z | 200 |   17.645906ms |             ::1 |     GET /login?expired=true
[SYS] 2025/04/02 - 10:53:00 | batch update started 
[SYS] 2025/04/02 - 10:53:00 | batch update finished 
[SYS] 2025/04/02 - 10:53:00 | 任务进度轮询开始 
[SYS] 2025/04/02 - 10:53:00 | 任务进度轮询完成 
[GIN] 2025/04/02 - 10:53:01 | 202504021053011941842482Dp9iBCZ | 200 |       952.7µs |             ::1 |     GET /api/status
[SYS] 2025/04/02 - 10:53:05 | batch update started 
[SYS] 2025/04/02 - 10:53:05 | batch update finished 
[SYS] 2025/04/02 - 10:53:10 | batch update started 
[SYS] 2025/04/02 - 10:53:10 | batch update finished 
[SYS] 2025/04/02 - 10:53:15 | syncing options from database 
[SYS] 2025/04/02 - 10:53:15 | syncing channels from database 
[SYS] 2025/04/02 - 10:53:15 | channels synced from database 
[SYS] 2025/04/02 - 10:53:15 | batch update started 
[SYS] 2025/04/02 - 10:53:15 | batch update finished 
[SYS] 2025/04/02 - 10:53:15 | 任务进度轮询开始 
[SYS] 2025/04/02 - 10:53:15 | 任务进度轮询完成 
[SYS] 2025/04/02 - 10:53:20 | batch update started 
[SYS] 2025/04/02 - 10:53:20 | batch update finished 
[SYS] 2025/04/02 - 10:53:25 | batch update started 
[SYS] 2025/04/02 - 10:53:25 | batch update finished 
[SYS] 2025/04/02 - 10:53:31 | batch update started 
[SYS] 2025/04/02 - 10:53:31 | batch update finished 
[SYS] 2025/04/02 - 10:53:32 | 任务进度轮询开始 
[SYS] 2025/04/02 - 10:53:32 | 任务进度轮询完成 
[SYS] 2025/04/02 - 10:53:36 | batch update started 
[SYS] 2025/04/02 - 10:53:36 | batch update finished 
[SYS] 2025/04/02 - 10:53:41 | batch update started 
[SYS] 2025/04/02 - 10:53:41 | batch update finished 
[SYS] 2025/04/02 - 10:53:46 | batch update started 
[SYS] 2025/04/02 - 10:53:46 | batch update finished 
[SYS] 2025/04/02 - 10:53:47 | 任务进度轮询开始 
[SYS] 2025/04/02 - 10:53:47 | 任务进度轮询完成 
[SYS] 2025/04/02 - 10:53:51 | batch update started 
[SYS] 2025/04/02 - 10:53:51 | batch update finished 
[SYS] 2025/04/02 - 10:53:56 | batch update started 
[SYS] 2025/04/02 - 10:53:56 | batch update finished 
[SYS] 2025/04/02 - 10:54:03 | batch update started 
[SYS] 2025/04/02 - 10:54:03 | batch update finished 
[SYS] 2025/04/02 - 10:54:03 | 任务进度轮询开始 
[SYS] 2025/04/02 - 10:54:03 | 任务进度轮询完成 
[SYS] 2025/04/02 - 10:54:08 | batch update started 
[SYS] 2025/04/02 - 10:54:08 | batch update finished 
[SYS] 2025/04/02 - 10:54:13 | batch update started 
[SYS] 2025/04/02 - 10:54:13 | batch update finished 
[SYS] 2025/04/02 - 10:54:18 | syncing options from database 
[SYS] 2025/04/02 - 10:54:18 | syncing channels from database 
[SYS] 2025/04/02 - 10:54:18 | channels synced from database 
[SYS] 2025/04/02 - 10:54:18 | batch update started 
[SYS] 2025/04/02 - 10:54:18 | batch update finished 
[SYS] 2025/04/02 - 10:54:18 | 任务进度轮询开始 
[SYS] 2025/04/02 - 10:54:18 | 任务进度轮询完成 
[SYS] 2025/04/02 - 10:54:23 | batch update started 
[SYS] 2025/04/02 - 10:54:23 | batch update finished 
[SYS] 2025/04/02 - 10:54:28 | batch update started 
[SYS] 2025/04/02 - 10:54:28 | batch update finished 
[SYS] 2025/04/02 - 10:54:34 | batch update started 
[SYS] 2025/04/02 - 10:54:34 | batch update finished 
[SYS] 2025/04/02 - 10:54:34 | 任务进度轮询开始 
[SYS] 2025/04/02 - 10:54:34 | 任务进度轮询完成 
[SYS] 2025/04/02 - 10:54:39 | batch update started 
[SYS] 2025/04/02 - 10:54:39 | batch update finished 
[SYS] 2025/04/02 - 10:54:44 | batch update started 
[SYS] 2025/04/02 - 10:54:44 | batch update finished 
[SYS] 2025/04/02 - 10:54:49 | batch update started 
[SYS] 2025/04/02 - 10:54:49 | batch update finished 
[SYS] 2025/04/02 - 10:54:49 | 任务进度轮询开始 
[SYS] 2025/04/02 - 10:54:49 | 任务进度轮询完成 
[SYS] 2025/04/02 - 10:54:54 | batch update started 
[SYS] 2025/04/02 - 10:54:54 | batch update finished 
[SYS] 2025/04/02 - 10:54:59 | batch update started 
[SYS] 2025/04/02 - 10:54:59 | batch update finished 
[SYS] 2025/04/02 - 10:55:06 | batch update started 
[SYS] 2025/04/02 - 10:55:06 | batch update finished 
[SYS] 2025/04/02 - 10:55:06 | 任务进度轮询开始 
[SYS] 2025/04/02 - 10:55:06 | 任务进度轮询完成 
[SYS] 2025/04/02 - 10:55:11 | batch update started 
[SYS] 2025/04/02 - 10:55:11 | batch update finished 
[SYS] 2025/04/02 - 10:55:16 | batch update started 
[SYS] 2025/04/02 - 10:55:16 | batch update finished 
[SYS] 2025/04/02 - 10:55:21 | 正在更新数据看板数据... 
[SYS] 2025/04/02 - 10:55:21 | 保存数据看板数据成功，共保存0条数据 
[SYS] 2025/04/02 - 10:55:21 | syncing options from database 
[SYS] 2025/04/02 - 10:55:21 | syncing channels from database 
[SYS] 2025/04/02 - 10:55:21 | channels synced from database 
[SYS] 2025/04/02 - 10:55:21 | batch update started 
[SYS] 2025/04/02 - 10:55:21 | batch update finished 
[SYS] 2025/04/02 - 10:55:21 | 任务进度轮询开始 
[SYS] 2025/04/02 - 10:55:21 | 任务进度轮询完成 
[SYS] 2025/04/02 - 10:55:26 | batch update started 
[SYS] 2025/04/02 - 10:55:26 | batch update finished 
[SYS] 2025/04/02 - 10:55:31 | batch update started 
[SYS] 2025/04/02 - 10:55:31 | batch update finished 
[SYS] 2025/04/02 - 10:55:37 | batch update started 
[SYS] 2025/04/02 - 10:55:37 | batch update finished 
[SYS] 2025/04/02 - 10:55:37 | 任务进度轮询开始 
[SYS] 2025/04/02 - 10:55:37 | 任务进度轮询完成 
[SYS] 2025/04/02 - 10:55:42 | batch update started 
[SYS] 2025/04/02 - 10:55:42 | batch update finished 
[SYS] 2025/04/02 - 10:55:47 | batch update started 
[SYS] 2025/04/02 - 10:55:47 | batch update finished 
[SYS] 2025/04/02 - 10:55:52 | batch update started 
[SYS] 2025/04/02 - 10:55:52 | batch update finished 
[SYS] 2025/04/02 - 10:55:52 | 任务进度轮询开始 
[SYS] 2025/04/02 - 10:55:52 | 任务进度轮询完成 
[SYS] 2025/04/02 - 10:55:57 | batch update started 
[SYS] 2025/04/02 - 10:55:57 | batch update finished 
[SYS] 2025/04/02 - 10:56:02 | batch update started 
[SYS] 2025/04/02 - 10:56:02 | batch update finished 
[SYS] 2025/04/02 - 10:56:09 | batch update started 
[SYS] 2025/04/02 - 10:56:09 | batch update finished 
[SYS] 2025/04/02 - 10:56:09 | 任务进度轮询开始 
[SYS] 2025/04/02 - 10:56:09 | 任务进度轮询完成 
[SYS] 2025/04/02 - 10:56:14 | batch update started 
[SYS] 2025/04/02 - 10:56:14 | batch update finished 
[SYS] 2025/04/02 - 10:56:19 | batch update started 
[SYS] 2025/04/02 - 10:56:19 | batch update finished 
[SYS] 2025/04/02 - 10:56:23 | syncing options from database 
[SYS] 2025/04/02 - 10:56:23 | syncing channels from database 
[SYS] 2025/04/02 - 10:56:23 | channels synced from database 
[SYS] 2025/04/02 - 10:56:24 | batch update started 
[SYS] 2025/04/02 - 10:56:24 | batch update finished 
[SYS] 2025/04/02 - 10:56:24 | 任务进度轮询开始 
[SYS] 2025/04/02 - 10:56:24 | 任务进度轮询完成 
[SYS] 2025/04/02 - 10:56:29 | batch update started 
[SYS] 2025/04/02 - 10:56:29 | batch update finished 
[SYS] 2025/04/02 - 10:56:34 | batch update started 
[SYS] 2025/04/02 - 10:56:34 | batch update finished 
[SYS] 2025/04/02 - 10:56:40 | batch update started 
[SYS] 2025/04/02 - 10:56:40 | batch update finished 
[SYS] 2025/04/02 - 10:56:40 | 任务进度轮询开始 
[SYS] 2025/04/02 - 10:56:40 | 任务进度轮询完成 
[SYS] 2025/04/02 - 10:56:45 | batch update started 
[SYS] 2025/04/02 - 10:56:45 | batch update finished 
[SYS] 2025/04/02 - 10:56:50 | batch update started 
[SYS] 2025/04/02 - 10:56:50 | batch update finished 
[SYS] 2025/04/02 - 10:56:55 | batch update started 
[SYS] 2025/04/02 - 10:56:55 | batch update finished 
[SYS] 2025/04/02 - 10:56:55 | 任务进度轮询开始 
[SYS] 2025/04/02 - 10:56:55 | 任务进度轮询完成 
[SYS] 2025/04/02 - 10:57:00 | batch update started 
[SYS] 2025/04/02 - 10:57:00 | batch update finished 
[SYS] 2025/04/02 - 10:57:05 | batch update started 
[SYS] 2025/04/02 - 10:57:05 | batch update finished 
[SYS] 2025/04/02 - 10:57:11 | batch update started 
[SYS] 2025/04/02 - 10:57:11 | batch update finished 
[SYS] 2025/04/02 - 10:57:12 | 任务进度轮询开始 
[SYS] 2025/04/02 - 10:57:12 | 任务进度轮询完成 
[SYS] 2025/04/02 - 10:57:16 | batch update started 
[SYS] 2025/04/02 - 10:57:16 | batch update finished 
[SYS] 2025/04/02 - 10:57:21 | batch update started 
[SYS] 2025/04/02 - 10:57:21 | batch update finished 
[SYS] 2025/04/02 - 10:57:26 | syncing options from database 
[SYS] 2025/04/02 - 10:57:26 | syncing channels from database 
[SYS] 2025/04/02 - 10:57:26 | channels synced from database 
[SYS] 2025/04/02 - 10:57:26 | batch update started 
[SYS] 2025/04/02 - 10:57:26 | batch update finished 
[SYS] 2025/04/02 - 10:57:27 | 任务进度轮询开始 
[SYS] 2025/04/02 - 10:57:27 | 任务进度轮询完成 
[SYS] 2025/04/02 - 10:57:31 | batch update started 
[SYS] 2025/04/02 - 10:57:31 | batch update finished 
[SYS] 2025/04/02 - 10:57:36 | batch update started 
[SYS] 2025/04/02 - 10:57:36 | batch update finished 
[SYS] 2025/04/02 - 10:57:43 | batch update started 
[SYS] 2025/04/02 - 10:57:43 | batch update finished 
[SYS] 2025/04/02 - 10:57:43 | 任务进度轮询开始 
[SYS] 2025/04/02 - 10:57:43 | 任务进度轮询完成 
[SYS] 2025/04/02 - 10:57:48 | batch update started 
[SYS] 2025/04/02 - 10:57:48 | batch update finished 
[SYS] 2025/04/02 - 10:57:53 | batch update started 
[SYS] 2025/04/02 - 10:57:53 | batch update finished 
[SYS] 2025/04/02 - 10:57:58 | batch update started 
[SYS] 2025/04/02 - 10:57:58 | batch update finished 
[SYS] 2025/04/02 - 10:57:58 | 任务进度轮询开始 
[SYS] 2025/04/02 - 10:57:58 | 任务进度轮询完成 
[SYS] 2025/04/02 - 10:58:03 | batch update started 
[SYS] 2025/04/02 - 10:58:03 | batch update finished 
[SYS] 2025/04/02 - 10:58:08 | batch update started 
[SYS] 2025/04/02 - 10:58:08 | batch update finished 
[SYS] 2025/04/02 - 10:58:14 | batch update started 
[SYS] 2025/04/02 - 10:58:14 | batch update finished 
[SYS] 2025/04/02 - 10:58:14 | 任务进度轮询开始 
[SYS] 2025/04/02 - 10:58:14 | 任务进度轮询完成 
[SYS] 2025/04/02 - 10:58:19 | batch update started 
[SYS] 2025/04/02 - 10:58:19 | batch update finished 
[SYS] 2025/04/02 - 10:58:24 | batch update started 
[SYS] 2025/04/02 - 10:58:24 | batch update finished 
[SYS] 2025/04/02 - 10:58:29 | syncing options from database 
[SYS] 2025/04/02 - 10:58:29 | syncing channels from database 
[SYS] 2025/04/02 - 10:58:29 | channels synced from database 
[SYS] 2025/04/02 - 10:58:29 | batch update started 
[SYS] 2025/04/02 - 10:58:29 | batch update finished 
[SYS] 2025/04/02 - 10:58:29 | 任务进度轮询开始 
[SYS] 2025/04/02 - 10:58:29 | 任务进度轮询完成 
[SYS] 2025/04/02 - 10:58:34 | batch update started 
[SYS] 2025/04/02 - 10:58:34 | batch update finished 
[SYS] 2025/04/02 - 10:58:39 | batch update started 
[SYS] 2025/04/02 - 10:58:39 | batch update finished 
[SYS] 2025/04/02 - 10:58:46 | batch update started 
[SYS] 2025/04/02 - 10:58:46 | batch update finished 
[SYS] 2025/04/02 - 10:58:46 | 任务进度轮询开始 
[SYS] 2025/04/02 - 10:58:46 | 任务进度轮询完成 
[SYS] 2025/04/02 - 10:58:51 | batch update started 
[SYS] 2025/04/02 - 10:58:51 | batch update finished 
[SYS] 2025/04/02 - 10:58:56 | batch update started 
[SYS] 2025/04/02 - 10:58:56 | batch update finished 
[SYS] 2025/04/02 - 10:59:01 | batch update started 
[SYS] 2025/04/02 - 10:59:01 | batch update finished 
[SYS] 2025/04/02 - 10:59:01 | 任务进度轮询开始 
[SYS] 2025/04/02 - 10:59:01 | 任务进度轮询完成 
[SYS] 2025/04/02 - 10:59:06 | batch update started 
[SYS] 2025/04/02 - 10:59:06 | batch update finished 
[SYS] 2025/04/02 - 10:59:11 | batch update started 
[SYS] 2025/04/02 - 10:59:11 | batch update finished 
[SYS] 2025/04/02 - 10:59:17 | batch update started 
[SYS] 2025/04/02 - 10:59:17 | batch update finished 
[SYS] 2025/04/02 - 10:59:17 | 任务进度轮询开始 
[SYS] 2025/04/02 - 10:59:17 | 任务进度轮询完成 
[SYS] 2025/04/02 - 10:59:22 | batch update started 
[SYS] 2025/04/02 - 10:59:22 | batch update finished 
[SYS] 2025/04/02 - 10:59:27 | batch update started 
[SYS] 2025/04/02 - 10:59:27 | batch update finished 
[SYS] 2025/04/02 - 10:59:32 | syncing options from database 
[SYS] 2025/04/02 - 10:59:32 | syncing channels from database 
[SYS] 2025/04/02 - 10:59:32 | channels synced from database 
[SYS] 2025/04/02 - 10:59:32 | batch update started 
[SYS] 2025/04/02 - 10:59:32 | batch update finished 
[SYS] 2025/04/02 - 10:59:32 | 任务进度轮询开始 
[SYS] 2025/04/02 - 10:59:32 | 任务进度轮询完成 
[SYS] 2025/04/02 - 10:59:37 | batch update started 
[SYS] 2025/04/02 - 10:59:37 | batch update finished 
[SYS] 2025/04/02 - 10:59:42 | batch update started 
[SYS] 2025/04/02 - 10:59:42 | batch update finished 
[GIN] 2025/04/02 - 10:59:47 | 20250402105947499358328MPeamjlM | 307 |    2.960742ms |             ::1 |     GET /api/auth/google/login
[GIN] 2025/04/02 - 10:59:48 | 20250402105947780124302DqAMlVWL | 303 |  1.173232754s |             ::1 |     GET /auth/google/callback?state=random_state&code=4%2F0AQSTgQHMACH5dXS1Z3wgmzpAWjVaWfsw67z3bPGmlUZNdD65odygZZPFhtpcWWZVqh4bhg&scope=email+profile+openid+https%3A%2F%2Fwww.googleapis.com%2Fauth%2Fuserinfo.email+https%3A%2F%2Fwww.googleapis.com%2Fauth%2Fuserinfo.profile&authuser=0&prompt=none
[GIN] 2025/04/02 - 10:59:48 | 20250402105948964269200YV3Wed2n | 200 |    2.113329ms |             ::1 |     GET /login?token=eyJhbGciOiJIUzI1NiIsInR5cCI6IkpXVCJ9.eyJlbWFpbCI6Imtpbmdzb2JlY0BnbWFpbC5jb20iLCJleHAiOjE3NDYxNzk5ODgsImlkIjo0fQ.N4hRoxBO-cGyk2H0He2t5Bjzk0jVwvh094u9NjSYaug
[SYS] 2025/04/02 - 10:59:49 | batch update started 
[SYS] 2025/04/02 - 10:59:49 | batch update finished 
[SYS] 2025/04/02 - 10:59:49 | 任务进度轮询开始 
[SYS] 2025/04/02 - 10:59:49 | 任务进度轮询完成 
[GIN] 2025/04/02 - 10:59:51 | 20250402105951909966093tx1utBHL | 200 |    3.255692ms |             ::1 |     GET /api/status
[GIN] 2025/04/02 - 10:59:51 | 20250402105951909144025NPbzY0us | 200 |    7.735217ms |             ::1 |     GET /api/user/self
[GIN] 2025/04/02 - 10:59:52 | 20250402105952321732468jsT9B2BQ | 401 |   13.652024ms |             ::1 |     GET /api/user/models
[GIN] 2025/04/02 - 10:59:52 | 20250402105952334915653oCHRXc2z | 401 |      1.4948ms |             ::1 |     GET /api/token/?p=0&size=10
[GIN] 2025/04/02 - 10:59:52 | 20250402105952334697428my3FmKOL | 401 |    2.115746ms |             ::1 |     GET /api/user/self/groups
[GIN] 2025/04/02 - 10:59:52 | 20250402105952572552938ELFVlKvc | 200 |  369.846541ms |             ::1 |     GET /login?expired=true
[SYS] 2025/04/02 - 10:59:54 | batch update started 
[SYS] 2025/04/02 - 10:59:54 | batch update finished 
[GIN] 2025/04/02 - 10:59:56 | 20250402105956343581338ynK66M9Z | 200 |    1.175202ms |             ::1 |     GET /api/status
[SYS] 2025/04/02 - 10:59:59 | batch update started 
[SYS] 2025/04/02 - 10:59:59 | batch update finished 
[SYS] 2025/04/02 - 11:00:04 | batch update started 
[SYS] 2025/04/02 - 11:00:04 | batch update finished 
[SYS] 2025/04/02 - 11:00:04 | 任务进度轮询开始 
[SYS] 2025/04/02 - 11:00:04 | 任务进度轮询完成 
