[SYS] 2025/04/08 - 16:40:38 | New API v0.0.0 started 
[SYS] 2025/04/08 - 16:40:38 | using MySQL as database 
[SYS] 2025/04/08 - 16:40:38 | database migration started 
[SYS] 2025/04/08 - 16:40:39 | database migrated 
[SYS] 2025/04/08 - 16:40:39 | using MySQL as database 
[SYS] 2025/04/08 - 16:40:39 | database migration started 
[SYS] 2025/04/08 - 16:40:39 | Redis is enabled 
[SYS] 2025/04/08 - 16:40:39 | memory cache enabled 
[SYS] 2025/04/08 - 16:40:39 | sync frequency: 60 seconds 
[SYS] 2025/04/08 - 16:40:39 | channels synced from database 
[SYS] 2025/04/08 - 16:40:39 | batch update enabled with interval 5s 
[SYS] 2025/04/08 - 16:40:39 | pprof enabled 
[SYS] 2025/04/08 - 16:40:39 | initializing token encoders 
[SYS] 2025/04/08 - 16:40:39 | 正在更新数据看板数据... 
[SYS] 2025/04/08 - 16:40:39 | 保存数据看板数据成功，共保存0条数据 
[SYS] 2025/04/08 - 16:40:44 | batch update started 
[SYS] 2025/04/08 - 16:40:44 | batch update finished 
[SYS] 2025/04/08 - 16:40:47 | token encoders initialized 
[SYS] 2025/04/08 - 16:40:47 | FRONTEND_BASE_URL is ignored on master node 
[SYS] 2025/04/08 - 16:40:49 | batch update started 
[SYS] 2025/04/08 - 16:40:49 | batch update finished 
[SYS] 2025/04/08 - 16:40:54 | 任务进度轮询开始 
[SYS] 2025/04/08 - 16:40:54 | batch update started 
[SYS] 2025/04/08 - 16:40:54 | batch update finished 
[SYS] 2025/04/08 - 16:40:54 | 任务进度轮询完成 
[SYS] 2025/04/08 - 16:40:59 | batch update started 
[SYS] 2025/04/08 - 16:40:59 | batch update finished 
[SYS] 2025/04/08 - 16:41:03 | batch update started 
[SYS] 2025/04/08 - 16:41:03 | batch update finished 
[GIN] 2025/04/08 - 16:41:05 | 20250408164105847528980uc5s5P89 | 200 |   11.205815ms |             ::1 |     GET /login
[SYS] 2025/04/08 - 16:41:08 | batch update started 
[SYS] 2025/04/08 - 16:41:08 | batch update finished 
[SYS] 2025/04/08 - 16:41:08 | 任务进度轮询开始 
[SYS] 2025/04/08 - 16:41:08 | 任务进度轮询完成 
[GIN] 2025/04/08 - 16:41:09 | 2025040816410924433271T1GXx9Fo | 200 |    1.391475ms |             ::1 |     GET /api/status
[SYS] 2025/04/08 - 16:41:13 | batch update started 
[SYS] 2025/04/08 - 16:41:13 | batch update finished 
[SYS] 2025/04/08 - 16:41:18 | batch update started 
[SYS] 2025/04/08 - 16:41:18 | batch update finished 
[SYS] 2025/04/08 - 16:41:23 | 任务进度轮询开始 
[SYS] 2025/04/08 - 16:41:23 | 任务进度轮询完成 
[SYS] 2025/04/08 - 16:41:23 | batch update started 
[SYS] 2025/04/08 - 16:41:23 | batch update finished 
[GIN] 2025/04/08 - 16:41:25 | 2025040816412520886408RYJf43qf | 307 |    1.634482ms |             ::1 |     GET /api/auth/google/login
[GIN] 2025/04/08 - 16:41:26 | 20250408164125540540516B9SXtyyg | 303 |  1.211422427s |             ::1 |     GET /auth/google/callback?state=random_state&code=4%2F0Ab_5qlnRsKLGgprhvLmv-cJbaEWQ_F34xG4SF-YCiNWx857dA5BbROJTzqTfwUuY2N4RIg&scope=email+profile+https%3A%2F%2Fwww.googleapis.com%2Fauth%2Fuserinfo.email+https%3A%2F%2Fwww.googleapis.com%2Fauth%2Fuserinfo.profile+openid&authuser=0&prompt=none
[GIN] 2025/04/08 - 16:41:26 | 20250408164126769235767kRTJzU5O | 200 |    1.014355ms |             ::1 |     GET /login?token=eyJhbGciOiJIUzI1NiIsInR5cCI6IkpXVCJ9.eyJlbWFpbCI6Imtpbmdzb2JlY0BnbWFpbC5jb20iLCJleHAiOjE3NDY3MTg4ODYsImlkIjoxNCwicm5kIjoxNzQ0MTI2ODg2NzUxMzcxNzAyfQ.mP7q_cpWhBzS4tUyY6oBckXf15q_7E-t9EhuRGWwhvk
[GIN] 2025/04/08 - 16:41:28 | 202504081641281017959923ml1dVMu | 200 |   20.692929ms |             ::1 |     GET /api/status
[GIN] 2025/04/08 - 16:41:28 | 20250408164128103652609sK7iX9qs | 200 |   35.570377ms |             ::1 |     GET /api/user/self
[GIN] 2025/04/08 - 16:41:28 | 20250408164128494515841yzegK2gC | 200 |    9.605506ms |             ::1 |     GET /api/user/self/groups
[GIN] 2025/04/08 - 16:41:28 | 20250408164128489088893T0hAvoFv | 200 |   12.355443ms |             ::1 |     GET /api/user/models
[GIN] 2025/04/08 - 16:41:28 | 20250408164128502297379c5Be5h6q | 200 |   23.943585ms |             ::1 |     GET /api/token/?p=0&size=10
[SYS] 2025/04/08 - 16:41:28 | batch update started 
[SYS] 2025/04/08 - 16:41:28 | batch update finished 
[SYS] 2025/04/08 - 16:41:33 | batch update started 
[SYS] 2025/04/08 - 16:41:33 | batch update finished 
[SYS] 2025/04/08 - 16:41:38 | syncing options from database 
[SYS] 2025/04/08 - 16:41:38 | syncing channels from database 
[SYS] 2025/04/08 - 16:41:38 | channels synced from database 
[SYS] 2025/04/08 - 16:41:38 | 任务进度轮询开始 
[SYS] 2025/04/08 - 16:41:38 | 任务进度轮询完成 
[SYS] 2025/04/08 - 16:41:38 | batch update started 
[SYS] 2025/04/08 - 16:41:38 | batch update finished 
[SYS] 2025/04/08 - 16:41:43 | batch update started 
[SYS] 2025/04/08 - 16:41:43 | batch update finished 
[SYS] 2025/04/08 - 16:41:48 | batch update started 
[SYS] 2025/04/08 - 16:41:48 | batch update finished 
[SYS] 2025/04/08 - 16:41:53 | 任务进度轮询开始 
[SYS] 2025/04/08 - 16:41:53 | 任务进度轮询完成 
[SYS] 2025/04/08 - 16:41:53 | batch update started 
[SYS] 2025/04/08 - 16:41:53 | batch update finished 
[SYS] 2025/04/08 - 16:41:58 | batch update started 
[SYS] 2025/04/08 - 16:41:58 | batch update finished 
[SYS] 2025/04/08 - 16:42:03 | batch update started 
[SYS] 2025/04/08 - 16:42:03 | batch update finished 
[SYS] 2025/04/08 - 16:42:07 | 任务进度轮询开始 
[SYS] 2025/04/08 - 16:42:07 | 任务进度轮询完成 
[SYS] 2025/04/08 - 16:42:07 | batch update started 
[SYS] 2025/04/08 - 16:42:07 | batch update finished 
[SYS] 2025/04/08 - 16:42:12 | batch update started 
[SYS] 2025/04/08 - 16:42:12 | batch update finished 
[SYS] 2025/04/08 - 16:42:17 | batch update started 
[SYS] 2025/04/08 - 16:42:17 | batch update finished 
[SYS] 2025/04/08 - 16:42:22 | 任务进度轮询开始 
[SYS] 2025/04/08 - 16:42:22 | 任务进度轮询完成 
[SYS] 2025/04/08 - 16:42:22 | batch update started 
[SYS] 2025/04/08 - 16:42:22 | batch update finished 
[SYS] 2025/04/08 - 16:42:27 | batch update started 
[SYS] 2025/04/08 - 16:42:27 | batch update finished 
[SYS] 2025/04/08 - 16:42:32 | batch update started 
[SYS] 2025/04/08 - 16:42:32 | batch update finished 
[SYS] 2025/04/08 - 16:42:37 | syncing channels from database 
[SYS] 2025/04/08 - 16:42:37 | syncing options from database 
[SYS] 2025/04/08 - 16:42:37 | channels synced from database 
[SYS] 2025/04/08 - 16:42:37 | 任务进度轮询开始 
[SYS] 2025/04/08 - 16:42:37 | 任务进度轮询完成 
[SYS] 2025/04/08 - 16:42:37 | batch update started 
[SYS] 2025/04/08 - 16:42:37 | batch update finished 
[GIN] 2025/04/08 - 16:42:41 | 20250408164241103977896LKfH6DXO | 200 |   17.289488ms |             ::1 |     GET /api/user/self
[SYS] 2025/04/08 - 16:42:42 | batch update started 
[SYS] 2025/04/08 - 16:42:42 | batch update finished 
[SYS] 2025/04/08 - 16:42:47 | batch update started 
[SYS] 2025/04/08 - 16:42:47 | batch update finished 
[GIN] 2025/04/08 - 16:42:52 | 20250408164252625627988WHs0zQL | 200 |    1.043635ms |             ::1 |     GET /api/user/logout
[SYS] 2025/04/08 - 16:42:52 | 任务进度轮询开始 
[SYS] 2025/04/08 - 16:42:52 | 任务进度轮询完成 
[SYS] 2025/04/08 - 16:42:52 | batch update started 
[SYS] 2025/04/08 - 16:42:52 | batch update finished 
[SYS] 2025/04/08 - 16:42:57 | batch update started 
[SYS] 2025/04/08 - 16:42:57 | batch update finished 
[SYS] 2025/04/08 - 16:43:02 | batch update started 
[SYS] 2025/04/08 - 16:43:02 | batch update finished 
[SYS] 2025/04/08 - 16:43:07 | 任务进度轮询开始 
[SYS] 2025/04/08 - 16:43:07 | 任务进度轮询完成 
[SYS] 2025/04/08 - 16:43:07 | batch update started 
[SYS] 2025/04/08 - 16:43:07 | batch update finished 
[GIN] 2025/04/08 - 16:43:08 | 20250408164308722609939PqGvZjFl | 307 |    2.199032ms |             ::1 |     GET /api/auth/google/login
[GIN] 2025/04/08 - 16:43:10 | 20250408164309225746495qba0x05n | 303 |  1.067565097s |             ::1 |     GET /auth/google/callback?state=random_state&code=4%2F0Ab_5qlnFAmdIDffM0DfOXskcrGN9dyTpKxuhn6M3AbtNekLRVnQf3FYuza_HPuOA5hQSqQ&scope=email+profile+https%3A%2F%2Fwww.googleapis.com%2Fauth%2Fuserinfo.email+https%3A%2F%2Fwww.googleapis.com%2Fauth%2Fuserinfo.profile+openid&authuser=0&prompt=none
[GIN] 2025/04/08 - 16:43:10 | 20250408164310355639372e5028E2B | 200 |    5.462644ms |             ::1 |     GET /login?token=eyJhbGciOiJIUzI1NiIsInR5cCI6IkpXVCJ9.eyJlbWFpbCI6Imtpbmdzb2JlY0BnbWFpbC5jb20iLCJleHAiOjE3NDY3MTg5OTAsImlkIjoxNCwicm5kIjoxNzQ0MTI2OTkwMjkzMjEyNDI3fQ.GYgXDYVr_uLXg_6u6xXcP7E8oKgK1HYm9CdVmTCqzSw
[SYS] 2025/04/08 - 16:43:11 | batch update started 
[SYS] 2025/04/08 - 16:43:11 | batch update finished 
[GIN] 2025/04/08 - 16:43:11 | 20250408164311792454332vYgPBIsy | 200 |    2.762292ms |             ::1 |     GET /api/user/self
[GIN] 2025/04/08 - 16:43:11 | 20250408164311826839726vWj8WvIG | 200 |   13.923034ms |             ::1 |     GET /api/status
[GIN] 2025/04/08 - 16:43:12 | 2025040816431262497237n3UDEQJC | 200 |    8.946453ms |             ::1 |     GET /api/user/models
[GIN] 2025/04/08 - 16:43:12 | 2025040816431264720781tkHyXBWb | 200 |   12.279938ms |             ::1 |     GET /api/token/?p=0&size=10
[GIN] 2025/04/08 - 16:43:12 | 2025040816431264335714NQG5Foyo | 200 |   33.124824ms |             ::1 |     GET /api/user/self/groups
[SYS] 2025/04/08 - 16:43:16 | batch update started 
[SYS] 2025/04/08 - 16:43:16 | batch update finished 
[SYS] 2025/04/08 - 16:43:21 | 任务进度轮询开始 
[SYS] 2025/04/08 - 16:43:21 | 任务进度轮询完成 
[SYS] 2025/04/08 - 16:43:21 | batch update started 
[SYS] 2025/04/08 - 16:43:21 | batch update finished 
[SYS] 2025/04/08 - 16:43:26 | batch update started 
[SYS] 2025/04/08 - 16:43:26 | batch update finished 
[SYS] 2025/04/08 - 16:43:31 | batch update started 
[SYS] 2025/04/08 - 16:43:31 | batch update finished 
[SYS] 2025/04/08 - 16:43:36 | syncing options from database 
[SYS] 2025/04/08 - 16:43:36 | syncing channels from database 
[SYS] 2025/04/08 - 16:43:36 | channels synced from database 
[SYS] 2025/04/08 - 16:43:36 | 任务进度轮询开始 
[SYS] 2025/04/08 - 16:43:36 | 任务进度轮询完成 
[SYS] 2025/04/08 - 16:43:36 | batch update started 
[SYS] 2025/04/08 - 16:43:36 | batch update finished 
[SYS] 2025/04/08 - 16:43:41 | batch update started 
[SYS] 2025/04/08 - 16:43:41 | batch update finished 
[SYS] 2025/04/08 - 16:43:46 | batch update started 
[SYS] 2025/04/08 - 16:43:46 | batch update finished 
[GIN] 2025/04/08 - 16:43:47 | 2025040816434754711013N7EYU9yS | 200 |    12.10212ms |             ::1 |     GET /api/user/self
[GIN] 2025/04/08 - 16:43:50 | 20250408164350414301525L6lw0rOp | 200 |    3.753875ms |             ::1 |    POST /api/user/amount
[GIN] 2025/04/08 - 16:43:50 | 20250408164350558740921cIwgyBYV | 200 |    7.424914ms |             ::1 |    POST /api/user/amount
[GIN] 2025/04/08 - 16:43:50 | 20250408164350704264439Qe8E695X | 200 |   13.739957ms |             ::1 |    POST /api/user/amount
[GIN] 2025/04/08 - 16:43:50 | 20250408164350862817582uoIIE5i1 | 200 |    6.785003ms |             ::1 |    POST /api/user/amount
[GIN] 2025/04/08 - 16:43:51 | 202504081643518393408ZpdrSjq3 | 200 |    2.524023ms |             ::1 |    POST /api/user/amount
[SYS] 2025/04/08 - 16:43:51 | 任务进度轮询开始 
[SYS] 2025/04/08 - 16:43:51 | 任务进度轮询完成 
[SYS] 2025/04/08 - 16:43:51 | batch update started 
[SYS] 2025/04/08 - 16:43:51 | batch update finished 
[SYS] 2025/04/08 - 16:43:56 | batch update started 
[SYS] 2025/04/08 - 16:43:56 | batch update finished 
[GIN] 2025/04/08 - 16:43:56 | 20250408164352651753263VESzZVKe | 200 |  3.557376123s |             ::1 |    POST /api/user/pay
[SYS] 2025/04/08 - 16:44:01 | batch update started 
[SYS] 2025/04/08 - 16:44:01 | batch update finished 
[SYS] 2025/04/08 - 16:44:06 | 任务进度轮询开始 
[SYS] 2025/04/08 - 16:44:06 | 任务进度轮询完成 
[SYS] 2025/04/08 - 16:44:06 | batch update started 
[SYS] 2025/04/08 - 16:44:06 | batch update finished 
[SYS] 2025/04/08 - 16:44:11 | batch update started 
[SYS] 2025/04/08 - 16:44:11 | batch update finished 
[SYS] 2025/04/08 - 16:44:15 | batch update started 
[SYS] 2025/04/08 - 16:44:15 | batch update finished 
[SYS] 2025/04/08 - 16:44:20 | 任务进度轮询开始 
[SYS] 2025/04/08 - 16:44:20 | 任务进度轮询完成 
[SYS] 2025/04/08 - 16:44:20 | batch update started 
[SYS] 2025/04/08 - 16:44:20 | batch update finished 
[SYS] 2025/04/08 - 16:44:25 | batch update started 
[SYS] 2025/04/08 - 16:44:25 | batch update finished 
[SYS] 2025/04/08 - 16:44:30 | batch update started 
[SYS] 2025/04/08 - 16:44:30 | batch update finished 
[GIN] 2025/04/08 - 16:44:32 | 20250408164432596617434xYTJoDUl | 200 |   19.199799ms |             ::1 |     GET /topup-success
[GIN] 2025/04/08 - 16:44:35 | 20250408164435411868369b3OilofN | 200 |    1.305238ms |             ::1 |     GET /api/status
[SYS] 2025/04/08 - 16:44:35 | syncing options from database 
[SYS] 2025/04/08 - 16:44:35 | syncing channels from database 
[SYS] 2025/04/08 - 16:44:35 | channels synced from database 
[SYS] 2025/04/08 - 16:44:35 | 任务进度轮询开始 
[SYS] 2025/04/08 - 16:44:35 | 任务进度轮询完成 
[SYS] 2025/04/08 - 16:44:35 | batch update started 
[SYS] 2025/04/08 - 16:44:35 | batch update finished 
[GIN] 2025/04/08 - 16:44:38 | 20250408164438488860424h0Lb85Na | 200 |    1.281356ms |             ::1 |     GET /topup
[GIN] 2025/04/08 - 16:44:39 | 20250408164439859182504qqbjbLT6 | 200 |     1.41377ms |             ::1 |     GET /api/status
[GIN] 2025/04/08 - 16:44:39 | 20250408164439855519526jxF7isYM | 200 |    8.001438ms |             ::1 |     GET /api/user/self
[SYS] 2025/04/08 - 16:44:40 | batch update started 
[SYS] 2025/04/08 - 16:44:40 | batch update finished 
[SYS] 2025/04/08 - 16:44:45 | batch update started 
[SYS] 2025/04/08 - 16:44:45 | batch update finished 
[SYS] 2025/04/08 - 16:44:50 | 任务进度轮询开始 
[SYS] 2025/04/08 - 16:44:50 | 任务进度轮询完成 
[SYS] 2025/04/08 - 16:44:50 | batch update started 
[SYS] 2025/04/08 - 16:44:50 | batch update finished 
[SYS] 2025/04/08 - 16:44:55 | batch update started 
[SYS] 2025/04/08 - 16:44:55 | batch update finished 
[SYS] 2025/04/08 - 16:45:00 | batch update started 
[SYS] 2025/04/08 - 16:45:00 | batch update finished 
[SYS] 2025/04/08 - 16:45:05 | 任务进度轮询开始 
[SYS] 2025/04/08 - 16:45:05 | 任务进度轮询完成 
[SYS] 2025/04/08 - 16:45:05 | batch update started 
[SYS] 2025/04/08 - 16:45:05 | batch update finished 
[SYS] 2025/04/08 - 16:45:10 | batch update started 
[SYS] 2025/04/08 - 16:45:10 | batch update finished 
[SYS] 2025/04/08 - 16:45:14 | batch update started 
[SYS] 2025/04/08 - 16:45:14 | batch update finished 
[SYS] 2025/04/08 - 16:45:19 | 任务进度轮询开始 
[SYS] 2025/04/08 - 16:45:19 | 任务进度轮询完成 
[SYS] 2025/04/08 - 16:45:19 | batch update started 
[SYS] 2025/04/08 - 16:45:19 | batch update finished 
[SYS] 2025/04/08 - 16:45:24 | batch update started 
[SYS] 2025/04/08 - 16:45:24 | batch update finished 
[SYS] 2025/04/08 - 16:45:29 | batch update started 
[SYS] 2025/04/08 - 16:45:29 | batch update finished 
[SYS] 2025/04/08 - 16:45:34 | syncing channels from database 
[SYS] 2025/04/08 - 16:45:34 | syncing options from database 
[SYS] 2025/04/08 - 16:45:34 | 任务进度轮询开始 
[SYS] 2025/04/08 - 16:45:34 | batch update started 
[SYS] 2025/04/08 - 16:45:34 | batch update finished 
[SYS] 2025/04/08 - 16:45:34 | 正在更新数据看板数据... 
[SYS] 2025/04/08 - 16:45:34 | 保存数据看板数据成功，共保存0条数据 
[SYS] 2025/04/08 - 16:45:34 | 任务进度轮询完成 
[SYS] 2025/04/08 - 16:45:34 | channels synced from database 
[SYS] 2025/04/08 - 16:45:39 | batch update started 
[SYS] 2025/04/08 - 16:45:39 | batch update finished 
[SYS] 2025/04/08 - 16:45:44 | batch update started 
[SYS] 2025/04/08 - 16:45:44 | batch update finished 
[SYS] 2025/04/08 - 16:45:49 | batch update started 
[SYS] 2025/04/08 - 16:45:49 | batch update finished 
[SYS] 2025/04/08 - 16:45:49 | 任务进度轮询开始 
[SYS] 2025/04/08 - 16:45:49 | 任务进度轮询完成 
[SYS] 2025/04/08 - 16:45:54 | batch update started 
[SYS] 2025/04/08 - 16:45:54 | batch update finished 
[SYS] 2025/04/08 - 16:45:59 | batch update started 
[SYS] 2025/04/08 - 16:45:59 | batch update finished 
[SYS] 2025/04/08 - 16:46:04 | batch update started 
[SYS] 2025/04/08 - 16:46:04 | batch update finished 
[SYS] 2025/04/08 - 16:46:04 | 任务进度轮询开始 
[SYS] 2025/04/08 - 16:46:04 | 任务进度轮询完成 
[SYS] 2025/04/08 - 16:46:09 | batch update started 
[SYS] 2025/04/08 - 16:46:09 | batch update finished 
[SYS] 2025/04/08 - 16:46:14 | batch update started 
[SYS] 2025/04/08 - 16:46:14 | batch update finished 
[SYS] 2025/04/08 - 16:46:18 | batch update started 
[SYS] 2025/04/08 - 16:46:18 | batch update finished 
[SYS] 2025/04/08 - 16:46:18 | 任务进度轮询开始 
[SYS] 2025/04/08 - 16:46:18 | 任务进度轮询完成 
[SYS] 2025/04/08 - 16:46:23 | batch update started 
[SYS] 2025/04/08 - 16:46:23 | batch update finished 
[SYS] 2025/04/08 - 16:46:28 | batch update started 
[SYS] 2025/04/08 - 16:46:28 | batch update finished 
[SYS] 2025/04/08 - 16:46:33 | batch update started 
[SYS] 2025/04/08 - 16:46:33 | batch update finished 
[SYS] 2025/04/08 - 16:46:33 | syncing options from database 
[SYS] 2025/04/08 - 16:46:33 | syncing channels from database 
[SYS] 2025/04/08 - 16:46:33 | 任务进度轮询开始 
[SYS] 2025/04/08 - 16:46:33 | 任务进度轮询完成 
[SYS] 2025/04/08 - 16:46:33 | channels synced from database 
[SYS] 2025/04/08 - 16:46:38 | batch update started 
[SYS] 2025/04/08 - 16:46:38 | batch update finished 
[SYS] 2025/04/08 - 16:46:43 | batch update started 
[SYS] 2025/04/08 - 16:46:43 | batch update finished 
[SYS] 2025/04/08 - 16:46:48 | batch update started 
[SYS] 2025/04/08 - 16:46:48 | batch update finished 
[SYS] 2025/04/08 - 16:46:48 | 任务进度轮询开始 
[SYS] 2025/04/08 - 16:46:48 | 任务进度轮询完成 
[SYS] 2025/04/08 - 16:46:53 | batch update started 
[SYS] 2025/04/08 - 16:46:53 | batch update finished 
[SYS] 2025/04/08 - 16:46:58 | batch update started 
[SYS] 2025/04/08 - 16:46:58 | batch update finished 
[SYS] 2025/04/08 - 16:47:03 | batch update started 
[SYS] 2025/04/08 - 16:47:03 | batch update finished 
[SYS] 2025/04/08 - 16:47:03 | 任务进度轮询开始 
[SYS] 2025/04/08 - 16:47:03 | 任务进度轮询完成 
[SYS] 2025/04/08 - 16:47:08 | batch update started 
[SYS] 2025/04/08 - 16:47:08 | batch update finished 
[SYS] 2025/04/08 - 16:47:13 | batch update started 
[SYS] 2025/04/08 - 16:47:13 | batch update finished 
[SYS] 2025/04/08 - 16:47:18 | batch update started 
[SYS] 2025/04/08 - 16:47:18 | batch update finished 
[SYS] 2025/04/08 - 16:47:18 | 任务进度轮询开始 
[SYS] 2025/04/08 - 16:47:18 | 任务进度轮询完成 
[SYS] 2025/04/08 - 16:47:22 | batch update started 
[SYS] 2025/04/08 - 16:47:22 | batch update finished 
[SYS] 2025/04/08 - 16:47:27 | batch update started 
[SYS] 2025/04/08 - 16:47:27 | batch update finished 
[SYS] 2025/04/08 - 16:47:32 | batch update started 
[SYS] 2025/04/08 - 16:47:32 | batch update finished 
[SYS] 2025/04/08 - 16:47:32 | syncing options from database 
[SYS] 2025/04/08 - 16:47:32 | syncing channels from database 
[SYS] 2025/04/08 - 16:47:32 | 任务进度轮询开始 
[SYS] 2025/04/08 - 16:47:32 | 任务进度轮询完成 
[SYS] 2025/04/08 - 16:47:32 | channels synced from database 
[SYS] 2025/04/08 - 16:47:37 | batch update started 
[SYS] 2025/04/08 - 16:47:37 | batch update finished 
[SYS] 2025/04/08 - 16:47:42 | batch update started 
[SYS] 2025/04/08 - 16:47:42 | batch update finished 
[SYS] 2025/04/08 - 16:47:47 | batch update started 
[SYS] 2025/04/08 - 16:47:47 | batch update finished 
[SYS] 2025/04/08 - 16:47:47 | 任务进度轮询开始 
[SYS] 2025/04/08 - 16:47:47 | 任务进度轮询完成 
[SYS] 2025/04/08 - 16:47:52 | batch update started 
[SYS] 2025/04/08 - 16:47:52 | batch update finished 
[SYS] 2025/04/08 - 16:47:57 | batch update started 
[SYS] 2025/04/08 - 16:47:57 | batch update finished 
[SYS] 2025/04/08 - 16:48:02 | batch update started 
[SYS] 2025/04/08 - 16:48:02 | batch update finished 
[SYS] 2025/04/08 - 16:48:02 | 任务进度轮询开始 
[SYS] 2025/04/08 - 16:48:02 | 任务进度轮询完成 
[SYS] 2025/04/08 - 16:48:07 | batch update started 
[SYS] 2025/04/08 - 16:48:07 | batch update finished 
[SYS] 2025/04/08 - 16:48:12 | batch update started 
[SYS] 2025/04/08 - 16:48:12 | batch update finished 
[SYS] 2025/04/08 - 16:48:17 | batch update started 
[SYS] 2025/04/08 - 16:48:17 | batch update finished 
[SYS] 2025/04/08 - 16:48:17 | 任务进度轮询开始 
[SYS] 2025/04/08 - 16:48:17 | 任务进度轮询完成 
[SYS] 2025/04/08 - 16:48:22 | batch update started 
[SYS] 2025/04/08 - 16:48:22 | batch update finished 
[SYS] 2025/04/08 - 16:48:26 | batch update started 
[SYS] 2025/04/08 - 16:48:26 | batch update finished 
[SYS] 2025/04/08 - 16:48:31 | batch update started 
[SYS] 2025/04/08 - 16:48:31 | batch update finished 
[SYS] 2025/04/08 - 16:48:31 | syncing options from database 
[SYS] 2025/04/08 - 16:48:31 | syncing channels from database 
[SYS] 2025/04/08 - 16:48:31 | 任务进度轮询开始 
[SYS] 2025/04/08 - 16:48:31 | 任务进度轮询完成 
[SYS] 2025/04/08 - 16:48:31 | channels synced from database 
[SYS] 2025/04/08 - 16:48:36 | batch update started 
[SYS] 2025/04/08 - 16:48:36 | batch update finished 
[SYS] 2025/04/08 - 16:48:41 | batch update started 
[SYS] 2025/04/08 - 16:48:41 | batch update finished 
[GIN] 2025/04/08 - 16:48:43 | 202504081648432658290809KDneWRj | 200 |    7.682201ms |             ::1 |    POST /api/user/amount
[GIN] 2025/04/08 - 16:48:43 | 20250408164843399539184WY1Gu1nN | 200 |    7.911286ms |             ::1 |    POST /api/user/amount
[GIN] 2025/04/08 - 16:48:43 | 20250408164843549975894RLrG9ftL | 200 |     2.69674ms |             ::1 |    POST /api/user/amount
[GIN] 2025/04/08 - 16:48:43 | 20250408164843709236875J4RXmTV7 | 200 |    2.707625ms |             ::1 |    POST /api/user/amount
[SYS] 2025/04/08 - 16:48:46 | batch update started 
[SYS] 2025/04/08 - 16:48:46 | batch update finished 
[SYS] 2025/04/08 - 16:48:46 | 任务进度轮询开始 
[SYS] 2025/04/08 - 16:48:46 | 任务进度轮询完成 
[GIN] 2025/04/08 - 16:48:48 | 202504081648452385504095XowLE8a | 200 |  3.230116623s |             ::1 |    POST /api/user/pay
[SYS] 2025/04/08 - 16:48:51 | batch update started 
[SYS] 2025/04/08 - 16:48:51 | batch update finished 
[SYS] 2025/04/08 - 16:48:56 | batch update started 
[SYS] 2025/04/08 - 16:48:56 | batch update finished 
[SYS] 2025/04/08 - 16:49:00 | batch update started 
[SYS] 2025/04/08 - 16:49:00 | batch update finished 
[SYS] 2025/04/08 - 16:49:01 | 任务进度轮询开始 
[SYS] 2025/04/08 - 16:49:01 | 任务进度轮询完成 
[SYS] 2025/04/08 - 16:49:05 | batch update started 
[SYS] 2025/04/08 - 16:49:05 | batch update finished 
[SYS] 2025/04/08 - 16:49:10 | batch update started 
[SYS] 2025/04/08 - 16:49:10 | batch update finished 
[SYS] 2025/04/08 - 16:49:16 | batch update started 
[SYS] 2025/04/08 - 16:49:16 | batch update finished 
[SYS] 2025/04/08 - 16:49:16 | 任务进度轮询开始 
[SYS] 2025/04/08 - 16:49:16 | 任务进度轮询完成 
[GIN] 2025/04/08 - 16:49:16 | 20250408164913466042458a5KtFBQ8 | 200 |  3.197230732s |   54.187.216.72 |    POST /api/stripe/webhook
[GIN] 2025/04/08 - 16:49:19 | 20250408164919189955935lSpVjX9Y | 200 |    1.987623ms |             ::1 |     GET /topup-success
[SYS] 2025/04/08 - 16:49:21 | batch update started 
[SYS] 2025/04/08 - 16:49:21 | batch update finished 
[GIN] 2025/04/08 - 16:49:22 | 20250408164922389034967cYiF2emq | 200 |   17.326268ms |             ::1 |     GET /api/status
[GIN] 2025/04/08 - 16:49:25 | 20250408164925456743527tXiU176G | 200 |     1.40025ms |             ::1 |     GET /topup
[SYS] 2025/04/08 - 16:49:26 | batch update started 
[SYS] 2025/04/08 - 16:49:26 | batch update finished 
[GIN] 2025/04/08 - 16:49:28 | 20250408164928163059563009crHn3 | 200 |    1.790977ms |             ::1 |     GET /api/status
[GIN] 2025/04/08 - 16:49:28 | 20250408164928157092251og3YjrVE | 200 |    8.560291ms |             ::1 |     GET /api/user/self
[SYS] 2025/04/08 - 16:49:30 | syncing options from database 
[SYS] 2025/04/08 - 16:49:30 | batch update started 
[SYS] 2025/04/08 - 16:49:30 | batch update finished 
[SYS] 2025/04/08 - 16:49:30 | syncing channels from database 
[SYS] 2025/04/08 - 16:49:30 | channels synced from database 
[SYS] 2025/04/08 - 16:49:30 | 任务进度轮询开始 
[SYS] 2025/04/08 - 16:49:30 | 任务进度轮询完成 
[SYS] 2025/04/08 - 16:49:35 | batch update started 
[SYS] 2025/04/08 - 16:49:35 | batch update finished 
[SYS] 2025/04/08 - 16:49:40 | batch update started 
[SYS] 2025/04/08 - 16:49:40 | batch update finished 
[SYS] 2025/04/08 - 16:49:45 | batch update started 
[SYS] 2025/04/08 - 16:49:45 | batch update finished 
[SYS] 2025/04/08 - 16:49:45 | 任务进度轮询开始 
[SYS] 2025/04/08 - 16:49:45 | 任务进度轮询完成 
[SYS] 2025/04/08 - 16:49:50 | batch update started 
[SYS] 2025/04/08 - 16:49:50 | batch update finished 
[SYS] 2025/04/08 - 16:49:55 | batch update started 
[SYS] 2025/04/08 - 16:49:55 | batch update finished 
[SYS] 2025/04/08 - 16:50:00 | batch update started 
[SYS] 2025/04/08 - 16:50:00 | batch update finished 
[SYS] 2025/04/08 - 16:50:00 | 任务进度轮询开始 
[SYS] 2025/04/08 - 16:50:00 | 任务进度轮询完成 
[SYS] 2025/04/08 - 16:50:05 | batch update started 
[SYS] 2025/04/08 - 16:50:05 | batch update finished 
