[SYS] 2025/04/14 - 00:11:36 | New API v0.0.0 started 
[SYS] 2025/04/14 - 00:11:36 | using MySQL as database 
[SYS] 2025/04/14 - 00:11:37 | database migration started 
[SYS] 2025/04/14 - 00:11:37 | database migrated 
[SYS] 2025/04/14 - 00:11:37 | using MySQL as database 
[SYS] 2025/04/14 - 00:11:37 | database migration started 
[SYS] 2025/04/14 - 00:11:38 | Redis is enabled 
[SYS] 2025/04/14 - 00:11:38 | memory cache enabled 
[SYS] 2025/04/14 - 00:11:38 | sync frequency: 60 seconds 
[SYS] 2025/04/14 - 00:11:38 | channels synced from database 
[SYS] 2025/04/14 - 00:11:38 | batch update enabled with interval 5s 
[SYS] 2025/04/14 - 00:11:38 | pprof enabled 
[SYS] 2025/04/14 - 00:11:38 | initializing token encoders 
[SYS] 2025/04/14 - 00:11:38 | 正在更新数据看板数据... 
[SYS] 2025/04/14 - 00:11:38 | 保存数据看板数据成功，共保存0条数据 
[SYS] 2025/04/14 - 00:11:39 | token encoders initialized 
[SYS] 2025/04/14 - 00:11:39 | FRONTEND_BASE_URL is ignored on master node 
[SYS] 2025/04/14 - 00:11:43 | batch update started 
[SYS] 2025/04/14 - 00:11:43 | batch update finished 
[SYS] 2025/04/14 - 00:11:48 | batch update started 
[SYS] 2025/04/14 - 00:11:48 | batch update finished 
[SYS] 2025/04/14 - 00:11:53 | batch update started 
[SYS] 2025/04/14 - 00:11:53 | batch update finished 
[SYS] 2025/04/14 - 00:11:53 | 任务进度轮询开始 
[SYS] 2025/04/14 - 00:11:53 | 任务进度轮询完成 
[SYS] 2025/04/14 - 00:11:58 | batch update started 
[SYS] 2025/04/14 - 00:11:58 | batch update finished 
[SYS] 2025/04/14 - 00:12:04 | batch update started 
[SYS] 2025/04/14 - 00:12:04 | batch update finished 
[SYS] 2025/04/14 - 00:12:09 | batch update started 
[SYS] 2025/04/14 - 00:12:09 | batch update finished 
[SYS] 2025/04/14 - 00:12:09 | 任务进度轮询开始 
[SYS] 2025/04/14 - 00:12:09 | 任务进度轮询完成 
[SYS] 2025/04/14 - 00:12:14 | batch update started 
[SYS] 2025/04/14 - 00:12:14 | batch update finished 
[SYS] 2025/04/14 - 00:12:19 | batch update started 
[SYS] 2025/04/14 - 00:12:19 | batch update finished 
[GIN] 2025/04/14 - 00:12:21 | 20250414001221225789767O5Pbed9K | 404 |   18.511809ms |             ::1 |     GET /assets/index-JG5iQ8t6.js
[GIN] 2025/04/14 - 00:12:21 | 20250414001221229421848TCUF0iac | 200 |  309.237577ms |             ::1 |     GET /assets/visactor-Cb5CgQQd.js
[SYS] 2025/04/14 - 00:12:24 | batch update started 
[SYS] 2025/04/14 - 00:12:24 | batch update finished 
[SYS] 2025/04/14 - 00:12:24 | 任务进度轮询开始 
[SYS] 2025/04/14 - 00:12:24 | 任务进度轮询完成 
[SYS] 2025/04/14 - 00:12:29 | batch update started 
[SYS] 2025/04/14 - 00:12:29 | batch update finished 
[SYS] 2025/04/14 - 00:12:34 | batch update started 
[SYS] 2025/04/14 - 00:12:34 | batch update finished 
[GIN] 2025/04/14 - 00:12:38 | 20250414001238120387697Ralz4Aoa | 200 |    1.080978ms |             ::1 |     GET /detail
[GIN] 2025/04/14 - 00:12:38 | 20250414001238354476897lRZQ5ko8 | 200 |  141.663639ms |             ::1 |     GET /assets/index-WPgHA6qT.css
[GIN] 2025/04/14 - 00:12:38 | 20250414001238354441420K3qPDqNM | 200 |    167.2467ms |             ::1 |     GET /assets/index-DwMNe3mM.js
[SYS] 2025/04/14 - 00:12:39 | syncing channels from database 
[SYS] 2025/04/14 - 00:12:39 | syncing options from database 
[SYS] 2025/04/14 - 00:12:39 | batch update started 
[SYS] 2025/04/14 - 00:12:39 | batch update finished 
[SYS] 2025/04/14 - 00:12:39 | 任务进度轮询开始 
[SYS] 2025/04/14 - 00:12:40 | 任务进度轮询完成 
[SYS] 2025/04/14 - 00:12:40 | channels synced from database 
[GIN] 2025/04/14 - 00:12:40 | 20250414001240640415993kf1fb95n | 200 |     1.66021ms |             ::1 |     GET /assets/index-CmmgudNR.js
[GIN] 2025/04/14 - 00:12:40 | 20250414001240859058634AUr2YwvO | 200 |     956.809µs |             ::1 |     GET /api/status
[GIN] 2025/04/14 - 00:12:41 | 20250414001241908879288Xudj9QQH | 200 |   57.196442ms |             ::1 |     GET /api/user/self
[GIN] 2025/04/14 - 00:12:42 | 20250414001242294207427K37gAvpu | 200 |    8.715566ms |             ::1 |     GET /api/data/self?start_timestamp=1744499561&end_timestamp=1744589561&default_time=hour
[SYS] 2025/04/14 - 00:12:44 | batch update started 
[SYS] 2025/04/14 - 00:12:44 | batch update finished 
[SYS] 2025/04/14 - 00:12:49 | batch update started 
[SYS] 2025/04/14 - 00:12:49 | batch update finished 
[SYS] 2025/04/14 - 00:12:54 | batch update started 
[SYS] 2025/04/14 - 00:12:54 | batch update finished 
[SYS] 2025/04/14 - 00:12:55 | 任务进度轮询开始 
[SYS] 2025/04/14 - 00:12:55 | 任务进度轮询完成 
[SYS] 2025/04/14 - 00:12:59 | batch update started 
[SYS] 2025/04/14 - 00:12:59 | batch update finished 
[SYS] 2025/04/14 - 00:13:05 | batch update started 
[SYS] 2025/04/14 - 00:13:05 | batch update finished 
[GIN] 2025/04/14 - 00:13:05 | 20250414001305334803703XzSv4n0j | 200 |    7.777298ms |             ::1 |     GET /api/user/self/groups
[GIN] 2025/04/14 - 00:13:05 | 20250414001305340171614cxM4dLhJ | 200 |   14.108028ms |             ::1 |     GET /api/token/?p=0&size=10
[GIN] 2025/04/14 - 00:13:05 | 202504140013053354435680OGeYDPg | 200 |   55.535172ms |             ::1 |     GET /api/user/models
[SYS] 2025/04/14 - 00:13:10 | batch update started 
[SYS] 2025/04/14 - 00:13:10 | batch update finished 
[SYS] 2025/04/14 - 00:13:10 | 任务进度轮询开始 
[SYS] 2025/04/14 - 00:13:10 | 任务进度轮询完成 
[GIN] 2025/04/14 - 00:13:14 | 20250414001314450911913PaPbuwtI | 200 |    1.098906ms |             ::1 |     GET /api/user/logout
[SYS] 2025/04/14 - 00:13:15 | batch update started 
[SYS] 2025/04/14 - 00:13:15 | batch update finished 
[SYS] 2025/04/14 - 00:13:20 | batch update started 
[SYS] 2025/04/14 - 00:13:20 | batch update finished 
[GIN] 2025/04/14 - 00:13:23 | 20250414001323799387136z9djolNP | 200 |    96.82031ms |             ::1 |    POST /api/user/login?turnstile=
[GIN] 2025/04/14 - 00:13:24 | 2025041400132417928794QvvxiKWX | 200 |   13.151374ms |             ::1 |     GET /api/user/self/groups
[GIN] 2025/04/14 - 00:13:24 | 2025041400132417925481DAPZAG4Y | 200 |   18.063016ms |             ::1 |     GET /api/token/?p=0&size=10
[GIN] 2025/04/14 - 00:13:24 | 2025041400132413525643KzsZ5RII | 200 |   25.204104ms |             ::1 |     GET /api/user/models
[SYS] 2025/04/14 - 00:13:25 | 任务进度轮询开始 
[SYS] 2025/04/14 - 00:13:25 | batch update started 
[SYS] 2025/04/14 - 00:13:25 | batch update finished 
[SYS] 2025/04/14 - 00:13:25 | 任务进度轮询完成 
[SYS] 2025/04/14 - 00:13:30 | batch update started 
[SYS] 2025/04/14 - 00:13:30 | batch update finished 
[SYS] 2025/04/14 - 00:13:35 | batch update started 
[SYS] 2025/04/14 - 00:13:35 | batch update finished 
[GIN] 2025/04/14 - 00:13:36 | 20250414001336230883899CaSFsyqa | 200 |    1.827139ms |             ::1 |     GET /api/option/
[GIN] 2025/04/14 - 00:13:36 | 20250414001336230743267s0qpNLO3 | 200 |    9.386512ms |             ::1 |     GET /api/channel/models_enabled
[GIN] 2025/04/14 - 00:13:40 | 20250414001340368670268ytdzbobs | 200 |    5.039322ms |             ::1 |     GET /api/option/
[GIN] 2025/04/14 - 00:13:40 | 20250414001340657113637fCEBQuik | 200 |   11.247516ms |             ::1 |     GET /assets/icons-Du6TOHnR.woff2
[SYS] 2025/04/14 - 00:13:40 | syncing options from database 
[SYS] 2025/04/14 - 00:13:41 | syncing channels from database 
[SYS] 2025/04/14 - 00:13:41 | 任务进度轮询开始 
[SYS] 2025/04/14 - 00:13:41 | channels synced from database 
[SYS] 2025/04/14 - 00:13:41 | 任务进度轮询完成 
[SYS] 2025/04/14 - 00:13:41 | batch update started 
[SYS] 2025/04/14 - 00:13:41 | batch update finished 
[SYS] 2025/04/14 - 00:13:46 | batch update started 
[SYS] 2025/04/14 - 00:13:46 | batch update finished 
[SYS] 2025/04/14 - 00:13:51 | batch update started 
[SYS] 2025/04/14 - 00:13:51 | batch update finished 
[SYS] 2025/04/14 - 00:13:56 | 任务进度轮询开始 
[SYS] 2025/04/14 - 00:13:56 | 任务进度轮询完成 
[SYS] 2025/04/14 - 00:13:56 | batch update started 
[SYS] 2025/04/14 - 00:13:56 | batch update finished 
[SYS] 2025/04/14 - 00:14:01 | batch update started 
[SYS] 2025/04/14 - 00:14:01 | batch update finished 
[SYS] 2025/04/14 - 00:14:06 | batch update started 
[SYS] 2025/04/14 - 00:14:06 | batch update finished 
[SYS] 2025/04/14 - 00:14:11 | 任务进度轮询开始 
[SYS] 2025/04/14 - 00:14:11 | batch update started 
[SYS] 2025/04/14 - 00:14:11 | batch update finished 
[SYS] 2025/04/14 - 00:14:11 | 任务进度轮询完成 
[SYS] 2025/04/14 - 00:14:17 | batch update started 
[SYS] 2025/04/14 - 00:14:17 | batch update finished 
[SYS] 2025/04/14 - 00:14:22 | batch update started 
[SYS] 2025/04/14 - 00:14:22 | batch update finished 
[SYS] 2025/04/14 - 00:14:27 | batch update started 
[SYS] 2025/04/14 - 00:14:27 | batch update finished 
[SYS] 2025/04/14 - 00:14:27 | 任务进度轮询开始 
[SYS] 2025/04/14 - 00:14:27 | 任务进度轮询完成 
[SYS] 2025/04/14 - 00:14:32 | batch update started 
[SYS] 2025/04/14 - 00:14:32 | batch update finished 
[SYS] 2025/04/14 - 00:14:37 | batch update started 
[SYS] 2025/04/14 - 00:14:37 | batch update finished 
[SYS] 2025/04/14 - 00:14:42 | syncing options from database 
[SYS] 2025/04/14 - 00:14:42 | syncing channels from database 
[SYS] 2025/04/14 - 00:14:42 | channels synced from database 
[SYS] 2025/04/14 - 00:14:42 | batch update started 
[SYS] 2025/04/14 - 00:14:42 | batch update finished 
[SYS] 2025/04/14 - 00:14:42 | 任务进度轮询开始 
[SYS] 2025/04/14 - 00:14:42 | 任务进度轮询完成 
[SYS] 2025/04/14 - 00:14:48 | batch update started 
[SYS] 2025/04/14 - 00:14:48 | batch update finished 
[SYS] 2025/04/14 - 00:14:53 | batch update started 
[SYS] 2025/04/14 - 00:14:53 | batch update finished 
[SYS] 2025/04/14 - 00:14:58 | batch update started 
[SYS] 2025/04/14 - 00:14:58 | batch update finished 
[SYS] 2025/04/14 - 00:14:58 | 任务进度轮询开始 
[SYS] 2025/04/14 - 00:14:58 | 任务进度轮询完成 
[SYS] 2025/04/14 - 00:15:03 | batch update started 
[SYS] 2025/04/14 - 00:15:03 | batch update finished 
[SYS] 2025/04/14 - 00:15:08 | batch update started 
[SYS] 2025/04/14 - 00:15:08 | batch update finished 
[SYS] 2025/04/14 - 00:15:13 | batch update started 
[SYS] 2025/04/14 - 00:15:13 | batch update finished 
[SYS] 2025/04/14 - 00:15:13 | 任务进度轮询开始 
[SYS] 2025/04/14 - 00:15:13 | 任务进度轮询完成 
[SYS] 2025/04/14 - 00:15:18 | batch update started 
[SYS] 2025/04/14 - 00:15:18 | batch update finished 
[SYS] 2025/04/14 - 00:15:24 | batch update started 
[SYS] 2025/04/14 - 00:15:24 | batch update finished 
[SYS] 2025/04/14 - 00:15:29 | batch update started 
[SYS] 2025/04/14 - 00:15:29 | batch update finished 
[SYS] 2025/04/14 - 00:15:29 | 任务进度轮询开始 
[SYS] 2025/04/14 - 00:15:29 | 任务进度轮询完成 
[SYS] 2025/04/14 - 00:15:34 | batch update started 
[SYS] 2025/04/14 - 00:15:34 | batch update finished 
[SYS] 2025/04/14 - 00:15:39 | batch update started 
[SYS] 2025/04/14 - 00:15:39 | batch update finished 
[SYS] 2025/04/14 - 00:15:44 | syncing options from database 
[SYS] 2025/04/14 - 00:15:44 | syncing channels from database 
[SYS] 2025/04/14 - 00:15:44 | channels synced from database 
[SYS] 2025/04/14 - 00:15:44 | 任务进度轮询开始 
[SYS] 2025/04/14 - 00:15:44 | 任务进度轮询完成 
[SYS] 2025/04/14 - 00:15:44 | batch update started 
[SYS] 2025/04/14 - 00:15:44 | batch update finished 
[SYS] 2025/04/14 - 00:15:49 | batch update started 
[SYS] 2025/04/14 - 00:15:49 | batch update finished 
[SYS] 2025/04/14 - 00:15:55 | batch update started 
[SYS] 2025/04/14 - 00:15:55 | batch update finished 
[SYS] 2025/04/14 - 00:16:00 | 任务进度轮询开始 
[SYS] 2025/04/14 - 00:16:00 | batch update started 
[SYS] 2025/04/14 - 00:16:00 | batch update finished 
[SYS] 2025/04/14 - 00:16:00 | 任务进度轮询完成 
[SYS] 2025/04/14 - 00:16:05 | batch update started 
[SYS] 2025/04/14 - 00:16:05 | batch update finished 
[SYS] 2025/04/14 - 00:16:10 | batch update started 
[SYS] 2025/04/14 - 00:16:10 | batch update finished 
[SYS] 2025/04/14 - 00:16:15 | 任务进度轮询开始 
[SYS] 2025/04/14 - 00:16:15 | 任务进度轮询完成 
[SYS] 2025/04/14 - 00:16:15 | batch update started 
[SYS] 2025/04/14 - 00:16:15 | batch update finished 
[SYS] 2025/04/14 - 00:16:20 | batch update started 
[SYS] 2025/04/14 - 00:16:20 | batch update finished 
[SYS] 2025/04/14 - 00:16:25 | batch update started 
[SYS] 2025/04/14 - 00:16:25 | batch update finished 
[SYS] 2025/04/14 - 00:16:31 | batch update started 
[SYS] 2025/04/14 - 00:16:31 | batch update finished 
[SYS] 2025/04/14 - 00:16:31 | 任务进度轮询开始 
[SYS] 2025/04/14 - 00:16:31 | 任务进度轮询完成 
[SYS] 2025/04/14 - 00:16:36 | batch update started 
[SYS] 2025/04/14 - 00:16:36 | batch update finished 
[SYS] 2025/04/14 - 00:16:41 | batch update started 
[SYS] 2025/04/14 - 00:16:41 | batch update finished 
[SYS] 2025/04/14 - 00:16:45 | 正在更新数据看板数据... 
[SYS] 2025/04/14 - 00:16:45 | 保存数据看板数据成功，共保存0条数据 
[SYS] 2025/04/14 - 00:16:45 | syncing options from database 
[SYS] 2025/04/14 - 00:16:46 | syncing channels from database 
[SYS] 2025/04/14 - 00:16:46 | channels synced from database 
[SYS] 2025/04/14 - 00:16:46 | batch update started 
[SYS] 2025/04/14 - 00:16:46 | batch update finished 
[SYS] 2025/04/14 - 00:16:46 | 任务进度轮询开始 
[SYS] 2025/04/14 - 00:16:46 | 任务进度轮询完成 
[SYS] 2025/04/14 - 00:16:51 | batch update started 
[SYS] 2025/04/14 - 00:16:51 | batch update finished 
[SYS] 2025/04/14 - 00:16:56 | batch update started 
[SYS] 2025/04/14 - 00:16:56 | batch update finished 
[SYS] 2025/04/14 - 00:17:01 | batch update started 
[SYS] 2025/04/14 - 00:17:01 | batch update finished 
[SYS] 2025/04/14 - 00:17:01 | 任务进度轮询开始 
[SYS] 2025/04/14 - 00:17:01 | 任务进度轮询完成 
[GIN] 2025/04/14 - 00:17:05 | 20250414001705421231609TEjNAGRw | 200 |    1.983706ms |             ::1 |     GET /api/models
[GIN] 2025/04/14 - 00:17:05 | 202504140017053910513290EaGh42l | 200 |   33.643969ms |             ::1 |     GET /api/channel/models
[GIN] 2025/04/14 - 00:17:05 | 20250414001705421231609JFD9AjUr | 200 |    3.473045ms |             ::1 |     GET /api/channel/?p=0&page_size=10&id_sort=false&tag_mode=false
[GIN] 2025/04/14 - 00:17:05 | 20250414001705451449602WuRe3aA2 | 200 |     5.93114ms |             ::1 |     GET /api/channel/models
[GIN] 2025/04/14 - 00:17:05 | 20250414001705488713961iHXO9vJa | 200 |     952.873µs |             ::1 |     GET /api/group/
[GIN] 2025/04/14 - 00:17:05 | 20250414001705552811365SzdLa8IS | 200 |     977.918µs |             ::1 |     GET /api/group/
[GIN] 2025/04/14 - 00:17:05 | 20250414001705561232467ovcrAGXP | 200 |    1.159079ms |             ::1 |     GET /api/group/
[SYS] 2025/04/14 - 00:17:06 | batch update started 
[SYS] 2025/04/14 - 00:17:06 | batch update finished 
[GIN] 2025/04/14 - 00:17:09 | 20250414001709650277409voHswj5m | 200 |   46.512486ms |             ::1 |     GET /api/redemption/?p=0&page_size=10
[SYS] 2025/04/14 - 00:17:11 | batch update started 
[SYS] 2025/04/14 - 00:17:11 | batch update finished 
[SYS] 2025/04/14 - 00:17:16 | batch update started 
[SYS] 2025/04/14 - 00:17:16 | batch update finished 
[SYS] 2025/04/14 - 00:17:16 | 任务进度轮询开始 
[SYS] 2025/04/14 - 00:17:16 | 任务进度轮询完成 
[GIN] 2025/04/14 - 00:17:17 | 20250414001717521217250UrLHqBHX | 200 |    1.233206ms |             ::1 |     GET /api/group/
[GIN] 2025/04/14 - 00:17:17 | 20250414001717519413799hXM9FYAN | 200 |   11.368595ms |             ::1 |     GET /api/user/self
[GIN] 2025/04/14 - 00:17:17 | 202504140017175235149726NNCwkVe | 200 |   48.298989ms |             ::1 |     GET /api/user/?p=0&page_size=10
[SYS] 2025/04/14 - 00:17:21 | batch update started 
[SYS] 2025/04/14 - 00:17:21 | batch update finished 
[GIN] 2025/04/14 - 00:17:23 | 20250414001723281151407i14Q39VM | 200 |   11.789021ms |             ::1 |     GET /api/option/
[GIN] 2025/04/14 - 00:17:23 | 20250414001723280855542yPQKMIEq | 200 |   30.697192ms |             ::1 |     GET /api/channel/models_enabled
[GIN] 2025/04/14 - 00:17:24 | 202504140017246369379990rH1Wbe8 | 200 |      2.3488ms |             ::1 |     GET /api/user/self
[SYS] 2025/04/14 - 00:17:26 | batch update started 
[SYS] 2025/04/14 - 00:17:26 | batch update finished 
[GIN] 2025/04/14 - 00:17:27 | 202504140017273421645755FDRzHvO | 200 |    2.177107ms |             ::1 |     GET /api/user/self
[GIN] 2025/04/14 - 00:17:27 | 20250414001727342288712X7hSxzCP | 200 |   64.159683ms |             ::1 |     GET /api/user/models
[GIN] 2025/04/14 - 00:17:27 | 20250414001727338248078bjsNuMez | 200 |  170.916055ms |             ::1 |     GET /api/user/aff
[SYS] 2025/04/14 - 00:17:31 | batch update started 
[SYS] 2025/04/14 - 00:17:31 | batch update finished 
[SYS] 2025/04/14 - 00:17:31 | 任务进度轮询开始 
[SYS] 2025/04/14 - 00:17:31 | 任务进度轮询完成 
[SYS] 2025/04/14 - 00:17:37 | batch update started 
[SYS] 2025/04/14 - 00:17:37 | batch update finished 
[SYS] 2025/04/14 - 00:17:42 | batch update started 
[SYS] 2025/04/14 - 00:17:42 | batch update finished 
[GIN] 2025/04/14 - 00:17:45 | 20250414001745921563363cyJEQN0P | 200 |    1.591095ms |             ::1 |     GET /api/channel/models_enabled
[GIN] 2025/04/14 - 00:17:45 | 20250414001745924811055MUXlwJm0 | 200 |    1.687661ms |             ::1 |     GET /api/option/
[SYS] 2025/04/14 - 00:17:47 | syncing options from database 
[SYS] 2025/04/14 - 00:17:47 | syncing channels from database 
[SYS] 2025/04/14 - 00:17:47 | channels synced from database 
[SYS] 2025/04/14 - 00:17:47 | batch update started 
[SYS] 2025/04/14 - 00:17:47 | batch update finished 
[SYS] 2025/04/14 - 00:17:47 | 任务进度轮询开始 
[SYS] 2025/04/14 - 00:17:47 | 任务进度轮询完成 
[SYS] 2025/04/14 - 00:17:52 | batch update started 
[SYS] 2025/04/14 - 00:17:52 | batch update finished 
[SYS] 2025/04/14 - 00:17:57 | batch update started 
[SYS] 2025/04/14 - 00:17:57 | batch update finished 
[SYS] 2025/04/14 - 00:18:02 | batch update started 
[SYS] 2025/04/14 - 00:18:02 | batch update finished 
[SYS] 2025/04/14 - 00:18:02 | 任务进度轮询开始 
[SYS] 2025/04/14 - 00:18:02 | 任务进度轮询完成 
[SYS] 2025/04/14 - 00:18:08 | batch update started 
[SYS] 2025/04/14 - 00:18:08 | batch update finished 
[SYS] 2025/04/14 - 00:18:13 | batch update started 
[SYS] 2025/04/14 - 00:18:13 | batch update finished 
[SYS] 2025/04/14 - 00:18:18 | batch update started 
[SYS] 2025/04/14 - 00:18:18 | batch update finished 
[SYS] 2025/04/14 - 00:18:18 | 任务进度轮询开始 
[SYS] 2025/04/14 - 00:18:18 | 任务进度轮询完成 
[SYS] 2025/04/14 - 00:18:23 | batch update started 
[SYS] 2025/04/14 - 00:18:23 | batch update finished 
[SYS] 2025/04/14 - 00:18:28 | batch update started 
[SYS] 2025/04/14 - 00:18:28 | batch update finished 
[SYS] 2025/04/14 - 00:18:33 | batch update started 
[SYS] 2025/04/14 - 00:18:33 | batch update finished 
[SYS] 2025/04/14 - 00:18:33 | 任务进度轮询开始 
[SYS] 2025/04/14 - 00:18:33 | 任务进度轮询完成 
[SYS] 2025/04/14 - 00:18:38 | batch update started 
[SYS] 2025/04/14 - 00:18:38 | batch update finished 
[SYS] 2025/04/14 - 00:18:44 | batch update started 
[SYS] 2025/04/14 - 00:18:44 | batch update finished 
[SYS] 2025/04/14 - 00:18:49 | syncing options from database 
[SYS] 2025/04/14 - 00:18:49 | syncing channels from database 
[SYS] 2025/04/14 - 00:18:49 | channels synced from database 
[SYS] 2025/04/14 - 00:18:49 | batch update started 
[SYS] 2025/04/14 - 00:18:49 | batch update finished 
[SYS] 2025/04/14 - 00:18:49 | 任务进度轮询开始 
[SYS] 2025/04/14 - 00:18:49 | 任务进度轮询完成 
[SYS] 2025/04/14 - 00:18:54 | batch update started 
[SYS] 2025/04/14 - 00:18:54 | batch update finished 
[SYS] 2025/04/14 - 00:18:59 | batch update started 
[SYS] 2025/04/14 - 00:18:59 | batch update finished 
[SYS] 2025/04/14 - 00:19:04 | batch update started 
[SYS] 2025/04/14 - 00:19:04 | batch update finished 
[SYS] 2025/04/14 - 00:19:04 | 任务进度轮询开始 
[SYS] 2025/04/14 - 00:19:04 | 任务进度轮询完成 
[SYS] 2025/04/14 - 00:19:09 | batch update started 
[SYS] 2025/04/14 - 00:19:09 | batch update finished 
[SYS] 2025/04/14 - 00:19:15 | batch update started 
[SYS] 2025/04/14 - 00:19:15 | batch update finished 
[SYS] 2025/04/14 - 00:19:20 | batch update started 
[SYS] 2025/04/14 - 00:19:20 | batch update finished 
[SYS] 2025/04/14 - 00:19:20 | 任务进度轮询开始 
[SYS] 2025/04/14 - 00:19:20 | 任务进度轮询完成 
[SYS] 2025/04/14 - 00:19:25 | batch update started 
[SYS] 2025/04/14 - 00:19:25 | batch update finished 
[SYS] 2025/04/14 - 00:19:30 | batch update started 
[SYS] 2025/04/14 - 00:19:30 | batch update finished 
[GIN] 2025/04/14 - 00:19:30 | 20250414001930589637099ezybFQap | 200 |   19.981749ms |             ::1 |     GET /api/pricing
[SYS] 2025/04/14 - 00:19:35 | batch update started 
[SYS] 2025/04/14 - 00:19:35 | batch update finished 
[SYS] 2025/04/14 - 00:19:35 | 任务进度轮询开始 
[SYS] 2025/04/14 - 00:19:35 | 任务进度轮询完成 
[SYS] 2025/04/14 - 00:19:40 | batch update started 
[SYS] 2025/04/14 - 00:19:40 | batch update finished 
[SYS] 2025/04/14 - 00:19:45 | batch update started 
[SYS] 2025/04/14 - 00:19:45 | batch update finished 
[SYS] 2025/04/14 - 00:19:51 | syncing options from database 
[SYS] 2025/04/14 - 00:19:51 | syncing channels from database 
[SYS] 2025/04/14 - 00:19:51 | channels synced from database 
[SYS] 2025/04/14 - 00:19:51 | batch update started 
[SYS] 2025/04/14 - 00:19:51 | batch update finished 
[SYS] 2025/04/14 - 00:19:51 | 任务进度轮询开始 
[SYS] 2025/04/14 - 00:19:51 | 任务进度轮询完成 
[SYS] 2025/04/14 - 00:19:56 | batch update started 
[SYS] 2025/04/14 - 00:19:56 | batch update finished 
[SYS] 2025/04/14 - 00:20:01 | batch update started 
[SYS] 2025/04/14 - 00:20:01 | batch update finished 
[SYS] 2025/04/14 - 00:20:06 | batch update started 
[SYS] 2025/04/14 - 00:20:06 | batch update finished 
[SYS] 2025/04/14 - 00:20:06 | 任务进度轮询开始 
[SYS] 2025/04/14 - 00:20:06 | 任务进度轮询完成 
[SYS] 2025/04/14 - 00:20:11 | batch update started 
[SYS] 2025/04/14 - 00:20:11 | batch update finished 
[SYS] 2025/04/14 - 00:20:16 | batch update started 
[SYS] 2025/04/14 - 00:20:16 | batch update finished 
[GIN] 2025/04/14 - 00:20:20 | 20250414002020163028858ZvLJIr3k | 200 |    1.812572ms |             ::1 |     GET /api/option/
[GIN] 2025/04/14 - 00:20:20 | 20250414002020160747095hMzFtYtR | 200 |  191.442188ms |             ::1 |     GET /api/channel/models_enabled
[SYS] 2025/04/14 - 00:20:22 | batch update started 
[SYS] 2025/04/14 - 00:20:22 | batch update finished 
[SYS] 2025/04/14 - 00:20:22 | 任务进度轮询开始 
[SYS] 2025/04/14 - 00:20:22 | 任务进度轮询完成 
[SYS] 2025/04/14 - 00:20:27 | batch update started 
[SYS] 2025/04/14 - 00:20:27 | batch update finished 
[SYS] 2025/04/14 - 00:20:32 | batch update started 
[SYS] 2025/04/14 - 00:20:32 | batch update finished 
[SYS] 2025/04/14 - 00:20:37 | batch update started 
[SYS] 2025/04/14 - 00:20:37 | batch update finished 
[SYS] 2025/04/14 - 00:20:37 | 任务进度轮询开始 
[SYS] 2025/04/14 - 00:20:37 | 任务进度轮询完成 
[SYS] 2025/04/14 - 00:20:42 | batch update started 
[SYS] 2025/04/14 - 00:20:42 | batch update finished 
[SYS] 2025/04/14 - 00:20:47 | batch update started 
[SYS] 2025/04/14 - 00:20:47 | batch update finished 
[GIN] 2025/04/14 - 00:20:49 | 20250414002049283210909tPWwusD7 | 200 |     1.86711ms |             ::1 |     GET /api/option/
[SYS] 2025/04/14 - 00:20:52 | syncing options from database 
[SYS] 2025/04/14 - 00:20:53 | syncing channels from database 
[SYS] 2025/04/14 - 00:20:53 | channels synced from database 
[SYS] 2025/04/14 - 00:20:53 | batch update started 
[SYS] 2025/04/14 - 00:20:53 | batch update finished 
[SYS] 2025/04/14 - 00:20:53 | 任务进度轮询开始 
[SYS] 2025/04/14 - 00:20:53 | 任务进度轮询完成 
[SYS] 2025/04/14 - 00:20:58 | batch update started 
[SYS] 2025/04/14 - 00:20:58 | batch update finished 
[SYS] 2025/04/14 - 00:21:03 | batch update started 
[SYS] 2025/04/14 - 00:21:03 | batch update finished 
[SYS] 2025/04/14 - 00:21:08 | batch update started 
[SYS] 2025/04/14 - 00:21:08 | batch update finished 
[SYS] 2025/04/14 - 00:21:08 | 任务进度轮询开始 
[SYS] 2025/04/14 - 00:21:08 | 任务进度轮询完成 
[SYS] 2025/04/14 - 00:21:13 | batch update started 
[SYS] 2025/04/14 - 00:21:13 | batch update finished 
[SYS] 2025/04/14 - 00:21:18 | batch update started 
[SYS] 2025/04/14 - 00:21:18 | batch update finished 
[SYS] 2025/04/14 - 00:21:23 | batch update started 
[SYS] 2025/04/14 - 00:21:23 | batch update finished 
[SYS] 2025/04/14 - 00:21:23 | 任务进度轮询开始 
[SYS] 2025/04/14 - 00:21:23 | 任务进度轮询完成 
[SYS] 2025/04/14 - 00:21:29 | batch update started 
[SYS] 2025/04/14 - 00:21:29 | batch update finished 
[SYS] 2025/04/14 - 00:21:34 | batch update started 
[SYS] 2025/04/14 - 00:21:34 | batch update finished 
[SYS] 2025/04/14 - 00:21:39 | batch update started 
[SYS] 2025/04/14 - 00:21:39 | batch update finished 
[SYS] 2025/04/14 - 00:21:39 | 任务进度轮询开始 
[SYS] 2025/04/14 - 00:21:39 | 任务进度轮询完成 
[SYS] 2025/04/14 - 00:21:44 | batch update started 
[SYS] 2025/04/14 - 00:21:44 | batch update finished 
[SYS] 2025/04/14 - 00:21:49 | batch update started 
[SYS] 2025/04/14 - 00:21:49 | batch update finished 
[SYS] 2025/04/14 - 00:21:54 | testing all channels 
[SYS] 2025/04/14 - 00:21:54 | 正在更新数据看板数据... 
[SYS] 2025/04/14 - 00:21:54 | 保存数据看板数据成功，共保存0条数据 
[SYS] 2025/04/14 - 00:21:54 | channel test finished 
[SYS] 2025/04/14 - 00:21:54 | syncing options from database 
[SYS] 2025/04/14 - 00:21:54 | syncing channels from database 
[SYS] 2025/04/14 - 00:21:54 | channels synced from database 
[SYS] 2025/04/14 - 00:21:54 | batch update started 
[SYS] 2025/04/14 - 00:21:54 | batch update finished 
[SYS] 2025/04/14 - 00:21:54 | 任务进度轮询开始 
[SYS] 2025/04/14 - 00:21:54 | 任务进度轮询完成 
[SYS] 2025/04/14 - 00:22:00 | batch update started 
[SYS] 2025/04/14 - 00:22:00 | batch update finished 
[SYS] 2025/04/14 - 00:22:05 | batch update started 
[SYS] 2025/04/14 - 00:22:05 | batch update finished 
[SYS] 2025/04/14 - 00:22:10 | batch update started 
[SYS] 2025/04/14 - 00:22:10 | batch update finished 
[SYS] 2025/04/14 - 00:22:10 | 任务进度轮询开始 
[SYS] 2025/04/14 - 00:22:10 | 任务进度轮询完成 
[SYS] 2025/04/14 - 00:22:15 | batch update started 
[SYS] 2025/04/14 - 00:22:15 | batch update finished 
[SYS] 2025/04/14 - 00:22:20 | batch update started 
[SYS] 2025/04/14 - 00:22:20 | batch update finished 
[SYS] 2025/04/14 - 00:22:25 | batch update started 
[SYS] 2025/04/14 - 00:22:25 | batch update finished 
[SYS] 2025/04/14 - 00:22:25 | 任务进度轮询开始 
[SYS] 2025/04/14 - 00:22:25 | 任务进度轮询完成 
[SYS] 2025/04/14 - 00:22:30 | batch update started 
[SYS] 2025/04/14 - 00:22:30 | batch update finished 
[SYS] 2025/04/14 - 00:22:36 | batch update started 
[SYS] 2025/04/14 - 00:22:36 | batch update finished 
[SYS] 2025/04/14 - 00:22:41 | batch update started 
[SYS] 2025/04/14 - 00:22:41 | batch update finished 
[SYS] 2025/04/14 - 00:22:41 | 任务进度轮询开始 
[SYS] 2025/04/14 - 00:22:41 | 任务进度轮询完成 
[SYS] 2025/04/14 - 00:22:46 | batch update started 
[SYS] 2025/04/14 - 00:22:46 | batch update finished 
[SYS] 2025/04/14 - 00:22:51 | batch update started 
[SYS] 2025/04/14 - 00:22:51 | batch update finished 
[SYS] 2025/04/14 - 00:22:55 | syncing options from database 
[SYS] 2025/04/14 - 00:22:56 | syncing channels from database 
[SYS] 2025/04/14 - 00:22:56 | channels synced from database 
[SYS] 2025/04/14 - 00:22:56 | batch update started 
[SYS] 2025/04/14 - 00:22:56 | batch update finished 
[SYS] 2025/04/14 - 00:22:56 | 任务进度轮询开始 
[SYS] 2025/04/14 - 00:22:56 | 任务进度轮询完成 
[SYS] 2025/04/14 - 00:23:01 | batch update started 
[SYS] 2025/04/14 - 00:23:01 | batch update finished 
[SYS] 2025/04/14 - 00:23:07 | batch update started 
[SYS] 2025/04/14 - 00:23:07 | batch update finished 
[SYS] 2025/04/14 - 00:23:12 | batch update started 
[SYS] 2025/04/14 - 00:23:12 | batch update finished 
[SYS] 2025/04/14 - 00:23:12 | 任务进度轮询开始 
[SYS] 2025/04/14 - 00:23:12 | 任务进度轮询完成 
[SYS] 2025/04/14 - 00:23:17 | batch update started 
[SYS] 2025/04/14 - 00:23:17 | batch update finished 
[SYS] 2025/04/14 - 00:23:22 | batch update started 
[SYS] 2025/04/14 - 00:23:22 | batch update finished 
[SYS] 2025/04/14 - 00:23:27 | batch update started 
[SYS] 2025/04/14 - 00:23:27 | batch update finished 
[SYS] 2025/04/14 - 00:23:27 | 任务进度轮询开始 
[SYS] 2025/04/14 - 00:23:27 | 任务进度轮询完成 
[SYS] 2025/04/14 - 00:23:32 | batch update started 
[SYS] 2025/04/14 - 00:23:32 | batch update finished 
[SYS] 2025/04/14 - 00:23:37 | batch update started 
[SYS] 2025/04/14 - 00:23:37 | batch update finished 
[SYS] 2025/04/14 - 00:23:43 | batch update started 
[SYS] 2025/04/14 - 00:23:43 | batch update finished 
[SYS] 2025/04/14 - 00:23:43 | 任务进度轮询开始 
[SYS] 2025/04/14 - 00:23:43 | 任务进度轮询完成 
[SYS] 2025/04/14 - 00:23:48 | batch update started 
[SYS] 2025/04/14 - 00:23:48 | batch update finished 
[SYS] 2025/04/14 - 00:23:53 | batch update started 
[SYS] 2025/04/14 - 00:23:53 | batch update finished 
[SYS] 2025/04/14 - 00:23:57 | syncing options from database 
[SYS] 2025/04/14 - 00:23:57 | syncing channels from database 
[SYS] 2025/04/14 - 00:23:57 | channels synced from database 
[SYS] 2025/04/14 - 00:23:58 | batch update started 
[SYS] 2025/04/14 - 00:23:58 | batch update finished 
[SYS] 2025/04/14 - 00:23:58 | 任务进度轮询开始 
[SYS] 2025/04/14 - 00:23:58 | 任务进度轮询完成 
[SYS] 2025/04/14 - 00:24:03 | batch update started 
[SYS] 2025/04/14 - 00:24:03 | batch update finished 
[SYS] 2025/04/14 - 00:24:08 | batch update started 
[SYS] 2025/04/14 - 00:24:08 | batch update finished 
[SYS] 2025/04/14 - 00:24:14 | batch update started 
[SYS] 2025/04/14 - 00:24:14 | batch update finished 
[SYS] 2025/04/14 - 00:24:14 | 任务进度轮询开始 
[SYS] 2025/04/14 - 00:24:14 | 任务进度轮询完成 
[SYS] 2025/04/14 - 00:24:19 | batch update started 
[SYS] 2025/04/14 - 00:24:19 | batch update finished 
[SYS] 2025/04/14 - 00:24:24 | batch update started 
[SYS] 2025/04/14 - 00:24:24 | batch update finished 
[SYS] 2025/04/14 - 00:24:29 | batch update started 
[SYS] 2025/04/14 - 00:24:29 | batch update finished 
[SYS] 2025/04/14 - 00:24:29 | 任务进度轮询开始 
[SYS] 2025/04/14 - 00:24:29 | 任务进度轮询完成 
[SYS] 2025/04/14 - 00:24:34 | batch update started 
[SYS] 2025/04/14 - 00:24:34 | batch update finished 
[SYS] 2025/04/14 - 00:24:39 | batch update started 
[SYS] 2025/04/14 - 00:24:39 | batch update finished 
[SYS] 2025/04/14 - 00:24:44 | batch update started 
[SYS] 2025/04/14 - 00:24:44 | batch update finished 
[SYS] 2025/04/14 - 00:24:44 | 任务进度轮询开始 
[SYS] 2025/04/14 - 00:24:44 | 任务进度轮询完成 
[SYS] 2025/04/14 - 00:24:49 | batch update started 
[SYS] 2025/04/14 - 00:24:49 | batch update finished 
[SYS] 2025/04/14 - 00:24:54 | batch update started 
[SYS] 2025/04/14 - 00:24:54 | batch update finished 
[SYS] 2025/04/14 - 00:24:59 | syncing options from database 
[SYS] 2025/04/14 - 00:24:59 | syncing channels from database 
[SYS] 2025/04/14 - 00:24:59 | channels synced from database 
[SYS] 2025/04/14 - 00:24:59 | batch update started 
[SYS] 2025/04/14 - 00:24:59 | batch update finished 
[SYS] 2025/04/14 - 00:24:59 | 任务进度轮询开始 
[SYS] 2025/04/14 - 00:24:59 | 任务进度轮询完成 
[SYS] 2025/04/14 - 00:25:04 | batch update started 
[SYS] 2025/04/14 - 00:25:04 | batch update finished 
[SYS] 2025/04/14 - 00:25:09 | batch update started 
[SYS] 2025/04/14 - 00:25:09 | batch update finished 
[SYS] 2025/04/14 - 00:25:14 | batch update started 
[SYS] 2025/04/14 - 00:25:14 | batch update finished 
[SYS] 2025/04/14 - 00:25:14 | 任务进度轮询开始 
[SYS] 2025/04/14 - 00:25:14 | 任务进度轮询完成 
[SYS] 2025/04/14 - 00:25:20 | batch update started 
[SYS] 2025/04/14 - 00:25:20 | batch update finished 
[SYS] 2025/04/14 - 00:25:25 | batch update started 
[SYS] 2025/04/14 - 00:25:25 | batch update finished 
[SYS] 2025/04/14 - 00:25:30 | batch update started 
[SYS] 2025/04/14 - 00:25:30 | batch update finished 
[SYS] 2025/04/14 - 00:25:30 | 任务进度轮询开始 
[SYS] 2025/04/14 - 00:25:30 | 任务进度轮询完成 
[SYS] 2025/04/14 - 00:25:35 | batch update started 
[SYS] 2025/04/14 - 00:25:35 | batch update finished 
[SYS] 2025/04/14 - 00:25:40 | batch update started 
[SYS] 2025/04/14 - 00:25:40 | batch update finished 
[SYS] 2025/04/14 - 00:25:45 | batch update started 
[SYS] 2025/04/14 - 00:25:45 | batch update finished 
[SYS] 2025/04/14 - 00:25:45 | 任务进度轮询开始 
[SYS] 2025/04/14 - 00:25:45 | 任务进度轮询完成 
[SYS] 2025/04/14 - 00:25:50 | batch update started 
[SYS] 2025/04/14 - 00:25:50 | batch update finished 
[SYS] 2025/04/14 - 00:25:56 | batch update started 
[SYS] 2025/04/14 - 00:25:56 | batch update finished 
[SYS] 2025/04/14 - 00:26:01 | syncing options from database 
[SYS] 2025/04/14 - 00:26:01 | syncing channels from database 
[SYS] 2025/04/14 - 00:26:01 | channels synced from database 
[SYS] 2025/04/14 - 00:26:01 | batch update started 
[SYS] 2025/04/14 - 00:26:01 | batch update finished 
[SYS] 2025/04/14 - 00:26:01 | 任务进度轮询开始 
[SYS] 2025/04/14 - 00:26:01 | 任务进度轮询完成 
[SYS] 2025/04/14 - 00:26:06 | batch update started 
[SYS] 2025/04/14 - 00:26:06 | batch update finished 
[SYS] 2025/04/14 - 00:26:11 | batch update started 
[SYS] 2025/04/14 - 00:26:11 | batch update finished 
[SYS] 2025/04/14 - 00:26:16 | batch update started 
[SYS] 2025/04/14 - 00:26:16 | batch update finished 
[SYS] 2025/04/14 - 00:26:16 | 任务进度轮询开始 
[SYS] 2025/04/14 - 00:26:16 | 任务进度轮询完成 
[SYS] 2025/04/14 - 00:26:21 | batch update started 
[SYS] 2025/04/14 - 00:26:21 | batch update finished 
[SYS] 2025/04/14 - 00:26:27 | batch update started 
[SYS] 2025/04/14 - 00:26:27 | batch update finished 
[SYS] 2025/04/14 - 00:26:32 | batch update started 
[SYS] 2025/04/14 - 00:26:32 | batch update finished 
[SYS] 2025/04/14 - 00:26:32 | 任务进度轮询开始 
[SYS] 2025/04/14 - 00:26:32 | 任务进度轮询完成 
[SYS] 2025/04/14 - 00:26:37 | batch update started 
[SYS] 2025/04/14 - 00:26:37 | batch update finished 
[SYS] 2025/04/14 - 00:26:42 | batch update started 
[SYS] 2025/04/14 - 00:26:42 | batch update finished 
[SYS] 2025/04/14 - 00:26:47 | batch update started 
[SYS] 2025/04/14 - 00:26:47 | batch update finished 
[SYS] 2025/04/14 - 00:26:47 | 任务进度轮询开始 
[SYS] 2025/04/14 - 00:26:47 | 任务进度轮询完成 
[SYS] 2025/04/14 - 00:26:52 | batch update started 
[SYS] 2025/04/14 - 00:26:52 | batch update finished 
[SYS] 2025/04/14 - 00:26:57 | batch update started 
[SYS] 2025/04/14 - 00:26:57 | batch update finished 
[SYS] 2025/04/14 - 00:27:03 | 正在更新数据看板数据... 
[SYS] 2025/04/14 - 00:27:03 | 保存数据看板数据成功，共保存0条数据 
[SYS] 2025/04/14 - 00:27:03 | syncing options from database 
[SYS] 2025/04/14 - 00:27:03 | syncing channels from database 
[SYS] 2025/04/14 - 00:27:03 | channels synced from database 
[SYS] 2025/04/14 - 00:27:03 | 任务进度轮询开始 
[SYS] 2025/04/14 - 00:27:03 | 任务进度轮询完成 
[SYS] 2025/04/14 - 00:27:03 | batch update started 
[SYS] 2025/04/14 - 00:27:03 | batch update finished 
[SYS] 2025/04/14 - 00:27:08 | batch update started 
[SYS] 2025/04/14 - 00:27:08 | batch update finished 
[SYS] 2025/04/14 - 00:27:13 | batch update started 
[SYS] 2025/04/14 - 00:27:13 | batch update finished 
[SYS] 2025/04/14 - 00:27:18 | 任务进度轮询开始 
[SYS] 2025/04/14 - 00:27:18 | 任务进度轮询完成 
[SYS] 2025/04/14 - 00:27:18 | batch update started 
[SYS] 2025/04/14 - 00:27:18 | batch update finished 
[SYS] 2025/04/14 - 00:27:23 | batch update started 
[SYS] 2025/04/14 - 00:27:23 | batch update finished 
[SYS] 2025/04/14 - 00:27:28 | batch update started 
[SYS] 2025/04/14 - 00:27:28 | batch update finished 
[SYS] 2025/04/14 - 00:27:34 | 任务进度轮询开始 
[SYS] 2025/04/14 - 00:27:34 | 任务进度轮询完成 
[SYS] 2025/04/14 - 00:27:34 | batch update started 
[SYS] 2025/04/14 - 00:27:34 | batch update finished 
[SYS] 2025/04/14 - 00:27:39 | batch update started 
[SYS] 2025/04/14 - 00:27:39 | batch update finished 
[SYS] 2025/04/14 - 00:27:44 | batch update started 
[SYS] 2025/04/14 - 00:27:44 | batch update finished 
[SYS] 2025/04/14 - 00:27:49 | 任务进度轮询开始 
[SYS] 2025/04/14 - 00:27:49 | 任务进度轮询完成 
[SYS] 2025/04/14 - 00:27:49 | batch update started 
[SYS] 2025/04/14 - 00:27:49 | batch update finished 
[SYS] 2025/04/14 - 00:27:54 | batch update started 
[SYS] 2025/04/14 - 00:27:54 | batch update finished 
[SYS] 2025/04/14 - 00:27:59 | batch update started 
[SYS] 2025/04/14 - 00:27:59 | batch update finished 
[SYS] 2025/04/14 - 00:28:04 | syncing options from database 
[SYS] 2025/04/14 - 00:28:04 | syncing channels from database 
[SYS] 2025/04/14 - 00:28:04 | channels synced from database 
[SYS] 2025/04/14 - 00:28:05 | 任务进度轮询开始 
[SYS] 2025/04/14 - 00:28:05 | 任务进度轮询完成 
[SYS] 2025/04/14 - 00:28:05 | batch update started 
[SYS] 2025/04/14 - 00:28:05 | batch update finished 
[SYS] 2025/04/14 - 00:28:10 | batch update started 
[SYS] 2025/04/14 - 00:28:10 | batch update finished 
[SYS] 2025/04/14 - 00:28:15 | batch update started 
[SYS] 2025/04/14 - 00:28:15 | batch update finished 
[SYS] 2025/04/14 - 00:28:20 | 任务进度轮询开始 
[SYS] 2025/04/14 - 00:28:20 | 任务进度轮询完成 
[SYS] 2025/04/14 - 00:28:20 | batch update started 
[SYS] 2025/04/14 - 00:28:20 | batch update finished 
[SYS] 2025/04/14 - 00:28:25 | batch update started 
[SYS] 2025/04/14 - 00:28:25 | batch update finished 
[SYS] 2025/04/14 - 00:28:30 | batch update started 
[SYS] 2025/04/14 - 00:28:30 | batch update finished 
[SYS] 2025/04/14 - 00:28:35 | 任务进度轮询开始 
[SYS] 2025/04/14 - 00:28:35 | 任务进度轮询完成 
[SYS] 2025/04/14 - 00:28:35 | batch update started 
[SYS] 2025/04/14 - 00:28:35 | batch update finished 
[SYS] 2025/04/14 - 00:28:41 | batch update started 
[SYS] 2025/04/14 - 00:28:41 | batch update finished 
[SYS] 2025/04/14 - 00:28:46 | batch update started 
[SYS] 2025/04/14 - 00:28:46 | batch update finished 
[SYS] 2025/04/14 - 00:28:51 | 任务进度轮询开始 
[SYS] 2025/04/14 - 00:28:51 | 任务进度轮询完成 
[SYS] 2025/04/14 - 00:28:51 | batch update started 
[SYS] 2025/04/14 - 00:28:51 | batch update finished 
[SYS] 2025/04/14 - 00:28:56 | batch update started 
[SYS] 2025/04/14 - 00:28:56 | batch update finished 
[SYS] 2025/04/14 - 00:29:01 | batch update started 
[SYS] 2025/04/14 - 00:29:01 | batch update finished 
[SYS] 2025/04/14 - 00:29:06 | syncing options from database 
[SYS] 2025/04/14 - 00:29:06 | syncing channels from database 
[SYS] 2025/04/14 - 00:29:06 | channels synced from database 
[SYS] 2025/04/14 - 00:29:06 | 任务进度轮询开始 
[SYS] 2025/04/14 - 00:29:06 | 任务进度轮询完成 
[SYS] 2025/04/14 - 00:29:06 | batch update started 
[SYS] 2025/04/14 - 00:29:06 | batch update finished 
[SYS] 2025/04/14 - 00:29:12 | batch update started 
[SYS] 2025/04/14 - 00:29:12 | batch update finished 
[SYS] 2025/04/14 - 00:29:17 | batch update started 
[SYS] 2025/04/14 - 00:29:17 | batch update finished 
[SYS] 2025/04/14 - 00:29:22 | 任务进度轮询开始 
[SYS] 2025/04/14 - 00:29:22 | 任务进度轮询完成 
[SYS] 2025/04/14 - 00:29:22 | batch update started 
[SYS] 2025/04/14 - 00:29:22 | batch update finished 
[SYS] 2025/04/14 - 00:29:27 | batch update started 
[SYS] 2025/04/14 - 00:29:27 | batch update finished 
[SYS] 2025/04/14 - 00:29:32 | batch update started 
[SYS] 2025/04/14 - 00:29:32 | batch update finished 
[SYS] 2025/04/14 - 00:29:37 | 任务进度轮询开始 
[SYS] 2025/04/14 - 00:29:37 | 任务进度轮询完成 
[SYS] 2025/04/14 - 00:29:37 | batch update started 
[SYS] 2025/04/14 - 00:29:37 | batch update finished 
[SYS] 2025/04/14 - 00:29:42 | batch update started 
[SYS] 2025/04/14 - 00:29:42 | batch update finished 
[SYS] 2025/04/14 - 00:29:48 | batch update started 
[SYS] 2025/04/14 - 00:29:48 | batch update finished 
[SYS] 2025/04/14 - 00:29:53 | 任务进度轮询开始 
[SYS] 2025/04/14 - 00:29:53 | 任务进度轮询完成 
[SYS] 2025/04/14 - 00:29:53 | batch update started 
[SYS] 2025/04/14 - 00:29:53 | batch update finished 
[SYS] 2025/04/14 - 00:29:58 | batch update started 
[SYS] 2025/04/14 - 00:29:58 | batch update finished 
[SYS] 2025/04/14 - 00:30:03 | batch update started 
[SYS] 2025/04/14 - 00:30:03 | batch update finished 
[SYS] 2025/04/14 - 00:30:07 | syncing options from database 
[SYS] 2025/04/14 - 00:30:08 | syncing channels from database 
[SYS] 2025/04/14 - 00:30:08 | channels synced from database 
[SYS] 2025/04/14 - 00:30:08 | 任务进度轮询开始 
[SYS] 2025/04/14 - 00:30:08 | 任务进度轮询完成 
[SYS] 2025/04/14 - 00:30:08 | batch update started 
[SYS] 2025/04/14 - 00:30:08 | batch update finished 
[SYS] 2025/04/14 - 00:30:13 | batch update started 
[SYS] 2025/04/14 - 00:30:13 | batch update finished 
[SYS] 2025/04/14 - 00:30:19 | batch update started 
[SYS] 2025/04/14 - 00:30:19 | batch update finished 
[SYS] 2025/04/14 - 00:30:24 | 任务进度轮询开始 
[SYS] 2025/04/14 - 00:30:24 | 任务进度轮询完成 
[SYS] 2025/04/14 - 00:30:24 | batch update started 
[SYS] 2025/04/14 - 00:30:24 | batch update finished 
[SYS] 2025/04/14 - 00:30:29 | batch update started 
[SYS] 2025/04/14 - 00:30:29 | batch update finished 
[SYS] 2025/04/14 - 00:30:34 | batch update started 
[SYS] 2025/04/14 - 00:30:34 | batch update finished 
[SYS] 2025/04/14 - 00:30:39 | 任务进度轮询开始 
[SYS] 2025/04/14 - 00:30:39 | 任务进度轮询完成 
[SYS] 2025/04/14 - 00:30:39 | batch update started 
[SYS] 2025/04/14 - 00:30:39 | batch update finished 
[SYS] 2025/04/14 - 00:30:44 | batch update started 
[SYS] 2025/04/14 - 00:30:44 | batch update finished 
[SYS] 2025/04/14 - 00:30:49 | batch update started 
[SYS] 2025/04/14 - 00:30:49 | batch update finished 
[SYS] 2025/04/14 - 00:30:55 | 任务进度轮询开始 
[SYS] 2025/04/14 - 00:30:55 | 任务进度轮询完成 
[SYS] 2025/04/14 - 00:30:55 | batch update started 
[SYS] 2025/04/14 - 00:30:55 | batch update finished 
[SYS] 2025/04/14 - 00:31:00 | batch update started 
[SYS] 2025/04/14 - 00:31:00 | batch update finished 
[SYS] 2025/04/14 - 00:31:05 | batch update started 
[SYS] 2025/04/14 - 00:31:05 | batch update finished 
[SYS] 2025/04/14 - 00:31:09 | syncing options from database 
[SYS] 2025/04/14 - 00:31:09 | syncing channels from database 
[SYS] 2025/04/14 - 00:31:09 | channels synced from database 
[SYS] 2025/04/14 - 00:31:10 | 任务进度轮询开始 
[SYS] 2025/04/14 - 00:31:10 | 任务进度轮询完成 
[SYS] 2025/04/14 - 00:31:10 | batch update started 
[SYS] 2025/04/14 - 00:31:10 | batch update finished 
[SYS] 2025/04/14 - 00:31:15 | batch update started 
[SYS] 2025/04/14 - 00:31:15 | batch update finished 
[SYS] 2025/04/14 - 00:31:20 | batch update started 
[SYS] 2025/04/14 - 00:31:20 | batch update finished 
[SYS] 2025/04/14 - 00:31:26 | 任务进度轮询开始 
[SYS] 2025/04/14 - 00:31:26 | 任务进度轮询完成 
[SYS] 2025/04/14 - 00:31:26 | batch update started 
[SYS] 2025/04/14 - 00:31:26 | batch update finished 
[SYS] 2025/04/14 - 00:31:31 | batch update started 
[SYS] 2025/04/14 - 00:31:31 | batch update finished 
[SYS] 2025/04/14 - 00:31:36 | batch update started 
[SYS] 2025/04/14 - 00:31:36 | batch update finished 
[SYS] 2025/04/14 - 00:31:41 | 任务进度轮询开始 
[SYS] 2025/04/14 - 00:31:41 | 任务进度轮询完成 
[SYS] 2025/04/14 - 00:31:41 | batch update started 
[SYS] 2025/04/14 - 00:31:41 | batch update finished 
[SYS] 2025/04/14 - 00:31:46 | batch update started 
[SYS] 2025/04/14 - 00:31:46 | batch update finished 
[SYS] 2025/04/14 - 00:31:51 | batch update started 
[SYS] 2025/04/14 - 00:31:51 | batch update finished 
[SYS] 2025/04/14 - 00:31:56 | 任务进度轮询开始 
[SYS] 2025/04/14 - 00:31:56 | 任务进度轮询完成 
[SYS] 2025/04/14 - 00:31:56 | batch update started 
[SYS] 2025/04/14 - 00:31:56 | batch update finished 
[SYS] 2025/04/14 - 00:32:02 | batch update started 
[SYS] 2025/04/14 - 00:32:02 | batch update finished 
[SYS] 2025/04/14 - 00:32:07 | batch update started 
[SYS] 2025/04/14 - 00:32:07 | batch update finished 
[SYS] 2025/04/14 - 00:32:11 | testing all channels 
[SYS] 2025/04/14 - 00:32:11 | 正在更新数据看板数据... 
[SYS] 2025/04/14 - 00:32:11 | 保存数据看板数据成功，共保存0条数据 
[SYS] 2025/04/14 - 00:32:11 | channel test finished 
[SYS] 2025/04/14 - 00:32:11 | syncing options from database 
[SYS] 2025/04/14 - 00:32:11 | syncing channels from database 
[SYS] 2025/04/14 - 00:32:11 | channels synced from database 
[SYS] 2025/04/14 - 00:32:12 | 任务进度轮询开始 
[SYS] 2025/04/14 - 00:32:12 | 任务进度轮询完成 
[SYS] 2025/04/14 - 00:32:12 | batch update started 
[SYS] 2025/04/14 - 00:32:12 | batch update finished 
[SYS] 2025/04/14 - 00:32:17 | batch update started 
[SYS] 2025/04/14 - 00:32:17 | batch update finished 
[SYS] 2025/04/14 - 00:32:22 | batch update started 
[SYS] 2025/04/14 - 00:32:22 | batch update finished 
[SYS] 2025/04/14 - 00:32:27 | 任务进度轮询开始 
[SYS] 2025/04/14 - 00:32:27 | 任务进度轮询完成 
[SYS] 2025/04/14 - 00:32:27 | batch update started 
[SYS] 2025/04/14 - 00:32:27 | batch update finished 
[SYS] 2025/04/14 - 00:32:32 | batch update started 
[SYS] 2025/04/14 - 00:32:32 | batch update finished 
[SYS] 2025/04/14 - 00:32:37 | batch update started 
[SYS] 2025/04/14 - 00:32:37 | batch update finished 
[SYS] 2025/04/14 - 00:32:42 | 任务进度轮询开始 
[SYS] 2025/04/14 - 00:32:42 | 任务进度轮询完成 
[SYS] 2025/04/14 - 00:32:42 | batch update started 
[SYS] 2025/04/14 - 00:32:42 | batch update finished 
[SYS] 2025/04/14 - 00:32:47 | batch update started 
[SYS] 2025/04/14 - 00:32:47 | batch update finished 
[SYS] 2025/04/14 - 00:32:52 | batch update started 
[SYS] 2025/04/14 - 00:32:52 | batch update finished 
[SYS] 2025/04/14 - 00:32:57 | 任务进度轮询开始 
[SYS] 2025/04/14 - 00:32:57 | 任务进度轮询完成 
[SYS] 2025/04/14 - 00:32:57 | batch update started 
[SYS] 2025/04/14 - 00:32:57 | batch update finished 
[SYS] 2025/04/14 - 00:33:02 | batch update started 
[SYS] 2025/04/14 - 00:33:02 | batch update finished 
[SYS] 2025/04/14 - 00:33:08 | batch update started 
[SYS] 2025/04/14 - 00:33:08 | batch update finished 
[SYS] 2025/04/14 - 00:33:13 | syncing channels from database 
[SYS] 2025/04/14 - 00:33:13 | syncing options from database 
[SYS] 2025/04/14 - 00:33:13 | channels synced from database 
[SYS] 2025/04/14 - 00:33:13 | 任务进度轮询开始 
[SYS] 2025/04/14 - 00:33:13 | 任务进度轮询完成 
[SYS] 2025/04/14 - 00:33:13 | batch update started 
[SYS] 2025/04/14 - 00:33:13 | batch update finished 
[SYS] 2025/04/14 - 00:33:18 | batch update started 
[SYS] 2025/04/14 - 00:33:18 | batch update finished 
[SYS] 2025/04/14 - 00:33:23 | batch update started 
[SYS] 2025/04/14 - 00:33:23 | batch update finished 
[SYS] 2025/04/14 - 00:33:28 | 任务进度轮询开始 
[SYS] 2025/04/14 - 00:33:28 | 任务进度轮询完成 
[SYS] 2025/04/14 - 00:33:28 | batch update started 
[SYS] 2025/04/14 - 00:33:28 | batch update finished 
[SYS] 2025/04/14 - 00:33:33 | batch update started 
[SYS] 2025/04/14 - 00:33:33 | batch update finished 
[SYS] 2025/04/14 - 00:33:39 | batch update started 
[SYS] 2025/04/14 - 00:33:39 | batch update finished 
[SYS] 2025/04/14 - 00:33:44 | 任务进度轮询开始 
[SYS] 2025/04/14 - 00:33:44 | 任务进度轮询完成 
[SYS] 2025/04/14 - 00:33:44 | batch update started 
[SYS] 2025/04/14 - 00:33:44 | batch update finished 
[SYS] 2025/04/14 - 00:33:49 | batch update started 
[SYS] 2025/04/14 - 00:33:49 | batch update finished 
[SYS] 2025/04/14 - 00:33:54 | batch update started 
[SYS] 2025/04/14 - 00:33:54 | batch update finished 
[SYS] 2025/04/14 - 00:33:59 | 任务进度轮询开始 
[SYS] 2025/04/14 - 00:33:59 | 任务进度轮询完成 
[SYS] 2025/04/14 - 00:33:59 | batch update started 
[SYS] 2025/04/14 - 00:33:59 | batch update finished 
[SYS] 2025/04/14 - 00:34:04 | batch update started 
[SYS] 2025/04/14 - 00:34:04 | batch update finished 
[SYS] 2025/04/14 - 00:34:10 | batch update started 
[SYS] 2025/04/14 - 00:34:10 | batch update finished 
[SYS] 2025/04/14 - 00:34:15 | syncing channels from database 
[SYS] 2025/04/14 - 00:34:15 | syncing options from database 
[SYS] 2025/04/14 - 00:34:15 | channels synced from database 
[SYS] 2025/04/14 - 00:34:15 | 任务进度轮询开始 
[SYS] 2025/04/14 - 00:34:15 | 任务进度轮询完成 
[SYS] 2025/04/14 - 00:34:15 | batch update started 
[SYS] 2025/04/14 - 00:34:15 | batch update finished 
[SYS] 2025/04/14 - 00:34:20 | batch update started 
[SYS] 2025/04/14 - 00:34:20 | batch update finished 
[SYS] 2025/04/14 - 00:34:25 | batch update started 
[SYS] 2025/04/14 - 00:34:25 | batch update finished 
[SYS] 2025/04/14 - 00:34:30 | 任务进度轮询开始 
[SYS] 2025/04/14 - 00:34:30 | 任务进度轮询完成 
[SYS] 2025/04/14 - 00:34:30 | batch update started 
[SYS] 2025/04/14 - 00:34:30 | batch update finished 
[SYS] 2025/04/14 - 00:34:35 | batch update started 
[SYS] 2025/04/14 - 00:34:35 | batch update finished 
[SYS] 2025/04/14 - 00:34:40 | batch update started 
[SYS] 2025/04/14 - 00:34:40 | batch update finished 
[SYS] 2025/04/14 - 00:34:46 | 任务进度轮询开始 
[SYS] 2025/04/14 - 00:34:46 | 任务进度轮询完成 
[SYS] 2025/04/14 - 00:34:46 | batch update started 
[SYS] 2025/04/14 - 00:34:46 | batch update finished 
[SYS] 2025/04/14 - 00:34:51 | batch update started 
[SYS] 2025/04/14 - 00:34:51 | batch update finished 
[SYS] 2025/04/14 - 00:34:56 | batch update started 
[SYS] 2025/04/14 - 00:34:56 | batch update finished 
[SYS] 2025/04/14 - 00:35:01 | 任务进度轮询开始 
[SYS] 2025/04/14 - 00:35:01 | 任务进度轮询完成 
[SYS] 2025/04/14 - 00:35:01 | batch update started 
[SYS] 2025/04/14 - 00:35:01 | batch update finished 
[SYS] 2025/04/14 - 00:35:06 | batch update started 
[SYS] 2025/04/14 - 00:35:06 | batch update finished 
[SYS] 2025/04/14 - 00:35:11 | batch update started 
[SYS] 2025/04/14 - 00:35:11 | batch update finished 
[SYS] 2025/04/14 - 00:35:17 | syncing options from database 
[SYS] 2025/04/14 - 00:35:17 | syncing channels from database 
[SYS] 2025/04/14 - 00:35:17 | channels synced from database 
[SYS] 2025/04/14 - 00:35:17 | 任务进度轮询开始 
[SYS] 2025/04/14 - 00:35:17 | 任务进度轮询完成 
[SYS] 2025/04/14 - 00:35:17 | batch update started 
[SYS] 2025/04/14 - 00:35:17 | batch update finished 
[SYS] 2025/04/14 - 00:35:22 | batch update started 
[SYS] 2025/04/14 - 00:35:22 | batch update finished 
[SYS] 2025/04/14 - 00:35:27 | batch update started 
[SYS] 2025/04/14 - 00:35:27 | batch update finished 
[SYS] 2025/04/14 - 00:35:32 | 任务进度轮询开始 
[SYS] 2025/04/14 - 00:35:32 | 任务进度轮询完成 
[SYS] 2025/04/14 - 00:35:32 | batch update started 
[SYS] 2025/04/14 - 00:35:32 | batch update finished 
[SYS] 2025/04/14 - 00:35:37 | batch update started 
[SYS] 2025/04/14 - 00:35:37 | batch update finished 
[SYS] 2025/04/14 - 00:35:42 | batch update started 
[SYS] 2025/04/14 - 00:35:42 | batch update finished 
[SYS] 2025/04/14 - 00:35:47 | 任务进度轮询开始 
[SYS] 2025/04/14 - 00:35:47 | 任务进度轮询完成 
[SYS] 2025/04/14 - 00:35:47 | batch update started 
[SYS] 2025/04/14 - 00:35:47 | batch update finished 
[SYS] 2025/04/14 - 00:35:53 | batch update started 
[SYS] 2025/04/14 - 00:35:53 | batch update finished 
[SYS] 2025/04/14 - 00:35:58 | batch update started 
[SYS] 2025/04/14 - 00:35:58 | batch update finished 
[SYS] 2025/04/14 - 00:36:03 | 任务进度轮询开始 
[SYS] 2025/04/14 - 00:36:03 | 任务进度轮询完成 
[SYS] 2025/04/14 - 00:36:03 | batch update started 
[SYS] 2025/04/14 - 00:36:03 | batch update finished 
[SYS] 2025/04/14 - 00:36:08 | batch update started 
[SYS] 2025/04/14 - 00:36:08 | batch update finished 
[SYS] 2025/04/14 - 00:36:13 | batch update started 
[SYS] 2025/04/14 - 00:36:13 | batch update finished 
[SYS] 2025/04/14 - 00:36:18 | syncing options from database 
[SYS] 2025/04/14 - 00:36:18 | syncing channels from database 
[SYS] 2025/04/14 - 00:36:18 | channels synced from database 
[SYS] 2025/04/14 - 00:36:18 | 任务进度轮询开始 
[SYS] 2025/04/14 - 00:36:18 | 任务进度轮询完成 
[SYS] 2025/04/14 - 00:36:18 | batch update started 
[SYS] 2025/04/14 - 00:36:18 | batch update finished 
[SYS] 2025/04/14 - 00:36:24 | batch update started 
[SYS] 2025/04/14 - 00:36:24 | batch update finished 
[SYS] 2025/04/14 - 00:36:29 | batch update started 
[SYS] 2025/04/14 - 00:36:29 | batch update finished 
[SYS] 2025/04/14 - 00:36:34 | 任务进度轮询开始 
[SYS] 2025/04/14 - 00:36:34 | 任务进度轮询完成 
[SYS] 2025/04/14 - 00:36:34 | batch update started 
[SYS] 2025/04/14 - 00:36:34 | batch update finished 
[SYS] 2025/04/14 - 00:36:39 | batch update started 
[SYS] 2025/04/14 - 00:36:39 | batch update finished 
[SYS] 2025/04/14 - 00:36:44 | batch update started 
[SYS] 2025/04/14 - 00:36:44 | batch update finished 
[SYS] 2025/04/14 - 00:36:49 | 任务进度轮询开始 
[SYS] 2025/04/14 - 00:36:49 | 任务进度轮询完成 
[SYS] 2025/04/14 - 00:36:49 | batch update started 
[SYS] 2025/04/14 - 00:36:49 | batch update finished 
[SYS] 2025/04/14 - 00:36:54 | batch update started 
[SYS] 2025/04/14 - 00:36:54 | batch update finished 
[SYS] 2025/04/14 - 00:37:00 | batch update started 
[SYS] 2025/04/14 - 00:37:00 | batch update finished 
[SYS] 2025/04/14 - 00:37:05 | 任务进度轮询开始 
[SYS] 2025/04/14 - 00:37:05 | 任务进度轮询完成 
[SYS] 2025/04/14 - 00:37:05 | batch update started 
[SYS] 2025/04/14 - 00:37:05 | batch update finished 
[SYS] 2025/04/14 - 00:37:10 | batch update started 
[SYS] 2025/04/14 - 00:37:10 | batch update finished 
[SYS] 2025/04/14 - 00:37:15 | batch update started 
[SYS] 2025/04/14 - 00:37:15 | batch update finished 
[SYS] 2025/04/14 - 00:37:19 | 正在更新数据看板数据... 
[SYS] 2025/04/14 - 00:37:19 | 保存数据看板数据成功，共保存0条数据 
[SYS] 2025/04/14 - 00:37:20 | syncing options from database 
[SYS] 2025/04/14 - 00:37:20 | syncing channels from database 
[SYS] 2025/04/14 - 00:37:20 | channels synced from database 
[SYS] 2025/04/14 - 00:37:20 | 任务进度轮询开始 
[SYS] 2025/04/14 - 00:37:20 | 任务进度轮询完成 
[SYS] 2025/04/14 - 00:37:20 | batch update started 
[SYS] 2025/04/14 - 00:37:20 | batch update finished 
[SYS] 2025/04/14 - 00:37:25 | batch update started 
[SYS] 2025/04/14 - 00:37:25 | batch update finished 
[SYS] 2025/04/14 - 00:37:31 | batch update started 
[SYS] 2025/04/14 - 00:37:31 | batch update finished 
[SYS] 2025/04/14 - 00:37:36 | 任务进度轮询开始 
[SYS] 2025/04/14 - 00:37:36 | 任务进度轮询完成 
[SYS] 2025/04/14 - 00:37:36 | batch update started 
[SYS] 2025/04/14 - 00:37:36 | batch update finished 
[SYS] 2025/04/14 - 00:37:41 | batch update started 
[SYS] 2025/04/14 - 00:37:41 | batch update finished 
[SYS] 2025/04/14 - 00:37:46 | batch update started 
[SYS] 2025/04/14 - 00:37:46 | batch update finished 
[SYS] 2025/04/14 - 00:37:51 | 任务进度轮询开始 
[SYS] 2025/04/14 - 00:37:51 | 任务进度轮询完成 
[SYS] 2025/04/14 - 00:37:51 | batch update started 
[SYS] 2025/04/14 - 00:37:51 | batch update finished 
[SYS] 2025/04/14 - 00:37:56 | batch update started 
[SYS] 2025/04/14 - 00:37:56 | batch update finished 
[SYS] 2025/04/14 - 00:38:01 | batch update started 
[SYS] 2025/04/14 - 00:38:01 | batch update finished 
[SYS] 2025/04/14 - 00:38:07 | 任务进度轮询开始 
[SYS] 2025/04/14 - 00:38:07 | 任务进度轮询完成 
[SYS] 2025/04/14 - 00:38:07 | batch update started 
[SYS] 2025/04/14 - 00:38:07 | batch update finished 
[SYS] 2025/04/14 - 00:38:12 | batch update started 
[SYS] 2025/04/14 - 00:38:12 | batch update finished 
[SYS] 2025/04/14 - 00:38:17 | batch update started 
[SYS] 2025/04/14 - 00:38:17 | batch update finished 
[SYS] 2025/04/14 - 00:38:22 | syncing options from database 
[SYS] 2025/04/14 - 00:38:22 | syncing channels from database 
[SYS] 2025/04/14 - 00:38:22 | channels synced from database 
[SYS] 2025/04/14 - 00:38:22 | 任务进度轮询开始 
[SYS] 2025/04/14 - 00:38:22 | 任务进度轮询完成 
[SYS] 2025/04/14 - 00:38:22 | batch update started 
[SYS] 2025/04/14 - 00:38:22 | batch update finished 
[SYS] 2025/04/14 - 00:38:27 | batch update started 
[SYS] 2025/04/14 - 00:38:27 | batch update finished 
[SYS] 2025/04/14 - 00:38:32 | batch update started 
[SYS] 2025/04/14 - 00:38:32 | batch update finished 
[SYS] 2025/04/14 - 00:38:38 | 任务进度轮询开始 
[SYS] 2025/04/14 - 00:38:38 | 任务进度轮询完成 
[SYS] 2025/04/14 - 00:38:38 | batch update started 
[SYS] 2025/04/14 - 00:38:38 | batch update finished 
[SYS] 2025/04/14 - 00:38:43 | batch update started 
[SYS] 2025/04/14 - 00:38:43 | batch update finished 
[SYS] 2025/04/14 - 00:38:48 | batch update started 
[SYS] 2025/04/14 - 00:38:48 | batch update finished 
[SYS] 2025/04/14 - 00:38:53 | 任务进度轮询开始 
[SYS] 2025/04/14 - 00:38:53 | 任务进度轮询完成 
[SYS] 2025/04/14 - 00:38:53 | batch update started 
[SYS] 2025/04/14 - 00:38:53 | batch update finished 
[SYS] 2025/04/14 - 00:38:58 | batch update started 
[SYS] 2025/04/14 - 00:38:58 | batch update finished 
[SYS] 2025/04/14 - 00:39:03 | batch update started 
[SYS] 2025/04/14 - 00:39:03 | batch update finished 
[SYS] 2025/04/14 - 00:39:08 | 任务进度轮询开始 
[SYS] 2025/04/14 - 00:39:08 | 任务进度轮询完成 
[SYS] 2025/04/14 - 00:39:09 | batch update started 
[SYS] 2025/04/14 - 00:39:09 | batch update finished 
[SYS] 2025/04/14 - 00:39:14 | batch update started 
[SYS] 2025/04/14 - 00:39:14 | batch update finished 
[SYS] 2025/04/14 - 00:39:19 | batch update started 
[SYS] 2025/04/14 - 00:39:19 | batch update finished 
[SYS] 2025/04/14 - 00:39:24 | syncing options from database 
[SYS] 2025/04/14 - 00:39:24 | syncing channels from database 
[SYS] 2025/04/14 - 00:39:24 | channels synced from database 
[SYS] 2025/04/14 - 00:39:24 | 任务进度轮询开始 
[SYS] 2025/04/14 - 00:39:24 | 任务进度轮询完成 
[SYS] 2025/04/14 - 00:39:24 | batch update started 
[SYS] 2025/04/14 - 00:39:24 | batch update finished 
[SYS] 2025/04/14 - 00:39:29 | batch update started 
[SYS] 2025/04/14 - 00:39:29 | batch update finished 
[SYS] 2025/04/14 - 00:39:34 | batch update started 
[SYS] 2025/04/14 - 00:39:34 | batch update finished 
[SYS] 2025/04/14 - 00:39:39 | 任务进度轮询开始 
[SYS] 2025/04/14 - 00:39:39 | 任务进度轮询完成 
[SYS] 2025/04/14 - 00:39:39 | batch update started 
[SYS] 2025/04/14 - 00:39:39 | batch update finished 
[SYS] 2025/04/14 - 00:39:45 | batch update started 
[SYS] 2025/04/14 - 00:39:45 | batch update finished 
[SYS] 2025/04/14 - 00:39:50 | batch update started 
[SYS] 2025/04/14 - 00:39:50 | batch update finished 
[SYS] 2025/04/14 - 00:39:55 | 任务进度轮询开始 
[SYS] 2025/04/14 - 00:39:55 | 任务进度轮询完成 
[SYS] 2025/04/14 - 00:39:55 | batch update started 
[SYS] 2025/04/14 - 00:39:55 | batch update finished 
[SYS] 2025/04/14 - 00:40:00 | batch update started 
[SYS] 2025/04/14 - 00:40:00 | batch update finished 
[SYS] 2025/04/14 - 00:40:05 | batch update started 
[SYS] 2025/04/14 - 00:40:05 | batch update finished 
[SYS] 2025/04/14 - 00:40:10 | 任务进度轮询开始 
[SYS] 2025/04/14 - 00:40:10 | 任务进度轮询完成 
[SYS] 2025/04/14 - 00:40:10 | batch update started 
[SYS] 2025/04/14 - 00:40:10 | batch update finished 
[SYS] 2025/04/14 - 00:40:16 | batch update started 
[SYS] 2025/04/14 - 00:40:16 | batch update finished 
[SYS] 2025/04/14 - 00:40:21 | batch update started 
[SYS] 2025/04/14 - 00:40:21 | batch update finished 
[SYS] 2025/04/14 - 00:40:25 | syncing options from database 
[SYS] 2025/04/14 - 00:40:25 | syncing channels from database 
[SYS] 2025/04/14 - 00:40:25 | channels synced from database 
[SYS] 2025/04/14 - 00:40:26 | 任务进度轮询开始 
[SYS] 2025/04/14 - 00:40:26 | 任务进度轮询完成 
[SYS] 2025/04/14 - 00:40:26 | batch update started 
[SYS] 2025/04/14 - 00:40:26 | batch update finished 
[SYS] 2025/04/14 - 00:40:31 | batch update started 
[SYS] 2025/04/14 - 00:40:31 | batch update finished 
[SYS] 2025/04/14 - 00:40:36 | batch update started 
[SYS] 2025/04/14 - 00:40:36 | batch update finished 
[SYS] 2025/04/14 - 00:40:41 | 任务进度轮询开始 
[SYS] 2025/04/14 - 00:40:41 | 任务进度轮询完成 
[SYS] 2025/04/14 - 00:40:41 | batch update started 
[SYS] 2025/04/14 - 00:40:41 | batch update finished 
[SYS] 2025/04/14 - 00:40:46 | batch update started 
[SYS] 2025/04/14 - 00:40:46 | batch update finished 
[SYS] 2025/04/14 - 00:40:52 | batch update started 
[SYS] 2025/04/14 - 00:40:52 | batch update finished 
[SYS] 2025/04/14 - 00:40:57 | 任务进度轮询开始 
[SYS] 2025/04/14 - 00:40:57 | 任务进度轮询完成 
[SYS] 2025/04/14 - 00:40:57 | batch update started 
[SYS] 2025/04/14 - 00:40:57 | batch update finished 
[SYS] 2025/04/14 - 00:41:02 | batch update started 
[SYS] 2025/04/14 - 00:41:02 | batch update finished 
[SYS] 2025/04/14 - 00:41:07 | batch update started 
[SYS] 2025/04/14 - 00:41:07 | batch update finished 
[SYS] 2025/04/14 - 00:41:12 | 任务进度轮询开始 
[SYS] 2025/04/14 - 00:41:12 | 任务进度轮询完成 
[SYS] 2025/04/14 - 00:41:12 | batch update started 
[SYS] 2025/04/14 - 00:41:12 | batch update finished 
[SYS] 2025/04/14 - 00:41:17 | batch update started 
[SYS] 2025/04/14 - 00:41:17 | batch update finished 
[SYS] 2025/04/14 - 00:41:23 | batch update started 
[SYS] 2025/04/14 - 00:41:23 | batch update finished 
[SYS] 2025/04/14 - 00:41:27 | syncing options from database 
[SYS] 2025/04/14 - 00:41:27 | syncing channels from database 
[SYS] 2025/04/14 - 00:41:27 | channels synced from database 
[SYS] 2025/04/14 - 00:41:27 | 任务进度轮询开始 
[SYS] 2025/04/14 - 00:41:27 | 任务进度轮询完成 
[SYS] 2025/04/14 - 00:41:28 | batch update started 
[SYS] 2025/04/14 - 00:41:28 | batch update finished 
[SYS] 2025/04/14 - 00:41:33 | batch update started 
[SYS] 2025/04/14 - 00:41:33 | batch update finished 
[SYS] 2025/04/14 - 00:41:38 | batch update started 
[SYS] 2025/04/14 - 00:41:38 | batch update finished 
[SYS] 2025/04/14 - 00:41:42 | 任务进度轮询开始 
[SYS] 2025/04/14 - 00:41:42 | 任务进度轮询完成 
[SYS] 2025/04/14 - 00:41:43 | batch update started 
[SYS] 2025/04/14 - 00:41:43 | batch update finished 
[SYS] 2025/04/14 - 00:41:48 | batch update started 
[SYS] 2025/04/14 - 00:41:48 | batch update finished 
[SYS] 2025/04/14 - 00:41:53 | batch update started 
[SYS] 2025/04/14 - 00:41:53 | batch update finished 
[SYS] 2025/04/14 - 00:41:58 | 任务进度轮询开始 
[SYS] 2025/04/14 - 00:41:58 | 任务进度轮询完成 
[SYS] 2025/04/14 - 00:41:59 | batch update started 
[SYS] 2025/04/14 - 00:41:59 | batch update finished 
[SYS] 2025/04/14 - 00:42:04 | batch update started 
[SYS] 2025/04/14 - 00:42:04 | batch update finished 
[SYS] 2025/04/14 - 00:42:09 | batch update started 
[SYS] 2025/04/14 - 00:42:09 | batch update finished 
[SYS] 2025/04/14 - 00:42:13 | 任务进度轮询开始 
[SYS] 2025/04/14 - 00:42:13 | 任务进度轮询完成 
[SYS] 2025/04/14 - 00:42:14 | batch update started 
[SYS] 2025/04/14 - 00:42:14 | batch update finished 
[SYS] 2025/04/14 - 00:42:19 | batch update started 
[SYS] 2025/04/14 - 00:42:19 | batch update finished 
[SYS] 2025/04/14 - 00:42:24 | batch update started 
[SYS] 2025/04/14 - 00:42:24 | batch update finished 
[SYS] 2025/04/14 - 00:42:29 | updating all channels 
[SYS] 2025/04/14 - 00:42:29 | 正在更新数据看板数据... 
[SYS] 2025/04/14 - 00:42:29 | 保存数据看板数据成功，共保存0条数据 
[SYS] 2025/04/14 - 00:42:29 | testing all channels 
[SYS] 2025/04/14 - 00:42:29 | channels update done 
[SYS] 2025/04/14 - 00:42:29 | channel test finished 
[SYS] 2025/04/14 - 00:42:29 | syncing options from database 
[SYS] 2025/04/14 - 00:42:29 | syncing channels from database 
[SYS] 2025/04/14 - 00:42:29 | channels synced from database 
[SYS] 2025/04/14 - 00:42:29 | 任务进度轮询开始 
[SYS] 2025/04/14 - 00:42:29 | 任务进度轮询完成 
[SYS] 2025/04/14 - 00:42:29 | batch update started 
[SYS] 2025/04/14 - 00:42:29 | batch update finished 
[SYS] 2025/04/14 - 00:42:34 | batch update started 
[SYS] 2025/04/14 - 00:42:34 | batch update finished 
[SYS] 2025/04/14 - 00:42:39 | batch update started 
[SYS] 2025/04/14 - 00:42:39 | batch update finished 
[SYS] 2025/04/14 - 00:42:44 | 任务进度轮询开始 
[SYS] 2025/04/14 - 00:42:44 | 任务进度轮询完成 
[SYS] 2025/04/14 - 00:42:44 | batch update started 
[SYS] 2025/04/14 - 00:42:44 | batch update finished 
[SYS] 2025/04/14 - 00:42:50 | batch update started 
[SYS] 2025/04/14 - 00:42:50 | batch update finished 
[SYS] 2025/04/14 - 00:42:55 | batch update started 
[SYS] 2025/04/14 - 00:42:55 | batch update finished 
[SYS] 2025/04/14 - 00:42:59 | 任务进度轮询开始 
[SYS] 2025/04/14 - 00:42:59 | 任务进度轮询完成 
[SYS] 2025/04/14 - 00:43:00 | batch update started 
[SYS] 2025/04/14 - 00:43:00 | batch update finished 
[SYS] 2025/04/14 - 00:43:05 | batch update started 
[SYS] 2025/04/14 - 00:43:05 | batch update finished 
[SYS] 2025/04/14 - 00:43:10 | batch update started 
[SYS] 2025/04/14 - 00:43:10 | batch update finished 
[SYS] 2025/04/14 - 00:43:15 | 任务进度轮询开始 
[SYS] 2025/04/14 - 00:43:15 | 任务进度轮询完成 
[SYS] 2025/04/14 - 00:43:15 | batch update started 
[SYS] 2025/04/14 - 00:43:15 | batch update finished 
[SYS] 2025/04/14 - 00:43:20 | batch update started 
[SYS] 2025/04/14 - 00:43:20 | batch update finished 
[SYS] 2025/04/14 - 00:43:25 | batch update started 
[SYS] 2025/04/14 - 00:43:25 | batch update finished 
[SYS] 2025/04/14 - 00:43:30 | syncing options from database 
[SYS] 2025/04/14 - 00:43:30 | syncing channels from database 
[SYS] 2025/04/14 - 00:43:30 | channels synced from database 
[SYS] 2025/04/14 - 00:43:30 | 任务进度轮询开始 
[SYS] 2025/04/14 - 00:43:30 | 任务进度轮询完成 
[SYS] 2025/04/14 - 00:43:30 | batch update started 
[SYS] 2025/04/14 - 00:43:30 | batch update finished 
[SYS] 2025/04/14 - 00:43:36 | batch update started 
[SYS] 2025/04/14 - 00:43:36 | batch update finished 
[SYS] 2025/04/14 - 00:43:41 | batch update started 
[SYS] 2025/04/14 - 00:43:41 | batch update finished 
[SYS] 2025/04/14 - 00:43:46 | 任务进度轮询开始 
[SYS] 2025/04/14 - 00:43:46 | 任务进度轮询完成 
[SYS] 2025/04/14 - 00:43:46 | batch update started 
[SYS] 2025/04/14 - 00:43:46 | batch update finished 
[SYS] 2025/04/14 - 00:43:51 | batch update started 
[SYS] 2025/04/14 - 00:43:51 | batch update finished 
[SYS] 2025/04/14 - 00:43:56 | batch update started 
[SYS] 2025/04/14 - 00:43:56 | batch update finished 
[SYS] 2025/04/14 - 00:44:01 | 任务进度轮询开始 
[SYS] 2025/04/14 - 00:44:01 | 任务进度轮询完成 
[SYS] 2025/04/14 - 00:44:01 | batch update started 
[SYS] 2025/04/14 - 00:44:01 | batch update finished 
[SYS] 2025/04/14 - 00:44:06 | batch update started 
[SYS] 2025/04/14 - 00:44:06 | batch update finished 
[SYS] 2025/04/14 - 00:44:12 | batch update started 
[SYS] 2025/04/14 - 00:44:12 | batch update finished 
[SYS] 2025/04/14 - 00:44:17 | 任务进度轮询开始 
[SYS] 2025/04/14 - 00:44:17 | 任务进度轮询完成 
[SYS] 2025/04/14 - 00:44:17 | batch update started 
[SYS] 2025/04/14 - 00:44:17 | batch update finished 
[SYS] 2025/04/14 - 00:44:22 | batch update started 
[SYS] 2025/04/14 - 00:44:22 | batch update finished 
[SYS] 2025/04/14 - 00:44:27 | batch update started 
[SYS] 2025/04/14 - 00:44:27 | batch update finished 
[SYS] 2025/04/14 - 00:44:32 | syncing options from database 
[SYS] 2025/04/14 - 00:44:32 | syncing channels from database 
[SYS] 2025/04/14 - 00:44:32 | channels synced from database 
[SYS] 2025/04/14 - 00:44:32 | 任务进度轮询开始 
[SYS] 2025/04/14 - 00:44:32 | 任务进度轮询完成 
[SYS] 2025/04/14 - 00:44:32 | batch update started 
[SYS] 2025/04/14 - 00:44:32 | batch update finished 
[SYS] 2025/04/14 - 00:44:37 | batch update started 
[SYS] 2025/04/14 - 00:44:37 | batch update finished 
[SYS] 2025/04/14 - 00:44:43 | batch update started 
[SYS] 2025/04/14 - 00:44:43 | batch update finished 
[SYS] 2025/04/14 - 00:44:48 | 任务进度轮询开始 
[SYS] 2025/04/14 - 00:44:48 | 任务进度轮询完成 
[SYS] 2025/04/14 - 00:44:48 | batch update started 
[SYS] 2025/04/14 - 00:44:48 | batch update finished 
[SYS] 2025/04/14 - 00:44:53 | batch update started 
[SYS] 2025/04/14 - 00:44:53 | batch update finished 
[SYS] 2025/04/14 - 00:44:58 | batch update started 
[SYS] 2025/04/14 - 00:44:58 | batch update finished 
[SYS] 2025/04/14 - 00:45:03 | 任务进度轮询开始 
[SYS] 2025/04/14 - 00:45:03 | 任务进度轮询完成 
[SYS] 2025/04/14 - 00:45:03 | batch update started 
[SYS] 2025/04/14 - 00:45:03 | batch update finished 
[SYS] 2025/04/14 - 00:45:08 | batch update started 
[SYS] 2025/04/14 - 00:45:08 | batch update finished 
[SYS] 2025/04/14 - 00:45:14 | batch update started 
[SYS] 2025/04/14 - 00:45:14 | batch update finished 
[SYS] 2025/04/14 - 00:45:18 | 任务进度轮询开始 
[SYS] 2025/04/14 - 00:45:18 | 任务进度轮询完成 
[SYS] 2025/04/14 - 00:45:19 | batch update started 
[SYS] 2025/04/14 - 00:45:19 | batch update finished 
[SYS] 2025/04/14 - 00:45:24 | batch update started 
[SYS] 2025/04/14 - 00:45:24 | batch update finished 
[SYS] 2025/04/14 - 00:45:29 | batch update started 
[SYS] 2025/04/14 - 00:45:29 | batch update finished 
[SYS] 2025/04/14 - 00:45:33 | syncing options from database 
[SYS] 2025/04/14 - 00:45:33 | syncing channels from database 
[SYS] 2025/04/14 - 00:45:33 | channels synced from database 
[SYS] 2025/04/14 - 00:45:33 | 任务进度轮询开始 
[SYS] 2025/04/14 - 00:45:33 | 任务进度轮询完成 
[SYS] 2025/04/14 - 00:45:34 | batch update started 
[SYS] 2025/04/14 - 00:45:34 | batch update finished 
[SYS] 2025/04/14 - 00:45:39 | batch update started 
[SYS] 2025/04/14 - 00:45:39 | batch update finished 
[SYS] 2025/04/14 - 00:45:44 | batch update started 
[SYS] 2025/04/14 - 00:45:44 | batch update finished 
[SYS] 2025/04/14 - 00:45:49 | 任务进度轮询开始 
[SYS] 2025/04/14 - 00:45:49 | 任务进度轮询完成 
[SYS] 2025/04/14 - 00:45:49 | batch update started 
[SYS] 2025/04/14 - 00:45:49 | batch update finished 
[SYS] 2025/04/14 - 00:45:54 | batch update started 
[SYS] 2025/04/14 - 00:45:54 | batch update finished 
[SYS] 2025/04/14 - 00:45:59 | batch update started 
[SYS] 2025/04/14 - 00:45:59 | batch update finished 
[SYS] 2025/04/14 - 00:46:04 | 任务进度轮询开始 
[SYS] 2025/04/14 - 00:46:04 | 任务进度轮询完成 
[SYS] 2025/04/14 - 00:46:04 | batch update started 
[SYS] 2025/04/14 - 00:46:04 | batch update finished 
[SYS] 2025/04/14 - 00:46:09 | batch update started 
[SYS] 2025/04/14 - 00:46:09 | batch update finished 
[SYS] 2025/04/14 - 00:46:15 | batch update started 
[SYS] 2025/04/14 - 00:46:15 | batch update finished 
[SYS] 2025/04/14 - 00:46:20 | 任务进度轮询开始 
[SYS] 2025/04/14 - 00:46:20 | 任务进度轮询完成 
[SYS] 2025/04/14 - 00:46:20 | batch update started 
[SYS] 2025/04/14 - 00:46:20 | batch update finished 
[SYS] 2025/04/14 - 00:46:25 | batch update started 
[SYS] 2025/04/14 - 00:46:25 | batch update finished 
[SYS] 2025/04/14 - 00:46:30 | batch update started 
[SYS] 2025/04/14 - 00:46:30 | batch update finished 
[SYS] 2025/04/14 - 00:46:35 | syncing channels from database 
[SYS] 2025/04/14 - 00:46:35 | syncing options from database 
[SYS] 2025/04/14 - 00:46:35 | channels synced from database 
[SYS] 2025/04/14 - 00:46:35 | 任务进度轮询开始 
[SYS] 2025/04/14 - 00:46:35 | 任务进度轮询完成 
[SYS] 2025/04/14 - 00:46:35 | batch update started 
[SYS] 2025/04/14 - 00:46:35 | batch update finished 
[SYS] 2025/04/14 - 00:46:40 | batch update started 
[SYS] 2025/04/14 - 00:46:40 | batch update finished 
[SYS] 2025/04/14 - 00:46:45 | batch update started 
[SYS] 2025/04/14 - 00:46:45 | batch update finished 
[SYS] 2025/04/14 - 00:46:50 | 任务进度轮询开始 
[SYS] 2025/04/14 - 00:46:50 | 任务进度轮询完成 
[SYS] 2025/04/14 - 00:46:50 | batch update started 
[SYS] 2025/04/14 - 00:46:50 | batch update finished 
[SYS] 2025/04/14 - 00:46:56 | batch update started 
[SYS] 2025/04/14 - 00:46:56 | batch update finished 
[SYS] 2025/04/14 - 00:47:01 | batch update started 
[SYS] 2025/04/14 - 00:47:01 | batch update finished 
[SYS] 2025/04/14 - 00:47:06 | 任务进度轮询开始 
[SYS] 2025/04/14 - 00:47:06 | 任务进度轮询完成 
[SYS] 2025/04/14 - 00:47:06 | batch update started 
[SYS] 2025/04/14 - 00:47:06 | batch update finished 
[SYS] 2025/04/14 - 00:47:11 | batch update started 
[SYS] 2025/04/14 - 00:47:11 | batch update finished 
[SYS] 2025/04/14 - 00:47:16 | batch update started 
[SYS] 2025/04/14 - 00:47:16 | batch update finished 
[SYS] 2025/04/14 - 00:47:21 | 任务进度轮询开始 
[SYS] 2025/04/14 - 00:47:21 | 任务进度轮询完成 
[SYS] 2025/04/14 - 00:47:21 | batch update started 
[SYS] 2025/04/14 - 00:47:21 | batch update finished 
[SYS] 2025/04/14 - 00:47:27 | batch update started 
[SYS] 2025/04/14 - 00:47:27 | batch update finished 
[SYS] 2025/04/14 - 00:47:32 | batch update started 
[SYS] 2025/04/14 - 00:47:32 | batch update finished 
[SYS] 2025/04/14 - 00:47:36 | 正在更新数据看板数据... 
[SYS] 2025/04/14 - 00:47:36 | 保存数据看板数据成功，共保存0条数据 
[SYS] 2025/04/14 - 00:47:37 | syncing options from database 
[SYS] 2025/04/14 - 00:47:37 | syncing channels from database 
[SYS] 2025/04/14 - 00:47:37 | channels synced from database 
[SYS] 2025/04/14 - 00:47:37 | 任务进度轮询开始 
[SYS] 2025/04/14 - 00:47:37 | 任务进度轮询完成 
[SYS] 2025/04/14 - 00:47:37 | batch update started 
[SYS] 2025/04/14 - 00:47:37 | batch update finished 
[SYS] 2025/04/14 - 00:47:42 | batch update started 
[SYS] 2025/04/14 - 00:47:42 | batch update finished 
[SYS] 2025/04/14 - 00:47:47 | batch update started 
[SYS] 2025/04/14 - 00:47:47 | batch update finished 
[SYS] 2025/04/14 - 00:47:52 | 任务进度轮询开始 
[SYS] 2025/04/14 - 00:47:52 | 任务进度轮询完成 
[SYS] 2025/04/14 - 00:47:52 | batch update started 
[SYS] 2025/04/14 - 00:47:52 | batch update finished 
[SYS] 2025/04/14 - 00:47:57 | batch update started 
[SYS] 2025/04/14 - 00:47:57 | batch update finished 
[SYS] 2025/04/14 - 00:48:03 | batch update started 
[SYS] 2025/04/14 - 00:48:03 | batch update finished 
[SYS] 2025/04/14 - 00:48:08 | 任务进度轮询开始 
[SYS] 2025/04/14 - 00:48:08 | 任务进度轮询完成 
[SYS] 2025/04/14 - 00:48:08 | batch update started 
[SYS] 2025/04/14 - 00:48:08 | batch update finished 
[SYS] 2025/04/14 - 00:48:13 | batch update started 
[SYS] 2025/04/14 - 00:48:13 | batch update finished 
[SYS] 2025/04/14 - 00:48:18 | batch update started 
[SYS] 2025/04/14 - 00:48:18 | batch update finished 
[SYS] 2025/04/14 - 00:48:23 | 任务进度轮询开始 
[SYS] 2025/04/14 - 00:48:23 | 任务进度轮询完成 
[SYS] 2025/04/14 - 00:48:23 | batch update started 
[SYS] 2025/04/14 - 00:48:23 | batch update finished 
[SYS] 2025/04/14 - 00:48:28 | batch update started 
[SYS] 2025/04/14 - 00:48:28 | batch update finished 
[SYS] 2025/04/14 - 00:48:34 | batch update started 
[SYS] 2025/04/14 - 00:48:34 | batch update finished 
[SYS] 2025/04/14 - 00:48:38 | syncing options from database 
[SYS] 2025/04/14 - 00:48:38 | syncing channels from database 
[SYS] 2025/04/14 - 00:48:38 | channels synced from database 
[SYS] 2025/04/14 - 00:48:38 | 任务进度轮询开始 
[SYS] 2025/04/14 - 00:48:38 | 任务进度轮询完成 
[SYS] 2025/04/14 - 00:48:39 | batch update started 
[SYS] 2025/04/14 - 00:48:39 | batch update finished 
[SYS] 2025/04/14 - 00:48:44 | batch update started 
[SYS] 2025/04/14 - 00:48:44 | batch update finished 
[SYS] 2025/04/14 - 00:48:49 | batch update started 
[SYS] 2025/04/14 - 00:48:49 | batch update finished 
[SYS] 2025/04/14 - 00:48:53 | 任务进度轮询开始 
[SYS] 2025/04/14 - 00:48:53 | 任务进度轮询完成 
[SYS] 2025/04/14 - 00:48:54 | batch update started 
[SYS] 2025/04/14 - 00:48:54 | batch update finished 
[SYS] 2025/04/14 - 00:48:59 | batch update started 
[SYS] 2025/04/14 - 00:48:59 | batch update finished 
[SYS] 2025/04/14 - 00:49:04 | batch update started 
[SYS] 2025/04/14 - 00:49:04 | batch update finished 
[SYS] 2025/04/14 - 00:49:09 | 任务进度轮询开始 
[SYS] 2025/04/14 - 00:49:09 | 任务进度轮询完成 
[SYS] 2025/04/14 - 00:49:10 | batch update started 
[SYS] 2025/04/14 - 00:49:10 | batch update finished 
[SYS] 2025/04/14 - 00:49:15 | batch update started 
[SYS] 2025/04/14 - 00:49:15 | batch update finished 
[SYS] 2025/04/14 - 00:49:20 | batch update started 
[SYS] 2025/04/14 - 00:49:20 | batch update finished 
[SYS] 2025/04/14 - 00:49:24 | 任务进度轮询开始 
[SYS] 2025/04/14 - 00:49:24 | 任务进度轮询完成 
[SYS] 2025/04/14 - 00:49:25 | batch update started 
[SYS] 2025/04/14 - 00:49:25 | batch update finished 
[SYS] 2025/04/14 - 00:49:30 | batch update started 
[SYS] 2025/04/14 - 00:49:30 | batch update finished 
[SYS] 2025/04/14 - 00:49:35 | batch update started 
[SYS] 2025/04/14 - 00:49:35 | batch update finished 
[SYS] 2025/04/14 - 00:49:40 | syncing options from database 
[SYS] 2025/04/14 - 00:49:40 | syncing channels from database 
[SYS] 2025/04/14 - 00:49:40 | channels synced from database 
[SYS] 2025/04/14 - 00:49:40 | 任务进度轮询开始 
[SYS] 2025/04/14 - 00:49:40 | 任务进度轮询完成 
[SYS] 2025/04/14 - 00:49:41 | batch update started 
[SYS] 2025/04/14 - 00:49:41 | batch update finished 
[SYS] 2025/04/14 - 00:49:46 | batch update started 
[SYS] 2025/04/14 - 00:49:46 | batch update finished 
[SYS] 2025/04/14 - 00:49:51 | batch update started 
[SYS] 2025/04/14 - 00:49:51 | batch update finished 
[SYS] 2025/04/14 - 00:49:55 | 任务进度轮询开始 
[SYS] 2025/04/14 - 00:49:55 | 任务进度轮询完成 
[SYS] 2025/04/14 - 00:49:56 | batch update started 
[SYS] 2025/04/14 - 00:49:56 | batch update finished 
[SYS] 2025/04/14 - 00:50:01 | batch update started 
[SYS] 2025/04/14 - 00:50:01 | batch update finished 
[SYS] 2025/04/14 - 00:50:06 | batch update started 
[SYS] 2025/04/14 - 00:50:06 | batch update finished 
[SYS] 2025/04/14 - 00:50:10 | 任务进度轮询开始 
[SYS] 2025/04/14 - 00:50:10 | 任务进度轮询完成 
[SYS] 2025/04/14 - 00:50:11 | batch update started 
[SYS] 2025/04/14 - 00:50:11 | batch update finished 
[SYS] 2025/04/14 - 00:50:17 | batch update started 
[SYS] 2025/04/14 - 00:50:17 | batch update finished 
[SYS] 2025/04/14 - 00:50:22 | batch update started 
[SYS] 2025/04/14 - 00:50:22 | batch update finished 
[SYS] 2025/04/14 - 00:50:26 | 任务进度轮询开始 
[SYS] 2025/04/14 - 00:50:26 | 任务进度轮询完成 
[SYS] 2025/04/14 - 00:50:27 | batch update started 
[SYS] 2025/04/14 - 00:50:27 | batch update finished 
[SYS] 2025/04/14 - 00:50:32 | batch update started 
[SYS] 2025/04/14 - 00:50:32 | batch update finished 
[SYS] 2025/04/14 - 00:50:37 | batch update started 
[SYS] 2025/04/14 - 00:50:37 | batch update finished 
[SYS] 2025/04/14 - 00:50:41 | syncing options from database 
[SYS] 2025/04/14 - 00:50:41 | syncing channels from database 
[SYS] 2025/04/14 - 00:50:41 | channels synced from database 
[SYS] 2025/04/14 - 00:50:41 | 任务进度轮询开始 
[SYS] 2025/04/14 - 00:50:41 | 任务进度轮询完成 
[SYS] 2025/04/14 - 00:50:42 | batch update started 
[SYS] 2025/04/14 - 00:50:42 | batch update finished 
[SYS] 2025/04/14 - 00:50:47 | batch update started 
[SYS] 2025/04/14 - 00:50:47 | batch update finished 
[SYS] 2025/04/14 - 00:50:52 | batch update started 
[SYS] 2025/04/14 - 00:50:52 | batch update finished 
[SYS] 2025/04/14 - 00:50:57 | 任务进度轮询开始 
[SYS] 2025/04/14 - 00:50:57 | 任务进度轮询完成 
[SYS] 2025/04/14 - 00:50:57 | batch update started 
[SYS] 2025/04/14 - 00:50:57 | batch update finished 
[SYS] 2025/04/14 - 00:51:02 | batch update started 
[SYS] 2025/04/14 - 00:51:02 | batch update finished 
[SYS] 2025/04/14 - 00:51:07 | batch update started 
[SYS] 2025/04/14 - 00:51:07 | batch update finished 
[SYS] 2025/04/14 - 00:51:12 | 任务进度轮询开始 
[SYS] 2025/04/14 - 00:51:12 | 任务进度轮询完成 
[SYS] 2025/04/14 - 00:51:12 | batch update started 
[SYS] 2025/04/14 - 00:51:12 | batch update finished 
[SYS] 2025/04/14 - 00:51:18 | batch update started 
[SYS] 2025/04/14 - 00:51:18 | batch update finished 
[SYS] 2025/04/14 - 00:51:23 | batch update started 
[SYS] 2025/04/14 - 00:51:23 | batch update finished 
[SYS] 2025/04/14 - 00:51:28 | 任务进度轮询开始 
[SYS] 2025/04/14 - 00:51:28 | 任务进度轮询完成 
[SYS] 2025/04/14 - 00:51:28 | batch update started 
[SYS] 2025/04/14 - 00:51:28 | batch update finished 
[SYS] 2025/04/14 - 00:51:33 | batch update started 
[SYS] 2025/04/14 - 00:51:33 | batch update finished 
[SYS] 2025/04/14 - 00:51:38 | batch update started 
[SYS] 2025/04/14 - 00:51:38 | batch update finished 
[SYS] 2025/04/14 - 00:51:43 | syncing options from database 
[SYS] 2025/04/14 - 00:51:43 | syncing channels from database 
[SYS] 2025/04/14 - 00:51:43 | channels synced from database 
[SYS] 2025/04/14 - 00:51:43 | 任务进度轮询开始 
[SYS] 2025/04/14 - 00:51:43 | 任务进度轮询完成 
[SYS] 2025/04/14 - 00:51:43 | batch update started 
[SYS] 2025/04/14 - 00:51:43 | batch update finished 
[SYS] 2025/04/14 - 00:51:48 | batch update started 
[SYS] 2025/04/14 - 00:51:48 | batch update finished 
[SYS] 2025/04/14 - 00:51:54 | batch update started 
[SYS] 2025/04/14 - 00:51:54 | batch update finished 
[SYS] 2025/04/14 - 00:51:59 | 任务进度轮询开始 
[SYS] 2025/04/14 - 00:51:59 | 任务进度轮询完成 
[SYS] 2025/04/14 - 00:51:59 | batch update started 
[SYS] 2025/04/14 - 00:51:59 | batch update finished 
[SYS] 2025/04/14 - 00:52:04 | batch update started 
[SYS] 2025/04/14 - 00:52:04 | batch update finished 
[SYS] 2025/04/14 - 00:52:09 | batch update started 
[SYS] 2025/04/14 - 00:52:09 | batch update finished 
[SYS] 2025/04/14 - 00:52:14 | 任务进度轮询开始 
[SYS] 2025/04/14 - 00:52:14 | 任务进度轮询完成 
[SYS] 2025/04/14 - 00:52:14 | batch update started 
[SYS] 2025/04/14 - 00:52:14 | batch update finished 
[SYS] 2025/04/14 - 00:52:19 | batch update started 
[SYS] 2025/04/14 - 00:52:19 | batch update finished 
[SYS] 2025/04/14 - 00:52:25 | batch update started 
[SYS] 2025/04/14 - 00:52:25 | batch update finished 
[SYS] 2025/04/14 - 00:52:30 | 任务进度轮询开始 
[SYS] 2025/04/14 - 00:52:30 | 任务进度轮询完成 
[SYS] 2025/04/14 - 00:52:30 | batch update started 
[SYS] 2025/04/14 - 00:52:30 | batch update finished 
[SYS] 2025/04/14 - 00:52:35 | batch update started 
[SYS] 2025/04/14 - 00:52:35 | batch update finished 
[SYS] 2025/04/14 - 00:52:40 | batch update started 
[SYS] 2025/04/14 - 00:52:40 | batch update finished 
[SYS] 2025/04/14 - 00:52:44 | 正在更新数据看板数据... 
[SYS] 2025/04/14 - 00:52:44 | 保存数据看板数据成功，共保存0条数据 
[SYS] 2025/04/14 - 00:52:44 | testing all channels 
[SYS] 2025/04/14 - 00:52:44 | channel test finished 
[SYS] 2025/04/14 - 00:52:44 | syncing options from database 
[SYS] 2025/04/14 - 00:52:44 | syncing channels from database 
[SYS] 2025/04/14 - 00:52:44 | channels synced from database 
[SYS] 2025/04/14 - 00:52:45 | 任务进度轮询开始 
[SYS] 2025/04/14 - 00:52:45 | 任务进度轮询完成 
[SYS] 2025/04/14 - 00:52:45 | batch update started 
[SYS] 2025/04/14 - 00:52:45 | batch update finished 
[SYS] 2025/04/14 - 00:52:50 | batch update started 
[SYS] 2025/04/14 - 00:52:50 | batch update finished 
[SYS] 2025/04/14 - 00:52:55 | batch update started 
[SYS] 2025/04/14 - 00:52:55 | batch update finished 
[SYS] 2025/04/14 - 00:53:00 | 任务进度轮询开始 
[SYS] 2025/04/14 - 00:53:00 | 任务进度轮询完成 
[SYS] 2025/04/14 - 00:53:01 | batch update started 
[SYS] 2025/04/14 - 00:53:01 | batch update finished 
[SYS] 2025/04/14 - 00:53:06 | batch update started 
[SYS] 2025/04/14 - 00:53:06 | batch update finished 
[SYS] 2025/04/14 - 00:53:11 | batch update started 
[SYS] 2025/04/14 - 00:53:11 | batch update finished 
[SYS] 2025/04/14 - 00:53:15 | 任务进度轮询开始 
[SYS] 2025/04/14 - 00:53:15 | 任务进度轮询完成 
[SYS] 2025/04/14 - 00:53:16 | batch update started 
[SYS] 2025/04/14 - 00:53:16 | batch update finished 
[SYS] 2025/04/14 - 00:53:21 | batch update started 
[SYS] 2025/04/14 - 00:53:21 | batch update finished 
[SYS] 2025/04/14 - 00:53:26 | batch update started 
[SYS] 2025/04/14 - 00:53:26 | batch update finished 
[SYS] 2025/04/14 - 00:53:31 | 任务进度轮询开始 
[SYS] 2025/04/14 - 00:53:31 | 任务进度轮询完成 
[SYS] 2025/04/14 - 00:53:32 | batch update started 
[SYS] 2025/04/14 - 00:53:32 | batch update finished 
[SYS] 2025/04/14 - 00:53:37 | batch update started 
[SYS] 2025/04/14 - 00:53:37 | batch update finished 
[SYS] 2025/04/14 - 00:53:42 | batch update started 
[SYS] 2025/04/14 - 00:53:42 | batch update finished 
[SYS] 2025/04/14 - 00:53:46 | syncing options from database 
[SYS] 2025/04/14 - 00:53:46 | syncing channels from database 
[SYS] 2025/04/14 - 00:53:46 | channels synced from database 
[SYS] 2025/04/14 - 00:53:46 | 任务进度轮询开始 
[SYS] 2025/04/14 - 00:53:46 | 任务进度轮询完成 
[SYS] 2025/04/14 - 00:53:47 | batch update started 
[SYS] 2025/04/14 - 00:53:47 | batch update finished 
[SYS] 2025/04/14 - 00:53:52 | batch update started 
[SYS] 2025/04/14 - 00:53:52 | batch update finished 
[SYS] 2025/04/14 - 00:53:57 | batch update started 
[SYS] 2025/04/14 - 00:53:57 | batch update finished 
[SYS] 2025/04/14 - 00:54:01 | 任务进度轮询开始 
[SYS] 2025/04/14 - 00:54:01 | 任务进度轮询完成 
[SYS] 2025/04/14 - 00:54:02 | batch update started 
[SYS] 2025/04/14 - 00:54:02 | batch update finished 
[SYS] 2025/04/14 - 00:54:08 | batch update started 
[SYS] 2025/04/14 - 00:54:08 | batch update finished 
[SYS] 2025/04/14 - 00:54:13 | batch update started 
[SYS] 2025/04/14 - 00:54:13 | batch update finished 
[SYS] 2025/04/14 - 00:54:17 | 任务进度轮询开始 
[SYS] 2025/04/14 - 00:54:17 | 任务进度轮询完成 
[SYS] 2025/04/14 - 00:54:18 | batch update started 
[SYS] 2025/04/14 - 00:54:18 | batch update finished 
[SYS] 2025/04/14 - 00:54:23 | batch update started 
[SYS] 2025/04/14 - 00:54:23 | batch update finished 
[SYS] 2025/04/14 - 00:54:28 | batch update started 
[SYS] 2025/04/14 - 00:54:28 | batch update finished 
[SYS] 2025/04/14 - 00:54:32 | 任务进度轮询开始 
[SYS] 2025/04/14 - 00:54:32 | 任务进度轮询完成 
[SYS] 2025/04/14 - 00:54:33 | batch update started 
[SYS] 2025/04/14 - 00:54:33 | batch update finished 
[SYS] 2025/04/14 - 00:54:39 | batch update started 
[SYS] 2025/04/14 - 00:54:39 | batch update finished 
[SYS] 2025/04/14 - 00:54:44 | batch update started 
[SYS] 2025/04/14 - 00:54:44 | batch update finished 
[SYS] 2025/04/14 - 00:54:48 | syncing options from database 
[SYS] 2025/04/14 - 00:54:48 | syncing channels from database 
[SYS] 2025/04/14 - 00:54:48 | channels synced from database 
[SYS] 2025/04/14 - 00:54:48 | 任务进度轮询开始 
[SYS] 2025/04/14 - 00:54:48 | 任务进度轮询完成 
[SYS] 2025/04/14 - 00:54:49 | batch update started 
[SYS] 2025/04/14 - 00:54:49 | batch update finished 
[SYS] 2025/04/14 - 00:54:54 | batch update started 
[SYS] 2025/04/14 - 00:54:54 | batch update finished 
[SYS] 2025/04/14 - 00:54:59 | batch update started 
[SYS] 2025/04/14 - 00:54:59 | batch update finished 
[SYS] 2025/04/14 - 00:55:03 | 任务进度轮询开始 
[SYS] 2025/04/14 - 00:55:03 | 任务进度轮询完成 
[SYS] 2025/04/14 - 00:55:04 | batch update started 
[SYS] 2025/04/14 - 00:55:04 | batch update finished 
[SYS] 2025/04/14 - 00:55:09 | batch update started 
[SYS] 2025/04/14 - 00:55:09 | batch update finished 
[SYS] 2025/04/14 - 00:55:15 | batch update started 
[SYS] 2025/04/14 - 00:55:15 | batch update finished 
[SYS] 2025/04/14 - 00:55:19 | 任务进度轮询开始 
[SYS] 2025/04/14 - 00:55:19 | 任务进度轮询完成 
[SYS] 2025/04/14 - 00:55:20 | batch update started 
[SYS] 2025/04/14 - 00:55:20 | batch update finished 
[SYS] 2025/04/14 - 00:55:25 | batch update started 
[SYS] 2025/04/14 - 00:55:25 | batch update finished 
[SYS] 2025/04/14 - 00:55:30 | batch update started 
[SYS] 2025/04/14 - 00:55:30 | batch update finished 
[SYS] 2025/04/14 - 00:55:34 | 任务进度轮询开始 
[SYS] 2025/04/14 - 00:55:34 | 任务进度轮询完成 
[SYS] 2025/04/14 - 00:55:35 | batch update started 
[SYS] 2025/04/14 - 00:55:35 | batch update finished 
[SYS] 2025/04/14 - 00:55:40 | batch update started 
[SYS] 2025/04/14 - 00:55:40 | batch update finished 
[SYS] 2025/04/14 - 00:55:45 | batch update started 
[SYS] 2025/04/14 - 00:55:45 | batch update finished 
[SYS] 2025/04/14 - 00:55:50 | syncing options from database 
[SYS] 2025/04/14 - 00:55:50 | syncing channels from database 
[SYS] 2025/04/14 - 00:55:50 | channels synced from database 
[SYS] 2025/04/14 - 00:55:50 | 任务进度轮询开始 
[SYS] 2025/04/14 - 00:55:50 | 任务进度轮询完成 
[SYS] 2025/04/14 - 00:55:50 | batch update started 
[SYS] 2025/04/14 - 00:55:50 | batch update finished 
[SYS] 2025/04/14 - 00:55:55 | batch update started 
[SYS] 2025/04/14 - 00:55:55 | batch update finished 
[SYS] 2025/04/14 - 00:56:00 | batch update started 
[SYS] 2025/04/14 - 00:56:00 | batch update finished 
[SYS] 2025/04/14 - 00:56:05 | 任务进度轮询开始 
[SYS] 2025/04/14 - 00:56:05 | 任务进度轮询完成 
[SYS] 2025/04/14 - 00:56:05 | batch update started 
[SYS] 2025/04/14 - 00:56:05 | batch update finished 
[SYS] 2025/04/14 - 00:56:10 | batch update started 
[SYS] 2025/04/14 - 00:56:10 | batch update finished 
[SYS] 2025/04/14 - 00:56:15 | batch update started 
[SYS] 2025/04/14 - 00:56:15 | batch update finished 
[SYS] 2025/04/14 - 00:56:21 | 任务进度轮询开始 
[SYS] 2025/04/14 - 00:56:21 | 任务进度轮询完成 
[SYS] 2025/04/14 - 00:56:21 | batch update started 
[SYS] 2025/04/14 - 00:56:21 | batch update finished 
[SYS] 2025/04/14 - 00:56:26 | batch update started 
[SYS] 2025/04/14 - 00:56:26 | batch update finished 
[SYS] 2025/04/14 - 00:56:31 | batch update started 
[SYS] 2025/04/14 - 00:56:31 | batch update finished 
[SYS] 2025/04/14 - 00:56:36 | 任务进度轮询开始 
[SYS] 2025/04/14 - 00:56:36 | 任务进度轮询完成 
[SYS] 2025/04/14 - 00:56:36 | batch update started 
[SYS] 2025/04/14 - 00:56:36 | batch update finished 
[SYS] 2025/04/14 - 00:56:41 | batch update started 
[SYS] 2025/04/14 - 00:56:41 | batch update finished 
[SYS] 2025/04/14 - 00:56:46 | batch update started 
[SYS] 2025/04/14 - 00:56:46 | batch update finished 
[SYS] 2025/04/14 - 00:56:51 | syncing options from database 
[SYS] 2025/04/14 - 00:56:52 | syncing channels from database 
[SYS] 2025/04/14 - 00:56:52 | channels synced from database 
[SYS] 2025/04/14 - 00:56:52 | 任务进度轮询开始 
[SYS] 2025/04/14 - 00:56:52 | 任务进度轮询完成 
[SYS] 2025/04/14 - 00:56:52 | batch update started 
[SYS] 2025/04/14 - 00:56:52 | batch update finished 
[SYS] 2025/04/14 - 00:56:57 | batch update started 
[SYS] 2025/04/14 - 00:56:57 | batch update finished 
[SYS] 2025/04/14 - 00:57:02 | batch update started 
[SYS] 2025/04/14 - 00:57:02 | batch update finished 
[SYS] 2025/04/14 - 00:57:07 | 任务进度轮询开始 
[SYS] 2025/04/14 - 00:57:07 | 任务进度轮询完成 
[SYS] 2025/04/14 - 00:57:07 | batch update started 
[SYS] 2025/04/14 - 00:57:07 | batch update finished 
[SYS] 2025/04/14 - 00:57:12 | batch update started 
[SYS] 2025/04/14 - 00:57:12 | batch update finished 
[SYS] 2025/04/14 - 00:57:17 | batch update started 
[SYS] 2025/04/14 - 00:57:17 | batch update finished 
[SYS] 2025/04/14 - 00:57:22 | 任务进度轮询开始 
[SYS] 2025/04/14 - 00:57:22 | 任务进度轮询完成 
[SYS] 2025/04/14 - 00:57:22 | batch update started 
[SYS] 2025/04/14 - 00:57:22 | batch update finished 
[SYS] 2025/04/14 - 00:57:28 | batch update started 
[SYS] 2025/04/14 - 00:57:28 | batch update finished 
[SYS] 2025/04/14 - 00:57:33 | batch update started 
[SYS] 2025/04/14 - 00:57:33 | batch update finished 
[SYS] 2025/04/14 - 00:57:38 | 任务进度轮询开始 
[SYS] 2025/04/14 - 00:57:38 | 任务进度轮询完成 
[SYS] 2025/04/14 - 00:57:38 | batch update started 
[SYS] 2025/04/14 - 00:57:38 | batch update finished 
[SYS] 2025/04/14 - 00:57:43 | batch update started 
[SYS] 2025/04/14 - 00:57:43 | batch update finished 
[SYS] 2025/04/14 - 00:57:48 | batch update started 
[SYS] 2025/04/14 - 00:57:48 | batch update finished 
[SYS] 2025/04/14 - 00:57:52 | 正在更新数据看板数据... 
[SYS] 2025/04/14 - 00:57:52 | 保存数据看板数据成功，共保存0条数据 
[SYS] 2025/04/14 - 00:57:52 | syncing options from database 
[SYS] 2025/04/14 - 00:57:52 | syncing channels from database 
[SYS] 2025/04/14 - 00:57:52 | channels synced from database 
[SYS] 2025/04/14 - 00:57:53 | 任务进度轮询开始 
[SYS] 2025/04/14 - 00:57:53 | 任务进度轮询完成 
[SYS] 2025/04/14 - 00:57:53 | batch update started 
[SYS] 2025/04/14 - 00:57:53 | batch update finished 
[SYS] 2025/04/14 - 00:57:59 | batch update started 
[SYS] 2025/04/14 - 00:57:59 | batch update finished 
[SYS] 2025/04/14 - 00:58:04 | batch update started 
[SYS] 2025/04/14 - 00:58:04 | batch update finished 
[SYS] 2025/04/14 - 00:58:08 | 任务进度轮询开始 
[SYS] 2025/04/14 - 00:58:08 | 任务进度轮询完成 
[SYS] 2025/04/14 - 00:58:09 | batch update started 
[SYS] 2025/04/14 - 00:58:09 | batch update finished 
[SYS] 2025/04/14 - 00:58:14 | batch update started 
[SYS] 2025/04/14 - 00:58:14 | batch update finished 
[SYS] 2025/04/14 - 00:58:19 | batch update started 
[SYS] 2025/04/14 - 00:58:19 | batch update finished 
[SYS] 2025/04/14 - 00:58:23 | 任务进度轮询开始 
[SYS] 2025/04/14 - 00:58:23 | 任务进度轮询完成 
[SYS] 2025/04/14 - 00:58:24 | batch update started 
[SYS] 2025/04/14 - 00:58:24 | batch update finished 
[SYS] 2025/04/14 - 00:58:30 | batch update started 
[SYS] 2025/04/14 - 00:58:30 | batch update finished 
[SYS] 2025/04/14 - 00:58:35 | batch update started 
[SYS] 2025/04/14 - 00:58:35 | batch update finished 
[SYS] 2025/04/14 - 00:58:39 | 任务进度轮询开始 
[SYS] 2025/04/14 - 00:58:39 | 任务进度轮询完成 
[SYS] 2025/04/14 - 00:58:40 | batch update started 
[SYS] 2025/04/14 - 00:58:40 | batch update finished 
[SYS] 2025/04/14 - 00:58:45 | batch update started 
[SYS] 2025/04/14 - 00:58:45 | batch update finished 
[SYS] 2025/04/14 - 00:58:50 | batch update started 
[SYS] 2025/04/14 - 00:58:50 | batch update finished 
[SYS] 2025/04/14 - 00:58:54 | syncing options from database 
[SYS] 2025/04/14 - 00:58:54 | syncing channels from database 
[SYS] 2025/04/14 - 00:58:54 | channels synced from database 
[SYS] 2025/04/14 - 00:58:54 | 任务进度轮询开始 
[SYS] 2025/04/14 - 00:58:54 | 任务进度轮询完成 
[SYS] 2025/04/14 - 00:58:55 | batch update started 
[SYS] 2025/04/14 - 00:58:55 | batch update finished 
[SYS] 2025/04/14 - 00:59:00 | batch update started 
[SYS] 2025/04/14 - 00:59:00 | batch update finished 
[SYS] 2025/04/14 - 00:59:06 | batch update started 
[SYS] 2025/04/14 - 00:59:06 | batch update finished 
[SYS] 2025/04/14 - 00:59:10 | 任务进度轮询开始 
[SYS] 2025/04/14 - 00:59:10 | 任务进度轮询完成 
[SYS] 2025/04/14 - 00:59:11 | batch update started 
[SYS] 2025/04/14 - 00:59:11 | batch update finished 
[SYS] 2025/04/14 - 00:59:16 | batch update started 
[SYS] 2025/04/14 - 00:59:16 | batch update finished 
[SYS] 2025/04/14 - 00:59:21 | batch update started 
[SYS] 2025/04/14 - 00:59:21 | batch update finished 
[SYS] 2025/04/14 - 00:59:25 | 任务进度轮询开始 
[SYS] 2025/04/14 - 00:59:25 | 任务进度轮询完成 
[SYS] 2025/04/14 - 00:59:26 | batch update started 
[SYS] 2025/04/14 - 00:59:26 | batch update finished 
[SYS] 2025/04/14 - 00:59:31 | batch update started 
[SYS] 2025/04/14 - 00:59:31 | batch update finished 
[SYS] 2025/04/14 - 00:59:37 | batch update started 
[SYS] 2025/04/14 - 00:59:37 | batch update finished 
[SYS] 2025/04/14 - 00:59:41 | 任务进度轮询开始 
[SYS] 2025/04/14 - 00:59:41 | 任务进度轮询完成 
[SYS] 2025/04/14 - 00:59:42 | batch update started 
[SYS] 2025/04/14 - 00:59:42 | batch update finished 
[SYS] 2025/04/14 - 00:59:47 | batch update started 
[SYS] 2025/04/14 - 00:59:47 | batch update finished 
[SYS] 2025/04/14 - 00:59:52 | batch update started 
[SYS] 2025/04/14 - 00:59:52 | batch update finished 
[SYS] 2025/04/14 - 00:59:56 | syncing options from database 
[SYS] 2025/04/14 - 00:59:56 | syncing channels from database 
[SYS] 2025/04/14 - 00:59:56 | channels synced from database 
[SYS] 2025/04/14 - 00:59:56 | 任务进度轮询开始 
[SYS] 2025/04/14 - 00:59:56 | 任务进度轮询完成 
[SYS] 2025/04/14 - 00:59:57 | batch update started 
[SYS] 2025/04/14 - 00:59:57 | batch update finished 
[SYS] 2025/04/14 - 01:00:02 | batch update started 
[SYS] 2025/04/14 - 01:00:02 | batch update finished 
[SYS] 2025/04/14 - 01:00:07 | batch update started 
[SYS] 2025/04/14 - 01:00:07 | batch update finished 
[GIN] 2025/04/14 - 01:00:12 | 20250414010012294374253vcw5tRcp | 200 |   66.953752ms |             ::1 |     GET /assets/index-B49caaDr.js
[SYS] 2025/04/14 - 01:00:12 | 任务进度轮询开始 
[SYS] 2025/04/14 - 01:00:12 | 任务进度轮询完成 
[SYS] 2025/04/14 - 01:00:13 | batch update started 
[SYS] 2025/04/14 - 01:00:13 | batch update finished 
[SYS] 2025/04/14 - 01:00:18 | batch update started 
[SYS] 2025/04/14 - 01:00:18 | batch update finished 
