[SYS] 2025/04/02 - 11:43:25 | New API v0.0.0 started 
[SYS] 2025/04/02 - 11:43:25 | using MySQL as database 
[SYS] 2025/04/02 - 11:43:25 | database migration started 
[SYS] 2025/04/02 - 11:43:26 | database migrated 
[SYS] 2025/04/02 - 11:43:26 | using MySQL as database 
[SYS] 2025/04/02 - 11:43:26 | database migration started 
[SYS] 2025/04/02 - 11:43:26 | Redis is enabled 
[SYS] 2025/04/02 - 11:43:26 | memory cache enabled 
[SYS] 2025/04/02 - 11:43:26 | sync frequency: 60 seconds 
[SYS] 2025/04/02 - 11:43:26 | channels synced from database 
[SYS] 2025/04/02 - 11:43:26 | batch update enabled with interval 5s 
[SYS] 2025/04/02 - 11:43:26 | pprof enabled 
[SYS] 2025/04/02 - 11:43:26 | initializing token encoders 
[SYS] 2025/04/02 - 11:43:26 | 正在更新数据看板数据... 
[SYS] 2025/04/02 - 11:43:26 | 保存数据看板数据成功，共保存0条数据 
[SYS] 2025/04/02 - 11:43:27 | token encoders initialized 
[SYS] 2025/04/02 - 11:43:27 | FRONTEND_BASE_URL is ignored on master node 
[SYS] 2025/04/02 - 11:43:31 | batch update started 
[SYS] 2025/04/02 - 11:43:31 | batch update finished 
[SYS] 2025/04/02 - 11:43:36 | batch update started 
[SYS] 2025/04/02 - 11:43:36 | batch update finished 
[SYS] 2025/04/02 - 11:43:41 | 任务进度轮询开始 
[SYS] 2025/04/02 - 11:43:41 | batch update started 
[SYS] 2025/04/02 - 11:43:41 | batch update finished 
[SYS] 2025/04/02 - 11:43:41 | 任务进度轮询完成 
[SYS] 2025/04/02 - 11:43:46 | batch update started 
[SYS] 2025/04/02 - 11:43:46 | batch update finished 
[SYS] 2025/04/02 - 11:43:53 | batch update started 
[SYS] 2025/04/02 - 11:43:53 | batch update finished 
[SYS] 2025/04/02 - 11:43:58 | 任务进度轮询开始 
[SYS] 2025/04/02 - 11:43:58 | batch update started 
[SYS] 2025/04/02 - 11:43:58 | batch update finished 
[SYS] 2025/04/02 - 11:43:58 | 任务进度轮询完成 
[SYS] 2025/04/02 - 11:44:03 | batch update started 
[SYS] 2025/04/02 - 11:44:03 | batch update finished 
[SYS] 2025/04/02 - 11:44:08 | batch update started 
[SYS] 2025/04/02 - 11:44:08 | batch update finished 
[GIN] 2025/04/02 - 11:44:08 | 20250402114408794971779YbVIEtQi | 200 |     870.439µs |             ::1 |     GET /login
[GIN] 2025/04/02 - 11:44:12 | 20250402114412281486331f6PLn8zD | 200 |    1.295712ms |             ::1 |     GET /api/status
[SYS] 2025/04/02 - 11:44:13 | 任务进度轮询开始 
[SYS] 2025/04/02 - 11:44:13 | 任务进度轮询完成 
[SYS] 2025/04/02 - 11:44:13 | batch update started 
[SYS] 2025/04/02 - 11:44:13 | batch update finished 
[SYS] 2025/04/02 - 11:44:18 | batch update started 
[SYS] 2025/04/02 - 11:44:18 | batch update finished 
[SYS] 2025/04/02 - 11:44:24 | batch update started 
[SYS] 2025/04/02 - 11:44:24 | batch update finished 
[SYS] 2025/04/02 - 11:44:29 | syncing channels from database 
[SYS] 2025/04/02 - 11:44:29 | syncing options from database 
[SYS] 2025/04/02 - 11:44:29 | 任务进度轮询开始 
[SYS] 2025/04/02 - 11:44:29 | batch update started 
[SYS] 2025/04/02 - 11:44:29 | batch update finished 
[SYS] 2025/04/02 - 11:44:29 | channels synced from database 
[SYS] 2025/04/02 - 11:44:29 | 任务进度轮询完成 
[SYS] 2025/04/02 - 11:44:34 | batch update started 
[SYS] 2025/04/02 - 11:44:34 | batch update finished 
[GIN] 2025/04/02 - 11:44:35 | 202504021144356069737813HnBtT0G | 307 |    2.194784ms |             ::1 |     GET /api/auth/google/login
[SYS] 2025/04/02 - 11:44:39 | batch update started 
[SYS] 2025/04/02 - 11:44:39 | batch update finished 
[SYS] 2025/04/02 - 11:44:44 | batch update started 
[SYS] 2025/04/02 - 11:44:44 | batch update finished 
[SYS] 2025/04/02 - 11:44:44 | 任务进度轮询开始 
[SYS] 2025/04/02 - 11:44:44 | 任务进度轮询完成 
[SYS] 2025/04/02 - 11:44:49 | batch update started 
[SYS] 2025/04/02 - 11:44:49 | batch update finished 
[GIN] 2025/04/02 - 11:44:51 | 20250402114449460053408F0x6CfRh | 303 |  1.373616845s |             ::1 |     GET /auth/google/callback?state=random_state&code=4%2F0AQSTgQEukByWRKBjUIlVNkFRDz9FN2IdYGTg1gHDGaduJ4pG6p1iIgecbZlas7YMLmhmSA&scope=email+profile+openid+https%3A%2F%2Fwww.googleapis.com%2Fauth%2Fuserinfo.profile+https%3A%2F%2Fwww.googleapis.com%2Fauth%2Fuserinfo.email&authuser=1&prompt=consent
[GIN] 2025/04/02 - 11:44:51 | 20250402114451499697452dbhuDluU | 200 |    5.979554ms |             ::1 |     GET /login?token=eyJhbGciOiJIUzI1NiIsInR5cCI6IkpXVCJ9.eyJlbWFpbCI6Im1hbGFjaHlzb2JlY2h1a3d1QGdtYWlsLmNvbSIsImV4cCI6MTc0NjE4MjY5MSwiaWQiOjUsInJuZCI6MTc0MzU5MDY5MTQ3MDA0ODQwMX0.eU0O4alOJnJB_UH5jXC5nv7-2a_6qY59rOwYJHYPn9I
[SYS] 2025/04/02 - 11:44:56 | batch update started 
[SYS] 2025/04/02 - 11:44:56 | batch update finished 
[GIN] 2025/04/02 - 11:44:56 | 20250402114456112679427xuRokGx0 | 200 |   93.365993ms |             ::1 |     GET /api/status
[GIN] 2025/04/02 - 11:44:56 | 20250402114456111387831kKRwzcvY | 200 |  101.637009ms |             ::1 |     GET /api/user/self
[GIN] 2025/04/02 - 11:44:57 | 20250402114457319051083wVyj1aa | 401 |    1.010665ms |             ::1 |     GET /api/user/models
[GIN] 2025/04/02 - 11:44:57 | 20250402114457404347489pSyXEIt | 401 |   323.99316ms |             ::1 |     GET /api/user/self/groups
[GIN] 2025/04/02 - 11:44:57 | 20250402114457534946360BntH9hZE | 401 |   10.864312ms |             ::1 |     GET /api/token/?p=0&size=10
[GIN] 2025/04/02 - 11:44:57 | 202504021144576126609674zzD4PCn | 200 |  298.162393ms |             ::1 |     GET /login?expired=true
[SYS] 2025/04/02 - 11:45:01 | batch update started 
[SYS] 2025/04/02 - 11:45:01 | batch update finished 
[SYS] 2025/04/02 - 11:45:01 | 任务进度轮询开始 
[SYS] 2025/04/02 - 11:45:01 | 任务进度轮询完成 
[GIN] 2025/04/02 - 11:45:01 | 20250402114501611440641qF4WCndz | 200 |    1.137091ms |             ::1 |     GET /api/status
[SYS] 2025/04/02 - 11:45:06 | batch update started 
[SYS] 2025/04/02 - 11:45:06 | batch update finished 
[SYS] 2025/04/02 - 11:45:11 | batch update started 
[SYS] 2025/04/02 - 11:45:11 | batch update finished 
[SYS] 2025/04/02 - 11:45:16 | batch update started 
[SYS] 2025/04/02 - 11:45:16 | batch update finished 
[SYS] 2025/04/02 - 11:45:16 | 任务进度轮询开始 
[SYS] 2025/04/02 - 11:45:16 | 任务进度轮询完成 
[SYS] 2025/04/02 - 11:45:21 | batch update started 
[SYS] 2025/04/02 - 11:45:21 | batch update finished 
[SYS] 2025/04/02 - 11:45:27 | batch update started 
[SYS] 2025/04/02 - 11:45:27 | batch update finished 
[SYS] 2025/04/02 - 11:45:32 | syncing options from database 
[SYS] 2025/04/02 - 11:45:32 | syncing channels from database 
[SYS] 2025/04/02 - 11:45:32 | channels synced from database 
[SYS] 2025/04/02 - 11:45:32 | batch update started 
[SYS] 2025/04/02 - 11:45:32 | batch update finished 
[SYS] 2025/04/02 - 11:45:32 | 任务进度轮询开始 
[SYS] 2025/04/02 - 11:45:32 | 任务进度轮询完成 
[SYS] 2025/04/02 - 11:45:37 | batch update started 
[SYS] 2025/04/02 - 11:45:37 | batch update finished 
[SYS] 2025/04/02 - 11:45:42 | batch update started 
[SYS] 2025/04/02 - 11:45:42 | batch update finished 
[SYS] 2025/04/02 - 11:45:47 | batch update started 
[SYS] 2025/04/02 - 11:45:47 | batch update finished 
[SYS] 2025/04/02 - 11:45:47 | 任务进度轮询开始 
[SYS] 2025/04/02 - 11:45:47 | 任务进度轮询完成 
[SYS] 2025/04/02 - 11:45:52 | batch update started 
[SYS] 2025/04/02 - 11:45:52 | batch update finished 
[SYS] 2025/04/02 - 11:45:59 | batch update started 
[SYS] 2025/04/02 - 11:45:59 | batch update finished 
[SYS] 2025/04/02 - 11:46:04 | batch update started 
[SYS] 2025/04/02 - 11:46:04 | batch update finished 
[SYS] 2025/04/02 - 11:46:04 | 任务进度轮询开始 
[SYS] 2025/04/02 - 11:46:04 | 任务进度轮询完成 
[SYS] 2025/04/02 - 11:46:09 | batch update started 
[SYS] 2025/04/02 - 11:46:09 | batch update finished 
[SYS] 2025/04/02 - 11:46:14 | batch update started 
[SYS] 2025/04/02 - 11:46:14 | batch update finished 
[SYS] 2025/04/02 - 11:46:19 | batch update started 
[SYS] 2025/04/02 - 11:46:19 | batch update finished 
[SYS] 2025/04/02 - 11:46:19 | 任务进度轮询开始 
[SYS] 2025/04/02 - 11:46:19 | 任务进度轮询完成 
[SYS] 2025/04/02 - 11:46:24 | batch update started 
[SYS] 2025/04/02 - 11:46:24 | batch update finished 
[SYS] 2025/04/02 - 11:46:30 | batch update started 
[SYS] 2025/04/02 - 11:46:30 | batch update finished 
[SYS] 2025/04/02 - 11:46:35 | syncing options from database 
[SYS] 2025/04/02 - 11:46:35 | syncing channels from database 
[SYS] 2025/04/02 - 11:46:35 | channels synced from database 
[SYS] 2025/04/02 - 11:46:35 | batch update started 
[SYS] 2025/04/02 - 11:46:35 | batch update finished 
[SYS] 2025/04/02 - 11:46:35 | 任务进度轮询开始 
[SYS] 2025/04/02 - 11:46:35 | 任务进度轮询完成 
[SYS] 2025/04/02 - 11:46:40 | batch update started 
[SYS] 2025/04/02 - 11:46:40 | batch update finished 
[SYS] 2025/04/02 - 11:46:45 | batch update started 
[SYS] 2025/04/02 - 11:46:45 | batch update finished 
[SYS] 2025/04/02 - 11:46:50 | batch update started 
[SYS] 2025/04/02 - 11:46:50 | batch update finished 
[SYS] 2025/04/02 - 11:46:50 | 任务进度轮询开始 
[SYS] 2025/04/02 - 11:46:50 | 任务进度轮询完成 
[SYS] 2025/04/02 - 11:46:55 | batch update started 
[SYS] 2025/04/02 - 11:46:55 | batch update finished 
[SYS] 2025/04/02 - 11:47:02 | batch update started 
[SYS] 2025/04/02 - 11:47:02 | batch update finished 
[SYS] 2025/04/02 - 11:47:07 | 任务进度轮询开始 
[SYS] 2025/04/02 - 11:47:07 | 任务进度轮询完成 
[SYS] 2025/04/02 - 11:47:07 | batch update started 
[SYS] 2025/04/02 - 11:47:07 | batch update finished 
[SYS] 2025/04/02 - 11:47:12 | batch update started 
[SYS] 2025/04/02 - 11:47:12 | batch update finished 
[SYS] 2025/04/02 - 11:47:17 | batch update started 
[SYS] 2025/04/02 - 11:47:17 | batch update finished 
[SYS] 2025/04/02 - 11:47:22 | 任务进度轮询开始 
[SYS] 2025/04/02 - 11:47:22 | 任务进度轮询完成 
[SYS] 2025/04/02 - 11:47:22 | batch update started 
[SYS] 2025/04/02 - 11:47:22 | batch update finished 
[SYS] 2025/04/02 - 11:47:27 | batch update started 
[SYS] 2025/04/02 - 11:47:27 | batch update finished 
[SYS] 2025/04/02 - 11:47:33 | batch update started 
[SYS] 2025/04/02 - 11:47:33 | batch update finished 
[SYS] 2025/04/02 - 11:47:38 | syncing options from database 
[SYS] 2025/04/02 - 11:47:38 | syncing channels from database 
[SYS] 2025/04/02 - 11:47:38 | channels synced from database 
[SYS] 2025/04/02 - 11:47:38 | 任务进度轮询开始 
[SYS] 2025/04/02 - 11:47:38 | 任务进度轮询完成 
[SYS] 2025/04/02 - 11:47:38 | batch update started 
[SYS] 2025/04/02 - 11:47:38 | batch update finished 
[SYS] 2025/04/02 - 11:47:43 | batch update started 
[SYS] 2025/04/02 - 11:47:43 | batch update finished 
[SYS] 2025/04/02 - 11:47:48 | batch update started 
[SYS] 2025/04/02 - 11:47:48 | batch update finished 
[SYS] 2025/04/02 - 11:47:53 | 任务进度轮询开始 
[SYS] 2025/04/02 - 11:47:53 | 任务进度轮询完成 
[SYS] 2025/04/02 - 11:47:53 | batch update started 
[SYS] 2025/04/02 - 11:47:53 | batch update finished 
[SYS] 2025/04/02 - 11:47:58 | batch update started 
[SYS] 2025/04/02 - 11:47:58 | batch update finished 
[SYS] 2025/04/02 - 11:48:05 | batch update started 
[SYS] 2025/04/02 - 11:48:05 | batch update finished 
[SYS] 2025/04/02 - 11:48:10 | 任务进度轮询开始 
[SYS] 2025/04/02 - 11:48:10 | 任务进度轮询完成 
[SYS] 2025/04/02 - 11:48:10 | batch update started 
[SYS] 2025/04/02 - 11:48:10 | batch update finished 
[SYS] 2025/04/02 - 11:48:15 | batch update started 
[SYS] 2025/04/02 - 11:48:15 | batch update finished 
[SYS] 2025/04/02 - 11:48:20 | batch update started 
[SYS] 2025/04/02 - 11:48:20 | batch update finished 
[SYS] 2025/04/02 - 11:48:25 | 任务进度轮询开始 
[SYS] 2025/04/02 - 11:48:25 | 任务进度轮询完成 
[SYS] 2025/04/02 - 11:48:25 | batch update started 
[SYS] 2025/04/02 - 11:48:25 | batch update finished 
[SYS] 2025/04/02 - 11:48:30 | batch update started 
[SYS] 2025/04/02 - 11:48:30 | batch update finished 
[SYS] 2025/04/02 - 11:48:36 | batch update started 
[SYS] 2025/04/02 - 11:48:36 | batch update finished 
[SYS] 2025/04/02 - 11:48:41 | 正在更新数据看板数据... 
[SYS] 2025/04/02 - 11:48:41 | 保存数据看板数据成功，共保存0条数据 
[SYS] 2025/04/02 - 11:48:41 | syncing options from database 
[SYS] 2025/04/02 - 11:48:41 | syncing channels from database 
[SYS] 2025/04/02 - 11:48:41 | 任务进度轮询开始 
[SYS] 2025/04/02 - 11:48:41 | batch update started 
[SYS] 2025/04/02 - 11:48:41 | batch update finished 
[SYS] 2025/04/02 - 11:48:41 | 任务进度轮询完成 
[SYS] 2025/04/02 - 11:48:41 | channels synced from database 
[SYS] 2025/04/02 - 11:48:46 | batch update started 
[SYS] 2025/04/02 - 11:48:46 | batch update finished 
[SYS] 2025/04/02 - 11:48:51 | batch update started 
[SYS] 2025/04/02 - 11:48:51 | batch update finished 
[SYS] 2025/04/02 - 11:48:56 | batch update started 
[SYS] 2025/04/02 - 11:48:56 | batch update finished 
[SYS] 2025/04/02 - 11:48:56 | 任务进度轮询开始 
[SYS] 2025/04/02 - 11:48:56 | 任务进度轮询完成 
[SYS] 2025/04/02 - 11:49:01 | batch update started 
[SYS] 2025/04/02 - 11:49:01 | batch update finished 
[SYS] 2025/04/02 - 11:49:08 | batch update started 
[SYS] 2025/04/02 - 11:49:08 | batch update finished 
[SYS] 2025/04/02 - 11:49:13 | batch update started 
[SYS] 2025/04/02 - 11:49:13 | batch update finished 
[SYS] 2025/04/02 - 11:49:13 | 任务进度轮询开始 
[SYS] 2025/04/02 - 11:49:13 | 任务进度轮询完成 
[SYS] 2025/04/02 - 11:49:18 | batch update started 
[SYS] 2025/04/02 - 11:49:18 | batch update finished 
[SYS] 2025/04/02 - 11:49:23 | batch update started 
[SYS] 2025/04/02 - 11:49:23 | batch update finished 
[SYS] 2025/04/02 - 11:49:28 | batch update started 
[SYS] 2025/04/02 - 11:49:28 | batch update finished 
[SYS] 2025/04/02 - 11:49:28 | 任务进度轮询开始 
[SYS] 2025/04/02 - 11:49:28 | 任务进度轮询完成 
[SYS] 2025/04/02 - 11:49:33 | batch update started 
[SYS] 2025/04/02 - 11:49:33 | batch update finished 
[SYS] 2025/04/02 - 11:49:39 | batch update started 
[SYS] 2025/04/02 - 11:49:39 | batch update finished 
[SYS] 2025/04/02 - 11:49:44 | batch update started 
[SYS] 2025/04/02 - 11:49:44 | batch update finished 
[SYS] 2025/04/02 - 11:49:44 | 任务进度轮询开始 
[SYS] 2025/04/02 - 11:49:44 | 任务进度轮询完成 
[SYS] 2025/04/02 - 11:49:44 | syncing options from database 
[SYS] 2025/04/02 - 11:49:44 | syncing channels from database 
[SYS] 2025/04/02 - 11:49:44 | channels synced from database 
[SYS] 2025/04/02 - 11:49:49 | batch update started 
[SYS] 2025/04/02 - 11:49:49 | batch update finished 
[SYS] 2025/04/02 - 11:49:54 | batch update started 
[SYS] 2025/04/02 - 11:49:54 | batch update finished 
[SYS] 2025/04/02 - 11:49:59 | 任务进度轮询开始 
[SYS] 2025/04/02 - 11:49:59 | 任务进度轮询完成 
[SYS] 2025/04/02 - 11:49:59 | batch update started 
[SYS] 2025/04/02 - 11:49:59 | batch update finished 
[SYS] 2025/04/02 - 11:50:04 | batch update started 
[SYS] 2025/04/02 - 11:50:04 | batch update finished 
[SYS] 2025/04/02 - 11:50:11 | batch update started 
[SYS] 2025/04/02 - 11:50:11 | batch update finished 
[SYS] 2025/04/02 - 11:50:16 | 任务进度轮询开始 
[SYS] 2025/04/02 - 11:50:16 | 任务进度轮询完成 
[SYS] 2025/04/02 - 11:50:16 | batch update started 
[SYS] 2025/04/02 - 11:50:16 | batch update finished 
[SYS] 2025/04/02 - 11:50:21 | batch update started 
[SYS] 2025/04/02 - 11:50:21 | batch update finished 
[SYS] 2025/04/02 - 11:50:26 | batch update started 
[SYS] 2025/04/02 - 11:50:26 | batch update finished 
[SYS] 2025/04/02 - 11:50:31 | 任务进度轮询开始 
[SYS] 2025/04/02 - 11:50:31 | 任务进度轮询完成 
[SYS] 2025/04/02 - 11:50:31 | batch update started 
[SYS] 2025/04/02 - 11:50:31 | batch update finished 
[SYS] 2025/04/02 - 11:50:36 | batch update started 
[SYS] 2025/04/02 - 11:50:36 | batch update finished 
[SYS] 2025/04/02 - 11:50:42 | batch update started 
[SYS] 2025/04/02 - 11:50:42 | batch update finished 
[SYS] 2025/04/02 - 11:50:47 | 任务进度轮询开始 
[SYS] 2025/04/02 - 11:50:47 | 任务进度轮询完成 
[SYS] 2025/04/02 - 11:50:47 | batch update started 
[SYS] 2025/04/02 - 11:50:47 | batch update finished 
[SYS] 2025/04/02 - 11:50:47 | syncing options from database 
[SYS] 2025/04/02 - 11:50:48 | syncing channels from database 
[SYS] 2025/04/02 - 11:50:48 | channels synced from database 
[SYS] 2025/04/02 - 11:50:52 | batch update started 
[SYS] 2025/04/02 - 11:50:52 | batch update finished 
[SYS] 2025/04/02 - 11:50:57 | batch update started 
[SYS] 2025/04/02 - 11:50:57 | batch update finished 
[SYS] 2025/04/02 - 11:51:02 | 任务进度轮询开始 
[SYS] 2025/04/02 - 11:51:02 | 任务进度轮询完成 
[SYS] 2025/04/02 - 11:51:02 | batch update started 
[SYS] 2025/04/02 - 11:51:02 | batch update finished 
[SYS] 2025/04/02 - 11:51:07 | batch update started 
[SYS] 2025/04/02 - 11:51:07 | batch update finished 
[SYS] 2025/04/02 - 11:51:14 | batch update started 
[SYS] 2025/04/02 - 11:51:14 | batch update finished 
[SYS] 2025/04/02 - 11:51:19 | 任务进度轮询开始 
[SYS] 2025/04/02 - 11:51:19 | 任务进度轮询完成 
[SYS] 2025/04/02 - 11:51:19 | batch update started 
[SYS] 2025/04/02 - 11:51:19 | batch update finished 
[SYS] 2025/04/02 - 11:51:24 | batch update started 
[SYS] 2025/04/02 - 11:51:24 | batch update finished 
[SYS] 2025/04/02 - 11:51:29 | batch update started 
[SYS] 2025/04/02 - 11:51:29 | batch update finished 
[SYS] 2025/04/02 - 11:51:34 | 任务进度轮询开始 
[SYS] 2025/04/02 - 11:51:34 | 任务进度轮询完成 
[SYS] 2025/04/02 - 11:51:34 | batch update started 
[SYS] 2025/04/02 - 11:51:34 | batch update finished 
[SYS] 2025/04/02 - 11:51:39 | batch update started 
[SYS] 2025/04/02 - 11:51:39 | batch update finished 
[SYS] 2025/04/02 - 11:51:46 | batch update started 
[SYS] 2025/04/02 - 11:51:46 | batch update finished 
[SYS] 2025/04/02 - 11:51:50 | 任务进度轮询开始 
[SYS] 2025/04/02 - 11:51:50 | 任务进度轮询完成 
[SYS] 2025/04/02 - 11:51:51 | syncing options from database 
[SYS] 2025/04/02 - 11:51:51 | batch update started 
[SYS] 2025/04/02 - 11:51:51 | batch update finished 
[SYS] 2025/04/02 - 11:51:51 | syncing channels from database 
[SYS] 2025/04/02 - 11:51:51 | channels synced from database 
[SYS] 2025/04/02 - 11:51:56 | batch update started 
[SYS] 2025/04/02 - 11:51:56 | batch update finished 
[SYS] 2025/04/02 - 11:52:01 | batch update started 
[SYS] 2025/04/02 - 11:52:01 | batch update finished 
[SYS] 2025/04/02 - 11:52:05 | 任务进度轮询开始 
[SYS] 2025/04/02 - 11:52:06 | 任务进度轮询完成 
[SYS] 2025/04/02 - 11:52:06 | batch update started 
[SYS] 2025/04/02 - 11:52:06 | batch update finished 
[SYS] 2025/04/02 - 11:52:11 | batch update started 
[SYS] 2025/04/02 - 11:52:11 | batch update finished 
[SYS] 2025/04/02 - 11:52:17 | batch update started 
[SYS] 2025/04/02 - 11:52:17 | batch update finished 
[SYS] 2025/04/02 - 11:52:22 | 任务进度轮询开始 
[SYS] 2025/04/02 - 11:52:22 | 任务进度轮询完成 
[SYS] 2025/04/02 - 11:52:22 | batch update started 
[SYS] 2025/04/02 - 11:52:22 | batch update finished 
[SYS] 2025/04/02 - 11:52:27 | batch update started 
[SYS] 2025/04/02 - 11:52:27 | batch update finished 
[SYS] 2025/04/02 - 11:52:32 | batch update started 
[SYS] 2025/04/02 - 11:52:32 | batch update finished 
[SYS] 2025/04/02 - 11:52:37 | 任务进度轮询开始 
[SYS] 2025/04/02 - 11:52:37 | 任务进度轮询完成 
[SYS] 2025/04/02 - 11:52:37 | batch update started 
[SYS] 2025/04/02 - 11:52:37 | batch update finished 
[SYS] 2025/04/02 - 11:52:42 | batch update started 
[SYS] 2025/04/02 - 11:52:42 | batch update finished 
[SYS] 2025/04/02 - 11:52:49 | batch update started 
[SYS] 2025/04/02 - 11:52:49 | batch update finished 
[SYS] 2025/04/02 - 11:52:54 | 任务进度轮询开始 
[SYS] 2025/04/02 - 11:52:54 | 任务进度轮询完成 
[SYS] 2025/04/02 - 11:52:54 | syncing options from database 
[SYS] 2025/04/02 - 11:52:54 | batch update started 
[SYS] 2025/04/02 - 11:52:54 | batch update finished 
[SYS] 2025/04/02 - 11:52:54 | syncing channels from database 
[SYS] 2025/04/02 - 11:52:54 | channels synced from database 
[SYS] 2025/04/02 - 11:52:59 | batch update started 
[SYS] 2025/04/02 - 11:52:59 | batch update finished 
[SYS] 2025/04/02 - 11:53:04 | batch update started 
[SYS] 2025/04/02 - 11:53:04 | batch update finished 
[SYS] 2025/04/02 - 11:53:09 | 任务进度轮询开始 
[SYS] 2025/04/02 - 11:53:09 | 任务进度轮询完成 
[SYS] 2025/04/02 - 11:53:09 | batch update started 
[SYS] 2025/04/02 - 11:53:09 | batch update finished 
[SYS] 2025/04/02 - 11:53:14 | batch update started 
[SYS] 2025/04/02 - 11:53:14 | batch update finished 
[SYS] 2025/04/02 - 11:53:20 | batch update started 
[SYS] 2025/04/02 - 11:53:20 | batch update finished 
[SYS] 2025/04/02 - 11:53:25 | 任务进度轮询开始 
[SYS] 2025/04/02 - 11:53:25 | 任务进度轮询完成 
[SYS] 2025/04/02 - 11:53:25 | batch update started 
[SYS] 2025/04/02 - 11:53:25 | batch update finished 
[SYS] 2025/04/02 - 11:53:30 | batch update started 
[SYS] 2025/04/02 - 11:53:30 | batch update finished 
[SYS] 2025/04/02 - 11:53:35 | batch update started 
[SYS] 2025/04/02 - 11:53:35 | batch update finished 
[SYS] 2025/04/02 - 11:53:40 | 任务进度轮询开始 
[SYS] 2025/04/02 - 11:53:40 | 任务进度轮询完成 
[SYS] 2025/04/02 - 11:53:40 | batch update started 
[SYS] 2025/04/02 - 11:53:40 | batch update finished 
[SYS] 2025/04/02 - 11:53:45 | batch update started 
[SYS] 2025/04/02 - 11:53:45 | batch update finished 
[SYS] 2025/04/02 - 11:53:52 | batch update started 
[SYS] 2025/04/02 - 11:53:52 | batch update finished 
[SYS] 2025/04/02 - 11:53:56 | 正在更新数据看板数据... 
[SYS] 2025/04/02 - 11:53:56 | 保存数据看板数据成功，共保存0条数据 
[SYS] 2025/04/02 - 11:53:56 | testing all channels 
[SYS] 2025/04/02 - 11:53:56 | channel test finished 
[SYS] 2025/04/02 - 11:53:57 | syncing options from database 
[SYS] 2025/04/02 - 11:53:57 | 任务进度轮询开始 
[SYS] 2025/04/02 - 11:53:57 | 任务进度轮询完成 
[SYS] 2025/04/02 - 11:53:57 | batch update started 
[SYS] 2025/04/02 - 11:53:57 | batch update finished 
[SYS] 2025/04/02 - 11:53:57 | syncing channels from database 
[SYS] 2025/04/02 - 11:53:57 | channels synced from database 
[SYS] 2025/04/02 - 11:54:02 | batch update started 
[SYS] 2025/04/02 - 11:54:02 | batch update finished 
[SYS] 2025/04/02 - 11:54:07 | batch update started 
[SYS] 2025/04/02 - 11:54:07 | batch update finished 
[SYS] 2025/04/02 - 11:54:12 | 任务进度轮询开始 
[SYS] 2025/04/02 - 11:54:12 | 任务进度轮询完成 
[SYS] 2025/04/02 - 11:54:12 | batch update started 
[SYS] 2025/04/02 - 11:54:12 | batch update finished 
[SYS] 2025/04/02 - 11:54:17 | batch update started 
[SYS] 2025/04/02 - 11:54:17 | batch update finished 
[SYS] 2025/04/02 - 11:54:23 | batch update started 
[SYS] 2025/04/02 - 11:54:23 | batch update finished 
[SYS] 2025/04/02 - 11:54:28 | 任务进度轮询开始 
[SYS] 2025/04/02 - 11:54:28 | 任务进度轮询完成 
[SYS] 2025/04/02 - 11:54:28 | batch update started 
[SYS] 2025/04/02 - 11:54:28 | batch update finished 
[SYS] 2025/04/02 - 11:54:33 | batch update started 
[SYS] 2025/04/02 - 11:54:33 | batch update finished 
[SYS] 2025/04/02 - 11:54:38 | batch update started 
[SYS] 2025/04/02 - 11:54:38 | batch update finished 
[SYS] 2025/04/02 - 11:54:43 | 任务进度轮询开始 
[SYS] 2025/04/02 - 11:54:43 | 任务进度轮询完成 
[SYS] 2025/04/02 - 11:54:43 | batch update started 
[SYS] 2025/04/02 - 11:54:43 | batch update finished 
[SYS] 2025/04/02 - 11:54:48 | batch update started 
[SYS] 2025/04/02 - 11:54:48 | batch update finished 
[SYS] 2025/04/02 - 11:54:54 | batch update started 
[SYS] 2025/04/02 - 11:54:54 | batch update finished 
[SYS] 2025/04/02 - 11:54:59 | syncing options from database 
[SYS] 2025/04/02 - 11:54:59 | 任务进度轮询开始 
[SYS] 2025/04/02 - 11:54:59 | 任务进度轮询完成 
[SYS] 2025/04/02 - 11:54:59 | batch update started 
[SYS] 2025/04/02 - 11:54:59 | batch update finished 
[SYS] 2025/04/02 - 11:54:59 | syncing channels from database 
[SYS] 2025/04/02 - 11:54:59 | channels synced from database 
[SYS] 2025/04/02 - 11:55:04 | batch update started 
[SYS] 2025/04/02 - 11:55:04 | batch update finished 
[SYS] 2025/04/02 - 11:55:10 | batch update started 
[SYS] 2025/04/02 - 11:55:10 | batch update finished 
[SYS] 2025/04/02 - 11:55:15 | 任务进度轮询开始 
[SYS] 2025/04/02 - 11:55:15 | 任务进度轮询完成 
[SYS] 2025/04/02 - 11:55:15 | batch update started 
[SYS] 2025/04/02 - 11:55:15 | batch update finished 
[SYS] 2025/04/02 - 11:55:20 | batch update started 
[SYS] 2025/04/02 - 11:55:20 | batch update finished 
[SYS] 2025/04/02 - 11:55:26 | batch update started 
[SYS] 2025/04/02 - 11:55:26 | batch update finished 
[SYS] 2025/04/02 - 11:55:31 | 任务进度轮询开始 
[SYS] 2025/04/02 - 11:55:31 | 任务进度轮询完成 
[SYS] 2025/04/02 - 11:55:31 | batch update started 
[SYS] 2025/04/02 - 11:55:31 | batch update finished 
[SYS] 2025/04/02 - 11:55:36 | batch update started 
[SYS] 2025/04/02 - 11:55:36 | batch update finished 
[SYS] 2025/04/02 - 11:55:41 | batch update started 
[SYS] 2025/04/02 - 11:55:41 | batch update finished 
[SYS] 2025/04/02 - 11:55:46 | 任务进度轮询开始 
[SYS] 2025/04/02 - 11:55:46 | 任务进度轮询完成 
[SYS] 2025/04/02 - 11:55:46 | batch update started 
[SYS] 2025/04/02 - 11:55:46 | batch update finished 
[SYS] 2025/04/02 - 11:55:51 | batch update started 
[SYS] 2025/04/02 - 11:55:51 | batch update finished 
[SYS] 2025/04/02 - 11:55:58 | batch update started 
[SYS] 2025/04/02 - 11:55:58 | batch update finished 
[SYS] 2025/04/02 - 11:56:03 | syncing options from database 
[SYS] 2025/04/02 - 11:56:03 | 任务进度轮询开始 
[SYS] 2025/04/02 - 11:56:03 | 任务进度轮询完成 
[SYS] 2025/04/02 - 11:56:03 | batch update started 
[SYS] 2025/04/02 - 11:56:03 | batch update finished 
[SYS] 2025/04/02 - 11:56:03 | syncing channels from database 
[SYS] 2025/04/02 - 11:56:03 | channels synced from database 
[SYS] 2025/04/02 - 11:56:08 | batch update started 
[SYS] 2025/04/02 - 11:56:08 | batch update finished 
[SYS] 2025/04/02 - 11:56:13 | batch update started 
[SYS] 2025/04/02 - 11:56:13 | batch update finished 
[SYS] 2025/04/02 - 11:56:18 | 任务进度轮询开始 
[SYS] 2025/04/02 - 11:56:18 | 任务进度轮询完成 
[SYS] 2025/04/02 - 11:56:18 | batch update started 
[SYS] 2025/04/02 - 11:56:18 | batch update finished 
[SYS] 2025/04/02 - 11:56:23 | batch update started 
[SYS] 2025/04/02 - 11:56:23 | batch update finished 
[SYS] 2025/04/02 - 11:56:29 | batch update started 
[SYS] 2025/04/02 - 11:56:29 | batch update finished 
[SYS] 2025/04/02 - 11:56:34 | 任务进度轮询开始 
[SYS] 2025/04/02 - 11:56:34 | 任务进度轮询完成 
[SYS] 2025/04/02 - 11:56:34 | batch update started 
[SYS] 2025/04/02 - 11:56:34 | batch update finished 
[SYS] 2025/04/02 - 11:56:39 | batch update started 
[SYS] 2025/04/02 - 11:56:39 | batch update finished 
[SYS] 2025/04/02 - 11:56:44 | batch update started 
[SYS] 2025/04/02 - 11:56:44 | batch update finished 
[SYS] 2025/04/02 - 11:56:49 | 任务进度轮询开始 
[SYS] 2025/04/02 - 11:56:49 | 任务进度轮询完成 
[SYS] 2025/04/02 - 11:56:49 | batch update started 
[SYS] 2025/04/02 - 11:56:49 | batch update finished 
[SYS] 2025/04/02 - 11:56:54 | batch update started 
[SYS] 2025/04/02 - 11:56:54 | batch update finished 
[SYS] 2025/04/02 - 11:57:01 | batch update started 
[SYS] 2025/04/02 - 11:57:01 | batch update finished 
[SYS] 2025/04/02 - 11:57:06 | syncing options from database 
[SYS] 2025/04/02 - 11:57:06 | 任务进度轮询开始 
[SYS] 2025/04/02 - 11:57:06 | 任务进度轮询完成 
[SYS] 2025/04/02 - 11:57:06 | batch update started 
[SYS] 2025/04/02 - 11:57:06 | batch update finished 
[SYS] 2025/04/02 - 11:57:06 | syncing channels from database 
[SYS] 2025/04/02 - 11:57:06 | channels synced from database 
[SYS] 2025/04/02 - 11:57:11 | batch update started 
[SYS] 2025/04/02 - 11:57:11 | batch update finished 
[SYS] 2025/04/02 - 11:57:16 | batch update started 
[SYS] 2025/04/02 - 11:57:16 | batch update finished 
[SYS] 2025/04/02 - 11:57:21 | 任务进度轮询开始 
[SYS] 2025/04/02 - 11:57:21 | 任务进度轮询完成 
[SYS] 2025/04/02 - 11:57:21 | batch update started 
[SYS] 2025/04/02 - 11:57:21 | batch update finished 
[SYS] 2025/04/02 - 11:57:26 | batch update started 
[SYS] 2025/04/02 - 11:57:26 | batch update finished 
[SYS] 2025/04/02 - 11:57:32 | batch update started 
[SYS] 2025/04/02 - 11:57:32 | batch update finished 
[SYS] 2025/04/02 - 11:57:37 | 任务进度轮询开始 
[SYS] 2025/04/02 - 11:57:37 | 任务进度轮询完成 
[SYS] 2025/04/02 - 11:57:37 | batch update started 
[SYS] 2025/04/02 - 11:57:37 | batch update finished 
[SYS] 2025/04/02 - 11:57:42 | batch update started 
[SYS] 2025/04/02 - 11:57:42 | batch update finished 
[SYS] 2025/04/02 - 11:57:47 | batch update started 
[SYS] 2025/04/02 - 11:57:47 | batch update finished 
[SYS] 2025/04/02 - 11:57:52 | 任务进度轮询开始 
[SYS] 2025/04/02 - 11:57:52 | 任务进度轮询完成 
[SYS] 2025/04/02 - 11:57:52 | batch update started 
[SYS] 2025/04/02 - 11:57:52 | batch update finished 
[SYS] 2025/04/02 - 11:57:57 | batch update started 
[SYS] 2025/04/02 - 11:57:57 | batch update finished 
[SYS] 2025/04/02 - 11:58:04 | batch update started 
[SYS] 2025/04/02 - 11:58:04 | batch update finished 
[SYS] 2025/04/02 - 11:58:09 | syncing options from database 
[SYS] 2025/04/02 - 11:58:09 | 任务进度轮询开始 
[SYS] 2025/04/02 - 11:58:09 | 任务进度轮询完成 
[SYS] 2025/04/02 - 11:58:09 | batch update started 
[SYS] 2025/04/02 - 11:58:09 | batch update finished 
[SYS] 2025/04/02 - 11:58:09 | syncing channels from database 
[SYS] 2025/04/02 - 11:58:09 | channels synced from database 
[SYS] 2025/04/02 - 11:58:14 | batch update started 
[SYS] 2025/04/02 - 11:58:14 | batch update finished 
[SYS] 2025/04/02 - 11:58:19 | batch update started 
[SYS] 2025/04/02 - 11:58:19 | batch update finished 
[SYS] 2025/04/02 - 11:58:24 | 任务进度轮询开始 
[SYS] 2025/04/02 - 11:58:24 | 任务进度轮询完成 
[SYS] 2025/04/02 - 11:58:24 | batch update started 
[SYS] 2025/04/02 - 11:58:24 | batch update finished 
[SYS] 2025/04/02 - 11:58:29 | batch update started 
[SYS] 2025/04/02 - 11:58:29 | batch update finished 
[SYS] 2025/04/02 - 11:58:36 | batch update started 
[SYS] 2025/04/02 - 11:58:36 | batch update finished 
[SYS] 2025/04/02 - 11:58:40 | 任务进度轮询开始 
[SYS] 2025/04/02 - 11:58:40 | 任务进度轮询完成 
[SYS] 2025/04/02 - 11:58:41 | batch update started 
[SYS] 2025/04/02 - 11:58:41 | batch update finished 
[SYS] 2025/04/02 - 11:58:46 | batch update started 
[SYS] 2025/04/02 - 11:58:46 | batch update finished 
[SYS] 2025/04/02 - 11:58:51 | batch update started 
[SYS] 2025/04/02 - 11:58:51 | batch update finished 
[SYS] 2025/04/02 - 11:58:55 | 任务进度轮询开始 
[SYS] 2025/04/02 - 11:58:55 | 任务进度轮询完成 
[SYS] 2025/04/02 - 11:58:56 | batch update started 
[SYS] 2025/04/02 - 11:58:56 | batch update finished 
[SYS] 2025/04/02 - 11:59:01 | batch update started 
[SYS] 2025/04/02 - 11:59:01 | batch update finished 
[SYS] 2025/04/02 - 11:59:07 | batch update started 
[SYS] 2025/04/02 - 11:59:07 | batch update finished 
[SYS] 2025/04/02 - 11:59:12 | 正在更新数据看板数据... 
[SYS] 2025/04/02 - 11:59:12 | 保存数据看板数据成功，共保存0条数据 
[SYS] 2025/04/02 - 11:59:12 | syncing options from database 
[SYS] 2025/04/02 - 11:59:12 | 任务进度轮询开始 
[SYS] 2025/04/02 - 11:59:12 | 任务进度轮询完成 
[SYS] 2025/04/02 - 11:59:12 | batch update started 
[SYS] 2025/04/02 - 11:59:12 | batch update finished 
[SYS] 2025/04/02 - 11:59:12 | syncing channels from database 
[SYS] 2025/04/02 - 11:59:12 | channels synced from database 
[SYS] 2025/04/02 - 11:59:17 | batch update started 
[SYS] 2025/04/02 - 11:59:17 | batch update finished 
[SYS] 2025/04/02 - 11:59:22 | batch update started 
[SYS] 2025/04/02 - 11:59:22 | batch update finished 
[SYS] 2025/04/02 - 11:59:27 | 任务进度轮询开始 
[SYS] 2025/04/02 - 11:59:27 | 任务进度轮询完成 
[SYS] 2025/04/02 - 11:59:27 | batch update started 
[SYS] 2025/04/02 - 11:59:27 | batch update finished 
[SYS] 2025/04/02 - 11:59:32 | batch update started 
[SYS] 2025/04/02 - 11:59:32 | batch update finished 
[SYS] 2025/04/02 - 11:59:39 | batch update started 
[SYS] 2025/04/02 - 11:59:39 | batch update finished 
[SYS] 2025/04/02 - 11:59:44 | 任务进度轮询开始 
[SYS] 2025/04/02 - 11:59:44 | 任务进度轮询完成 
[SYS] 2025/04/02 - 11:59:44 | batch update started 
[SYS] 2025/04/02 - 11:59:44 | batch update finished 
[SYS] 2025/04/02 - 11:59:49 | batch update started 
[SYS] 2025/04/02 - 11:59:49 | batch update finished 
[SYS] 2025/04/02 - 11:59:54 | batch update started 
[SYS] 2025/04/02 - 11:59:54 | batch update finished 
[SYS] 2025/04/02 - 11:59:59 | 任务进度轮询开始 
[SYS] 2025/04/02 - 11:59:59 | 任务进度轮询完成 
[SYS] 2025/04/02 - 11:59:59 | batch update started 
[SYS] 2025/04/02 - 11:59:59 | batch update finished 
[SYS] 2025/04/02 - 12:00:04 | batch update started 
[SYS] 2025/04/02 - 12:00:04 | batch update finished 
[SYS] 2025/04/02 - 12:00:10 | batch update started 
[SYS] 2025/04/02 - 12:00:10 | batch update finished 
[SYS] 2025/04/02 - 12:00:15 | syncing options from database 
[SYS] 2025/04/02 - 12:00:15 | 任务进度轮询开始 
[SYS] 2025/04/02 - 12:00:15 | 任务进度轮询完成 
[SYS] 2025/04/02 - 12:00:15 | batch update started 
[SYS] 2025/04/02 - 12:00:15 | batch update finished 
[SYS] 2025/04/02 - 12:00:15 | syncing channels from database 
[SYS] 2025/04/02 - 12:00:15 | channels synced from database 
[SYS] 2025/04/02 - 12:00:20 | batch update started 
[SYS] 2025/04/02 - 12:00:20 | batch update finished 
[SYS] 2025/04/02 - 12:00:25 | batch update started 
[SYS] 2025/04/02 - 12:00:25 | batch update finished 
[SYS] 2025/04/02 - 12:00:30 | 任务进度轮询开始 
[SYS] 2025/04/02 - 12:00:30 | 任务进度轮询完成 
[SYS] 2025/04/02 - 12:00:30 | batch update started 
[SYS] 2025/04/02 - 12:00:30 | batch update finished 
[SYS] 2025/04/02 - 12:00:35 | batch update started 
[SYS] 2025/04/02 - 12:00:35 | batch update finished 
[SYS] 2025/04/02 - 12:00:42 | batch update started 
[SYS] 2025/04/02 - 12:00:42 | batch update finished 
[SYS] 2025/04/02 - 12:00:47 | 任务进度轮询开始 
[SYS] 2025/04/02 - 12:00:47 | 任务进度轮询完成 
[SYS] 2025/04/02 - 12:00:47 | batch update started 
[SYS] 2025/04/02 - 12:00:47 | batch update finished 
[SYS] 2025/04/02 - 12:00:52 | batch update started 
[SYS] 2025/04/02 - 12:00:52 | batch update finished 
[SYS] 2025/04/02 - 12:00:57 | batch update started 
[SYS] 2025/04/02 - 12:00:57 | batch update finished 
[SYS] 2025/04/02 - 12:01:02 | 任务进度轮询开始 
[SYS] 2025/04/02 - 12:01:02 | 任务进度轮询完成 
[SYS] 2025/04/02 - 12:01:02 | batch update started 
[SYS] 2025/04/02 - 12:01:02 | batch update finished 
[SYS] 2025/04/02 - 12:01:07 | batch update started 
[SYS] 2025/04/02 - 12:01:07 | batch update finished 
[SYS] 2025/04/02 - 12:01:13 | batch update started 
[SYS] 2025/04/02 - 12:01:13 | batch update finished 
[SYS] 2025/04/02 - 12:01:18 | syncing options from database 
[SYS] 2025/04/02 - 12:01:18 | 任务进度轮询开始 
[SYS] 2025/04/02 - 12:01:18 | 任务进度轮询完成 
[SYS] 2025/04/02 - 12:01:18 | batch update started 
[SYS] 2025/04/02 - 12:01:18 | batch update finished 
[SYS] 2025/04/02 - 12:01:18 | syncing channels from database 
[SYS] 2025/04/02 - 12:01:18 | channels synced from database 
[SYS] 2025/04/02 - 12:01:23 | batch update started 
[SYS] 2025/04/02 - 12:01:23 | batch update finished 
[SYS] 2025/04/02 - 12:01:28 | batch update started 
[SYS] 2025/04/02 - 12:01:28 | batch update finished 
[SYS] 2025/04/02 - 12:01:33 | 任务进度轮询开始 
[SYS] 2025/04/02 - 12:01:33 | 任务进度轮询完成 
[SYS] 2025/04/02 - 12:01:33 | batch update started 
[SYS] 2025/04/02 - 12:01:33 | batch update finished 
[SYS] 2025/04/02 - 12:01:38 | batch update started 
[SYS] 2025/04/02 - 12:01:38 | batch update finished 
[SYS] 2025/04/02 - 12:01:45 | batch update started 
[SYS] 2025/04/02 - 12:01:45 | batch update finished 
[SYS] 2025/04/02 - 12:01:50 | 任务进度轮询开始 
[SYS] 2025/04/02 - 12:01:50 | 任务进度轮询完成 
[SYS] 2025/04/02 - 12:01:50 | batch update started 
[SYS] 2025/04/02 - 12:01:50 | batch update finished 
[SYS] 2025/04/02 - 12:01:55 | batch update started 
[SYS] 2025/04/02 - 12:01:55 | batch update finished 
[SYS] 2025/04/02 - 12:02:00 | batch update started 
[SYS] 2025/04/02 - 12:02:00 | batch update finished 
[SYS] 2025/04/02 - 12:02:05 | 任务进度轮询开始 
[SYS] 2025/04/02 - 12:02:05 | 任务进度轮询完成 
[SYS] 2025/04/02 - 12:02:05 | batch update started 
[SYS] 2025/04/02 - 12:02:05 | batch update finished 
[SYS] 2025/04/02 - 12:02:10 | batch update started 
[SYS] 2025/04/02 - 12:02:10 | batch update finished 
[SYS] 2025/04/02 - 12:02:16 | batch update started 
[SYS] 2025/04/02 - 12:02:16 | batch update finished 
[SYS] 2025/04/02 - 12:02:21 | syncing options from database 
[SYS] 2025/04/02 - 12:02:21 | 任务进度轮询开始 
[SYS] 2025/04/02 - 12:02:21 | 任务进度轮询完成 
[SYS] 2025/04/02 - 12:02:21 | batch update started 
[SYS] 2025/04/02 - 12:02:21 | batch update finished 
[SYS] 2025/04/02 - 12:02:21 | syncing channels from database 
[SYS] 2025/04/02 - 12:02:21 | channels synced from database 
[SYS] 2025/04/02 - 12:02:26 | batch update started 
[SYS] 2025/04/02 - 12:02:26 | batch update finished 
[SYS] 2025/04/02 - 12:02:31 | batch update started 
[SYS] 2025/04/02 - 12:02:31 | batch update finished 
[SYS] 2025/04/02 - 12:02:36 | 任务进度轮询开始 
[SYS] 2025/04/02 - 12:02:36 | 任务进度轮询完成 
[SYS] 2025/04/02 - 12:02:36 | batch update started 
[SYS] 2025/04/02 - 12:02:36 | batch update finished 
[SYS] 2025/04/02 - 12:02:41 | batch update started 
[SYS] 2025/04/02 - 12:02:41 | batch update finished 
[SYS] 2025/04/02 - 12:02:48 | batch update started 
[SYS] 2025/04/02 - 12:02:48 | batch update finished 
[SYS] 2025/04/02 - 12:02:53 | 任务进度轮询开始 
[SYS] 2025/04/02 - 12:02:53 | 任务进度轮询完成 
[SYS] 2025/04/02 - 12:02:53 | batch update started 
[SYS] 2025/04/02 - 12:02:53 | batch update finished 
[SYS] 2025/04/02 - 12:02:58 | batch update started 
[SYS] 2025/04/02 - 12:02:58 | batch update finished 
[SYS] 2025/04/02 - 12:03:03 | batch update started 
[SYS] 2025/04/02 - 12:03:03 | batch update finished 
[SYS] 2025/04/02 - 12:03:08 | 任务进度轮询开始 
[SYS] 2025/04/02 - 12:03:08 | 任务进度轮询完成 
[SYS] 2025/04/02 - 12:03:08 | batch update started 
[SYS] 2025/04/02 - 12:03:08 | batch update finished 
[SYS] 2025/04/02 - 12:03:13 | batch update started 
[SYS] 2025/04/02 - 12:03:13 | batch update finished 
[SYS] 2025/04/02 - 12:03:20 | batch update started 
[SYS] 2025/04/02 - 12:03:20 | batch update finished 
[SYS] 2025/04/02 - 12:03:24 | syncing options from database 
[SYS] 2025/04/02 - 12:03:24 | 任务进度轮询开始 
[SYS] 2025/04/02 - 12:03:24 | 任务进度轮询完成 
[SYS] 2025/04/02 - 12:03:25 | batch update started 
[SYS] 2025/04/02 - 12:03:25 | batch update finished 
[SYS] 2025/04/02 - 12:03:25 | syncing channels from database 
[SYS] 2025/04/02 - 12:03:25 | channels synced from database 
[SYS] 2025/04/02 - 12:03:30 | batch update started 
[SYS] 2025/04/02 - 12:03:30 | batch update finished 
[SYS] 2025/04/02 - 12:03:35 | batch update started 
[SYS] 2025/04/02 - 12:03:35 | batch update finished 
[SYS] 2025/04/02 - 12:03:39 | 任务进度轮询开始 
[SYS] 2025/04/02 - 12:03:39 | 任务进度轮询完成 
[SYS] 2025/04/02 - 12:03:40 | batch update started 
[SYS] 2025/04/02 - 12:03:40 | batch update finished 
[SYS] 2025/04/02 - 12:03:45 | batch update started 
[SYS] 2025/04/02 - 12:03:45 | batch update finished 
[SYS] 2025/04/02 - 12:03:51 | batch update started 
[SYS] 2025/04/02 - 12:03:51 | batch update finished 
[SYS] 2025/04/02 - 12:03:56 | 任务进度轮询开始 
[SYS] 2025/04/02 - 12:03:56 | 任务进度轮询完成 
[SYS] 2025/04/02 - 12:03:56 | batch update started 
[SYS] 2025/04/02 - 12:03:56 | batch update finished 
[SYS] 2025/04/02 - 12:04:01 | batch update started 
[SYS] 2025/04/02 - 12:04:01 | batch update finished 
[SYS] 2025/04/02 - 12:04:06 | batch update started 
[SYS] 2025/04/02 - 12:04:06 | batch update finished 
[SYS] 2025/04/02 - 12:04:11 | 任务进度轮询开始 
[SYS] 2025/04/02 - 12:04:11 | 任务进度轮询完成 
[SYS] 2025/04/02 - 12:04:11 | batch update started 
[SYS] 2025/04/02 - 12:04:11 | batch update finished 
[SYS] 2025/04/02 - 12:04:16 | batch update started 
[SYS] 2025/04/02 - 12:04:16 | batch update finished 
[SYS] 2025/04/02 - 12:04:23 | batch update started 
[SYS] 2025/04/02 - 12:04:23 | batch update finished 
[SYS] 2025/04/02 - 12:04:27 | 正在更新数据看板数据... 
[SYS] 2025/04/02 - 12:04:27 | testing all channels 
[SYS] 2025/04/02 - 12:04:27 | 保存数据看板数据成功，共保存0条数据 
[SYS] 2025/04/02 - 12:04:27 | channel test finished 
[SYS] 2025/04/02 - 12:04:27 | syncing options from database 
[SYS] 2025/04/02 - 12:04:27 | 任务进度轮询开始 
[SYS] 2025/04/02 - 12:04:27 | 任务进度轮询完成 
[SYS] 2025/04/02 - 12:04:28 | batch update started 
[SYS] 2025/04/02 - 12:04:28 | batch update finished 
[SYS] 2025/04/02 - 12:04:28 | syncing channels from database 
[SYS] 2025/04/02 - 12:04:28 | channels synced from database 
[SYS] 2025/04/02 - 12:04:33 | batch update started 
[SYS] 2025/04/02 - 12:04:33 | batch update finished 
[SYS] 2025/04/02 - 12:04:38 | batch update started 
[SYS] 2025/04/02 - 12:04:38 | batch update finished 
[SYS] 2025/04/02 - 12:04:42 | 任务进度轮询开始 
[SYS] 2025/04/02 - 12:04:42 | 任务进度轮询完成 
[SYS] 2025/04/02 - 12:04:43 | batch update started 
[SYS] 2025/04/02 - 12:04:43 | batch update finished 
[SYS] 2025/04/02 - 12:04:48 | batch update started 
[SYS] 2025/04/02 - 12:04:48 | batch update finished 
[SYS] 2025/04/02 - 12:04:54 | batch update started 
[SYS] 2025/04/02 - 12:04:54 | batch update finished 
[SYS] 2025/04/02 - 12:04:59 | 任务进度轮询开始 
[SYS] 2025/04/02 - 12:04:59 | 任务进度轮询完成 
[SYS] 2025/04/02 - 12:04:59 | batch update started 
[SYS] 2025/04/02 - 12:04:59 | batch update finished 
[SYS] 2025/04/02 - 12:05:04 | batch update started 
[SYS] 2025/04/02 - 12:05:04 | batch update finished 
[GIN] 2025/04/02 - 12:05:08 | 20250402120508985453231pi21z0PX | 200 |    6.574244ms |       127.0.0.1 |     GET /api/user/self
[SYS] 2025/04/02 - 12:05:09 | batch update started 
[SYS] 2025/04/02 - 12:05:09 | batch update finished 
[SYS] 2025/04/02 - 12:05:14 | 任务进度轮询开始 
[SYS] 2025/04/02 - 12:05:14 | 任务进度轮询完成 
[SYS] 2025/04/02 - 12:05:14 | batch update started 
[SYS] 2025/04/02 - 12:05:14 | batch update finished 
[SYS] 2025/04/02 - 12:05:19 | batch update started 
[SYS] 2025/04/02 - 12:05:19 | batch update finished 
[SYS] 2025/04/02 - 12:05:26 | batch update started 
[SYS] 2025/04/02 - 12:05:26 | batch update finished 
[SYS] 2025/04/02 - 12:05:30 | syncing options from database 
[SYS] 2025/04/02 - 12:05:31 | 任务进度轮询开始 
[SYS] 2025/04/02 - 12:05:31 | 任务进度轮询完成 
[SYS] 2025/04/02 - 12:05:31 | batch update started 
[SYS] 2025/04/02 - 12:05:31 | batch update finished 
[SYS] 2025/04/02 - 12:05:31 | syncing channels from database 
[SYS] 2025/04/02 - 12:05:31 | channels synced from database 
[SYS] 2025/04/02 - 12:05:36 | batch update started 
[SYS] 2025/04/02 - 12:05:36 | batch update finished 
[SYS] 2025/04/02 - 12:05:41 | batch update started 
[SYS] 2025/04/02 - 12:05:41 | batch update finished 
[SYS] 2025/04/02 - 12:05:46 | 任务进度轮询开始 
[SYS] 2025/04/02 - 12:05:46 | 任务进度轮询完成 
[SYS] 2025/04/02 - 12:05:46 | batch update started 
[SYS] 2025/04/02 - 12:05:46 | batch update finished 
[SYS] 2025/04/02 - 12:05:51 | batch update started 
[SYS] 2025/04/02 - 12:05:51 | batch update finished 
[SYS] 2025/04/02 - 12:05:57 | batch update started 
[SYS] 2025/04/02 - 12:05:57 | batch update finished 
[SYS] 2025/04/02 - 12:06:02 | 任务进度轮询开始 
[SYS] 2025/04/02 - 12:06:02 | 任务进度轮询完成 
[SYS] 2025/04/02 - 12:06:02 | batch update started 
[SYS] 2025/04/02 - 12:06:02 | batch update finished 
[SYS] 2025/04/02 - 12:06:07 | batch update started 
[SYS] 2025/04/02 - 12:06:07 | batch update finished 
[SYS] 2025/04/02 - 12:06:12 | batch update started 
[SYS] 2025/04/02 - 12:06:12 | batch update finished 
[SYS] 2025/04/02 - 12:06:17 | 任务进度轮询开始 
[SYS] 2025/04/02 - 12:06:17 | 任务进度轮询完成 
[SYS] 2025/04/02 - 12:06:17 | batch update started 
[SYS] 2025/04/02 - 12:06:17 | batch update finished 
[SYS] 2025/04/02 - 12:06:22 | batch update started 
[SYS] 2025/04/02 - 12:06:22 | batch update finished 
[SYS] 2025/04/02 - 12:06:29 | batch update started 
[SYS] 2025/04/02 - 12:06:29 | batch update finished 
[SYS] 2025/04/02 - 12:06:34 | syncing options from database 
[SYS] 2025/04/02 - 12:06:34 | 任务进度轮询开始 
[SYS] 2025/04/02 - 12:06:34 | 任务进度轮询完成 
[SYS] 2025/04/02 - 12:06:34 | syncing channels from database 
[SYS] 2025/04/02 - 12:06:34 | batch update started 
[SYS] 2025/04/02 - 12:06:34 | batch update finished 
[SYS] 2025/04/02 - 12:06:34 | channels synced from database 
[SYS] 2025/04/02 - 12:06:39 | batch update started 
[SYS] 2025/04/02 - 12:06:39 | batch update finished 
[SYS] 2025/04/02 - 12:06:44 | batch update started 
[SYS] 2025/04/02 - 12:06:44 | batch update finished 
[SYS] 2025/04/02 - 12:06:49 | 任务进度轮询开始 
[SYS] 2025/04/02 - 12:06:49 | 任务进度轮询完成 
[SYS] 2025/04/02 - 12:06:49 | batch update started 
[SYS] 2025/04/02 - 12:06:49 | batch update finished 
[SYS] 2025/04/02 - 12:06:54 | batch update started 
[SYS] 2025/04/02 - 12:06:54 | batch update finished 
[SYS] 2025/04/02 - 12:07:00 | batch update started 
[SYS] 2025/04/02 - 12:07:00 | batch update finished 
[SYS] 2025/04/02 - 12:07:05 | 任务进度轮询开始 
[SYS] 2025/04/02 - 12:07:05 | 任务进度轮询完成 
[SYS] 2025/04/02 - 12:07:05 | batch update started 
[SYS] 2025/04/02 - 12:07:05 | batch update finished 
[SYS] 2025/04/02 - 12:07:10 | batch update started 
[SYS] 2025/04/02 - 12:07:10 | batch update finished 
[SYS] 2025/04/02 - 12:07:15 | batch update started 
[SYS] 2025/04/02 - 12:07:15 | batch update finished 
[SYS] 2025/04/02 - 12:07:20 | 任务进度轮询开始 
[SYS] 2025/04/02 - 12:07:20 | 任务进度轮询完成 
[SYS] 2025/04/02 - 12:07:20 | batch update started 
[SYS] 2025/04/02 - 12:07:20 | batch update finished 
[SYS] 2025/04/02 - 12:07:25 | batch update started 
[SYS] 2025/04/02 - 12:07:25 | batch update finished 
[SYS] 2025/04/02 - 12:07:32 | batch update started 
[SYS] 2025/04/02 - 12:07:32 | batch update finished 
[SYS] 2025/04/02 - 12:07:37 | syncing options from database 
[SYS] 2025/04/02 - 12:07:37 | 任务进度轮询开始 
[SYS] 2025/04/02 - 12:07:37 | 任务进度轮询完成 
[SYS] 2025/04/02 - 12:07:37 | batch update started 
[SYS] 2025/04/02 - 12:07:37 | batch update finished 
[SYS] 2025/04/02 - 12:07:37 | syncing channels from database 
[SYS] 2025/04/02 - 12:07:37 | channels synced from database 
[SYS] 2025/04/02 - 12:07:42 | batch update started 
[SYS] 2025/04/02 - 12:07:42 | batch update finished 
[SYS] 2025/04/02 - 12:07:47 | batch update started 
[SYS] 2025/04/02 - 12:07:47 | batch update finished 
[SYS] 2025/04/02 - 12:07:52 | 任务进度轮询开始 
[SYS] 2025/04/02 - 12:07:52 | 任务进度轮询完成 
[SYS] 2025/04/02 - 12:07:52 | batch update started 
[SYS] 2025/04/02 - 12:07:52 | batch update finished 
[SYS] 2025/04/02 - 12:07:57 | batch update started 
[SYS] 2025/04/02 - 12:07:57 | batch update finished 
[SYS] 2025/04/02 - 12:08:04 | batch update started 
[SYS] 2025/04/02 - 12:08:04 | batch update finished 
[SYS] 2025/04/02 - 12:08:09 | 任务进度轮询开始 
[SYS] 2025/04/02 - 12:08:09 | 任务进度轮询完成 
[SYS] 2025/04/02 - 12:08:09 | batch update started 
[SYS] 2025/04/02 - 12:08:09 | batch update finished 
[SYS] 2025/04/02 - 12:08:14 | batch update started 
[SYS] 2025/04/02 - 12:08:14 | batch update finished 
[SYS] 2025/04/02 - 12:08:19 | batch update started 
[SYS] 2025/04/02 - 12:08:19 | batch update finished 
[SYS] 2025/04/02 - 12:08:24 | 任务进度轮询开始 
[SYS] 2025/04/02 - 12:08:24 | 任务进度轮询完成 
[SYS] 2025/04/02 - 12:08:24 | batch update started 
[SYS] 2025/04/02 - 12:08:24 | batch update finished 
[SYS] 2025/04/02 - 12:08:29 | batch update started 
[SYS] 2025/04/02 - 12:08:29 | batch update finished 
[SYS] 2025/04/02 - 12:08:35 | batch update started 
[SYS] 2025/04/02 - 12:08:35 | batch update finished 
[SYS] 2025/04/02 - 12:08:40 | syncing options from database 
[SYS] 2025/04/02 - 12:08:40 | 任务进度轮询开始 
[SYS] 2025/04/02 - 12:08:40 | 任务进度轮询完成 
[SYS] 2025/04/02 - 12:08:40 | batch update started 
[SYS] 2025/04/02 - 12:08:40 | batch update finished 
[SYS] 2025/04/02 - 12:08:40 | syncing channels from database 
[SYS] 2025/04/02 - 12:08:40 | channels synced from database 
[SYS] 2025/04/02 - 12:08:45 | batch update started 
[SYS] 2025/04/02 - 12:08:45 | batch update finished 
[SYS] 2025/04/02 - 12:08:50 | batch update started 
[SYS] 2025/04/02 - 12:08:50 | batch update finished 
[SYS] 2025/04/02 - 12:08:55 | 任务进度轮询开始 
[SYS] 2025/04/02 - 12:08:55 | 任务进度轮询完成 
[SYS] 2025/04/02 - 12:08:55 | batch update started 
[SYS] 2025/04/02 - 12:08:55 | batch update finished 
[SYS] 2025/04/02 - 12:09:00 | batch update started 
[SYS] 2025/04/02 - 12:09:00 | batch update finished 
[SYS] 2025/04/02 - 12:09:07 | batch update started 
[SYS] 2025/04/02 - 12:09:07 | batch update finished 
[SYS] 2025/04/02 - 12:09:12 | 任务进度轮询开始 
[SYS] 2025/04/02 - 12:09:12 | 任务进度轮询完成 
[SYS] 2025/04/02 - 12:09:12 | batch update started 
[SYS] 2025/04/02 - 12:09:12 | batch update finished 
[SYS] 2025/04/02 - 12:09:17 | batch update started 
[SYS] 2025/04/02 - 12:09:17 | batch update finished 
[SYS] 2025/04/02 - 12:09:22 | batch update started 
[SYS] 2025/04/02 - 12:09:22 | batch update finished 
[SYS] 2025/04/02 - 12:09:27 | 任务进度轮询开始 
[SYS] 2025/04/02 - 12:09:27 | 任务进度轮询完成 
[SYS] 2025/04/02 - 12:09:27 | batch update started 
[SYS] 2025/04/02 - 12:09:27 | batch update finished 
[SYS] 2025/04/02 - 12:09:32 | batch update started 
[SYS] 2025/04/02 - 12:09:32 | batch update finished 
[SYS] 2025/04/02 - 12:09:38 | batch update started 
[SYS] 2025/04/02 - 12:09:38 | batch update finished 
[SYS] 2025/04/02 - 12:09:43 | 正在更新数据看板数据... 
[SYS] 2025/04/02 - 12:09:43 | 保存数据看板数据成功，共保存0条数据 
[SYS] 2025/04/02 - 12:09:43 | syncing options from database 
[SYS] 2025/04/02 - 12:09:43 | 任务进度轮询开始 
[SYS] 2025/04/02 - 12:09:43 | 任务进度轮询完成 
[SYS] 2025/04/02 - 12:09:43 | batch update started 
[SYS] 2025/04/02 - 12:09:43 | batch update finished 
[SYS] 2025/04/02 - 12:09:43 | syncing channels from database 
[SYS] 2025/04/02 - 12:09:43 | channels synced from database 
[SYS] 2025/04/02 - 12:09:48 | batch update started 
[SYS] 2025/04/02 - 12:09:48 | batch update finished 
[SYS] 2025/04/02 - 12:09:53 | batch update started 
[SYS] 2025/04/02 - 12:09:53 | batch update finished 
[SYS] 2025/04/02 - 12:09:58 | 任务进度轮询开始 
[SYS] 2025/04/02 - 12:09:58 | 任务进度轮询完成 
[SYS] 2025/04/02 - 12:09:58 | batch update started 
[SYS] 2025/04/02 - 12:09:58 | batch update finished 
[SYS] 2025/04/02 - 12:10:03 | batch update started 
[SYS] 2025/04/02 - 12:10:03 | batch update finished 
[SYS] 2025/04/02 - 12:10:10 | batch update started 
[SYS] 2025/04/02 - 12:10:10 | batch update finished 
[SYS] 2025/04/02 - 12:10:15 | 任务进度轮询开始 
[SYS] 2025/04/02 - 12:10:15 | 任务进度轮询完成 
[SYS] 2025/04/02 - 12:10:15 | batch update started 
[SYS] 2025/04/02 - 12:10:15 | batch update finished 
[SYS] 2025/04/02 - 12:10:20 | batch update started 
[SYS] 2025/04/02 - 12:10:20 | batch update finished 
[SYS] 2025/04/02 - 12:10:25 | batch update started 
[SYS] 2025/04/02 - 12:10:25 | batch update finished 
[SYS] 2025/04/02 - 12:10:30 | 任务进度轮询开始 
[SYS] 2025/04/02 - 12:10:30 | 任务进度轮询完成 
[SYS] 2025/04/02 - 12:10:30 | batch update started 
[SYS] 2025/04/02 - 12:10:30 | batch update finished 
[SYS] 2025/04/02 - 12:10:35 | batch update started 
[SYS] 2025/04/02 - 12:10:35 | batch update finished 
[SYS] 2025/04/02 - 12:10:41 | batch update started 
[SYS] 2025/04/02 - 12:10:41 | batch update finished 
[SYS] 2025/04/02 - 12:10:46 | syncing options from database 
[SYS] 2025/04/02 - 12:10:46 | 任务进度轮询开始 
[SYS] 2025/04/02 - 12:10:46 | 任务进度轮询完成 
[SYS] 2025/04/02 - 12:10:46 | syncing channels from database 
[SYS] 2025/04/02 - 12:10:46 | batch update started 
[SYS] 2025/04/02 - 12:10:46 | batch update finished 
[SYS] 2025/04/02 - 12:10:46 | channels synced from database 
[SYS] 2025/04/02 - 12:10:51 | batch update started 
[SYS] 2025/04/02 - 12:10:52 | batch update finished 
[SYS] 2025/04/02 - 12:10:57 | batch update started 
[SYS] 2025/04/02 - 12:10:57 | batch update finished 
[SYS] 2025/04/02 - 12:11:01 | 任务进度轮询开始 
[SYS] 2025/04/02 - 12:11:01 | 任务进度轮询完成 
[SYS] 2025/04/02 - 12:11:02 | batch update started 
[SYS] 2025/04/02 - 12:11:02 | batch update finished 
[SYS] 2025/04/02 - 12:11:07 | batch update started 
[SYS] 2025/04/02 - 12:11:07 | batch update finished 
[SYS] 2025/04/02 - 12:11:13 | batch update started 
[SYS] 2025/04/02 - 12:11:13 | batch update finished 
[SYS] 2025/04/02 - 12:11:18 | 任务进度轮询开始 
[SYS] 2025/04/02 - 12:11:18 | 任务进度轮询完成 
[SYS] 2025/04/02 - 12:11:18 | batch update started 
[SYS] 2025/04/02 - 12:11:18 | batch update finished 
[SYS] 2025/04/02 - 12:11:23 | batch update started 
[SYS] 2025/04/02 - 12:11:23 | batch update finished 
[SYS] 2025/04/02 - 12:11:28 | batch update started 
[SYS] 2025/04/02 - 12:11:28 | batch update finished 
[SYS] 2025/04/02 - 12:11:33 | 任务进度轮询开始 
[SYS] 2025/04/02 - 12:11:33 | 任务进度轮询完成 
[SYS] 2025/04/02 - 12:11:33 | batch update started 
[SYS] 2025/04/02 - 12:11:33 | batch update finished 
[SYS] 2025/04/02 - 12:11:38 | batch update started 
[SYS] 2025/04/02 - 12:11:38 | batch update finished 
[SYS] 2025/04/02 - 12:11:45 | batch update started 
[SYS] 2025/04/02 - 12:11:45 | batch update finished 
[SYS] 2025/04/02 - 12:11:49 | syncing options from database 
[SYS] 2025/04/02 - 12:11:49 | 任务进度轮询开始 
[SYS] 2025/04/02 - 12:11:49 | 任务进度轮询完成 
[SYS] 2025/04/02 - 12:11:49 | syncing channels from database 
[SYS] 2025/04/02 - 12:11:50 | channels synced from database 
[SYS] 2025/04/02 - 12:11:50 | batch update started 
[SYS] 2025/04/02 - 12:11:50 | batch update finished 
[SYS] 2025/04/02 - 12:11:55 | batch update started 
[SYS] 2025/04/02 - 12:11:55 | batch update finished 
[SYS] 2025/04/02 - 12:12:00 | batch update started 
[SYS] 2025/04/02 - 12:12:00 | batch update finished 
[SYS] 2025/04/02 - 12:12:04 | 任务进度轮询开始 
[SYS] 2025/04/02 - 12:12:04 | 任务进度轮询完成 
[SYS] 2025/04/02 - 12:12:05 | batch update started 
[SYS] 2025/04/02 - 12:12:05 | batch update finished 
[SYS] 2025/04/02 - 12:12:10 | batch update started 
[SYS] 2025/04/02 - 12:12:10 | batch update finished 
[SYS] 2025/04/02 - 12:12:16 | batch update started 
[SYS] 2025/04/02 - 12:12:16 | batch update finished 
[SYS] 2025/04/02 - 12:12:21 | 任务进度轮询开始 
[SYS] 2025/04/02 - 12:12:21 | 任务进度轮询完成 
[SYS] 2025/04/02 - 12:12:21 | batch update started 
[SYS] 2025/04/02 - 12:12:21 | batch update finished 
[SYS] 2025/04/02 - 12:12:26 | batch update started 
[SYS] 2025/04/02 - 12:12:26 | batch update finished 
[SYS] 2025/04/02 - 12:12:31 | batch update started 
[SYS] 2025/04/02 - 12:12:31 | batch update finished 
[SYS] 2025/04/02 - 12:12:36 | 任务进度轮询开始 
[SYS] 2025/04/02 - 12:12:36 | 任务进度轮询完成 
[SYS] 2025/04/02 - 12:12:36 | batch update started 
[SYS] 2025/04/02 - 12:12:36 | batch update finished 
[SYS] 2025/04/02 - 12:12:41 | batch update started 
[SYS] 2025/04/02 - 12:12:41 | batch update finished 
[SYS] 2025/04/02 - 12:12:48 | batch update started 
[SYS] 2025/04/02 - 12:12:48 | batch update finished 
[SYS] 2025/04/02 - 12:12:52 | syncing options from database 
[SYS] 2025/04/02 - 12:12:53 | 任务进度轮询开始 
[SYS] 2025/04/02 - 12:12:53 | 任务进度轮询完成 
[SYS] 2025/04/02 - 12:12:53 | syncing channels from database 
[SYS] 2025/04/02 - 12:12:53 | channels synced from database 
[SYS] 2025/04/02 - 12:12:53 | batch update started 
[SYS] 2025/04/02 - 12:12:53 | batch update finished 
[SYS] 2025/04/02 - 12:12:58 | batch update started 
[SYS] 2025/04/02 - 12:12:58 | batch update finished 
[SYS] 2025/04/02 - 12:13:03 | batch update started 
[SYS] 2025/04/02 - 12:13:03 | batch update finished 
[SYS] 2025/04/02 - 12:13:08 | 任务进度轮询开始 
[SYS] 2025/04/02 - 12:13:08 | 任务进度轮询完成 
[SYS] 2025/04/02 - 12:13:08 | batch update started 
[SYS] 2025/04/02 - 12:13:08 | batch update finished 
[SYS] 2025/04/02 - 12:13:13 | batch update started 
[SYS] 2025/04/02 - 12:13:13 | batch update finished 
[SYS] 2025/04/02 - 12:13:19 | batch update started 
[SYS] 2025/04/02 - 12:13:19 | batch update finished 
[SYS] 2025/04/02 - 12:13:24 | 任务进度轮询开始 
[SYS] 2025/04/02 - 12:13:24 | 任务进度轮询完成 
[SYS] 2025/04/02 - 12:13:24 | batch update started 
[SYS] 2025/04/02 - 12:13:24 | batch update finished 
[SYS] 2025/04/02 - 12:13:29 | batch update started 
[SYS] 2025/04/02 - 12:13:29 | batch update finished 
[SYS] 2025/04/02 - 12:13:34 | batch update started 
[SYS] 2025/04/02 - 12:13:34 | batch update finished 
[SYS] 2025/04/02 - 12:13:39 | 任务进度轮询开始 
[SYS] 2025/04/02 - 12:13:39 | 任务进度轮询完成 
[SYS] 2025/04/02 - 12:13:39 | batch update started 
[SYS] 2025/04/02 - 12:13:39 | batch update finished 
[SYS] 2025/04/02 - 12:13:44 | batch update started 
[SYS] 2025/04/02 - 12:13:44 | batch update finished 
[SYS] 2025/04/02 - 12:13:51 | batch update started 
[SYS] 2025/04/02 - 12:13:51 | batch update finished 
[SYS] 2025/04/02 - 12:13:56 | syncing options from database 
[SYS] 2025/04/02 - 12:13:56 | 任务进度轮询开始 
[SYS] 2025/04/02 - 12:13:56 | 任务进度轮询完成 
[SYS] 2025/04/02 - 12:13:56 | syncing channels from database 
[SYS] 2025/04/02 - 12:13:56 | channels synced from database 
[SYS] 2025/04/02 - 12:13:56 | batch update started 
[SYS] 2025/04/02 - 12:13:56 | batch update finished 
[SYS] 2025/04/02 - 12:14:01 | batch update started 
[SYS] 2025/04/02 - 12:14:01 | batch update finished 
[SYS] 2025/04/02 - 12:14:06 | batch update started 
[SYS] 2025/04/02 - 12:14:06 | batch update finished 
[SYS] 2025/04/02 - 12:14:11 | 任务进度轮询开始 
[SYS] 2025/04/02 - 12:14:11 | 任务进度轮询完成 
[SYS] 2025/04/02 - 12:14:11 | batch update started 
[SYS] 2025/04/02 - 12:14:11 | batch update finished 
[SYS] 2025/04/02 - 12:14:16 | batch update started 
[SYS] 2025/04/02 - 12:14:16 | batch update finished 
[SYS] 2025/04/02 - 12:14:22 | batch update started 
[SYS] 2025/04/02 - 12:14:22 | batch update finished 
[SYS] 2025/04/02 - 12:14:27 | 任务进度轮询开始 
[SYS] 2025/04/02 - 12:14:27 | 任务进度轮询完成 
[SYS] 2025/04/02 - 12:14:27 | batch update started 
[SYS] 2025/04/02 - 12:14:27 | batch update finished 
[SYS] 2025/04/02 - 12:14:32 | batch update started 
[SYS] 2025/04/02 - 12:14:32 | batch update finished 
[SYS] 2025/04/02 - 12:14:37 | batch update started 
[SYS] 2025/04/02 - 12:14:37 | batch update finished 
[SYS] 2025/04/02 - 12:14:42 | 任务进度轮询开始 
[SYS] 2025/04/02 - 12:14:42 | 任务进度轮询完成 
[SYS] 2025/04/02 - 12:14:42 | batch update started 
[SYS] 2025/04/02 - 12:14:42 | batch update finished 
[SYS] 2025/04/02 - 12:14:48 | batch update started 
[SYS] 2025/04/02 - 12:14:48 | batch update finished 
[SYS] 2025/04/02 - 12:14:53 | batch update started 
[SYS] 2025/04/02 - 12:14:53 | batch update finished 
[SYS] 2025/04/02 - 12:14:58 | updating all channels 
[SYS] 2025/04/02 - 12:14:58 | channels update done 
[SYS] 2025/04/02 - 12:14:58 | 正在更新数据看板数据... 
[SYS] 2025/04/02 - 12:14:58 | 保存数据看板数据成功，共保存0条数据 
[SYS] 2025/04/02 - 12:14:58 | testing all channels 
[SYS] 2025/04/02 - 12:14:58 | channel test finished 
[SYS] 2025/04/02 - 12:14:58 | syncing options from database 
[SYS] 2025/04/02 - 12:14:58 | 任务进度轮询开始 
[SYS] 2025/04/02 - 12:14:58 | 任务进度轮询完成 
[SYS] 2025/04/02 - 12:14:58 | syncing channels from database 
[SYS] 2025/04/02 - 12:14:58 | channels synced from database 
[SYS] 2025/04/02 - 12:14:58 | batch update started 
[SYS] 2025/04/02 - 12:14:58 | batch update finished 
[SYS] 2025/04/02 - 12:15:03 | batch update started 
[SYS] 2025/04/02 - 12:15:03 | batch update finished 
[SYS] 2025/04/02 - 12:15:10 | batch update started 
[SYS] 2025/04/02 - 12:15:10 | batch update finished 
[SYS] 2025/04/02 - 12:15:15 | 任务进度轮询开始 
[SYS] 2025/04/02 - 12:15:15 | 任务进度轮询完成 
[SYS] 2025/04/02 - 12:15:15 | batch update started 
[SYS] 2025/04/02 - 12:15:15 | batch update finished 
[SYS] 2025/04/02 - 12:15:20 | batch update started 
[SYS] 2025/04/02 - 12:15:20 | batch update finished 
[SYS] 2025/04/02 - 12:15:26 | batch update started 
[SYS] 2025/04/02 - 12:15:26 | batch update finished 
[SYS] 2025/04/02 - 12:15:30 | 任务进度轮询开始 
[SYS] 2025/04/02 - 12:15:30 | 任务进度轮询完成 
[SYS] 2025/04/02 - 12:15:31 | batch update started 
[SYS] 2025/04/02 - 12:15:31 | batch update finished 
[SYS] 2025/04/02 - 12:15:36 | batch update started 
[SYS] 2025/04/02 - 12:15:36 | batch update finished 
[SYS] 2025/04/02 - 12:15:41 | batch update started 
[SYS] 2025/04/02 - 12:15:41 | batch update finished 
[SYS] 2025/04/02 - 12:15:45 | 任务进度轮询开始 
[SYS] 2025/04/02 - 12:15:45 | 任务进度轮询完成 
[SYS] 2025/04/02 - 12:15:46 | batch update started 
[SYS] 2025/04/02 - 12:15:46 | batch update finished 
[SYS] 2025/04/02 - 12:15:51 | batch update started 
[SYS] 2025/04/02 - 12:15:51 | batch update finished 
[SYS] 2025/04/02 - 12:15:57 | batch update started 
[SYS] 2025/04/02 - 12:15:57 | batch update finished 
[SYS] 2025/04/02 - 12:16:02 | syncing options from database 
[SYS] 2025/04/02 - 12:16:02 | 任务进度轮询开始 
[SYS] 2025/04/02 - 12:16:02 | 任务进度轮询完成 
[SYS] 2025/04/02 - 12:16:02 | syncing channels from database 
[SYS] 2025/04/02 - 12:16:02 | channels synced from database 
[SYS] 2025/04/02 - 12:16:02 | batch update started 
[SYS] 2025/04/02 - 12:16:02 | batch update finished 
[SYS] 2025/04/02 - 12:16:07 | batch update started 
[SYS] 2025/04/02 - 12:16:07 | batch update finished 
[SYS] 2025/04/02 - 12:16:12 | batch update started 
[SYS] 2025/04/02 - 12:16:12 | batch update finished 
[SYS] 2025/04/02 - 12:16:17 | 任务进度轮询开始 
[SYS] 2025/04/02 - 12:16:17 | 任务进度轮询完成 
[SYS] 2025/04/02 - 12:16:17 | batch update started 
[SYS] 2025/04/02 - 12:16:17 | batch update finished 
[SYS] 2025/04/02 - 12:16:22 | batch update started 
[SYS] 2025/04/02 - 12:16:22 | batch update finished 
[SYS] 2025/04/02 - 12:16:29 | batch update started 
[SYS] 2025/04/02 - 12:16:29 | batch update finished 
[SYS] 2025/04/02 - 12:16:34 | 任务进度轮询开始 
[SYS] 2025/04/02 - 12:16:34 | 任务进度轮询完成 
[SYS] 2025/04/02 - 12:16:34 | batch update started 
[SYS] 2025/04/02 - 12:16:34 | batch update finished 
[SYS] 2025/04/02 - 12:16:39 | batch update started 
[SYS] 2025/04/02 - 12:16:39 | batch update finished 
[SYS] 2025/04/02 - 12:16:44 | batch update started 
[SYS] 2025/04/02 - 12:16:44 | batch update finished 
[SYS] 2025/04/02 - 12:16:49 | 任务进度轮询开始 
[SYS] 2025/04/02 - 12:16:49 | 任务进度轮询完成 
[SYS] 2025/04/02 - 12:16:49 | batch update started 
[SYS] 2025/04/02 - 12:16:49 | batch update finished 
[SYS] 2025/04/02 - 12:16:54 | batch update started 
[SYS] 2025/04/02 - 12:16:54 | batch update finished 
[SYS] 2025/04/02 - 12:17:00 | batch update started 
[SYS] 2025/04/02 - 12:17:00 | batch update finished 
[SYS] 2025/04/02 - 12:17:04 | syncing options from database 
[SYS] 2025/04/02 - 12:17:04 | 任务进度轮询开始 
[SYS] 2025/04/02 - 12:17:04 | 任务进度轮询完成 
[SYS] 2025/04/02 - 12:17:04 | syncing channels from database 
[SYS] 2025/04/02 - 12:17:04 | channels synced from database 
[SYS] 2025/04/02 - 12:17:05 | batch update started 
[SYS] 2025/04/02 - 12:17:05 | batch update finished 
[SYS] 2025/04/02 - 12:17:10 | batch update started 
[SYS] 2025/04/02 - 12:17:10 | batch update finished 
[SYS] 2025/04/02 - 12:17:16 | batch update started 
[SYS] 2025/04/02 - 12:17:16 | batch update finished 
[SYS] 2025/04/02 - 12:17:21 | 任务进度轮询开始 
[SYS] 2025/04/02 - 12:17:21 | 任务进度轮询完成 
[SYS] 2025/04/02 - 12:17:21 | batch update started 
[SYS] 2025/04/02 - 12:17:21 | batch update finished 
