[SYS] 2025/04/19 - 12:21:11 | New API v0.0.0 started 
[SYS] 2025/04/19 - 12:21:11 | using MySQL as database 
[SYS] 2025/04/19 - 12:21:12 | database migration started 
[SYS] 2025/04/19 - 12:21:12 | database migrated 
[SYS] 2025/04/19 - 12:21:12 | using MySQL as database 
[SYS] 2025/04/19 - 12:21:12 | database migration started 
[SYS] 2025/04/19 - 12:21:11 | Redis is enabled 
[SYS] 2025/04/19 - 12:21:11 | memory cache enabled 
[SYS] 2025/04/19 - 12:21:11 | sync frequency: 60 seconds 
[SYS] 2025/04/19 - 12:21:11 | channels synced from database 
[SYS] 2025/04/19 - 12:21:11 | batch update enabled with interval 5s 
[SYS] 2025/04/19 - 12:21:11 | pprof enabled 
[SYS] 2025/04/19 - 12:21:11 | initializing token encoders 
[SYS] 2025/04/19 - 12:21:11 | 正在更新数据看板数据... 
[SYS] 2025/04/19 - 12:21:11 | 保存数据看板数据成功，共保存0条数据 
[SYS] 2025/04/19 - 12:21:16 | batch update started 
[SYS] 2025/04/19 - 12:21:16 | batch update finished 
[SYS] 2025/04/19 - 12:21:21 | batch update started 
[SYS] 2025/04/19 - 12:21:21 | batch update finished 
[SYS] 2025/04/19 - 12:21:24 | token encoders initialized 
[SYS] 2025/04/19 - 12:21:24 | FRONTEND_BASE_URL is ignored on master node 
[GIN] 2025/04/19 - 12:21:25 | 20250419122125575124349UraWhyJo | 200 |     9.49304ms |             ::1 |     GET /
[GIN] 2025/04/19 - 12:21:25 | 20250419122125664011985KLe2cF2N | 200 |   50.718397ms |             ::1 |     GET /assets/tools-DfdeVlee.js
[GIN] 2025/04/19 - 12:21:25 | 20250419122125761829818aTDSYlPz | 200 |    5.851719ms |             ::1 |     GET /assets/react-components-CCPUZY02.js
[GIN] 2025/04/19 - 12:21:25 | 20250419122125738219313xLWKlDhZ | 200 |    30.96106ms |             ::1 |     GET /assets/semantic-BU9V41A_.js
[GIN] 2025/04/19 - 12:21:25 | 202504191221257618972101xMFzZFg | 200 |   23.941118ms |             ::1 |     GET /assets/i18n-CmOkJ515.js
[GIN] 2025/04/19 - 12:21:26 | 20250419122125664253263MepVQly9 | 200 |  430.356596ms |             ::1 |     GET /assets/semi-ui-V_DQX2n-.js
[SYS] 2025/04/19 - 12:21:26 | 任务进度轮询开始 
[SYS] 2025/04/19 - 12:21:26 | 任务进度轮询完成 
[SYS] 2025/04/19 - 12:21:26 | batch update started 
[SYS] 2025/04/19 - 12:21:26 | batch update finished 
[GIN] 2025/04/19 - 12:21:27 | 20250419122127806445546OUMVDo3C | 200 |    5.299588ms |             ::1 |     GET /api/status
[SYS] 2025/04/19 - 12:21:31 | batch update started 
[SYS] 2025/04/19 - 12:21:31 | batch update finished 
[SYS] 2025/04/19 - 12:21:36 | batch update started 
[SYS] 2025/04/19 - 12:21:36 | batch update finished 
[SYS] 2025/04/19 - 12:21:41 | 任务进度轮询开始 
[SYS] 2025/04/19 - 12:21:41 | 任务进度轮询完成 
[SYS] 2025/04/19 - 12:21:41 | batch update started 
[SYS] 2025/04/19 - 12:21:41 | batch update finished 
[SYS] 2025/04/19 - 12:21:45 | batch update started 
[SYS] 2025/04/19 - 12:21:45 | batch update finished 
[SYS] 2025/04/19 - 12:21:50 | batch update started 
[SYS] 2025/04/19 - 12:21:50 | batch update finished 
[SYS] 2025/04/19 - 12:21:55 | 任务进度轮询开始 
[SYS] 2025/04/19 - 12:21:55 | 任务进度轮询完成 
[SYS] 2025/04/19 - 12:21:55 | batch update started 
[SYS] 2025/04/19 - 12:21:55 | batch update finished 
[SYS] 2025/04/19 - 12:22:00 | batch update started 
[SYS] 2025/04/19 - 12:22:00 | batch update finished 
[GIN] 2025/04/19 - 12:22:04 | 20250419122204854484068phu2WnHf | 200 |    2.872597ms |             ::1 |     GET /
[SYS] 2025/04/19 - 12:22:05 | batch update started 
[SYS] 2025/04/19 - 12:22:05 | batch update finished 
[GIN] 2025/04/19 - 12:22:05 | 202504191222055553347942VP4qgWT | 200 |   11.079363ms |             ::1 |     GET /favicon.ico
[GIN] 2025/04/19 - 12:22:05 | 20250419122205598421250bMpSAlXq | 200 |    2.978704ms |             ::1 |     GET /api/status
[GIN] 2025/04/19 - 12:22:05 | 20250419122205653893098nvAZFLfz | 200 |     890.535µs |             ::1 |     GET /logo.png
[SYS] 2025/04/19 - 12:22:10 | syncing options from database 
[SYS] 2025/04/19 - 12:22:10 | syncing channels from database 
[SYS] 2025/04/19 - 12:22:10 | channels synced from database 
[SYS] 2025/04/19 - 12:22:10 | 任务进度轮询开始 
[SYS] 2025/04/19 - 12:22:10 | 任务进度轮询完成 
[SYS] 2025/04/19 - 12:22:10 | batch update started 
[SYS] 2025/04/19 - 12:22:10 | batch update finished 
[SYS] 2025/04/19 - 12:22:14 | batch update started 
[SYS] 2025/04/19 - 12:22:14 | batch update finished 
[SYS] 2025/04/19 - 12:22:19 | batch update started 
[SYS] 2025/04/19 - 12:22:19 | batch update finished 
[SYS] 2025/04/19 - 12:22:24 | 任务进度轮询开始 
[SYS] 2025/04/19 - 12:22:24 | 任务进度轮询完成 
[SYS] 2025/04/19 - 12:22:24 | batch update started 
[SYS] 2025/04/19 - 12:22:24 | batch update finished 
[SYS] 2025/04/19 - 12:22:29 | batch update started 
[SYS] 2025/04/19 - 12:22:29 | batch update finished 
[SYS] 2025/04/19 - 12:22:34 | batch update started 
[SYS] 2025/04/19 - 12:22:34 | batch update finished 
[SYS] 2025/04/19 - 12:22:39 | 任务进度轮询开始 
[SYS] 2025/04/19 - 12:22:39 | 任务进度轮询完成 
[SYS] 2025/04/19 - 12:22:39 | batch update started 
[SYS] 2025/04/19 - 12:22:39 | batch update finished 
[GIN] 2025/04/19 - 12:22:43 | 2025041912224336256740pmr6i61u | 200 |    1.625433ms |             ::1 |     GET /
[GIN] 2025/04/19 - 12:22:43 | 20250419122243876251899MZb9P7B6 | 200 |    1.575368ms |             ::1 |     GET /api/status
[SYS] 2025/04/19 - 12:22:44 | batch update started 
[SYS] 2025/04/19 - 12:22:44 | batch update finished 
[GIN] 2025/04/19 - 12:22:45 | 20250419122245726387346vMdKOtCa | 200 |    6.238847ms |             ::1 |     GET /assets/index-CzapFve-.js
[GIN] 2025/04/19 - 12:22:46 | 2025041912224641363727ZN43lOI3 | 200 |    11.15459ms |             ::1 |     GET /api/user/self
[GIN] 2025/04/19 - 12:22:46 | 2025041912224641102622IUK7bxQ9 | 200 |   17.089161ms |             ::1 |     GET /api/data/?username=&start_timestamp=1744975366&end_timestamp=1745065366&default_time=hour
[SYS] 2025/04/19 - 12:22:48 | batch update started 
[SYS] 2025/04/19 - 12:22:48 | batch update finished 
[SYS] 2025/04/19 - 12:22:53 | 任务进度轮询开始 
[SYS] 2025/04/19 - 12:22:53 | 任务进度轮询完成 
[SYS] 2025/04/19 - 12:22:53 | batch update started 
[SYS] 2025/04/19 - 12:22:53 | batch update finished 
[SYS] 2025/04/19 - 12:22:58 | batch update started 
[SYS] 2025/04/19 - 12:22:58 | batch update finished 
[SYS] 2025/04/19 - 12:23:03 | batch update started 
[SYS] 2025/04/19 - 12:23:03 | batch update finished 
[SYS] 2025/04/19 - 12:23:07 | syncing channels from database 
[SYS] 2025/04/19 - 12:23:07 | syncing options from database 
[SYS] 2025/04/19 - 12:23:07 | channels synced from database 
[SYS] 2025/04/19 - 12:23:08 | 任务进度轮询开始 
[SYS] 2025/04/19 - 12:23:08 | 任务进度轮询完成 
[SYS] 2025/04/19 - 12:23:08 | batch update started 
[SYS] 2025/04/19 - 12:23:08 | batch update finished 
[SYS] 2025/04/19 - 12:23:13 | batch update started 
[SYS] 2025/04/19 - 12:23:13 | batch update finished 
[SYS] 2025/04/19 - 12:23:16 | batch update started 
[SYS] 2025/04/19 - 12:23:16 | batch update finished 
[SYS] 2025/04/19 - 12:23:21 | 任务进度轮询开始 
[SYS] 2025/04/19 - 12:23:21 | 任务进度轮询完成 
[SYS] 2025/04/19 - 12:23:21 | batch update started 
[SYS] 2025/04/19 - 12:23:21 | batch update finished 
[SYS] 2025/04/19 - 12:23:26 | batch update started 
[SYS] 2025/04/19 - 12:23:26 | batch update finished 
[SYS] 2025/04/19 - 12:23:31 | batch update started 
[SYS] 2025/04/19 - 12:23:31 | batch update finished 
[SYS] 2025/04/19 - 12:23:36 | 任务进度轮询开始 
[SYS] 2025/04/19 - 12:23:36 | 任务进度轮询完成 
[SYS] 2025/04/19 - 12:23:36 | batch update started 
[SYS] 2025/04/19 - 12:23:36 | batch update finished 
[SYS] 2025/04/19 - 12:23:41 | batch update started 
[SYS] 2025/04/19 - 12:23:41 | batch update finished 
[SYS] 2025/04/19 - 12:23:46 | batch update started 
[SYS] 2025/04/19 - 12:23:46 | batch update finished 
[SYS] 2025/04/19 - 12:23:50 | 任务进度轮询开始 
[SYS] 2025/04/19 - 12:23:50 | 任务进度轮询完成 
[SYS] 2025/04/19 - 12:23:50 | batch update started 
[SYS] 2025/04/19 - 12:23:50 | batch update finished 
[SYS] 2025/04/19 - 12:23:55 | batch update started 
[SYS] 2025/04/19 - 12:23:55 | batch update finished 
[SYS] 2025/04/19 - 12:24:00 | batch update started 
[SYS] 2025/04/19 - 12:24:00 | batch update finished 
[SYS] 2025/04/19 - 12:24:05 | syncing channels from database 
[SYS] 2025/04/19 - 12:24:05 | syncing options from database 
[SYS] 2025/04/19 - 12:24:05 | channels synced from database 
[SYS] 2025/04/19 - 12:24:05 | 任务进度轮询开始 
[SYS] 2025/04/19 - 12:24:05 | 任务进度轮询完成 
[SYS] 2025/04/19 - 12:24:05 | batch update started 
[SYS] 2025/04/19 - 12:24:05 | batch update finished 
[SYS] 2025/04/19 - 12:24:10 | batch update started 
[SYS] 2025/04/19 - 12:24:10 | batch update finished 
[SYS] 2025/04/19 - 12:24:15 | batch update started 
[SYS] 2025/04/19 - 12:24:15 | batch update finished 
[SYS] 2025/04/19 - 12:24:19 | 任务进度轮询开始 
[SYS] 2025/04/19 - 12:24:19 | 任务进度轮询完成 
[SYS] 2025/04/19 - 12:24:19 | batch update started 
[SYS] 2025/04/19 - 12:24:19 | batch update finished 
[SYS] 2025/04/19 - 12:24:24 | batch update started 
[SYS] 2025/04/19 - 12:24:24 | batch update finished 
[SYS] 2025/04/19 - 12:24:29 | batch update started 
[SYS] 2025/04/19 - 12:24:29 | batch update finished 
[SYS] 2025/04/19 - 12:24:34 | 任务进度轮询开始 
[SYS] 2025/04/19 - 12:24:34 | 任务进度轮询完成 
[SYS] 2025/04/19 - 12:24:34 | batch update started 
[SYS] 2025/04/19 - 12:24:34 | batch update finished 
[SYS] 2025/04/19 - 12:24:39 | batch update started 
[SYS] 2025/04/19 - 12:24:39 | batch update finished 
[SYS] 2025/04/19 - 12:24:44 | batch update started 
[SYS] 2025/04/19 - 12:24:44 | batch update finished 
[SYS] 2025/04/19 - 12:24:49 | 任务进度轮询开始 
[SYS] 2025/04/19 - 12:24:49 | 任务进度轮询完成 
[SYS] 2025/04/19 - 12:24:49 | batch update started 
[SYS] 2025/04/19 - 12:24:49 | batch update finished 
[SYS] 2025/04/19 - 12:24:52 | batch update started 
[SYS] 2025/04/19 - 12:24:52 | batch update finished 
[SYS] 2025/04/19 - 12:24:58 | batch update started 
[SYS] 2025/04/19 - 12:24:58 | batch update finished 
[SYS] 2025/04/19 - 12:25:02 | syncing options from database 
[SYS] 2025/04/19 - 12:25:02 | syncing channels from database 
[SYS] 2025/04/19 - 12:25:02 | channels synced from database 
[SYS] 2025/04/19 - 12:25:02 | 任务进度轮询开始 
[SYS] 2025/04/19 - 12:25:02 | 任务进度轮询完成 
[SYS] 2025/04/19 - 12:25:03 | batch update started 
[SYS] 2025/04/19 - 12:25:03 | batch update finished 
[SYS] 2025/04/19 - 12:25:08 | batch update started 
[SYS] 2025/04/19 - 12:25:08 | batch update finished 
[SYS] 2025/04/19 - 12:25:13 | batch update started 
[SYS] 2025/04/19 - 12:25:13 | batch update finished 
[SYS] 2025/04/19 - 12:25:17 | 任务进度轮询开始 
[SYS] 2025/04/19 - 12:25:17 | 任务进度轮询完成 
[SYS] 2025/04/19 - 12:25:18 | batch update started 
[SYS] 2025/04/19 - 12:25:18 | batch update finished 
[SYS] 2025/04/19 - 12:25:21 | batch update started 
[SYS] 2025/04/19 - 12:25:21 | batch update finished 
[SYS] 2025/04/19 - 12:25:26 | batch update started 
[SYS] 2025/04/19 - 12:25:26 | batch update finished 
[SYS] 2025/04/19 - 12:25:31 | 任务进度轮询开始 
[SYS] 2025/04/19 - 12:25:31 | 任务进度轮询完成 
[SYS] 2025/04/19 - 12:25:31 | batch update started 
[SYS] 2025/04/19 - 12:25:31 | batch update finished 
[SYS] 2025/04/19 - 12:25:36 | batch update started 
[SYS] 2025/04/19 - 12:25:36 | batch update finished 
[SYS] 2025/04/19 - 12:25:41 | batch update started 
[SYS] 2025/04/19 - 12:25:41 | batch update finished 
[SYS] 2025/04/19 - 12:25:46 | 任务进度轮询开始 
[SYS] 2025/04/19 - 12:25:46 | 任务进度轮询完成 
[SYS] 2025/04/19 - 12:25:46 | batch update started 
[SYS] 2025/04/19 - 12:25:46 | batch update finished 
[SYS] 2025/04/19 - 12:25:51 | batch update started 
[SYS] 2025/04/19 - 12:25:51 | batch update finished 
[SYS] 2025/04/19 - 12:25:55 | batch update started 
[SYS] 2025/04/19 - 12:25:55 | batch update finished 
[SYS] 2025/04/19 - 12:26:00 | 正在更新数据看板数据... 
[SYS] 2025/04/19 - 12:26:00 | 保存数据看板数据成功，共保存0条数据 
[SYS] 2025/04/19 - 12:26:00 | syncing options from database 
[SYS] 2025/04/19 - 12:26:00 | syncing channels from database 
[SYS] 2025/04/19 - 12:26:00 | channels synced from database 
[SYS] 2025/04/19 - 12:26:00 | 任务进度轮询开始 
[SYS] 2025/04/19 - 12:26:00 | 任务进度轮询完成 
[SYS] 2025/04/19 - 12:26:00 | batch update started 
[SYS] 2025/04/19 - 12:26:00 | batch update finished 
[SYS] 2025/04/19 - 12:26:05 | batch update started 
[SYS] 2025/04/19 - 12:26:05 | batch update finished 
[SYS] 2025/04/19 - 12:26:10 | batch update started 
[SYS] 2025/04/19 - 12:26:10 | batch update finished 
[SYS] 2025/04/19 - 12:26:15 | 任务进度轮询开始 
[SYS] 2025/04/19 - 12:26:15 | 任务进度轮询完成 
[SYS] 2025/04/19 - 12:26:15 | batch update started 
[SYS] 2025/04/19 - 12:26:15 | batch update finished 
[SYS] 2025/04/19 - 12:26:20 | batch update started 
[SYS] 2025/04/19 - 12:26:20 | batch update finished 
[SYS] 2025/04/19 - 12:26:24 | batch update started 
[SYS] 2025/04/19 - 12:26:24 | batch update finished 
[SYS] 2025/04/19 - 12:26:29 | 任务进度轮询开始 
[SYS] 2025/04/19 - 12:26:29 | 任务进度轮询完成 
[SYS] 2025/04/19 - 12:26:29 | batch update started 
[SYS] 2025/04/19 - 12:26:29 | batch update finished 
[SYS] 2025/04/19 - 12:26:34 | batch update started 
[SYS] 2025/04/19 - 12:26:34 | batch update finished 
[SYS] 2025/04/19 - 12:26:39 | batch update started 
[SYS] 2025/04/19 - 12:26:39 | batch update finished 
[SYS] 2025/04/19 - 12:26:44 | 任务进度轮询开始 
[SYS] 2025/04/19 - 12:26:44 | 任务进度轮询完成 
[SYS] 2025/04/19 - 12:26:44 | batch update started 
[SYS] 2025/04/19 - 12:26:44 | batch update finished 
[SYS] 2025/04/19 - 12:26:49 | batch update started 
[SYS] 2025/04/19 - 12:26:49 | batch update finished 
[SYS] 2025/04/19 - 12:26:53 | batch update started 
[SYS] 2025/04/19 - 12:26:53 | batch update finished 
[SYS] 2025/04/19 - 12:26:57 | syncing channels from database 
[SYS] 2025/04/19 - 12:26:57 | syncing options from database 
[SYS] 2025/04/19 - 12:26:57 | channels synced from database 
[SYS] 2025/04/19 - 12:26:58 | 任务进度轮询开始 
[SYS] 2025/04/19 - 12:26:58 | 任务进度轮询完成 
[SYS] 2025/04/19 - 12:26:58 | batch update started 
[SYS] 2025/04/19 - 12:26:58 | batch update finished 
[SYS] 2025/04/19 - 12:27:03 | batch update started 
[SYS] 2025/04/19 - 12:27:03 | batch update finished 
[SYS] 2025/04/19 - 12:27:08 | batch update started 
[SYS] 2025/04/19 - 12:27:08 | batch update finished 
[SYS] 2025/04/19 - 12:27:13 | 任务进度轮询开始 
[SYS] 2025/04/19 - 12:27:13 | 任务进度轮询完成 
[SYS] 2025/04/19 - 12:27:13 | batch update started 
[SYS] 2025/04/19 - 12:27:13 | batch update finished 
[SYS] 2025/04/19 - 12:27:18 | batch update started 
[SYS] 2025/04/19 - 12:27:18 | batch update finished 
[SYS] 2025/04/19 - 12:27:23 | batch update started 
[SYS] 2025/04/19 - 12:27:23 | batch update finished 
[SYS] 2025/04/19 - 12:27:26 | 任务进度轮询开始 
[SYS] 2025/04/19 - 12:27:26 | 任务进度轮询完成 
[SYS] 2025/04/19 - 12:27:26 | batch update started 
[SYS] 2025/04/19 - 12:27:26 | batch update finished 
[SYS] 2025/04/19 - 12:27:31 | batch update started 
[SYS] 2025/04/19 - 12:27:31 | batch update finished 
[SYS] 2025/04/19 - 12:27:36 | batch update started 
[SYS] 2025/04/19 - 12:27:36 | batch update finished 
[SYS] 2025/04/19 - 12:27:41 | 任务进度轮询开始 
[SYS] 2025/04/19 - 12:27:41 | 任务进度轮询完成 
[SYS] 2025/04/19 - 12:27:41 | batch update started 
[SYS] 2025/04/19 - 12:27:41 | batch update finished 
[SYS] 2025/04/19 - 12:27:46 | batch update started 
[SYS] 2025/04/19 - 12:27:46 | batch update finished 
[SYS] 2025/04/19 - 12:27:51 | batch update started 
[SYS] 2025/04/19 - 12:27:51 | batch update finished 
[SYS] 2025/04/19 - 12:27:55 | syncing options from database 
[SYS] 2025/04/19 - 12:27:55 | syncing channels from database 
[SYS] 2025/04/19 - 12:27:55 | channels synced from database 
[SYS] 2025/04/19 - 12:27:55 | 任务进度轮询开始 
[SYS] 2025/04/19 - 12:27:55 | 任务进度轮询完成 
[SYS] 2025/04/19 - 12:27:55 | batch update started 
[SYS] 2025/04/19 - 12:27:55 | batch update finished 
[SYS] 2025/04/19 - 12:28:00 | batch update started 
[SYS] 2025/04/19 - 12:28:00 | batch update finished 
[SYS] 2025/04/19 - 12:28:05 | batch update started 
[SYS] 2025/04/19 - 12:28:05 | batch update finished 
[SYS] 2025/04/19 - 12:28:10 | 任务进度轮询开始 
[SYS] 2025/04/19 - 12:28:10 | 任务进度轮询完成 
[SYS] 2025/04/19 - 12:28:10 | batch update started 
[SYS] 2025/04/19 - 12:28:10 | batch update finished 
[SYS] 2025/04/19 - 12:28:15 | batch update started 
[SYS] 2025/04/19 - 12:28:15 | batch update finished 
[SYS] 2025/04/19 - 12:28:20 | batch update started 
[SYS] 2025/04/19 - 12:28:20 | batch update finished 
[SYS] 2025/04/19 - 12:28:25 | 任务进度轮询开始 
[SYS] 2025/04/19 - 12:28:25 | 任务进度轮询完成 
[SYS] 2025/04/19 - 12:28:25 | batch update started 
[SYS] 2025/04/19 - 12:28:25 | batch update finished 
[SYS] 2025/04/19 - 12:28:29 | batch update started 
[SYS] 2025/04/19 - 12:28:29 | batch update finished 
[SYS] 2025/04/19 - 12:28:34 | batch update started 
[SYS] 2025/04/19 - 12:28:34 | batch update finished 
[SYS] 2025/04/19 - 12:28:39 | 任务进度轮询开始 
[SYS] 2025/04/19 - 12:28:39 | 任务进度轮询完成 
[SYS] 2025/04/19 - 12:28:39 | batch update started 
[SYS] 2025/04/19 - 12:28:39 | batch update finished 
[SYS] 2025/04/19 - 12:28:44 | batch update started 
[SYS] 2025/04/19 - 12:28:44 | batch update finished 
[SYS] 2025/04/19 - 12:28:49 | batch update started 
[SYS] 2025/04/19 - 12:28:49 | batch update finished 
[SYS] 2025/04/19 - 12:28:54 | syncing options from database 
[SYS] 2025/04/19 - 12:28:54 | syncing channels from database 
[SYS] 2025/04/19 - 12:28:54 | channels synced from database 
[SYS] 2025/04/19 - 12:28:54 | 任务进度轮询开始 
[SYS] 2025/04/19 - 12:28:54 | 任务进度轮询完成 
[SYS] 2025/04/19 - 12:28:54 | batch update started 
[SYS] 2025/04/19 - 12:28:54 | batch update finished 
[SYS] 2025/04/19 - 12:28:58 | batch update started 
[SYS] 2025/04/19 - 12:28:58 | batch update finished 
[SYS] 2025/04/19 - 12:29:03 | batch update started 
[SYS] 2025/04/19 - 12:29:03 | batch update finished 
[SYS] 2025/04/19 - 12:29:08 | 任务进度轮询开始 
[SYS] 2025/04/19 - 12:29:08 | 任务进度轮询完成 
[SYS] 2025/04/19 - 12:29:08 | batch update started 
[SYS] 2025/04/19 - 12:29:08 | batch update finished 
[SYS] 2025/04/19 - 12:29:13 | batch update started 
[SYS] 2025/04/19 - 12:29:13 | batch update finished 
[SYS] 2025/04/19 - 12:29:18 | batch update started 
[SYS] 2025/04/19 - 12:29:18 | batch update finished 
[SYS] 2025/04/19 - 12:29:23 | 任务进度轮询开始 
[SYS] 2025/04/19 - 12:29:23 | 任务进度轮询完成 
[SYS] 2025/04/19 - 12:29:23 | batch update started 
[SYS] 2025/04/19 - 12:29:23 | batch update finished 
[SYS] 2025/04/19 - 12:29:28 | batch update started 
[SYS] 2025/04/19 - 12:29:28 | batch update finished 
[SYS] 2025/04/19 - 12:29:31 | batch update started 
[SYS] 2025/04/19 - 12:29:31 | batch update finished 
[SYS] 2025/04/19 - 12:29:36 | 任务进度轮询开始 
[SYS] 2025/04/19 - 12:29:36 | 任务进度轮询完成 
[SYS] 2025/04/19 - 12:29:36 | batch update started 
[SYS] 2025/04/19 - 12:29:36 | batch update finished 
[SYS] 2025/04/19 - 12:29:41 | batch update started 
[SYS] 2025/04/19 - 12:29:41 | batch update finished 
[SYS] 2025/04/19 - 12:29:46 | batch update started 
[SYS] 2025/04/19 - 12:29:46 | batch update finished 
[SYS] 2025/04/19 - 12:29:51 | syncing channels from database 
[SYS] 2025/04/19 - 12:29:51 | channels synced from database 
[SYS] 2025/04/19 - 12:29:51 | syncing options from database 
[SYS] 2025/04/19 - 12:29:51 | 任务进度轮询开始 
[SYS] 2025/04/19 - 12:29:51 | 任务进度轮询完成 
[SYS] 2025/04/19 - 12:29:52 | batch update started 
[SYS] 2025/04/19 - 12:29:52 | batch update finished 
[SYS] 2025/04/19 - 12:29:57 | batch update started 
[SYS] 2025/04/19 - 12:29:57 | batch update finished 
[SYS] 2025/04/19 - 12:30:00 | batch update started 
[SYS] 2025/04/19 - 12:30:00 | batch update finished 
[SYS] 2025/04/19 - 12:30:05 | 任务进度轮询开始 
[SYS] 2025/04/19 - 12:30:05 | 任务进度轮询完成 
[SYS] 2025/04/19 - 12:30:05 | batch update started 
[SYS] 2025/04/19 - 12:30:05 | batch update finished 
[SYS] 2025/04/19 - 12:30:10 | batch update started 
[SYS] 2025/04/19 - 12:30:10 | batch update finished 
[SYS] 2025/04/19 - 12:30:15 | batch update started 
[SYS] 2025/04/19 - 12:30:15 | batch update finished 
[SYS] 2025/04/19 - 12:30:20 | 任务进度轮询开始 
[SYS] 2025/04/19 - 12:30:20 | 任务进度轮询完成 
[SYS] 2025/04/19 - 12:30:20 | batch update started 
[SYS] 2025/04/19 - 12:30:20 | batch update finished 
[SYS] 2025/04/19 - 12:30:25 | batch update started 
[SYS] 2025/04/19 - 12:30:25 | batch update finished 
[SYS] 2025/04/19 - 12:30:30 | batch update started 
[SYS] 2025/04/19 - 12:30:30 | batch update finished 
[SYS] 2025/04/19 - 12:30:34 | 任务进度轮询开始 
[SYS] 2025/04/19 - 12:30:34 | 任务进度轮询完成 
[SYS] 2025/04/19 - 12:30:34 | batch update started 
[SYS] 2025/04/19 - 12:30:34 | batch update finished 
[SYS] 2025/04/19 - 12:30:39 | batch update started 
[SYS] 2025/04/19 - 12:30:39 | batch update finished 
[SYS] 2025/04/19 - 12:30:44 | batch update started 
[SYS] 2025/04/19 - 12:30:44 | batch update finished 
[SYS] 2025/04/19 - 12:30:49 | 正在更新数据看板数据... 
[SYS] 2025/04/19 - 12:30:49 | 保存数据看板数据成功，共保存0条数据 
[SYS] 2025/04/19 - 12:30:49 | testing all channels 
[SYS] 2025/04/19 - 12:30:49 | channel test finished 
[SYS] 2025/04/19 - 12:30:49 | syncing channels from database 
[SYS] 2025/04/19 - 12:30:49 | channels synced from database 
[SYS] 2025/04/19 - 12:30:49 | syncing options from database 
[SYS] 2025/04/19 - 12:30:49 | 任务进度轮询开始 
[SYS] 2025/04/19 - 12:30:49 | 任务进度轮询完成 
[SYS] 2025/04/19 - 12:30:49 | batch update started 
[SYS] 2025/04/19 - 12:30:49 | batch update finished 
[SYS] 2025/04/19 - 12:30:54 | batch update started 
[SYS] 2025/04/19 - 12:30:54 | batch update finished 
[SYS] 2025/04/19 - 12:30:59 | batch update started 
[SYS] 2025/04/19 - 12:30:59 | batch update finished 
[SYS] 2025/04/19 - 12:31:03 | 任务进度轮询开始 
[SYS] 2025/04/19 - 12:31:03 | 任务进度轮询完成 
[SYS] 2025/04/19 - 12:31:03 | batch update started 
[SYS] 2025/04/19 - 12:31:03 | batch update finished 
[SYS] 2025/04/19 - 12:31:08 | batch update started 
[SYS] 2025/04/19 - 12:31:08 | batch update finished 
[SYS] 2025/04/19 - 12:31:13 | batch update started 
[SYS] 2025/04/19 - 12:31:13 | batch update finished 
[SYS] 2025/04/19 - 12:31:18 | 任务进度轮询开始 
[SYS] 2025/04/19 - 12:31:18 | 任务进度轮询完成 
[SYS] 2025/04/19 - 12:31:18 | batch update started 
[SYS] 2025/04/19 - 12:31:18 | batch update finished 
[SYS] 2025/04/19 - 12:31:23 | batch update started 
[SYS] 2025/04/19 - 12:31:23 | batch update finished 
[SYS] 2025/04/19 - 12:31:28 | batch update started 
[SYS] 2025/04/19 - 12:31:28 | batch update finished 
[SYS] 2025/04/19 - 12:31:31 | 任务进度轮询开始 
[SYS] 2025/04/19 - 12:31:31 | 任务进度轮询完成 
[SYS] 2025/04/19 - 12:31:32 | batch update started 
[SYS] 2025/04/19 - 12:31:32 | batch update finished 
[SYS] 2025/04/19 - 12:31:37 | batch update started 
[SYS] 2025/04/19 - 12:31:37 | batch update finished 
[SYS] 2025/04/19 - 12:31:42 | batch update started 
[SYS] 2025/04/19 - 12:31:42 | batch update finished 
[SYS] 2025/04/19 - 12:31:46 | syncing channels from database 
[SYS] 2025/04/19 - 12:31:46 | syncing options from database 
[SYS] 2025/04/19 - 12:31:46 | 任务进度轮询开始 
[SYS] 2025/04/19 - 12:31:47 | batch update started 
[SYS] 2025/04/19 - 12:31:47 | batch update finished 
[SYS] 2025/04/19 - 12:31:47 | channels synced from database 
[SYS] 2025/04/19 - 12:31:47 | 任务进度轮询完成 
[SYS] 2025/04/19 - 12:31:52 | batch update started 
[SYS] 2025/04/19 - 12:31:52 | batch update finished 
[SYS] 2025/04/19 - 12:31:57 | batch update started 
[SYS] 2025/04/19 - 12:31:57 | batch update finished 
[SYS] 2025/04/19 - 12:32:02 | batch update started 
[SYS] 2025/04/19 - 12:32:02 | batch update finished 
[SYS] 2025/04/19 - 12:32:02 | 任务进度轮询开始 
[SYS] 2025/04/19 - 12:32:02 | 任务进度轮询完成 
[SYS] 2025/04/19 - 12:32:05 | batch update started 
[SYS] 2025/04/19 - 12:32:05 | batch update finished 
[SYS] 2025/04/19 - 12:32:10 | batch update started 
[SYS] 2025/04/19 - 12:32:10 | batch update finished 
[SYS] 2025/04/19 - 12:32:15 | batch update started 
[SYS] 2025/04/19 - 12:32:15 | batch update finished 
[SYS] 2025/04/19 - 12:32:16 | 任务进度轮询开始 
[SYS] 2025/04/19 - 12:32:16 | 任务进度轮询完成 
[SYS] 2025/04/19 - 12:32:20 | batch update started 
[SYS] 2025/04/19 - 12:32:20 | batch update finished 
[SYS] 2025/04/19 - 12:32:25 | batch update started 
[SYS] 2025/04/19 - 12:32:25 | batch update finished 
[SYS] 2025/04/19 - 12:32:30 | batch update started 
[SYS] 2025/04/19 - 12:32:30 | batch update finished 
[SYS] 2025/04/19 - 12:32:31 | 任务进度轮询开始 
[SYS] 2025/04/19 - 12:32:31 | 任务进度轮询完成 
[SYS] 2025/04/19 - 12:32:34 | batch update started 
[SYS] 2025/04/19 - 12:32:34 | batch update finished 
[SYS] 2025/04/19 - 12:32:39 | batch update started 
[SYS] 2025/04/19 - 12:32:39 | batch update finished 
[SYS] 2025/04/19 - 12:32:44 | syncing options from database 
[SYS] 2025/04/19 - 12:32:44 | batch update started 
[SYS] 2025/04/19 - 12:32:44 | batch update finished 
[SYS] 2025/04/19 - 12:32:44 | syncing channels from database 
[SYS] 2025/04/19 - 12:32:44 | channels synced from database 
[SYS] 2025/04/19 - 12:32:44 | 任务进度轮询开始 
[SYS] 2025/04/19 - 12:32:44 | 任务进度轮询完成 
[SYS] 2025/04/19 - 12:32:49 | batch update started 
[SYS] 2025/04/19 - 12:32:49 | batch update finished 
[SYS] 2025/04/19 - 12:32:54 | batch update started 
[SYS] 2025/04/19 - 12:32:54 | batch update finished 
[SYS] 2025/04/19 - 12:32:59 | batch update started 
[SYS] 2025/04/19 - 12:32:59 | batch update finished 
[SYS] 2025/04/19 - 12:32:59 | 任务进度轮询开始 
[SYS] 2025/04/19 - 12:32:59 | 任务进度轮询完成 
[SYS] 2025/04/19 - 12:33:04 | batch update started 
[SYS] 2025/04/19 - 12:33:04 | batch update finished 
[SYS] 2025/04/19 - 12:33:08 | batch update started 
[SYS] 2025/04/19 - 12:33:08 | batch update finished 
[SYS] 2025/04/19 - 12:33:13 | batch update started 
[SYS] 2025/04/19 - 12:33:13 | batch update finished 
[SYS] 2025/04/19 - 12:33:13 | 任务进度轮询开始 
[SYS] 2025/04/19 - 12:33:13 | 任务进度轮询完成 
[SYS] 2025/04/19 - 12:33:18 | batch update started 
[SYS] 2025/04/19 - 12:33:18 | batch update finished 
[SYS] 2025/04/19 - 12:33:23 | batch update started 
[SYS] 2025/04/19 - 12:33:23 | batch update finished 
[SYS] 2025/04/19 - 12:33:28 | batch update started 
[SYS] 2025/04/19 - 12:33:28 | batch update finished 
[SYS] 2025/04/19 - 12:33:28 | 任务进度轮询开始 
[SYS] 2025/04/19 - 12:33:28 | 任务进度轮询完成 
[SYS] 2025/04/19 - 12:33:33 | batch update started 
[SYS] 2025/04/19 - 12:33:33 | batch update finished 
[SYS] 2025/04/19 - 12:33:37 | batch update started 
[SYS] 2025/04/19 - 12:33:37 | batch update finished 
[SYS] 2025/04/19 - 12:33:41 | syncing options from database 
[SYS] 2025/04/19 - 12:33:42 | batch update started 
[SYS] 2025/04/19 - 12:33:42 | batch update finished 
[SYS] 2025/04/19 - 12:33:42 | syncing channels from database 
[SYS] 2025/04/19 - 12:33:42 | channels synced from database 
[SYS] 2025/04/19 - 12:33:42 | 任务进度轮询开始 
[SYS] 2025/04/19 - 12:33:42 | 任务进度轮询完成 
[SYS] 2025/04/19 - 12:33:47 | batch update started 
[SYS] 2025/04/19 - 12:33:47 | batch update finished 
[SYS] 2025/04/19 - 12:33:52 | batch update started 
[SYS] 2025/04/19 - 12:33:52 | batch update finished 
[SYS] 2025/04/19 - 12:33:57 | batch update started 
[SYS] 2025/04/19 - 12:33:57 | batch update finished 
[SYS] 2025/04/19 - 12:33:57 | 任务进度轮询开始 
[SYS] 2025/04/19 - 12:33:57 | 任务进度轮询完成 
[SYS] 2025/04/19 - 12:34:02 | batch update started 
[SYS] 2025/04/19 - 12:34:02 | batch update finished 
[SYS] 2025/04/19 - 12:34:07 | batch update started 
[SYS] 2025/04/19 - 12:34:07 | batch update finished 
[SYS] 2025/04/19 - 12:34:10 | batch update started 
[SYS] 2025/04/19 - 12:34:10 | batch update finished 
[SYS] 2025/04/19 - 12:34:11 | 任务进度轮询开始 
[SYS] 2025/04/19 - 12:34:11 | 任务进度轮询完成 
[SYS] 2025/04/19 - 12:34:15 | batch update started 
[SYS] 2025/04/19 - 12:34:15 | batch update finished 
[SYS] 2025/04/19 - 12:34:20 | batch update started 
[SYS] 2025/04/19 - 12:34:20 | batch update finished 
[SYS] 2025/04/19 - 12:34:25 | batch update started 
[SYS] 2025/04/19 - 12:34:25 | batch update finished 
[SYS] 2025/04/19 - 12:34:26 | 任务进度轮询开始 
[SYS] 2025/04/19 - 12:34:26 | 任务进度轮询完成 
[SYS] 2025/04/19 - 12:34:30 | batch update started 
[SYS] 2025/04/19 - 12:34:30 | batch update finished 
[SYS] 2025/04/19 - 12:34:35 | batch update started 
[SYS] 2025/04/19 - 12:34:35 | batch update finished 
[SYS] 2025/04/19 - 12:34:39 | syncing options from database 
[SYS] 2025/04/19 - 12:34:39 | batch update started 
[SYS] 2025/04/19 - 12:34:39 | batch update finished 
[SYS] 2025/04/19 - 12:34:39 | syncing channels from database 
[SYS] 2025/04/19 - 12:34:39 | channels synced from database 
[SYS] 2025/04/19 - 12:34:39 | 任务进度轮询开始 
[SYS] 2025/04/19 - 12:34:39 | 任务进度轮询完成 
[SYS] 2025/04/19 - 12:34:44 | batch update started 
[SYS] 2025/04/19 - 12:34:44 | batch update finished 
[SYS] 2025/04/19 - 12:34:49 | batch update started 
[SYS] 2025/04/19 - 12:34:49 | batch update finished 
[SYS] 2025/04/19 - 12:34:54 | batch update started 
[SYS] 2025/04/19 - 12:34:54 | batch update finished 
[SYS] 2025/04/19 - 12:34:54 | 任务进度轮询开始 
[SYS] 2025/04/19 - 12:34:54 | 任务进度轮询完成 
[SYS] 2025/04/19 - 12:34:59 | batch update started 
[SYS] 2025/04/19 - 12:34:59 | batch update finished 
[SYS] 2025/04/19 - 12:35:04 | batch update started 
[SYS] 2025/04/19 - 12:35:04 | batch update finished 
[SYS] 2025/04/19 - 12:35:09 | batch update started 
[SYS] 2025/04/19 - 12:35:09 | batch update finished 
[SYS] 2025/04/19 - 12:35:09 | 任务进度轮询开始 
[SYS] 2025/04/19 - 12:35:09 | 任务进度轮询完成 
[SYS] 2025/04/19 - 12:35:13 | batch update started 
[SYS] 2025/04/19 - 12:35:13 | batch update finished 
[SYS] 2025/04/19 - 12:35:18 | batch update started 
[SYS] 2025/04/19 - 12:35:18 | batch update finished 
[SYS] 2025/04/19 - 12:35:23 | batch update started 
[SYS] 2025/04/19 - 12:35:23 | batch update finished 
[SYS] 2025/04/19 - 12:35:23 | 任务进度轮询开始 
[SYS] 2025/04/19 - 12:35:23 | 任务进度轮询完成 
[SYS] 2025/04/19 - 12:35:28 | batch update started 
[SYS] 2025/04/19 - 12:35:28 | batch update finished 
[SYS] 2025/04/19 - 12:35:33 | batch update started 
[SYS] 2025/04/19 - 12:35:33 | batch update finished 
[SYS] 2025/04/19 - 12:35:37 | 正在更新数据看板数据... 
[SYS] 2025/04/19 - 12:35:37 | 保存数据看板数据成功，共保存0条数据 
[SYS] 2025/04/19 - 12:35:38 | syncing options from database 
[SYS] 2025/04/19 - 12:35:38 | batch update started 
[SYS] 2025/04/19 - 12:35:38 | batch update finished 
[SYS] 2025/04/19 - 12:35:38 | syncing channels from database 
[SYS] 2025/04/19 - 12:35:38 | channels synced from database 
[SYS] 2025/04/19 - 12:35:38 | 任务进度轮询开始 
[SYS] 2025/04/19 - 12:35:38 | 任务进度轮询完成 
[SYS] 2025/04/19 - 12:35:42 | batch update started 
[SYS] 2025/04/19 - 12:35:42 | batch update finished 
[SYS] 2025/04/19 - 12:35:47 | batch update started 
[SYS] 2025/04/19 - 12:35:47 | batch update finished 
[SYS] 2025/04/19 - 12:35:52 | batch update started 
[SYS] 2025/04/19 - 12:35:52 | batch update finished 
[SYS] 2025/04/19 - 12:35:52 | 任务进度轮询开始 
[SYS] 2025/04/19 - 12:35:52 | 任务进度轮询完成 
[SYS] 2025/04/19 - 12:35:57 | batch update started 
[SYS] 2025/04/19 - 12:35:57 | batch update finished 
[SYS] 2025/04/19 - 12:36:02 | batch update started 
[SYS] 2025/04/19 - 12:36:02 | batch update finished 
[SYS] 2025/04/19 - 12:36:07 | batch update started 
[SYS] 2025/04/19 - 12:36:07 | batch update finished 
[SYS] 2025/04/19 - 12:36:07 | 任务进度轮询开始 
[SYS] 2025/04/19 - 12:36:07 | 任务进度轮询完成 
[SYS] 2025/04/19 - 12:36:10 | batch update started 
[SYS] 2025/04/19 - 12:36:10 | batch update finished 
[SYS] 2025/04/19 - 12:36:15 | batch update started 
[SYS] 2025/04/19 - 12:36:15 | batch update finished 
[SYS] 2025/04/19 - 12:36:20 | batch update started 
[SYS] 2025/04/19 - 12:36:20 | batch update finished 
[SYS] 2025/04/19 - 12:36:21 | 任务进度轮询开始 
[SYS] 2025/04/19 - 12:36:21 | 任务进度轮询完成 
[SYS] 2025/04/19 - 12:36:25 | batch update started 
[SYS] 2025/04/19 - 12:36:25 | batch update finished 
[SYS] 2025/04/19 - 12:36:30 | batch update started 
[SYS] 2025/04/19 - 12:36:30 | batch update finished 
[SYS] 2025/04/19 - 12:36:35 | syncing options from database 
[SYS] 2025/04/19 - 12:36:35 | batch update started 
[SYS] 2025/04/19 - 12:36:35 | batch update finished 
[SYS] 2025/04/19 - 12:36:35 | syncing channels from database 
[SYS] 2025/04/19 - 12:36:35 | channels synced from database 
[SYS] 2025/04/19 - 12:36:36 | 任务进度轮询开始 
[SYS] 2025/04/19 - 12:36:36 | 任务进度轮询完成 
[SYS] 2025/04/19 - 12:36:40 | batch update started 
[SYS] 2025/04/19 - 12:36:40 | batch update finished 
[SYS] 2025/04/19 - 12:36:44 | batch update started 
[SYS] 2025/04/19 - 12:36:44 | batch update finished 
[SYS] 2025/04/19 - 12:36:49 | batch update started 
[SYS] 2025/04/19 - 12:36:49 | batch update finished 
[SYS] 2025/04/19 - 12:36:49 | 任务进度轮询开始 
[SYS] 2025/04/19 - 12:36:49 | 任务进度轮询完成 
[SYS] 2025/04/19 - 12:36:54 | batch update started 
[SYS] 2025/04/19 - 12:36:54 | batch update finished 
[SYS] 2025/04/19 - 12:36:59 | batch update started 
[SYS] 2025/04/19 - 12:36:59 | batch update finished 
[SYS] 2025/04/19 - 12:37:04 | batch update started 
[SYS] 2025/04/19 - 12:37:04 | batch update finished 
[SYS] 2025/04/19 - 12:37:04 | 任务进度轮询开始 
[SYS] 2025/04/19 - 12:37:04 | 任务进度轮询完成 
[SYS] 2025/04/19 - 12:37:09 | batch update started 
[SYS] 2025/04/19 - 12:37:09 | batch update finished 
[SYS] 2025/04/19 - 12:37:13 | batch update started 
[SYS] 2025/04/19 - 12:37:13 | batch update finished 
[SYS] 2025/04/19 - 12:37:18 | batch update started 
[SYS] 2025/04/19 - 12:37:18 | batch update finished 
[SYS] 2025/04/19 - 12:37:18 | 任务进度轮询开始 
[SYS] 2025/04/19 - 12:37:18 | 任务进度轮询完成 
[SYS] 2025/04/19 - 12:37:23 | batch update started 
[SYS] 2025/04/19 - 12:37:23 | batch update finished 
[SYS] 2025/04/19 - 12:37:28 | batch update started 
[SYS] 2025/04/19 - 12:37:28 | batch update finished 
[SYS] 2025/04/19 - 12:37:33 | syncing options from database 
[SYS] 2025/04/19 - 12:37:33 | batch update started 
[SYS] 2025/04/19 - 12:37:33 | batch update finished 
[SYS] 2025/04/19 - 12:37:33 | syncing channels from database 
[SYS] 2025/04/19 - 12:37:33 | channels synced from database 
[SYS] 2025/04/19 - 12:37:33 | 任务进度轮询开始 
[SYS] 2025/04/19 - 12:37:33 | 任务进度轮询完成 
[SYS] 2025/04/19 - 12:37:38 | batch update started 
[SYS] 2025/04/19 - 12:37:38 | batch update finished 
[SYS] 2025/04/19 - 12:37:43 | batch update started 
[SYS] 2025/04/19 - 12:37:43 | batch update finished 
[SYS] 2025/04/19 - 12:37:47 | batch update started 
[SYS] 2025/04/19 - 12:37:47 | batch update finished 
[SYS] 2025/04/19 - 12:37:47 | 任务进度轮询开始 
[SYS] 2025/04/19 - 12:37:47 | 任务进度轮询完成 
[SYS] 2025/04/19 - 12:37:52 | batch update started 
[SYS] 2025/04/19 - 12:37:52 | batch update finished 
[SYS] 2025/04/19 - 12:37:57 | batch update started 
[SYS] 2025/04/19 - 12:37:57 | batch update finished 
[SYS] 2025/04/19 - 12:38:02 | batch update started 
[SYS] 2025/04/19 - 12:38:02 | batch update finished 
[SYS] 2025/04/19 - 12:38:02 | 任务进度轮询开始 
[SYS] 2025/04/19 - 12:38:02 | 任务进度轮询完成 
[SYS] 2025/04/19 - 12:38:07 | batch update started 
[SYS] 2025/04/19 - 12:38:07 | batch update finished 
[SYS] 2025/04/19 - 12:38:12 | batch update started 
[SYS] 2025/04/19 - 12:38:12 | batch update finished 
[SYS] 2025/04/19 - 12:38:15 | batch update started 
[SYS] 2025/04/19 - 12:38:15 | batch update finished 
[SYS] 2025/04/19 - 12:38:16 | 任务进度轮询开始 
[SYS] 2025/04/19 - 12:38:16 | 任务进度轮询完成 
[SYS] 2025/04/19 - 12:38:20 | batch update started 
[SYS] 2025/04/19 - 12:38:20 | batch update finished 
[SYS] 2025/04/19 - 12:38:25 | batch update started 
[SYS] 2025/04/19 - 12:38:25 | batch update finished 
[SYS] 2025/04/19 - 12:38:30 | syncing options from database 
[SYS] 2025/04/19 - 12:38:30 | syncing channels from database 
[SYS] 2025/04/19 - 12:38:30 | channels synced from database 
[SYS] 2025/04/19 - 12:38:30 | batch update started 
[SYS] 2025/04/19 - 12:38:30 | batch update finished 
[SYS] 2025/04/19 - 12:38:31 | 任务进度轮询开始 
[SYS] 2025/04/19 - 12:38:31 | 任务进度轮询完成 
[SYS] 2025/04/19 - 12:38:35 | batch update started 
[SYS] 2025/04/19 - 12:38:35 | batch update finished 
[SYS] 2025/04/19 - 12:38:40 | batch update started 
[SYS] 2025/04/19 - 12:38:40 | batch update finished 
[SYS] 2025/04/19 - 12:38:45 | batch update started 
[SYS] 2025/04/19 - 12:38:45 | batch update finished 
[SYS] 2025/04/19 - 12:38:46 | 任务进度轮询开始 
[SYS] 2025/04/19 - 12:38:46 | 任务进度轮询完成 
[SYS] 2025/04/19 - 12:38:49 | batch update started 
[SYS] 2025/04/19 - 12:38:49 | batch update finished 
[SYS] 2025/04/19 - 12:38:54 | batch update started 
[SYS] 2025/04/19 - 12:38:54 | batch update finished 
[SYS] 2025/04/19 - 12:38:59 | batch update started 
[SYS] 2025/04/19 - 12:38:59 | batch update finished 
[SYS] 2025/04/19 - 12:38:59 | 任务进度轮询开始 
[SYS] 2025/04/19 - 12:38:59 | 任务进度轮询完成 
[SYS] 2025/04/19 - 12:39:04 | batch update started 
[SYS] 2025/04/19 - 12:39:04 | batch update finished 
[SYS] 2025/04/19 - 12:39:09 | batch update started 
[SYS] 2025/04/19 - 12:39:09 | batch update finished 
[SYS] 2025/04/19 - 12:39:14 | batch update started 
[SYS] 2025/04/19 - 12:39:14 | batch update finished 
[SYS] 2025/04/19 - 12:39:14 | 任务进度轮询开始 
[SYS] 2025/04/19 - 12:39:14 | 任务进度轮询完成 
[SYS] 2025/04/19 - 12:39:18 | batch update started 
[SYS] 2025/04/19 - 12:39:18 | batch update finished 
[SYS] 2025/04/19 - 12:39:23 | batch update started 
[SYS] 2025/04/19 - 12:39:23 | batch update finished 
[SYS] 2025/04/19 - 12:39:28 | syncing options from database 
[SYS] 2025/04/19 - 12:39:28 | syncing channels from database 
[SYS] 2025/04/19 - 12:39:28 | channels synced from database 
[SYS] 2025/04/19 - 12:39:28 | batch update started 
[SYS] 2025/04/19 - 12:39:28 | batch update finished 
[SYS] 2025/04/19 - 12:39:28 | 任务进度轮询开始 
[SYS] 2025/04/19 - 12:39:28 | 任务进度轮询完成 
[SYS] 2025/04/19 - 12:39:33 | batch update started 
[SYS] 2025/04/19 - 12:39:33 | batch update finished 
[SYS] 2025/04/19 - 12:39:38 | batch update started 
[SYS] 2025/04/19 - 12:39:38 | batch update finished 
[SYS] 2025/04/19 - 12:39:43 | batch update started 
[SYS] 2025/04/19 - 12:39:43 | batch update finished 
[SYS] 2025/04/19 - 12:39:43 | 任务进度轮询开始 
[SYS] 2025/04/19 - 12:39:43 | 任务进度轮询完成 
[SYS] 2025/04/19 - 12:39:48 | batch update started 
[SYS] 2025/04/19 - 12:39:48 | batch update finished 
[SYS] 2025/04/19 - 12:39:52 | batch update started 
[SYS] 2025/04/19 - 12:39:52 | batch update finished 
[SYS] 2025/04/19 - 12:39:57 | batch update started 
[SYS] 2025/04/19 - 12:39:57 | batch update finished 
[SYS] 2025/04/19 - 12:39:57 | 任务进度轮询开始 
[SYS] 2025/04/19 - 12:39:57 | 任务进度轮询完成 
[SYS] 2025/04/19 - 12:40:02 | batch update started 
[SYS] 2025/04/19 - 12:40:02 | batch update finished 
[SYS] 2025/04/19 - 12:40:07 | batch update started 
[SYS] 2025/04/19 - 12:40:07 | batch update finished 
[SYS] 2025/04/19 - 12:40:12 | batch update started 
[SYS] 2025/04/19 - 12:40:12 | batch update finished 
[SYS] 2025/04/19 - 12:40:12 | 任务进度轮询开始 
[SYS] 2025/04/19 - 12:40:12 | 任务进度轮询完成 
[SYS] 2025/04/19 - 12:40:17 | batch update started 
[SYS] 2025/04/19 - 12:40:17 | batch update finished 
[SYS] 2025/04/19 - 12:40:21 | batch update started 
[SYS] 2025/04/19 - 12:40:21 | batch update finished 
[SYS] 2025/04/19 - 12:40:25 | 正在更新数据看板数据... 
[SYS] 2025/04/19 - 12:40:25 | 保存数据看板数据成功，共保存0条数据 
[SYS] 2025/04/19 - 12:40:25 | testing all channels 
[SYS] 2025/04/19 - 12:40:25 | channel test finished 
[SYS] 2025/04/19 - 12:40:25 | syncing options from database 
[SYS] 2025/04/19 - 12:40:25 | syncing channels from database 
[SYS] 2025/04/19 - 12:40:25 | channels synced from database 
[SYS] 2025/04/19 - 12:40:26 | batch update started 
[SYS] 2025/04/19 - 12:40:26 | batch update finished 
[SYS] 2025/04/19 - 12:40:26 | 任务进度轮询开始 
[SYS] 2025/04/19 - 12:40:26 | 任务进度轮询完成 
[SYS] 2025/04/19 - 12:40:31 | batch update started 
[SYS] 2025/04/19 - 12:40:31 | batch update finished 
[SYS] 2025/04/19 - 12:40:36 | batch update started 
[SYS] 2025/04/19 - 12:40:36 | batch update finished 
[SYS] 2025/04/19 - 12:40:41 | batch update started 
[SYS] 2025/04/19 - 12:40:41 | batch update finished 
[SYS] 2025/04/19 - 12:40:41 | 任务进度轮询开始 
[SYS] 2025/04/19 - 12:40:41 | 任务进度轮询完成 
[SYS] 2025/04/19 - 12:40:46 | batch update started 
[SYS] 2025/04/19 - 12:40:46 | batch update finished 
[SYS] 2025/04/19 - 12:40:49 | batch update started 
[SYS] 2025/04/19 - 12:40:49 | batch update finished 
[SYS] 2025/04/19 - 12:40:54 | batch update started 
[SYS] 2025/04/19 - 12:40:54 | batch update finished 
[SYS] 2025/04/19 - 12:40:54 | 任务进度轮询开始 
[SYS] 2025/04/19 - 12:40:54 | 任务进度轮询完成 
[SYS] 2025/04/19 - 12:40:59 | batch update started 
[SYS] 2025/04/19 - 12:40:59 | batch update finished 
[SYS] 2025/04/19 - 12:41:04 | batch update started 
[SYS] 2025/04/19 - 12:41:04 | batch update finished 
[SYS] 2025/04/19 - 12:41:09 | batch update started 
[SYS] 2025/04/19 - 12:41:09 | batch update finished 
[SYS] 2025/04/19 - 12:41:09 | 任务进度轮询开始 
[SYS] 2025/04/19 - 12:41:09 | 任务进度轮询完成 
[SYS] 2025/04/19 - 12:41:14 | batch update started 
[SYS] 2025/04/19 - 12:41:14 | batch update finished 
[SYS] 2025/04/19 - 12:41:19 | batch update started 
[SYS] 2025/04/19 - 12:41:19 | batch update finished 
[SYS] 2025/04/19 - 12:41:23 | syncing options from database 
[SYS] 2025/04/19 - 12:41:23 | syncing channels from database 
[SYS] 2025/04/19 - 12:41:23 | channels synced from database 
[SYS] 2025/04/19 - 12:41:23 | batch update started 
[SYS] 2025/04/19 - 12:41:23 | batch update finished 
[SYS] 2025/04/19 - 12:41:23 | 任务进度轮询开始 
[SYS] 2025/04/19 - 12:41:23 | 任务进度轮询完成 
[SYS] 2025/04/19 - 12:41:28 | batch update started 
[SYS] 2025/04/19 - 12:41:28 | batch update finished 
[SYS] 2025/04/19 - 12:41:33 | batch update started 
[SYS] 2025/04/19 - 12:41:33 | batch update finished 
[SYS] 2025/04/19 - 12:41:38 | batch update started 
[SYS] 2025/04/19 - 12:41:38 | batch update finished 
[SYS] 2025/04/19 - 12:41:38 | 任务进度轮询开始 
[SYS] 2025/04/19 - 12:41:38 | 任务进度轮询完成 
[SYS] 2025/04/19 - 12:41:43 | batch update started 
[SYS] 2025/04/19 - 12:41:43 | batch update finished 
[SYS] 2025/04/19 - 12:41:48 | batch update started 
[SYS] 2025/04/19 - 12:41:48 | batch update finished 
[SYS] 2025/04/19 - 12:41:52 | batch update started 
[SYS] 2025/04/19 - 12:41:52 | batch update finished 
[SYS] 2025/04/19 - 12:41:52 | 任务进度轮询开始 
[SYS] 2025/04/19 - 12:41:52 | 任务进度轮询完成 
[SYS] 2025/04/19 - 12:41:57 | batch update started 
[SYS] 2025/04/19 - 12:41:57 | batch update finished 
[SYS] 2025/04/19 - 12:42:02 | batch update started 
[SYS] 2025/04/19 - 12:42:02 | batch update finished 
[SYS] 2025/04/19 - 12:42:07 | batch update started 
[SYS] 2025/04/19 - 12:42:07 | batch update finished 
[SYS] 2025/04/19 - 12:42:07 | 任务进度轮询开始 
[SYS] 2025/04/19 - 12:42:07 | 任务进度轮询完成 
[SYS] 2025/04/19 - 12:42:12 | batch update started 
[SYS] 2025/04/19 - 12:42:12 | batch update finished 
[SYS] 2025/04/19 - 12:42:17 | batch update started 
[SYS] 2025/04/19 - 12:42:17 | batch update finished 
[SYS] 2025/04/19 - 12:42:21 | syncing options from database 
[SYS] 2025/04/19 - 12:42:22 | syncing channels from database 
[SYS] 2025/04/19 - 12:42:22 | channels synced from database 
[SYS] 2025/04/19 - 12:42:22 | batch update started 
[SYS] 2025/04/19 - 12:42:22 | batch update finished 
[SYS] 2025/04/19 - 12:42:22 | 任务进度轮询开始 
[SYS] 2025/04/19 - 12:42:22 | 任务进度轮询完成 
[SYS] 2025/04/19 - 12:42:26 | batch update started 
[SYS] 2025/04/19 - 12:42:26 | batch update finished 
[SYS] 2025/04/19 - 12:42:31 | batch update started 
[SYS] 2025/04/19 - 12:42:31 | batch update finished 
[SYS] 2025/04/19 - 12:42:36 | batch update started 
[SYS] 2025/04/19 - 12:42:36 | batch update finished 
[SYS] 2025/04/19 - 12:42:36 | 任务进度轮询开始 
[SYS] 2025/04/19 - 12:42:36 | 任务进度轮询完成 
[SYS] 2025/04/19 - 12:42:41 | batch update started 
[SYS] 2025/04/19 - 12:42:41 | batch update finished 
[SYS] 2025/04/19 - 12:42:46 | batch update started 
[SYS] 2025/04/19 - 12:42:46 | batch update finished 
[SYS] 2025/04/19 - 12:42:51 | batch update started 
[SYS] 2025/04/19 - 12:42:51 | batch update finished 
[SYS] 2025/04/19 - 12:42:51 | 任务进度轮询开始 
[SYS] 2025/04/19 - 12:42:51 | 任务进度轮询完成 
[SYS] 2025/04/19 - 12:42:54 | batch update started 
[SYS] 2025/04/19 - 12:42:54 | batch update finished 
[SYS] 2025/04/19 - 12:42:59 | batch update started 
[SYS] 2025/04/19 - 12:42:59 | batch update finished 
[SYS] 2025/04/19 - 12:43:04 | batch update started 
[SYS] 2025/04/19 - 12:43:04 | batch update finished 
[SYS] 2025/04/19 - 12:43:04 | 任务进度轮询开始 
[SYS] 2025/04/19 - 12:43:04 | 任务进度轮询完成 
[SYS] 2025/04/19 - 12:43:09 | batch update started 
[SYS] 2025/04/19 - 12:43:09 | batch update finished 
[SYS] 2025/04/19 - 12:43:14 | batch update started 
[SYS] 2025/04/19 - 12:43:14 | batch update finished 
[SYS] 2025/04/19 - 12:43:19 | syncing options from database 
[SYS] 2025/04/19 - 12:43:19 | syncing channels from database 
[SYS] 2025/04/19 - 12:43:19 | channels synced from database 
[SYS] 2025/04/19 - 12:43:19 | batch update started 
[SYS] 2025/04/19 - 12:43:19 | batch update finished 
[SYS] 2025/04/19 - 12:43:19 | 任务进度轮询开始 
[SYS] 2025/04/19 - 12:43:19 | 任务进度轮询完成 
[SYS] 2025/04/19 - 12:43:24 | batch update started 
[SYS] 2025/04/19 - 12:43:24 | batch update finished 
[SYS] 2025/04/19 - 12:43:28 | batch update started 
[SYS] 2025/04/19 - 12:43:28 | batch update finished 
[SYS] 2025/04/19 - 12:43:33 | batch update started 
[SYS] 2025/04/19 - 12:43:33 | batch update finished 
[SYS] 2025/04/19 - 12:43:33 | 任务进度轮询开始 
[SYS] 2025/04/19 - 12:43:33 | 任务进度轮询完成 
[SYS] 2025/04/19 - 12:43:38 | batch update started 
[SYS] 2025/04/19 - 12:43:38 | batch update finished 
[SYS] 2025/04/19 - 12:43:43 | batch update started 
[SYS] 2025/04/19 - 12:43:43 | batch update finished 
[SYS] 2025/04/19 - 12:43:48 | batch update started 
[SYS] 2025/04/19 - 12:43:48 | batch update finished 
[SYS] 2025/04/19 - 12:43:48 | 任务进度轮询开始 
[SYS] 2025/04/19 - 12:43:48 | 任务进度轮询完成 
[SYS] 2025/04/19 - 12:43:53 | batch update started 
[SYS] 2025/04/19 - 12:43:53 | batch update finished 
[SYS] 2025/04/19 - 12:43:57 | batch update started 
[SYS] 2025/04/19 - 12:43:57 | batch update finished 
[SYS] 2025/04/19 - 12:44:02 | batch update started 
[SYS] 2025/04/19 - 12:44:02 | batch update finished 
[SYS] 2025/04/19 - 12:44:02 | 任务进度轮询开始 
[SYS] 2025/04/19 - 12:44:02 | 任务进度轮询完成 
[SYS] 2025/04/19 - 12:44:07 | batch update started 
[SYS] 2025/04/19 - 12:44:07 | batch update finished 
[SYS] 2025/04/19 - 12:44:12 | batch update started 
[SYS] 2025/04/19 - 12:44:12 | batch update finished 
[SYS] 2025/04/19 - 12:44:16 | syncing options from database 
[SYS] 2025/04/19 - 12:44:17 | syncing channels from database 
[SYS] 2025/04/19 - 12:44:17 | channels synced from database 
[SYS] 2025/04/19 - 12:44:17 | batch update started 
[SYS] 2025/04/19 - 12:44:17 | 任务进度轮询开始 
[SYS] 2025/04/19 - 12:44:17 | batch update finished 
[SYS] 2025/04/19 - 12:44:17 | 任务进度轮询完成 
[SYS] 2025/04/19 - 12:44:22 | batch update started 
[SYS] 2025/04/19 - 12:44:22 | batch update finished 
[SYS] 2025/04/19 - 12:44:27 | batch update started 
[SYS] 2025/04/19 - 12:44:27 | batch update finished 
[SYS] 2025/04/19 - 12:44:31 | 任务进度轮询开始 
[SYS] 2025/04/19 - 12:44:31 | 任务进度轮询完成 
[SYS] 2025/04/19 - 12:44:31 | batch update started 
[SYS] 2025/04/19 - 12:44:31 | batch update finished 
[SYS] 2025/04/19 - 12:44:36 | batch update started 
[SYS] 2025/04/19 - 12:44:36 | batch update finished 
[SYS] 2025/04/19 - 12:44:41 | batch update started 
[SYS] 2025/04/19 - 12:44:41 | batch update finished 
[SYS] 2025/04/19 - 12:44:46 | 任务进度轮询开始 
[SYS] 2025/04/19 - 12:44:46 | 任务进度轮询完成 
[SYS] 2025/04/19 - 12:44:46 | batch update started 
[SYS] 2025/04/19 - 12:44:46 | batch update finished 
[SYS] 2025/04/19 - 12:44:51 | batch update started 
[SYS] 2025/04/19 - 12:44:51 | batch update finished 
[SYS] 2025/04/19 - 12:44:56 | batch update started 
[SYS] 2025/04/19 - 12:44:56 | batch update finished 
[SYS] 2025/04/19 - 12:44:59 | 任务进度轮询开始 
[SYS] 2025/04/19 - 12:44:59 | 任务进度轮询完成 
[SYS] 2025/04/19 - 12:44:59 | batch update started 
[SYS] 2025/04/19 - 12:44:59 | batch update finished 
[SYS] 2025/04/19 - 12:45:04 | batch update started 
[SYS] 2025/04/19 - 12:45:04 | batch update finished 
[SYS] 2025/04/19 - 12:45:09 | batch update started 
[SYS] 2025/04/19 - 12:45:09 | batch update finished 
[SYS] 2025/04/19 - 12:45:13 | 正在更新数据看板数据... 
[SYS] 2025/04/19 - 12:45:13 | 保存数据看板数据成功，共保存0条数据 
[SYS] 2025/04/19 - 12:45:14 | syncing options from database 
[SYS] 2025/04/19 - 12:45:14 | syncing channels from database 
[SYS] 2025/04/19 - 12:45:14 | channels synced from database 
[SYS] 2025/04/19 - 12:45:14 | 任务进度轮询开始 
[SYS] 2025/04/19 - 12:45:14 | 任务进度轮询完成 
[SYS] 2025/04/19 - 12:45:14 | batch update started 
[SYS] 2025/04/19 - 12:45:14 | batch update finished 
[SYS] 2025/04/19 - 12:45:19 | batch update started 
[SYS] 2025/04/19 - 12:45:19 | batch update finished 
[SYS] 2025/04/19 - 12:45:24 | batch update started 
[SYS] 2025/04/19 - 12:45:24 | batch update finished 
[SYS] 2025/04/19 - 12:45:29 | 任务进度轮询开始 
[SYS] 2025/04/19 - 12:45:29 | 任务进度轮询完成 
[SYS] 2025/04/19 - 12:45:29 | batch update started 
[SYS] 2025/04/19 - 12:45:29 | batch update finished 
[SYS] 2025/04/19 - 12:45:33 | batch update started 
[SYS] 2025/04/19 - 12:45:33 | batch update finished 
[SYS] 2025/04/19 - 12:45:38 | batch update started 
[SYS] 2025/04/19 - 12:45:38 | batch update finished 
[SYS] 2025/04/19 - 12:45:43 | 任务进度轮询开始 
[SYS] 2025/04/19 - 12:45:43 | 任务进度轮询完成 
[SYS] 2025/04/19 - 12:45:43 | batch update started 
[SYS] 2025/04/19 - 12:45:43 | batch update finished 
[SYS] 2025/04/19 - 12:45:48 | batch update started 
[SYS] 2025/04/19 - 12:45:48 | batch update finished 
[SYS] 2025/04/19 - 12:45:53 | batch update started 
[SYS] 2025/04/19 - 12:45:53 | batch update finished 
[SYS] 2025/04/19 - 12:45:58 | 任务进度轮询开始 
[SYS] 2025/04/19 - 12:45:58 | 任务进度轮询完成 
[SYS] 2025/04/19 - 12:45:58 | batch update started 
[SYS] 2025/04/19 - 12:45:58 | batch update finished 
[SYS] 2025/04/19 - 12:46:02 | batch update started 
[SYS] 2025/04/19 - 12:46:02 | batch update finished 
[SYS] 2025/04/19 - 12:46:07 | batch update started 
[SYS] 2025/04/19 - 12:46:07 | batch update finished 
[SYS] 2025/04/19 - 12:46:11 | syncing options from database 
[SYS] 2025/04/19 - 12:46:12 | syncing channels from database 
[SYS] 2025/04/19 - 12:46:12 | channels synced from database 
[SYS] 2025/04/19 - 12:46:12 | 任务进度轮询开始 
[SYS] 2025/04/19 - 12:46:12 | 任务进度轮询完成 
[SYS] 2025/04/19 - 12:46:12 | batch update started 
[SYS] 2025/04/19 - 12:46:12 | batch update finished 
[SYS] 2025/04/19 - 12:46:17 | batch update started 
[SYS] 2025/04/19 - 12:46:17 | batch update finished 
[SYS] 2025/04/19 - 12:46:22 | batch update started 
[SYS] 2025/04/19 - 12:46:22 | batch update finished 
[SYS] 2025/04/19 - 12:46:27 | 任务进度轮询开始 
[SYS] 2025/04/19 - 12:46:27 | 任务进度轮询完成 
[SYS] 2025/04/19 - 12:46:27 | batch update started 
[SYS] 2025/04/19 - 12:46:27 | batch update finished 
[SYS] 2025/04/19 - 12:46:31 | batch update started 
[SYS] 2025/04/19 - 12:46:31 | batch update finished 
[SYS] 2025/04/19 - 12:46:36 | batch update started 
[SYS] 2025/04/19 - 12:46:36 | batch update finished 
[SYS] 2025/04/19 - 12:46:41 | 任务进度轮询开始 
[SYS] 2025/04/19 - 12:46:41 | 任务进度轮询完成 
[SYS] 2025/04/19 - 12:46:41 | batch update started 
[SYS] 2025/04/19 - 12:46:41 | batch update finished 
[SYS] 2025/04/19 - 12:46:46 | batch update started 
[SYS] 2025/04/19 - 12:46:46 | batch update finished 
[SYS] 2025/04/19 - 12:46:51 | batch update started 
[SYS] 2025/04/19 - 12:46:51 | batch update finished 
[SYS] 2025/04/19 - 12:46:56 | 任务进度轮询开始 
[SYS] 2025/04/19 - 12:46:56 | 任务进度轮询完成 
[SYS] 2025/04/19 - 12:46:56 | batch update started 
[SYS] 2025/04/19 - 12:46:56 | batch update finished 
[SYS] 2025/04/19 - 12:47:01 | batch update started 
[SYS] 2025/04/19 - 12:47:01 | batch update finished 
[SYS] 2025/04/19 - 12:47:04 | batch update started 
[SYS] 2025/04/19 - 12:47:04 | batch update finished 
[SYS] 2025/04/19 - 12:47:09 | syncing options from database 
[SYS] 2025/04/19 - 12:47:09 | syncing channels from database 
[SYS] 2025/04/19 - 12:47:09 | channels synced from database 
[SYS] 2025/04/19 - 12:47:09 | 任务进度轮询开始 
[SYS] 2025/04/19 - 12:47:09 | 任务进度轮询完成 
[SYS] 2025/04/19 - 12:47:09 | batch update started 
[SYS] 2025/04/19 - 12:47:09 | batch update finished 
[SYS] 2025/04/19 - 12:47:14 | batch update started 
[SYS] 2025/04/19 - 12:47:14 | batch update finished 
[SYS] 2025/04/19 - 12:47:19 | batch update started 
[SYS] 2025/04/19 - 12:47:19 | batch update finished 
[SYS] 2025/04/19 - 12:47:24 | 任务进度轮询开始 
[SYS] 2025/04/19 - 12:47:24 | batch update started 
[SYS] 2025/04/19 - 12:47:24 | batch update finished 
[SYS] 2025/04/19 - 12:47:25 | 任务进度轮询完成 
[SYS] 2025/04/19 - 12:47:29 | batch update started 
[SYS] 2025/04/19 - 12:47:29 | batch update finished 
[SYS] 2025/04/19 - 12:47:33 | batch update started 
[SYS] 2025/04/19 - 12:47:33 | batch update finished 
[SYS] 2025/04/19 - 12:47:38 | batch update started 
[SYS] 2025/04/19 - 12:47:38 | batch update finished 
[SYS] 2025/04/19 - 12:47:38 | 任务进度轮询开始 
[SYS] 2025/04/19 - 12:47:38 | 任务进度轮询完成 
[SYS] 2025/04/19 - 12:47:43 | batch update started 
[SYS] 2025/04/19 - 12:47:43 | batch update finished 
[SYS] 2025/04/19 - 12:47:48 | batch update started 
[SYS] 2025/04/19 - 12:47:48 | batch update finished 
[SYS] 2025/04/19 - 12:47:53 | batch update started 
[SYS] 2025/04/19 - 12:47:53 | batch update finished 
[SYS] 2025/04/19 - 12:47:53 | 任务进度轮询开始 
[SYS] 2025/04/19 - 12:47:53 | 任务进度轮询完成 
[SYS] 2025/04/19 - 12:47:58 | batch update started 
[SYS] 2025/04/19 - 12:47:58 | batch update finished 
[SYS] 2025/04/19 - 12:48:03 | batch update started 
[SYS] 2025/04/19 - 12:48:03 | batch update finished 
[SYS] 2025/04/19 - 12:48:06 | syncing options from database 
[SYS] 2025/04/19 - 12:48:07 | syncing channels from database 
[SYS] 2025/04/19 - 12:48:07 | channels synced from database 
[SYS] 2025/04/19 - 12:48:07 | batch update started 
[SYS] 2025/04/19 - 12:48:07 | batch update finished 
[SYS] 2025/04/19 - 12:48:07 | 任务进度轮询开始 
[SYS] 2025/04/19 - 12:48:07 | 任务进度轮询完成 
[SYS] 2025/04/19 - 12:48:12 | batch update started 
[SYS] 2025/04/19 - 12:48:12 | batch update finished 
[SYS] 2025/04/19 - 12:48:17 | batch update started 
[SYS] 2025/04/19 - 12:48:17 | batch update finished 
[SYS] 2025/04/19 - 12:48:22 | batch update started 
[SYS] 2025/04/19 - 12:48:22 | batch update finished 
[SYS] 2025/04/19 - 12:48:22 | 任务进度轮询开始 
[SYS] 2025/04/19 - 12:48:22 | 任务进度轮询完成 
[SYS] 2025/04/19 - 12:48:27 | batch update started 
[SYS] 2025/04/19 - 12:48:27 | batch update finished 
[SYS] 2025/04/19 - 12:48:32 | batch update started 
[SYS] 2025/04/19 - 12:48:32 | batch update finished 
[SYS] 2025/04/19 - 12:48:36 | batch update started 
[SYS] 2025/04/19 - 12:48:36 | batch update finished 
[SYS] 2025/04/19 - 12:48:36 | 任务进度轮询开始 
[SYS] 2025/04/19 - 12:48:36 | 任务进度轮询完成 
[SYS] 2025/04/19 - 12:48:41 | batch update started 
[SYS] 2025/04/19 - 12:48:41 | batch update finished 
[SYS] 2025/04/19 - 12:48:46 | batch update started 
[SYS] 2025/04/19 - 12:48:46 | batch update finished 
[SYS] 2025/04/19 - 12:48:51 | batch update started 
[SYS] 2025/04/19 - 12:48:51 | batch update finished 
[SYS] 2025/04/19 - 12:48:51 | 任务进度轮询开始 
[SYS] 2025/04/19 - 12:48:51 | 任务进度轮询完成 
[SYS] 2025/04/19 - 12:48:56 | batch update started 
[SYS] 2025/04/19 - 12:48:56 | batch update finished 
[SYS] 2025/04/19 - 12:49:01 | batch update started 
[SYS] 2025/04/19 - 12:49:01 | batch update finished 
[SYS] 2025/04/19 - 12:49:05 | syncing options from database 
[SYS] 2025/04/19 - 12:49:05 | syncing channels from database 
[SYS] 2025/04/19 - 12:49:05 | channels synced from database 
[SYS] 2025/04/19 - 12:49:06 | batch update started 
[SYS] 2025/04/19 - 12:49:06 | batch update finished 
[SYS] 2025/04/19 - 12:49:06 | 任务进度轮询开始 
[SYS] 2025/04/19 - 12:49:06 | 任务进度轮询完成 
[SYS] 2025/04/19 - 12:49:10 | batch update started 
[SYS] 2025/04/19 - 12:49:10 | batch update finished 
[SYS] 2025/04/19 - 12:49:15 | batch update started 
[SYS] 2025/04/19 - 12:49:15 | batch update finished 
[SYS] 2025/04/19 - 12:49:20 | batch update started 
[SYS] 2025/04/19 - 12:49:20 | batch update finished 
[SYS] 2025/04/19 - 12:49:20 | 任务进度轮询开始 
[SYS] 2025/04/19 - 12:49:20 | 任务进度轮询完成 
[SYS] 2025/04/19 - 12:49:25 | batch update started 
[SYS] 2025/04/19 - 12:49:25 | batch update finished 
[SYS] 2025/04/19 - 12:49:30 | batch update started 
[SYS] 2025/04/19 - 12:49:30 | batch update finished 
[SYS] 2025/04/19 - 12:49:35 | batch update started 
[SYS] 2025/04/19 - 12:49:35 | batch update finished 
[SYS] 2025/04/19 - 12:49:35 | 任务进度轮询开始 
[SYS] 2025/04/19 - 12:49:35 | 任务进度轮询完成 
[SYS] 2025/04/19 - 12:49:38 | batch update started 
[SYS] 2025/04/19 - 12:49:38 | batch update finished 
[SYS] 2025/04/19 - 12:49:43 | batch update started 
[SYS] 2025/04/19 - 12:49:43 | batch update finished 
[SYS] 2025/04/19 - 12:49:48 | batch update started 
[SYS] 2025/04/19 - 12:49:48 | batch update finished 
[SYS] 2025/04/19 - 12:49:48 | 任务进度轮询开始 
[SYS] 2025/04/19 - 12:49:48 | 任务进度轮询完成 
[SYS] 2025/04/19 - 12:49:53 | batch update started 
[SYS] 2025/04/19 - 12:49:53 | batch update finished 
[SYS] 2025/04/19 - 12:49:58 | batch update started 
[SYS] 2025/04/19 - 12:49:58 | batch update finished 
[SYS] 2025/04/19 - 12:50:02 | updating all channels 
[SYS] 2025/04/19 - 12:50:02 | channels update done 
[SYS] 2025/04/19 - 12:50:02 | 正在更新数据看板数据... 
[SYS] 2025/04/19 - 12:50:02 | testing all channels 
[SYS] 2025/04/19 - 12:50:02 | 保存数据看板数据成功，共保存0条数据 
[SYS] 2025/04/19 - 12:50:02 | channel test finished 
[SYS] 2025/04/19 - 12:50:03 | syncing options from database 
[SYS] 2025/04/19 - 12:50:03 | syncing channels from database 
[SYS] 2025/04/19 - 12:50:03 | channels synced from database 
[SYS] 2025/04/19 - 12:50:03 | batch update started 
[SYS] 2025/04/19 - 12:50:03 | batch update finished 
[SYS] 2025/04/19 - 12:50:03 | 任务进度轮询开始 
[SYS] 2025/04/19 - 12:50:03 | 任务进度轮询完成 
[SYS] 2025/04/19 - 12:50:08 | batch update started 
[SYS] 2025/04/19 - 12:50:08 | batch update finished 
[SYS] 2025/04/19 - 12:50:12 | batch update started 
[SYS] 2025/04/19 - 12:50:12 | batch update finished 
[SYS] 2025/04/19 - 12:50:17 | batch update started 
[SYS] 2025/04/19 - 12:50:17 | batch update finished 
[SYS] 2025/04/19 - 12:50:17 | 任务进度轮询开始 
[SYS] 2025/04/19 - 12:50:17 | 任务进度轮询完成 
[SYS] 2025/04/19 - 12:50:22 | batch update started 
[SYS] 2025/04/19 - 12:50:22 | batch update finished 
[SYS] 2025/04/19 - 12:50:27 | batch update started 
[SYS] 2025/04/19 - 12:50:27 | batch update finished 
[SYS] 2025/04/19 - 12:50:32 | batch update started 
[SYS] 2025/04/19 - 12:50:32 | batch update finished 
[SYS] 2025/04/19 - 12:50:32 | 任务进度轮询开始 
[SYS] 2025/04/19 - 12:50:32 | 任务进度轮询完成 
[SYS] 2025/04/19 - 12:50:37 | batch update started 
[SYS] 2025/04/19 - 12:50:37 | batch update finished 
[SYS] 2025/04/19 - 12:50:41 | batch update started 
[SYS] 2025/04/19 - 12:50:41 | batch update finished 
[SYS] 2025/04/19 - 12:50:46 | batch update started 
[SYS] 2025/04/19 - 12:50:46 | batch update finished 
[SYS] 2025/04/19 - 12:50:46 | 任务进度轮询开始 
[SYS] 2025/04/19 - 12:50:46 | 任务进度轮询完成 
[SYS] 2025/04/19 - 12:50:51 | batch update started 
[SYS] 2025/04/19 - 12:50:51 | batch update finished 
[SYS] 2025/04/19 - 12:50:56 | batch update started 
[SYS] 2025/04/19 - 12:50:56 | batch update finished 
[SYS] 2025/04/19 - 12:51:00 | syncing options from database 
[SYS] 2025/04/19 - 12:51:00 | syncing channels from database 
[SYS] 2025/04/19 - 12:51:00 | channels synced from database 
[SYS] 2025/04/19 - 12:51:01 | batch update started 
[SYS] 2025/04/19 - 12:51:01 | batch update finished 
[SYS] 2025/04/19 - 12:51:01 | 任务进度轮询开始 
[SYS] 2025/04/19 - 12:51:01 | 任务进度轮询完成 
[SYS] 2025/04/19 - 12:51:06 | batch update started 
[SYS] 2025/04/19 - 12:51:06 | batch update finished 
[SYS] 2025/04/19 - 12:51:10 | batch update started 
[SYS] 2025/04/19 - 12:51:10 | batch update finished 
[SYS] 2025/04/19 - 12:51:15 | batch update started 
[SYS] 2025/04/19 - 12:51:15 | batch update finished 
[SYS] 2025/04/19 - 12:51:15 | 任务进度轮询开始 
[SYS] 2025/04/19 - 12:51:15 | 任务进度轮询完成 
[SYS] 2025/04/19 - 12:51:20 | batch update started 
[SYS] 2025/04/19 - 12:51:20 | batch update finished 
[SYS] 2025/04/19 - 12:51:25 | batch update started 
[SYS] 2025/04/19 - 12:51:25 | batch update finished 
[SYS] 2025/04/19 - 12:51:30 | batch update started 
[SYS] 2025/04/19 - 12:51:30 | batch update finished 
[SYS] 2025/04/19 - 12:51:30 | 任务进度轮询开始 
[SYS] 2025/04/19 - 12:51:30 | 任务进度轮询完成 
[SYS] 2025/04/19 - 12:51:35 | batch update started 
[SYS] 2025/04/19 - 12:51:35 | batch update finished 
[SYS] 2025/04/19 - 12:51:40 | batch update started 
[SYS] 2025/04/19 - 12:51:40 | batch update finished 
[SYS] 2025/04/19 - 12:51:43 | batch update started 
[SYS] 2025/04/19 - 12:51:43 | batch update finished 
[SYS] 2025/04/19 - 12:51:44 | 任务进度轮询开始 
[SYS] 2025/04/19 - 12:51:44 | 任务进度轮询完成 
[SYS] 2025/04/19 - 12:51:48 | batch update started 
[SYS] 2025/04/19 - 12:51:48 | batch update finished 
[SYS] 2025/04/19 - 12:51:53 | batch update started 
[SYS] 2025/04/19 - 12:51:53 | batch update finished 
[SYS] 2025/04/19 - 12:51:58 | syncing options from database 
[SYS] 2025/04/19 - 12:51:58 | syncing channels from database 
[SYS] 2025/04/19 - 12:51:58 | channels synced from database 
[SYS] 2025/04/19 - 12:51:59 | batch update started 
[SYS] 2025/04/19 - 12:51:59 | batch update finished 
[SYS] 2025/04/19 - 12:51:59 | 任务进度轮询开始 
[SYS] 2025/04/19 - 12:51:59 | 任务进度轮询完成 
[SYS] 2025/04/19 - 12:52:04 | batch update started 
[SYS] 2025/04/19 - 12:52:04 | batch update finished 
[SYS] 2025/04/19 - 12:52:09 | batch update started 
[SYS] 2025/04/19 - 12:52:09 | batch update finished 
[SYS] 2025/04/19 - 12:52:12 | batch update started 
[SYS] 2025/04/19 - 12:52:12 | batch update finished 
[SYS] 2025/04/19 - 12:52:12 | 任务进度轮询开始 
[SYS] 2025/04/19 - 12:52:12 | 任务进度轮询完成 
[SYS] 2025/04/19 - 12:52:17 | batch update started 
[SYS] 2025/04/19 - 12:52:17 | batch update finished 
[SYS] 2025/04/19 - 12:52:22 | batch update started 
[SYS] 2025/04/19 - 12:52:22 | batch update finished 
[SYS] 2025/04/19 - 12:52:27 | batch update started 
[SYS] 2025/04/19 - 12:52:27 | batch update finished 
[SYS] 2025/04/19 - 12:52:27 | 任务进度轮询开始 
[SYS] 2025/04/19 - 12:52:27 | 任务进度轮询完成 
[SYS] 2025/04/19 - 12:52:32 | batch update started 
[SYS] 2025/04/19 - 12:52:32 | batch update finished 
[SYS] 2025/04/19 - 12:52:37 | batch update started 
[SYS] 2025/04/19 - 12:52:37 | batch update finished 
[SYS] 2025/04/19 - 12:52:42 | 任务进度轮询开始 
[SYS] 2025/04/19 - 12:52:42 | batch update started 
[SYS] 2025/04/19 - 12:52:42 | batch update finished 
[SYS] 2025/04/19 - 12:52:42 | 任务进度轮询完成 
[SYS] 2025/04/19 - 12:52:46 | batch update started 
[SYS] 2025/04/19 - 12:52:46 | batch update finished 
[SYS] 2025/04/19 - 12:52:51 | batch update started 
[SYS] 2025/04/19 - 12:52:51 | batch update finished 
[SYS] 2025/04/19 - 12:52:55 | syncing options from database 
[SYS] 2025/04/19 - 12:52:55 | syncing channels from database 
[SYS] 2025/04/19 - 12:52:55 | channels synced from database 
[SYS] 2025/04/19 - 12:52:56 | 任务进度轮询开始 
[SYS] 2025/04/19 - 12:52:56 | 任务进度轮询完成 
[SYS] 2025/04/19 - 12:52:56 | batch update started 
[SYS] 2025/04/19 - 12:52:56 | batch update finished 
[SYS] 2025/04/19 - 12:53:01 | batch update started 
[SYS] 2025/04/19 - 12:53:01 | batch update finished 
[SYS] 2025/04/19 - 12:53:06 | batch update started 
[SYS] 2025/04/19 - 12:53:06 | batch update finished 
[SYS] 2025/04/19 - 12:53:11 | 任务进度轮询开始 
[SYS] 2025/04/19 - 12:53:11 | 任务进度轮询完成 
[SYS] 2025/04/19 - 12:53:11 | batch update started 
[SYS] 2025/04/19 - 12:53:11 | batch update finished 
[SYS] 2025/04/19 - 12:53:15 | batch update started 
[SYS] 2025/04/19 - 12:53:15 | batch update finished 
[SYS] 2025/04/19 - 12:53:20 | batch update started 
[SYS] 2025/04/19 - 12:53:20 | batch update finished 
[SYS] 2025/04/19 - 12:53:25 | 任务进度轮询开始 
[SYS] 2025/04/19 - 12:53:25 | 任务进度轮询完成 
[SYS] 2025/04/19 - 12:53:25 | batch update started 
[SYS] 2025/04/19 - 12:53:25 | batch update finished 
[SYS] 2025/04/19 - 12:53:30 | batch update started 
[SYS] 2025/04/19 - 12:53:30 | batch update finished 
[SYS] 2025/04/19 - 12:53:35 | batch update started 
[SYS] 2025/04/19 - 12:53:35 | batch update finished 
[SYS] 2025/04/19 - 12:53:40 | 任务进度轮询开始 
[SYS] 2025/04/19 - 12:53:40 | 任务进度轮询完成 
[SYS] 2025/04/19 - 12:53:40 | batch update started 
[SYS] 2025/04/19 - 12:53:40 | batch update finished 
[SYS] 2025/04/19 - 12:53:45 | batch update started 
[SYS] 2025/04/19 - 12:53:45 | batch update finished 
[SYS] 2025/04/19 - 12:53:49 | batch update started 
[SYS] 2025/04/19 - 12:53:49 | batch update finished 
[SYS] 2025/04/19 - 12:53:53 | syncing options from database 
[SYS] 2025/04/19 - 12:53:53 | syncing channels from database 
[SYS] 2025/04/19 - 12:53:53 | channels synced from database 
[SYS] 2025/04/19 - 12:53:54 | 任务进度轮询开始 
[SYS] 2025/04/19 - 12:53:54 | 任务进度轮询完成 
[SYS] 2025/04/19 - 12:53:54 | batch update started 
[SYS] 2025/04/19 - 12:53:54 | batch update finished 
[SYS] 2025/04/19 - 12:53:59 | batch update started 
[SYS] 2025/04/19 - 12:53:59 | batch update finished 
[SYS] 2025/04/19 - 12:54:04 | batch update started 
[SYS] 2025/04/19 - 12:54:04 | batch update finished 
[SYS] 2025/04/19 - 12:54:09 | 任务进度轮询开始 
[SYS] 2025/04/19 - 12:54:09 | 任务进度轮询完成 
[SYS] 2025/04/19 - 12:54:09 | batch update started 
[SYS] 2025/04/19 - 12:54:09 | batch update finished 
[SYS] 2025/04/19 - 12:54:14 | batch update started 
[SYS] 2025/04/19 - 12:54:14 | batch update finished 
[SYS] 2025/04/19 - 12:54:17 | batch update started 
[SYS] 2025/04/19 - 12:54:17 | batch update finished 
[SYS] 2025/04/19 - 12:54:22 | 任务进度轮询开始 
[SYS] 2025/04/19 - 12:54:22 | 任务进度轮询完成 
[SYS] 2025/04/19 - 12:54:22 | batch update started 
[SYS] 2025/04/19 - 12:54:22 | batch update finished 
[SYS] 2025/04/19 - 12:54:27 | batch update started 
[SYS] 2025/04/19 - 12:54:27 | batch update finished 
[SYS] 2025/04/19 - 12:54:32 | batch update started 
[SYS] 2025/04/19 - 12:54:32 | batch update finished 
[SYS] 2025/04/19 - 12:54:37 | 任务进度轮询开始 
[SYS] 2025/04/19 - 12:54:37 | 任务进度轮询完成 
[SYS] 2025/04/19 - 12:54:37 | batch update started 
[SYS] 2025/04/19 - 12:54:37 | batch update finished 
[SYS] 2025/04/19 - 12:54:42 | batch update started 
[SYS] 2025/04/19 - 12:54:42 | batch update finished 
[SYS] 2025/04/19 - 12:54:47 | batch update started 
[SYS] 2025/04/19 - 12:54:47 | batch update finished 
[SYS] 2025/04/19 - 12:54:50 | 正在更新数据看板数据... 
[SYS] 2025/04/19 - 12:54:50 | 保存数据看板数据成功，共保存0条数据 
[SYS] 2025/04/19 - 12:54:50 | syncing options from database 
[SYS] 2025/04/19 - 12:54:51 | syncing channels from database 
[SYS] 2025/04/19 - 12:54:51 | channels synced from database 
[SYS] 2025/04/19 - 12:54:51 | 任务进度轮询开始 
[SYS] 2025/04/19 - 12:54:51 | 任务进度轮询完成 
[SYS] 2025/04/19 - 12:54:51 | batch update started 
[SYS] 2025/04/19 - 12:54:51 | batch update finished 
[SYS] 2025/04/19 - 12:54:56 | batch update started 
[SYS] 2025/04/19 - 12:54:56 | batch update finished 
[SYS] 2025/04/19 - 12:55:01 | batch update started 
[SYS] 2025/04/19 - 12:55:01 | batch update finished 
[SYS] 2025/04/19 - 12:55:06 | 任务进度轮询开始 
[SYS] 2025/04/19 - 12:55:06 | 任务进度轮询完成 
[SYS] 2025/04/19 - 12:55:06 | batch update started 
[SYS] 2025/04/19 - 12:55:06 | batch update finished 
[SYS] 2025/04/19 - 12:55:11 | batch update started 
[SYS] 2025/04/19 - 12:55:11 | batch update finished 
[SYS] 2025/04/19 - 12:55:16 | batch update started 
[SYS] 2025/04/19 - 12:55:16 | batch update finished 
[SYS] 2025/04/19 - 12:55:20 | 任务进度轮询开始 
[SYS] 2025/04/19 - 12:55:20 | 任务进度轮询完成 
[SYS] 2025/04/19 - 12:55:20 | batch update started 
[SYS] 2025/04/19 - 12:55:20 | batch update finished 
[SYS] 2025/04/19 - 12:55:25 | batch update started 
[SYS] 2025/04/19 - 12:55:25 | batch update finished 
[SYS] 2025/04/19 - 12:55:30 | batch update started 
[SYS] 2025/04/19 - 12:55:30 | batch update finished 
[SYS] 2025/04/19 - 12:55:35 | 任务进度轮询开始 
[SYS] 2025/04/19 - 12:55:35 | 任务进度轮询完成 
[SYS] 2025/04/19 - 12:55:35 | batch update started 
[SYS] 2025/04/19 - 12:55:35 | batch update finished 
[SYS] 2025/04/19 - 12:55:40 | batch update started 
[SYS] 2025/04/19 - 12:55:40 | batch update finished 
[SYS] 2025/04/19 - 12:55:45 | batch update started 
[SYS] 2025/04/19 - 12:55:45 | batch update finished 
[SYS] 2025/04/19 - 12:55:49 | syncing options from database 
[SYS] 2025/04/19 - 12:55:49 | syncing channels from database 
[SYS] 2025/04/19 - 12:55:49 | channels synced from database 
[SYS] 2025/04/19 - 12:55:49 | 任务进度轮询开始 
[SYS] 2025/04/19 - 12:55:49 | 任务进度轮询完成 
[SYS] 2025/04/19 - 12:55:49 | batch update started 
[SYS] 2025/04/19 - 12:55:49 | batch update finished 
[SYS] 2025/04/19 - 12:55:54 | batch update started 
[SYS] 2025/04/19 - 12:55:54 | batch update finished 
[SYS] 2025/04/19 - 12:55:59 | batch update started 
[SYS] 2025/04/19 - 12:55:59 | batch update finished 
[SYS] 2025/04/19 - 12:56:04 | 任务进度轮询开始 
[SYS] 2025/04/19 - 12:56:04 | 任务进度轮询完成 
[SYS] 2025/04/19 - 12:56:04 | batch update started 
[SYS] 2025/04/19 - 12:56:04 | batch update finished 
[SYS] 2025/04/19 - 12:56:09 | batch update started 
[SYS] 2025/04/19 - 12:56:09 | batch update finished 
[SYS] 2025/04/19 - 12:56:14 | batch update started 
[SYS] 2025/04/19 - 12:56:14 | batch update finished 
[SYS] 2025/04/19 - 12:56:19 | 任务进度轮询开始 
[SYS] 2025/04/19 - 12:56:19 | 任务进度轮询完成 
[SYS] 2025/04/19 - 12:56:19 | batch update started 
[SYS] 2025/04/19 - 12:56:19 | batch update finished 
[SYS] 2025/04/19 - 12:56:22 | batch update started 
[SYS] 2025/04/19 - 12:56:22 | batch update finished 
[SYS] 2025/04/19 - 12:56:27 | batch update started 
[SYS] 2025/04/19 - 12:56:27 | batch update finished 
[SYS] 2025/04/19 - 12:56:32 | 任务进度轮询开始 
[SYS] 2025/04/19 - 12:56:32 | 任务进度轮询完成 
[SYS] 2025/04/19 - 12:56:32 | batch update started 
[SYS] 2025/04/19 - 12:56:32 | batch update finished 
[SYS] 2025/04/19 - 12:56:37 | batch update started 
[SYS] 2025/04/19 - 12:56:37 | batch update finished 
[SYS] 2025/04/19 - 12:56:42 | batch update started 
[SYS] 2025/04/19 - 12:56:42 | batch update finished 
[SYS] 2025/04/19 - 12:56:46 | syncing options from database 
[SYS] 2025/04/19 - 12:56:47 | syncing channels from database 
[SYS] 2025/04/19 - 12:56:47 | channels synced from database 
[SYS] 2025/04/19 - 12:56:47 | 任务进度轮询开始 
[SYS] 2025/04/19 - 12:56:47 | 任务进度轮询完成 
[SYS] 2025/04/19 - 12:56:47 | batch update started 
[SYS] 2025/04/19 - 12:56:47 | batch update finished 
[SYS] 2025/04/19 - 12:56:51 | batch update started 
[SYS] 2025/04/19 - 12:56:51 | batch update finished 
[SYS] 2025/04/19 - 12:56:56 | batch update started 
[SYS] 2025/04/19 - 12:56:56 | batch update finished 
[SYS] 2025/04/19 - 12:57:01 | 任务进度轮询开始 
[SYS] 2025/04/19 - 12:57:01 | 任务进度轮询完成 
[SYS] 2025/04/19 - 12:57:01 | batch update started 
[SYS] 2025/04/19 - 12:57:01 | batch update finished 
[SYS] 2025/04/19 - 12:57:06 | batch update started 
[SYS] 2025/04/19 - 12:57:06 | batch update finished 
[SYS] 2025/04/19 - 12:57:11 | batch update started 
[SYS] 2025/04/19 - 12:57:11 | batch update finished 
[SYS] 2025/04/19 - 12:57:16 | 任务进度轮询开始 
[SYS] 2025/04/19 - 12:57:16 | 任务进度轮询完成 
[SYS] 2025/04/19 - 12:57:16 | batch update started 
[SYS] 2025/04/19 - 12:57:16 | batch update finished 
[SYS] 2025/04/19 - 12:57:21 | batch update started 
[SYS] 2025/04/19 - 12:57:21 | batch update finished 
[SYS] 2025/04/19 - 12:57:25 | batch update started 
[SYS] 2025/04/19 - 12:57:25 | batch update finished 
[SYS] 2025/04/19 - 12:57:30 | 任务进度轮询开始 
[SYS] 2025/04/19 - 12:57:30 | 任务进度轮询完成 
[SYS] 2025/04/19 - 12:57:30 | batch update started 
[SYS] 2025/04/19 - 12:57:30 | batch update finished 
[SYS] 2025/04/19 - 12:57:35 | batch update started 
[SYS] 2025/04/19 - 12:57:35 | batch update finished 
[SYS] 2025/04/19 - 12:57:40 | batch update started 
[SYS] 2025/04/19 - 12:57:40 | batch update finished 
[SYS] 2025/04/19 - 12:57:44 | syncing options from database 
[SYS] 2025/04/19 - 12:57:44 | syncing channels from database 
[SYS] 2025/04/19 - 12:57:44 | channels synced from database 
[SYS] 2025/04/19 - 12:57:45 | 任务进度轮询开始 
[SYS] 2025/04/19 - 12:57:45 | 任务进度轮询完成 
[SYS] 2025/04/19 - 12:57:45 | batch update started 
[SYS] 2025/04/19 - 12:57:45 | batch update finished 
[SYS] 2025/04/19 - 12:57:50 | batch update started 
[SYS] 2025/04/19 - 12:57:50 | batch update finished 
[SYS] 2025/04/19 - 12:57:54 | batch update started 
[SYS] 2025/04/19 - 12:57:54 | batch update finished 
[SYS] 2025/04/19 - 12:57:59 | 任务进度轮询开始 
[SYS] 2025/04/19 - 12:57:59 | 任务进度轮询完成 
[SYS] 2025/04/19 - 12:57:59 | batch update started 
[SYS] 2025/04/19 - 12:57:59 | batch update finished 
[SYS] 2025/04/19 - 12:58:04 | batch update started 
[SYS] 2025/04/19 - 12:58:04 | batch update finished 
[SYS] 2025/04/19 - 12:58:09 | batch update started 
[SYS] 2025/04/19 - 12:58:09 | batch update finished 
[SYS] 2025/04/19 - 12:58:14 | 任务进度轮询开始 
[SYS] 2025/04/19 - 12:58:14 | 任务进度轮询完成 
[SYS] 2025/04/19 - 12:58:14 | batch update started 
[SYS] 2025/04/19 - 12:58:14 | batch update finished 
[SYS] 2025/04/19 - 12:58:19 | batch update started 
[SYS] 2025/04/19 - 12:58:19 | batch update finished 
[SYS] 2025/04/19 - 12:58:24 | batch update started 
[SYS] 2025/04/19 - 12:58:24 | batch update finished 
[SYS] 2025/04/19 - 12:58:27 | 任务进度轮询开始 
[SYS] 2025/04/19 - 12:58:27 | 任务进度轮询完成 
[SYS] 2025/04/19 - 12:58:28 | batch update started 
[SYS] 2025/04/19 - 12:58:28 | batch update finished 
[SYS] 2025/04/19 - 12:58:33 | batch update started 
[SYS] 2025/04/19 - 12:58:33 | batch update finished 
[SYS] 2025/04/19 - 12:58:38 | batch update started 
[SYS] 2025/04/19 - 12:58:38 | batch update finished 
[SYS] 2025/04/19 - 12:58:42 | syncing options from database 
[SYS] 2025/04/19 - 12:58:42 | syncing channels from database 
[SYS] 2025/04/19 - 12:58:42 | channels synced from database 
[SYS] 2025/04/19 - 12:58:42 | 任务进度轮询开始 
[SYS] 2025/04/19 - 12:58:42 | 任务进度轮询完成 
[SYS] 2025/04/19 - 12:58:43 | batch update started 
[SYS] 2025/04/19 - 12:58:43 | batch update finished 
[SYS] 2025/04/19 - 12:58:48 | batch update started 
[SYS] 2025/04/19 - 12:58:48 | batch update finished 
[SYS] 2025/04/19 - 12:58:53 | batch update started 
[SYS] 2025/04/19 - 12:58:53 | batch update finished 
[SYS] 2025/04/19 - 12:58:56 | 任务进度轮询开始 
[SYS] 2025/04/19 - 12:58:56 | 任务进度轮询完成 
[SYS] 2025/04/19 - 12:58:56 | batch update started 
[SYS] 2025/04/19 - 12:58:56 | batch update finished 
[SYS] 2025/04/19 - 12:59:01 | batch update started 
[SYS] 2025/04/19 - 12:59:01 | batch update finished 
[SYS] 2025/04/19 - 12:59:06 | batch update started 
[SYS] 2025/04/19 - 12:59:06 | batch update finished 
[SYS] 2025/04/19 - 12:59:11 | 任务进度轮询开始 
[SYS] 2025/04/19 - 12:59:11 | 任务进度轮询完成 
[SYS] 2025/04/19 - 12:59:11 | batch update started 
[SYS] 2025/04/19 - 12:59:11 | batch update finished 
[SYS] 2025/04/19 - 12:59:16 | batch update started 
[SYS] 2025/04/19 - 12:59:16 | batch update finished 
[SYS] 2025/04/19 - 12:59:21 | batch update started 
[SYS] 2025/04/19 - 12:59:21 | batch update finished 
[SYS] 2025/04/19 - 12:59:26 | 任务进度轮询开始 
[SYS] 2025/04/19 - 12:59:26 | 任务进度轮询完成 
[SYS] 2025/04/19 - 12:59:26 | batch update started 
[SYS] 2025/04/19 - 12:59:26 | batch update finished 
[SYS] 2025/04/19 - 12:59:30 | batch update started 
[SYS] 2025/04/19 - 12:59:30 | batch update finished 
[SYS] 2025/04/19 - 12:59:35 | batch update started 
[SYS] 2025/04/19 - 12:59:35 | batch update finished 
[SYS] 2025/04/19 - 12:59:39 | testing all channels 
[SYS] 2025/04/19 - 12:59:39 | 正在更新数据看板数据... 
[SYS] 2025/04/19 - 12:59:39 | 保存数据看板数据成功，共保存0条数据 
[SYS] 2025/04/19 - 12:59:39 | channel test finished 
[SYS] 2025/04/19 - 12:59:39 | syncing options from database 
[SYS] 2025/04/19 - 12:59:39 | syncing channels from database 
[SYS] 2025/04/19 - 12:59:39 | channels synced from database 
[SYS] 2025/04/19 - 12:59:40 | 任务进度轮询开始 
[SYS] 2025/04/19 - 12:59:40 | 任务进度轮询完成 
[SYS] 2025/04/19 - 12:59:40 | batch update started 
[SYS] 2025/04/19 - 12:59:40 | batch update finished 
[SYS] 2025/04/19 - 12:59:45 | batch update started 
[SYS] 2025/04/19 - 12:59:45 | batch update finished 
[SYS] 2025/04/19 - 12:59:50 | batch update started 
[SYS] 2025/04/19 - 12:59:50 | batch update finished 
[SYS] 2025/04/19 - 12:59:55 | 任务进度轮询开始 
[SYS] 2025/04/19 - 12:59:55 | 任务进度轮询完成 
[SYS] 2025/04/19 - 12:59:55 | batch update started 
[SYS] 2025/04/19 - 12:59:55 | batch update finished 
[SYS] 2025/04/19 - 12:59:59 | batch update started 
[SYS] 2025/04/19 - 12:59:59 | batch update finished 
[SYS] 2025/04/19 - 13:00:04 | batch update started 
[SYS] 2025/04/19 - 13:00:04 | batch update finished 
[SYS] 2025/04/19 - 13:00:09 | 任务进度轮询开始 
[SYS] 2025/04/19 - 13:00:09 | 任务进度轮询完成 
[SYS] 2025/04/19 - 13:00:09 | batch update started 
[SYS] 2025/04/19 - 13:00:09 | batch update finished 
[SYS] 2025/04/19 - 13:00:14 | batch update started 
[SYS] 2025/04/19 - 13:00:14 | batch update finished 
[SYS] 2025/04/19 - 13:00:19 | batch update started 
[SYS] 2025/04/19 - 13:00:19 | batch update finished 
[SYS] 2025/04/19 - 13:00:24 | 任务进度轮询开始 
[SYS] 2025/04/19 - 13:00:24 | 任务进度轮询完成 
[SYS] 2025/04/19 - 13:00:24 | batch update started 
[SYS] 2025/04/19 - 13:00:24 | batch update finished 
[SYS] 2025/04/19 - 13:00:28 | batch update started 
[SYS] 2025/04/19 - 13:00:28 | batch update finished 
[SYS] 2025/04/19 - 13:00:33 | batch update started 
[SYS] 2025/04/19 - 13:00:33 | batch update finished 
