[SYS] 2025/04/22 - 05:55:06 | New API v0.6.6.2 started 
[SYS] 2025/04/22 - 05:55:06 | using MySQL as database 
[SYS] 2025/04/22 - 05:55:06 | database migration started 
[SYS] 2025/04/22 - 05:55:09 | database migrated 
[SYS] 2025/04/22 - 05:55:09 | system is not initialized and no root user exists 
[SYS] 2025/04/22 - 05:55:09 | SYNC_FREQUENCY not set, use default value 60 
[SYS] 2025/04/22 - 05:55:09 | Redis is enabled 
[SYS] 2025/04/22 - 05:55:09 | memory cache enabled 
[SYS] 2025/04/22 - 05:55:09 | sync frequency: 60 seconds 
[SYS] 2025/04/22 - 05:55:09 | channels synced from database 
[SYS] 2025/04/22 - 05:55:09 | 正在更新数据看板数据... 
[SYS] 2025/04/22 - 05:55:09 | 保存数据看板数据成功，共保存0条数据 
[SYS] 2025/04/22 - 05:55:09 | initializing token encoders 
[SYS] 2025/04/22 - 05:55:19 | token encoders initialized 
[SYS] 2025/04/22 - 05:55:22 | 任务进度轮询开始 
[SYS] 2025/04/22 - 05:55:22 | 任务进度轮询完成 
[GIN] 2025/04/22 - 05:55:33 | 20250422055533810107748k1kSKPnA | 200 |      8.6999ms |      172.18.0.1 |     GET /setting?tab=system
[GIN] 2025/04/22 - 05:55:34 | 20250422055534434402408lETXqrx1 | 200 |     1.15412ms |             ::1 |     GET /api/status
[GIN] 2025/04/22 - 05:55:35 | 2025042205553541115180821UaQbbl | 200 |    11.86702ms |      172.18.0.1 |     GET /api/status
[GIN] 2025/04/22 - 05:55:35 | 20250422055535624372838LKBvROeP | 200 |     2.24752ms |      172.18.0.1 |     GET /setup
[GIN] 2025/04/22 - 05:55:35 | 202504220555355392177683XXU75u1 | 401 |   238.01921ms |      172.18.0.1 |     GET /api/option/
[GIN] 2025/04/22 - 05:55:36 | 20250422055536576095808qflT63jM | 200 |     5.22071ms |      172.18.0.1 |     GET /api/setup
[GIN] 2025/04/22 - 05:55:36 | 2025042205553659305120817hQLSaB | 200 |     1.71314ms |      172.18.0.1 |     GET /api/status
[SYS] 2025/04/22 - 05:55:37 | 任务进度轮询开始 
[SYS] 2025/04/22 - 05:55:37 | 任务进度轮询完成 
[SYS] 2025/04/22 - 05:55:49 | 任务进度轮询开始 
[SYS] 2025/04/22 - 05:55:49 | 任务进度轮询完成 
[GIN] 2025/04/22 - 05:56:01 | 20250422055601920468739jGmJ0aiN | 200 |    1.822701ms |             ::1 |     GET /api/status
[SYS] 2025/04/22 - 05:56:04 | syncing options from database 
[SYS] 2025/04/22 - 05:56:04 | syncing channels from database 
[SYS] 2025/04/22 - 05:56:04 | channels synced from database 
[SYS] 2025/04/22 - 05:56:04 | 任务进度轮询开始 
[SYS] 2025/04/22 - 05:56:04 | 任务进度轮询完成 
[SYS] 2025/04/22 - 05:56:17 | 任务进度轮询开始 
[SYS] 2025/04/22 - 05:56:17 | 任务进度轮询完成 
[GIN] 2025/04/22 - 05:56:29 | 20250422055629606299868QKPQgyHh | 200 |      1.2584ms |             ::1 |     GET /api/status
[SYS] 2025/04/22 - 05:56:32 | 任务进度轮询开始 
[SYS] 2025/04/22 - 05:56:32 | 任务进度轮询完成 
[SYS] 2025/04/22 - 05:56:44 | 任务进度轮询开始 
[SYS] 2025/04/22 - 05:56:44 | 任务进度轮询完成 
[GIN] 2025/04/22 - 05:56:57 | 20250422055657268133861yn0OdqUf | 200 |     1.34882ms |             ::1 |     GET /api/status
[SYS] 2025/04/22 - 05:56:59 | syncing channels from database 
[SYS] 2025/04/22 - 05:56:59 | channels synced from database 
[SYS] 2025/04/22 - 05:56:59 | syncing options from database 
[SYS] 2025/04/22 - 05:56:59 | 任务进度轮询开始 
[SYS] 2025/04/22 - 05:56:59 | 任务进度轮询完成 
[SYS] 2025/04/22 - 05:57:12 | 任务进度轮询开始 
[SYS] 2025/04/22 - 05:57:12 | 任务进度轮询完成 
[GIN] 2025/04/22 - 05:57:24 | 20250422055724909097738YTYycyec | 200 |    1.010489ms |             ::1 |     GET /api/status
[SYS] 2025/04/22 - 05:57:27 | 任务进度轮询开始 
[SYS] 2025/04/22 - 05:57:27 | 任务进度轮询完成 
[SYS] 2025/04/22 - 05:57:39 | 任务进度轮询开始 
[SYS] 2025/04/22 - 05:57:39 | 任务进度轮询完成 
[GIN] 2025/04/22 - 05:57:52 | 20250422055752607465847i4IRGh6F | 200 |      3.6828ms |             ::1 |     GET /api/status
[SYS] 2025/04/22 - 05:57:54 | syncing channels from database 
[SYS] 2025/04/22 - 05:57:54 | channels synced from database 
[SYS] 2025/04/22 - 05:57:54 | syncing options from database 
[SYS] 2025/04/22 - 05:57:54 | 任务进度轮询开始 
[SYS] 2025/04/22 - 05:57:54 | 任务进度轮询完成 
[SYS] 2025/04/22 - 05:58:07 | 任务进度轮询开始 
[SYS] 2025/04/22 - 05:58:07 | 任务进度轮询完成 
[GIN] 2025/04/22 - 05:58:20 | 202504220558203001283899RnL458L | 200 |    8.317334ms |             ::1 |     GET /api/status
[SYS] 2025/04/22 - 05:58:22 | 任务进度轮询开始 
[SYS] 2025/04/22 - 05:58:22 | 任务进度轮询完成 
[SYS] 2025/04/22 - 05:58:34 | 任务进度轮询开始 
[SYS] 2025/04/22 - 05:58:34 | 任务进度轮询完成 
[GIN] 2025/04/22 - 05:58:47 | 20250422055847880758108SOSHugwI | 200 |     1.62503ms |             ::1 |     GET /api/status
[SYS] 2025/04/22 - 05:58:49 | syncing channels from database 
[SYS] 2025/04/22 - 05:58:49 | channels synced from database 
[SYS] 2025/04/22 - 05:58:49 | syncing options from database 
[SYS] 2025/04/22 - 05:58:49 | 任务进度轮询开始 
[SYS] 2025/04/22 - 05:58:49 | 任务进度轮询完成 
[SYS] 2025/04/22 - 05:59:02 | 任务进度轮询开始 
[SYS] 2025/04/22 - 05:59:02 | 任务进度轮询完成 
[GIN] 2025/04/22 - 05:59:15 | 20250422055915547464047iRhSZZ42 | 200 |     1.59687ms |             ::1 |     GET /api/status
[SYS] 2025/04/22 - 05:59:17 | 任务进度轮询开始 
[SYS] 2025/04/22 - 05:59:17 | 任务进度轮询完成 
[SYS] 2025/04/22 - 05:59:29 | 任务进度轮询开始 
[SYS] 2025/04/22 - 05:59:29 | 任务进度轮询完成 
[GIN] 2025/04/22 - 05:59:43 | 2025042205594387185302OxRzg5a0 | 200 |     2.51515ms |             ::1 |     GET /api/status
[SYS] 2025/04/22 - 05:59:44 | 正在更新数据看板数据... 
[SYS] 2025/04/22 - 05:59:44 | 保存数据看板数据成功，共保存0条数据 
[SYS] 2025/04/22 - 05:59:44 | syncing channels from database 
[SYS] 2025/04/22 - 05:59:44 | channels synced from database 
[SYS] 2025/04/22 - 05:59:44 | syncing options from database 
[SYS] 2025/04/22 - 05:59:44 | 任务进度轮询开始 
[SYS] 2025/04/22 - 05:59:44 | 任务进度轮询完成 
[SYS] 2025/04/22 - 05:59:57 | 任务进度轮询开始 
[SYS] 2025/04/22 - 05:59:57 | 任务进度轮询完成 
[GIN] 2025/04/22 - 06:00:10 | 20250422060010792258632aiM97j23 | 200 |      864.71µs |             ::1 |     GET /api/status
[SYS] 2025/04/22 - 06:00:12 | 任务进度轮询开始 
[SYS] 2025/04/22 - 06:00:12 | 任务进度轮询完成 
[SYS] 2025/04/22 - 06:00:24 | 任务进度轮询开始 
[SYS] 2025/04/22 - 06:00:24 | 任务进度轮询完成 
[GIN] 2025/04/22 - 06:00:38 | 20250422060038386122157cI1iQx1m | 200 |     1.08427ms |             ::1 |     GET /api/status
[SYS] 2025/04/22 - 06:00:39 | syncing channels from database 
[SYS] 2025/04/22 - 06:00:39 | channels synced from database 
[SYS] 2025/04/22 - 06:00:39 | syncing options from database 
[SYS] 2025/04/22 - 06:00:39 | 任务进度轮询开始 
[SYS] 2025/04/22 - 06:00:39 | 任务进度轮询完成 
[SYS] 2025/04/22 - 06:00:52 | 任务进度轮询开始 
[SYS] 2025/04/22 - 06:00:52 | 任务进度轮询完成 
[GIN] 2025/04/22 - 06:01:05 | 202504220601059135965688XwqkF53 | 200 |     1.09318ms |             ::1 |     GET /api/status
[SYS] 2025/04/22 - 06:01:07 | 任务进度轮询开始 
[SYS] 2025/04/22 - 06:01:07 | 任务进度轮询完成 
[SYS] 2025/04/22 - 06:01:19 | 任务进度轮询开始 
[SYS] 2025/04/22 - 06:01:19 | 任务进度轮询完成 
[GIN] 2025/04/22 - 06:01:33 | 20250422060133413840718K0jWH0y4 | 200 |      970.64µs |             ::1 |     GET /api/status
[SYS] 2025/04/22 - 06:01:34 | syncing channels from database 
[SYS] 2025/04/22 - 06:01:34 | channels synced from database 
[SYS] 2025/04/22 - 06:01:34 | syncing options from database 
[SYS] 2025/04/22 - 06:01:34 | 任务进度轮询开始 
[SYS] 2025/04/22 - 06:01:34 | 任务进度轮询完成 
