[SYS] 2025/04/01 - 08:54:24 | New API v0.0.0 started 
[SYS] 2025/04/01 - 08:54:24 | using MySQL as database 
[SYS] 2025/04/01 - 08:54:24 | database migration started 
[SYS] 2025/04/01 - 08:54:24 | database migrated 
[SYS] 2025/04/01 - 08:54:24 | using MySQL as database 
[SYS] 2025/04/01 - 08:54:24 | database migration started 
[SYS] 2025/04/01 - 08:54:24 | Redis is enabled 
[SYS] 2025/04/01 - 08:54:24 | memory cache enabled 
[SYS] 2025/04/01 - 08:54:24 | sync frequency: 60 seconds 
[SYS] 2025/04/01 - 08:54:24 | channels synced from database 
[SYS] 2025/04/01 - 08:54:24 | batch update enabled with interval 5s 
[SYS] 2025/04/01 - 08:54:24 | pprof enabled 
[SYS] 2025/04/01 - 08:54:24 | initializing token encoders 
[SYS] 2025/04/01 - 08:54:24 | 正在更新数据看板数据... 
[SYS] 2025/04/01 - 08:54:24 | 保存数据看板数据成功，共保存0条数据 
[SYS] 2025/04/01 - 08:54:25 | token encoders initialized 
[SYS] 2025/04/01 - 08:54:25 | FRONTEND_BASE_URL is ignored on master node 
[SYS] 2025/04/01 - 08:54:29 | batch update started 
[SYS] 2025/04/01 - 08:54:29 | batch update finished 
[SYS] 2025/04/01 - 08:54:34 | batch update started 
[SYS] 2025/04/01 - 08:54:34 | batch update finished 
[SYS] 2025/04/01 - 08:54:39 | 任务进度轮询开始 
[SYS] 2025/04/01 - 08:54:39 | batch update started 
[SYS] 2025/04/01 - 08:54:39 | batch update finished 
[SYS] 2025/04/01 - 08:54:39 | 任务进度轮询完成 
[SYS] 2025/04/01 - 08:54:44 | batch update started 
[SYS] 2025/04/01 - 08:54:44 | batch update finished 
[SYS] 2025/04/01 - 08:54:49 | batch update started 
[SYS] 2025/04/01 - 08:54:49 | batch update finished 
[SYS] 2025/04/01 - 08:54:54 | 任务进度轮询开始 
[SYS] 2025/04/01 - 08:54:54 | 任务进度轮询完成 
[SYS] 2025/04/01 - 08:54:54 | batch update started 
[SYS] 2025/04/01 - 08:54:54 | batch update finished 
[SYS] 2025/04/01 - 08:54:59 | batch update started 
[SYS] 2025/04/01 - 08:54:59 | batch update finished 
[SYS] 2025/04/01 - 08:55:04 | batch update started 
[SYS] 2025/04/01 - 08:55:04 | batch update finished 
[SYS] 2025/04/01 - 08:55:09 | 任务进度轮询开始 
[SYS] 2025/04/01 - 08:55:09 | 任务进度轮询完成 
[SYS] 2025/04/01 - 08:55:09 | batch update started 
[SYS] 2025/04/01 - 08:55:09 | batch update finished 
[SYS] 2025/04/01 - 08:55:14 | batch update started 
[SYS] 2025/04/01 - 08:55:14 | batch update finished 
[SYS] 2025/04/01 - 08:55:19 | batch update started 
[SYS] 2025/04/01 - 08:55:19 | batch update finished 
[SYS] 2025/04/01 - 08:55:24 | syncing channels from database 
[SYS] 2025/04/01 - 08:55:24 | syncing options from database 
[SYS] 2025/04/01 - 08:55:24 | channels synced from database 
[SYS] 2025/04/01 - 08:55:24 | 任务进度轮询开始 
[SYS] 2025/04/01 - 08:55:24 | 任务进度轮询完成 
[SYS] 2025/04/01 - 08:55:24 | batch update started 
[SYS] 2025/04/01 - 08:55:24 | batch update finished 
[SYS] 2025/04/01 - 08:55:29 | batch update started 
[SYS] 2025/04/01 - 08:55:29 | batch update finished 
[SYS] 2025/04/01 - 08:55:34 | batch update started 
[SYS] 2025/04/01 - 08:55:34 | batch update finished 
[SYS] 2025/04/01 - 08:55:39 | 任务进度轮询开始 
[SYS] 2025/04/01 - 08:55:39 | 任务进度轮询完成 
[SYS] 2025/04/01 - 08:55:39 | batch update started 
[SYS] 2025/04/01 - 08:55:39 | batch update finished 
[SYS] 2025/04/01 - 08:55:44 | batch update started 
[SYS] 2025/04/01 - 08:55:44 | batch update finished 
[SYS] 2025/04/01 - 08:55:49 | batch update started 
[SYS] 2025/04/01 - 08:55:49 | batch update finished 
[SYS] 2025/04/01 - 08:55:54 | 任务进度轮询开始 
[SYS] 2025/04/01 - 08:55:54 | 任务进度轮询完成 
[SYS] 2025/04/01 - 08:55:54 | batch update started 
[SYS] 2025/04/01 - 08:55:54 | batch update finished 
[SYS] 2025/04/01 - 08:55:59 | batch update started 
[SYS] 2025/04/01 - 08:55:59 | batch update finished 
[SYS] 2025/04/01 - 08:56:04 | batch update started 
[SYS] 2025/04/01 - 08:56:04 | batch update finished 
[SYS] 2025/04/01 - 08:56:09 | 任务进度轮询开始 
[SYS] 2025/04/01 - 08:56:09 | 任务进度轮询完成 
[SYS] 2025/04/01 - 08:56:09 | batch update started 
[SYS] 2025/04/01 - 08:56:09 | batch update finished 
[SYS] 2025/04/01 - 08:56:14 | batch update started 
[SYS] 2025/04/01 - 08:56:14 | batch update finished 
[SYS] 2025/04/01 - 08:56:19 | batch update started 
[SYS] 2025/04/01 - 08:56:19 | batch update finished 
[SYS] 2025/04/01 - 08:56:24 | syncing options from database 
[SYS] 2025/04/01 - 08:56:24 | syncing channels from database 
[SYS] 2025/04/01 - 08:56:24 | channels synced from database 
[SYS] 2025/04/01 - 08:56:24 | 任务进度轮询开始 
[SYS] 2025/04/01 - 08:56:24 | 任务进度轮询完成 
[SYS] 2025/04/01 - 08:56:24 | batch update started 
[SYS] 2025/04/01 - 08:56:24 | batch update finished 
[SYS] 2025/04/01 - 08:56:29 | batch update started 
[SYS] 2025/04/01 - 08:56:29 | batch update finished 
[SYS] 2025/04/01 - 08:56:34 | batch update started 
[SYS] 2025/04/01 - 08:56:34 | batch update finished 
[SYS] 2025/04/01 - 08:56:39 | 任务进度轮询开始 
[SYS] 2025/04/01 - 08:56:39 | 任务进度轮询完成 
[SYS] 2025/04/01 - 08:56:39 | batch update started 
[SYS] 2025/04/01 - 08:56:39 | batch update finished 
[SYS] 2025/04/01 - 08:56:44 | batch update started 
[SYS] 2025/04/01 - 08:56:44 | batch update finished 
[SYS] 2025/04/01 - 08:56:49 | batch update started 
[SYS] 2025/04/01 - 08:56:49 | batch update finished 
[SYS] 2025/04/01 - 08:56:54 | 任务进度轮询开始 
[SYS] 2025/04/01 - 08:56:54 | 任务进度轮询完成 
[SYS] 2025/04/01 - 08:56:54 | batch update started 
[SYS] 2025/04/01 - 08:56:54 | batch update finished 
[SYS] 2025/04/01 - 08:56:59 | batch update started 
[SYS] 2025/04/01 - 08:56:59 | batch update finished 
[SYS] 2025/04/01 - 08:57:04 | batch update started 
[SYS] 2025/04/01 - 08:57:04 | batch update finished 
[SYS] 2025/04/01 - 08:57:09 | 任务进度轮询开始 
[SYS] 2025/04/01 - 08:57:09 | 任务进度轮询完成 
[SYS] 2025/04/01 - 08:57:09 | batch update started 
[SYS] 2025/04/01 - 08:57:09 | batch update finished 
[SYS] 2025/04/01 - 08:57:14 | batch update started 
[SYS] 2025/04/01 - 08:57:14 | batch update finished 
[SYS] 2025/04/01 - 08:57:19 | batch update started 
[SYS] 2025/04/01 - 08:57:19 | batch update finished 
[SYS] 2025/04/01 - 08:57:24 | syncing options from database 
[SYS] 2025/04/01 - 08:57:24 | syncing channels from database 
[SYS] 2025/04/01 - 08:57:24 | channels synced from database 
[SYS] 2025/04/01 - 08:57:24 | 任务进度轮询开始 
[SYS] 2025/04/01 - 08:57:24 | 任务进度轮询完成 
[SYS] 2025/04/01 - 08:57:24 | batch update started 
[SYS] 2025/04/01 - 08:57:24 | batch update finished 
[SYS] 2025/04/01 - 08:57:29 | batch update started 
[SYS] 2025/04/01 - 08:57:29 | batch update finished 
