[SYS] 2025/04/01 - 08:38:54 | New API v0.0.0 started 
[SYS] 2025/04/01 - 08:38:54 | using MySQL as database 
[SYS] 2025/04/01 - 08:38:54 | database migration started 
[SYS] 2025/04/01 - 08:38:54 | database migrated 
[SYS] 2025/04/01 - 08:38:54 | using MySQL as database 
[SYS] 2025/04/01 - 08:38:54 | database migration started 
[SYS] 2025/04/01 - 08:38:54 | Redis is enabled 
[SYS] 2025/04/01 - 08:38:54 | memory cache enabled 
[SYS] 2025/04/01 - 08:38:54 | sync frequency: 60 seconds 
[SYS] 2025/04/01 - 08:38:54 | channels synced from database 
[SYS] 2025/04/01 - 08:38:54 | batch update enabled with interval 5s 
[SYS] 2025/04/01 - 08:38:54 | 正在更新数据看板数据... 
[SYS] 2025/04/01 - 08:38:54 | 保存数据看板数据成功，共保存0条数据 
[SYS] 2025/04/01 - 08:38:54 | pprof enabled 
[SYS] 2025/04/01 - 08:38:54 | initializing token encoders 
[SYS] 2025/04/01 - 08:38:55 | token encoders initialized 
[SYS] 2025/04/01 - 08:38:55 | FRONTEND_BASE_URL is ignored on master node 
[SYS] 2025/04/01 - 08:38:59 | batch update started 
[SYS] 2025/04/01 - 08:38:59 | batch update finished 
[GIN] 2025/04/01 - 08:39:01 | 20250401083901474127086ySo5SVuY | 200 |   10.932284ms |             ::1 |     GET /?token=eyJhbGciOiJIUzI1NiIsInR5cCI6IkpXVCJ9.eyJlbWFpbCI6Imtpbmdzb2JlY0BnbWFpbC5jb20iLCJleHAiOjE3NDM1Nzc2MjR9.PwRjb4FhR0vYSdvIZ-KEJ3RQSsbtagmH16M1eyw0lAA
[GIN] 2025/04/01 - 08:39:01 | 202504010839016757636148YsgAmRA | 200 |   56.481739ms |             ::1 |     GET /assets/index-D7I-0vx4.js
[GIN] 2025/04/01 - 08:39:04 | 20250401083904231186981zCzmDReM | 200 |    1.655865ms |             ::1 |     GET /assets/index-CJq-CSJJ.js
[GIN] 2025/04/01 - 08:39:04 | 20250401083904264152424JnXteUSI | 200 |    8.800596ms |             ::1 |     GET /api/status
[GIN] 2025/04/01 - 08:39:04 | 20250401083904558646347PaSSg0Fp | 200 |    1.300712ms |             ::1 |     GET /api/notice
[GIN] 2025/04/01 - 08:39:04 | 20250401083904563428434iJgnpU2O | 200 |     751.843µs |             ::1 |     GET /api/home_page_content
[GIN] 2025/04/01 - 08:39:04 | 202504010839046503124891l76wJZz | 200 |     756.346µs |             ::1 |     GET /api/notice
[GIN] 2025/04/01 - 08:39:04 | 20250401083904652616358UdlgYCIo | 200 |     764.354µs |             ::1 |     GET /api/home_page_content
[SYS] 2025/04/01 - 08:39:04 | batch update started 
[SYS] 2025/04/01 - 08:39:04 | batch update finished 
[SYS] 2025/04/01 - 08:39:09 | batch update started 
[SYS] 2025/04/01 - 08:39:09 | batch update finished 
[SYS] 2025/04/01 - 08:39:09 | 任务进度轮询开始 
[SYS] 2025/04/01 - 08:39:09 | 任务进度轮询完成 
[GIN] 2025/04/01 - 08:39:14 | 20250401083914356168679a3580pBR | 200 |     1.00131ms |             ::1 |     GET /login
[SYS] 2025/04/01 - 08:39:14 | batch update started 
[SYS] 2025/04/01 - 08:39:14 | batch update finished 
[GIN] 2025/04/01 - 08:39:16 | 202504010839165216734649vtN72r3 | 200 |     966.541µs |             ::1 |     GET /api/status
[SYS] 2025/04/01 - 08:39:19 | batch update started 
[SYS] 2025/04/01 - 08:39:19 | batch update finished 
[SYS] 2025/04/01 - 08:39:24 | batch update started 
[SYS] 2025/04/01 - 08:39:24 | batch update finished 
[SYS] 2025/04/01 - 08:39:24 | 任务进度轮询开始 
[SYS] 2025/04/01 - 08:39:24 | 任务进度轮询完成 
[SYS] 2025/04/01 - 08:39:29 | batch update started 
[SYS] 2025/04/01 - 08:39:29 | batch update finished 
[SYS] 2025/04/01 - 08:39:34 | batch update started 
[SYS] 2025/04/01 - 08:39:34 | batch update finished 
[SYS] 2025/04/01 - 08:39:39 | 任务进度轮询开始 
[SYS] 2025/04/01 - 08:39:39 | batch update started 
[SYS] 2025/04/01 - 08:39:39 | batch update finished 
[SYS] 2025/04/01 - 08:39:39 | 任务进度轮询完成 
[SYS] 2025/04/01 - 08:39:44 | batch update started 
[SYS] 2025/04/01 - 08:39:44 | batch update finished 
[SYS] 2025/04/01 - 08:39:49 | batch update started 
[SYS] 2025/04/01 - 08:39:49 | batch update finished 
[SYS] 2025/04/01 - 08:39:54 | syncing channels from database 
[SYS] 2025/04/01 - 08:39:54 | syncing options from database 
[SYS] 2025/04/01 - 08:39:54 | channels synced from database 
[SYS] 2025/04/01 - 08:39:54 | batch update started 
[SYS] 2025/04/01 - 08:39:54 | batch update finished 
[SYS] 2025/04/01 - 08:39:54 | 任务进度轮询开始 
[SYS] 2025/04/01 - 08:39:54 | 任务进度轮询完成 
[SYS] 2025/04/01 - 08:39:59 | batch update started 
[SYS] 2025/04/01 - 08:39:59 | batch update finished 
[SYS] 2025/04/01 - 08:40:04 | batch update started 
[SYS] 2025/04/01 - 08:40:04 | batch update finished 
[SYS] 2025/04/01 - 08:40:09 | 任务进度轮询开始 
[SYS] 2025/04/01 - 08:40:09 | batch update started 
[SYS] 2025/04/01 - 08:40:09 | batch update finished 
[SYS] 2025/04/01 - 08:40:09 | 任务进度轮询完成 
[SYS] 2025/04/01 - 08:40:14 | batch update started 
[SYS] 2025/04/01 - 08:40:14 | batch update finished 
[SYS] 2025/04/01 - 08:40:19 | batch update started 
[SYS] 2025/04/01 - 08:40:19 | batch update finished 
[SYS] 2025/04/01 - 08:40:24 | 任务进度轮询开始 
[SYS] 2025/04/01 - 08:40:24 | 任务进度轮询完成 
[SYS] 2025/04/01 - 08:40:24 | batch update started 
[SYS] 2025/04/01 - 08:40:24 | batch update finished 
[SYS] 2025/04/01 - 08:40:29 | batch update started 
[SYS] 2025/04/01 - 08:40:29 | batch update finished 
[SYS] 2025/04/01 - 08:40:34 | batch update started 
[SYS] 2025/04/01 - 08:40:34 | batch update finished 
[SYS] 2025/04/01 - 08:40:39 | 任务进度轮询开始 
[SYS] 2025/04/01 - 08:40:39 | 任务进度轮询完成 
[SYS] 2025/04/01 - 08:40:39 | batch update started 
[SYS] 2025/04/01 - 08:40:39 | batch update finished 
[SYS] 2025/04/01 - 08:40:44 | batch update started 
[SYS] 2025/04/01 - 08:40:44 | batch update finished 
[SYS] 2025/04/01 - 08:40:49 | batch update started 
[SYS] 2025/04/01 - 08:40:49 | batch update finished 
[SYS] 2025/04/01 - 08:40:54 | syncing channels from database 
[SYS] 2025/04/01 - 08:40:54 | channels synced from database 
[SYS] 2025/04/01 - 08:40:54 | syncing options from database 
[SYS] 2025/04/01 - 08:40:54 | 任务进度轮询开始 
[SYS] 2025/04/01 - 08:40:54 | 任务进度轮询完成 
[SYS] 2025/04/01 - 08:40:54 | batch update started 
[SYS] 2025/04/01 - 08:40:54 | batch update finished 
[SYS] 2025/04/01 - 08:40:59 | batch update started 
[SYS] 2025/04/01 - 08:40:59 | batch update finished 
[SYS] 2025/04/01 - 08:41:04 | batch update started 
[SYS] 2025/04/01 - 08:41:04 | batch update finished 
[SYS] 2025/04/01 - 08:41:09 | 任务进度轮询开始 
[SYS] 2025/04/01 - 08:41:09 | 任务进度轮询完成 
[SYS] 2025/04/01 - 08:41:09 | batch update started 
[SYS] 2025/04/01 - 08:41:09 | batch update finished 
[SYS] 2025/04/01 - 08:41:14 | batch update started 
[SYS] 2025/04/01 - 08:41:14 | batch update finished 
[SYS] 2025/04/01 - 08:41:19 | batch update started 
[SYS] 2025/04/01 - 08:41:19 | batch update finished 
[SYS] 2025/04/01 - 08:41:24 | 任务进度轮询开始 
[SYS] 2025/04/01 - 08:41:24 | 任务进度轮询完成 
[SYS] 2025/04/01 - 08:41:24 | batch update started 
[SYS] 2025/04/01 - 08:41:24 | batch update finished 
[SYS] 2025/04/01 - 08:41:29 | batch update started 
[SYS] 2025/04/01 - 08:41:29 | batch update finished 
[SYS] 2025/04/01 - 08:41:34 | batch update started 
[SYS] 2025/04/01 - 08:41:34 | batch update finished 
[SYS] 2025/04/01 - 08:41:39 | 任务进度轮询开始 
[SYS] 2025/04/01 - 08:41:39 | 任务进度轮询完成 
[SYS] 2025/04/01 - 08:41:39 | batch update started 
[SYS] 2025/04/01 - 08:41:39 | batch update finished 
[SYS] 2025/04/01 - 08:41:44 | batch update started 
[SYS] 2025/04/01 - 08:41:44 | batch update finished 
[SYS] 2025/04/01 - 08:41:49 | batch update started 
[SYS] 2025/04/01 - 08:41:49 | batch update finished 
[SYS] 2025/04/01 - 08:41:54 | syncing channels from database 
[SYS] 2025/04/01 - 08:41:54 | channels synced from database 
[SYS] 2025/04/01 - 08:41:54 | syncing options from database 
[SYS] 2025/04/01 - 08:41:54 | 任务进度轮询开始 
[SYS] 2025/04/01 - 08:41:54 | 任务进度轮询完成 
[SYS] 2025/04/01 - 08:41:54 | batch update started 
[SYS] 2025/04/01 - 08:41:54 | batch update finished 
[SYS] 2025/04/01 - 08:41:59 | batch update started 
[SYS] 2025/04/01 - 08:41:59 | batch update finished 
[SYS] 2025/04/01 - 08:42:04 | batch update started 
[SYS] 2025/04/01 - 08:42:04 | batch update finished 
[SYS] 2025/04/01 - 08:42:09 | 任务进度轮询开始 
[SYS] 2025/04/01 - 08:42:09 | 任务进度轮询完成 
[SYS] 2025/04/01 - 08:42:09 | batch update started 
[SYS] 2025/04/01 - 08:42:09 | batch update finished 
[SYS] 2025/04/01 - 08:42:14 | batch update started 
[SYS] 2025/04/01 - 08:42:14 | batch update finished 
[SYS] 2025/04/01 - 08:42:19 | batch update started 
[SYS] 2025/04/01 - 08:42:19 | batch update finished 
[SYS] 2025/04/01 - 08:42:24 | 任务进度轮询开始 
[SYS] 2025/04/01 - 08:42:24 | 任务进度轮询完成 
[SYS] 2025/04/01 - 08:42:24 | batch update started 
[SYS] 2025/04/01 - 08:42:24 | batch update finished 
[SYS] 2025/04/01 - 08:42:29 | batch update started 
[SYS] 2025/04/01 - 08:42:29 | batch update finished 
[SYS] 2025/04/01 - 08:42:34 | batch update started 
[SYS] 2025/04/01 - 08:42:34 | batch update finished 
[SYS] 2025/04/01 - 08:42:39 | 任务进度轮询开始 
[SYS] 2025/04/01 - 08:42:39 | 任务进度轮询完成 
[SYS] 2025/04/01 - 08:42:39 | batch update started 
[SYS] 2025/04/01 - 08:42:39 | batch update finished 
[SYS] 2025/04/01 - 08:42:44 | batch update started 
[SYS] 2025/04/01 - 08:42:44 | batch update finished 
[SYS] 2025/04/01 - 08:42:49 | batch update started 
[SYS] 2025/04/01 - 08:42:49 | batch update finished 
[SYS] 2025/04/01 - 08:42:54 | syncing channels from database 
[SYS] 2025/04/01 - 08:42:54 | channels synced from database 
[SYS] 2025/04/01 - 08:42:54 | syncing options from database 
[SYS] 2025/04/01 - 08:42:54 | 任务进度轮询开始 
[SYS] 2025/04/01 - 08:42:54 | 任务进度轮询完成 
[SYS] 2025/04/01 - 08:42:54 | batch update started 
[SYS] 2025/04/01 - 08:42:54 | batch update finished 
[SYS] 2025/04/01 - 08:42:59 | batch update started 
[SYS] 2025/04/01 - 08:42:59 | batch update finished 
[SYS] 2025/04/01 - 08:43:04 | batch update started 
[SYS] 2025/04/01 - 08:43:04 | batch update finished 
[SYS] 2025/04/01 - 08:43:09 | 任务进度轮询开始 
[SYS] 2025/04/01 - 08:43:09 | 任务进度轮询完成 
[SYS] 2025/04/01 - 08:43:09 | batch update started 
[SYS] 2025/04/01 - 08:43:09 | batch update finished 
[SYS] 2025/04/01 - 08:43:14 | batch update started 
[SYS] 2025/04/01 - 08:43:14 | batch update finished 
[SYS] 2025/04/01 - 08:43:19 | batch update started 
[SYS] 2025/04/01 - 08:43:19 | batch update finished 
[SYS] 2025/04/01 - 08:43:24 | 任务进度轮询开始 
[SYS] 2025/04/01 - 08:43:24 | 任务进度轮询完成 
[SYS] 2025/04/01 - 08:43:24 | batch update started 
[SYS] 2025/04/01 - 08:43:24 | batch update finished 
[SYS] 2025/04/01 - 08:43:29 | batch update started 
[SYS] 2025/04/01 - 08:43:29 | batch update finished 
[SYS] 2025/04/01 - 08:43:34 | batch update started 
[SYS] 2025/04/01 - 08:43:34 | batch update finished 
[SYS] 2025/04/01 - 08:43:39 | 任务进度轮询开始 
[SYS] 2025/04/01 - 08:43:39 | 任务进度轮询完成 
[SYS] 2025/04/01 - 08:43:39 | batch update started 
[SYS] 2025/04/01 - 08:43:39 | batch update finished 
[SYS] 2025/04/01 - 08:43:44 | batch update started 
[SYS] 2025/04/01 - 08:43:44 | batch update finished 
[SYS] 2025/04/01 - 08:43:49 | batch update started 
[SYS] 2025/04/01 - 08:43:49 | batch update finished 
[SYS] 2025/04/01 - 08:43:54 | 正在更新数据看板数据... 
[SYS] 2025/04/01 - 08:43:54 | 保存数据看板数据成功，共保存0条数据 
[SYS] 2025/04/01 - 08:43:54 | syncing channels from database 
[SYS] 2025/04/01 - 08:43:54 | channels synced from database 
[SYS] 2025/04/01 - 08:43:54 | syncing options from database 
[SYS] 2025/04/01 - 08:43:54 | 任务进度轮询开始 
[SYS] 2025/04/01 - 08:43:54 | 任务进度轮询完成 
[SYS] 2025/04/01 - 08:43:54 | batch update started 
[SYS] 2025/04/01 - 08:43:54 | batch update finished 
[SYS] 2025/04/01 - 08:43:59 | batch update started 
[SYS] 2025/04/01 - 08:43:59 | batch update finished 
[SYS] 2025/04/01 - 08:44:04 | batch update started 
[SYS] 2025/04/01 - 08:44:04 | batch update finished 
[SYS] 2025/04/01 - 08:44:09 | 任务进度轮询开始 
[SYS] 2025/04/01 - 08:44:09 | 任务进度轮询完成 
[SYS] 2025/04/01 - 08:44:09 | batch update started 
[SYS] 2025/04/01 - 08:44:09 | batch update finished 
[SYS] 2025/04/01 - 08:44:14 | batch update started 
[SYS] 2025/04/01 - 08:44:14 | batch update finished 
[SYS] 2025/04/01 - 08:44:19 | batch update started 
[SYS] 2025/04/01 - 08:44:19 | batch update finished 
[SYS] 2025/04/01 - 08:44:24 | 任务进度轮询开始 
[SYS] 2025/04/01 - 08:44:24 | 任务进度轮询完成 
[SYS] 2025/04/01 - 08:44:24 | batch update started 
[SYS] 2025/04/01 - 08:44:24 | batch update finished 
[SYS] 2025/04/01 - 08:44:29 | batch update started 
[SYS] 2025/04/01 - 08:44:29 | batch update finished 
[SYS] 2025/04/01 - 08:44:34 | batch update started 
[SYS] 2025/04/01 - 08:44:34 | batch update finished 
[SYS] 2025/04/01 - 08:44:39 | 任务进度轮询开始 
[SYS] 2025/04/01 - 08:44:39 | 任务进度轮询完成 
[SYS] 2025/04/01 - 08:44:39 | batch update started 
[SYS] 2025/04/01 - 08:44:39 | batch update finished 
[SYS] 2025/04/01 - 08:44:44 | batch update started 
[SYS] 2025/04/01 - 08:44:44 | batch update finished 
[SYS] 2025/04/01 - 08:44:49 | batch update started 
[SYS] 2025/04/01 - 08:44:49 | batch update finished 
[SYS] 2025/04/01 - 08:44:54 | syncing channels from database 
[SYS] 2025/04/01 - 08:44:54 | channels synced from database 
[SYS] 2025/04/01 - 08:44:54 | syncing options from database 
[SYS] 2025/04/01 - 08:44:54 | 任务进度轮询开始 
[SYS] 2025/04/01 - 08:44:54 | 任务进度轮询完成 
[SYS] 2025/04/01 - 08:44:54 | batch update started 
[SYS] 2025/04/01 - 08:44:54 | batch update finished 
[SYS] 2025/04/01 - 08:44:59 | batch update started 
[SYS] 2025/04/01 - 08:44:59 | batch update finished 
[SYS] 2025/04/01 - 08:45:04 | batch update started 
[SYS] 2025/04/01 - 08:45:04 | batch update finished 
[SYS] 2025/04/01 - 08:45:09 | 任务进度轮询开始 
[SYS] 2025/04/01 - 08:45:09 | 任务进度轮询完成 
[SYS] 2025/04/01 - 08:45:09 | batch update started 
[SYS] 2025/04/01 - 08:45:09 | batch update finished 
[SYS] 2025/04/01 - 08:45:14 | batch update started 
[SYS] 2025/04/01 - 08:45:14 | batch update finished 
[SYS] 2025/04/01 - 08:45:19 | batch update started 
[SYS] 2025/04/01 - 08:45:19 | batch update finished 
[SYS] 2025/04/01 - 08:45:24 | 任务进度轮询开始 
[SYS] 2025/04/01 - 08:45:24 | 任务进度轮询完成 
[SYS] 2025/04/01 - 08:45:24 | batch update started 
[SYS] 2025/04/01 - 08:45:24 | batch update finished 
[SYS] 2025/04/01 - 08:45:29 | batch update started 
[SYS] 2025/04/01 - 08:45:29 | batch update finished 
[SYS] 2025/04/01 - 08:45:34 | batch update started 
[SYS] 2025/04/01 - 08:45:34 | batch update finished 
[SYS] 2025/04/01 - 08:45:39 | 任务进度轮询开始 
[SYS] 2025/04/01 - 08:45:39 | 任务进度轮询完成 
[SYS] 2025/04/01 - 08:45:39 | batch update started 
[SYS] 2025/04/01 - 08:45:39 | batch update finished 
[SYS] 2025/04/01 - 08:45:44 | batch update started 
[SYS] 2025/04/01 - 08:45:44 | batch update finished 
[SYS] 2025/04/01 - 08:45:49 | batch update started 
[SYS] 2025/04/01 - 08:45:49 | batch update finished 
[SYS] 2025/04/01 - 08:45:54 | syncing channels from database 
[SYS] 2025/04/01 - 08:45:54 | channels synced from database 
[SYS] 2025/04/01 - 08:45:54 | syncing options from database 
[SYS] 2025/04/01 - 08:45:54 | 任务进度轮询开始 
[SYS] 2025/04/01 - 08:45:54 | 任务进度轮询完成 
[SYS] 2025/04/01 - 08:45:54 | batch update started 
[SYS] 2025/04/01 - 08:45:54 | batch update finished 
[SYS] 2025/04/01 - 08:45:59 | batch update started 
[SYS] 2025/04/01 - 08:45:59 | batch update finished 
[SYS] 2025/04/01 - 08:46:04 | batch update started 
[SYS] 2025/04/01 - 08:46:04 | batch update finished 
[SYS] 2025/04/01 - 08:46:09 | 任务进度轮询开始 
[SYS] 2025/04/01 - 08:46:09 | 任务进度轮询完成 
[SYS] 2025/04/01 - 08:46:09 | batch update started 
[SYS] 2025/04/01 - 08:46:09 | batch update finished 
[SYS] 2025/04/01 - 08:46:14 | batch update started 
[SYS] 2025/04/01 - 08:46:14 | batch update finished 
[SYS] 2025/04/01 - 08:46:19 | batch update started 
[SYS] 2025/04/01 - 08:46:19 | batch update finished 
[SYS] 2025/04/01 - 08:46:24 | 任务进度轮询开始 
[SYS] 2025/04/01 - 08:46:24 | 任务进度轮询完成 
[SYS] 2025/04/01 - 08:46:24 | batch update started 
[SYS] 2025/04/01 - 08:46:24 | batch update finished 
[SYS] 2025/04/01 - 08:46:29 | batch update started 
[SYS] 2025/04/01 - 08:46:29 | batch update finished 
[SYS] 2025/04/01 - 08:46:34 | batch update started 
[SYS] 2025/04/01 - 08:46:34 | batch update finished 
[SYS] 2025/04/01 - 08:46:39 | 任务进度轮询开始 
[SYS] 2025/04/01 - 08:46:39 | 任务进度轮询完成 
[SYS] 2025/04/01 - 08:46:39 | batch update started 
[SYS] 2025/04/01 - 08:46:39 | batch update finished 
[SYS] 2025/04/01 - 08:46:44 | batch update started 
[SYS] 2025/04/01 - 08:46:44 | batch update finished 
[SYS] 2025/04/01 - 08:46:49 | batch update started 
[SYS] 2025/04/01 - 08:46:49 | batch update finished 
[SYS] 2025/04/01 - 08:46:54 | syncing channels from database 
[SYS] 2025/04/01 - 08:46:54 | channels synced from database 
[SYS] 2025/04/01 - 08:46:54 | syncing options from database 
[SYS] 2025/04/01 - 08:46:54 | 任务进度轮询开始 
[SYS] 2025/04/01 - 08:46:54 | 任务进度轮询完成 
[SYS] 2025/04/01 - 08:46:54 | batch update started 
[SYS] 2025/04/01 - 08:46:54 | batch update finished 
[SYS] 2025/04/01 - 08:46:59 | batch update started 
[SYS] 2025/04/01 - 08:46:59 | batch update finished 
[SYS] 2025/04/01 - 08:47:04 | batch update started 
[SYS] 2025/04/01 - 08:47:04 | batch update finished 
[SYS] 2025/04/01 - 08:47:09 | 任务进度轮询开始 
[SYS] 2025/04/01 - 08:47:09 | 任务进度轮询完成 
[SYS] 2025/04/01 - 08:47:09 | batch update started 
[SYS] 2025/04/01 - 08:47:09 | batch update finished 
[SYS] 2025/04/01 - 08:47:14 | batch update started 
[SYS] 2025/04/01 - 08:47:14 | batch update finished 
[SYS] 2025/04/01 - 08:47:19 | batch update started 
[SYS] 2025/04/01 - 08:47:19 | batch update finished 
[SYS] 2025/04/01 - 08:47:24 | 任务进度轮询开始 
[SYS] 2025/04/01 - 08:47:24 | 任务进度轮询完成 
[SYS] 2025/04/01 - 08:47:24 | batch update started 
[SYS] 2025/04/01 - 08:47:24 | batch update finished 
[SYS] 2025/04/01 - 08:47:29 | batch update started 
[SYS] 2025/04/01 - 08:47:29 | batch update finished 
[SYS] 2025/04/01 - 08:47:34 | batch update started 
[SYS] 2025/04/01 - 08:47:34 | batch update finished 
[SYS] 2025/04/01 - 08:47:39 | 任务进度轮询开始 
[SYS] 2025/04/01 - 08:47:39 | 任务进度轮询完成 
[SYS] 2025/04/01 - 08:47:39 | batch update started 
[SYS] 2025/04/01 - 08:47:39 | batch update finished 
[SYS] 2025/04/01 - 08:47:44 | batch update started 
[SYS] 2025/04/01 - 08:47:44 | batch update finished 
[SYS] 2025/04/01 - 08:47:49 | batch update started 
[SYS] 2025/04/01 - 08:47:49 | batch update finished 
[SYS] 2025/04/01 - 08:47:54 | syncing channels from database 
[SYS] 2025/04/01 - 08:47:54 | channels synced from database 
[SYS] 2025/04/01 - 08:47:54 | syncing options from database 
[SYS] 2025/04/01 - 08:47:54 | 任务进度轮询开始 
[SYS] 2025/04/01 - 08:47:54 | 任务进度轮询完成 
[SYS] 2025/04/01 - 08:47:54 | batch update started 
[SYS] 2025/04/01 - 08:47:54 | batch update finished 
[SYS] 2025/04/01 - 08:47:59 | batch update started 
[SYS] 2025/04/01 - 08:47:59 | batch update finished 
[SYS] 2025/04/01 - 08:48:04 | batch update started 
[SYS] 2025/04/01 - 08:48:04 | batch update finished 
[SYS] 2025/04/01 - 08:48:09 | 任务进度轮询开始 
[SYS] 2025/04/01 - 08:48:09 | 任务进度轮询完成 
[SYS] 2025/04/01 - 08:48:09 | batch update started 
[SYS] 2025/04/01 - 08:48:09 | batch update finished 
[SYS] 2025/04/01 - 08:48:14 | batch update started 
[SYS] 2025/04/01 - 08:48:14 | batch update finished 
[SYS] 2025/04/01 - 08:48:19 | batch update started 
[SYS] 2025/04/01 - 08:48:19 | batch update finished 
[SYS] 2025/04/01 - 08:48:24 | 任务进度轮询开始 
[SYS] 2025/04/01 - 08:48:24 | 任务进度轮询完成 
[SYS] 2025/04/01 - 08:48:24 | batch update started 
[SYS] 2025/04/01 - 08:48:24 | batch update finished 
[SYS] 2025/04/01 - 08:48:29 | batch update started 
[SYS] 2025/04/01 - 08:48:29 | batch update finished 
[SYS] 2025/04/01 - 08:48:34 | batch update started 
[SYS] 2025/04/01 - 08:48:34 | batch update finished 
[SYS] 2025/04/01 - 08:48:39 | 任务进度轮询开始 
[SYS] 2025/04/01 - 08:48:39 | 任务进度轮询完成 
[SYS] 2025/04/01 - 08:48:39 | batch update started 
[SYS] 2025/04/01 - 08:48:39 | batch update finished 
[SYS] 2025/04/01 - 08:48:44 | batch update started 
[SYS] 2025/04/01 - 08:48:44 | batch update finished 
[SYS] 2025/04/01 - 08:48:49 | batch update started 
[SYS] 2025/04/01 - 08:48:49 | batch update finished 
[SYS] 2025/04/01 - 08:48:54 | testing all channels 
[SYS] 2025/04/01 - 08:48:54 | 正在更新数据看板数据... 
[SYS] 2025/04/01 - 08:48:54 | 保存数据看板数据成功，共保存0条数据 
[SYS] 2025/04/01 - 08:48:54 | channel test finished 
[SYS] 2025/04/01 - 08:48:54 | syncing channels from database 
[SYS] 2025/04/01 - 08:48:54 | channels synced from database 
[SYS] 2025/04/01 - 08:48:54 | syncing options from database 
[SYS] 2025/04/01 - 08:48:54 | 任务进度轮询开始 
[SYS] 2025/04/01 - 08:48:54 | 任务进度轮询完成 
[SYS] 2025/04/01 - 08:48:54 | batch update started 
[SYS] 2025/04/01 - 08:48:54 | batch update finished 
[SYS] 2025/04/01 - 08:48:59 | batch update started 
[SYS] 2025/04/01 - 08:48:59 | batch update finished 
[SYS] 2025/04/01 - 08:49:04 | batch update started 
[SYS] 2025/04/01 - 08:49:04 | batch update finished 
[SYS] 2025/04/01 - 08:49:09 | 任务进度轮询开始 
[SYS] 2025/04/01 - 08:49:09 | 任务进度轮询完成 
[SYS] 2025/04/01 - 08:49:09 | batch update started 
[SYS] 2025/04/01 - 08:49:09 | batch update finished 
[SYS] 2025/04/01 - 08:49:14 | batch update started 
[SYS] 2025/04/01 - 08:49:14 | batch update finished 
[SYS] 2025/04/01 - 08:49:19 | batch update started 
[SYS] 2025/04/01 - 08:49:19 | batch update finished 
[SYS] 2025/04/01 - 08:49:24 | 任务进度轮询开始 
[SYS] 2025/04/01 - 08:49:24 | 任务进度轮询完成 
[SYS] 2025/04/01 - 08:49:24 | batch update started 
[SYS] 2025/04/01 - 08:49:24 | batch update finished 
[SYS] 2025/04/01 - 08:49:29 | batch update started 
[SYS] 2025/04/01 - 08:49:29 | batch update finished 
[SYS] 2025/04/01 - 08:49:34 | batch update started 
[SYS] 2025/04/01 - 08:49:34 | batch update finished 
[SYS] 2025/04/01 - 08:49:39 | 任务进度轮询开始 
[SYS] 2025/04/01 - 08:49:39 | 任务进度轮询完成 
[SYS] 2025/04/01 - 08:49:39 | batch update started 
[SYS] 2025/04/01 - 08:49:39 | batch update finished 
[SYS] 2025/04/01 - 08:49:44 | batch update started 
[SYS] 2025/04/01 - 08:49:44 | batch update finished 
[SYS] 2025/04/01 - 08:49:49 | batch update started 
[SYS] 2025/04/01 - 08:49:49 | batch update finished 
[SYS] 2025/04/01 - 08:49:54 | syncing channels from database 
[SYS] 2025/04/01 - 08:49:54 | channels synced from database 
[SYS] 2025/04/01 - 08:49:54 | syncing options from database 
[SYS] 2025/04/01 - 08:49:54 | 任务进度轮询开始 
[SYS] 2025/04/01 - 08:49:54 | 任务进度轮询完成 
[SYS] 2025/04/01 - 08:49:54 | batch update started 
[SYS] 2025/04/01 - 08:49:54 | batch update finished 
[SYS] 2025/04/01 - 08:49:59 | batch update started 
[SYS] 2025/04/01 - 08:49:59 | batch update finished 
[SYS] 2025/04/01 - 08:50:04 | batch update started 
[SYS] 2025/04/01 - 08:50:04 | batch update finished 
[SYS] 2025/04/01 - 08:50:09 | 任务进度轮询开始 
[SYS] 2025/04/01 - 08:50:09 | 任务进度轮询完成 
[SYS] 2025/04/01 - 08:50:09 | batch update started 
[SYS] 2025/04/01 - 08:50:09 | batch update finished 
[SYS] 2025/04/01 - 08:50:14 | batch update started 
[SYS] 2025/04/01 - 08:50:14 | batch update finished 
[SYS] 2025/04/01 - 08:50:19 | batch update started 
[SYS] 2025/04/01 - 08:50:19 | batch update finished 
[SYS] 2025/04/01 - 08:50:24 | 任务进度轮询开始 
[SYS] 2025/04/01 - 08:50:24 | 任务进度轮询完成 
[SYS] 2025/04/01 - 08:50:24 | batch update started 
[SYS] 2025/04/01 - 08:50:24 | batch update finished 
[SYS] 2025/04/01 - 08:50:29 | batch update started 
[SYS] 2025/04/01 - 08:50:29 | batch update finished 
[SYS] 2025/04/01 - 08:50:34 | batch update started 
[SYS] 2025/04/01 - 08:50:34 | batch update finished 
[SYS] 2025/04/01 - 08:50:39 | 任务进度轮询开始 
[SYS] 2025/04/01 - 08:50:39 | 任务进度轮询完成 
[SYS] 2025/04/01 - 08:50:39 | batch update started 
[SYS] 2025/04/01 - 08:50:39 | batch update finished 
[SYS] 2025/04/01 - 08:50:44 | batch update started 
[SYS] 2025/04/01 - 08:50:44 | batch update finished 
[SYS] 2025/04/01 - 08:50:49 | batch update started 
[SYS] 2025/04/01 - 08:50:49 | batch update finished 
[SYS] 2025/04/01 - 08:50:54 | syncing channels from database 
[SYS] 2025/04/01 - 08:50:54 | channels synced from database 
[SYS] 2025/04/01 - 08:50:54 | syncing options from database 
[SYS] 2025/04/01 - 08:50:54 | 任务进度轮询开始 
[SYS] 2025/04/01 - 08:50:54 | 任务进度轮询完成 
[SYS] 2025/04/01 - 08:50:54 | batch update started 
[SYS] 2025/04/01 - 08:50:54 | batch update finished 
[SYS] 2025/04/01 - 08:50:59 | batch update started 
[SYS] 2025/04/01 - 08:50:59 | batch update finished 
[SYS] 2025/04/01 - 08:51:04 | batch update started 
[SYS] 2025/04/01 - 08:51:04 | batch update finished 
[SYS] 2025/04/01 - 08:51:09 | 任务进度轮询开始 
[SYS] 2025/04/01 - 08:51:09 | 任务进度轮询完成 
[SYS] 2025/04/01 - 08:51:09 | batch update started 
[SYS] 2025/04/01 - 08:51:09 | batch update finished 
[SYS] 2025/04/01 - 08:51:14 | batch update started 
[SYS] 2025/04/01 - 08:51:14 | batch update finished 
[GIN] 2025/04/01 - 08:51:16 | 202504010851164986510538z7ZnfRs | 200 |   82.692487ms |             ::1 |    POST /api/user/login?turnstile=
[GIN] 2025/04/01 - 08:51:16 | 20250401085116730067966zdl5WNTZ | 200 |   20.399923ms |             ::1 |     GET /api/user/models
[GIN] 2025/04/01 - 08:51:16 | 202504010851167474966377mFzQwol | 200 |     4.18323ms |             ::1 |     GET /api/user/self/groups
[GIN] 2025/04/01 - 08:51:16 | 20250401085116748988879Ch40YXIY | 200 |    7.868477ms |             ::1 |     GET /api/token/?p=0&size=10
[SYS] 2025/04/01 - 08:51:19 | batch update started 
[SYS] 2025/04/01 - 08:51:19 | batch update finished 
[SYS] 2025/04/01 - 08:51:24 | 任务进度轮询开始 
[SYS] 2025/04/01 - 08:51:24 | 任务进度轮询完成 
[SYS] 2025/04/01 - 08:51:24 | batch update started 
[SYS] 2025/04/01 - 08:51:24 | batch update finished 
[GIN] 2025/04/01 - 08:51:28 | 20250401085128571993720X5sJqIiC | 200 |     1.19143ms |             ::1 |     GET /api/user/logout
[SYS] 2025/04/01 - 08:51:29 | batch update started 
[SYS] 2025/04/01 - 08:51:29 | batch update finished 
[SYS] 2025/04/01 - 08:51:34 | batch update started 
[SYS] 2025/04/01 - 08:51:34 | batch update finished 
[SYS] 2025/04/01 - 08:51:39 | 任务进度轮询开始 
[SYS] 2025/04/01 - 08:51:39 | 任务进度轮询完成 
[SYS] 2025/04/01 - 08:51:39 | batch update started 
[SYS] 2025/04/01 - 08:51:39 | batch update finished 
[SYS] 2025/04/01 - 08:51:44 | batch update started 
[SYS] 2025/04/01 - 08:51:44 | batch update finished 
[SYS] 2025/04/01 - 08:51:49 | batch update started 
[SYS] 2025/04/01 - 08:51:49 | batch update finished 
[SYS] 2025/04/01 - 08:51:54 | syncing channels from database 
[SYS] 2025/04/01 - 08:51:54 | channels synced from database 
[SYS] 2025/04/01 - 08:51:54 | syncing options from database 
[SYS] 2025/04/01 - 08:51:54 | 任务进度轮询开始 
[SYS] 2025/04/01 - 08:51:54 | 任务进度轮询完成 
[SYS] 2025/04/01 - 08:51:54 | batch update started 
[SYS] 2025/04/01 - 08:51:54 | batch update finished 
[SYS] 2025/04/01 - 08:51:59 | batch update started 
[SYS] 2025/04/01 - 08:51:59 | batch update finished 
[SYS] 2025/04/01 - 08:52:04 | batch update started 
[SYS] 2025/04/01 - 08:52:04 | batch update finished 
[SYS] 2025/04/01 - 08:52:09 | 任务进度轮询开始 
[SYS] 2025/04/01 - 08:52:09 | 任务进度轮询完成 
[SYS] 2025/04/01 - 08:52:09 | batch update started 
[SYS] 2025/04/01 - 08:52:09 | batch update finished 
[SYS] 2025/04/01 - 08:52:14 | batch update started 
[SYS] 2025/04/01 - 08:52:14 | batch update finished 
[SYS] 2025/04/01 - 08:52:19 | batch update started 
[SYS] 2025/04/01 - 08:52:19 | batch update finished 
[SYS] 2025/04/01 - 08:52:24 | 任务进度轮询开始 
[SYS] 2025/04/01 - 08:52:24 | 任务进度轮询完成 
[SYS] 2025/04/01 - 08:52:24 | batch update started 
[SYS] 2025/04/01 - 08:52:24 | batch update finished 
[SYS] 2025/04/01 - 08:52:29 | batch update started 
[SYS] 2025/04/01 - 08:52:29 | batch update finished 
[SYS] 2025/04/01 - 08:52:34 | batch update started 
[SYS] 2025/04/01 - 08:52:34 | batch update finished 
[SYS] 2025/04/01 - 08:52:39 | 任务进度轮询开始 
[SYS] 2025/04/01 - 08:52:39 | 任务进度轮询完成 
[SYS] 2025/04/01 - 08:52:39 | batch update started 
[SYS] 2025/04/01 - 08:52:39 | batch update finished 
[SYS] 2025/04/01 - 08:52:44 | batch update started 
[SYS] 2025/04/01 - 08:52:44 | batch update finished 
[SYS] 2025/04/01 - 08:52:49 | batch update started 
[SYS] 2025/04/01 - 08:52:49 | batch update finished 
[SYS] 2025/04/01 - 08:52:54 | syncing channels from database 
[SYS] 2025/04/01 - 08:52:54 | channels synced from database 
[SYS] 2025/04/01 - 08:52:54 | syncing options from database 
[SYS] 2025/04/01 - 08:52:54 | 任务进度轮询开始 
[SYS] 2025/04/01 - 08:52:54 | 任务进度轮询完成 
[SYS] 2025/04/01 - 08:52:54 | batch update started 
[SYS] 2025/04/01 - 08:52:54 | batch update finished 
[SYS] 2025/04/01 - 08:52:59 | batch update started 
[SYS] 2025/04/01 - 08:52:59 | batch update finished 
[SYS] 2025/04/01 - 08:53:04 | batch update started 
[SYS] 2025/04/01 - 08:53:04 | batch update finished 
[SYS] 2025/04/01 - 08:53:09 | 任务进度轮询开始 
[SYS] 2025/04/01 - 08:53:09 | 任务进度轮询完成 
[SYS] 2025/04/01 - 08:53:09 | batch update started 
[SYS] 2025/04/01 - 08:53:09 | batch update finished 
[SYS] 2025/04/01 - 08:53:14 | batch update started 
[SYS] 2025/04/01 - 08:53:14 | batch update finished 
[SYS] 2025/04/01 - 08:53:19 | batch update started 
[SYS] 2025/04/01 - 08:53:19 | batch update finished 
[SYS] 2025/04/01 - 08:53:24 | 任务进度轮询开始 
[SYS] 2025/04/01 - 08:53:24 | 任务进度轮询完成 
[SYS] 2025/04/01 - 08:53:24 | batch update started 
[SYS] 2025/04/01 - 08:53:24 | batch update finished 
[SYS] 2025/04/01 - 08:53:29 | batch update started 
[SYS] 2025/04/01 - 08:53:29 | batch update finished 
[SYS] 2025/04/01 - 08:53:34 | batch update started 
[SYS] 2025/04/01 - 08:53:34 | batch update finished 
[SYS] 2025/04/01 - 08:53:39 | 任务进度轮询开始 
[SYS] 2025/04/01 - 08:53:39 | 任务进度轮询完成 
[SYS] 2025/04/01 - 08:53:39 | batch update started 
[SYS] 2025/04/01 - 08:53:39 | batch update finished 
[SYS] 2025/04/01 - 08:53:44 | batch update started 
[SYS] 2025/04/01 - 08:53:44 | batch update finished 
[SYS] 2025/04/01 - 08:53:49 | batch update started 
[SYS] 2025/04/01 - 08:53:49 | batch update finished 
[SYS] 2025/04/01 - 08:53:54 | 正在更新数据看板数据... 
[SYS] 2025/04/01 - 08:53:54 | 保存数据看板数据成功，共保存0条数据 
[SYS] 2025/04/01 - 08:53:54 | syncing channels from database 
[SYS] 2025/04/01 - 08:53:54 | channels synced from database 
[SYS] 2025/04/01 - 08:53:54 | syncing options from database 
[SYS] 2025/04/01 - 08:53:54 | 任务进度轮询开始 
[SYS] 2025/04/01 - 08:53:54 | 任务进度轮询完成 
[SYS] 2025/04/01 - 08:53:54 | batch update started 
[SYS] 2025/04/01 - 08:53:54 | batch update finished 
[SYS] 2025/04/01 - 08:53:59 | batch update started 
[SYS] 2025/04/01 - 08:53:59 | batch update finished 
[SYS] 2025/04/01 - 08:54:04 | batch update started 
[SYS] 2025/04/01 - 08:54:04 | batch update finished 
[SYS] 2025/04/01 - 08:54:09 | 任务进度轮询开始 
[SYS] 2025/04/01 - 08:54:09 | 任务进度轮询完成 
[SYS] 2025/04/01 - 08:54:09 | batch update started 
[SYS] 2025/04/01 - 08:54:09 | batch update finished 
[SYS] 2025/04/01 - 08:54:14 | batch update started 
[SYS] 2025/04/01 - 08:54:14 | batch update finished 
