[SYS] 2025/04/22 - 00:51:05 | New API v0.0.0 started 
[SYS] 2025/04/22 - 00:51:05 | using MySQL as database 
[SYS] 2025/04/22 - 00:51:06 | database migration started 
[SYS] 2025/04/22 - 00:51:06 | database migrated 
[SYS] 2025/04/22 - 00:51:06 | using MySQL as database 
[SYS] 2025/04/22 - 00:51:06 | database migration started 
[SYS] 2025/04/22 - 00:51:06 | Redis is enabled 
[SYS] 2025/04/22 - 00:51:06 | memory cache enabled 
[SYS] 2025/04/22 - 00:51:06 | sync frequency: 60 seconds 
[SYS] 2025/04/22 - 00:51:06 | channels synced from database 
[SYS] 2025/04/22 - 00:51:06 | batch update enabled with interval 5s 
[SYS] 2025/04/22 - 00:51:06 | 正在更新数据看板数据... 
[SYS] 2025/04/22 - 00:51:06 | 保存数据看板数据成功，共保存0条数据 
[SYS] 2025/04/22 - 00:51:06 | pprof enabled 
[SYS] 2025/04/22 - 00:51:06 | initializing token encoders 
[SYS] 2025/04/22 - 00:51:07 | token encoders initialized 
[SYS] 2025/04/22 - 00:51:07 | FRONTEND_BASE_URL is ignored on master node 
[SYS] 2025/04/22 - 00:51:09 | batch update started 
[SYS] 2025/04/22 - 00:51:09 | batch update finished 
[SYS] 2025/04/22 - 00:51:14 | batch update started 
[SYS] 2025/04/22 - 00:51:14 | batch update finished 
[GIN] 2025/04/22 - 00:51:14 | 20250422005114514780882pr7r0Ovj | 200 |    2.630028ms |             ::1 |     GET /login?expired=true
[GIN] 2025/04/22 - 00:51:14 | 20250422005114858331298pFLPS0t7 | 200 |    34.03779ms |             ::1 |     GET /assets/react-components-CCPUZY02.js
[GIN] 2025/04/22 - 00:51:14 | 20250422005114845290977HPpia1Jr | 200 |   48.175115ms |             ::1 |     GET /assets/i18n-CmOkJ515.js
[GIN] 2025/04/22 - 00:51:14 | 202504220051147564268210WDEQkxR | 200 |  155.605841ms |             ::1 |     GET /assets/tools-DfdeVlee.js
[GIN] 2025/04/22 - 00:51:14 | 20250422005114697317383fBRfqhOV | 200 |  217.937054ms |             ::1 |     GET /assets/index-CsuVGM3W.js
[GIN] 2025/04/22 - 00:51:14 | 20250422005114909860469YUjj8eVp | 200 |   62.632456ms |             ::1 |     GET /assets/semantic-BU9V41A_.js
[GIN] 2025/04/22 - 00:51:15 | 20250422005114892617268W718Fw4o | 200 |  160.338394ms |             ::1 |     GET /assets/index-WPgHA6qT.css
[GIN] 2025/04/22 - 00:51:15 | 2025042200511470105504854CrJTkf | 200 |  507.805856ms |             ::1 |     GET /assets/semi-ui-V_DQX2n-.js
[GIN] 2025/04/22 - 00:51:16 | 20250422005116757171063DhWACc72 | 200 |    2.166007ms |             ::1 |     GET /api/status
[SYS] 2025/04/22 - 00:51:19 | 任务进度轮询开始 
[SYS] 2025/04/22 - 00:51:19 | batch update started 
[SYS] 2025/04/22 - 00:51:19 | batch update finished 
[SYS] 2025/04/22 - 00:51:19 | 任务进度轮询完成 
[SYS] 2025/04/22 - 00:51:24 | batch update started 
[SYS] 2025/04/22 - 00:51:24 | batch update finished 
[SYS] 2025/04/22 - 00:51:29 | batch update started 
[SYS] 2025/04/22 - 00:51:29 | batch update finished 
[SYS] 2025/04/22 - 00:51:34 | batch update started 
[SYS] 2025/04/22 - 00:51:34 | batch update finished 
[SYS] 2025/04/22 - 00:51:34 | 任务进度轮询开始 
[SYS] 2025/04/22 - 00:51:34 | 任务进度轮询完成 
[SYS] 2025/04/22 - 00:51:36 | batch update started 
[SYS] 2025/04/22 - 00:51:36 | batch update finished 
[SYS] 2025/04/22 - 00:51:41 | batch update started 
[SYS] 2025/04/22 - 00:51:41 | batch update finished 
[GIN] 2025/04/22 - 00:51:44 | 20250422005144149114563cK4haiJV | 200 |     1.09285ms | 2c0f:f5c0:431:9d1:24ce:7bb3:718c:bc75 |     GET /
[GIN] 2025/04/22 - 00:51:44 | 20250422005144579795143UybbEvZz | 200 |    35.33189ms | 2c0f:f5c0:431:9d1:24ce:7bb3:718c:bc75 |     GET /assets/react-core-DpH4LOSy.js
[GIN] 2025/04/22 - 00:51:44 | 20250422005144579227323oD53KZhq | 200 |   114.01445ms | 2c0f:f5c0:431:9d1:24ce:7bb3:718c:bc75 |     GET /assets/index-CsuVGM3W.js
[GIN] 2025/04/22 - 00:51:44 | 202504220051445798109833lJFauG4 | 200 |   143.16236ms | 2c0f:f5c0:431:9d1:24ce:7bb3:718c:bc75 |     GET /assets/index-WPgHA6qT.css
[GIN] 2025/04/22 - 00:51:44 | 20250422005144744942323zDBxos3F | 200 |    46.68686ms | 2c0f:f5c0:431:9d1:24ce:7bb3:718c:bc75 |     GET /assets/react-components-CCPUZY02.js
[GIN] 2025/04/22 - 00:51:44 | 20250422005144745162653un6Qu8Mc | 200 |    52.69726ms | 2c0f:f5c0:431:9d1:24ce:7bb3:718c:bc75 |     GET /assets/tools-DfdeVlee.js
[GIN] 2025/04/22 - 00:51:44 | 20250422005144745339863XSQY6cyN | 200 |    64.75579ms | 2c0f:f5c0:431:9d1:24ce:7bb3:718c:bc75 |     GET /assets/semantic-BU9V41A_.js
[GIN] 2025/04/22 - 00:51:44 | 202504220051447453884834fQg576m | 200 |     81.5089ms | 2c0f:f5c0:431:9d1:24ce:7bb3:718c:bc75 |     GET /assets/i18n-CmOkJ515.js
[GIN] 2025/04/22 - 00:51:44 | 20250422005144745243833mi2q6Lq1 | 200 |   133.50667ms | 2c0f:f5c0:431:9d1:24ce:7bb3:718c:bc75 |     GET /assets/semi-ui-Jq3oSxx4.css
[GIN] 2025/04/22 - 00:51:45 | 20250422005144744966413nsNIEJEd | 200 |   392.00689ms | 2c0f:f5c0:431:9d1:24ce:7bb3:718c:bc75 |     GET /assets/semi-ui-V_DQX2n-.js
[SYS] 2025/04/22 - 00:51:46 | batch update started 
[SYS] 2025/04/22 - 00:51:46 | batch update finished 
[SYS] 2025/04/22 - 00:51:46 | 任务进度轮询开始 
[SYS] 2025/04/22 - 00:51:46 | 任务进度轮询完成 
[GIN] 2025/04/22 - 00:51:48 | 20250422005148298860823i4Jg04s8 | 200 |     1.55287ms | 2c0f:f5c0:431:9d1:24ce:7bb3:718c:bc75 |     GET /assets/index-tjkN1JME.js
[GIN] 2025/04/22 - 00:51:48 | 2025042200514829881946356Ne1578 | 200 |      1.8997ms | 2c0f:f5c0:431:9d1:24ce:7bb3:718c:bc75 |     GET /api/status
[GIN] 2025/04/22 - 00:51:48 | 20250422005148319450513tpwEJ003 | 200 |    29.72992ms | 2c0f:f5c0:431:9d1:24ce:7bb3:718c:bc75 |     GET /assets/lato-v15-latin-bold-Dj654xud.woff2
[GIN] 2025/04/22 - 00:51:48 | 20250422005148327841533GvCsy3Y1 | 200 |    21.51732ms | 2c0f:f5c0:431:9d1:24ce:7bb3:718c:bc75 |     GET /assets/lato-v15-latin-regular-CNtt3gFW.woff2
[SYS] 2025/04/22 - 00:51:51 | batch update started 
[SYS] 2025/04/22 - 00:51:51 | batch update finished 
[GIN] 2025/04/22 - 00:51:53 | 202504220051531378156512wyGw9hw | 200 |     936.026µs | 2c0f:f5c0:431:9d1:24ce:7bb3:718c:bc75 |     GET /logo.png
[SYS] 2025/04/22 - 00:51:56 | batch update started 
[SYS] 2025/04/22 - 00:51:56 | batch update finished 
[SYS] 2025/04/22 - 00:52:01 | syncing channels from database 
[SYS] 2025/04/22 - 00:52:01 | syncing options from database 
[SYS] 2025/04/22 - 00:52:01 | batch update started 
[SYS] 2025/04/22 - 00:52:01 | batch update finished 
[SYS] 2025/04/22 - 00:52:01 | channels synced from database 
[SYS] 2025/04/22 - 00:52:01 | 任务进度轮询开始 
[SYS] 2025/04/22 - 00:52:01 | 任务进度轮询完成 
[GIN] 2025/04/22 - 00:52:02 | 20250422005202754318271Cgdibu4j | 200 |    1.159797ms | 149.154.161.230 |     GET /
[SYS] 2025/04/22 - 00:52:04 | batch update started 
[SYS] 2025/04/22 - 00:52:04 | batch update finished 
[SYS] 2025/04/22 - 00:52:09 | batch update started 
[SYS] 2025/04/22 - 00:52:09 | batch update finished 
[SYS] 2025/04/22 - 00:52:14 | batch update started 
[SYS] 2025/04/22 - 00:52:14 | batch update finished 
[SYS] 2025/04/22 - 00:52:14 | 任务进度轮询开始 
[SYS] 2025/04/22 - 00:52:14 | 任务进度轮询完成 
[SYS] 2025/04/22 - 00:52:19 | batch update started 
[SYS] 2025/04/22 - 00:52:19 | batch update finished 
[SYS] 2025/04/22 - 00:52:24 | batch update started 
[SYS] 2025/04/22 - 00:52:24 | batch update finished 
[SYS] 2025/04/22 - 00:52:29 | batch update started 
[SYS] 2025/04/22 - 00:52:29 | batch update finished 
[SYS] 2025/04/22 - 00:52:29 | 任务进度轮询开始 
[SYS] 2025/04/22 - 00:52:29 | 任务进度轮询完成 
[SYS] 2025/04/22 - 00:52:31 | batch update started 
[SYS] 2025/04/22 - 00:52:31 | batch update finished 
[SYS] 2025/04/22 - 00:52:36 | batch update started 
[SYS] 2025/04/22 - 00:52:36 | batch update finished 
[SYS] 2025/04/22 - 00:52:41 | batch update started 
[SYS] 2025/04/22 - 00:52:41 | batch update finished 
[SYS] 2025/04/22 - 00:52:41 | 任务进度轮询开始 
[SYS] 2025/04/22 - 00:52:41 | 任务进度轮询完成 
[SYS] 2025/04/22 - 00:52:46 | batch update started 
[SYS] 2025/04/22 - 00:52:46 | batch update finished 
[SYS] 2025/04/22 - 00:52:51 | batch update started 
[SYS] 2025/04/22 - 00:52:51 | batch update finished 
[GIN] 2025/04/22 - 00:52:53 | 20250422005253159502076cGUdcXDW | 200 |    1.707636ms | 2c0f:f5c0:431:9d1:5170:275b:a790:83dc |     GET /
[GIN] 2025/04/22 - 00:52:53 | 202504220052535463345752Y61RpBG | 200 |   30.905338ms | 2c0f:f5c0:431:9d1:5170:275b:a790:83dc |     GET /assets/react-core-DpH4LOSy.js
[GIN] 2025/04/22 - 00:52:53 | 20250422005253599958993QuNRqSHZ | 200 |    40.18801ms | 2c0f:f5c0:431:9d1:5170:275b:a790:83dc |     GET /assets/tools-DfdeVlee.js
[GIN] 2025/04/22 - 00:52:53 | 202504220052537658124569Afas99L | 200 |   10.963784ms | 2c0f:f5c0:431:9d1:5170:275b:a790:83dc |     GET /assets/react-components-CCPUZY02.js
[GIN] 2025/04/22 - 00:52:53 | 20250422005253772664259KS25mHtV | 200 |    55.98065ms | 2c0f:f5c0:431:9d1:5170:275b:a790:83dc |     GET /assets/i18n-CmOkJ515.js
[GIN] 2025/04/22 - 00:52:53 | 202504220052537724359685MPy44XN | 200 |  122.506312ms | 2c0f:f5c0:431:9d1:5170:275b:a790:83dc |     GET /assets/index-WPgHA6qT.css
[GIN] 2025/04/22 - 00:52:53 | 20250422005253771462744R2P7lnnn | 200 |   140.49298ms | 2c0f:f5c0:431:9d1:5170:275b:a790:83dc |     GET /assets/semantic-BU9V41A_.js
[GIN] 2025/04/22 - 00:52:53 | 20250422005253630812930dKbvl2VA | 200 |  294.148813ms | 2c0f:f5c0:431:9d1:5170:275b:a790:83dc |     GET /assets/index-CsuVGM3W.js
[GIN] 2025/04/22 - 00:52:53 | 20250422005253772191895o6Q02GhP | 200 |  171.507477ms | 2c0f:f5c0:431:9d1:5170:275b:a790:83dc |     GET /assets/semi-ui-Jq3oSxx4.css
[GIN] 2025/04/22 - 00:52:54 | 20250422005253771730380xqBoiKfB | 200 |  452.519522ms | 2c0f:f5c0:431:9d1:5170:275b:a790:83dc |     GET /assets/semi-ui-V_DQX2n-.js
[SYS] 2025/04/22 - 00:52:56 | syncing channels from database 
[SYS] 2025/04/22 - 00:52:56 | channels synced from database 
[SYS] 2025/04/22 - 00:52:56 | batch update started 
[SYS] 2025/04/22 - 00:52:56 | batch update finished 
[SYS] 2025/04/22 - 00:52:56 | 任务进度轮询开始 
[SYS] 2025/04/22 - 00:52:56 | syncing options from database 
[SYS] 2025/04/22 - 00:52:56 | 任务进度轮询完成 
[GIN] 2025/04/22 - 00:52:57 | 202504220052574580351371V44ibrN | 200 |    1.535751ms | 2c0f:f5c0:431:9d1:5170:275b:a790:83dc |     GET /assets/index-tjkN1JME.js
[GIN] 2025/04/22 - 00:52:57 | 20250422005257471246289LucjFtLK | 200 |    2.993728ms | 2c0f:f5c0:431:9d1:5170:275b:a790:83dc |     GET /assets/lato-v15-latin-bold-Dj654xud.woff2
[GIN] 2025/04/22 - 00:52:57 | 20250422005257471806802Xvmi6rfv | 200 |    2.823375ms | 2c0f:f5c0:431:9d1:5170:275b:a790:83dc |     GET /assets/lato-v15-latin-regular-CNtt3gFW.woff2
[GIN] 2025/04/22 - 00:52:57 | 20250422005257475121927UJLxeMon | 200 |    1.437917ms | 2c0f:f5c0:431:9d1:5170:275b:a790:83dc |     GET /api/status
[GIN] 2025/04/22 - 00:52:58 | 20250422005258321049210AyXTjgad | 200 |    1.113623ms | 2c0f:f5c0:431:9d1:5170:275b:a790:83dc |     GET /logo.png
[SYS] 2025/04/22 - 00:52:59 | batch update started 
[SYS] 2025/04/22 - 00:52:59 | batch update finished 
[SYS] 2025/04/22 - 00:53:04 | batch update started 
[SYS] 2025/04/22 - 00:53:04 | batch update finished 
[SYS] 2025/04/22 - 00:53:09 | batch update started 
[SYS] 2025/04/22 - 00:53:09 | batch update finished 
[SYS] 2025/04/22 - 00:53:09 | 任务进度轮询开始 
[SYS] 2025/04/22 - 00:53:09 | 任务进度轮询完成 
[SYS] 2025/04/22 - 00:53:14 | batch update started 
[SYS] 2025/04/22 - 00:53:14 | batch update finished 
[SYS] 2025/04/22 - 00:53:19 | batch update started 
[SYS] 2025/04/22 - 00:53:19 | batch update finished 
[SYS] 2025/04/22 - 00:53:24 | batch update started 
[SYS] 2025/04/22 - 00:53:24 | batch update finished 
[SYS] 2025/04/22 - 00:53:24 | 任务进度轮询开始 
[SYS] 2025/04/22 - 00:53:24 | 任务进度轮询完成 
[SYS] 2025/04/22 - 00:53:26 | batch update started 
[SYS] 2025/04/22 - 00:53:26 | batch update finished 
[SYS] 2025/04/22 - 00:53:31 | batch update started 
[SYS] 2025/04/22 - 00:53:31 | batch update finished 
[SYS] 2025/04/22 - 00:53:36 | batch update started 
[SYS] 2025/04/22 - 00:53:36 | batch update finished 
[SYS] 2025/04/22 - 00:53:37 | 任务进度轮询开始 
[SYS] 2025/04/22 - 00:53:37 | 任务进度轮询完成 
[SYS] 2025/04/22 - 00:53:41 | batch update started 
[SYS] 2025/04/22 - 00:53:41 | batch update finished 
[SYS] 2025/04/22 - 00:53:46 | batch update started 
[SYS] 2025/04/22 - 00:53:46 | batch update finished 
[SYS] 2025/04/22 - 00:53:51 | syncing channels from database 
[SYS] 2025/04/22 - 00:53:51 | channels synced from database 
[SYS] 2025/04/22 - 00:53:51 | batch update started 
[SYS] 2025/04/22 - 00:53:51 | batch update finished 
[SYS] 2025/04/22 - 00:53:52 | syncing options from database 
[SYS] 2025/04/22 - 00:53:52 | 任务进度轮询开始 
[SYS] 2025/04/22 - 00:53:52 | 任务进度轮询完成 
[SYS] 2025/04/22 - 00:53:54 | batch update started 
[SYS] 2025/04/22 - 00:53:54 | batch update finished 
[SYS] 2025/04/22 - 00:53:59 | batch update started 
[SYS] 2025/04/22 - 00:53:59 | batch update finished 
[SYS] 2025/04/22 - 00:54:04 | batch update started 
[SYS] 2025/04/22 - 00:54:04 | batch update finished 
[SYS] 2025/04/22 - 00:54:04 | 任务进度轮询开始 
[SYS] 2025/04/22 - 00:54:04 | 任务进度轮询完成 
[SYS] 2025/04/22 - 00:54:09 | batch update started 
[SYS] 2025/04/22 - 00:54:09 | batch update finished 
[SYS] 2025/04/22 - 00:54:14 | batch update started 
[SYS] 2025/04/22 - 00:54:14 | batch update finished 
[SYS] 2025/04/22 - 00:54:19 | batch update started 
[SYS] 2025/04/22 - 00:54:19 | batch update finished 
[SYS] 2025/04/22 - 00:54:19 | 任务进度轮询开始 
[SYS] 2025/04/22 - 00:54:19 | 任务进度轮询完成 
[SYS] 2025/04/22 - 00:54:21 | batch update started 
[SYS] 2025/04/22 - 00:54:21 | batch update finished 
[SYS] 2025/04/22 - 00:54:26 | batch update started 
[SYS] 2025/04/22 - 00:54:26 | batch update finished 
[SYS] 2025/04/22 - 00:54:31 | batch update started 
[SYS] 2025/04/22 - 00:54:31 | batch update finished 
[SYS] 2025/04/22 - 00:54:31 | 任务进度轮询开始 
[SYS] 2025/04/22 - 00:54:31 | 任务进度轮询完成 
[SYS] 2025/04/22 - 00:54:36 | batch update started 
[SYS] 2025/04/22 - 00:54:36 | batch update finished 
[SYS] 2025/04/22 - 00:54:41 | batch update started 
[SYS] 2025/04/22 - 00:54:41 | batch update finished 
[SYS] 2025/04/22 - 00:54:46 | syncing channels from database 
[SYS] 2025/04/22 - 00:54:46 | channels synced from database 
[SYS] 2025/04/22 - 00:54:46 | syncing options from database 
[SYS] 2025/04/22 - 00:54:46 | batch update started 
[SYS] 2025/04/22 - 00:54:46 | batch update finished 
[SYS] 2025/04/22 - 00:54:46 | 任务进度轮询开始 
[SYS] 2025/04/22 - 00:54:47 | 任务进度轮询完成 
[SYS] 2025/04/22 - 00:54:49 | batch update started 
[SYS] 2025/04/22 - 00:54:49 | batch update finished 
[SYS] 2025/04/22 - 00:54:54 | batch update started 
[SYS] 2025/04/22 - 00:54:54 | batch update finished 
[SYS] 2025/04/22 - 00:54:59 | batch update started 
[SYS] 2025/04/22 - 00:54:59 | batch update finished 
[SYS] 2025/04/22 - 00:54:59 | 任务进度轮询开始 
[SYS] 2025/04/22 - 00:54:59 | 任务进度轮询完成 
[SYS] 2025/04/22 - 00:55:04 | batch update started 
[SYS] 2025/04/22 - 00:55:04 | batch update finished 
[SYS] 2025/04/22 - 00:55:09 | batch update started 
[SYS] 2025/04/22 - 00:55:09 | batch update finished 
[SYS] 2025/04/22 - 00:55:14 | batch update started 
[SYS] 2025/04/22 - 00:55:14 | batch update finished 
[SYS] 2025/04/22 - 00:55:14 | 任务进度轮询开始 
[SYS] 2025/04/22 - 00:55:14 | 任务进度轮询完成 
[SYS] 2025/04/22 - 00:55:16 | batch update started 
[SYS] 2025/04/22 - 00:55:16 | batch update finished 
[SYS] 2025/04/22 - 00:55:21 | batch update started 
[SYS] 2025/04/22 - 00:55:21 | batch update finished 
[SYS] 2025/04/22 - 00:55:26 | batch update started 
[SYS] 2025/04/22 - 00:55:26 | batch update finished 
[SYS] 2025/04/22 - 00:55:26 | 任务进度轮询开始 
[SYS] 2025/04/22 - 00:55:26 | 任务进度轮询完成 
[SYS] 2025/04/22 - 00:55:31 | batch update started 
[SYS] 2025/04/22 - 00:55:31 | batch update finished 
[SYS] 2025/04/22 - 00:55:36 | batch update started 
[SYS] 2025/04/22 - 00:55:36 | batch update finished 
[SYS] 2025/04/22 - 00:55:41 | 正在更新数据看板数据... 
[SYS] 2025/04/22 - 00:55:41 | 保存数据看板数据成功，共保存0条数据 
[SYS] 2025/04/22 - 00:55:41 | syncing channels from database 
[SYS] 2025/04/22 - 00:55:41 | channels synced from database 
[SYS] 2025/04/22 - 00:55:41 | batch update started 
[SYS] 2025/04/22 - 00:55:41 | batch update finished 
[SYS] 2025/04/22 - 00:55:41 | syncing options from database 
[SYS] 2025/04/22 - 00:55:41 | 任务进度轮询开始 
[SYS] 2025/04/22 - 00:55:41 | 任务进度轮询完成 
[SYS] 2025/04/22 - 00:55:44 | batch update started 
[SYS] 2025/04/22 - 00:55:44 | batch update finished 
[SYS] 2025/04/22 - 00:55:49 | batch update started 
[SYS] 2025/04/22 - 00:55:49 | batch update finished 
[SYS] 2025/04/22 - 00:55:54 | batch update started 
[SYS] 2025/04/22 - 00:55:54 | batch update finished 
[SYS] 2025/04/22 - 00:55:54 | 任务进度轮询开始 
[SYS] 2025/04/22 - 00:55:54 | 任务进度轮询完成 
[SYS] 2025/04/22 - 00:55:59 | batch update started 
[SYS] 2025/04/22 - 00:55:59 | batch update finished 
[SYS] 2025/04/22 - 00:56:04 | batch update started 
[SYS] 2025/04/22 - 00:56:04 | batch update finished 
[SYS] 2025/04/22 - 00:56:09 | batch update started 
[SYS] 2025/04/22 - 00:56:09 | batch update finished 
[SYS] 2025/04/22 - 00:56:09 | 任务进度轮询开始 
[SYS] 2025/04/22 - 00:56:09 | 任务进度轮询完成 
[SYS] 2025/04/22 - 00:56:11 | batch update started 
[SYS] 2025/04/22 - 00:56:11 | batch update finished 
[SYS] 2025/04/22 - 00:56:16 | batch update started 
[SYS] 2025/04/22 - 00:56:16 | batch update finished 
[SYS] 2025/04/22 - 00:56:21 | batch update started 
[SYS] 2025/04/22 - 00:56:21 | batch update finished 
[SYS] 2025/04/22 - 00:56:21 | 任务进度轮询开始 
[SYS] 2025/04/22 - 00:56:21 | 任务进度轮询完成 
[SYS] 2025/04/22 - 00:56:26 | batch update started 
[SYS] 2025/04/22 - 00:56:26 | batch update finished 
[SYS] 2025/04/22 - 00:56:31 | batch update started 
[SYS] 2025/04/22 - 00:56:31 | batch update finished 
