[SYS] 2025/04/15 - 16:29:20 | New API v0.0.0 started 
[SYS] 2025/04/15 - 16:29:20 | using MySQL as database 
[SYS] 2025/04/15 - 16:29:20 | database migration started 
[SYS] 2025/04/15 - 16:29:21 | database migrated 
[SYS] 2025/04/15 - 16:29:21 | using MySQL as database 
[SYS] 2025/04/15 - 16:29:21 | database migration started 
[SYS] 2025/04/15 - 16:29:21 | Redis is enabled 
[SYS] 2025/04/15 - 16:29:21 | memory cache enabled 
[SYS] 2025/04/15 - 16:29:21 | sync frequency: 60 seconds 
[SYS] 2025/04/15 - 16:29:21 | channels synced from database 
[SYS] 2025/04/15 - 16:29:21 | batch update enabled with interval 5s 
[SYS] 2025/04/15 - 16:29:21 | pprof enabled 
[SYS] 2025/04/15 - 16:29:21 | initializing token encoders 
[SYS] 2025/04/15 - 16:29:21 | 正在更新数据看板数据... 
[SYS] 2025/04/15 - 16:29:21 | 保存数据看板数据成功，共保存0条数据 
[SYS] 2025/04/15 - 16:29:23 | token encoders initialized 
[SYS] 2025/04/15 - 16:29:23 | FRONTEND_BASE_URL is ignored on master node 
[GIN] 2025/04/15 - 16:29:25 | 20250415162925274760359TCAycCAf | 200 |    1.166424ms |             ::1 |     GET /login
[SYS] 2025/04/15 - 16:29:26 | batch update started 
[SYS] 2025/04/15 - 16:29:26 | batch update finished 
[GIN] 2025/04/15 - 16:29:26 | 202504151629268031592523hhbCELc | 200 |    6.040296ms |             ::1 |     GET /
[GIN] 2025/04/15 - 16:29:31 | 20250415162931241317164FZq9sboW | 200 |    1.164535ms |             ::1 |     GET /api/status
[SYS] 2025/04/15 - 16:29:31 | batch update started 
[SYS] 2025/04/15 - 16:29:31 | batch update finished 
[SYS] 2025/04/15 - 16:29:36 | batch update started 
[SYS] 2025/04/15 - 16:29:36 | batch update finished 
[SYS] 2025/04/15 - 16:29:36 | 任务进度轮询开始 
[SYS] 2025/04/15 - 16:29:36 | 任务进度轮询完成 
[SYS] 2025/04/15 - 16:29:41 | batch update started 
[SYS] 2025/04/15 - 16:29:41 | batch update finished 
[SYS] 2025/04/15 - 16:29:46 | batch update started 
[SYS] 2025/04/15 - 16:29:46 | batch update finished 
[SYS] 2025/04/15 - 16:29:50 | 任务进度轮询开始 
[SYS] 2025/04/15 - 16:29:50 | batch update started 
[SYS] 2025/04/15 - 16:29:50 | batch update finished 
[SYS] 2025/04/15 - 16:29:50 | 任务进度轮询完成 
[SYS] 2025/04/15 - 16:29:55 | batch update started 
[SYS] 2025/04/15 - 16:29:55 | batch update finished 
[SYS] 2025/04/15 - 16:30:00 | batch update started 
[SYS] 2025/04/15 - 16:30:00 | batch update finished 
[SYS] 2025/04/15 - 16:30:05 | 任务进度轮询开始 
[SYS] 2025/04/15 - 16:30:05 | batch update started 
[SYS] 2025/04/15 - 16:30:05 | batch update finished 
[SYS] 2025/04/15 - 16:30:05 | 任务进度轮询完成 
[SYS] 2025/04/15 - 16:30:10 | batch update started 
[SYS] 2025/04/15 - 16:30:10 | batch update finished 
[SYS] 2025/04/15 - 16:30:15 | batch update started 
[SYS] 2025/04/15 - 16:30:15 | batch update finished 
[SYS] 2025/04/15 - 16:30:20 | syncing options from database 
[SYS] 2025/04/15 - 16:30:20 | syncing channels from database 
[SYS] 2025/04/15 - 16:30:20 | channels synced from database 
[SYS] 2025/04/15 - 16:30:20 | 任务进度轮询开始 
[SYS] 2025/04/15 - 16:30:20 | 任务进度轮询完成 
[SYS] 2025/04/15 - 16:30:20 | batch update started 
[SYS] 2025/04/15 - 16:30:20 | batch update finished 
[SYS] 2025/04/15 - 16:30:24 | batch update started 
[SYS] 2025/04/15 - 16:30:24 | batch update finished 
[SYS] 2025/04/15 - 16:30:29 | batch update started 
[SYS] 2025/04/15 - 16:30:29 | batch update finished 
[GIN] 2025/04/15 - 16:30:31 | 20250415163031241626053qDIEMiRm | 307 |    1.824509ms |             ::1 |     GET /api/auth/google/login
[GIN] 2025/04/15 - 16:30:33 | 2025041516303283381243dgXT2iZJ | 303 |  1.403943541s |             ::1 |     GET /auth/google/callback?state=random_state&code=4%2F0Ab_5qlnNuNN5Z5VTK4Ba5Ktt4yFtFEIoMdO1_soppquTUeqO8KztQ01tofBbrpNlJjCK4A&scope=email+profile+https%3A%2F%2Fwww.googleapis.com%2Fauth%2Fuserinfo.email+https%3A%2F%2Fwww.googleapis.com%2Fauth%2Fuserinfo.profile+openid&authuser=0&prompt=none
[GIN] 2025/04/15 - 16:30:33 | 20250415163033669946926bjwQD0Kc | 200 |    1.027803ms |             ::1 |     GET /login?token=eyJhbGciOiJIUzI1NiIsInR5cCI6IkpXVCJ9.eyJlbWFpbCI6Imtpbmdzb2JlY0BnbWFpbC5jb20iLCJleHAiOjE3NDczMjMwMzMsImlkIjoxNCwicm5kIjoxNzQ0NzMxMDMzNDg3MjU4Njc0fQ.FiicNdlmP3OJLtDtQOPkk5an6HZeE1S8CvgB7FHNvxw
[SYS] 2025/04/15 - 16:30:34 | 任务进度轮询开始 
[SYS] 2025/04/15 - 16:30:34 | 任务进度轮询完成 
[SYS] 2025/04/15 - 16:30:34 | batch update started 
[SYS] 2025/04/15 - 16:30:34 | batch update finished 
[GIN] 2025/04/15 - 16:30:35 | 20250415163035149214592opg8IFO6 | 200 |    1.052511ms |             ::1 |     GET /api/status
[GIN] 2025/04/15 - 16:30:35 | 20250415163035305525239CPVwU5TM | 200 |    3.330699ms |             ::1 |     GET /api/user/self
[GIN] 2025/04/15 - 16:30:36 | 202504151630361462083039wlRwLds | 200 |    4.166224ms |             ::1 |     GET /api/user/models
[GIN] 2025/04/15 - 16:30:36 | 202504151630361463875936PXZltXn | 200 |    4.437165ms |             ::1 |     GET /api/user/self/groups
[GIN] 2025/04/15 - 16:30:36 | 20250415163036291068988FSoCzg2l | 200 |    4.048493ms |             ::1 |     GET /api/token/?p=0&size=10
[SYS] 2025/04/15 - 16:30:39 | batch update started 
[SYS] 2025/04/15 - 16:30:39 | batch update finished 
[GIN] 2025/04/15 - 16:30:40 | 20250415163040230539319TOKd4BhN | 200 |    3.927065ms |             ::1 |     GET /api/user/self
[SYS] 2025/04/15 - 16:30:44 | batch update started 
[SYS] 2025/04/15 - 16:30:44 | batch update finished 
[GIN] 2025/04/15 - 16:30:46 | 20250415163046259787929dPhxd3zf | 200 |    1.496542ms |             ::1 |     GET /api/user/logout
[SYS] 2025/04/15 - 16:30:49 | 任务进度轮询开始 
[SYS] 2025/04/15 - 16:30:49 | 任务进度轮询完成 
[SYS] 2025/04/15 - 16:30:49 | batch update started 
[SYS] 2025/04/15 - 16:30:49 | batch update finished 
[SYS] 2025/04/15 - 16:30:52 | batch update started 
[SYS] 2025/04/15 - 16:30:52 | batch update finished 
[GIN] 2025/04/15 - 16:30:53 | 20250415163052718778631i4rTStq2 | 200 |  281.287498ms |             ::1 |    POST /api/user/login?turnstile=
[GIN] 2025/04/15 - 16:30:53 | 20250415163053481031486g6L6pPcn | 200 |    3.904526ms |             ::1 |     GET /api/user/models
[GIN] 2025/04/15 - 16:30:53 | 20250415163053486102290wPURkBna | 200 |     2.69884ms |             ::1 |     GET /api/user/self/groups
[GIN] 2025/04/15 - 16:30:53 | 202504151630534943993043QsD1kOB | 200 |    2.662149ms |             ::1 |     GET /api/token/?p=0&size=10
[SYS] 2025/04/15 - 16:30:57 | batch update started 
[SYS] 2025/04/15 - 16:30:57 | batch update finished 
[GIN] 2025/04/15 - 16:31:00 | 20250415163100244473194WsWRFc15 | 200 |    2.349218ms |             ::1 |     GET /api/option/
[GIN] 2025/04/15 - 16:31:00 | 20250415163100247239926Ej1AtBhg | 200 |    4.205263ms |             ::1 |     GET /api/channel/models_enabled
[GIN] 2025/04/15 - 16:31:01 | 202504151631018256102795TBKE9o9 | 200 |    4.964221ms |             ::1 |     GET /api/option/
[SYS] 2025/04/15 - 16:31:02 | 任务进度轮询开始 
[SYS] 2025/04/15 - 16:31:02 | 任务进度轮询完成 
[SYS] 2025/04/15 - 16:31:02 | batch update started 
[SYS] 2025/04/15 - 16:31:02 | batch update finished 
[SYS] 2025/04/15 - 16:31:07 | batch update started 
[SYS] 2025/04/15 - 16:31:07 | batch update finished 
[SYS] 2025/04/15 - 16:31:12 | batch update started 
[SYS] 2025/04/15 - 16:31:12 | batch update finished 
[SYS] 2025/04/15 - 16:31:17 | syncing options from database 
[SYS] 2025/04/15 - 16:31:17 | syncing channels from database 
[SYS] 2025/04/15 - 16:31:17 | channels synced from database 
[SYS] 2025/04/15 - 16:31:17 | 任务进度轮询开始 
[SYS] 2025/04/15 - 16:31:17 | 任务进度轮询完成 
[SYS] 2025/04/15 - 16:31:17 | batch update started 
[SYS] 2025/04/15 - 16:31:17 | batch update finished 
[SYS] 2025/04/15 - 16:31:22 | batch update started 
[SYS] 2025/04/15 - 16:31:22 | batch update finished 
[GIN] 2025/04/15 - 16:31:23 | 20250415163123440488063Ibm8EAl3 | 200 |  389.327872ms |             ::1 |     PUT /api/option/
[GIN] 2025/04/15 - 16:31:24 | 20250415163123965496002b21ZfMhv | 200 |  235.270277ms |             ::1 |     PUT /api/option/
[SYS] 2025/04/15 - 16:31:26 | batch update started 
[SYS] 2025/04/15 - 16:31:26 | batch update finished 
[SYS] 2025/04/15 - 16:31:31 | 任务进度轮询开始 
[SYS] 2025/04/15 - 16:31:31 | 任务进度轮询完成 
[SYS] 2025/04/15 - 16:31:31 | batch update started 
[SYS] 2025/04/15 - 16:31:31 | batch update finished 
[SYS] 2025/04/15 - 16:31:36 | batch update started 
[SYS] 2025/04/15 - 16:31:36 | batch update finished 
[SYS] 2025/04/15 - 16:31:41 | batch update started 
[SYS] 2025/04/15 - 16:31:41 | batch update finished 
[SYS] 2025/04/15 - 16:31:46 | 任务进度轮询开始 
[SYS] 2025/04/15 - 16:31:46 | 任务进度轮询完成 
[SYS] 2025/04/15 - 16:31:46 | batch update started 
[SYS] 2025/04/15 - 16:31:46 | batch update finished 
[SYS] 2025/04/15 - 16:31:51 | batch update started 
[SYS] 2025/04/15 - 16:31:51 | batch update finished 
[GIN] 2025/04/15 - 16:31:52 | 20250415163152455068454RZKnh2Xl | 200 |  464.456556ms |             ::1 |     PUT /api/option/
[SYS] 2025/04/15 - 16:31:54 | batch update started 
[SYS] 2025/04/15 - 16:31:54 | batch update finished 
[GIN] 2025/04/15 - 16:31:56 | 20250415163156853117500JMMeOVqJ | 200 |     4.48044ms |             ::1 |     PUT /api/option/
[SYS] 2025/04/15 - 16:31:59 | 任务进度轮询开始 
[SYS] 2025/04/15 - 16:31:59 | 任务进度轮询完成 
[SYS] 2025/04/15 - 16:31:59 | batch update started 
[SYS] 2025/04/15 - 16:31:59 | batch update finished 
[SYS] 2025/04/15 - 16:32:04 | batch update started 
[SYS] 2025/04/15 - 16:32:04 | batch update finished 
[SYS] 2025/04/15 - 16:32:09 | batch update started 
[SYS] 2025/04/15 - 16:32:09 | batch update finished 
[SYS] 2025/04/15 - 16:32:14 | syncing options from database 
[SYS] 2025/04/15 - 16:32:14 | syncing channels from database 
[SYS] 2025/04/15 - 16:32:14 | channels synced from database 
[SYS] 2025/04/15 - 16:32:14 | 任务进度轮询开始 
[SYS] 2025/04/15 - 16:32:14 | 任务进度轮询完成 
[SYS] 2025/04/15 - 16:32:14 | batch update started 
[SYS] 2025/04/15 - 16:32:14 | batch update finished 
[SYS] 2025/04/15 - 16:32:19 | batch update started 
[SYS] 2025/04/15 - 16:32:19 | batch update finished 
[SYS] 2025/04/15 - 16:32:23 | batch update started 
[SYS] 2025/04/15 - 16:32:23 | batch update finished 
[SYS] 2025/04/15 - 16:32:28 | 任务进度轮询开始 
[SYS] 2025/04/15 - 16:32:28 | 任务进度轮询完成 
[SYS] 2025/04/15 - 16:32:28 | batch update started 
[SYS] 2025/04/15 - 16:32:28 | batch update finished 
[SYS] 2025/04/15 - 16:32:33 | batch update started 
[SYS] 2025/04/15 - 16:32:33 | batch update finished 
[SYS] 2025/04/15 - 16:32:38 | batch update started 
[SYS] 2025/04/15 - 16:32:38 | batch update finished 
[SYS] 2025/04/15 - 16:32:43 | 任务进度轮询开始 
[SYS] 2025/04/15 - 16:32:43 | 任务进度轮询完成 
[SYS] 2025/04/15 - 16:32:43 | batch update started 
[SYS] 2025/04/15 - 16:32:43 | batch update finished 
[SYS] 2025/04/15 - 16:32:48 | batch update started 
[SYS] 2025/04/15 - 16:32:48 | batch update finished 
[SYS] 2025/04/15 - 16:32:53 | batch update started 
[SYS] 2025/04/15 - 16:32:53 | batch update finished 
[SYS] 2025/04/15 - 16:32:56 | 任务进度轮询开始 
[SYS] 2025/04/15 - 16:32:56 | 任务进度轮询完成 
[SYS] 2025/04/15 - 16:32:56 | batch update started 
[SYS] 2025/04/15 - 16:32:56 | batch update finished 
[SYS] 2025/04/15 - 16:33:01 | batch update started 
[SYS] 2025/04/15 - 16:33:01 | batch update finished 
[SYS] 2025/04/15 - 16:33:06 | batch update started 
[SYS] 2025/04/15 - 16:33:06 | batch update finished 
[SYS] 2025/04/15 - 16:33:11 | syncing options from database 
[SYS] 2025/04/15 - 16:33:11 | syncing channels from database 
[SYS] 2025/04/15 - 16:33:11 | channels synced from database 
[SYS] 2025/04/15 - 16:33:11 | 任务进度轮询开始 
[SYS] 2025/04/15 - 16:33:11 | 任务进度轮询完成 
[SYS] 2025/04/15 - 16:33:11 | batch update started 
[SYS] 2025/04/15 - 16:33:11 | batch update finished 
[SYS] 2025/04/15 - 16:33:16 | batch update started 
[SYS] 2025/04/15 - 16:33:16 | batch update finished 
[SYS] 2025/04/15 - 16:33:21 | batch update started 
[SYS] 2025/04/15 - 16:33:21 | batch update finished 
[SYS] 2025/04/15 - 16:33:25 | 任务进度轮询开始 
[SYS] 2025/04/15 - 16:33:25 | 任务进度轮询完成 
[SYS] 2025/04/15 - 16:33:25 | batch update started 
[SYS] 2025/04/15 - 16:33:25 | batch update finished 
[SYS] 2025/04/15 - 16:33:30 | batch update started 
[SYS] 2025/04/15 - 16:33:30 | batch update finished 
[SYS] 2025/04/15 - 16:33:35 | batch update started 
[SYS] 2025/04/15 - 16:33:35 | batch update finished 
[GIN] 2025/04/15 - 16:33:37 | 20250415163337608139933xqLCh95C | 200 |    2.726414ms |             ::1 |     GET /api/user/self
[SYS] 2025/04/15 - 16:33:40 | 任务进度轮询开始 
[SYS] 2025/04/15 - 16:33:40 | 任务进度轮询完成 
[SYS] 2025/04/15 - 16:33:40 | batch update started 
[SYS] 2025/04/15 - 16:33:40 | batch update finished 
[SYS] 2025/04/15 - 16:33:45 | batch update started 
[SYS] 2025/04/15 - 16:33:45 | batch update finished 
[SYS] 2025/04/15 - 16:33:50 | batch update started 
[SYS] 2025/04/15 - 16:33:50 | batch update finished 
[SYS] 2025/04/15 - 16:33:55 | 任务进度轮询开始 
[SYS] 2025/04/15 - 16:33:55 | 任务进度轮询完成 
[SYS] 2025/04/15 - 16:33:55 | batch update started 
[SYS] 2025/04/15 - 16:33:55 | batch update finished 
[SYS] 2025/04/15 - 16:33:59 | batch update started 
[SYS] 2025/04/15 - 16:33:59 | batch update finished 
[SYS] 2025/04/15 - 16:34:04 | batch update started 
[SYS] 2025/04/15 - 16:34:04 | batch update finished 
[SYS] 2025/04/15 - 16:34:08 | 正在更新数据看板数据... 
[SYS] 2025/04/15 - 16:34:08 | 保存数据看板数据成功，共保存0条数据 
[SYS] 2025/04/15 - 16:34:08 | syncing options from database 
[SYS] 2025/04/15 - 16:34:08 | syncing channels from database 
[SYS] 2025/04/15 - 16:34:08 | channels synced from database 
[SYS] 2025/04/15 - 16:34:09 | 任务进度轮询开始 
[SYS] 2025/04/15 - 16:34:09 | 任务进度轮询完成 
[SYS] 2025/04/15 - 16:34:09 | batch update started 
[SYS] 2025/04/15 - 16:34:09 | batch update finished 
[SYS] 2025/04/15 - 16:34:14 | batch update started 
[SYS] 2025/04/15 - 16:34:14 | batch update finished 
[SYS] 2025/04/15 - 16:34:19 | batch update started 
[SYS] 2025/04/15 - 16:34:19 | batch update finished 
[SYS] 2025/04/15 - 16:34:24 | 任务进度轮询开始 
[SYS] 2025/04/15 - 16:34:24 | 任务进度轮询完成 
[SYS] 2025/04/15 - 16:34:24 | batch update started 
[SYS] 2025/04/15 - 16:34:24 | batch update finished 
[SYS] 2025/04/15 - 16:34:27 | batch update started 
[SYS] 2025/04/15 - 16:34:27 | batch update finished 
[SYS] 2025/04/15 - 16:34:32 | batch update started 
[SYS] 2025/04/15 - 16:34:32 | batch update finished 
[SYS] 2025/04/15 - 16:34:37 | 任务进度轮询开始 
[SYS] 2025/04/15 - 16:34:37 | 任务进度轮询完成 
[SYS] 2025/04/15 - 16:34:37 | batch update started 
[SYS] 2025/04/15 - 16:34:37 | batch update finished 
[SYS] 2025/04/15 - 16:34:42 | batch update started 
[SYS] 2025/04/15 - 16:34:42 | batch update finished 
[SYS] 2025/04/15 - 16:34:47 | batch update started 
[SYS] 2025/04/15 - 16:34:47 | batch update finished 
[SYS] 2025/04/15 - 16:34:52 | 任务进度轮询开始 
[SYS] 2025/04/15 - 16:34:52 | 任务进度轮询完成 
[SYS] 2025/04/15 - 16:34:52 | batch update started 
[SYS] 2025/04/15 - 16:34:52 | batch update finished 
[SYS] 2025/04/15 - 16:34:57 | batch update started 
[SYS] 2025/04/15 - 16:34:57 | batch update finished 
[SYS] 2025/04/15 - 16:35:01 | batch update started 
[SYS] 2025/04/15 - 16:35:01 | batch update finished 
[SYS] 2025/04/15 - 16:35:06 | syncing options from database 
[SYS] 2025/04/15 - 16:35:06 | syncing channels from database 
[SYS] 2025/04/15 - 16:35:06 | channels synced from database 
[SYS] 2025/04/15 - 16:35:06 | 任务进度轮询开始 
[SYS] 2025/04/15 - 16:35:06 | 任务进度轮询完成 
[SYS] 2025/04/15 - 16:35:06 | batch update started 
[SYS] 2025/04/15 - 16:35:06 | batch update finished 
[SYS] 2025/04/15 - 16:35:11 | batch update started 
[SYS] 2025/04/15 - 16:35:11 | batch update finished 
[SYS] 2025/04/15 - 16:35:16 | batch update started 
[SYS] 2025/04/15 - 16:35:16 | batch update finished 
[SYS] 2025/04/15 - 16:35:21 | 任务进度轮询开始 
[SYS] 2025/04/15 - 16:35:21 | 任务进度轮询完成 
[SYS] 2025/04/15 - 16:35:21 | batch update started 
[SYS] 2025/04/15 - 16:35:21 | batch update finished 
[SYS] 2025/04/15 - 16:35:26 | batch update started 
[SYS] 2025/04/15 - 16:35:26 | batch update finished 
[SYS] 2025/04/15 - 16:35:29 | batch update started 
[SYS] 2025/04/15 - 16:35:29 | batch update finished 
[SYS] 2025/04/15 - 16:35:34 | 任务进度轮询开始 
[SYS] 2025/04/15 - 16:35:34 | 任务进度轮询完成 
[SYS] 2025/04/15 - 16:35:34 | batch update started 
[SYS] 2025/04/15 - 16:35:34 | batch update finished 
[SYS] 2025/04/15 - 16:35:39 | batch update started 
[SYS] 2025/04/15 - 16:35:39 | batch update finished 
[SYS] 2025/04/15 - 16:35:44 | batch update started 
[SYS] 2025/04/15 - 16:35:44 | batch update finished 
[SYS] 2025/04/15 - 16:35:49 | 任务进度轮询开始 
[SYS] 2025/04/15 - 16:35:49 | 任务进度轮询完成 
[SYS] 2025/04/15 - 16:35:49 | batch update started 
[SYS] 2025/04/15 - 16:35:49 | batch update finished 
[SYS] 2025/04/15 - 16:35:54 | batch update started 
[SYS] 2025/04/15 - 16:35:54 | batch update finished 
[GIN] 2025/04/15 - 16:35:54 | 20250415163554905675631clQtTYA3 | 200 |   51.316801ms |             ::1 |    POST /api/user/amount
[GIN] 2025/04/15 - 16:35:55 | 20250415163554978452081AE6NGaH8 | 200 |   45.719128ms |             ::1 |    POST /api/user/amount
[GIN] 2025/04/15 - 16:35:55 | 20250415163555130428765zNGQIAIX | 200 |   43.927792ms |             ::1 |    POST /api/user/amount
[SYS] 2025/04/15 - 16:35:59 | batch update started 
[SYS] 2025/04/15 - 16:35:59 | batch update finished 
[GIN] 2025/04/15 - 16:36:00 | 20250415163556718062633bf9Sdlij | 200 |  5.473892206s |             ::1 |    POST /api/user/pay
[SYS] 2025/04/15 - 16:36:03 | syncing options from database 
[SYS] 2025/04/15 - 16:36:03 | syncing channels from database 
[SYS] 2025/04/15 - 16:36:03 | channels synced from database 
[SYS] 2025/04/15 - 16:36:03 | 任务进度轮询开始 
[SYS] 2025/04/15 - 16:36:03 | 任务进度轮询完成 
[SYS] 2025/04/15 - 16:36:03 | batch update started 
[SYS] 2025/04/15 - 16:36:03 | batch update finished 
[SYS] 2025/04/15 - 16:36:08 | batch update started 
[SYS] 2025/04/15 - 16:36:08 | batch update finished 
[SYS] 2025/04/15 - 16:36:13 | batch update started 
[SYS] 2025/04/15 - 16:36:13 | batch update finished 
[SYS] 2025/04/15 - 16:36:18 | 任务进度轮询开始 
[SYS] 2025/04/15 - 16:36:18 | 任务进度轮询完成 
[SYS] 2025/04/15 - 16:36:18 | batch update started 
[SYS] 2025/04/15 - 16:36:18 | batch update finished 
[SYS] 2025/04/15 - 16:36:23 | batch update started 
[SYS] 2025/04/15 - 16:36:23 | batch update finished 
[SYS] 2025/04/15 - 16:36:28 | batch update started 
[SYS] 2025/04/15 - 16:36:28 | batch update finished 
[SYS] 2025/04/15 - 16:36:31 | 任务进度轮询开始 
[SYS] 2025/04/15 - 16:36:31 | 任务进度轮询完成 
[SYS] 2025/04/15 - 16:36:31 | batch update started 
[SYS] 2025/04/15 - 16:36:31 | batch update finished 
[SYS] 2025/04/15 - 16:36:36 | batch update started 
[SYS] 2025/04/15 - 16:36:36 | batch update finished 
[SYS] 2025/04/15 - 16:36:41 | batch update started 
[SYS] 2025/04/15 - 16:36:41 | batch update finished 
[SYS] 2025/04/15 - 16:36:46 | 任务进度轮询开始 
[SYS] 2025/04/15 - 16:36:46 | 任务进度轮询完成 
[SYS] 2025/04/15 - 16:36:46 | batch update started 
[SYS] 2025/04/15 - 16:36:46 | batch update finished 
[SYS] 2025/04/15 - 16:36:51 | batch update started 
[SYS] 2025/04/15 - 16:36:51 | batch update finished 
[SYS] 2025/04/15 - 16:36:56 | batch update started 
[SYS] 2025/04/15 - 16:36:56 | batch update finished 
[SYS] 2025/04/15 - 16:37:00 | syncing options from database 
[SYS] 2025/04/15 - 16:37:00 | syncing channels from database 
[SYS] 2025/04/15 - 16:37:00 | channels synced from database 
[SYS] 2025/04/15 - 16:37:00 | 任务进度轮询开始 
[SYS] 2025/04/15 - 16:37:00 | 任务进度轮询完成 
[SYS] 2025/04/15 - 16:37:00 | batch update started 
[SYS] 2025/04/15 - 16:37:00 | batch update finished 
[SYS] 2025/04/15 - 16:37:05 | batch update started 
[SYS] 2025/04/15 - 16:37:05 | batch update finished 
[SYS] 2025/04/15 - 16:37:10 | batch update started 
[SYS] 2025/04/15 - 16:37:10 | batch update finished 
[SYS] 2025/04/15 - 16:37:15 | 任务进度轮询开始 
[SYS] 2025/04/15 - 16:37:15 | 任务进度轮询完成 
[SYS] 2025/04/15 - 16:37:15 | batch update started 
[SYS] 2025/04/15 - 16:37:15 | batch update finished 
[SYS] 2025/04/15 - 16:37:20 | batch update started 
[SYS] 2025/04/15 - 16:37:20 | batch update finished 
[SYS] 2025/04/15 - 16:37:25 | batch update started 
[SYS] 2025/04/15 - 16:37:25 | batch update finished 
[SYS] 2025/04/15 - 16:37:30 | 任务进度轮询开始 
[SYS] 2025/04/15 - 16:37:30 | 任务进度轮询完成 
[SYS] 2025/04/15 - 16:37:30 | batch update started 
[SYS] 2025/04/15 - 16:37:30 | batch update finished 
[GIN] 2025/04/15 - 16:37:33 | 20250415163733567357595vOMVQfvx | 200 |    2.991503ms |             ::1 |     GET /login
[SYS] 2025/04/15 - 16:37:34 | batch update started 
[SYS] 2025/04/15 - 16:37:34 | batch update finished 
[SYS] 2025/04/15 - 16:37:39 | batch update started 
[SYS] 2025/04/15 - 16:37:39 | batch update finished 
[SYS] 2025/04/15 - 16:37:43 | 任务进度轮询开始 
[SYS] 2025/04/15 - 16:37:43 | 任务进度轮询完成 
[SYS] 2025/04/15 - 16:37:44 | batch update started 
[SYS] 2025/04/15 - 16:37:44 | batch update finished 
[SYS] 2025/04/15 - 16:37:49 | batch update started 
[SYS] 2025/04/15 - 16:37:49 | batch update finished 
[SYS] 2025/04/15 - 16:37:54 | batch update started 
[SYS] 2025/04/15 - 16:37:54 | batch update finished 
[SYS] 2025/04/15 - 16:37:58 | syncing options from database 
[SYS] 2025/04/15 - 16:37:58 | syncing channels from database 
[SYS] 2025/04/15 - 16:37:58 | channels synced from database 
[SYS] 2025/04/15 - 16:37:58 | 任务进度轮询开始 
[SYS] 2025/04/15 - 16:37:58 | 任务进度轮询完成 
[SYS] 2025/04/15 - 16:37:59 | batch update started 
[SYS] 2025/04/15 - 16:37:59 | batch update finished 
[SYS] 2025/04/15 - 16:38:02 | batch update started 
[SYS] 2025/04/15 - 16:38:02 | batch update finished 
[SYS] 2025/04/15 - 16:38:07 | batch update started 
[SYS] 2025/04/15 - 16:38:07 | batch update finished 
[GIN] 2025/04/15 - 16:38:09 | 20250415163809354862416W50UXJW | 200 |    1.285391ms |             ::1 |     GET /api/status
[SYS] 2025/04/15 - 16:38:12 | 任务进度轮询开始 
[SYS] 2025/04/15 - 16:38:12 | 任务进度轮询完成 
[SYS] 2025/04/15 - 16:38:12 | batch update started 
[SYS] 2025/04/15 - 16:38:12 | batch update finished 
[SYS] 2025/04/15 - 16:38:17 | batch update started 
[SYS] 2025/04/15 - 16:38:17 | batch update finished 
[SYS] 2025/04/15 - 16:38:22 | batch update started 
[SYS] 2025/04/15 - 16:38:22 | batch update finished 
[SYS] 2025/04/15 - 16:38:27 | 任务进度轮询开始 
[SYS] 2025/04/15 - 16:38:27 | 任务进度轮询完成 
[SYS] 2025/04/15 - 16:38:27 | batch update started 
[SYS] 2025/04/15 - 16:38:27 | batch update finished 
[SYS] 2025/04/15 - 16:38:32 | batch update started 
[SYS] 2025/04/15 - 16:38:32 | batch update finished 
[SYS] 2025/04/15 - 16:38:35 | batch update started 
[SYS] 2025/04/15 - 16:38:35 | batch update finished 
[SYS] 2025/04/15 - 16:38:40 | 任务进度轮询开始 
[SYS] 2025/04/15 - 16:38:40 | 任务进度轮询完成 
[SYS] 2025/04/15 - 16:38:40 | batch update started 
[SYS] 2025/04/15 - 16:38:40 | batch update finished 
[SYS] 2025/04/15 - 16:38:45 | batch update started 
[SYS] 2025/04/15 - 16:38:45 | batch update finished 
[SYS] 2025/04/15 - 16:38:50 | batch update started 
[SYS] 2025/04/15 - 16:38:50 | batch update finished 
[SYS] 2025/04/15 - 16:38:55 | testing all channels 
[SYS] 2025/04/15 - 16:38:55 | channel test finished 
[SYS] 2025/04/15 - 16:38:55 | 正在更新数据看板数据... 
[SYS] 2025/04/15 - 16:38:55 | 保存数据看板数据成功，共保存0条数据 
[SYS] 2025/04/15 - 16:38:55 | syncing options from database 
[SYS] 2025/04/15 - 16:38:55 | syncing channels from database 
[SYS] 2025/04/15 - 16:38:55 | channels synced from database 
[SYS] 2025/04/15 - 16:38:55 | 任务进度轮询开始 
[SYS] 2025/04/15 - 16:38:55 | 任务进度轮询完成 
[SYS] 2025/04/15 - 16:38:55 | batch update started 
[SYS] 2025/04/15 - 16:38:55 | batch update finished 
[SYS] 2025/04/15 - 16:39:00 | batch update started 
[SYS] 2025/04/15 - 16:39:00 | batch update finished 
[SYS] 2025/04/15 - 16:39:04 | batch update started 
[SYS] 2025/04/15 - 16:39:04 | batch update finished 
[SYS] 2025/04/15 - 16:39:09 | 任务进度轮询开始 
[SYS] 2025/04/15 - 16:39:09 | 任务进度轮询完成 
[SYS] 2025/04/15 - 16:39:09 | batch update started 
[SYS] 2025/04/15 - 16:39:09 | batch update finished 
[SYS] 2025/04/15 - 16:39:14 | batch update started 
[SYS] 2025/04/15 - 16:39:14 | batch update finished 
[SYS] 2025/04/15 - 16:39:19 | batch update started 
[SYS] 2025/04/15 - 16:39:19 | batch update finished 
[SYS] 2025/04/15 - 16:39:24 | 任务进度轮询开始 
[SYS] 2025/04/15 - 16:39:24 | 任务进度轮询完成 
[SYS] 2025/04/15 - 16:39:24 | batch update started 
[SYS] 2025/04/15 - 16:39:24 | batch update finished 
[SYS] 2025/04/15 - 16:39:29 | batch update started 
[SYS] 2025/04/15 - 16:39:29 | batch update finished 
[SYS] 2025/04/15 - 16:39:34 | batch update started 
[SYS] 2025/04/15 - 16:39:34 | batch update finished 
[SYS] 2025/04/15 - 16:39:37 | 任务进度轮询开始 
[SYS] 2025/04/15 - 16:39:37 | 任务进度轮询完成 
[SYS] 2025/04/15 - 16:39:37 | batch update started 
[SYS] 2025/04/15 - 16:39:37 | batch update finished 
[GIN] 2025/04/15 - 16:39:40 | 20250415163940897616168axtWkJet | 200 |    2.812187ms |             ::1 |     GET /api/user/self
[SYS] 2025/04/15 - 16:39:42 | batch update started 
[SYS] 2025/04/15 - 16:39:42 | batch update finished 
[GIN] 2025/04/15 - 16:39:43 | 20250415163943340402692E68SOMvh | 200 |   45.214312ms |             ::1 |    POST /api/user/amount
[GIN] 2025/04/15 - 16:39:43 | 20250415163943467604563rnOv42gG | 200 |   47.556772ms |             ::1 |    POST /api/user/amount
[GIN] 2025/04/15 - 16:39:43 | 20250415163943620016207LZmSZASf | 200 |    45.08172ms |             ::1 |    POST /api/user/amount
[GIN] 2025/04/15 - 16:39:46 | 20250415163945124521593FNLzZ5F3 | 200 |   1.43812295s |             ::1 |    POST /api/user/pay
[SYS] 2025/04/15 - 16:39:47 | batch update started 
[SYS] 2025/04/15 - 16:39:47 | batch update finished 
[SYS] 2025/04/15 - 16:39:52 | syncing options from database 
[SYS] 2025/04/15 - 16:39:52 | syncing channels from database 
[SYS] 2025/04/15 - 16:39:52 | channels synced from database 
[SYS] 2025/04/15 - 16:39:52 | 任务进度轮询开始 
[SYS] 2025/04/15 - 16:39:52 | 任务进度轮询完成 
[SYS] 2025/04/15 - 16:39:52 | batch update started 
[SYS] 2025/04/15 - 16:39:52 | batch update finished 
[SYS] 2025/04/15 - 16:39:57 | batch update started 
[SYS] 2025/04/15 - 16:39:57 | batch update finished 
[SYS] 2025/04/15 - 16:40:02 | batch update started 
[SYS] 2025/04/15 - 16:40:02 | batch update finished 
[SYS] 2025/04/15 - 16:40:06 | 任务进度轮询开始 
[SYS] 2025/04/15 - 16:40:06 | 任务进度轮询完成 
[SYS] 2025/04/15 - 16:40:06 | batch update started 
[SYS] 2025/04/15 - 16:40:06 | batch update finished 
[SYS] 2025/04/15 - 16:40:11 | batch update started 
[SYS] 2025/04/15 - 16:40:11 | batch update finished 
[SYS] 2025/04/15 - 16:40:16 | batch update started 
[SYS] 2025/04/15 - 16:40:16 | batch update finished 
[SYS] 2025/04/15 - 16:40:21 | 任务进度轮询开始 
[SYS] 2025/04/15 - 16:40:21 | 任务进度轮询完成 
[SYS] 2025/04/15 - 16:40:21 | batch update started 
[SYS] 2025/04/15 - 16:40:21 | batch update finished 
[SYS] 2025/04/15 - 16:40:26 | batch update started 
[SYS] 2025/04/15 - 16:40:26 | batch update finished 
[SYS] 2025/04/15 - 16:40:31 | batch update started 
[SYS] 2025/04/15 - 16:40:31 | batch update finished 
[SYS] 2025/04/15 - 16:40:36 | 任务进度轮询开始 
[SYS] 2025/04/15 - 16:40:36 | 任务进度轮询完成 
[SYS] 2025/04/15 - 16:40:36 | batch update started 
[SYS] 2025/04/15 - 16:40:36 | batch update finished 
[SYS] 2025/04/15 - 16:40:40 | batch update started 
[SYS] 2025/04/15 - 16:40:40 | batch update finished 
[SYS] 2025/04/15 - 16:40:45 | batch update started 
[SYS] 2025/04/15 - 16:40:45 | batch update finished 
[SYS] 2025/04/15 - 16:40:49 | syncing options from database 
[SYS] 2025/04/15 - 16:40:49 | syncing channels from database 
[SYS] 2025/04/15 - 16:40:49 | channels synced from database 
[SYS] 2025/04/15 - 16:40:49 | 任务进度轮询开始 
[SYS] 2025/04/15 - 16:40:49 | 任务进度轮询完成 
[SYS] 2025/04/15 - 16:40:50 | batch update started 
[SYS] 2025/04/15 - 16:40:50 | batch update finished 
[SYS] 2025/04/15 - 16:40:55 | batch update started 
[SYS] 2025/04/15 - 16:40:55 | batch update finished 
[SYS] 2025/04/15 - 16:41:00 | batch update started 
[SYS] 2025/04/15 - 16:41:00 | batch update finished 
[SYS] 2025/04/15 - 16:41:04 | 任务进度轮询开始 
[SYS] 2025/04/15 - 16:41:04 | 任务进度轮询完成 
[SYS] 2025/04/15 - 16:41:05 | batch update started 
[SYS] 2025/04/15 - 16:41:05 | batch update finished 
[SYS] 2025/04/15 - 16:41:08 | batch update started 
[SYS] 2025/04/15 - 16:41:08 | batch update finished 
[SYS] 2025/04/15 - 16:41:13 | batch update started 
[SYS] 2025/04/15 - 16:41:13 | batch update finished 
[SYS] 2025/04/15 - 16:41:18 | 任务进度轮询开始 
[SYS] 2025/04/15 - 16:41:18 | 任务进度轮询完成 
[SYS] 2025/04/15 - 16:41:18 | batch update started 
[SYS] 2025/04/15 - 16:41:18 | batch update finished 
[SYS] 2025/04/15 - 16:41:23 | batch update started 
[SYS] 2025/04/15 - 16:41:23 | batch update finished 
[SYS] 2025/04/15 - 16:41:28 | batch update started 
[SYS] 2025/04/15 - 16:41:28 | batch update finished 
[SYS] 2025/04/15 - 16:41:33 | 任务进度轮询开始 
[SYS] 2025/04/15 - 16:41:33 | 任务进度轮询完成 
[SYS] 2025/04/15 - 16:41:33 | batch update started 
[SYS] 2025/04/15 - 16:41:33 | batch update finished 
[SYS] 2025/04/15 - 16:41:37 | batch update started 
[SYS] 2025/04/15 - 16:41:37 | batch update finished 
[SYS] 2025/04/15 - 16:41:42 | batch update started 
[SYS] 2025/04/15 - 16:41:42 | batch update finished 
[SYS] 2025/04/15 - 16:41:46 | syncing options from database 
[SYS] 2025/04/15 - 16:41:46 | syncing channels from database 
[SYS] 2025/04/15 - 16:41:46 | channels synced from database 
[SYS] 2025/04/15 - 16:41:46 | 任务进度轮询开始 
[SYS] 2025/04/15 - 16:41:46 | 任务进度轮询完成 
[SYS] 2025/04/15 - 16:41:47 | batch update started 
[SYS] 2025/04/15 - 16:41:47 | batch update finished 
[SYS] 2025/04/15 - 16:41:52 | batch update started 
[SYS] 2025/04/15 - 16:41:52 | batch update finished 
[SYS] 2025/04/15 - 16:41:57 | batch update started 
[SYS] 2025/04/15 - 16:41:57 | batch update finished 
[SYS] 2025/04/15 - 16:42:01 | 任务进度轮询开始 
[SYS] 2025/04/15 - 16:42:01 | 任务进度轮询完成 
[SYS] 2025/04/15 - 16:42:02 | batch update started 
[SYS] 2025/04/15 - 16:42:02 | batch update finished 
[SYS] 2025/04/15 - 16:42:07 | batch update started 
[SYS] 2025/04/15 - 16:42:07 | batch update finished 
[SYS] 2025/04/15 - 16:42:10 | batch update started 
[SYS] 2025/04/15 - 16:42:10 | batch update finished 
[SYS] 2025/04/15 - 16:42:15 | 任务进度轮询开始 
[SYS] 2025/04/15 - 16:42:15 | 任务进度轮询完成 
[SYS] 2025/04/15 - 16:42:15 | batch update started 
[SYS] 2025/04/15 - 16:42:15 | batch update finished 
[SYS] 2025/04/15 - 16:42:20 | batch update started 
[SYS] 2025/04/15 - 16:42:20 | batch update finished 
[SYS] 2025/04/15 - 16:42:25 | batch update started 
[SYS] 2025/04/15 - 16:42:25 | batch update finished 
[SYS] 2025/04/15 - 16:42:30 | 任务进度轮询开始 
[SYS] 2025/04/15 - 16:42:30 | 任务进度轮询完成 
[SYS] 2025/04/15 - 16:42:30 | batch update started 
[SYS] 2025/04/15 - 16:42:30 | batch update finished 
[SYS] 2025/04/15 - 16:42:35 | batch update started 
[SYS] 2025/04/15 - 16:42:35 | batch update finished 
[SYS] 2025/04/15 - 16:42:39 | batch update started 
[SYS] 2025/04/15 - 16:42:39 | batch update finished 
[SYS] 2025/04/15 - 16:42:43 | syncing options from database 
[SYS] 2025/04/15 - 16:42:43 | syncing channels from database 
[SYS] 2025/04/15 - 16:42:43 | channels synced from database 
[SYS] 2025/04/15 - 16:42:43 | 任务进度轮询开始 
[SYS] 2025/04/15 - 16:42:43 | 任务进度轮询完成 
[SYS] 2025/04/15 - 16:42:44 | batch update started 
[SYS] 2025/04/15 - 16:42:44 | batch update finished 
[SYS] 2025/04/15 - 16:42:49 | batch update started 
[SYS] 2025/04/15 - 16:42:49 | batch update finished 
[SYS] 2025/04/15 - 16:42:54 | batch update started 
[SYS] 2025/04/15 - 16:42:54 | batch update finished 
[SYS] 2025/04/15 - 16:42:58 | 任务进度轮询开始 
[SYS] 2025/04/15 - 16:42:58 | 任务进度轮询完成 
[SYS] 2025/04/15 - 16:42:59 | batch update started 
[SYS] 2025/04/15 - 16:42:59 | batch update finished 
[SYS] 2025/04/15 - 16:43:04 | batch update started 
[SYS] 2025/04/15 - 16:43:04 | batch update finished 
[SYS] 2025/04/15 - 16:43:09 | batch update started 
[SYS] 2025/04/15 - 16:43:09 | batch update finished 
[SYS] 2025/04/15 - 16:43:12 | 任务进度轮询开始 
[SYS] 2025/04/15 - 16:43:12 | 任务进度轮询完成 
[SYS] 2025/04/15 - 16:43:12 | batch update started 
[SYS] 2025/04/15 - 16:43:12 | batch update finished 
[SYS] 2025/04/15 - 16:43:17 | batch update started 
[SYS] 2025/04/15 - 16:43:17 | batch update finished 
[SYS] 2025/04/15 - 16:43:22 | batch update started 
[SYS] 2025/04/15 - 16:43:22 | batch update finished 
[SYS] 2025/04/15 - 16:43:27 | 任务进度轮询开始 
[SYS] 2025/04/15 - 16:43:27 | 任务进度轮询完成 
[SYS] 2025/04/15 - 16:43:27 | batch update started 
[SYS] 2025/04/15 - 16:43:27 | batch update finished 
[SYS] 2025/04/15 - 16:43:32 | batch update started 
[SYS] 2025/04/15 - 16:43:32 | batch update finished 
[SYS] 2025/04/15 - 16:43:37 | batch update started 
[SYS] 2025/04/15 - 16:43:37 | batch update finished 
[SYS] 2025/04/15 - 16:43:40 | 正在更新数据看板数据... 
[SYS] 2025/04/15 - 16:43:40 | 保存数据看板数据成功，共保存0条数据 
[SYS] 2025/04/15 - 16:43:40 | syncing options from database 
[SYS] 2025/04/15 - 16:43:40 | syncing channels from database 
[SYS] 2025/04/15 - 16:43:40 | channels synced from database 
[SYS] 2025/04/15 - 16:43:40 | 任务进度轮询开始 
[SYS] 2025/04/15 - 16:43:40 | 任务进度轮询完成 
[SYS] 2025/04/15 - 16:43:41 | batch update started 
[SYS] 2025/04/15 - 16:43:41 | batch update finished 
[SYS] 2025/04/15 - 16:43:46 | batch update started 
[SYS] 2025/04/15 - 16:43:46 | batch update finished 
[SYS] 2025/04/15 - 16:43:51 | batch update started 
[SYS] 2025/04/15 - 16:43:51 | batch update finished 
[SYS] 2025/04/15 - 16:43:55 | 任务进度轮询开始 
[SYS] 2025/04/15 - 16:43:55 | 任务进度轮询完成 
[SYS] 2025/04/15 - 16:43:56 | batch update started 
[SYS] 2025/04/15 - 16:43:56 | batch update finished 
[SYS] 2025/04/15 - 16:44:01 | batch update started 
[SYS] 2025/04/15 - 16:44:01 | batch update finished 
[SYS] 2025/04/15 - 16:44:06 | batch update started 
[SYS] 2025/04/15 - 16:44:06 | batch update finished 
[SYS] 2025/04/15 - 16:44:10 | 任务进度轮询开始 
[SYS] 2025/04/15 - 16:44:10 | 任务进度轮询完成 
[SYS] 2025/04/15 - 16:44:11 | batch update started 
[SYS] 2025/04/15 - 16:44:11 | batch update finished 
[SYS] 2025/04/15 - 16:44:14 | batch update started 
[SYS] 2025/04/15 - 16:44:14 | batch update finished 
[SYS] 2025/04/15 - 16:44:19 | batch update started 
[SYS] 2025/04/15 - 16:44:19 | batch update finished 
[SYS] 2025/04/15 - 16:44:24 | 任务进度轮询开始 
[SYS] 2025/04/15 - 16:44:24 | 任务进度轮询完成 
[SYS] 2025/04/15 - 16:44:24 | batch update started 
[SYS] 2025/04/15 - 16:44:24 | batch update finished 
[GIN] 2025/04/15 - 16:44:27 | 20250415164427118653914RVBjLY0m | 200 |    1.319423ms |             ::1 |     GET /login
[SYS] 2025/04/15 - 16:44:29 | batch update started 
[SYS] 2025/04/15 - 16:44:29 | batch update finished 
[GIN] 2025/04/15 - 16:44:29 | 20250415164429572580336GOpSiHDg | 200 |    1.372305ms |             ::1 |     GET /api/status
[GIN] 2025/04/15 - 16:44:31 | 20250415164431516681765nOccZ3n2 | 200 |    1.098304ms |             ::1 |     GET /
[GIN] 2025/04/15 - 16:44:32 | 20250415164432223344543Hh4mtwcP | 200 |    1.061848ms |             ::1 |     GET /api/status
[SYS] 2025/04/15 - 16:44:34 | batch update started 
[SYS] 2025/04/15 - 16:44:34 | batch update finished 
[SYS] 2025/04/15 - 16:44:38 | syncing options from database 
[SYS] 2025/04/15 - 16:44:39 | syncing channels from database 
[SYS] 2025/04/15 - 16:44:39 | channels synced from database 
[SYS] 2025/04/15 - 16:44:39 | 任务进度轮询开始 
[SYS] 2025/04/15 - 16:44:39 | 任务进度轮询完成 
[SYS] 2025/04/15 - 16:44:39 | batch update started 
[SYS] 2025/04/15 - 16:44:39 | batch update finished 
[SYS] 2025/04/15 - 16:44:43 | batch update started 
[SYS] 2025/04/15 - 16:44:43 | batch update finished 
[SYS] 2025/04/15 - 16:44:48 | batch update started 
[SYS] 2025/04/15 - 16:44:48 | batch update finished 
[SYS] 2025/04/15 - 16:44:52 | 任务进度轮询开始 
[SYS] 2025/04/15 - 16:44:52 | 任务进度轮询完成 
[SYS] 2025/04/15 - 16:44:53 | batch update started 
[SYS] 2025/04/15 - 16:44:53 | batch update finished 
[SYS] 2025/04/15 - 16:44:58 | batch update started 
[SYS] 2025/04/15 - 16:44:58 | batch update finished 
[GIN] 2025/04/15 - 16:44:58 | 20250415164458635296954vFcRaR1m | 200 |  125.321429ms |             ::1 |     GET /api/user/logout
[SYS] 2025/04/15 - 16:45:03 | batch update started 
[SYS] 2025/04/15 - 16:45:03 | batch update finished 
[SYS] 2025/04/15 - 16:45:07 | 任务进度轮询开始 
[SYS] 2025/04/15 - 16:45:07 | 任务进度轮询完成 
[SYS] 2025/04/15 - 16:45:08 | batch update started 
[SYS] 2025/04/15 - 16:45:08 | batch update finished 
[SYS] 2025/04/15 - 16:45:13 | batch update started 
[SYS] 2025/04/15 - 16:45:13 | batch update finished 
[GIN] 2025/04/15 - 16:45:14 | 20250415164514591096505FoFnHBuS | 307 |    2.722577ms |             ::1 |     GET /api/auth/google/login
[GIN] 2025/04/15 - 16:45:16 | 20250415164515195496843OQQdLdhr | 303 |  1.132231974s |             ::1 |     GET /auth/google/callback?state=random_state&code=4%2F0Ab_5qlkJdiRAzZY0cexSqWdvTZU3rrAcmVFeljq7iAYAX5iIjvCUuz1wzb3jyf4n2DfewQ&scope=email+profile+https%3A%2F%2Fwww.googleapis.com%2Fauth%2Fuserinfo.profile+openid+https%3A%2F%2Fwww.googleapis.com%2Fauth%2Fuserinfo.email&authuser=0&prompt=none
[GIN] 2025/04/15 - 16:45:16 | 20250415164516333578897r938jsNE | 200 |    4.805516ms |             ::1 |     GET /login?token=eyJhbGciOiJIUzI1NiIsInR5cCI6IkpXVCJ9.eyJlbWFpbCI6Imtpbmdzb2JlY0BnbWFpbC5jb20iLCJleHAiOjE3NDczMjM5MTYsImlkIjoxNCwicm5kIjoxNzQ0NzMxOTE2MzI3MzQwOTg2fQ.vPtlm7CFKrweO4nuSD3p_eZhztvbJYhNe9jjncWuCKc
[SYS] 2025/04/15 - 16:45:16 | batch update started 
[SYS] 2025/04/15 - 16:45:16 | batch update finished 
[GIN] 2025/04/15 - 16:45:17 | 20250415164517333806895tepnYV24 | 200 |    74.38655ms |             ::1 |     GET /api/status
[GIN] 2025/04/15 - 16:45:17 | 20250415164517327400030ZuWjcP11 | 200 |   94.023713ms |             ::1 |     GET /api/user/self
[GIN] 2025/04/15 - 16:45:17 | 20250415164517759276560Rxce0vI0 | 200 |   23.205459ms |             ::1 |     GET /api/user/models
[GIN] 2025/04/15 - 16:45:17 | 20250415164517767877428bCTorcV1 | 200 |   71.916304ms |             ::1 |     GET /api/token/?p=0&size=10
[GIN] 2025/04/15 - 16:45:17 | 20250415164517764186952YHuBzB3P | 200 |   77.472416ms |             ::1 |     GET /api/user/self/groups
[GIN] 2025/04/15 - 16:45:20 | 20250415164520134022264JltVBFFz | 200 |     5.96664ms |             ::1 |     GET /api/user/self
[SYS] 2025/04/15 - 16:45:21 | 任务进度轮询开始 
[SYS] 2025/04/15 - 16:45:21 | 任务进度轮询完成 
[SYS] 2025/04/15 - 16:45:21 | batch update started 
[SYS] 2025/04/15 - 16:45:21 | batch update finished 
[SYS] 2025/04/15 - 16:45:26 | batch update started 
[SYS] 2025/04/15 - 16:45:26 | batch update finished 
[GIN] 2025/04/15 - 16:45:26 | 20250415164526987813394A6UZhWm9 | 200 |     947.342µs |             ::1 |     GET /api/user/logout
[SYS] 2025/04/15 - 16:45:31 | batch update started 
[SYS] 2025/04/15 - 16:45:31 | batch update finished 
[GIN] 2025/04/15 - 16:45:33 | 20250415164533573642323aRwhFOJj | 200 |    222.8574ms |             ::1 |    POST /api/user/login?turnstile=
[GIN] 2025/04/15 - 16:45:34 | 202504151645339973265358ApBdH6z | 200 |   23.921391ms |             ::1 |     GET /api/token/?p=0&size=10
[GIN] 2025/04/15 - 16:45:34 | 20250415164533989960334AMDIe55a | 200 |   34.161945ms |             ::1 |     GET /api/user/models
[GIN] 2025/04/15 - 16:45:34 | 20250415164533997740695n4q2wPgC | 200 |   86.627035ms |             ::1 |     GET /api/user/self/groups
[SYS] 2025/04/15 - 16:45:36 | syncing options from database 
[SYS] 2025/04/15 - 16:45:36 | syncing channels from database 
[SYS] 2025/04/15 - 16:45:36 | channels synced from database 
[SYS] 2025/04/15 - 16:45:36 | 任务进度轮询开始 
[SYS] 2025/04/15 - 16:45:36 | 任务进度轮询完成 
[SYS] 2025/04/15 - 16:45:36 | batch update started 
[SYS] 2025/04/15 - 16:45:36 | batch update finished 
[GIN] 2025/04/15 - 16:45:39 | 20250415164539628860215GG1am8Rl | 200 |    4.194449ms |             ::1 |     GET /api/option/
[GIN] 2025/04/15 - 16:45:39 | 20250415164539634162977B031kZZ0 | 200 |   20.565136ms |             ::1 |     GET /api/channel/models_enabled
[GIN] 2025/04/15 - 16:45:41 | 20250415164541123041352FcO3bHHh | 200 |    2.816269ms |             ::1 |     GET /api/option/
[SYS] 2025/04/15 - 16:45:41 | batch update started 
[SYS] 2025/04/15 - 16:45:41 | batch update finished 
[SYS] 2025/04/15 - 16:45:45 | batch update started 
[SYS] 2025/04/15 - 16:45:45 | batch update finished 
[SYS] 2025/04/15 - 16:45:49 | 任务进度轮询开始 
[SYS] 2025/04/15 - 16:45:49 | 任务进度轮询完成 
[SYS] 2025/04/15 - 16:45:50 | batch update started 
[SYS] 2025/04/15 - 16:45:50 | batch update finished 
[SYS] 2025/04/15 - 16:45:55 | batch update started 
[SYS] 2025/04/15 - 16:45:55 | batch update finished 
[SYS] 2025/04/15 - 16:46:00 | batch update started 
[SYS] 2025/04/15 - 16:46:00 | batch update finished 
[SYS] 2025/04/15 - 16:46:04 | 任务进度轮询开始 
[SYS] 2025/04/15 - 16:46:04 | 任务进度轮询完成 
[SYS] 2025/04/15 - 16:46:05 | batch update started 
[SYS] 2025/04/15 - 16:46:05 | batch update finished 
[SYS] 2025/04/15 - 16:46:10 | batch update started 
[SYS] 2025/04/15 - 16:46:10 | batch update finished 
[GIN] 2025/04/15 - 16:46:13 | 202504151646132681969803lwFw1ew | 200 |  283.645634ms |             ::1 |     PUT /api/option/
[SYS] 2025/04/15 - 16:46:13 | batch update started 
[SYS] 2025/04/15 - 16:46:13 | batch update finished 
[SYS] 2025/04/15 - 16:46:18 | 任务进度轮询开始 
[SYS] 2025/04/15 - 16:46:18 | 任务进度轮询完成 
[SYS] 2025/04/15 - 16:46:18 | batch update started 
[SYS] 2025/04/15 - 16:46:18 | batch update finished 
[SYS] 2025/04/15 - 16:46:23 | batch update started 
[SYS] 2025/04/15 - 16:46:23 | batch update finished 
[SYS] 2025/04/15 - 16:46:28 | batch update started 
[SYS] 2025/04/15 - 16:46:28 | batch update finished 
[SYS] 2025/04/15 - 16:46:33 | syncing options from database 
[SYS] 2025/04/15 - 16:46:33 | syncing channels from database 
[SYS] 2025/04/15 - 16:46:33 | channels synced from database 
[SYS] 2025/04/15 - 16:46:33 | 任务进度轮询开始 
[SYS] 2025/04/15 - 16:46:33 | 任务进度轮询完成 
[SYS] 2025/04/15 - 16:46:33 | batch update started 
[SYS] 2025/04/15 - 16:46:33 | batch update finished 
[SYS] 2025/04/15 - 16:46:38 | batch update started 
[SYS] 2025/04/15 - 16:46:38 | batch update finished 
[SYS] 2025/04/15 - 16:46:43 | batch update started 
[SYS] 2025/04/15 - 16:46:43 | batch update finished 
[SYS] 2025/04/15 - 16:46:46 | 任务进度轮询开始 
[SYS] 2025/04/15 - 16:46:46 | 任务进度轮询完成 
[SYS] 2025/04/15 - 16:46:47 | batch update started 
[SYS] 2025/04/15 - 16:46:47 | batch update finished 
[SYS] 2025/04/15 - 16:46:52 | batch update started 
[SYS] 2025/04/15 - 16:46:52 | batch update finished 
[SYS] 2025/04/15 - 16:46:57 | batch update started 
[SYS] 2025/04/15 - 16:46:57 | batch update finished 
[SYS] 2025/04/15 - 16:47:01 | 任务进度轮询开始 
[SYS] 2025/04/15 - 16:47:01 | 任务进度轮询完成 
[SYS] 2025/04/15 - 16:47:02 | batch update started 
[SYS] 2025/04/15 - 16:47:02 | batch update finished 
[SYS] 2025/04/15 - 16:47:07 | batch update started 
[SYS] 2025/04/15 - 16:47:07 | batch update finished 
[SYS] 2025/04/15 - 16:47:12 | batch update started 
[SYS] 2025/04/15 - 16:47:12 | batch update finished 
[SYS] 2025/04/15 - 16:47:15 | 任务进度轮询开始 
[SYS] 2025/04/15 - 16:47:15 | 任务进度轮询完成 
[GIN] 2025/04/15 - 16:47:15 | 20250415164715354999841uhhjXNwF | 200 |   20.620262ms |             ::1 |     GET /api/user/self
[SYS] 2025/04/15 - 16:47:15 | batch update started 
[SYS] 2025/04/15 - 16:47:15 | batch update finished 
[SYS] 2025/04/15 - 16:47:20 | batch update started 
[SYS] 2025/04/15 - 16:47:20 | batch update finished 
[GIN] 2025/04/15 - 16:47:25 | 202504151647252156305459SpujuVg | 200 |   49.959021ms |             ::1 |    POST /api/user/amount
[SYS] 2025/04/15 - 16:47:25 | batch update started 
[SYS] 2025/04/15 - 16:47:25 | batch update finished 
[GIN] 2025/04/15 - 16:47:25 | 20250415164725729768408cVJdV14p | 200 |   52.421372ms |             ::1 |    POST /api/user/amount
[GIN] 2025/04/15 - 16:47:25 | 202504151647258768898724rTWloIc | 200 |   53.418012ms |             ::1 |    POST /api/user/amount
[GIN] 2025/04/15 - 16:47:26 | 2025041516472687594369JNzKEuz7 | 200 |   42.513361ms |             ::1 |    POST /api/user/amount
[GIN] 2025/04/15 - 16:47:29 | 202504151647282494834Dhi1LNNw | 200 |  1.055217074s |             ::1 |    POST /api/user/pay
[SYS] 2025/04/15 - 16:47:30 | syncing options from database 
[SYS] 2025/04/15 - 16:47:30 | syncing channels from database 
[SYS] 2025/04/15 - 16:47:30 | channels synced from database 
[SYS] 2025/04/15 - 16:47:30 | 任务进度轮询开始 
[SYS] 2025/04/15 - 16:47:30 | 任务进度轮询完成 
[SYS] 2025/04/15 - 16:47:30 | batch update started 
[SYS] 2025/04/15 - 16:47:30 | batch update finished 
[SYS] 2025/04/15 - 16:47:35 | batch update started 
[SYS] 2025/04/15 - 16:47:35 | batch update finished 
[SYS] 2025/04/15 - 16:47:40 | batch update started 
[SYS] 2025/04/15 - 16:47:40 | batch update finished 
[SYS] 2025/04/15 - 16:47:45 | 任务进度轮询开始 
[SYS] 2025/04/15 - 16:47:45 | 任务进度轮询完成 
[SYS] 2025/04/15 - 16:47:45 | batch update started 
[SYS] 2025/04/15 - 16:47:45 | batch update finished 
[SYS] 2025/04/15 - 16:47:49 | batch update started 
[SYS] 2025/04/15 - 16:47:49 | batch update finished 
[GIN] 2025/04/15 - 16:47:49 | 20250415164749533346032007oqCkW | 200 |  118.345058ms |  54.187.205.235 |    POST /api/stripe/webhook
[GIN] 2025/04/15 - 16:47:51 | 202504151647514929244022aajOAmT | 200 |   13.537326ms |             ::1 |     GET /topup-success
[SYS] 2025/04/15 - 16:47:54 | batch update started 
[SYS] 2025/04/15 - 16:47:54 | batch update finished 
[GIN] 2025/04/15 - 16:47:54 | 20250415164754381766700FhLgAUMu | 200 |    1.283825ms |             ::1 |     GET /api/status
[GIN] 2025/04/15 - 16:47:57 | 20250415164757555781532nTlSgozX | 200 |    8.815422ms |             ::1 |     GET /topup
[GIN] 2025/04/15 - 16:47:58 | 20250415164758576123107OyYElGJM | 200 |    4.145909ms |             ::1 |     GET /api/status
[GIN] 2025/04/15 - 16:47:58 | 20250415164758574551353j38mLe9f | 200 |    7.405155ms |             ::1 |     GET /api/user/self
[SYS] 2025/04/15 - 16:47:58 | 任务进度轮询开始 
[SYS] 2025/04/15 - 16:47:58 | 任务进度轮询完成 
[SYS] 2025/04/15 - 16:47:59 | batch update started 
[SYS] 2025/04/15 - 16:47:59 | batch update finished 
[SYS] 2025/04/15 - 16:48:04 | batch update started 
[SYS] 2025/04/15 - 16:48:04 | batch update finished 
[SYS] 2025/04/15 - 16:48:09 | batch update started 
[SYS] 2025/04/15 - 16:48:09 | batch update finished 
[SYS] 2025/04/15 - 16:48:13 | 任务进度轮询开始 
[SYS] 2025/04/15 - 16:48:13 | 任务进度轮询完成 
[SYS] 2025/04/15 - 16:48:14 | batch update started 
[SYS] 2025/04/15 - 16:48:14 | batch update finished 
[SYS] 2025/04/15 - 16:48:17 | batch update started 
[SYS] 2025/04/15 - 16:48:17 | batch update finished 
[SYS] 2025/04/15 - 16:48:22 | batch update started 
[SYS] 2025/04/15 - 16:48:22 | batch update finished 
[SYS] 2025/04/15 - 16:48:26 | testing all channels 
[SYS] 2025/04/15 - 16:48:26 | 正在更新数据看板数据... 
[SYS] 2025/04/15 - 16:48:26 | 保存数据看板数据成功，共保存0条数据 
[SYS] 2025/04/15 - 16:48:26 | channel test finished 
[SYS] 2025/04/15 - 16:48:26 | syncing options from database 
[SYS] 2025/04/15 - 16:48:26 | syncing channels from database 
[SYS] 2025/04/15 - 16:48:26 | channels synced from database 
[SYS] 2025/04/15 - 16:48:27 | 任务进度轮询开始 
[SYS] 2025/04/15 - 16:48:27 | 任务进度轮询完成 
[SYS] 2025/04/15 - 16:48:27 | batch update started 
[SYS] 2025/04/15 - 16:48:27 | batch update finished 
[SYS] 2025/04/15 - 16:48:32 | batch update started 
[SYS] 2025/04/15 - 16:48:32 | batch update finished 
[SYS] 2025/04/15 - 16:48:37 | batch update started 
[SYS] 2025/04/15 - 16:48:37 | batch update finished 
[SYS] 2025/04/15 - 16:48:42 | 任务进度轮询开始 
[SYS] 2025/04/15 - 16:48:42 | 任务进度轮询完成 
[SYS] 2025/04/15 - 16:48:42 | batch update started 
[SYS] 2025/04/15 - 16:48:42 | batch update finished 
[SYS] 2025/04/15 - 16:48:47 | batch update started 
[SYS] 2025/04/15 - 16:48:47 | batch update finished 
[SYS] 2025/04/15 - 16:48:51 | batch update started 
[SYS] 2025/04/15 - 16:48:51 | batch update finished 
[SYS] 2025/04/15 - 16:48:55 | 任务进度轮询开始 
[SYS] 2025/04/15 - 16:48:55 | 任务进度轮询完成 
[SYS] 2025/04/15 - 16:48:56 | batch update started 
[SYS] 2025/04/15 - 16:48:56 | batch update finished 
[SYS] 2025/04/15 - 16:49:01 | batch update started 
[SYS] 2025/04/15 - 16:49:01 | batch update finished 
[SYS] 2025/04/15 - 16:49:06 | batch update started 
[SYS] 2025/04/15 - 16:49:06 | batch update finished 
[SYS] 2025/04/15 - 16:49:10 | 任务进度轮询开始 
[SYS] 2025/04/15 - 16:49:10 | 任务进度轮询完成 
[SYS] 2025/04/15 - 16:49:11 | batch update started 
[SYS] 2025/04/15 - 16:49:11 | batch update finished 
[SYS] 2025/04/15 - 16:49:16 | batch update started 
[SYS] 2025/04/15 - 16:49:16 | batch update finished 
[SYS] 2025/04/15 - 16:49:19 | batch update started 
[SYS] 2025/04/15 - 16:49:19 | batch update finished 
[SYS] 2025/04/15 - 16:49:23 | syncing options from database 
[SYS] 2025/04/15 - 16:49:23 | syncing channels from database 
[SYS] 2025/04/15 - 16:49:23 | channels synced from database 
[SYS] 2025/04/15 - 16:49:24 | 任务进度轮询开始 
[SYS] 2025/04/15 - 16:49:24 | 任务进度轮询完成 
[SYS] 2025/04/15 - 16:49:24 | batch update started 
[SYS] 2025/04/15 - 16:49:24 | batch update finished 
[SYS] 2025/04/15 - 16:49:29 | batch update started 
[SYS] 2025/04/15 - 16:49:29 | batch update finished 
[SYS] 2025/04/15 - 16:49:34 | batch update started 
[SYS] 2025/04/15 - 16:49:34 | batch update finished 
[SYS] 2025/04/15 - 16:49:39 | 任务进度轮询开始 
[SYS] 2025/04/15 - 16:49:39 | 任务进度轮询完成 
[SYS] 2025/04/15 - 16:49:39 | batch update started 
[SYS] 2025/04/15 - 16:49:39 | batch update finished 
[SYS] 2025/04/15 - 16:49:44 | batch update started 
[SYS] 2025/04/15 - 16:49:44 | batch update finished 
[SYS] 2025/04/15 - 16:49:49 | batch update started 
[SYS] 2025/04/15 - 16:49:49 | batch update finished 
[SYS] 2025/04/15 - 16:49:52 | 任务进度轮询开始 
[SYS] 2025/04/15 - 16:49:52 | 任务进度轮询完成 
[SYS] 2025/04/15 - 16:49:52 | batch update started 
[SYS] 2025/04/15 - 16:49:52 | batch update finished 
[SYS] 2025/04/15 - 16:49:57 | batch update started 
[SYS] 2025/04/15 - 16:49:57 | batch update finished 
[SYS] 2025/04/15 - 16:50:02 | batch update started 
[SYS] 2025/04/15 - 16:50:02 | batch update finished 
[SYS] 2025/04/15 - 16:50:07 | 任务进度轮询开始 
[SYS] 2025/04/15 - 16:50:07 | 任务进度轮询完成 
[SYS] 2025/04/15 - 16:50:07 | batch update started 
[SYS] 2025/04/15 - 16:50:07 | batch update finished 
[SYS] 2025/04/15 - 16:50:12 | batch update started 
[SYS] 2025/04/15 - 16:50:12 | batch update finished 
[SYS] 2025/04/15 - 16:50:17 | batch update started 
[SYS] 2025/04/15 - 16:50:17 | batch update finished 
[SYS] 2025/04/15 - 16:50:20 | syncing options from database 
[SYS] 2025/04/15 - 16:50:20 | syncing channels from database 
[SYS] 2025/04/15 - 16:50:20 | channels synced from database 
[SYS] 2025/04/15 - 16:50:21 | 任务进度轮询开始 
[SYS] 2025/04/15 - 16:50:21 | 任务进度轮询完成 
[SYS] 2025/04/15 - 16:50:21 | batch update started 
[SYS] 2025/04/15 - 16:50:21 | batch update finished 
[SYS] 2025/04/15 - 16:50:26 | batch update started 
[SYS] 2025/04/15 - 16:50:26 | batch update finished 
[SYS] 2025/04/15 - 16:50:31 | batch update started 
[SYS] 2025/04/15 - 16:50:31 | batch update finished 
[SYS] 2025/04/15 - 16:50:36 | 任务进度轮询开始 
[SYS] 2025/04/15 - 16:50:36 | 任务进度轮询完成 
[SYS] 2025/04/15 - 16:50:36 | batch update started 
[SYS] 2025/04/15 - 16:50:36 | batch update finished 
[SYS] 2025/04/15 - 16:50:41 | batch update started 
[SYS] 2025/04/15 - 16:50:41 | batch update finished 
[SYS] 2025/04/15 - 16:50:46 | batch update started 
[SYS] 2025/04/15 - 16:50:46 | batch update finished 
[SYS] 2025/04/15 - 16:50:51 | 任务进度轮询开始 
[SYS] 2025/04/15 - 16:50:51 | 任务进度轮询完成 
[SYS] 2025/04/15 - 16:50:49 | batch update started 
[SYS] 2025/04/15 - 16:50:49 | batch update finished 
[SYS] 2025/04/15 - 16:50:54 | batch update started 
[SYS] 2025/04/15 - 16:50:54 | batch update finished 
[SYS] 2025/04/15 - 16:50:59 | batch update started 
[SYS] 2025/04/15 - 16:50:59 | batch update finished 
[SYS] 2025/04/15 - 16:51:04 | 任务进度轮询开始 
[SYS] 2025/04/15 - 16:51:04 | 任务进度轮询完成 
[SYS] 2025/04/15 - 16:51:04 | batch update started 
[SYS] 2025/04/15 - 16:51:04 | batch update finished 
[SYS] 2025/04/15 - 16:51:09 | batch update started 
[SYS] 2025/04/15 - 16:51:09 | batch update finished 
[SYS] 2025/04/15 - 16:51:15 | batch update started 
[SYS] 2025/04/15 - 16:51:15 | batch update finished 
[GIN] 2025/04/15 - 16:51:18 | 20250415165118409832469Ae2jN9Xv | 200 |   28.731581ms |             ::1 |     GET /login
[SYS] 2025/04/15 - 16:51:19 | syncing options from database 
[SYS] 2025/04/15 - 16:51:19 | syncing channels from database 
[SYS] 2025/04/15 - 16:51:19 | channels synced from database 
[SYS] 2025/04/15 - 16:51:19 | 任务进度轮询开始 
[SYS] 2025/04/15 - 16:51:19 | 任务进度轮询完成 
[SYS] 2025/04/15 - 16:51:20 | batch update started 
[SYS] 2025/04/15 - 16:51:20 | batch update finished 
[SYS] 2025/04/15 - 16:51:23 | batch update started 
[SYS] 2025/04/15 - 16:51:23 | batch update finished 
[SYS] 2025/04/15 - 16:51:28 | batch update started 
[SYS] 2025/04/15 - 16:51:28 | batch update finished 
[SYS] 2025/04/15 - 16:51:33 | 任务进度轮询开始 
[SYS] 2025/04/15 - 16:51:33 | 任务进度轮询完成 
[SYS] 2025/04/15 - 16:51:33 | batch update started 
[SYS] 2025/04/15 - 16:51:33 | batch update finished 
[SYS] 2025/04/15 - 16:51:38 | batch update started 
[SYS] 2025/04/15 - 16:51:38 | batch update finished 
[SYS] 2025/04/15 - 16:51:43 | batch update started 
[SYS] 2025/04/15 - 16:51:43 | batch update finished 
[SYS] 2025/04/15 - 16:51:48 | 任务进度轮询开始 
[SYS] 2025/04/15 - 16:51:48 | 任务进度轮询完成 
[SYS] 2025/04/15 - 16:51:48 | batch update started 
[SYS] 2025/04/15 - 16:51:48 | batch update finished 
[SYS] 2025/04/15 - 16:51:51 | batch update started 
[SYS] 2025/04/15 - 16:51:51 | batch update finished 
[SYS] 2025/04/15 - 16:51:57 | batch update started 
[SYS] 2025/04/15 - 16:51:57 | batch update finished 
[SYS] 2025/04/15 - 16:52:01 | 任务进度轮询开始 
[SYS] 2025/04/15 - 16:52:01 | 任务进度轮询完成 
[SYS] 2025/04/15 - 16:52:02 | batch update started 
[SYS] 2025/04/15 - 16:52:02 | batch update finished 
[SYS] 2025/04/15 - 16:52:07 | batch update started 
[SYS] 2025/04/15 - 16:52:07 | batch update finished 
[SYS] 2025/04/15 - 16:52:12 | batch update started 
[SYS] 2025/04/15 - 16:52:12 | batch update finished 
[SYS] 2025/04/15 - 16:52:16 | syncing options from database 
[SYS] 2025/04/15 - 16:52:16 | syncing channels from database 
[SYS] 2025/04/15 - 16:52:16 | channels synced from database 
[SYS] 2025/04/15 - 16:52:16 | 任务进度轮询开始 
[SYS] 2025/04/15 - 16:52:16 | 任务进度轮询完成 
[SYS] 2025/04/15 - 16:52:17 | batch update started 
[SYS] 2025/04/15 - 16:52:17 | batch update finished 
[SYS] 2025/04/15 - 16:52:22 | batch update started 
[SYS] 2025/04/15 - 16:52:22 | batch update finished 
[SYS] 2025/04/15 - 16:52:25 | batch update started 
[SYS] 2025/04/15 - 16:52:25 | batch update finished 
