[SYS] 2025/03/31 - 12:13:08 | New API v0.0.0 started 
[SYS] 2025/03/31 - 12:13:08 | using MySQL as database 
[SYS] 2025/03/31 - 12:13:08 | database migration started 
[SYS] 2025/03/31 - 12:13:08 | database migrated 
[SYS] 2025/03/31 - 12:13:08 | using MySQL as database 
[SYS] 2025/03/31 - 12:13:08 | database migration started 
[SYS] 2025/03/31 - 12:13:08 | Redis is enabled 
[SYS] 2025/03/31 - 12:13:08 | memory cache enabled 
[SYS] 2025/03/31 - 12:13:08 | sync frequency: 60 seconds 
[SYS] 2025/03/31 - 12:13:08 | channels synced from database 
[SYS] 2025/03/31 - 12:13:08 | batch update enabled with interval 5s 
[SYS] 2025/03/31 - 12:13:08 | 正在更新数据看板数据... 
[SYS] 2025/03/31 - 12:13:08 | pprof enabled 
[SYS] 2025/03/31 - 12:13:08 | initializing token encoders 
[SYS] 2025/03/31 - 12:13:08 | 保存数据看板数据成功，共保存0条数据 
[SYS] 2025/03/31 - 12:13:09 | token encoders initialized 
[SYS] 2025/03/31 - 12:13:09 | FRONTEND_BASE_URL is ignored on master node 
[SYS] 2025/03/31 - 12:13:13 | batch update started 
[SYS] 2025/03/31 - 12:13:13 | batch update finished 
[SYS] 2025/03/31 - 12:13:18 | batch update started 
[SYS] 2025/03/31 - 12:13:18 | batch update finished 
[SYS] 2025/03/31 - 12:13:23 | 任务进度轮询开始 
[SYS] 2025/03/31 - 12:13:23 | 任务进度轮询完成 
[SYS] 2025/03/31 - 12:13:23 | batch update started 
[SYS] 2025/03/31 - 12:13:23 | batch update finished 
[SYS] 2025/03/31 - 12:13:28 | batch update started 
[SYS] 2025/03/31 - 12:13:28 | batch update finished 
[SYS] 2025/03/31 - 12:13:33 | batch update started 
[SYS] 2025/03/31 - 12:13:33 | batch update finished 
[GIN] 2025/03/31 - 12:13:34 | 2025033112133438376175hhWyvkhV | 200 |    2.082898ms |             ::1 |     GET /login
[GIN] 2025/03/31 - 12:13:37 | 2025033112133777402635sPAk0PLR | 200 |    1.540871ms |             ::1 |     GET /api/status
[SYS] 2025/03/31 - 12:13:38 | 任务进度轮询开始 
[SYS] 2025/03/31 - 12:13:38 | 任务进度轮询完成 
[SYS] 2025/03/31 - 12:13:38 | batch update started 
[SYS] 2025/03/31 - 12:13:38 | batch update finished 
[SYS] 2025/03/31 - 12:13:43 | batch update started 
[SYS] 2025/03/31 - 12:13:43 | batch update finished 
[SYS] 2025/03/31 - 12:13:48 | batch update started 
[SYS] 2025/03/31 - 12:13:48 | batch update finished 
[SYS] 2025/03/31 - 12:13:53 | 任务进度轮询开始 
[SYS] 2025/03/31 - 12:13:53 | 任务进度轮询完成 
[SYS] 2025/03/31 - 12:13:53 | batch update started 
[SYS] 2025/03/31 - 12:13:53 | batch update finished 
[GIN] 2025/03/31 - 12:13:57 | 20250331121357386767092iJbiB0BR | 307 |     261.789µs |             ::1 |     GET /auth/google/login
[GIN] 2025/03/31 - 12:13:58 | 20250331121357814438206NxIH1lYt | 200 |  1.096494841s |             ::1 |     GET /auth/google/callback?state=random_state&code=4%2F0AQSTgQGBO-fhdjb5UQ5paIHYMParcn7ZZ_wrgbQq8h99JpSvYUBs9w-C36WRq0f3T-9-fA&scope=email+profile+https%3A%2F%2Fwww.googleapis.com%2Fauth%2Fuserinfo.email+https%3A%2F%2Fwww.googleapis.com%2Fauth%2Fuserinfo.profile+openid&authuser=0&prompt=none
[SYS] 2025/03/31 - 12:13:58 | batch update started 
[SYS] 2025/03/31 - 12:13:58 | batch update finished 
[SYS] 2025/03/31 - 12:14:04 | batch update started 
[SYS] 2025/03/31 - 12:14:04 | batch update finished 
[SYS] 2025/03/31 - 12:14:09 | syncing options from database 
[SYS] 2025/03/31 - 12:14:09 | syncing channels from database 
[SYS] 2025/03/31 - 12:14:09 | 任务进度轮询开始 
[SYS] 2025/03/31 - 12:14:09 | 任务进度轮询完成 
[SYS] 2025/03/31 - 12:14:09 | channels synced from database 
[SYS] 2025/03/31 - 12:14:09 | batch update started 
[SYS] 2025/03/31 - 12:14:09 | batch update finished 
[SYS] 2025/03/31 - 12:14:14 | batch update started 
[SYS] 2025/03/31 - 12:14:14 | batch update finished 
[SYS] 2025/03/31 - 12:14:19 | batch update started 
[SYS] 2025/03/31 - 12:14:19 | batch update finished 
[SYS] 2025/03/31 - 12:14:24 | 任务进度轮询开始 
[SYS] 2025/03/31 - 12:14:24 | 任务进度轮询完成 
[SYS] 2025/03/31 - 12:14:24 | batch update started 
[SYS] 2025/03/31 - 12:14:24 | batch update finished 
[SYS] 2025/03/31 - 12:14:29 | batch update started 
[SYS] 2025/03/31 - 12:14:29 | batch update finished 
[SYS] 2025/03/31 - 12:14:34 | batch update started 
[SYS] 2025/03/31 - 12:14:34 | batch update finished 
[SYS] 2025/03/31 - 12:14:39 | 任务进度轮询开始 
[SYS] 2025/03/31 - 12:14:39 | 任务进度轮询完成 
[SYS] 2025/03/31 - 12:14:39 | batch update started 
[SYS] 2025/03/31 - 12:14:39 | batch update finished 
[SYS] 2025/03/31 - 12:14:44 | batch update started 
[SYS] 2025/03/31 - 12:14:44 | batch update finished 
[SYS] 2025/03/31 - 12:14:49 | batch update started 
[SYS] 2025/03/31 - 12:14:49 | batch update finished 
[SYS] 2025/03/31 - 12:14:54 | 任务进度轮询开始 
[SYS] 2025/03/31 - 12:14:54 | 任务进度轮询完成 
[SYS] 2025/03/31 - 12:14:54 | batch update started 
[SYS] 2025/03/31 - 12:14:54 | batch update finished 
[SYS] 2025/03/31 - 12:14:59 | batch update started 
[SYS] 2025/03/31 - 12:14:59 | batch update finished 
[SYS] 2025/03/31 - 12:15:04 | batch update started 
[SYS] 2025/03/31 - 12:15:04 | batch update finished 
[SYS] 2025/03/31 - 12:15:09 | syncing options from database 
[SYS] 2025/03/31 - 12:15:09 | syncing channels from database 
[SYS] 2025/03/31 - 12:15:09 | 任务进度轮询开始 
[SYS] 2025/03/31 - 12:15:09 | channels synced from database 
[SYS] 2025/03/31 - 12:15:09 | 任务进度轮询完成 
[SYS] 2025/03/31 - 12:15:09 | batch update started 
[SYS] 2025/03/31 - 12:15:09 | batch update finished 
[SYS] 2025/03/31 - 12:15:14 | batch update started 
[SYS] 2025/03/31 - 12:15:14 | batch update finished 
[SYS] 2025/03/31 - 12:15:19 | batch update started 
[SYS] 2025/03/31 - 12:15:19 | batch update finished 
[SYS] 2025/03/31 - 12:15:24 | 任务进度轮询开始 
[SYS] 2025/03/31 - 12:15:24 | 任务进度轮询完成 
[SYS] 2025/03/31 - 12:15:24 | batch update started 
[SYS] 2025/03/31 - 12:15:24 | batch update finished 
[SYS] 2025/03/31 - 12:15:29 | batch update started 
[SYS] 2025/03/31 - 12:15:29 | batch update finished 
[SYS] 2025/03/31 - 12:15:34 | batch update started 
[SYS] 2025/03/31 - 12:15:34 | batch update finished 
[SYS] 2025/03/31 - 12:15:39 | 任务进度轮询开始 
[SYS] 2025/03/31 - 12:15:39 | 任务进度轮询完成 
[SYS] 2025/03/31 - 12:15:39 | batch update started 
[SYS] 2025/03/31 - 12:15:39 | batch update finished 
[SYS] 2025/03/31 - 12:15:44 | batch update started 
[SYS] 2025/03/31 - 12:15:44 | batch update finished 
[SYS] 2025/03/31 - 12:15:49 | batch update started 
[SYS] 2025/03/31 - 12:15:49 | batch update finished 
[SYS] 2025/03/31 - 12:15:54 | 任务进度轮询开始 
[SYS] 2025/03/31 - 12:15:54 | 任务进度轮询完成 
[SYS] 2025/03/31 - 12:15:54 | batch update started 
[SYS] 2025/03/31 - 12:15:54 | batch update finished 
[SYS] 2025/03/31 - 12:15:59 | batch update started 
[SYS] 2025/03/31 - 12:15:59 | batch update finished 
[SYS] 2025/03/31 - 12:16:04 | batch update started 
[SYS] 2025/03/31 - 12:16:04 | batch update finished 
[SYS] 2025/03/31 - 12:16:09 | syncing options from database 
[SYS] 2025/03/31 - 12:16:09 | syncing channels from database 
[SYS] 2025/03/31 - 12:16:09 | channels synced from database 
[SYS] 2025/03/31 - 12:16:09 | 任务进度轮询开始 
[SYS] 2025/03/31 - 12:16:09 | 任务进度轮询完成 
[SYS] 2025/03/31 - 12:16:09 | batch update started 
[SYS] 2025/03/31 - 12:16:09 | batch update finished 
[SYS] 2025/03/31 - 12:16:14 | batch update started 
[SYS] 2025/03/31 - 12:16:14 | batch update finished 
[SYS] 2025/03/31 - 12:16:19 | batch update started 
[SYS] 2025/03/31 - 12:16:19 | batch update finished 
[SYS] 2025/03/31 - 12:16:24 | batch update started 
[SYS] 2025/03/31 - 12:16:24 | batch update finished 
[SYS] 2025/03/31 - 12:16:24 | 任务进度轮询开始 
[SYS] 2025/03/31 - 12:16:24 | 任务进度轮询完成 
[SYS] 2025/03/31 - 12:16:29 | batch update started 
[SYS] 2025/03/31 - 12:16:29 | batch update finished 
[SYS] 2025/03/31 - 12:16:34 | batch update started 
[SYS] 2025/03/31 - 12:16:34 | batch update finished 
[SYS] 2025/03/31 - 12:16:39 | 任务进度轮询开始 
[SYS] 2025/03/31 - 12:16:39 | 任务进度轮询完成 
[SYS] 2025/03/31 - 12:16:39 | batch update started 
[SYS] 2025/03/31 - 12:16:39 | batch update finished 
[SYS] 2025/03/31 - 12:16:44 | batch update started 
[SYS] 2025/03/31 - 12:16:44 | batch update finished 
[SYS] 2025/03/31 - 12:16:49 | batch update started 
[SYS] 2025/03/31 - 12:16:49 | batch update finished 
[SYS] 2025/03/31 - 12:16:54 | 任务进度轮询开始 
[SYS] 2025/03/31 - 12:16:54 | 任务进度轮询完成 
[SYS] 2025/03/31 - 12:16:54 | batch update started 
[SYS] 2025/03/31 - 12:16:54 | batch update finished 
[SYS] 2025/03/31 - 12:16:59 | batch update started 
[SYS] 2025/03/31 - 12:16:59 | batch update finished 
[SYS] 2025/03/31 - 12:17:04 | batch update started 
[SYS] 2025/03/31 - 12:17:04 | batch update finished 
[SYS] 2025/03/31 - 12:17:09 | syncing options from database 
[SYS] 2025/03/31 - 12:17:09 | syncing channels from database 
[SYS] 2025/03/31 - 12:17:09 | channels synced from database 
[SYS] 2025/03/31 - 12:17:09 | 任务进度轮询开始 
[SYS] 2025/03/31 - 12:17:09 | batch update started 
[SYS] 2025/03/31 - 12:17:09 | batch update finished 
[SYS] 2025/03/31 - 12:17:09 | 任务进度轮询完成 
[SYS] 2025/03/31 - 12:17:14 | batch update started 
[SYS] 2025/03/31 - 12:17:14 | batch update finished 
[SYS] 2025/03/31 - 12:17:19 | batch update started 
[SYS] 2025/03/31 - 12:17:19 | batch update finished 
[SYS] 2025/03/31 - 12:17:24 | 任务进度轮询开始 
[SYS] 2025/03/31 - 12:17:24 | 任务进度轮询完成 
[SYS] 2025/03/31 - 12:17:24 | batch update started 
[SYS] 2025/03/31 - 12:17:24 | batch update finished 
[SYS] 2025/03/31 - 12:17:29 | batch update started 
[SYS] 2025/03/31 - 12:17:29 | batch update finished 
[SYS] 2025/03/31 - 12:17:35 | batch update started 
[SYS] 2025/03/31 - 12:17:35 | batch update finished 
[SYS] 2025/03/31 - 12:17:40 | 任务进度轮询开始 
[SYS] 2025/03/31 - 12:17:40 | 任务进度轮询完成 
[SYS] 2025/03/31 - 12:17:40 | batch update started 
[SYS] 2025/03/31 - 12:17:40 | batch update finished 
[SYS] 2025/03/31 - 12:17:45 | batch update started 
[SYS] 2025/03/31 - 12:17:45 | batch update finished 
[SYS] 2025/03/31 - 12:17:50 | batch update started 
[SYS] 2025/03/31 - 12:17:50 | batch update finished 
[SYS] 2025/03/31 - 12:17:55 | 任务进度轮询开始 
[SYS] 2025/03/31 - 12:17:55 | 任务进度轮询完成 
[SYS] 2025/03/31 - 12:17:55 | batch update started 
[SYS] 2025/03/31 - 12:17:55 | batch update finished 
[SYS] 2025/03/31 - 12:18:00 | batch update started 
[SYS] 2025/03/31 - 12:18:00 | batch update finished 
[SYS] 2025/03/31 - 12:18:05 | batch update started 
[SYS] 2025/03/31 - 12:18:05 | batch update finished 
[SYS] 2025/03/31 - 12:18:10 | 正在更新数据看板数据... 
[SYS] 2025/03/31 - 12:18:10 | 保存数据看板数据成功，共保存0条数据 
[SYS] 2025/03/31 - 12:18:10 | syncing options from database 
[SYS] 2025/03/31 - 12:18:10 | syncing channels from database 
[SYS] 2025/03/31 - 12:18:10 | channels synced from database 
[SYS] 2025/03/31 - 12:18:10 | 任务进度轮询开始 
[SYS] 2025/03/31 - 12:18:10 | 任务进度轮询完成 
[SYS] 2025/03/31 - 12:18:10 | batch update started 
[SYS] 2025/03/31 - 12:18:10 | batch update finished 
[SYS] 2025/03/31 - 12:18:15 | batch update started 
[SYS] 2025/03/31 - 12:18:15 | batch update finished 
[SYS] 2025/03/31 - 12:18:20 | batch update started 
[SYS] 2025/03/31 - 12:18:20 | batch update finished 
[SYS] 2025/03/31 - 12:18:25 | 任务进度轮询开始 
[SYS] 2025/03/31 - 12:18:25 | 任务进度轮询完成 
[SYS] 2025/03/31 - 12:18:25 | batch update started 
[SYS] 2025/03/31 - 12:18:25 | batch update finished 
[SYS] 2025/03/31 - 12:18:30 | batch update started 
[SYS] 2025/03/31 - 12:18:30 | batch update finished 
[SYS] 2025/03/31 - 12:18:35 | batch update started 
[SYS] 2025/03/31 - 12:18:35 | batch update finished 
[SYS] 2025/03/31 - 12:18:40 | 任务进度轮询开始 
[SYS] 2025/03/31 - 12:18:40 | 任务进度轮询完成 
[SYS] 2025/03/31 - 12:18:40 | batch update started 
[SYS] 2025/03/31 - 12:18:40 | batch update finished 
[SYS] 2025/03/31 - 12:18:45 | batch update started 
[SYS] 2025/03/31 - 12:18:45 | batch update finished 
[SYS] 2025/03/31 - 12:18:50 | batch update started 
[SYS] 2025/03/31 - 12:18:50 | batch update finished 
[SYS] 2025/03/31 - 12:18:55 | 任务进度轮询开始 
[SYS] 2025/03/31 - 12:18:55 | 任务进度轮询完成 
[SYS] 2025/03/31 - 12:18:55 | batch update started 
[SYS] 2025/03/31 - 12:18:55 | batch update finished 
[SYS] 2025/03/31 - 12:19:00 | batch update started 
[SYS] 2025/03/31 - 12:19:00 | batch update finished 
[SYS] 2025/03/31 - 12:19:05 | batch update started 
[SYS] 2025/03/31 - 12:19:05 | batch update finished 
[SYS] 2025/03/31 - 12:19:10 | syncing options from database 
[SYS] 2025/03/31 - 12:19:10 | syncing channels from database 
[SYS] 2025/03/31 - 12:19:10 | channels synced from database 
[SYS] 2025/03/31 - 12:19:10 | 任务进度轮询开始 
[SYS] 2025/03/31 - 12:19:10 | 任务进度轮询完成 
[SYS] 2025/03/31 - 12:19:10 | batch update started 
[SYS] 2025/03/31 - 12:19:10 | batch update finished 
[SYS] 2025/03/31 - 12:19:15 | batch update started 
[SYS] 2025/03/31 - 12:19:15 | batch update finished 
[SYS] 2025/03/31 - 12:19:20 | batch update started 
[SYS] 2025/03/31 - 12:19:20 | batch update finished 
[SYS] 2025/03/31 - 12:19:25 | 任务进度轮询开始 
[SYS] 2025/03/31 - 12:19:25 | 任务进度轮询完成 
[SYS] 2025/03/31 - 12:19:25 | batch update started 
[SYS] 2025/03/31 - 12:19:25 | batch update finished 
[SYS] 2025/03/31 - 12:19:30 | batch update started 
[SYS] 2025/03/31 - 12:19:30 | batch update finished 
[SYS] 2025/03/31 - 12:19:35 | batch update started 
[SYS] 2025/03/31 - 12:19:35 | batch update finished 
[SYS] 2025/03/31 - 12:19:40 | 任务进度轮询开始 
[SYS] 2025/03/31 - 12:19:40 | 任务进度轮询完成 
[SYS] 2025/03/31 - 12:19:40 | batch update started 
[SYS] 2025/03/31 - 12:19:40 | batch update finished 
[SYS] 2025/03/31 - 12:19:45 | batch update started 
[SYS] 2025/03/31 - 12:19:45 | batch update finished 
[SYS] 2025/03/31 - 12:19:50 | batch update started 
[SYS] 2025/03/31 - 12:19:50 | batch update finished 
[SYS] 2025/03/31 - 12:19:55 | 任务进度轮询开始 
[SYS] 2025/03/31 - 12:19:55 | 任务进度轮询完成 
[SYS] 2025/03/31 - 12:19:55 | batch update started 
[SYS] 2025/03/31 - 12:19:55 | batch update finished 
[SYS] 2025/03/31 - 12:20:00 | batch update started 
[SYS] 2025/03/31 - 12:20:00 | batch update finished 
[SYS] 2025/03/31 - 12:20:05 | batch update started 
[SYS] 2025/03/31 - 12:20:05 | batch update finished 
[SYS] 2025/03/31 - 12:20:10 | syncing options from database 
[SYS] 2025/03/31 - 12:20:10 | syncing channels from database 
[SYS] 2025/03/31 - 12:20:10 | 任务进度轮询开始 
[SYS] 2025/03/31 - 12:20:10 | channels synced from database 
[SYS] 2025/03/31 - 12:20:10 | 任务进度轮询完成 
[SYS] 2025/03/31 - 12:20:10 | batch update started 
[SYS] 2025/03/31 - 12:20:10 | batch update finished 
[SYS] 2025/03/31 - 12:20:15 | batch update started 
[SYS] 2025/03/31 - 12:20:15 | batch update finished 
[SYS] 2025/03/31 - 12:20:20 | batch update started 
[SYS] 2025/03/31 - 12:20:20 | batch update finished 
[SYS] 2025/03/31 - 12:20:25 | 任务进度轮询开始 
[SYS] 2025/03/31 - 12:20:25 | 任务进度轮询完成 
[SYS] 2025/03/31 - 12:20:25 | batch update started 
[SYS] 2025/03/31 - 12:20:25 | batch update finished 
[SYS] 2025/03/31 - 12:20:30 | batch update started 
[SYS] 2025/03/31 - 12:20:30 | batch update finished 
[SYS] 2025/03/31 - 12:20:35 | batch update started 
[SYS] 2025/03/31 - 12:20:35 | batch update finished 
[SYS] 2025/03/31 - 12:20:40 | 任务进度轮询开始 
[SYS] 2025/03/31 - 12:20:40 | 任务进度轮询完成 
[SYS] 2025/03/31 - 12:20:40 | batch update started 
[SYS] 2025/03/31 - 12:20:40 | batch update finished 
[SYS] 2025/03/31 - 12:20:45 | batch update started 
[SYS] 2025/03/31 - 12:20:45 | batch update finished 
[SYS] 2025/03/31 - 12:20:50 | batch update started 
[SYS] 2025/03/31 - 12:20:50 | batch update finished 
[SYS] 2025/03/31 - 12:20:55 | 任务进度轮询开始 
[SYS] 2025/03/31 - 12:20:55 | 任务进度轮询完成 
[SYS] 2025/03/31 - 12:20:55 | batch update started 
[SYS] 2025/03/31 - 12:20:55 | batch update finished 
[SYS] 2025/03/31 - 12:21:00 | batch update started 
[SYS] 2025/03/31 - 12:21:00 | batch update finished 
[SYS] 2025/03/31 - 12:21:06 | batch update started 
[SYS] 2025/03/31 - 12:21:06 | batch update finished 
[SYS] 2025/03/31 - 12:21:10 | syncing options from database 
[SYS] 2025/03/31 - 12:21:10 | syncing channels from database 
[SYS] 2025/03/31 - 12:21:10 | channels synced from database 
[SYS] 2025/03/31 - 12:21:10 | 任务进度轮询开始 
[SYS] 2025/03/31 - 12:21:10 | 任务进度轮询完成 
[SYS] 2025/03/31 - 12:21:11 | batch update started 
[SYS] 2025/03/31 - 12:21:11 | batch update finished 
[SYS] 2025/03/31 - 12:21:16 | batch update started 
[SYS] 2025/03/31 - 12:21:16 | batch update finished 
[SYS] 2025/03/31 - 12:21:21 | batch update started 
[SYS] 2025/03/31 - 12:21:21 | batch update finished 
[SYS] 2025/03/31 - 12:21:25 | 任务进度轮询开始 
[SYS] 2025/03/31 - 12:21:25 | 任务进度轮询完成 
[SYS] 2025/03/31 - 12:21:26 | batch update started 
[SYS] 2025/03/31 - 12:21:26 | batch update finished 
[SYS] 2025/03/31 - 12:21:31 | batch update started 
[SYS] 2025/03/31 - 12:21:31 | batch update finished 
[SYS] 2025/03/31 - 12:21:36 | batch update started 
[SYS] 2025/03/31 - 12:21:36 | batch update finished 
[SYS] 2025/03/31 - 12:21:41 | 任务进度轮询开始 
[SYS] 2025/03/31 - 12:21:41 | 任务进度轮询完成 
[SYS] 2025/03/31 - 12:21:41 | batch update started 
[SYS] 2025/03/31 - 12:21:41 | batch update finished 
[SYS] 2025/03/31 - 12:21:46 | batch update started 
[SYS] 2025/03/31 - 12:21:46 | batch update finished 
[SYS] 2025/03/31 - 12:21:51 | batch update started 
[SYS] 2025/03/31 - 12:21:51 | batch update finished 
[SYS] 2025/03/31 - 12:21:56 | 任务进度轮询开始 
[SYS] 2025/03/31 - 12:21:56 | 任务进度轮询完成 
[SYS] 2025/03/31 - 12:21:56 | batch update started 
[SYS] 2025/03/31 - 12:21:56 | batch update finished 
[SYS] 2025/03/31 - 12:22:01 | batch update started 
[SYS] 2025/03/31 - 12:22:01 | batch update finished 
[SYS] 2025/03/31 - 12:22:06 | batch update started 
[SYS] 2025/03/31 - 12:22:06 | batch update finished 
[SYS] 2025/03/31 - 12:22:11 | syncing options from database 
[SYS] 2025/03/31 - 12:22:11 | syncing channels from database 
[SYS] 2025/03/31 - 12:22:11 | channels synced from database 
[SYS] 2025/03/31 - 12:22:11 | 任务进度轮询开始 
[SYS] 2025/03/31 - 12:22:11 | 任务进度轮询完成 
[SYS] 2025/03/31 - 12:22:11 | batch update started 
[SYS] 2025/03/31 - 12:22:11 | batch update finished 
[SYS] 2025/03/31 - 12:22:16 | batch update started 
[SYS] 2025/03/31 - 12:22:16 | batch update finished 
[SYS] 2025/03/31 - 12:22:21 | batch update started 
[SYS] 2025/03/31 - 12:22:21 | batch update finished 
[SYS] 2025/03/31 - 12:22:26 | 任务进度轮询开始 
[SYS] 2025/03/31 - 12:22:26 | 任务进度轮询完成 
[SYS] 2025/03/31 - 12:22:26 | batch update started 
[SYS] 2025/03/31 - 12:22:26 | batch update finished 
[SYS] 2025/03/31 - 12:22:31 | batch update started 
[SYS] 2025/03/31 - 12:22:31 | batch update finished 
[SYS] 2025/03/31 - 12:22:36 | batch update started 
[SYS] 2025/03/31 - 12:22:36 | batch update finished 
[SYS] 2025/03/31 - 12:22:41 | 任务进度轮询开始 
[SYS] 2025/03/31 - 12:22:41 | 任务进度轮询完成 
[SYS] 2025/03/31 - 12:22:41 | batch update started 
[SYS] 2025/03/31 - 12:22:41 | batch update finished 
[SYS] 2025/03/31 - 12:22:46 | batch update started 
[SYS] 2025/03/31 - 12:22:46 | batch update finished 
[SYS] 2025/03/31 - 12:22:51 | batch update started 
[SYS] 2025/03/31 - 12:22:51 | batch update finished 
[SYS] 2025/03/31 - 12:22:56 | 任务进度轮询开始 
[SYS] 2025/03/31 - 12:22:56 | 任务进度轮询完成 
[SYS] 2025/03/31 - 12:22:56 | batch update started 
[SYS] 2025/03/31 - 12:22:56 | batch update finished 
[SYS] 2025/03/31 - 12:23:01 | batch update started 
[SYS] 2025/03/31 - 12:23:01 | batch update finished 
[SYS] 2025/03/31 - 12:23:06 | batch update started 
[SYS] 2025/03/31 - 12:23:06 | batch update finished 
[SYS] 2025/03/31 - 12:23:11 | testing all channels 
[SYS] 2025/03/31 - 12:23:11 | channel test finished 
[SYS] 2025/03/31 - 12:23:11 | 正在更新数据看板数据... 
[SYS] 2025/03/31 - 12:23:11 | 保存数据看板数据成功，共保存0条数据 
[SYS] 2025/03/31 - 12:23:11 | syncing options from database 
[SYS] 2025/03/31 - 12:23:11 | syncing channels from database 
[SYS] 2025/03/31 - 12:23:11 | channels synced from database 
[SYS] 2025/03/31 - 12:23:11 | 任务进度轮询开始 
[SYS] 2025/03/31 - 12:23:11 | 任务进度轮询完成 
[SYS] 2025/03/31 - 12:23:11 | batch update started 
[SYS] 2025/03/31 - 12:23:11 | batch update finished 
[SYS] 2025/03/31 - 12:23:16 | batch update started 
[SYS] 2025/03/31 - 12:23:16 | batch update finished 
[SYS] 2025/03/31 - 12:23:21 | batch update started 
[SYS] 2025/03/31 - 12:23:21 | batch update finished 
[SYS] 2025/03/31 - 12:23:26 | 任务进度轮询开始 
[SYS] 2025/03/31 - 12:23:26 | 任务进度轮询完成 
[SYS] 2025/03/31 - 12:23:26 | batch update started 
[SYS] 2025/03/31 - 12:23:26 | batch update finished 
[SYS] 2025/03/31 - 12:23:31 | batch update started 
[SYS] 2025/03/31 - 12:23:31 | batch update finished 
[SYS] 2025/03/31 - 12:23:36 | batch update started 
[SYS] 2025/03/31 - 12:23:36 | batch update finished 
[SYS] 2025/03/31 - 12:23:41 | 任务进度轮询开始 
[SYS] 2025/03/31 - 12:23:41 | 任务进度轮询完成 
[SYS] 2025/03/31 - 12:23:41 | batch update started 
[SYS] 2025/03/31 - 12:23:41 | batch update finished 
[SYS] 2025/03/31 - 12:23:46 | batch update started 
[SYS] 2025/03/31 - 12:23:46 | batch update finished 
[SYS] 2025/03/31 - 12:23:51 | batch update started 
[SYS] 2025/03/31 - 12:23:51 | batch update finished 
[SYS] 2025/03/31 - 12:23:56 | 任务进度轮询开始 
[SYS] 2025/03/31 - 12:23:56 | 任务进度轮询完成 
[SYS] 2025/03/31 - 12:23:56 | batch update started 
[SYS] 2025/03/31 - 12:23:56 | batch update finished 
[SYS] 2025/03/31 - 12:24:01 | batch update started 
[SYS] 2025/03/31 - 12:24:01 | batch update finished 
[SYS] 2025/03/31 - 12:24:06 | batch update started 
[SYS] 2025/03/31 - 12:24:06 | batch update finished 
[SYS] 2025/03/31 - 12:24:11 | syncing options from database 
[SYS] 2025/03/31 - 12:24:11 | syncing channels from database 
[SYS] 2025/03/31 - 12:24:11 | channels synced from database 
[SYS] 2025/03/31 - 12:24:11 | 任务进度轮询开始 
[SYS] 2025/03/31 - 12:24:11 | 任务进度轮询完成 
[SYS] 2025/03/31 - 12:24:11 | batch update started 
[SYS] 2025/03/31 - 12:24:11 | batch update finished 
[SYS] 2025/03/31 - 12:24:16 | batch update started 
[SYS] 2025/03/31 - 12:24:16 | batch update finished 
[SYS] 2025/03/31 - 12:24:21 | batch update started 
[SYS] 2025/03/31 - 12:24:21 | batch update finished 
[SYS] 2025/03/31 - 12:24:26 | 任务进度轮询开始 
[SYS] 2025/03/31 - 12:24:26 | 任务进度轮询完成 
[SYS] 2025/03/31 - 12:24:26 | batch update started 
[SYS] 2025/03/31 - 12:24:26 | batch update finished 
[SYS] 2025/03/31 - 12:24:32 | batch update started 
[SYS] 2025/03/31 - 12:24:32 | batch update finished 
[SYS] 2025/03/31 - 12:24:37 | batch update started 
[SYS] 2025/03/31 - 12:24:37 | batch update finished 
[SYS] 2025/03/31 - 12:24:41 | 任务进度轮询开始 
[SYS] 2025/03/31 - 12:24:41 | 任务进度轮询完成 
[SYS] 2025/03/31 - 12:24:42 | batch update started 
[SYS] 2025/03/31 - 12:24:42 | batch update finished 
[SYS] 2025/03/31 - 12:24:47 | batch update started 
[SYS] 2025/03/31 - 12:24:47 | batch update finished 
[SYS] 2025/03/31 - 12:24:52 | batch update started 
[SYS] 2025/03/31 - 12:24:52 | batch update finished 
[SYS] 2025/03/31 - 12:24:56 | 任务进度轮询开始 
[SYS] 2025/03/31 - 12:24:56 | 任务进度轮询完成 
[SYS] 2025/03/31 - 12:24:57 | batch update started 
[SYS] 2025/03/31 - 12:24:57 | batch update finished 
[SYS] 2025/03/31 - 12:25:02 | batch update started 
[SYS] 2025/03/31 - 12:25:02 | batch update finished 
[SYS] 2025/03/31 - 12:25:07 | batch update started 
[SYS] 2025/03/31 - 12:25:07 | batch update finished 
[SYS] 2025/03/31 - 12:25:11 | syncing options from database 
[SYS] 2025/03/31 - 12:25:11 | syncing channels from database 
[SYS] 2025/03/31 - 12:25:12 | channels synced from database 
[SYS] 2025/03/31 - 12:25:12 | 任务进度轮询开始 
[SYS] 2025/03/31 - 12:25:12 | 任务进度轮询完成 
[SYS] 2025/03/31 - 12:25:12 | batch update started 
[SYS] 2025/03/31 - 12:25:12 | batch update finished 
[SYS] 2025/03/31 - 12:25:17 | batch update started 
[SYS] 2025/03/31 - 12:25:17 | batch update finished 
[SYS] 2025/03/31 - 12:25:22 | batch update started 
[SYS] 2025/03/31 - 12:25:22 | batch update finished 
[SYS] 2025/03/31 - 12:25:27 | 任务进度轮询开始 
[SYS] 2025/03/31 - 12:25:27 | 任务进度轮询完成 
[SYS] 2025/03/31 - 12:25:27 | batch update started 
[SYS] 2025/03/31 - 12:25:27 | batch update finished 
[SYS] 2025/03/31 - 12:25:32 | batch update started 
[SYS] 2025/03/31 - 12:25:32 | batch update finished 
[SYS] 2025/03/31 - 12:25:37 | batch update started 
[SYS] 2025/03/31 - 12:25:37 | batch update finished 
[SYS] 2025/03/31 - 12:25:42 | 任务进度轮询开始 
[SYS] 2025/03/31 - 12:25:42 | 任务进度轮询完成 
[SYS] 2025/03/31 - 12:25:42 | batch update started 
[SYS] 2025/03/31 - 12:25:42 | batch update finished 
[SYS] 2025/03/31 - 12:25:47 | batch update started 
[SYS] 2025/03/31 - 12:25:47 | batch update finished 
[SYS] 2025/03/31 - 12:25:52 | batch update started 
[SYS] 2025/03/31 - 12:25:52 | batch update finished 
[SYS] 2025/03/31 - 12:25:57 | 任务进度轮询开始 
[SYS] 2025/03/31 - 12:25:57 | 任务进度轮询完成 
[SYS] 2025/03/31 - 12:25:57 | batch update started 
[SYS] 2025/03/31 - 12:25:57 | batch update finished 
[SYS] 2025/03/31 - 12:26:02 | batch update started 
[SYS] 2025/03/31 - 12:26:02 | batch update finished 
[SYS] 2025/03/31 - 12:26:07 | batch update started 
[SYS] 2025/03/31 - 12:26:07 | batch update finished 
[SYS] 2025/03/31 - 12:26:12 | syncing options from database 
[SYS] 2025/03/31 - 12:26:12 | syncing channels from database 
[SYS] 2025/03/31 - 12:26:12 | channels synced from database 
[SYS] 2025/03/31 - 12:26:12 | 任务进度轮询开始 
[SYS] 2025/03/31 - 12:26:12 | 任务进度轮询完成 
[SYS] 2025/03/31 - 12:26:12 | batch update started 
[SYS] 2025/03/31 - 12:26:12 | batch update finished 
[SYS] 2025/03/31 - 12:26:17 | batch update started 
[SYS] 2025/03/31 - 12:26:17 | batch update finished 
[SYS] 2025/03/31 - 12:26:22 | batch update started 
[SYS] 2025/03/31 - 12:26:22 | batch update finished 
[SYS] 2025/03/31 - 12:26:27 | 任务进度轮询开始 
[SYS] 2025/03/31 - 12:26:27 | 任务进度轮询完成 
[SYS] 2025/03/31 - 12:26:27 | batch update started 
[SYS] 2025/03/31 - 12:26:27 | batch update finished 
[SYS] 2025/03/31 - 12:26:32 | batch update started 
[SYS] 2025/03/31 - 12:26:32 | batch update finished 
[SYS] 2025/03/31 - 12:26:37 | batch update started 
[SYS] 2025/03/31 - 12:26:37 | batch update finished 
[SYS] 2025/03/31 - 12:26:42 | 任务进度轮询开始 
[SYS] 2025/03/31 - 12:26:42 | 任务进度轮询完成 
[SYS] 2025/03/31 - 12:26:42 | batch update started 
[SYS] 2025/03/31 - 12:26:42 | batch update finished 
[SYS] 2025/03/31 - 12:26:47 | batch update started 
[SYS] 2025/03/31 - 12:26:47 | batch update finished 
[SYS] 2025/03/31 - 12:26:52 | batch update started 
[SYS] 2025/03/31 - 12:26:52 | batch update finished 
[SYS] 2025/03/31 - 12:26:57 | 任务进度轮询开始 
[SYS] 2025/03/31 - 12:26:57 | 任务进度轮询完成 
[SYS] 2025/03/31 - 12:26:57 | batch update started 
[SYS] 2025/03/31 - 12:26:57 | batch update finished 
[SYS] 2025/03/31 - 12:27:02 | batch update started 
[SYS] 2025/03/31 - 12:27:02 | batch update finished 
[SYS] 2025/03/31 - 12:27:07 | batch update started 
[SYS] 2025/03/31 - 12:27:07 | batch update finished 
[SYS] 2025/03/31 - 12:27:12 | syncing options from database 
[SYS] 2025/03/31 - 12:27:12 | syncing channels from database 
[SYS] 2025/03/31 - 12:27:12 | channels synced from database 
[SYS] 2025/03/31 - 12:27:12 | 任务进度轮询开始 
[SYS] 2025/03/31 - 12:27:12 | 任务进度轮询完成 
[SYS] 2025/03/31 - 12:27:12 | batch update started 
[SYS] 2025/03/31 - 12:27:12 | batch update finished 
[SYS] 2025/03/31 - 12:27:17 | batch update started 
[SYS] 2025/03/31 - 12:27:17 | batch update finished 
[SYS] 2025/03/31 - 12:27:22 | batch update started 
[SYS] 2025/03/31 - 12:27:22 | batch update finished 
[SYS] 2025/03/31 - 12:27:27 | 任务进度轮询开始 
[SYS] 2025/03/31 - 12:27:27 | 任务进度轮询完成 
[SYS] 2025/03/31 - 12:27:27 | batch update started 
[SYS] 2025/03/31 - 12:27:27 | batch update finished 
[SYS] 2025/03/31 - 12:27:32 | batch update started 
[SYS] 2025/03/31 - 12:27:32 | batch update finished 
[SYS] 2025/03/31 - 12:27:37 | batch update started 
[SYS] 2025/03/31 - 12:27:37 | batch update finished 
[SYS] 2025/03/31 - 12:27:42 | 任务进度轮询开始 
[SYS] 2025/03/31 - 12:27:42 | 任务进度轮询完成 
[SYS] 2025/03/31 - 12:27:42 | batch update started 
[SYS] 2025/03/31 - 12:27:42 | batch update finished 
[SYS] 2025/03/31 - 12:27:47 | batch update started 
[SYS] 2025/03/31 - 12:27:47 | batch update finished 
[SYS] 2025/03/31 - 12:27:52 | batch update started 
[SYS] 2025/03/31 - 12:27:52 | batch update finished 
[SYS] 2025/03/31 - 12:27:57 | 任务进度轮询开始 
[SYS] 2025/03/31 - 12:27:57 | 任务进度轮询完成 
[SYS] 2025/03/31 - 12:27:57 | batch update started 
[SYS] 2025/03/31 - 12:27:57 | batch update finished 
[SYS] 2025/03/31 - 12:28:03 | batch update started 
[SYS] 2025/03/31 - 12:28:03 | batch update finished 
[SYS] 2025/03/31 - 12:28:08 | batch update started 
[SYS] 2025/03/31 - 12:28:08 | batch update finished 
[SYS] 2025/03/31 - 12:28:12 | 正在更新数据看板数据... 
[SYS] 2025/03/31 - 12:28:12 | 保存数据看板数据成功，共保存0条数据 
[SYS] 2025/03/31 - 12:28:12 | syncing options from database 
[SYS] 2025/03/31 - 12:28:12 | syncing channels from database 
[SYS] 2025/03/31 - 12:28:12 | channels synced from database 
[SYS] 2025/03/31 - 12:28:12 | 任务进度轮询开始 
[SYS] 2025/03/31 - 12:28:12 | 任务进度轮询完成 
[SYS] 2025/03/31 - 12:28:13 | batch update started 
[SYS] 2025/03/31 - 12:28:13 | batch update finished 
[SYS] 2025/03/31 - 12:28:18 | batch update started 
[SYS] 2025/03/31 - 12:28:18 | batch update finished 
[SYS] 2025/03/31 - 12:28:23 | batch update started 
[SYS] 2025/03/31 - 12:28:23 | batch update finished 
[SYS] 2025/03/31 - 12:28:27 | 任务进度轮询开始 
[SYS] 2025/03/31 - 12:28:27 | 任务进度轮询完成 
[SYS] 2025/03/31 - 12:28:28 | batch update started 
[SYS] 2025/03/31 - 12:28:28 | batch update finished 
[SYS] 2025/03/31 - 12:28:33 | batch update started 
[SYS] 2025/03/31 - 12:28:33 | batch update finished 
[SYS] 2025/03/31 - 12:28:38 | batch update started 
[SYS] 2025/03/31 - 12:28:38 | batch update finished 
[SYS] 2025/03/31 - 12:28:43 | 任务进度轮询开始 
[SYS] 2025/03/31 - 12:28:43 | 任务进度轮询完成 
[SYS] 2025/03/31 - 12:28:43 | batch update started 
[SYS] 2025/03/31 - 12:28:43 | batch update finished 
[SYS] 2025/03/31 - 12:28:48 | batch update started 
[SYS] 2025/03/31 - 12:28:48 | batch update finished 
[SYS] 2025/03/31 - 12:28:53 | batch update started 
[SYS] 2025/03/31 - 12:28:53 | batch update finished 
[SYS] 2025/03/31 - 12:28:58 | 任务进度轮询开始 
[SYS] 2025/03/31 - 12:28:58 | 任务进度轮询完成 
[SYS] 2025/03/31 - 12:28:58 | batch update started 
[SYS] 2025/03/31 - 12:28:58 | batch update finished 
[SYS] 2025/03/31 - 12:29:03 | batch update started 
[SYS] 2025/03/31 - 12:29:03 | batch update finished 
[SYS] 2025/03/31 - 12:29:08 | batch update started 
[SYS] 2025/03/31 - 12:29:08 | batch update finished 
[SYS] 2025/03/31 - 12:29:12 | syncing options from database 
[SYS] 2025/03/31 - 12:29:13 | syncing channels from database 
[SYS] 2025/03/31 - 12:29:13 | channels synced from database 
[SYS] 2025/03/31 - 12:29:13 | 任务进度轮询开始 
[SYS] 2025/03/31 - 12:29:13 | 任务进度轮询完成 
[SYS] 2025/03/31 - 12:29:13 | batch update started 
[SYS] 2025/03/31 - 12:29:13 | batch update finished 
[SYS] 2025/03/31 - 12:29:18 | batch update started 
[SYS] 2025/03/31 - 12:29:18 | batch update finished 
[SYS] 2025/03/31 - 12:29:23 | batch update started 
[SYS] 2025/03/31 - 12:29:23 | batch update finished 
[SYS] 2025/03/31 - 12:29:28 | 任务进度轮询开始 
[SYS] 2025/03/31 - 12:29:28 | 任务进度轮询完成 
[SYS] 2025/03/31 - 12:29:28 | batch update started 
[SYS] 2025/03/31 - 12:29:28 | batch update finished 
[SYS] 2025/03/31 - 12:29:33 | batch update started 
[SYS] 2025/03/31 - 12:29:33 | batch update finished 
[SYS] 2025/03/31 - 12:29:38 | batch update started 
[SYS] 2025/03/31 - 12:29:38 | batch update finished 
[SYS] 2025/03/31 - 12:29:43 | 任务进度轮询开始 
[SYS] 2025/03/31 - 12:29:43 | 任务进度轮询完成 
[SYS] 2025/03/31 - 12:29:43 | batch update started 
[SYS] 2025/03/31 - 12:29:43 | batch update finished 
[SYS] 2025/03/31 - 12:29:48 | batch update started 
[SYS] 2025/03/31 - 12:29:48 | batch update finished 
[SYS] 2025/03/31 - 12:29:53 | batch update started 
[SYS] 2025/03/31 - 12:29:53 | batch update finished 
[SYS] 2025/03/31 - 12:29:58 | 任务进度轮询开始 
[SYS] 2025/03/31 - 12:29:58 | 任务进度轮询完成 
[SYS] 2025/03/31 - 12:29:58 | batch update started 
[SYS] 2025/03/31 - 12:29:58 | batch update finished 
[SYS] 2025/03/31 - 12:30:03 | batch update started 
[SYS] 2025/03/31 - 12:30:03 | batch update finished 
[SYS] 2025/03/31 - 12:30:08 | batch update started 
[SYS] 2025/03/31 - 12:30:08 | batch update finished 
[SYS] 2025/03/31 - 12:30:13 | syncing options from database 
[SYS] 2025/03/31 - 12:30:13 | syncing channels from database 
[SYS] 2025/03/31 - 12:30:13 | channels synced from database 
[SYS] 2025/03/31 - 12:30:13 | 任务进度轮询开始 
[SYS] 2025/03/31 - 12:30:13 | 任务进度轮询完成 
[SYS] 2025/03/31 - 12:30:13 | batch update started 
[SYS] 2025/03/31 - 12:30:13 | batch update finished 
[SYS] 2025/03/31 - 12:30:18 | batch update started 
[SYS] 2025/03/31 - 12:30:18 | batch update finished 
[SYS] 2025/03/31 - 12:30:23 | batch update started 
[SYS] 2025/03/31 - 12:30:23 | batch update finished 
[SYS] 2025/03/31 - 12:30:28 | 任务进度轮询开始 
[SYS] 2025/03/31 - 12:30:28 | 任务进度轮询完成 
[SYS] 2025/03/31 - 12:30:28 | batch update started 
[SYS] 2025/03/31 - 12:30:28 | batch update finished 
[SYS] 2025/03/31 - 12:30:33 | batch update started 
[SYS] 2025/03/31 - 12:30:33 | batch update finished 
[SYS] 2025/03/31 - 12:30:38 | batch update started 
[SYS] 2025/03/31 - 12:30:38 | batch update finished 
[SYS] 2025/03/31 - 12:30:43 | 任务进度轮询开始 
[SYS] 2025/03/31 - 12:30:43 | 任务进度轮询完成 
[SYS] 2025/03/31 - 12:30:43 | batch update started 
[SYS] 2025/03/31 - 12:30:43 | batch update finished 
[SYS] 2025/03/31 - 12:30:48 | batch update started 
[SYS] 2025/03/31 - 12:30:48 | batch update finished 
[SYS] 2025/03/31 - 12:30:53 | batch update started 
[SYS] 2025/03/31 - 12:30:53 | batch update finished 
[SYS] 2025/03/31 - 12:30:58 | 任务进度轮询开始 
[SYS] 2025/03/31 - 12:30:58 | 任务进度轮询完成 
[SYS] 2025/03/31 - 12:30:58 | batch update started 
[SYS] 2025/03/31 - 12:30:58 | batch update finished 
[SYS] 2025/03/31 - 12:31:03 | batch update started 
[SYS] 2025/03/31 - 12:31:03 | batch update finished 
[SYS] 2025/03/31 - 12:31:08 | batch update started 
[SYS] 2025/03/31 - 12:31:08 | batch update finished 
[SYS] 2025/03/31 - 12:31:13 | syncing options from database 
[SYS] 2025/03/31 - 12:31:13 | syncing channels from database 
[SYS] 2025/03/31 - 12:31:13 | channels synced from database 
[SYS] 2025/03/31 - 12:31:13 | 任务进度轮询开始 
[SYS] 2025/03/31 - 12:31:13 | 任务进度轮询完成 
[SYS] 2025/03/31 - 12:31:13 | batch update started 
[SYS] 2025/03/31 - 12:31:13 | batch update finished 
[SYS] 2025/03/31 - 12:31:18 | batch update started 
[SYS] 2025/03/31 - 12:31:18 | batch update finished 
[SYS] 2025/03/31 - 12:31:23 | batch update started 
[SYS] 2025/03/31 - 12:31:23 | batch update finished 
[SYS] 2025/03/31 - 12:31:28 | 任务进度轮询开始 
[SYS] 2025/03/31 - 12:31:28 | 任务进度轮询完成 
[SYS] 2025/03/31 - 12:31:28 | batch update started 
[SYS] 2025/03/31 - 12:31:28 | batch update finished 
[SYS] 2025/03/31 - 12:31:34 | batch update started 
[SYS] 2025/03/31 - 12:31:34 | batch update finished 
[SYS] 2025/03/31 - 12:31:39 | batch update started 
[SYS] 2025/03/31 - 12:31:39 | batch update finished 
[SYS] 2025/03/31 - 12:31:43 | 任务进度轮询开始 
[SYS] 2025/03/31 - 12:31:43 | 任务进度轮询完成 
[SYS] 2025/03/31 - 12:31:44 | batch update started 
[SYS] 2025/03/31 - 12:31:44 | batch update finished 
[SYS] 2025/03/31 - 12:31:49 | batch update started 
[SYS] 2025/03/31 - 12:31:49 | batch update finished 
[SYS] 2025/03/31 - 12:31:54 | batch update started 
[SYS] 2025/03/31 - 12:31:54 | batch update finished 
[SYS] 2025/03/31 - 12:31:58 | 任务进度轮询开始 
[SYS] 2025/03/31 - 12:31:58 | 任务进度轮询完成 
[SYS] 2025/03/31 - 12:31:59 | batch update started 
[SYS] 2025/03/31 - 12:31:59 | batch update finished 
[SYS] 2025/03/31 - 12:32:04 | batch update started 
[SYS] 2025/03/31 - 12:32:04 | batch update finished 
[SYS] 2025/03/31 - 12:32:09 | batch update started 
[SYS] 2025/03/31 - 12:32:09 | batch update finished 
[SYS] 2025/03/31 - 12:32:13 | syncing options from database 
[SYS] 2025/03/31 - 12:32:13 | syncing channels from database 
[SYS] 2025/03/31 - 12:32:13 | channels synced from database 
[SYS] 2025/03/31 - 12:32:14 | 任务进度轮询开始 
[SYS] 2025/03/31 - 12:32:14 | 任务进度轮询完成 
[SYS] 2025/03/31 - 12:32:14 | batch update started 
[SYS] 2025/03/31 - 12:32:14 | batch update finished 
[SYS] 2025/03/31 - 12:32:19 | batch update started 
[SYS] 2025/03/31 - 12:32:19 | batch update finished 
[SYS] 2025/03/31 - 12:32:24 | batch update started 
[SYS] 2025/03/31 - 12:32:24 | batch update finished 
[SYS] 2025/03/31 - 12:32:29 | 任务进度轮询开始 
[SYS] 2025/03/31 - 12:32:29 | 任务进度轮询完成 
[SYS] 2025/03/31 - 12:32:29 | batch update started 
[SYS] 2025/03/31 - 12:32:29 | batch update finished 
[SYS] 2025/03/31 - 12:32:34 | batch update started 
[SYS] 2025/03/31 - 12:32:34 | batch update finished 
[SYS] 2025/03/31 - 12:32:39 | batch update started 
[SYS] 2025/03/31 - 12:32:39 | batch update finished 
[SYS] 2025/03/31 - 12:32:44 | 任务进度轮询开始 
[SYS] 2025/03/31 - 12:32:44 | 任务进度轮询完成 
[SYS] 2025/03/31 - 12:32:44 | batch update started 
[SYS] 2025/03/31 - 12:32:44 | batch update finished 
[SYS] 2025/03/31 - 12:32:49 | batch update started 
[SYS] 2025/03/31 - 12:32:49 | batch update finished 
[SYS] 2025/03/31 - 12:32:54 | batch update started 
[SYS] 2025/03/31 - 12:32:54 | batch update finished 
[SYS] 2025/03/31 - 12:32:59 | 任务进度轮询开始 
[SYS] 2025/03/31 - 12:32:59 | 任务进度轮询完成 
[SYS] 2025/03/31 - 12:32:59 | batch update started 
[SYS] 2025/03/31 - 12:32:59 | batch update finished 
[SYS] 2025/03/31 - 12:33:04 | batch update started 
[SYS] 2025/03/31 - 12:33:04 | batch update finished 
[SYS] 2025/03/31 - 12:33:09 | batch update started 
[SYS] 2025/03/31 - 12:33:09 | batch update finished 
[SYS] 2025/03/31 - 12:33:13 | testing all channels 
[SYS] 2025/03/31 - 12:33:13 | 正在更新数据看板数据... 
[SYS] 2025/03/31 - 12:33:13 | 保存数据看板数据成功，共保存0条数据 
[SYS] 2025/03/31 - 12:33:13 | channel test finished 
[SYS] 2025/03/31 - 12:33:13 | syncing options from database 
[SYS] 2025/03/31 - 12:33:14 | syncing channels from database 
[SYS] 2025/03/31 - 12:33:14 | channels synced from database 
[SYS] 2025/03/31 - 12:33:14 | 任务进度轮询开始 
[SYS] 2025/03/31 - 12:33:14 | 任务进度轮询完成 
[SYS] 2025/03/31 - 12:33:14 | batch update started 
[SYS] 2025/03/31 - 12:33:14 | batch update finished 
[SYS] 2025/03/31 - 12:33:19 | batch update started 
[SYS] 2025/03/31 - 12:33:19 | batch update finished 
[SYS] 2025/03/31 - 12:33:24 | batch update started 
[SYS] 2025/03/31 - 12:33:24 | batch update finished 
[SYS] 2025/03/31 - 12:33:29 | 任务进度轮询开始 
[SYS] 2025/03/31 - 12:33:29 | 任务进度轮询完成 
[SYS] 2025/03/31 - 12:33:29 | batch update started 
[SYS] 2025/03/31 - 12:33:29 | batch update finished 
[SYS] 2025/03/31 - 12:33:34 | batch update started 
[SYS] 2025/03/31 - 12:33:34 | batch update finished 
[SYS] 2025/03/31 - 12:33:39 | batch update started 
[SYS] 2025/03/31 - 12:33:39 | batch update finished 
[SYS] 2025/03/31 - 12:33:44 | 任务进度轮询开始 
[SYS] 2025/03/31 - 12:33:44 | 任务进度轮询完成 
[SYS] 2025/03/31 - 12:33:44 | batch update started 
[SYS] 2025/03/31 - 12:33:44 | batch update finished 
[SYS] 2025/03/31 - 12:33:49 | batch update started 
[SYS] 2025/03/31 - 12:33:49 | batch update finished 
[SYS] 2025/03/31 - 12:33:54 | batch update started 
[SYS] 2025/03/31 - 12:33:54 | batch update finished 
[SYS] 2025/03/31 - 12:33:59 | 任务进度轮询开始 
[SYS] 2025/03/31 - 12:33:59 | 任务进度轮询完成 
[SYS] 2025/03/31 - 12:33:59 | batch update started 
[SYS] 2025/03/31 - 12:33:59 | batch update finished 
[SYS] 2025/03/31 - 12:34:04 | batch update started 
[SYS] 2025/03/31 - 12:34:04 | batch update finished 
[SYS] 2025/03/31 - 12:34:09 | batch update started 
[SYS] 2025/03/31 - 12:34:09 | batch update finished 
[SYS] 2025/03/31 - 12:34:14 | syncing options from database 
[SYS] 2025/03/31 - 12:34:14 | syncing channels from database 
[SYS] 2025/03/31 - 12:34:14 | channels synced from database 
[SYS] 2025/03/31 - 12:34:14 | 任务进度轮询开始 
[SYS] 2025/03/31 - 12:34:14 | 任务进度轮询完成 
[SYS] 2025/03/31 - 12:34:14 | batch update started 
[SYS] 2025/03/31 - 12:34:14 | batch update finished 
[SYS] 2025/03/31 - 12:34:19 | batch update started 
[SYS] 2025/03/31 - 12:34:19 | batch update finished 
[SYS] 2025/03/31 - 12:34:24 | batch update started 
[SYS] 2025/03/31 - 12:34:24 | batch update finished 
[SYS] 2025/03/31 - 12:34:29 | 任务进度轮询开始 
[SYS] 2025/03/31 - 12:34:29 | 任务进度轮询完成 
[SYS] 2025/03/31 - 12:34:29 | batch update started 
[SYS] 2025/03/31 - 12:34:29 | batch update finished 
[SYS] 2025/03/31 - 12:34:34 | batch update started 
[SYS] 2025/03/31 - 12:34:34 | batch update finished 
[SYS] 2025/03/31 - 12:34:39 | batch update started 
[SYS] 2025/03/31 - 12:34:39 | batch update finished 
[SYS] 2025/03/31 - 12:34:44 | 任务进度轮询开始 
[SYS] 2025/03/31 - 12:34:44 | 任务进度轮询完成 
[SYS] 2025/03/31 - 12:34:44 | batch update started 
[SYS] 2025/03/31 - 12:34:44 | batch update finished 
[SYS] 2025/03/31 - 12:34:49 | batch update started 
[SYS] 2025/03/31 - 12:34:49 | batch update finished 
[SYS] 2025/03/31 - 12:34:55 | batch update started 
[SYS] 2025/03/31 - 12:34:55 | batch update finished 
[SYS] 2025/03/31 - 12:34:59 | 任务进度轮询开始 
[SYS] 2025/03/31 - 12:34:59 | 任务进度轮询完成 
[SYS] 2025/03/31 - 12:35:00 | batch update started 
[SYS] 2025/03/31 - 12:35:00 | batch update finished 
[SYS] 2025/03/31 - 12:35:05 | batch update started 
[SYS] 2025/03/31 - 12:35:05 | batch update finished 
[SYS] 2025/03/31 - 12:35:10 | batch update started 
[SYS] 2025/03/31 - 12:35:10 | batch update finished 
[SYS] 2025/03/31 - 12:35:14 | syncing options from database 
[SYS] 2025/03/31 - 12:35:14 | syncing channels from database 
[SYS] 2025/03/31 - 12:35:14 | channels synced from database 
[SYS] 2025/03/31 - 12:35:14 | 任务进度轮询开始 
[SYS] 2025/03/31 - 12:35:14 | 任务进度轮询完成 
[SYS] 2025/03/31 - 12:35:15 | batch update started 
[SYS] 2025/03/31 - 12:35:15 | batch update finished 
[SYS] 2025/03/31 - 12:35:20 | batch update started 
[SYS] 2025/03/31 - 12:35:20 | batch update finished 
[SYS] 2025/03/31 - 12:35:25 | batch update started 
[SYS] 2025/03/31 - 12:35:25 | batch update finished 
[SYS] 2025/03/31 - 12:35:29 | 任务进度轮询开始 
[SYS] 2025/03/31 - 12:35:29 | 任务进度轮询完成 
[SYS] 2025/03/31 - 12:35:30 | batch update started 
[SYS] 2025/03/31 - 12:35:30 | batch update finished 
[SYS] 2025/03/31 - 12:35:35 | batch update started 
[SYS] 2025/03/31 - 12:35:35 | batch update finished 
[SYS] 2025/03/31 - 12:35:40 | batch update started 
[SYS] 2025/03/31 - 12:35:40 | batch update finished 
[SYS] 2025/03/31 - 12:35:44 | 任务进度轮询开始 
[SYS] 2025/03/31 - 12:35:44 | 任务进度轮询完成 
[SYS] 2025/03/31 - 12:35:45 | batch update started 
[SYS] 2025/03/31 - 12:35:45 | batch update finished 
[SYS] 2025/03/31 - 12:35:50 | batch update started 
[SYS] 2025/03/31 - 12:35:50 | batch update finished 
[SYS] 2025/03/31 - 12:35:55 | batch update started 
[SYS] 2025/03/31 - 12:35:55 | batch update finished 
[SYS] 2025/03/31 - 12:35:59 | 任务进度轮询开始 
[SYS] 2025/03/31 - 12:35:59 | 任务进度轮询完成 
[SYS] 2025/03/31 - 12:36:00 | batch update started 
[SYS] 2025/03/31 - 12:36:00 | batch update finished 
[SYS] 2025/03/31 - 12:36:05 | batch update started 
[SYS] 2025/03/31 - 12:36:05 | batch update finished 
[SYS] 2025/03/31 - 12:36:10 | batch update started 
[SYS] 2025/03/31 - 12:36:10 | batch update finished 
[SYS] 2025/03/31 - 12:36:14 | syncing options from database 
[SYS] 2025/03/31 - 12:36:14 | syncing channels from database 
[SYS] 2025/03/31 - 12:36:14 | channels synced from database 
[SYS] 2025/03/31 - 12:36:15 | 任务进度轮询开始 
[SYS] 2025/03/31 - 12:36:15 | 任务进度轮询完成 
[SYS] 2025/03/31 - 12:36:15 | batch update started 
[SYS] 2025/03/31 - 12:36:15 | batch update finished 
[SYS] 2025/03/31 - 12:36:20 | batch update started 
[SYS] 2025/03/31 - 12:36:20 | batch update finished 
[SYS] 2025/03/31 - 12:36:25 | batch update started 
[SYS] 2025/03/31 - 12:36:25 | batch update finished 
[SYS] 2025/03/31 - 12:36:30 | 任务进度轮询开始 
[SYS] 2025/03/31 - 12:36:30 | 任务进度轮询完成 
[SYS] 2025/03/31 - 12:36:30 | batch update started 
[SYS] 2025/03/31 - 12:36:30 | batch update finished 
[SYS] 2025/03/31 - 12:36:35 | batch update started 
[SYS] 2025/03/31 - 12:36:35 | batch update finished 
[SYS] 2025/03/31 - 12:36:40 | batch update started 
[SYS] 2025/03/31 - 12:36:40 | batch update finished 
[SYS] 2025/03/31 - 12:36:45 | 任务进度轮询开始 
[SYS] 2025/03/31 - 12:36:45 | 任务进度轮询完成 
[SYS] 2025/03/31 - 12:36:45 | batch update started 
[SYS] 2025/03/31 - 12:36:45 | batch update finished 
[SYS] 2025/03/31 - 12:36:50 | batch update started 
[SYS] 2025/03/31 - 12:36:50 | batch update finished 
[SYS] 2025/03/31 - 12:36:55 | batch update started 
[SYS] 2025/03/31 - 12:36:55 | batch update finished 
[SYS] 2025/03/31 - 12:37:00 | 任务进度轮询开始 
[SYS] 2025/03/31 - 12:37:00 | 任务进度轮询完成 
[SYS] 2025/03/31 - 12:37:00 | batch update started 
[SYS] 2025/03/31 - 12:37:00 | batch update finished 
[SYS] 2025/03/31 - 12:37:05 | batch update started 
[SYS] 2025/03/31 - 12:37:05 | batch update finished 
[SYS] 2025/03/31 - 12:37:10 | batch update started 
[SYS] 2025/03/31 - 12:37:10 | batch update finished 
[SYS] 2025/03/31 - 12:37:15 | syncing options from database 
[SYS] 2025/03/31 - 12:37:15 | syncing channels from database 
[SYS] 2025/03/31 - 12:37:15 | channels synced from database 
[SYS] 2025/03/31 - 12:37:15 | 任务进度轮询开始 
[SYS] 2025/03/31 - 12:37:15 | 任务进度轮询完成 
[SYS] 2025/03/31 - 12:37:15 | batch update started 
[SYS] 2025/03/31 - 12:37:15 | batch update finished 
[SYS] 2025/03/31 - 12:37:20 | batch update started 
[SYS] 2025/03/31 - 12:37:20 | batch update finished 
[SYS] 2025/03/31 - 12:37:25 | batch update started 
[SYS] 2025/03/31 - 12:37:25 | batch update finished 
[SYS] 2025/03/31 - 12:37:30 | 任务进度轮询开始 
[SYS] 2025/03/31 - 12:37:30 | 任务进度轮询完成 
[SYS] 2025/03/31 - 12:37:30 | batch update started 
[SYS] 2025/03/31 - 12:37:30 | batch update finished 
[SYS] 2025/03/31 - 12:37:35 | batch update started 
[SYS] 2025/03/31 - 12:37:35 | batch update finished 
[SYS] 2025/03/31 - 12:37:40 | batch update started 
[SYS] 2025/03/31 - 12:37:40 | batch update finished 
[SYS] 2025/03/31 - 12:37:45 | 任务进度轮询开始 
[SYS] 2025/03/31 - 12:37:45 | 任务进度轮询完成 
[SYS] 2025/03/31 - 12:37:45 | batch update started 
[SYS] 2025/03/31 - 12:37:45 | batch update finished 
[SYS] 2025/03/31 - 12:37:50 | batch update started 
[SYS] 2025/03/31 - 12:37:50 | batch update finished 
[SYS] 2025/03/31 - 12:37:55 | batch update started 
[SYS] 2025/03/31 - 12:37:55 | batch update finished 
[SYS] 2025/03/31 - 12:38:00 | 任务进度轮询开始 
[SYS] 2025/03/31 - 12:38:00 | 任务进度轮询完成 
[SYS] 2025/03/31 - 12:38:00 | batch update started 
[SYS] 2025/03/31 - 12:38:00 | batch update finished 
[SYS] 2025/03/31 - 12:38:06 | batch update started 
[SYS] 2025/03/31 - 12:38:06 | batch update finished 
[SYS] 2025/03/31 - 12:38:11 | batch update started 
[SYS] 2025/03/31 - 12:38:11 | batch update finished 
[SYS] 2025/03/31 - 12:38:15 | 正在更新数据看板数据... 
[SYS] 2025/03/31 - 12:38:15 | 保存数据看板数据成功，共保存0条数据 
[SYS] 2025/03/31 - 12:38:15 | syncing options from database 
[SYS] 2025/03/31 - 12:38:15 | syncing channels from database 
[SYS] 2025/03/31 - 12:38:15 | channels synced from database 
[SYS] 2025/03/31 - 12:38:15 | 任务进度轮询开始 
[SYS] 2025/03/31 - 12:38:15 | 任务进度轮询完成 
[SYS] 2025/03/31 - 12:38:16 | batch update started 
[SYS] 2025/03/31 - 12:38:16 | batch update finished 
[SYS] 2025/03/31 - 12:38:21 | batch update started 
[SYS] 2025/03/31 - 12:38:21 | batch update finished 
[SYS] 2025/03/31 - 12:38:26 | batch update started 
[SYS] 2025/03/31 - 12:38:26 | batch update finished 
[SYS] 2025/03/31 - 12:38:30 | 任务进度轮询开始 
[SYS] 2025/03/31 - 12:38:30 | 任务进度轮询完成 
[SYS] 2025/03/31 - 12:38:31 | batch update started 
[SYS] 2025/03/31 - 12:38:31 | batch update finished 
[SYS] 2025/03/31 - 12:38:36 | batch update started 
[SYS] 2025/03/31 - 12:38:36 | batch update finished 
[SYS] 2025/03/31 - 12:38:41 | batch update started 
[SYS] 2025/03/31 - 12:38:41 | batch update finished 
[SYS] 2025/03/31 - 12:38:45 | 任务进度轮询开始 
[SYS] 2025/03/31 - 12:38:45 | 任务进度轮询完成 
[SYS] 2025/03/31 - 12:38:46 | batch update started 
[SYS] 2025/03/31 - 12:38:46 | batch update finished 
[SYS] 2025/03/31 - 12:38:51 | batch update started 
[SYS] 2025/03/31 - 12:38:51 | batch update finished 
[SYS] 2025/03/31 - 12:38:56 | batch update started 
[SYS] 2025/03/31 - 12:38:56 | batch update finished 
[SYS] 2025/03/31 - 12:39:00 | 任务进度轮询开始 
[SYS] 2025/03/31 - 12:39:00 | 任务进度轮询完成 
[SYS] 2025/03/31 - 12:39:01 | batch update started 
[SYS] 2025/03/31 - 12:39:01 | batch update finished 
[SYS] 2025/03/31 - 12:39:06 | batch update started 
[SYS] 2025/03/31 - 12:39:06 | batch update finished 
[SYS] 2025/03/31 - 12:39:11 | batch update started 
[SYS] 2025/03/31 - 12:39:11 | batch update finished 
[SYS] 2025/03/31 - 12:39:15 | syncing options from database 
[SYS] 2025/03/31 - 12:39:15 | syncing channels from database 
[SYS] 2025/03/31 - 12:39:15 | channels synced from database 
[SYS] 2025/03/31 - 12:39:16 | 任务进度轮询开始 
[SYS] 2025/03/31 - 12:39:16 | 任务进度轮询完成 
[SYS] 2025/03/31 - 12:39:16 | batch update started 
[SYS] 2025/03/31 - 12:39:16 | batch update finished 
[SYS] 2025/03/31 - 12:39:21 | batch update started 
[SYS] 2025/03/31 - 12:39:21 | batch update finished 
[SYS] 2025/03/31 - 12:39:26 | batch update started 
[SYS] 2025/03/31 - 12:39:26 | batch update finished 
[SYS] 2025/03/31 - 12:39:31 | 任务进度轮询开始 
[SYS] 2025/03/31 - 12:39:31 | 任务进度轮询完成 
[SYS] 2025/03/31 - 12:39:31 | batch update started 
[SYS] 2025/03/31 - 12:39:31 | batch update finished 
[SYS] 2025/03/31 - 12:39:36 | batch update started 
[SYS] 2025/03/31 - 12:39:36 | batch update finished 
[SYS] 2025/03/31 - 12:39:41 | batch update started 
[SYS] 2025/03/31 - 12:39:41 | batch update finished 
[SYS] 2025/03/31 - 12:39:46 | 任务进度轮询开始 
[SYS] 2025/03/31 - 12:39:46 | 任务进度轮询完成 
[SYS] 2025/03/31 - 12:39:46 | batch update started 
[SYS] 2025/03/31 - 12:39:46 | batch update finished 
[SYS] 2025/03/31 - 12:39:51 | batch update started 
[SYS] 2025/03/31 - 12:39:51 | batch update finished 
[SYS] 2025/03/31 - 12:39:56 | batch update started 
[SYS] 2025/03/31 - 12:39:56 | batch update finished 
[SYS] 2025/03/31 - 12:40:01 | 任务进度轮询开始 
[SYS] 2025/03/31 - 12:40:01 | 任务进度轮询完成 
[SYS] 2025/03/31 - 12:40:01 | batch update started 
[SYS] 2025/03/31 - 12:40:01 | batch update finished 
[SYS] 2025/03/31 - 12:40:06 | batch update started 
[SYS] 2025/03/31 - 12:40:06 | batch update finished 
[SYS] 2025/03/31 - 12:40:11 | batch update started 
[SYS] 2025/03/31 - 12:40:11 | batch update finished 
[SYS] 2025/03/31 - 12:40:15 | syncing options from database 
[SYS] 2025/03/31 - 12:40:16 | syncing channels from database 
[SYS] 2025/03/31 - 12:40:16 | channels synced from database 
[SYS] 2025/03/31 - 12:40:16 | 任务进度轮询开始 
[SYS] 2025/03/31 - 12:40:16 | 任务进度轮询完成 
[SYS] 2025/03/31 - 12:40:16 | batch update started 
[SYS] 2025/03/31 - 12:40:16 | batch update finished 
[SYS] 2025/03/31 - 12:40:21 | batch update started 
[SYS] 2025/03/31 - 12:40:21 | batch update finished 
[SYS] 2025/03/31 - 12:40:26 | batch update started 
[SYS] 2025/03/31 - 12:40:26 | batch update finished 
[SYS] 2025/03/31 - 12:40:31 | 任务进度轮询开始 
[SYS] 2025/03/31 - 12:40:31 | 任务进度轮询完成 
[SYS] 2025/03/31 - 12:40:31 | batch update started 
[SYS] 2025/03/31 - 12:40:31 | batch update finished 
[SYS] 2025/03/31 - 12:40:36 | batch update started 
[SYS] 2025/03/31 - 12:40:36 | batch update finished 
[SYS] 2025/03/31 - 12:40:41 | batch update started 
[SYS] 2025/03/31 - 12:40:41 | batch update finished 
[SYS] 2025/03/31 - 12:40:46 | 任务进度轮询开始 
[SYS] 2025/03/31 - 12:40:46 | 任务进度轮询完成 
[SYS] 2025/03/31 - 12:40:46 | batch update started 
[SYS] 2025/03/31 - 12:40:46 | batch update finished 
[SYS] 2025/03/31 - 12:40:51 | batch update started 
[SYS] 2025/03/31 - 12:40:51 | batch update finished 
[SYS] 2025/03/31 - 12:40:56 | batch update started 
[SYS] 2025/03/31 - 12:40:56 | batch update finished 
[SYS] 2025/03/31 - 12:41:01 | 任务进度轮询开始 
[SYS] 2025/03/31 - 12:41:01 | 任务进度轮询完成 
[SYS] 2025/03/31 - 12:41:01 | batch update started 
[SYS] 2025/03/31 - 12:41:01 | batch update finished 
[SYS] 2025/03/31 - 12:41:06 | batch update started 
[SYS] 2025/03/31 - 12:41:06 | batch update finished 
[SYS] 2025/03/31 - 12:41:11 | batch update started 
[SYS] 2025/03/31 - 12:41:11 | batch update finished 
[SYS] 2025/03/31 - 12:41:16 | syncing options from database 
[SYS] 2025/03/31 - 12:41:16 | syncing channels from database 
[SYS] 2025/03/31 - 12:41:16 | channels synced from database 
[SYS] 2025/03/31 - 12:41:16 | 任务进度轮询开始 
[SYS] 2025/03/31 - 12:41:16 | 任务进度轮询完成 
[SYS] 2025/03/31 - 12:41:16 | batch update started 
[SYS] 2025/03/31 - 12:41:16 | batch update finished 
[SYS] 2025/03/31 - 12:41:21 | batch update started 
[SYS] 2025/03/31 - 12:41:21 | batch update finished 
[SYS] 2025/03/31 - 12:41:26 | batch update started 
[SYS] 2025/03/31 - 12:41:26 | batch update finished 
[SYS] 2025/03/31 - 12:41:31 | 任务进度轮询开始 
[SYS] 2025/03/31 - 12:41:31 | 任务进度轮询完成 
[SYS] 2025/03/31 - 12:41:31 | batch update started 
[SYS] 2025/03/31 - 12:41:31 | batch update finished 
[SYS] 2025/03/31 - 12:41:37 | batch update started 
[SYS] 2025/03/31 - 12:41:37 | batch update finished 
[SYS] 2025/03/31 - 12:41:42 | batch update started 
[SYS] 2025/03/31 - 12:41:42 | batch update finished 
[SYS] 2025/03/31 - 12:41:46 | 任务进度轮询开始 
[SYS] 2025/03/31 - 12:41:46 | 任务进度轮询完成 
[SYS] 2025/03/31 - 12:41:47 | batch update started 
[SYS] 2025/03/31 - 12:41:47 | batch update finished 
[SYS] 2025/03/31 - 12:41:52 | batch update started 
[SYS] 2025/03/31 - 12:41:52 | batch update finished 
[SYS] 2025/03/31 - 12:41:57 | batch update started 
[SYS] 2025/03/31 - 12:41:57 | batch update finished 
[SYS] 2025/03/31 - 12:42:01 | 任务进度轮询开始 
[SYS] 2025/03/31 - 12:42:01 | 任务进度轮询完成 
[SYS] 2025/03/31 - 12:42:02 | batch update started 
[SYS] 2025/03/31 - 12:42:02 | batch update finished 
[SYS] 2025/03/31 - 12:42:07 | batch update started 
[SYS] 2025/03/31 - 12:42:07 | batch update finished 
[SYS] 2025/03/31 - 12:42:12 | batch update started 
[SYS] 2025/03/31 - 12:42:12 | batch update finished 
[SYS] 2025/03/31 - 12:42:16 | syncing options from database 
[SYS] 2025/03/31 - 12:42:16 | syncing channels from database 
[SYS] 2025/03/31 - 12:42:16 | channels synced from database 
[SYS] 2025/03/31 - 12:42:16 | 任务进度轮询开始 
[SYS] 2025/03/31 - 12:42:16 | 任务进度轮询完成 
[SYS] 2025/03/31 - 12:42:17 | batch update started 
[SYS] 2025/03/31 - 12:42:17 | batch update finished 
[SYS] 2025/03/31 - 12:42:22 | batch update started 
[SYS] 2025/03/31 - 12:42:22 | batch update finished 
[SYS] 2025/03/31 - 12:42:27 | batch update started 
[SYS] 2025/03/31 - 12:42:27 | batch update finished 
[SYS] 2025/03/31 - 12:42:31 | 任务进度轮询开始 
[SYS] 2025/03/31 - 12:42:31 | 任务进度轮询完成 
[SYS] 2025/03/31 - 12:42:32 | batch update started 
[SYS] 2025/03/31 - 12:42:32 | batch update finished 
[SYS] 2025/03/31 - 12:42:37 | batch update started 
[SYS] 2025/03/31 - 12:42:37 | batch update finished 
[SYS] 2025/03/31 - 12:42:42 | batch update started 
[SYS] 2025/03/31 - 12:42:42 | batch update finished 
[SYS] 2025/03/31 - 12:42:47 | 任务进度轮询开始 
[SYS] 2025/03/31 - 12:42:47 | 任务进度轮询完成 
[SYS] 2025/03/31 - 12:42:47 | batch update started 
[SYS] 2025/03/31 - 12:42:47 | batch update finished 
[SYS] 2025/03/31 - 12:42:52 | batch update started 
[SYS] 2025/03/31 - 12:42:52 | batch update finished 
[SYS] 2025/03/31 - 12:42:57 | batch update started 
[SYS] 2025/03/31 - 12:42:57 | batch update finished 
[SYS] 2025/03/31 - 12:43:02 | 任务进度轮询开始 
[SYS] 2025/03/31 - 12:43:02 | 任务进度轮询完成 
[SYS] 2025/03/31 - 12:43:02 | batch update started 
[SYS] 2025/03/31 - 12:43:02 | batch update finished 
[SYS] 2025/03/31 - 12:43:07 | batch update started 
[SYS] 2025/03/31 - 12:43:07 | batch update finished 
[SYS] 2025/03/31 - 12:43:12 | batch update started 
[SYS] 2025/03/31 - 12:43:12 | batch update finished 
[SYS] 2025/03/31 - 12:43:16 | testing all channels 
[SYS] 2025/03/31 - 12:43:16 | updating all channels 
[SYS] 2025/03/31 - 12:43:16 | 正在更新数据看板数据... 
[SYS] 2025/03/31 - 12:43:16 | 保存数据看板数据成功，共保存0条数据 
[SYS] 2025/03/31 - 12:43:16 | channel test finished 
[SYS] 2025/03/31 - 12:43:16 | channels update done 
[SYS] 2025/03/31 - 12:43:16 | syncing options from database 
[SYS] 2025/03/31 - 12:43:16 | syncing channels from database 
[SYS] 2025/03/31 - 12:43:16 | channels synced from database 
[SYS] 2025/03/31 - 12:43:17 | 任务进度轮询开始 
[SYS] 2025/03/31 - 12:43:17 | 任务进度轮询完成 
[SYS] 2025/03/31 - 12:43:17 | batch update started 
[SYS] 2025/03/31 - 12:43:17 | batch update finished 
[SYS] 2025/03/31 - 12:43:22 | batch update started 
[SYS] 2025/03/31 - 12:43:22 | batch update finished 
[SYS] 2025/03/31 - 12:43:27 | batch update started 
[SYS] 2025/03/31 - 12:43:27 | batch update finished 
[SYS] 2025/03/31 - 12:43:32 | 任务进度轮询开始 
[SYS] 2025/03/31 - 12:43:32 | 任务进度轮询完成 
[SYS] 2025/03/31 - 12:43:32 | batch update started 
[SYS] 2025/03/31 - 12:43:32 | batch update finished 
[SYS] 2025/03/31 - 12:43:37 | batch update started 
[SYS] 2025/03/31 - 12:43:37 | batch update finished 
[SYS] 2025/03/31 - 12:43:42 | batch update started 
[SYS] 2025/03/31 - 12:43:42 | batch update finished 
[SYS] 2025/03/31 - 12:43:47 | 任务进度轮询开始 
[SYS] 2025/03/31 - 12:43:47 | 任务进度轮询完成 
[SYS] 2025/03/31 - 12:43:47 | batch update started 
[SYS] 2025/03/31 - 12:43:47 | batch update finished 
[SYS] 2025/03/31 - 12:43:52 | batch update started 
[SYS] 2025/03/31 - 12:43:52 | batch update finished 
[SYS] 2025/03/31 - 12:43:57 | batch update started 
[SYS] 2025/03/31 - 12:43:57 | batch update finished 
[SYS] 2025/03/31 - 12:44:02 | 任务进度轮询开始 
[SYS] 2025/03/31 - 12:44:02 | 任务进度轮询完成 
[SYS] 2025/03/31 - 12:44:02 | batch update started 
[SYS] 2025/03/31 - 12:44:02 | batch update finished 
[SYS] 2025/03/31 - 12:44:07 | batch update started 
[SYS] 2025/03/31 - 12:44:07 | batch update finished 
[SYS] 2025/03/31 - 12:44:12 | batch update started 
[SYS] 2025/03/31 - 12:44:12 | batch update finished 
[SYS] 2025/03/31 - 12:44:17 | syncing options from database 
[SYS] 2025/03/31 - 12:44:17 | syncing channels from database 
[SYS] 2025/03/31 - 12:44:17 | channels synced from database 
[SYS] 2025/03/31 - 12:44:17 | 任务进度轮询开始 
[SYS] 2025/03/31 - 12:44:17 | 任务进度轮询完成 
[SYS] 2025/03/31 - 12:44:17 | batch update started 
[SYS] 2025/03/31 - 12:44:17 | batch update finished 
[SYS] 2025/03/31 - 12:44:22 | batch update started 
[SYS] 2025/03/31 - 12:44:22 | batch update finished 
[SYS] 2025/03/31 - 12:44:27 | batch update started 
[SYS] 2025/03/31 - 12:44:27 | batch update finished 
[SYS] 2025/03/31 - 12:44:32 | 任务进度轮询开始 
[SYS] 2025/03/31 - 12:44:32 | 任务进度轮询完成 
[SYS] 2025/03/31 - 12:44:32 | batch update started 
[SYS] 2025/03/31 - 12:44:32 | batch update finished 
[SYS] 2025/03/31 - 12:44:37 | batch update started 
[SYS] 2025/03/31 - 12:44:37 | batch update finished 
[SYS] 2025/03/31 - 12:44:42 | batch update started 
[SYS] 2025/03/31 - 12:44:42 | batch update finished 
