[SYS] 2025/04/15 - 15:15:14 | New API v0.0.0 started 
[SYS] 2025/04/15 - 15:15:14 | using MySQL as database 
[SYS] 2025/04/15 - 15:15:14 | database migration started 
[SYS] 2025/04/15 - 15:15:15 | database migrated 
[SYS] 2025/04/15 - 15:15:15 | using MySQL as database 
[SYS] 2025/04/15 - 15:15:15 | database migration started 
[SYS] 2025/04/15 - 15:15:15 | Redis is enabled 
[SYS] 2025/04/15 - 15:15:15 | memory cache enabled 
[SYS] 2025/04/15 - 15:15:15 | sync frequency: 60 seconds 
[SYS] 2025/04/15 - 15:15:15 | channels synced from database 
[SYS] 2025/04/15 - 15:15:15 | batch update enabled with interval 5s 
[SYS] 2025/04/15 - 15:15:15 | pprof enabled 
[SYS] 2025/04/15 - 15:15:15 | initializing token encoders 
[SYS] 2025/04/15 - 15:15:15 | 正在更新数据看板数据... 
[SYS] 2025/04/15 - 15:15:15 | 保存数据看板数据成功，共保存0条数据 
[SYS] 2025/04/15 - 15:15:16 | token encoders initialized 
[SYS] 2025/04/15 - 15:15:16 | FRONTEND_BASE_URL is ignored on master node 
[SYS] 2025/04/15 - 15:15:20 | batch update started 
[SYS] 2025/04/15 - 15:15:20 | batch update finished 
[SYS] 2025/04/15 - 15:15:25 | batch update started 
[SYS] 2025/04/15 - 15:15:25 | batch update finished 
[SYS] 2025/04/15 - 15:15:30 | 任务进度轮询开始 
[SYS] 2025/04/15 - 15:15:30 | batch update started 
[SYS] 2025/04/15 - 15:15:30 | batch update finished 
[SYS] 2025/04/15 - 15:15:30 | 任务进度轮询完成 
[SYS] 2025/04/15 - 15:15:33 | batch update started 
[SYS] 2025/04/15 - 15:15:33 | batch update finished 
[SYS] 2025/04/15 - 15:15:38 | batch update started 
[SYS] 2025/04/15 - 15:15:38 | batch update finished 
[GIN] 2025/04/15 - 15:15:40 | 20250415151539882946356702CSblx | 200 |  188.550046ms |             ::1 |     PUT /api/option/
[GIN] 2025/04/15 - 15:15:40 | 2025041515154096084445ZLI4gf3s | 200 |    96.88826ms |             ::1 |     PUT /api/option/
[SYS] 2025/04/15 - 15:15:43 | 任务进度轮询开始 
[SYS] 2025/04/15 - 15:15:43 | 任务进度轮询完成 
[SYS] 2025/04/15 - 15:15:43 | batch update started 
[SYS] 2025/04/15 - 15:15:43 | batch update finished 
[GIN] 2025/04/15 - 15:15:44 | 20250415151544974295638Xbj2AIY7 | 200 |    1.047331ms |             ::1 |     GET /setting?tab=system
[GIN] 2025/04/15 - 15:15:47 | 202504151515472128384228QT7DUoD | 200 |    1.314834ms |             ::1 |     GET /api/status
[GIN] 2025/04/15 - 15:15:47 | 202504151515475018285223o7xHJBs | 200 |    1.792895ms |             ::1 |     GET /api/option/
[SYS] 2025/04/15 - 15:15:48 | batch update started 
[SYS] 2025/04/15 - 15:15:48 | batch update finished 
[SYS] 2025/04/15 - 15:15:53 | batch update started 
[SYS] 2025/04/15 - 15:15:53 | batch update finished 
[SYS] 2025/04/15 - 15:15:58 | 任务进度轮询开始 
[SYS] 2025/04/15 - 15:15:58 | 任务进度轮询完成 
[SYS] 2025/04/15 - 15:15:58 | batch update started 
[SYS] 2025/04/15 - 15:15:58 | batch update finished 
[SYS] 2025/04/15 - 15:16:02 | batch update started 
[SYS] 2025/04/15 - 15:16:02 | batch update finished 
[SYS] 2025/04/15 - 15:16:07 | batch update started 
[SYS] 2025/04/15 - 15:16:07 | batch update finished 
[SYS] 2025/04/15 - 15:16:12 | syncing channels from database 
[SYS] 2025/04/15 - 15:16:12 | syncing options from database 
[SYS] 2025/04/15 - 15:16:12 | channels synced from database 
[SYS] 2025/04/15 - 15:16:12 | 任务进度轮询开始 
[SYS] 2025/04/15 - 15:16:12 | 任务进度轮询完成 
[SYS] 2025/04/15 - 15:16:12 | batch update started 
[SYS] 2025/04/15 - 15:16:12 | batch update finished 
[SYS] 2025/04/15 - 15:16:17 | batch update started 
[SYS] 2025/04/15 - 15:16:17 | batch update finished 
[SYS] 2025/04/15 - 15:16:22 | batch update started 
[SYS] 2025/04/15 - 15:16:22 | batch update finished 
[SYS] 2025/04/15 - 15:16:27 | 任务进度轮询开始 
[SYS] 2025/04/15 - 15:16:27 | batch update started 
[SYS] 2025/04/15 - 15:16:27 | batch update finished 
[SYS] 2025/04/15 - 15:16:27 | 任务进度轮询完成 
[SYS] 2025/04/15 - 15:16:32 | batch update started 
[SYS] 2025/04/15 - 15:16:32 | batch update finished 
[SYS] 2025/04/15 - 15:16:35 | batch update started 
[SYS] 2025/04/15 - 15:16:35 | batch update finished 
[SYS] 2025/04/15 - 15:16:40 | batch update started 
[SYS] 2025/04/15 - 15:16:40 | batch update finished 
[SYS] 2025/04/15 - 15:16:40 | 任务进度轮询开始 
[SYS] 2025/04/15 - 15:16:40 | 任务进度轮询完成 
[SYS] 2025/04/15 - 15:16:45 | batch update started 
[SYS] 2025/04/15 - 15:16:45 | batch update finished 
[SYS] 2025/04/15 - 15:16:50 | batch update started 
[SYS] 2025/04/15 - 15:16:50 | batch update finished 
[SYS] 2025/04/15 - 15:16:55 | batch update started 
[SYS] 2025/04/15 - 15:16:55 | batch update finished 
[SYS] 2025/04/15 - 15:16:55 | 任务进度轮询开始 
[SYS] 2025/04/15 - 15:16:55 | 任务进度轮询完成 
[GIN] 2025/04/15 - 15:16:58 | 20250415151658371334060dUNlQRDw | 200 |    2.462324ms |             ::1 |     GET /setting?tab=system
[GIN] 2025/04/15 - 15:17:00 | 2025041515170025482077KrS9q14l | 200 |    1.381039ms |             ::1 |     GET /api/status
[GIN] 2025/04/15 - 15:17:00 | 20250415151700228903252aWCXpKB7 | 200 |    2.035464ms |             ::1 |     GET /api/option/
[SYS] 2025/04/15 - 15:17:00 | batch update started 
[SYS] 2025/04/15 - 15:17:00 | batch update finished 
[SYS] 2025/04/15 - 15:17:04 | batch update started 
[SYS] 2025/04/15 - 15:17:04 | batch update finished 
[SYS] 2025/04/15 - 15:17:09 | syncing channels from database 
[SYS] 2025/04/15 - 15:17:09 | channels synced from database 
[SYS] 2025/04/15 - 15:17:09 | syncing options from database 
[SYS] 2025/04/15 - 15:17:09 | batch update started 
[SYS] 2025/04/15 - 15:17:09 | batch update finished 
[SYS] 2025/04/15 - 15:17:09 | 任务进度轮询开始 
[SYS] 2025/04/15 - 15:17:09 | 任务进度轮询完成 
[SYS] 2025/04/15 - 15:17:14 | batch update started 
[SYS] 2025/04/15 - 15:17:14 | batch update finished 
[SYS] 2025/04/15 - 15:17:19 | batch update started 
[SYS] 2025/04/15 - 15:17:19 | batch update finished 
[SYS] 2025/04/15 - 15:17:24 | batch update started 
[SYS] 2025/04/15 - 15:17:24 | batch update finished 
[SYS] 2025/04/15 - 15:17:24 | 任务进度轮询开始 
[SYS] 2025/04/15 - 15:17:24 | 任务进度轮询完成 
[SYS] 2025/04/15 - 15:17:29 | batch update started 
[SYS] 2025/04/15 - 15:17:29 | batch update finished 
[SYS] 2025/04/15 - 15:17:34 | batch update started 
[SYS] 2025/04/15 - 15:17:34 | batch update finished 
[SYS] 2025/04/15 - 15:17:37 | batch update started 
[SYS] 2025/04/15 - 15:17:37 | batch update finished 
[SYS] 2025/04/15 - 15:17:37 | 任务进度轮询开始 
[SYS] 2025/04/15 - 15:17:37 | 任务进度轮询完成 
[SYS] 2025/04/15 - 15:17:42 | batch update started 
[SYS] 2025/04/15 - 15:17:42 | batch update finished 
[SYS] 2025/04/15 - 15:17:47 | batch update started 
[SYS] 2025/04/15 - 15:17:47 | batch update finished 
[SYS] 2025/04/15 - 15:17:52 | batch update started 
[SYS] 2025/04/15 - 15:17:52 | batch update finished 
[SYS] 2025/04/15 - 15:17:52 | 任务进度轮询开始 
[SYS] 2025/04/15 - 15:17:52 | 任务进度轮询完成 
[SYS] 2025/04/15 - 15:17:57 | batch update started 
[SYS] 2025/04/15 - 15:17:57 | batch update finished 
[SYS] 2025/04/15 - 15:18:02 | batch update started 
[SYS] 2025/04/15 - 15:18:02 | batch update finished 
[SYS] 2025/04/15 - 15:18:06 | syncing channels from database 
[SYS] 2025/04/15 - 15:18:06 | syncing options from database 
[SYS] 2025/04/15 - 15:18:06 | channels synced from database 
[SYS] 2025/04/15 - 15:18:06 | batch update started 
[SYS] 2025/04/15 - 15:18:06 | batch update finished 
[SYS] 2025/04/15 - 15:18:06 | 任务进度轮询开始 
[SYS] 2025/04/15 - 15:18:06 | 任务进度轮询完成 
[SYS] 2025/04/15 - 15:18:11 | batch update started 
[SYS] 2025/04/15 - 15:18:11 | batch update finished 
[SYS] 2025/04/15 - 15:18:16 | batch update started 
[SYS] 2025/04/15 - 15:18:16 | batch update finished 
[SYS] 2025/04/15 - 15:18:21 | 任务进度轮询开始 
[SYS] 2025/04/15 - 15:18:21 | 任务进度轮询完成 
[SYS] 2025/04/15 - 15:18:21 | batch update started 
[SYS] 2025/04/15 - 15:18:21 | batch update finished 
[SYS] 2025/04/15 - 15:18:26 | batch update started 
[SYS] 2025/04/15 - 15:18:26 | batch update finished 
[SYS] 2025/04/15 - 15:18:31 | batch update started 
[SYS] 2025/04/15 - 15:18:31 | batch update finished 
[SYS] 2025/04/15 - 15:18:36 | 任务进度轮询开始 
[SYS] 2025/04/15 - 15:18:36 | 任务进度轮询完成 
[SYS] 2025/04/15 - 15:18:36 | batch update started 
[SYS] 2025/04/15 - 15:18:36 | batch update finished 
[SYS] 2025/04/15 - 15:18:39 | batch update started 
[SYS] 2025/04/15 - 15:18:39 | batch update finished 
[SYS] 2025/04/15 - 15:18:44 | batch update started 
[SYS] 2025/04/15 - 15:18:44 | batch update finished 
[SYS] 2025/04/15 - 15:18:49 | 任务进度轮询开始 
[SYS] 2025/04/15 - 15:18:49 | 任务进度轮询完成 
[SYS] 2025/04/15 - 15:18:49 | batch update started 
[SYS] 2025/04/15 - 15:18:49 | batch update finished 
[SYS] 2025/04/15 - 15:18:54 | batch update started 
[SYS] 2025/04/15 - 15:18:54 | batch update finished 
[SYS] 2025/04/15 - 15:18:59 | batch update started 
[SYS] 2025/04/15 - 15:18:59 | batch update finished 
[SYS] 2025/04/15 - 15:19:04 | syncing channels from database 
[SYS] 2025/04/15 - 15:19:04 | syncing options from database 
[SYS] 2025/04/15 - 15:19:04 | channels synced from database 
[SYS] 2025/04/15 - 15:19:04 | 任务进度轮询开始 
[SYS] 2025/04/15 - 15:19:04 | 任务进度轮询完成 
[SYS] 2025/04/15 - 15:19:04 | batch update started 
[SYS] 2025/04/15 - 15:19:04 | batch update finished 
[SYS] 2025/04/15 - 15:19:08 | batch update started 
[SYS] 2025/04/15 - 15:19:08 | batch update finished 
[SYS] 2025/04/15 - 15:19:13 | batch update started 
[SYS] 2025/04/15 - 15:19:13 | batch update finished 
[SYS] 2025/04/15 - 15:19:18 | 任务进度轮询开始 
[SYS] 2025/04/15 - 15:19:18 | 任务进度轮询完成 
[SYS] 2025/04/15 - 15:19:18 | batch update started 
[SYS] 2025/04/15 - 15:19:18 | batch update finished 
[SYS] 2025/04/15 - 15:19:23 | batch update started 
[SYS] 2025/04/15 - 15:19:23 | batch update finished 
[SYS] 2025/04/15 - 15:19:28 | batch update started 
[SYS] 2025/04/15 - 15:19:28 | batch update finished 
[SYS] 2025/04/15 - 15:19:33 | 任务进度轮询开始 
[SYS] 2025/04/15 - 15:19:33 | 任务进度轮询完成 
[SYS] 2025/04/15 - 15:19:33 | batch update started 
[SYS] 2025/04/15 - 15:19:33 | batch update finished 
[SYS] 2025/04/15 - 15:19:36 | batch update started 
[SYS] 2025/04/15 - 15:19:36 | batch update finished 
[SYS] 2025/04/15 - 15:19:41 | batch update started 
[SYS] 2025/04/15 - 15:19:41 | batch update finished 
[SYS] 2025/04/15 - 15:19:46 | 任务进度轮询开始 
[SYS] 2025/04/15 - 15:19:46 | 任务进度轮询完成 
[SYS] 2025/04/15 - 15:19:46 | batch update started 
[SYS] 2025/04/15 - 15:19:46 | batch update finished 
[SYS] 2025/04/15 - 15:19:51 | batch update started 
[SYS] 2025/04/15 - 15:19:51 | batch update finished 
[SYS] 2025/04/15 - 15:19:56 | batch update started 
[SYS] 2025/04/15 - 15:19:56 | batch update finished 
[SYS] 2025/04/15 - 15:20:01 | 正在更新数据看板数据... 
[SYS] 2025/04/15 - 15:20:01 | 保存数据看板数据成功，共保存0条数据 
[SYS] 2025/04/15 - 15:20:01 | syncing options from database 
[SYS] 2025/04/15 - 15:20:01 | syncing channels from database 
[SYS] 2025/04/15 - 15:20:01 | channels synced from database 
[SYS] 2025/04/15 - 15:20:01 | 任务进度轮询开始 
[SYS] 2025/04/15 - 15:20:01 | 任务进度轮询完成 
[SYS] 2025/04/15 - 15:20:01 | batch update started 
[SYS] 2025/04/15 - 15:20:01 | batch update finished 
[SYS] 2025/04/15 - 15:20:06 | batch update started 
[SYS] 2025/04/15 - 15:20:06 | batch update finished 
[SYS] 2025/04/15 - 15:20:10 | batch update started 
[SYS] 2025/04/15 - 15:20:10 | batch update finished 
[SYS] 2025/04/15 - 15:20:15 | 任务进度轮询开始 
[SYS] 2025/04/15 - 15:20:15 | 任务进度轮询完成 
[SYS] 2025/04/15 - 15:20:15 | batch update started 
[SYS] 2025/04/15 - 15:20:15 | batch update finished 
[SYS] 2025/04/15 - 15:20:20 | batch update started 
[SYS] 2025/04/15 - 15:20:20 | batch update finished 
[SYS] 2025/04/15 - 15:20:25 | batch update started 
[SYS] 2025/04/15 - 15:20:25 | batch update finished 
[SYS] 2025/04/15 - 15:20:30 | 任务进度轮询开始 
[SYS] 2025/04/15 - 15:20:30 | 任务进度轮询完成 
[SYS] 2025/04/15 - 15:20:30 | batch update started 
[SYS] 2025/04/15 - 15:20:30 | batch update finished 
[SYS] 2025/04/15 - 15:20:35 | batch update started 
[SYS] 2025/04/15 - 15:20:35 | batch update finished 
[SYS] 2025/04/15 - 15:20:38 | batch update started 
[SYS] 2025/04/15 - 15:20:38 | batch update finished 
[SYS] 2025/04/15 - 15:20:43 | 任务进度轮询开始 
[SYS] 2025/04/15 - 15:20:43 | 任务进度轮询完成 
[SYS] 2025/04/15 - 15:20:43 | batch update started 
[SYS] 2025/04/15 - 15:20:43 | batch update finished 
[SYS] 2025/04/15 - 15:20:48 | batch update started 
[SYS] 2025/04/15 - 15:20:48 | batch update finished 
[SYS] 2025/04/15 - 15:20:53 | batch update started 
[SYS] 2025/04/15 - 15:20:53 | batch update finished 
[SYS] 2025/04/15 - 15:20:58 | syncing options from database 
[SYS] 2025/04/15 - 15:20:58 | syncing channels from database 
[SYS] 2025/04/15 - 15:20:58 | channels synced from database 
[SYS] 2025/04/15 - 15:20:58 | 任务进度轮询开始 
[SYS] 2025/04/15 - 15:20:58 | 任务进度轮询完成 
[SYS] 2025/04/15 - 15:20:58 | batch update started 
[SYS] 2025/04/15 - 15:20:58 | batch update finished 
[SYS] 2025/04/15 - 15:21:03 | batch update started 
[SYS] 2025/04/15 - 15:21:03 | batch update finished 
[SYS] 2025/04/15 - 15:21:08 | batch update started 
[SYS] 2025/04/15 - 15:21:08 | batch update finished 
[SYS] 2025/04/15 - 15:21:12 | 任务进度轮询开始 
[SYS] 2025/04/15 - 15:21:12 | 任务进度轮询完成 
[SYS] 2025/04/15 - 15:21:12 | batch update started 
[SYS] 2025/04/15 - 15:21:12 | batch update finished 
[SYS] 2025/04/15 - 15:21:17 | batch update started 
[SYS] 2025/04/15 - 15:21:17 | batch update finished 
[SYS] 2025/04/15 - 15:21:22 | batch update started 
[SYS] 2025/04/15 - 15:21:22 | batch update finished 
[SYS] 2025/04/15 - 15:21:27 | 任务进度轮询开始 
[SYS] 2025/04/15 - 15:21:27 | 任务进度轮询完成 
[SYS] 2025/04/15 - 15:21:27 | batch update started 
[SYS] 2025/04/15 - 15:21:27 | batch update finished 
[SYS] 2025/04/15 - 15:21:32 | batch update started 
[SYS] 2025/04/15 - 15:21:32 | batch update finished 
[SYS] 2025/04/15 - 15:21:37 | batch update started 
[SYS] 2025/04/15 - 15:21:37 | batch update finished 
[SYS] 2025/04/15 - 15:21:40 | 任务进度轮询开始 
[SYS] 2025/04/15 - 15:21:40 | 任务进度轮询完成 
[SYS] 2025/04/15 - 15:21:40 | batch update started 
[SYS] 2025/04/15 - 15:21:40 | batch update finished 
[SYS] 2025/04/15 - 15:21:45 | batch update started 
[SYS] 2025/04/15 - 15:21:45 | batch update finished 
[SYS] 2025/04/15 - 15:21:50 | batch update started 
[SYS] 2025/04/15 - 15:21:50 | batch update finished 
[SYS] 2025/04/15 - 15:21:55 | syncing options from database 
[SYS] 2025/04/15 - 15:21:55 | syncing channels from database 
[SYS] 2025/04/15 - 15:21:55 | channels synced from database 
[SYS] 2025/04/15 - 15:21:55 | 任务进度轮询开始 
[SYS] 2025/04/15 - 15:21:55 | 任务进度轮询完成 
[SYS] 2025/04/15 - 15:21:55 | batch update started 
[SYS] 2025/04/15 - 15:21:55 | batch update finished 
[SYS] 2025/04/15 - 15:22:00 | batch update started 
[SYS] 2025/04/15 - 15:22:00 | batch update finished 
[SYS] 2025/04/15 - 15:22:05 | batch update started 
[SYS] 2025/04/15 - 15:22:05 | batch update finished 
[SYS] 2025/04/15 - 15:22:10 | 任务进度轮询开始 
[SYS] 2025/04/15 - 15:22:10 | 任务进度轮询完成 
[SYS] 2025/04/15 - 15:22:10 | batch update started 
[SYS] 2025/04/15 - 15:22:10 | batch update finished 
[SYS] 2025/04/15 - 15:22:14 | batch update started 
[SYS] 2025/04/15 - 15:22:14 | batch update finished 
[SYS] 2025/04/15 - 15:22:19 | batch update started 
[SYS] 2025/04/15 - 15:22:19 | batch update finished 
[SYS] 2025/04/15 - 15:22:24 | 任务进度轮询开始 
[SYS] 2025/04/15 - 15:22:24 | 任务进度轮询完成 
[SYS] 2025/04/15 - 15:22:24 | batch update started 
[SYS] 2025/04/15 - 15:22:24 | batch update finished 
[SYS] 2025/04/15 - 15:22:29 | batch update started 
[SYS] 2025/04/15 - 15:22:29 | batch update finished 
[SYS] 2025/04/15 - 15:22:34 | batch update started 
[SYS] 2025/04/15 - 15:22:34 | batch update finished 
[SYS] 2025/04/15 - 15:22:39 | 任务进度轮询开始 
[SYS] 2025/04/15 - 15:22:39 | 任务进度轮询完成 
[SYS] 2025/04/15 - 15:22:39 | batch update started 
[SYS] 2025/04/15 - 15:22:39 | batch update finished 
[SYS] 2025/04/15 - 15:22:42 | batch update started 
[SYS] 2025/04/15 - 15:22:42 | batch update finished 
[SYS] 2025/04/15 - 15:22:47 | batch update started 
[SYS] 2025/04/15 - 15:22:47 | batch update finished 
[SYS] 2025/04/15 - 15:22:52 | syncing options from database 
[SYS] 2025/04/15 - 15:22:52 | syncing channels from database 
[SYS] 2025/04/15 - 15:22:52 | channels synced from database 
[SYS] 2025/04/15 - 15:22:52 | 任务进度轮询开始 
[SYS] 2025/04/15 - 15:22:52 | 任务进度轮询完成 
[SYS] 2025/04/15 - 15:22:52 | batch update started 
[SYS] 2025/04/15 - 15:22:52 | batch update finished 
[SYS] 2025/04/15 - 15:22:57 | batch update started 
[SYS] 2025/04/15 - 15:22:57 | batch update finished 
[SYS] 2025/04/15 - 15:23:02 | batch update started 
[SYS] 2025/04/15 - 15:23:02 | batch update finished 
[SYS] 2025/04/15 - 15:23:07 | 任务进度轮询开始 
[SYS] 2025/04/15 - 15:23:07 | 任务进度轮询完成 
[SYS] 2025/04/15 - 15:23:07 | batch update started 
[SYS] 2025/04/15 - 15:23:07 | batch update finished 
[SYS] 2025/04/15 - 15:23:12 | batch update started 
[SYS] 2025/04/15 - 15:23:12 | batch update finished 
[SYS] 2025/04/15 - 15:23:16 | batch update started 
[SYS] 2025/04/15 - 15:23:16 | batch update finished 
[SYS] 2025/04/15 - 15:23:21 | 任务进度轮询开始 
[SYS] 2025/04/15 - 15:23:21 | 任务进度轮询完成 
[SYS] 2025/04/15 - 15:23:21 | batch update started 
[SYS] 2025/04/15 - 15:23:21 | batch update finished 
[SYS] 2025/04/15 - 15:23:26 | batch update started 
[SYS] 2025/04/15 - 15:23:26 | batch update finished 
[SYS] 2025/04/15 - 15:23:31 | batch update started 
[SYS] 2025/04/15 - 15:23:31 | batch update finished 
[SYS] 2025/04/15 - 15:23:36 | 任务进度轮询开始 
[SYS] 2025/04/15 - 15:23:36 | 任务进度轮询完成 
[SYS] 2025/04/15 - 15:23:36 | batch update started 
[SYS] 2025/04/15 - 15:23:36 | batch update finished 
[SYS] 2025/04/15 - 15:23:41 | batch update started 
[SYS] 2025/04/15 - 15:23:41 | batch update finished 
[SYS] 2025/04/15 - 15:23:44 | batch update started 
[SYS] 2025/04/15 - 15:23:44 | batch update finished 
[SYS] 2025/04/15 - 15:23:49 | syncing options from database 
[SYS] 2025/04/15 - 15:23:49 | syncing channels from database 
[SYS] 2025/04/15 - 15:23:49 | channels synced from database 
[SYS] 2025/04/15 - 15:23:49 | 任务进度轮询开始 
[SYS] 2025/04/15 - 15:23:49 | 任务进度轮询完成 
[SYS] 2025/04/15 - 15:23:49 | batch update started 
[SYS] 2025/04/15 - 15:23:49 | batch update finished 
[SYS] 2025/04/15 - 15:23:54 | batch update started 
[SYS] 2025/04/15 - 15:23:54 | batch update finished 
[SYS] 2025/04/15 - 15:23:59 | batch update started 
[SYS] 2025/04/15 - 15:23:59 | batch update finished 
[SYS] 2025/04/15 - 15:24:04 | 任务进度轮询开始 
[SYS] 2025/04/15 - 15:24:04 | 任务进度轮询完成 
[SYS] 2025/04/15 - 15:24:04 | batch update started 
[SYS] 2025/04/15 - 15:24:04 | batch update finished 
[SYS] 2025/04/15 - 15:24:09 | batch update started 
[SYS] 2025/04/15 - 15:24:09 | batch update finished 
[SYS] 2025/04/15 - 15:24:13 | batch update started 
[SYS] 2025/04/15 - 15:24:13 | batch update finished 
[SYS] 2025/04/15 - 15:24:18 | 任务进度轮询开始 
[SYS] 2025/04/15 - 15:24:18 | 任务进度轮询完成 
[SYS] 2025/04/15 - 15:24:18 | batch update started 
[SYS] 2025/04/15 - 15:24:18 | batch update finished 
[SYS] 2025/04/15 - 15:24:23 | batch update started 
[SYS] 2025/04/15 - 15:24:23 | batch update finished 
[SYS] 2025/04/15 - 15:24:28 | batch update started 
[SYS] 2025/04/15 - 15:24:28 | batch update finished 
[SYS] 2025/04/15 - 15:24:33 | 任务进度轮询开始 
[SYS] 2025/04/15 - 15:24:33 | 任务进度轮询完成 
[SYS] 2025/04/15 - 15:24:33 | batch update started 
[SYS] 2025/04/15 - 15:24:33 | batch update finished 
[SYS] 2025/04/15 - 15:24:38 | batch update started 
[SYS] 2025/04/15 - 15:24:38 | batch update finished 
[SYS] 2025/04/15 - 15:24:43 | batch update started 
[SYS] 2025/04/15 - 15:24:43 | batch update finished 
[SYS] 2025/04/15 - 15:24:46 | testing all channels 
[SYS] 2025/04/15 - 15:24:46 | 正在更新数据看板数据... 
[SYS] 2025/04/15 - 15:24:46 | 保存数据看板数据成功，共保存0条数据 
[SYS] 2025/04/15 - 15:24:46 | channel test finished 
[SYS] 2025/04/15 - 15:24:46 | syncing options from database 
[SYS] 2025/04/15 - 15:24:46 | syncing channels from database 
[SYS] 2025/04/15 - 15:24:46 | channels synced from database 
[SYS] 2025/04/15 - 15:24:46 | 任务进度轮询开始 
[SYS] 2025/04/15 - 15:24:46 | 任务进度轮询完成 
[SYS] 2025/04/15 - 15:24:46 | batch update started 
[SYS] 2025/04/15 - 15:24:46 | batch update finished 
[SYS] 2025/04/15 - 15:24:51 | batch update started 
[SYS] 2025/04/15 - 15:24:51 | batch update finished 
[SYS] 2025/04/15 - 15:24:56 | batch update started 
[SYS] 2025/04/15 - 15:24:56 | batch update finished 
[SYS] 2025/04/15 - 15:25:01 | 任务进度轮询开始 
[SYS] 2025/04/15 - 15:25:01 | 任务进度轮询完成 
[SYS] 2025/04/15 - 15:25:01 | batch update started 
[SYS] 2025/04/15 - 15:25:01 | batch update finished 
[SYS] 2025/04/15 - 15:25:06 | batch update started 
[SYS] 2025/04/15 - 15:25:06 | batch update finished 
[SYS] 2025/04/15 - 15:25:11 | batch update started 
[SYS] 2025/04/15 - 15:25:11 | batch update finished 
[SYS] 2025/04/15 - 15:25:17 | 任务进度轮询开始 
[SYS] 2025/04/15 - 15:25:17 | batch update started 
[SYS] 2025/04/15 - 15:25:22 | batch update finished 
[SYS] 2025/04/15 - 15:25:22 | 任务进度轮询完成 
[SYS] 2025/04/15 - 15:25:27 | batch update started 
[SYS] 2025/04/15 - 15:25:27 | batch update finished 
[SYS] 2025/04/15 - 15:25:32 | batch update started 
[SYS] 2025/04/15 - 15:25:32 | batch update finished 
[SYS] 2025/04/15 - 15:25:37 | batch update started 
[SYS] 2025/04/15 - 15:25:37 | batch update finished 
[SYS] 2025/04/15 - 15:25:37 | 任务进度轮询开始 
[SYS] 2025/04/15 - 15:25:37 | 任务进度轮询完成 
[SYS] 2025/04/15 - 15:25:42 | batch update started 
[SYS] 2025/04/15 - 15:25:42 | batch update finished 
[SYS] 2025/04/15 - 15:25:44 | syncing options from database 
[SYS] 2025/04/15 - 15:25:44 | syncing channels from database 
[SYS] 2025/04/15 - 15:25:44 | channels synced from database 
[SYS] 2025/04/15 - 15:25:45 | batch update started 
[SYS] 2025/04/15 - 15:25:45 | batch update finished 
[SYS] 2025/04/15 - 15:25:50 | batch update started 
[SYS] 2025/04/15 - 15:25:50 | batch update finished 
[SYS] 2025/04/15 - 15:25:50 | 任务进度轮询开始 
[SYS] 2025/04/15 - 15:25:50 | 任务进度轮询完成 
[SYS] 2025/04/15 - 15:25:55 | batch update started 
[SYS] 2025/04/15 - 15:25:55 | batch update finished 
[SYS] 2025/04/15 - 15:26:00 | batch update started 
[SYS] 2025/04/15 - 15:26:00 | batch update finished 
[SYS] 2025/04/15 - 15:26:05 | batch update started 
[SYS] 2025/04/15 - 15:26:05 | batch update finished 
[SYS] 2025/04/15 - 15:26:05 | 任务进度轮询开始 
[SYS] 2025/04/15 - 15:26:05 | 任务进度轮询完成 
[SYS] 2025/04/15 - 15:26:10 | batch update started 
[SYS] 2025/04/15 - 15:26:10 | batch update finished 
[SYS] 2025/04/15 - 15:26:15 | batch update started 
[SYS] 2025/04/15 - 15:26:15 | batch update finished 
[SYS] 2025/04/15 - 15:26:19 | batch update started 
[SYS] 2025/04/15 - 15:26:19 | batch update finished 
[SYS] 2025/04/15 - 15:26:19 | 任务进度轮询开始 
[SYS] 2025/04/15 - 15:26:19 | 任务进度轮询完成 
[SYS] 2025/04/15 - 15:26:24 | batch update started 
[SYS] 2025/04/15 - 15:26:24 | batch update finished 
[SYS] 2025/04/15 - 15:26:29 | batch update started 
[SYS] 2025/04/15 - 15:26:29 | batch update finished 
[SYS] 2025/04/15 - 15:26:34 | batch update started 
[SYS] 2025/04/15 - 15:26:34 | batch update finished 
[SYS] 2025/04/15 - 15:26:34 | 任务进度轮询开始 
[SYS] 2025/04/15 - 15:26:34 | 任务进度轮询完成 
[SYS] 2025/04/15 - 15:26:39 | batch update started 
[SYS] 2025/04/15 - 15:26:39 | batch update finished 
[SYS] 2025/04/15 - 15:26:41 | syncing options from database 
[SYS] 2025/04/15 - 15:26:41 | syncing channels from database 
[SYS] 2025/04/15 - 15:26:41 | channels synced from database 
[SYS] 2025/04/15 - 15:26:44 | batch update started 
[SYS] 2025/04/15 - 15:26:44 | batch update finished 
[SYS] 2025/04/15 - 15:26:47 | batch update started 
[SYS] 2025/04/15 - 15:26:47 | batch update finished 
[SYS] 2025/04/15 - 15:26:47 | 任务进度轮询开始 
[SYS] 2025/04/15 - 15:26:47 | 任务进度轮询完成 
[SYS] 2025/04/15 - 15:26:52 | batch update started 
[SYS] 2025/04/15 - 15:26:52 | batch update finished 
[SYS] 2025/04/15 - 15:26:57 | batch update started 
[SYS] 2025/04/15 - 15:26:57 | batch update finished 
[SYS] 2025/04/15 - 15:27:02 | batch update started 
[SYS] 2025/04/15 - 15:27:02 | batch update finished 
[SYS] 2025/04/15 - 15:27:02 | 任务进度轮询开始 
[SYS] 2025/04/15 - 15:27:02 | 任务进度轮询完成 
[SYS] 2025/04/15 - 15:27:07 | batch update started 
[SYS] 2025/04/15 - 15:27:07 | batch update finished 
[SYS] 2025/04/15 - 15:27:12 | batch update started 
[SYS] 2025/04/15 - 15:27:12 | batch update finished 
[SYS] 2025/04/15 - 15:27:17 | batch update started 
[SYS] 2025/04/15 - 15:27:17 | batch update finished 
[SYS] 2025/04/15 - 15:27:17 | 任务进度轮询开始 
[SYS] 2025/04/15 - 15:27:17 | 任务进度轮询完成 
[SYS] 2025/04/15 - 15:27:21 | batch update started 
[SYS] 2025/04/15 - 15:27:21 | batch update finished 
[SYS] 2025/04/15 - 15:27:26 | batch update started 
[SYS] 2025/04/15 - 15:27:26 | batch update finished 
[SYS] 2025/04/15 - 15:27:31 | batch update started 
[SYS] 2025/04/15 - 15:27:31 | batch update finished 
[SYS] 2025/04/15 - 15:27:31 | 任务进度轮询开始 
[SYS] 2025/04/15 - 15:27:31 | 任务进度轮询完成 
[SYS] 2025/04/15 - 15:27:36 | batch update started 
[SYS] 2025/04/15 - 15:27:36 | batch update finished 
[SYS] 2025/04/15 - 15:27:38 | syncing options from database 
[SYS] 2025/04/15 - 15:27:38 | syncing channels from database 
[SYS] 2025/04/15 - 15:27:38 | channels synced from database 
[SYS] 2025/04/15 - 15:27:41 | batch update started 
[SYS] 2025/04/15 - 15:27:41 | batch update finished 
[SYS] 2025/04/15 - 15:27:46 | batch update started 
[SYS] 2025/04/15 - 15:27:46 | batch update finished 
[SYS] 2025/04/15 - 15:27:46 | 任务进度轮询开始 
[SYS] 2025/04/15 - 15:27:46 | 任务进度轮询完成 
[SYS] 2025/04/15 - 15:27:49 | batch update started 
[SYS] 2025/04/15 - 15:27:49 | batch update finished 
[SYS] 2025/04/15 - 15:27:54 | batch update started 
[SYS] 2025/04/15 - 15:27:54 | batch update finished 
[SYS] 2025/04/15 - 15:27:59 | batch update started 
[SYS] 2025/04/15 - 15:27:59 | batch update finished 
[SYS] 2025/04/15 - 15:27:59 | 任务进度轮询开始 
[SYS] 2025/04/15 - 15:27:59 | 任务进度轮询完成 
[SYS] 2025/04/15 - 15:28:04 | batch update started 
[SYS] 2025/04/15 - 15:28:04 | batch update finished 
[SYS] 2025/04/15 - 15:28:09 | batch update started 
[SYS] 2025/04/15 - 15:28:09 | batch update finished 
[SYS] 2025/04/15 - 15:28:14 | 任务进度轮询开始 
[SYS] 2025/04/15 - 15:28:14 | 任务进度轮询完成 
[SYS] 2025/04/15 - 15:28:14 | batch update started 
[SYS] 2025/04/15 - 15:28:14 | batch update finished 
[SYS] 2025/04/15 - 15:28:19 | batch update started 
[SYS] 2025/04/15 - 15:28:19 | batch update finished 
[SYS] 2025/04/15 - 15:28:23 | batch update started 
[SYS] 2025/04/15 - 15:28:23 | batch update finished 
[SYS] 2025/04/15 - 15:28:28 | 任务进度轮询开始 
[SYS] 2025/04/15 - 15:28:28 | 任务进度轮询完成 
[SYS] 2025/04/15 - 15:28:28 | batch update started 
[SYS] 2025/04/15 - 15:28:28 | batch update finished 
[SYS] 2025/04/15 - 15:28:33 | batch update started 
[SYS] 2025/04/15 - 15:28:33 | batch update finished 
[SYS] 2025/04/15 - 15:28:35 | syncing options from database 
[SYS] 2025/04/15 - 15:28:35 | syncing channels from database 
[SYS] 2025/04/15 - 15:28:35 | channels synced from database 
[SYS] 2025/04/15 - 15:28:38 | batch update started 
[SYS] 2025/04/15 - 15:28:38 | batch update finished 
[SYS] 2025/04/15 - 15:28:43 | 任务进度轮询开始 
[SYS] 2025/04/15 - 15:28:43 | 任务进度轮询完成 
[SYS] 2025/04/15 - 15:28:43 | batch update started 
[SYS] 2025/04/15 - 15:28:43 | batch update finished 
[SYS] 2025/04/15 - 15:28:48 | batch update started 
[SYS] 2025/04/15 - 15:28:48 | batch update finished 
[SYS] 2025/04/15 - 15:28:51 | batch update started 
[SYS] 2025/04/15 - 15:28:51 | batch update finished 
[SYS] 2025/04/15 - 15:28:56 | 任务进度轮询开始 
[SYS] 2025/04/15 - 15:28:56 | 任务进度轮询完成 
[SYS] 2025/04/15 - 15:28:56 | batch update started 
[SYS] 2025/04/15 - 15:28:56 | batch update finished 
[SYS] 2025/04/15 - 15:29:01 | batch update started 
[SYS] 2025/04/15 - 15:29:01 | batch update finished 
[SYS] 2025/04/15 - 15:29:06 | batch update started 
[SYS] 2025/04/15 - 15:29:06 | batch update finished 
[SYS] 2025/04/15 - 15:29:11 | 任务进度轮询开始 
[SYS] 2025/04/15 - 15:29:11 | 任务进度轮询完成 
[SYS] 2025/04/15 - 15:29:11 | batch update started 
[SYS] 2025/04/15 - 15:29:11 | batch update finished 
[SYS] 2025/04/15 - 15:29:16 | batch update started 
[SYS] 2025/04/15 - 15:29:16 | batch update finished 
[SYS] 2025/04/15 - 15:29:21 | batch update started 
[SYS] 2025/04/15 - 15:29:21 | batch update finished 
[SYS] 2025/04/15 - 15:29:25 | 任务进度轮询开始 
[SYS] 2025/04/15 - 15:29:25 | 任务进度轮询完成 
[SYS] 2025/04/15 - 15:29:25 | batch update started 
[SYS] 2025/04/15 - 15:29:25 | batch update finished 
[SYS] 2025/04/15 - 15:29:30 | batch update started 
[SYS] 2025/04/15 - 15:29:30 | batch update finished 
[SYS] 2025/04/15 - 15:29:32 | 正在更新数据看板数据... 
[SYS] 2025/04/15 - 15:29:32 | 保存数据看板数据成功，共保存0条数据 
[SYS] 2025/04/15 - 15:29:32 | syncing options from database 
[SYS] 2025/04/15 - 15:29:32 | syncing channels from database 
[SYS] 2025/04/15 - 15:29:32 | channels synced from database 
[SYS] 2025/04/15 - 15:29:35 | batch update started 
[SYS] 2025/04/15 - 15:29:35 | batch update finished 
[SYS] 2025/04/15 - 15:29:40 | 任务进度轮询开始 
[SYS] 2025/04/15 - 15:29:40 | 任务进度轮询完成 
[SYS] 2025/04/15 - 15:29:40 | batch update started 
[SYS] 2025/04/15 - 15:29:40 | batch update finished 
[SYS] 2025/04/15 - 15:29:45 | batch update started 
[SYS] 2025/04/15 - 15:29:45 | batch update finished 
[SYS] 2025/04/15 - 15:29:50 | batch update started 
[SYS] 2025/04/15 - 15:29:50 | batch update finished 
[SYS] 2025/04/15 - 15:29:53 | 任务进度轮询开始 
[SYS] 2025/04/15 - 15:29:53 | 任务进度轮询完成 
[SYS] 2025/04/15 - 15:29:53 | batch update started 
[SYS] 2025/04/15 - 15:29:53 | batch update finished 
[SYS] 2025/04/15 - 15:29:58 | batch update started 
[SYS] 2025/04/15 - 15:29:58 | batch update finished 
[SYS] 2025/04/15 - 15:30:03 | batch update started 
[SYS] 2025/04/15 - 15:30:03 | batch update finished 
[SYS] 2025/04/15 - 15:30:08 | 任务进度轮询开始 
[SYS] 2025/04/15 - 15:30:08 | 任务进度轮询完成 
[SYS] 2025/04/15 - 15:30:08 | batch update started 
[SYS] 2025/04/15 - 15:30:08 | batch update finished 
[SYS] 2025/04/15 - 15:30:13 | batch update started 
[SYS] 2025/04/15 - 15:30:13 | batch update finished 
[SYS] 2025/04/15 - 15:30:18 | batch update started 
[SYS] 2025/04/15 - 15:30:18 | batch update finished 
[SYS] 2025/04/15 - 15:30:23 | 任务进度轮询开始 
[SYS] 2025/04/15 - 15:30:23 | 任务进度轮询完成 
[SYS] 2025/04/15 - 15:30:23 | batch update started 
[SYS] 2025/04/15 - 15:30:23 | batch update finished 
[SYS] 2025/04/15 - 15:30:26 | batch update started 
[SYS] 2025/04/15 - 15:30:26 | batch update finished 
[SYS] 2025/04/15 - 15:30:29 | syncing options from database 
[SYS] 2025/04/15 - 15:30:29 | syncing channels from database 
[SYS] 2025/04/15 - 15:30:29 | channels synced from database 
[SYS] 2025/04/15 - 15:30:31 | batch update started 
[SYS] 2025/04/15 - 15:30:31 | batch update finished 
[SYS] 2025/04/15 - 15:30:36 | 任务进度轮询开始 
[SYS] 2025/04/15 - 15:30:36 | 任务进度轮询完成 
[SYS] 2025/04/15 - 15:30:36 | batch update started 
[SYS] 2025/04/15 - 15:30:36 | batch update finished 
[SYS] 2025/04/15 - 15:30:41 | batch update started 
[SYS] 2025/04/15 - 15:30:41 | batch update finished 
[SYS] 2025/04/15 - 15:30:46 | batch update started 
[SYS] 2025/04/15 - 15:30:46 | batch update finished 
[SYS] 2025/04/15 - 15:30:51 | 任务进度轮询开始 
[SYS] 2025/04/15 - 15:30:51 | 任务进度轮询完成 
[SYS] 2025/04/15 - 15:30:51 | batch update started 
[SYS] 2025/04/15 - 15:30:51 | batch update finished 
[SYS] 2025/04/15 - 15:30:55 | batch update started 
[SYS] 2025/04/15 - 15:30:55 | batch update finished 
[SYS] 2025/04/15 - 15:31:00 | batch update started 
[SYS] 2025/04/15 - 15:31:00 | batch update finished 
[SYS] 2025/04/15 - 15:31:05 | 任务进度轮询开始 
[SYS] 2025/04/15 - 15:31:05 | 任务进度轮询完成 
[SYS] 2025/04/15 - 15:31:05 | batch update started 
[SYS] 2025/04/15 - 15:31:05 | batch update finished 
[SYS] 2025/04/15 - 15:31:10 | batch update started 
[SYS] 2025/04/15 - 15:31:10 | batch update finished 
[SYS] 2025/04/15 - 15:31:15 | batch update started 
[SYS] 2025/04/15 - 15:31:15 | batch update finished 
[SYS] 2025/04/15 - 15:31:20 | 任务进度轮询开始 
[SYS] 2025/04/15 - 15:31:20 | 任务进度轮询完成 
[SYS] 2025/04/15 - 15:31:20 | batch update started 
[SYS] 2025/04/15 - 15:31:20 | batch update finished 
[SYS] 2025/04/15 - 15:31:25 | batch update started 
[SYS] 2025/04/15 - 15:31:25 | batch update finished 
[SYS] 2025/04/15 - 15:31:26 | syncing options from database 
[SYS] 2025/04/15 - 15:31:26 | syncing channels from database 
[SYS] 2025/04/15 - 15:31:26 | channels synced from database 
[SYS] 2025/04/15 - 15:31:29 | batch update started 
[SYS] 2025/04/15 - 15:31:29 | batch update finished 
[SYS] 2025/04/15 - 15:31:33 | 任务进度轮询开始 
[SYS] 2025/04/15 - 15:31:33 | 任务进度轮询完成 
[SYS] 2025/04/15 - 15:31:34 | batch update started 
[SYS] 2025/04/15 - 15:31:34 | batch update finished 
[SYS] 2025/04/15 - 15:31:39 | batch update started 
[SYS] 2025/04/15 - 15:31:39 | batch update finished 
[SYS] 2025/04/15 - 15:31:44 | batch update started 
[SYS] 2025/04/15 - 15:31:44 | batch update finished 
[SYS] 2025/04/15 - 15:31:48 | 任务进度轮询开始 
[SYS] 2025/04/15 - 15:31:49 | 任务进度轮询完成 
[SYS] 2025/04/15 - 15:31:49 | batch update started 
[SYS] 2025/04/15 - 15:31:49 | batch update finished 
[SYS] 2025/04/15 - 15:31:54 | batch update started 
[SYS] 2025/04/15 - 15:31:54 | batch update finished 
[SYS] 2025/04/15 - 15:31:57 | batch update started 
[SYS] 2025/04/15 - 15:31:57 | batch update finished 
[SYS] 2025/04/15 - 15:32:02 | 任务进度轮询开始 
[SYS] 2025/04/15 - 15:32:02 | 任务进度轮询完成 
[SYS] 2025/04/15 - 15:32:02 | batch update started 
[SYS] 2025/04/15 - 15:32:02 | batch update finished 
[SYS] 2025/04/15 - 15:32:07 | batch update started 
[SYS] 2025/04/15 - 15:32:07 | batch update finished 
[SYS] 2025/04/15 - 15:32:12 | batch update started 
[SYS] 2025/04/15 - 15:32:12 | batch update finished 
[SYS] 2025/04/15 - 15:32:17 | 任务进度轮询开始 
[SYS] 2025/04/15 - 15:32:17 | 任务进度轮询完成 
[SYS] 2025/04/15 - 15:32:17 | batch update started 
[SYS] 2025/04/15 - 15:32:17 | batch update finished 
[SYS] 2025/04/15 - 15:32:22 | batch update started 
[SYS] 2025/04/15 - 15:32:22 | batch update finished 
[SYS] 2025/04/15 - 15:32:25 | syncing options from database 
[SYS] 2025/04/15 - 15:32:25 | syncing channels from database 
[SYS] 2025/04/15 - 15:32:25 | channels synced from database 
[SYS] 2025/04/15 - 15:32:26 | batch update started 
[SYS] 2025/04/15 - 15:32:26 | batch update finished 
[SYS] 2025/04/15 - 15:32:30 | 任务进度轮询开始 
[SYS] 2025/04/15 - 15:32:30 | 任务进度轮询完成 
[SYS] 2025/04/15 - 15:32:31 | batch update started 
[SYS] 2025/04/15 - 15:32:31 | batch update finished 
[SYS] 2025/04/15 - 15:32:36 | batch update started 
[SYS] 2025/04/15 - 15:32:36 | batch update finished 
[SYS] 2025/04/15 - 15:32:41 | batch update started 
[SYS] 2025/04/15 - 15:32:41 | batch update finished 
[SYS] 2025/04/15 - 15:32:45 | 任务进度轮询开始 
[SYS] 2025/04/15 - 15:32:45 | 任务进度轮询完成 
[SYS] 2025/04/15 - 15:32:46 | batch update started 
[SYS] 2025/04/15 - 15:32:46 | batch update finished 
[SYS] 2025/04/15 - 15:32:51 | batch update started 
[SYS] 2025/04/15 - 15:32:51 | batch update finished 
[SYS] 2025/04/15 - 15:32:56 | batch update started 
[SYS] 2025/04/15 - 15:32:56 | batch update finished 
[SYS] 2025/04/15 - 15:32:59 | 任务进度轮询开始 
[SYS] 2025/04/15 - 15:32:59 | 任务进度轮询完成 
[SYS] 2025/04/15 - 15:32:59 | batch update started 
[SYS] 2025/04/15 - 15:32:59 | batch update finished 
[SYS] 2025/04/15 - 15:33:04 | batch update started 
[SYS] 2025/04/15 - 15:33:04 | batch update finished 
[SYS] 2025/04/15 - 15:33:09 | batch update started 
[SYS] 2025/04/15 - 15:33:09 | batch update finished 
[SYS] 2025/04/15 - 15:33:14 | 任务进度轮询开始 
[SYS] 2025/04/15 - 15:33:14 | 任务进度轮询完成 
[SYS] 2025/04/15 - 15:33:14 | batch update started 
[SYS] 2025/04/15 - 15:33:14 | batch update finished 
[SYS] 2025/04/15 - 15:33:19 | batch update started 
[SYS] 2025/04/15 - 15:33:19 | batch update finished 
[SYS] 2025/04/15 - 15:33:22 | syncing options from database 
[SYS] 2025/04/15 - 15:33:22 | syncing channels from database 
[SYS] 2025/04/15 - 15:33:22 | channels synced from database 
[SYS] 2025/04/15 - 15:33:24 | batch update started 
[SYS] 2025/04/15 - 15:33:24 | batch update finished 
[SYS] 2025/04/15 - 15:33:27 | 任务进度轮询开始 
[SYS] 2025/04/15 - 15:33:27 | 任务进度轮询完成 
[SYS] 2025/04/15 - 15:33:28 | batch update started 
[SYS] 2025/04/15 - 15:33:28 | batch update finished 
[SYS] 2025/04/15 - 15:33:33 | batch update started 
[SYS] 2025/04/15 - 15:33:33 | batch update finished 
[SYS] 2025/04/15 - 15:33:38 | batch update started 
[SYS] 2025/04/15 - 15:33:38 | batch update finished 
[SYS] 2025/04/15 - 15:33:42 | 任务进度轮询开始 
[SYS] 2025/04/15 - 15:33:42 | 任务进度轮询完成 
[SYS] 2025/04/15 - 15:33:43 | batch update started 
[SYS] 2025/04/15 - 15:33:43 | batch update finished 
[SYS] 2025/04/15 - 15:33:48 | batch update started 
[SYS] 2025/04/15 - 15:33:48 | batch update finished 
[SYS] 2025/04/15 - 15:33:53 | batch update started 
[SYS] 2025/04/15 - 15:33:53 | batch update finished 
[SYS] 2025/04/15 - 15:33:57 | 任务进度轮询开始 
[SYS] 2025/04/15 - 15:33:57 | 任务进度轮询完成 
[SYS] 2025/04/15 - 15:33:58 | batch update started 
[SYS] 2025/04/15 - 15:33:58 | batch update finished 
[SYS] 2025/04/15 - 15:34:01 | batch update started 
[SYS] 2025/04/15 - 15:34:01 | batch update finished 
[SYS] 2025/04/15 - 15:34:06 | batch update started 
[SYS] 2025/04/15 - 15:34:06 | batch update finished 
[SYS] 2025/04/15 - 15:34:11 | 任务进度轮询开始 
[SYS] 2025/04/15 - 15:34:11 | 任务进度轮询完成 
[SYS] 2025/04/15 - 15:34:11 | batch update started 
[SYS] 2025/04/15 - 15:34:11 | batch update finished 
[SYS] 2025/04/15 - 15:34:16 | batch update started 
[SYS] 2025/04/15 - 15:34:16 | batch update finished 
[SYS] 2025/04/15 - 15:34:18 | 正在更新数据看板数据... 
[SYS] 2025/04/15 - 15:34:18 | 保存数据看板数据成功，共保存0条数据 
[SYS] 2025/04/15 - 15:34:18 | testing all channels 
[SYS] 2025/04/15 - 15:34:18 | channel test finished 
[SYS] 2025/04/15 - 15:34:19 | syncing options from database 
[SYS] 2025/04/15 - 15:34:19 | syncing channels from database 
[SYS] 2025/04/15 - 15:34:19 | channels synced from database 
[SYS] 2025/04/15 - 15:34:21 | batch update started 
[SYS] 2025/04/15 - 15:34:21 | batch update finished 
[SYS] 2025/04/15 - 15:34:26 | 任务进度轮询开始 
[SYS] 2025/04/15 - 15:34:26 | 任务进度轮询完成 
[SYS] 2025/04/15 - 15:34:26 | batch update started 
[SYS] 2025/04/15 - 15:34:26 | batch update finished 
[SYS] 2025/04/15 - 15:34:29 | batch update started 
[SYS] 2025/04/15 - 15:34:29 | batch update finished 
[SYS] 2025/04/15 - 15:34:35 | batch update started 
[SYS] 2025/04/15 - 15:34:35 | batch update finished 
[SYS] 2025/04/15 - 15:34:39 | 任务进度轮询开始 
[SYS] 2025/04/15 - 15:34:39 | 任务进度轮询完成 
[SYS] 2025/04/15 - 15:34:40 | batch update started 
[SYS] 2025/04/15 - 15:34:40 | batch update finished 
[SYS] 2025/04/15 - 15:34:45 | batch update started 
[SYS] 2025/04/15 - 15:34:45 | batch update finished 
[SYS] 2025/04/15 - 15:34:50 | batch update started 
[SYS] 2025/04/15 - 15:34:50 | batch update finished 
[SYS] 2025/04/15 - 15:34:54 | 任务进度轮询开始 
[SYS] 2025/04/15 - 15:34:54 | 任务进度轮询完成 
[SYS] 2025/04/15 - 15:34:55 | batch update started 
[SYS] 2025/04/15 - 15:34:55 | batch update finished 
[SYS] 2025/04/15 - 15:35:00 | batch update started 
[SYS] 2025/04/15 - 15:35:00 | batch update finished 
[SYS] 2025/04/15 - 15:35:03 | batch update started 
[SYS] 2025/04/15 - 15:35:03 | batch update finished 
[SYS] 2025/04/15 - 15:35:08 | 任务进度轮询开始 
[SYS] 2025/04/15 - 15:35:08 | 任务进度轮询完成 
[SYS] 2025/04/15 - 15:35:08 | batch update started 
[SYS] 2025/04/15 - 15:35:08 | batch update finished 
[SYS] 2025/04/15 - 15:35:13 | batch update started 
[SYS] 2025/04/15 - 15:35:13 | batch update finished 
[SYS] 2025/04/15 - 15:35:16 | syncing options from database 
[SYS] 2025/04/15 - 15:35:16 | syncing channels from database 
[SYS] 2025/04/15 - 15:35:16 | channels synced from database 
[SYS] 2025/04/15 - 15:35:18 | batch update started 
[SYS] 2025/04/15 - 15:35:18 | batch update finished 
[SYS] 2025/04/15 - 15:35:23 | 任务进度轮询开始 
[SYS] 2025/04/15 - 15:35:23 | 任务进度轮询完成 
[SYS] 2025/04/15 - 15:35:23 | batch update started 
[SYS] 2025/04/15 - 15:35:23 | batch update finished 
[SYS] 2025/04/15 - 15:35:28 | batch update started 
[SYS] 2025/04/15 - 15:35:28 | batch update finished 
[SYS] 2025/04/15 - 15:35:31 | batch update started 
[SYS] 2025/04/15 - 15:35:31 | batch update finished 
[SYS] 2025/04/15 - 15:35:36 | 任务进度轮询开始 
[SYS] 2025/04/15 - 15:35:36 | 任务进度轮询完成 
[SYS] 2025/04/15 - 15:35:36 | batch update started 
[SYS] 2025/04/15 - 15:35:36 | batch update finished 
[SYS] 2025/04/15 - 15:35:42 | batch update started 
[SYS] 2025/04/15 - 15:35:42 | batch update finished 
[SYS] 2025/04/15 - 15:35:47 | batch update started 
[SYS] 2025/04/15 - 15:35:47 | batch update finished 
[SYS] 2025/04/15 - 15:35:51 | 任务进度轮询开始 
[SYS] 2025/04/15 - 15:35:51 | 任务进度轮询完成 
[SYS] 2025/04/15 - 15:35:52 | batch update started 
[SYS] 2025/04/15 - 15:35:52 | batch update finished 
[SYS] 2025/04/15 - 15:35:57 | batch update started 
[SYS] 2025/04/15 - 15:35:57 | batch update finished 
[SYS] 2025/04/15 - 15:36:02 | batch update started 
[SYS] 2025/04/15 - 15:36:02 | batch update finished 
[SYS] 2025/04/15 - 15:36:05 | 任务进度轮询开始 
[SYS] 2025/04/15 - 15:36:05 | 任务进度轮询完成 
[SYS] 2025/04/15 - 15:36:05 | batch update started 
[SYS] 2025/04/15 - 15:36:05 | batch update finished 
[SYS] 2025/04/15 - 15:36:10 | batch update started 
[SYS] 2025/04/15 - 15:36:10 | batch update finished 
[SYS] 2025/04/15 - 15:36:13 | syncing options from database 
[SYS] 2025/04/15 - 15:36:13 | syncing channels from database 
[SYS] 2025/04/15 - 15:36:13 | channels synced from database 
[SYS] 2025/04/15 - 15:36:15 | batch update started 
[SYS] 2025/04/15 - 15:36:15 | batch update finished 
[SYS] 2025/04/15 - 15:36:20 | 任务进度轮询开始 
[SYS] 2025/04/15 - 15:36:20 | 任务进度轮询完成 
[SYS] 2025/04/15 - 15:36:20 | batch update started 
[SYS] 2025/04/15 - 15:36:20 | batch update finished 
[SYS] 2025/04/15 - 15:36:25 | batch update started 
[SYS] 2025/04/15 - 15:36:25 | batch update finished 
[SYS] 2025/04/15 - 15:36:30 | batch update started 
[SYS] 2025/04/15 - 15:36:30 | batch update finished 
[SYS] 2025/04/15 - 15:36:33 | 任务进度轮询开始 
[SYS] 2025/04/15 - 15:36:33 | 任务进度轮询完成 
[SYS] 2025/04/15 - 15:36:33 | batch update started 
[SYS] 2025/04/15 - 15:36:33 | batch update finished 
[SYS] 2025/04/15 - 15:36:38 | batch update started 
[SYS] 2025/04/15 - 15:36:38 | batch update finished 
[SYS] 2025/04/15 - 15:36:43 | batch update started 
[SYS] 2025/04/15 - 15:36:43 | batch update finished 
[SYS] 2025/04/15 - 15:36:48 | 任务进度轮询开始 
[SYS] 2025/04/15 - 15:36:48 | 任务进度轮询完成 
[SYS] 2025/04/15 - 15:36:48 | batch update started 
[SYS] 2025/04/15 - 15:36:48 | batch update finished 
[SYS] 2025/04/15 - 15:36:53 | batch update started 
[SYS] 2025/04/15 - 15:36:53 | batch update finished 
[SYS] 2025/04/15 - 15:36:58 | batch update started 
[SYS] 2025/04/15 - 15:36:58 | batch update finished 
[SYS] 2025/04/15 - 15:37:02 | 任务进度轮询开始 
[SYS] 2025/04/15 - 15:37:02 | 任务进度轮询完成 
[SYS] 2025/04/15 - 15:37:02 | batch update started 
[SYS] 2025/04/15 - 15:37:02 | batch update finished 
[SYS] 2025/04/15 - 15:37:07 | batch update started 
[SYS] 2025/04/15 - 15:37:07 | batch update finished 
[SYS] 2025/04/15 - 15:37:09 | syncing options from database 
[SYS] 2025/04/15 - 15:37:10 | syncing channels from database 
[SYS] 2025/04/15 - 15:37:10 | channels synced from database 
[SYS] 2025/04/15 - 15:37:12 | batch update started 
[SYS] 2025/04/15 - 15:37:12 | batch update finished 
[SYS] 2025/04/15 - 15:37:17 | 任务进度轮询开始 
[SYS] 2025/04/15 - 15:37:17 | 任务进度轮询完成 
[SYS] 2025/04/15 - 15:37:17 | batch update started 
[SYS] 2025/04/15 - 15:37:17 | batch update finished 
