[SYS] 2025/04/05 - 12:15:18 | New API v0.0.0 started 
[SYS] 2025/04/05 - 12:15:18 | using MySQL as database 
[SYS] 2025/04/05 - 12:15:18 | database migration started 
[SYS] 2025/04/05 - 12:15:18 | database migrated 
[SYS] 2025/04/05 - 12:15:18 | using MySQL as database 
[SYS] 2025/04/05 - 12:15:18 | database migration started 
[SYS] 2025/04/05 - 12:15:18 | Redis is enabled 
[SYS] 2025/04/05 - 12:15:18 | memory cache enabled 
[SYS] 2025/04/05 - 12:15:18 | sync frequency: 60 seconds 
[SYS] 2025/04/05 - 12:15:18 | channels synced from database 
[SYS] 2025/04/05 - 12:15:18 | batch update enabled with interval 5s 
[SYS] 2025/04/05 - 12:15:18 | pprof enabled 
[SYS] 2025/04/05 - 12:15:18 | initializing token encoders 
[SYS] 2025/04/05 - 12:15:18 | 正在更新数据看板数据... 
[SYS] 2025/04/05 - 12:15:18 | 保存数据看板数据成功，共保存0条数据 
[SYS] 2025/04/05 - 12:15:19 | token encoders initialized 
[SYS] 2025/04/05 - 12:15:19 | FRONTEND_BASE_URL is ignored on master node 
[SYS] 2025/04/05 - 12:15:23 | batch update started 
[SYS] 2025/04/05 - 12:15:23 | batch update finished 
[SYS] 2025/04/05 - 12:15:29 | batch update started 
[SYS] 2025/04/05 - 12:15:29 | batch update finished 
[SYS] 2025/04/05 - 12:15:34 | 任务进度轮询开始 
[SYS] 2025/04/05 - 12:15:34 | 任务进度轮询完成 
[SYS] 2025/04/05 - 12:15:34 | batch update started 
[SYS] 2025/04/05 - 12:15:34 | batch update finished 
[SYS] 2025/04/05 - 12:15:39 | batch update started 
[SYS] 2025/04/05 - 12:15:39 | batch update finished 
[SYS] 2025/04/05 - 12:15:44 | batch update started 
[SYS] 2025/04/05 - 12:15:44 | batch update finished 
[SYS] 2025/04/05 - 12:15:49 | 任务进度轮询开始 
[SYS] 2025/04/05 - 12:15:49 | 任务进度轮询完成 
[SYS] 2025/04/05 - 12:15:49 | batch update started 
[SYS] 2025/04/05 - 12:15:49 | batch update finished 
[SYS] 2025/04/05 - 12:15:54 | batch update started 
[SYS] 2025/04/05 - 12:15:54 | batch update finished 
[SYS] 2025/04/05 - 12:15:59 | batch update started 
[SYS] 2025/04/05 - 12:15:59 | batch update finished 
[GIN] 2025/04/05 - 12:16:03 | 20250405121603218284051Uy6iUUMQ | 200 |    3.772651ms |             ::1 |     GET /topup
[GIN] 2025/04/05 - 12:16:03 | 20250405121603432122300NHuIphQG | 200 |  197.320057ms |             ::1 |     GET /assets/index-Dv1HljbO.js
[SYS] 2025/04/05 - 12:16:05 | 任务进度轮询开始 
[SYS] 2025/04/05 - 12:16:05 | 任务进度轮询完成 
[SYS] 2025/04/05 - 12:16:05 | batch update started 
[SYS] 2025/04/05 - 12:16:05 | batch update finished 
[GIN] 2025/04/05 - 12:16:07 | 20250405121606483427621o2iYZBg3 | 200 |  536.556159ms |             ::1 |     GET /api/status
[GIN] 2025/04/05 - 12:16:07 | 2025040512160766550389qQgiry0N | 200 |  188.289775ms |             ::1 |     GET /api/user/self
[SYS] 2025/04/05 - 12:16:10 | batch update started 
[SYS] 2025/04/05 - 12:16:10 | batch update finished 
[SYS] 2025/04/05 - 12:16:15 | batch update started 
[SYS] 2025/04/05 - 12:16:15 | batch update finished 
[SYS] 2025/04/05 - 12:16:20 | syncing channels from database 
[SYS] 2025/04/05 - 12:16:20 | syncing options from database 
[SYS] 2025/04/05 - 12:16:20 | channels synced from database 
[SYS] 2025/04/05 - 12:16:20 | 任务进度轮询开始 
[SYS] 2025/04/05 - 12:16:20 | 任务进度轮询完成 
[SYS] 2025/04/05 - 12:16:20 | batch update started 
[SYS] 2025/04/05 - 12:16:20 | batch update finished 
[SYS] 2025/04/05 - 12:16:25 | batch update started 
[SYS] 2025/04/05 - 12:16:25 | batch update finished 
[SYS] 2025/04/05 - 12:16:30 | batch update started 
[SYS] 2025/04/05 - 12:16:30 | batch update finished 
[SYS] 2025/04/05 - 12:16:36 | 任务进度轮询开始 
[SYS] 2025/04/05 - 12:16:36 | 任务进度轮询完成 
[SYS] 2025/04/05 - 12:16:36 | batch update started 
[SYS] 2025/04/05 - 12:16:36 | batch update finished 
[SYS] 2025/04/05 - 12:16:41 | batch update started 
[SYS] 2025/04/05 - 12:16:41 | batch update finished 
[SYS] 2025/04/05 - 12:16:46 | batch update started 
[SYS] 2025/04/05 - 12:16:46 | batch update finished 
[SYS] 2025/04/05 - 12:16:51 | 任务进度轮询开始 
[SYS] 2025/04/05 - 12:16:51 | 任务进度轮询完成 
[SYS] 2025/04/05 - 12:16:51 | batch update started 
[SYS] 2025/04/05 - 12:16:51 | batch update finished 
[SYS] 2025/04/05 - 12:16:56 | batch update started 
[SYS] 2025/04/05 - 12:16:56 | batch update finished 
[SYS] 2025/04/05 - 12:17:01 | batch update started 
[SYS] 2025/04/05 - 12:17:01 | batch update finished 
[SYS] 2025/04/05 - 12:17:08 | 任务进度轮询开始 
[SYS] 2025/04/05 - 12:17:08 | 任务进度轮询完成 
[SYS] 2025/04/05 - 12:17:08 | batch update started 
[SYS] 2025/04/05 - 12:17:08 | batch update finished 
[SYS] 2025/04/05 - 12:17:13 | batch update started 
[SYS] 2025/04/05 - 12:17:13 | batch update finished 
[SYS] 2025/04/05 - 12:17:18 | batch update started 
[SYS] 2025/04/05 - 12:17:18 | batch update finished 
[SYS] 2025/04/05 - 12:17:23 | syncing options from database 
[SYS] 2025/04/05 - 12:17:23 | syncing channels from database 
[SYS] 2025/04/05 - 12:17:23 | channels synced from database 
[SYS] 2025/04/05 - 12:17:23 | 任务进度轮询开始 
[SYS] 2025/04/05 - 12:17:23 | 任务进度轮询完成 
[SYS] 2025/04/05 - 12:17:23 | batch update started 
[SYS] 2025/04/05 - 12:17:23 | batch update finished 
[SYS] 2025/04/05 - 12:17:28 | batch update started 
[SYS] 2025/04/05 - 12:17:28 | batch update finished 
[SYS] 2025/04/05 - 12:17:33 | batch update started 
[SYS] 2025/04/05 - 12:17:33 | batch update finished 
[SYS] 2025/04/05 - 12:17:38 | 任务进度轮询开始 
[SYS] 2025/04/05 - 12:17:38 | 任务进度轮询完成 
[SYS] 2025/04/05 - 12:17:38 | batch update started 
[SYS] 2025/04/05 - 12:17:38 | batch update finished 
[SYS] 2025/04/05 - 12:17:44 | batch update started 
[SYS] 2025/04/05 - 12:17:44 | batch update finished 
[SYS] 2025/04/05 - 12:17:49 | batch update started 
[SYS] 2025/04/05 - 12:17:49 | batch update finished 
[SYS] 2025/04/05 - 12:17:54 | 任务进度轮询开始 
[SYS] 2025/04/05 - 12:17:54 | 任务进度轮询完成 
[SYS] 2025/04/05 - 12:17:54 | batch update started 
[SYS] 2025/04/05 - 12:17:54 | batch update finished 
[SYS] 2025/04/05 - 12:17:59 | batch update started 
[SYS] 2025/04/05 - 12:17:59 | batch update finished 
[SYS] 2025/04/05 - 12:18:04 | batch update started 
[SYS] 2025/04/05 - 12:18:04 | batch update finished 
[SYS] 2025/04/05 - 12:18:09 | 任务进度轮询开始 
[SYS] 2025/04/05 - 12:18:09 | 任务进度轮询完成 
[SYS] 2025/04/05 - 12:18:09 | batch update started 
[SYS] 2025/04/05 - 12:18:09 | batch update finished 
[SYS] 2025/04/05 - 12:18:15 | batch update started 
[SYS] 2025/04/05 - 12:18:15 | batch update finished 
[SYS] 2025/04/05 - 12:18:20 | batch update started 
[SYS] 2025/04/05 - 12:18:20 | batch update finished 
[SYS] 2025/04/05 - 12:18:25 | syncing options from database 
[SYS] 2025/04/05 - 12:18:25 | syncing channels from database 
[SYS] 2025/04/05 - 12:18:25 | channels synced from database 
[SYS] 2025/04/05 - 12:18:25 | 任务进度轮询开始 
[SYS] 2025/04/05 - 12:18:25 | 任务进度轮询完成 
[SYS] 2025/04/05 - 12:18:25 | batch update started 
[SYS] 2025/04/05 - 12:18:25 | batch update finished 
[SYS] 2025/04/05 - 12:18:30 | batch update started 
[SYS] 2025/04/05 - 12:18:30 | batch update finished 
[SYS] 2025/04/05 - 12:18:35 | batch update started 
[SYS] 2025/04/05 - 12:18:35 | batch update finished 
[SYS] 2025/04/05 - 12:18:40 | 任务进度轮询开始 
[SYS] 2025/04/05 - 12:18:40 | 任务进度轮询完成 
[SYS] 2025/04/05 - 12:18:40 | batch update started 
[SYS] 2025/04/05 - 12:18:40 | batch update finished 
[SYS] 2025/04/05 - 12:18:45 | batch update started 
[SYS] 2025/04/05 - 12:18:45 | batch update finished 
[SYS] 2025/04/05 - 12:18:51 | batch update started 
[SYS] 2025/04/05 - 12:18:51 | batch update finished 
[SYS] 2025/04/05 - 12:18:56 | 任务进度轮询开始 
[SYS] 2025/04/05 - 12:18:56 | 任务进度轮询完成 
[SYS] 2025/04/05 - 12:18:56 | batch update started 
[SYS] 2025/04/05 - 12:18:56 | batch update finished 
[SYS] 2025/04/05 - 12:19:01 | batch update started 
[SYS] 2025/04/05 - 12:19:01 | batch update finished 
[SYS] 2025/04/05 - 12:19:06 | batch update started 
[SYS] 2025/04/05 - 12:19:06 | batch update finished 
[SYS] 2025/04/05 - 12:19:11 | 任务进度轮询开始 
[SYS] 2025/04/05 - 12:19:11 | 任务进度轮询完成 
[SYS] 2025/04/05 - 12:19:11 | batch update started 
[SYS] 2025/04/05 - 12:19:11 | batch update finished 
[SYS] 2025/04/05 - 12:19:16 | batch update started 
[SYS] 2025/04/05 - 12:19:16 | batch update finished 
[SYS] 2025/04/05 - 12:19:22 | batch update started 
[SYS] 2025/04/05 - 12:19:22 | batch update finished 
[SYS] 2025/04/05 - 12:19:27 | syncing options from database 
[SYS] 2025/04/05 - 12:19:27 | syncing channels from database 
[SYS] 2025/04/05 - 12:19:27 | channels synced from database 
[SYS] 2025/04/05 - 12:19:27 | 任务进度轮询开始 
[SYS] 2025/04/05 - 12:19:27 | 任务进度轮询完成 
[SYS] 2025/04/05 - 12:19:27 | batch update started 
[SYS] 2025/04/05 - 12:19:27 | batch update finished 
[SYS] 2025/04/05 - 12:19:32 | batch update started 
[SYS] 2025/04/05 - 12:19:32 | batch update finished 
[SYS] 2025/04/05 - 12:19:37 | batch update started 
[SYS] 2025/04/05 - 12:19:37 | batch update finished 
[SYS] 2025/04/05 - 12:19:42 | 任务进度轮询开始 
[SYS] 2025/04/05 - 12:19:42 | 任务进度轮询完成 
[SYS] 2025/04/05 - 12:19:42 | batch update started 
[SYS] 2025/04/05 - 12:19:42 | batch update finished 
[SYS] 2025/04/05 - 12:19:47 | batch update started 
[SYS] 2025/04/05 - 12:19:47 | batch update finished 
[SYS] 2025/04/05 - 12:19:52 | batch update started 
[SYS] 2025/04/05 - 12:19:52 | batch update finished 
[SYS] 2025/04/05 - 12:19:58 | 任务进度轮询开始 
[SYS] 2025/04/05 - 12:19:58 | 任务进度轮询完成 
[SYS] 2025/04/05 - 12:19:58 | batch update started 
[SYS] 2025/04/05 - 12:19:58 | batch update finished 
[SYS] 2025/04/05 - 12:20:03 | batch update started 
[SYS] 2025/04/05 - 12:20:03 | batch update finished 
[SYS] 2025/04/05 - 12:20:08 | batch update started 
[SYS] 2025/04/05 - 12:20:08 | batch update finished 
[SYS] 2025/04/05 - 12:20:13 | 任务进度轮询开始 
[SYS] 2025/04/05 - 12:20:13 | 任务进度轮询完成 
[SYS] 2025/04/05 - 12:20:13 | batch update started 
[SYS] 2025/04/05 - 12:20:13 | batch update finished 
[SYS] 2025/04/05 - 12:20:18 | batch update started 
[SYS] 2025/04/05 - 12:20:18 | batch update finished 
[SYS] 2025/04/05 - 12:20:23 | batch update started 
[SYS] 2025/04/05 - 12:20:23 | batch update finished 
[SYS] 2025/04/05 - 12:20:29 | 正在更新数据看板数据... 
[SYS] 2025/04/05 - 12:20:29 | 保存数据看板数据成功，共保存0条数据 
[SYS] 2025/04/05 - 12:20:29 | syncing options from database 
[SYS] 2025/04/05 - 12:20:29 | syncing channels from database 
[SYS] 2025/04/05 - 12:20:29 | channels synced from database 
[SYS] 2025/04/05 - 12:20:29 | 任务进度轮询开始 
[SYS] 2025/04/05 - 12:20:29 | 任务进度轮询完成 
[SYS] 2025/04/05 - 12:20:30 | batch update started 
[SYS] 2025/04/05 - 12:20:30 | batch update finished 
[SYS] 2025/04/05 - 12:20:35 | batch update started 
[SYS] 2025/04/05 - 12:20:35 | batch update finished 
[SYS] 2025/04/05 - 12:20:40 | batch update started 
[SYS] 2025/04/05 - 12:20:40 | batch update finished 
[SYS] 2025/04/05 - 12:20:44 | 任务进度轮询开始 
[SYS] 2025/04/05 - 12:20:44 | 任务进度轮询完成 
[SYS] 2025/04/05 - 12:20:45 | batch update started 
[SYS] 2025/04/05 - 12:20:45 | batch update finished 
[SYS] 2025/04/05 - 12:20:50 | batch update started 
[SYS] 2025/04/05 - 12:20:50 | batch update finished 
[SYS] 2025/04/05 - 12:20:55 | batch update started 
[SYS] 2025/04/05 - 12:20:55 | batch update finished 
[SYS] 2025/04/05 - 12:20:59 | 任务进度轮询开始 
[SYS] 2025/04/05 - 12:20:59 | 任务进度轮询完成 
[SYS] 2025/04/05 - 12:21:00 | batch update started 
[SYS] 2025/04/05 - 12:21:00 | batch update finished 
[SYS] 2025/04/05 - 12:21:06 | batch update started 
[SYS] 2025/04/05 - 12:21:06 | batch update finished 
[SYS] 2025/04/05 - 12:21:11 | batch update started 
[SYS] 2025/04/05 - 12:21:11 | batch update finished 
[SYS] 2025/04/05 - 12:21:16 | 任务进度轮询开始 
[SYS] 2025/04/05 - 12:21:16 | 任务进度轮询完成 
[SYS] 2025/04/05 - 12:21:16 | batch update started 
[SYS] 2025/04/05 - 12:21:16 | batch update finished 
[SYS] 2025/04/05 - 12:21:21 | batch update started 
[SYS] 2025/04/05 - 12:21:21 | batch update finished 
[SYS] 2025/04/05 - 12:21:26 | batch update started 
[SYS] 2025/04/05 - 12:21:26 | batch update finished 
[SYS] 2025/04/05 - 12:21:31 | syncing options from database 
[SYS] 2025/04/05 - 12:21:31 | syncing channels from database 
[SYS] 2025/04/05 - 12:21:31 | channels synced from database 
[SYS] 2025/04/05 - 12:21:31 | 任务进度轮询开始 
[SYS] 2025/04/05 - 12:21:31 | 任务进度轮询完成 
[SYS] 2025/04/05 - 12:21:31 | batch update started 
[SYS] 2025/04/05 - 12:21:31 | batch update finished 
[SYS] 2025/04/05 - 12:21:37 | batch update started 
[SYS] 2025/04/05 - 12:21:37 | batch update finished 
[SYS] 2025/04/05 - 12:21:42 | batch update started 
[SYS] 2025/04/05 - 12:21:42 | batch update finished 
[SYS] 2025/04/05 - 12:21:47 | 任务进度轮询开始 
[SYS] 2025/04/05 - 12:21:47 | 任务进度轮询完成 
[SYS] 2025/04/05 - 12:21:47 | batch update started 
[SYS] 2025/04/05 - 12:21:47 | batch update finished 
[SYS] 2025/04/05 - 12:21:52 | batch update started 
[SYS] 2025/04/05 - 12:21:52 | batch update finished 
[SYS] 2025/04/05 - 12:21:57 | batch update started 
[SYS] 2025/04/05 - 12:21:57 | batch update finished 
[SYS] 2025/04/05 - 12:22:02 | 任务进度轮询开始 
[SYS] 2025/04/05 - 12:22:02 | 任务进度轮询完成 
[SYS] 2025/04/05 - 12:22:02 | batch update started 
[SYS] 2025/04/05 - 12:22:02 | batch update finished 
[SYS] 2025/04/05 - 12:22:07 | batch update started 
[SYS] 2025/04/05 - 12:22:07 | batch update finished 
[GIN] 2025/04/05 - 12:22:10 | 20250405122210110380720tNmIVpdY | 200 |    5.780624ms |             ::1 |    POST /api/user/amount
[SYS] 2025/04/05 - 12:22:13 | batch update started 
[SYS] 2025/04/05 - 12:22:13 | batch update finished 
[GIN] 2025/04/05 - 12:22:14 | 20250405122214701977528KFqDsUJc | 200 |   15.646972ms |             ::1 |    POST /api/user/amount
[GIN] 2025/04/05 - 12:22:16 | 20250405122216611229539tVSvWD9N | 200 |    3.052114ms |             ::1 |    POST /api/user/amount
[SYS] 2025/04/05 - 12:22:18 | 任务进度轮询开始 
[SYS] 2025/04/05 - 12:22:18 | 任务进度轮询完成 
[SYS] 2025/04/05 - 12:22:18 | batch update started 
[SYS] 2025/04/05 - 12:22:18 | batch update finished 
[GIN] 2025/04/05 - 12:22:20 | 2025040512222023255374950k9givj | 200 |     2.28933ms |             ::1 |    POST /api/user/pay
[SYS] 2025/04/05 - 12:22:23 | batch update started 
[SYS] 2025/04/05 - 12:22:23 | batch update finished 
[GIN] 2025/04/05 - 12:22:24 | 20250405122224642613600Ya7TxXPa | 200 |    2.381022ms |             ::1 |    POST /api/user/amount
[GIN] 2025/04/05 - 12:22:27 | 20250405122227512724889otuW4tCs | 200 |    2.076159ms |             ::1 |    POST /api/user/amount
[SYS] 2025/04/05 - 12:22:28 | batch update started 
[SYS] 2025/04/05 - 12:22:28 | batch update finished 
[GIN] 2025/04/05 - 12:22:29 | 2025040512222931962753xJc1kn5e | 200 |    2.327259ms |             ::1 |    POST /api/user/pay
[SYS] 2025/04/05 - 12:22:33 | syncing options from database 
[SYS] 2025/04/05 - 12:22:33 | syncing channels from database 
[SYS] 2025/04/05 - 12:22:33 | channels synced from database 
[SYS] 2025/04/05 - 12:22:33 | 任务进度轮询开始 
[SYS] 2025/04/05 - 12:22:33 | 任务进度轮询完成 
[SYS] 2025/04/05 - 12:22:33 | batch update started 
[SYS] 2025/04/05 - 12:22:33 | batch update finished 
[SYS] 2025/04/05 - 12:22:38 | batch update started 
[SYS] 2025/04/05 - 12:22:38 | batch update finished 
[SYS] 2025/04/05 - 12:22:45 | batch update started 
[SYS] 2025/04/05 - 12:22:45 | batch update finished 
[SYS] 2025/04/05 - 12:22:49 | 任务进度轮询开始 
[SYS] 2025/04/05 - 12:22:49 | 任务进度轮询完成 
[SYS] 2025/04/05 - 12:22:50 | batch update started 
[SYS] 2025/04/05 - 12:22:50 | batch update finished 
[SYS] 2025/04/05 - 12:22:55 | batch update started 
[SYS] 2025/04/05 - 12:22:55 | batch update finished 
[SYS] 2025/04/05 - 12:23:00 | batch update started 
[SYS] 2025/04/05 - 12:23:00 | batch update finished 
[SYS] 2025/04/05 - 12:23:04 | 任务进度轮询开始 
[SYS] 2025/04/05 - 12:23:04 | 任务进度轮询完成 
[SYS] 2025/04/05 - 12:23:05 | batch update started 
[SYS] 2025/04/05 - 12:23:05 | batch update finished 
[SYS] 2025/04/05 - 12:23:10 | batch update started 
[SYS] 2025/04/05 - 12:23:10 | batch update finished 
[SYS] 2025/04/05 - 12:23:16 | batch update started 
[SYS] 2025/04/05 - 12:23:16 | batch update finished 
[SYS] 2025/04/05 - 12:23:21 | 任务进度轮询开始 
[SYS] 2025/04/05 - 12:23:21 | 任务进度轮询完成 
[SYS] 2025/04/05 - 12:23:21 | batch update started 
[SYS] 2025/04/05 - 12:23:21 | batch update finished 
[SYS] 2025/04/05 - 12:23:26 | batch update started 
[SYS] 2025/04/05 - 12:23:26 | batch update finished 
[SYS] 2025/04/05 - 12:23:31 | batch update started 
[SYS] 2025/04/05 - 12:23:31 | batch update finished 
[SYS] 2025/04/05 - 12:23:36 | syncing options from database 
[SYS] 2025/04/05 - 12:23:36 | syncing channels from database 
[SYS] 2025/04/05 - 12:23:36 | channels synced from database 
[SYS] 2025/04/05 - 12:23:36 | 任务进度轮询开始 
[SYS] 2025/04/05 - 12:23:36 | 任务进度轮询完成 
[SYS] 2025/04/05 - 12:23:36 | batch update started 
[SYS] 2025/04/05 - 12:23:36 | batch update finished 
[SYS] 2025/04/05 - 12:23:41 | batch update started 
[SYS] 2025/04/05 - 12:23:41 | batch update finished 
[SYS] 2025/04/05 - 12:23:46 | batch update started 
[SYS] 2025/04/05 - 12:23:46 | batch update finished 
[SYS] 2025/04/05 - 12:23:52 | 任务进度轮询开始 
[SYS] 2025/04/05 - 12:23:52 | 任务进度轮询完成 
[SYS] 2025/04/05 - 12:23:52 | batch update started 
[SYS] 2025/04/05 - 12:23:52 | batch update finished 
[SYS] 2025/04/05 - 12:23:57 | batch update started 
[SYS] 2025/04/05 - 12:23:57 | batch update finished 
[SYS] 2025/04/05 - 12:24:02 | batch update started 
[SYS] 2025/04/05 - 12:24:02 | batch update finished 
[SYS] 2025/04/05 - 12:24:07 | 任务进度轮询开始 
[SYS] 2025/04/05 - 12:24:07 | 任务进度轮询完成 
[SYS] 2025/04/05 - 12:24:07 | batch update started 
[SYS] 2025/04/05 - 12:24:07 | batch update finished 
[SYS] 2025/04/05 - 12:24:12 | batch update started 
[SYS] 2025/04/05 - 12:24:12 | batch update finished 
[SYS] 2025/04/05 - 12:24:17 | batch update started 
[SYS] 2025/04/05 - 12:24:17 | batch update finished 
[SYS] 2025/04/05 - 12:24:23 | 任务进度轮询开始 
[SYS] 2025/04/05 - 12:24:23 | 任务进度轮询完成 
[SYS] 2025/04/05 - 12:24:23 | batch update started 
[SYS] 2025/04/05 - 12:24:23 | batch update finished 
[SYS] 2025/04/05 - 12:24:28 | batch update started 
[SYS] 2025/04/05 - 12:24:28 | batch update finished 
[SYS] 2025/04/05 - 12:24:33 | batch update started 
[SYS] 2025/04/05 - 12:24:33 | batch update finished 
[SYS] 2025/04/05 - 12:24:38 | syncing options from database 
[SYS] 2025/04/05 - 12:24:38 | syncing channels from database 
[SYS] 2025/04/05 - 12:24:38 | channels synced from database 
[SYS] 2025/04/05 - 12:24:38 | 任务进度轮询开始 
[SYS] 2025/04/05 - 12:24:38 | 任务进度轮询完成 
[SYS] 2025/04/05 - 12:24:38 | batch update started 
[SYS] 2025/04/05 - 12:24:38 | batch update finished 
[SYS] 2025/04/05 - 12:24:43 | batch update started 
[SYS] 2025/04/05 - 12:24:43 | batch update finished 
[SYS] 2025/04/05 - 12:24:48 | batch update started 
[SYS] 2025/04/05 - 12:24:48 | batch update finished 
[SYS] 2025/04/05 - 12:24:53 | 任务进度轮询开始 
[SYS] 2025/04/05 - 12:24:53 | 任务进度轮询完成 
[SYS] 2025/04/05 - 12:24:53 | batch update started 
[SYS] 2025/04/05 - 12:24:53 | batch update finished 
[SYS] 2025/04/05 - 12:25:00 | batch update started 
[SYS] 2025/04/05 - 12:25:00 | batch update finished 
[SYS] 2025/04/05 - 12:25:05 | batch update started 
[SYS] 2025/04/05 - 12:25:05 | batch update finished 
[SYS] 2025/04/05 - 12:25:09 | 任务进度轮询开始 
[SYS] 2025/04/05 - 12:25:09 | 任务进度轮询完成 
[SYS] 2025/04/05 - 12:25:10 | batch update started 
[SYS] 2025/04/05 - 12:25:10 | batch update finished 
[SYS] 2025/04/05 - 12:25:15 | batch update started 
[SYS] 2025/04/05 - 12:25:15 | batch update finished 
[SYS] 2025/04/05 - 12:25:20 | batch update started 
[SYS] 2025/04/05 - 12:25:20 | batch update finished 
[SYS] 2025/04/05 - 12:25:24 | 任务进度轮询开始 
[SYS] 2025/04/05 - 12:25:24 | 任务进度轮询完成 
[SYS] 2025/04/05 - 12:25:25 | batch update started 
[SYS] 2025/04/05 - 12:25:25 | batch update finished 
[SYS] 2025/04/05 - 12:25:31 | batch update started 
[SYS] 2025/04/05 - 12:25:31 | batch update finished 
[SYS] 2025/04/05 - 12:25:36 | batch update started 
[SYS] 2025/04/05 - 12:25:36 | batch update finished 
[SYS] 2025/04/05 - 12:25:41 | testing all channels 
[SYS] 2025/04/05 - 12:25:41 | channel test finished 
[SYS] 2025/04/05 - 12:25:41 | 正在更新数据看板数据... 
[SYS] 2025/04/05 - 12:25:41 | 保存数据看板数据成功，共保存0条数据 
[SYS] 2025/04/05 - 12:25:41 | syncing options from database 
[SYS] 2025/04/05 - 12:25:41 | syncing channels from database 
[SYS] 2025/04/05 - 12:25:41 | channels synced from database 
[SYS] 2025/04/05 - 12:25:41 | 任务进度轮询开始 
[SYS] 2025/04/05 - 12:25:41 | 任务进度轮询完成 
[SYS] 2025/04/05 - 12:25:41 | batch update started 
[SYS] 2025/04/05 - 12:25:41 | batch update finished 
[SYS] 2025/04/05 - 12:25:46 | batch update started 
[SYS] 2025/04/05 - 12:25:46 | batch update finished 
[SYS] 2025/04/05 - 12:25:51 | batch update started 
[SYS] 2025/04/05 - 12:25:51 | batch update finished 
[SYS] 2025/04/05 - 12:25:56 | 任务进度轮询开始 
[SYS] 2025/04/05 - 12:25:56 | 任务进度轮询完成 
[SYS] 2025/04/05 - 12:25:56 | batch update started 
[SYS] 2025/04/05 - 12:25:56 | batch update finished 
[SYS] 2025/04/05 - 12:26:01 | batch update started 
[SYS] 2025/04/05 - 12:26:01 | batch update finished 
[SYS] 2025/04/05 - 12:26:07 | batch update started 
[SYS] 2025/04/05 - 12:26:07 | batch update finished 
[SYS] 2025/04/05 - 12:26:12 | 任务进度轮询开始 
[SYS] 2025/04/05 - 12:26:12 | 任务进度轮询完成 
[SYS] 2025/04/05 - 12:26:12 | batch update started 
[SYS] 2025/04/05 - 12:26:12 | batch update finished 
[SYS] 2025/04/05 - 12:26:17 | batch update started 
[SYS] 2025/04/05 - 12:26:17 | batch update finished 
[SYS] 2025/04/05 - 12:26:22 | batch update started 
[SYS] 2025/04/05 - 12:26:22 | batch update finished 
[SYS] 2025/04/05 - 12:26:27 | 任务进度轮询开始 
[SYS] 2025/04/05 - 12:26:27 | 任务进度轮询完成 
[SYS] 2025/04/05 - 12:26:27 | batch update started 
[SYS] 2025/04/05 - 12:26:27 | batch update finished 
[SYS] 2025/04/05 - 12:26:32 | batch update started 
[SYS] 2025/04/05 - 12:26:32 | batch update finished 
[SYS] 2025/04/05 - 12:26:38 | batch update started 
[SYS] 2025/04/05 - 12:26:38 | batch update finished 
[SYS] 2025/04/05 - 12:26:43 | syncing options from database 
[SYS] 2025/04/05 - 12:26:43 | syncing channels from database 
[SYS] 2025/04/05 - 12:26:43 | channels synced from database 
[SYS] 2025/04/05 - 12:26:43 | 任务进度轮询开始 
[SYS] 2025/04/05 - 12:26:43 | 任务进度轮询完成 
[SYS] 2025/04/05 - 12:26:43 | batch update started 
[SYS] 2025/04/05 - 12:26:43 | batch update finished 
[SYS] 2025/04/05 - 12:26:48 | batch update started 
[SYS] 2025/04/05 - 12:26:48 | batch update finished 
[SYS] 2025/04/05 - 12:26:53 | batch update started 
[SYS] 2025/04/05 - 12:26:53 | batch update finished 
[SYS] 2025/04/05 - 12:26:58 | 任务进度轮询开始 
[SYS] 2025/04/05 - 12:26:58 | 任务进度轮询完成 
[SYS] 2025/04/05 - 12:26:58 | batch update started 
[SYS] 2025/04/05 - 12:26:58 | batch update finished 
[SYS] 2025/04/05 - 12:27:03 | batch update started 
[SYS] 2025/04/05 - 12:27:03 | batch update finished 
[SYS] 2025/04/05 - 12:27:08 | batch update started 
[SYS] 2025/04/05 - 12:27:08 | batch update finished 
[SYS] 2025/04/05 - 12:27:14 | 任务进度轮询开始 
[SYS] 2025/04/05 - 12:27:14 | 任务进度轮询完成 
[SYS] 2025/04/05 - 12:27:14 | batch update started 
[SYS] 2025/04/05 - 12:27:14 | batch update finished 
[SYS] 2025/04/05 - 12:27:19 | batch update started 
[SYS] 2025/04/05 - 12:27:19 | batch update finished 
[SYS] 2025/04/05 - 12:27:24 | batch update started 
[SYS] 2025/04/05 - 12:27:24 | batch update finished 
[SYS] 2025/04/05 - 12:27:29 | 任务进度轮询开始 
[SYS] 2025/04/05 - 12:27:29 | 任务进度轮询完成 
[SYS] 2025/04/05 - 12:27:29 | batch update started 
[SYS] 2025/04/05 - 12:27:29 | batch update finished 
[SYS] 2025/04/05 - 12:27:34 | batch update started 
[SYS] 2025/04/05 - 12:27:34 | batch update finished 
[SYS] 2025/04/05 - 12:27:39 | batch update started 
[SYS] 2025/04/05 - 12:27:39 | batch update finished 
[SYS] 2025/04/05 - 12:27:45 | syncing options from database 
[SYS] 2025/04/05 - 12:27:45 | syncing channels from database 
[SYS] 2025/04/05 - 12:27:45 | channels synced from database 
[SYS] 2025/04/05 - 12:27:46 | 任务进度轮询开始 
[SYS] 2025/04/05 - 12:27:46 | 任务进度轮询完成 
[SYS] 2025/04/05 - 12:27:46 | batch update started 
[SYS] 2025/04/05 - 12:27:46 | batch update finished 
[SYS] 2025/04/05 - 12:27:51 | batch update started 
[SYS] 2025/04/05 - 12:27:51 | batch update finished 
[SYS] 2025/04/05 - 12:27:56 | batch update started 
[SYS] 2025/04/05 - 12:27:56 | batch update finished 
[SYS] 2025/04/05 - 12:28:01 | 任务进度轮询开始 
[SYS] 2025/04/05 - 12:28:01 | 任务进度轮询完成 
[SYS] 2025/04/05 - 12:28:01 | batch update started 
[SYS] 2025/04/05 - 12:28:01 | batch update finished 
[SYS] 2025/04/05 - 12:28:06 | batch update started 
[SYS] 2025/04/05 - 12:28:06 | batch update finished 
[SYS] 2025/04/05 - 12:28:11 | batch update started 
[SYS] 2025/04/05 - 12:28:11 | batch update finished 
[SYS] 2025/04/05 - 12:28:16 | 任务进度轮询开始 
[SYS] 2025/04/05 - 12:28:16 | 任务进度轮询完成 
[SYS] 2025/04/05 - 12:28:16 | batch update started 
[SYS] 2025/04/05 - 12:28:16 | batch update finished 
[SYS] 2025/04/05 - 12:28:22 | batch update started 
[SYS] 2025/04/05 - 12:28:22 | batch update finished 
[SYS] 2025/04/05 - 12:28:27 | batch update started 
[SYS] 2025/04/05 - 12:28:27 | batch update finished 
[SYS] 2025/04/05 - 12:28:32 | 任务进度轮询开始 
[SYS] 2025/04/05 - 12:28:32 | 任务进度轮询完成 
[SYS] 2025/04/05 - 12:28:32 | batch update started 
[SYS] 2025/04/05 - 12:28:32 | batch update finished 
[SYS] 2025/04/05 - 12:28:37 | batch update started 
[SYS] 2025/04/05 - 12:28:37 | batch update finished 
[SYS] 2025/04/05 - 12:28:42 | batch update started 
[SYS] 2025/04/05 - 12:28:42 | batch update finished 
[SYS] 2025/04/05 - 12:28:47 | syncing options from database 
[SYS] 2025/04/05 - 12:28:47 | syncing channels from database 
[SYS] 2025/04/05 - 12:28:47 | channels synced from database 
[SYS] 2025/04/05 - 12:28:47 | 任务进度轮询开始 
[SYS] 2025/04/05 - 12:28:47 | 任务进度轮询完成 
[SYS] 2025/04/05 - 12:28:47 | batch update started 
[SYS] 2025/04/05 - 12:28:47 | batch update finished 
[SYS] 2025/04/05 - 12:28:53 | batch update started 
[SYS] 2025/04/05 - 12:28:53 | batch update finished 
[SYS] 2025/04/05 - 12:28:58 | batch update started 
[SYS] 2025/04/05 - 12:28:58 | batch update finished 
[SYS] 2025/04/05 - 12:29:03 | 任务进度轮询开始 
[SYS] 2025/04/05 - 12:29:03 | 任务进度轮询完成 
[SYS] 2025/04/05 - 12:29:03 | batch update started 
[SYS] 2025/04/05 - 12:29:03 | batch update finished 
[SYS] 2025/04/05 - 12:29:08 | batch update started 
[SYS] 2025/04/05 - 12:29:08 | batch update finished 
[SYS] 2025/04/05 - 12:29:13 | batch update started 
[SYS] 2025/04/05 - 12:29:13 | batch update finished 
[SYS] 2025/04/05 - 12:29:18 | 任务进度轮询开始 
[SYS] 2025/04/05 - 12:29:18 | 任务进度轮询完成 
[SYS] 2025/04/05 - 12:29:18 | batch update started 
[SYS] 2025/04/05 - 12:29:18 | batch update finished 
[SYS] 2025/04/05 - 12:29:24 | batch update started 
[SYS] 2025/04/05 - 12:29:24 | batch update finished 
[SYS] 2025/04/05 - 12:29:29 | batch update started 
[SYS] 2025/04/05 - 12:29:29 | batch update finished 
[SYS] 2025/04/05 - 12:29:34 | 任务进度轮询开始 
[SYS] 2025/04/05 - 12:29:34 | 任务进度轮询完成 
[SYS] 2025/04/05 - 12:29:34 | batch update started 
[SYS] 2025/04/05 - 12:29:34 | batch update finished 
[SYS] 2025/04/05 - 12:29:39 | batch update started 
[SYS] 2025/04/05 - 12:29:39 | batch update finished 
[SYS] 2025/04/05 - 12:29:44 | batch update started 
[SYS] 2025/04/05 - 12:29:44 | batch update finished 
[SYS] 2025/04/05 - 12:29:49 | syncing options from database 
[SYS] 2025/04/05 - 12:29:49 | syncing channels from database 
[SYS] 2025/04/05 - 12:29:49 | channels synced from database 
[SYS] 2025/04/05 - 12:29:49 | 任务进度轮询开始 
[SYS] 2025/04/05 - 12:29:49 | 任务进度轮询完成 
[SYS] 2025/04/05 - 12:29:49 | batch update started 
[SYS] 2025/04/05 - 12:29:49 | batch update finished 
[SYS] 2025/04/05 - 12:29:54 | batch update started 
[SYS] 2025/04/05 - 12:29:54 | batch update finished 
[SYS] 2025/04/05 - 12:30:00 | batch update started 
[SYS] 2025/04/05 - 12:30:00 | batch update finished 
[SYS] 2025/04/05 - 12:30:05 | 任务进度轮询开始 
[SYS] 2025/04/05 - 12:30:05 | 任务进度轮询完成 
[SYS] 2025/04/05 - 12:30:05 | batch update started 
[SYS] 2025/04/05 - 12:30:05 | batch update finished 
[SYS] 2025/04/05 - 12:30:10 | batch update started 
[SYS] 2025/04/05 - 12:30:10 | batch update finished 
[SYS] 2025/04/05 - 12:30:15 | batch update started 
[SYS] 2025/04/05 - 12:30:15 | batch update finished 
[SYS] 2025/04/05 - 12:30:20 | 任务进度轮询开始 
[SYS] 2025/04/05 - 12:30:20 | 任务进度轮询完成 
[SYS] 2025/04/05 - 12:30:20 | batch update started 
[SYS] 2025/04/05 - 12:30:20 | batch update finished 
[SYS] 2025/04/05 - 12:30:25 | batch update started 
[SYS] 2025/04/05 - 12:30:25 | batch update finished 
[SYS] 2025/04/05 - 12:30:32 | batch update started 
[SYS] 2025/04/05 - 12:30:32 | batch update finished 
[SYS] 2025/04/05 - 12:30:36 | 任务进度轮询开始 
[SYS] 2025/04/05 - 12:30:36 | 任务进度轮询完成 
[SYS] 2025/04/05 - 12:30:37 | batch update started 
[SYS] 2025/04/05 - 12:30:37 | batch update finished 
[SYS] 2025/04/05 - 12:30:42 | batch update started 
[SYS] 2025/04/05 - 12:30:42 | batch update finished 
[SYS] 2025/04/05 - 12:30:47 | batch update started 
[SYS] 2025/04/05 - 12:30:47 | batch update finished 
[SYS] 2025/04/05 - 12:30:51 | 正在更新数据看板数据... 
[SYS] 2025/04/05 - 12:30:51 | syncing options from database 
[SYS] 2025/04/05 - 12:30:51 | syncing channels from database 
[SYS] 2025/04/05 - 12:30:51 | 保存数据看板数据成功，共保存0条数据 
[SYS] 2025/04/05 - 12:30:51 | 任务进度轮询开始 
[SYS] 2025/04/05 - 12:30:52 | channels synced from database 
[SYS] 2025/04/05 - 12:30:52 | batch update started 
[SYS] 2025/04/05 - 12:30:52 | batch update finished 
[SYS] 2025/04/05 - 12:30:52 | 任务进度轮询完成 
[SYS] 2025/04/05 - 12:30:57 | batch update started 
[SYS] 2025/04/05 - 12:30:57 | batch update finished 
[SYS] 2025/04/05 - 12:31:02 | batch update started 
[SYS] 2025/04/05 - 12:31:02 | batch update finished 
[SYS] 2025/04/05 - 12:31:08 | batch update started 
[SYS] 2025/04/05 - 12:31:08 | batch update finished 
[SYS] 2025/04/05 - 12:31:08 | 任务进度轮询开始 
[SYS] 2025/04/05 - 12:31:08 | 任务进度轮询完成 
[SYS] 2025/04/05 - 12:31:13 | batch update started 
[SYS] 2025/04/05 - 12:31:13 | batch update finished 
[SYS] 2025/04/05 - 12:31:18 | batch update started 
[SYS] 2025/04/05 - 12:31:18 | batch update finished 
[SYS] 2025/04/05 - 12:31:23 | batch update started 
[SYS] 2025/04/05 - 12:31:23 | batch update finished 
[SYS] 2025/04/05 - 12:31:23 | 任务进度轮询开始 
[SYS] 2025/04/05 - 12:31:23 | 任务进度轮询完成 
[SYS] 2025/04/05 - 12:31:28 | batch update started 
[SYS] 2025/04/05 - 12:31:28 | batch update finished 
[SYS] 2025/04/05 - 12:31:33 | batch update started 
[SYS] 2025/04/05 - 12:31:33 | batch update finished 
[SYS] 2025/04/05 - 12:31:39 | batch update started 
[SYS] 2025/04/05 - 12:31:39 | batch update finished 
[SYS] 2025/04/05 - 12:31:39 | 任务进度轮询开始 
[SYS] 2025/04/05 - 12:31:39 | 任务进度轮询完成 
[SYS] 2025/04/05 - 12:31:44 | batch update started 
[SYS] 2025/04/05 - 12:31:44 | batch update finished 
[SYS] 2025/04/05 - 12:31:49 | batch update started 
[SYS] 2025/04/05 - 12:31:49 | batch update finished 
[SYS] 2025/04/05 - 12:31:54 | syncing options from database 
[SYS] 2025/04/05 - 12:31:54 | syncing channels from database 
[SYS] 2025/04/05 - 12:31:54 | channels synced from database 
[SYS] 2025/04/05 - 12:31:54 | batch update started 
[SYS] 2025/04/05 - 12:31:54 | batch update finished 
[SYS] 2025/04/05 - 12:31:54 | 任务进度轮询开始 
[SYS] 2025/04/05 - 12:31:54 | 任务进度轮询完成 
[SYS] 2025/04/05 - 12:31:59 | batch update started 
[SYS] 2025/04/05 - 12:31:59 | batch update finished 
[SYS] 2025/04/05 - 12:32:04 | batch update started 
[SYS] 2025/04/05 - 12:32:04 | batch update finished 
[SYS] 2025/04/05 - 12:32:09 | batch update started 
[SYS] 2025/04/05 - 12:32:09 | batch update finished 
[SYS] 2025/04/05 - 12:32:09 | 任务进度轮询开始 
[SYS] 2025/04/05 - 12:32:09 | 任务进度轮询完成 
[SYS] 2025/04/05 - 12:32:15 | batch update started 
[SYS] 2025/04/05 - 12:32:15 | batch update finished 
[SYS] 2025/04/05 - 12:32:20 | batch update started 
[SYS] 2025/04/05 - 12:32:20 | batch update finished 
[SYS] 2025/04/05 - 12:32:25 | batch update started 
[SYS] 2025/04/05 - 12:32:25 | batch update finished 
[SYS] 2025/04/05 - 12:32:25 | 任务进度轮询开始 
[SYS] 2025/04/05 - 12:32:25 | 任务进度轮询完成 
[SYS] 2025/04/05 - 12:32:30 | batch update started 
[SYS] 2025/04/05 - 12:32:30 | batch update finished 
[SYS] 2025/04/05 - 12:32:35 | batch update started 
[SYS] 2025/04/05 - 12:32:35 | batch update finished 
[SYS] 2025/04/05 - 12:32:40 | batch update started 
[SYS] 2025/04/05 - 12:32:40 | batch update finished 
[SYS] 2025/04/05 - 12:32:40 | 任务进度轮询开始 
[SYS] 2025/04/05 - 12:32:40 | 任务进度轮询完成 
[SYS] 2025/04/05 - 12:32:46 | batch update started 
[SYS] 2025/04/05 - 12:32:46 | batch update finished 
[SYS] 2025/04/05 - 12:32:51 | batch update started 
[SYS] 2025/04/05 - 12:32:51 | batch update finished 
[SYS] 2025/04/05 - 12:32:56 | syncing options from database 
[SYS] 2025/04/05 - 12:32:56 | syncing channels from database 
[SYS] 2025/04/05 - 12:32:56 | channels synced from database 
[SYS] 2025/04/05 - 12:32:56 | batch update started 
[SYS] 2025/04/05 - 12:32:56 | batch update finished 
[SYS] 2025/04/05 - 12:32:56 | 任务进度轮询开始 
[SYS] 2025/04/05 - 12:32:56 | 任务进度轮询完成 
[SYS] 2025/04/05 - 12:33:01 | batch update started 
[SYS] 2025/04/05 - 12:33:01 | batch update finished 
[SYS] 2025/04/05 - 12:33:06 | batch update started 
[SYS] 2025/04/05 - 12:33:06 | batch update finished 
[SYS] 2025/04/05 - 12:33:11 | batch update started 
[SYS] 2025/04/05 - 12:33:11 | batch update finished 
[SYS] 2025/04/05 - 12:33:11 | 任务进度轮询开始 
[SYS] 2025/04/05 - 12:33:11 | 任务进度轮询完成 
[SYS] 2025/04/05 - 12:33:16 | batch update started 
[SYS] 2025/04/05 - 12:33:16 | batch update finished 
[SYS] 2025/04/05 - 12:33:22 | batch update started 
[SYS] 2025/04/05 - 12:33:22 | batch update finished 
[SYS] 2025/04/05 - 12:33:27 | batch update started 
[SYS] 2025/04/05 - 12:33:27 | batch update finished 
[SYS] 2025/04/05 - 12:33:27 | 任务进度轮询开始 
[SYS] 2025/04/05 - 12:33:27 | 任务进度轮询完成 
[SYS] 2025/04/05 - 12:33:32 | batch update started 
[SYS] 2025/04/05 - 12:33:32 | batch update finished 
[SYS] 2025/04/05 - 12:33:37 | batch update started 
[SYS] 2025/04/05 - 12:33:37 | batch update finished 
[SYS] 2025/04/05 - 12:33:42 | batch update started 
[SYS] 2025/04/05 - 12:33:42 | batch update finished 
[SYS] 2025/04/05 - 12:33:42 | 任务进度轮询开始 
[SYS] 2025/04/05 - 12:33:42 | 任务进度轮询完成 
[SYS] 2025/04/05 - 12:33:47 | batch update started 
[SYS] 2025/04/05 - 12:33:47 | batch update finished 
[SYS] 2025/04/05 - 12:33:53 | batch update started 
[SYS] 2025/04/05 - 12:33:53 | batch update finished 
[SYS] 2025/04/05 - 12:33:58 | syncing options from database 
[SYS] 2025/04/05 - 12:33:58 | syncing channels from database 
[SYS] 2025/04/05 - 12:33:58 | channels synced from database 
[SYS] 2025/04/05 - 12:33:58 | batch update started 
[SYS] 2025/04/05 - 12:33:58 | batch update finished 
[SYS] 2025/04/05 - 12:33:58 | 任务进度轮询开始 
[SYS] 2025/04/05 - 12:33:58 | 任务进度轮询完成 
[SYS] 2025/04/05 - 12:34:03 | batch update started 
[SYS] 2025/04/05 - 12:34:03 | batch update finished 
[SYS] 2025/04/05 - 12:34:08 | batch update started 
[SYS] 2025/04/05 - 12:34:08 | batch update finished 
[SYS] 2025/04/05 - 12:34:13 | batch update started 
[SYS] 2025/04/05 - 12:34:13 | batch update finished 
[SYS] 2025/04/05 - 12:34:13 | 任务进度轮询开始 
[SYS] 2025/04/05 - 12:34:13 | 任务进度轮询完成 
[SYS] 2025/04/05 - 12:34:18 | batch update started 
[SYS] 2025/04/05 - 12:34:18 | batch update finished 
[SYS] 2025/04/05 - 12:34:23 | batch update started 
[SYS] 2025/04/05 - 12:34:23 | batch update finished 
[SYS] 2025/04/05 - 12:34:29 | batch update started 
[SYS] 2025/04/05 - 12:34:29 | batch update finished 
[SYS] 2025/04/05 - 12:34:29 | 任务进度轮询开始 
[SYS] 2025/04/05 - 12:34:29 | 任务进度轮询完成 
[SYS] 2025/04/05 - 12:34:34 | batch update started 
[SYS] 2025/04/05 - 12:34:34 | batch update finished 
[SYS] 2025/04/05 - 12:34:39 | batch update started 
[SYS] 2025/04/05 - 12:34:39 | batch update finished 
[SYS] 2025/04/05 - 12:34:44 | batch update started 
[SYS] 2025/04/05 - 12:34:44 | batch update finished 
[SYS] 2025/04/05 - 12:34:44 | 任务进度轮询开始 
[SYS] 2025/04/05 - 12:34:44 | 任务进度轮询完成 
[SYS] 2025/04/05 - 12:34:49 | batch update started 
[SYS] 2025/04/05 - 12:34:49 | batch update finished 
[SYS] 2025/04/05 - 12:34:54 | batch update started 
[SYS] 2025/04/05 - 12:34:54 | batch update finished 
[SYS] 2025/04/05 - 12:35:00 | syncing options from database 
[SYS] 2025/04/05 - 12:35:00 | syncing channels from database 
[SYS] 2025/04/05 - 12:35:00 | channels synced from database 
[SYS] 2025/04/05 - 12:35:00 | batch update started 
[SYS] 2025/04/05 - 12:35:00 | batch update finished 
[SYS] 2025/04/05 - 12:35:00 | 任务进度轮询开始 
[SYS] 2025/04/05 - 12:35:00 | 任务进度轮询完成 
[SYS] 2025/04/05 - 12:35:05 | batch update started 
[SYS] 2025/04/05 - 12:35:05 | batch update finished 
[SYS] 2025/04/05 - 12:35:10 | batch update started 
[SYS] 2025/04/05 - 12:35:10 | batch update finished 
[SYS] 2025/04/05 - 12:35:15 | batch update started 
[SYS] 2025/04/05 - 12:35:15 | batch update finished 
[SYS] 2025/04/05 - 12:35:15 | 任务进度轮询开始 
[SYS] 2025/04/05 - 12:35:15 | 任务进度轮询完成 
[SYS] 2025/04/05 - 12:35:20 | batch update started 
[SYS] 2025/04/05 - 12:35:20 | batch update finished 
[SYS] 2025/04/05 - 12:35:25 | batch update started 
[SYS] 2025/04/05 - 12:35:25 | batch update finished 
[SYS] 2025/04/05 - 12:35:31 | batch update started 
[SYS] 2025/04/05 - 12:35:31 | batch update finished 
[SYS] 2025/04/05 - 12:35:31 | 任务进度轮询开始 
[SYS] 2025/04/05 - 12:35:31 | 任务进度轮询完成 
[SYS] 2025/04/05 - 12:35:36 | batch update started 
[SYS] 2025/04/05 - 12:35:36 | batch update finished 
[SYS] 2025/04/05 - 12:35:41 | batch update started 
[SYS] 2025/04/05 - 12:35:41 | batch update finished 
[SYS] 2025/04/05 - 12:35:46 | batch update started 
[SYS] 2025/04/05 - 12:35:46 | batch update finished 
[SYS] 2025/04/05 - 12:35:46 | 任务进度轮询开始 
[SYS] 2025/04/05 - 12:35:46 | 任务进度轮询完成 
[SYS] 2025/04/05 - 12:35:51 | batch update started 
[SYS] 2025/04/05 - 12:35:51 | batch update finished 
[SYS] 2025/04/05 - 12:35:56 | batch update started 
[SYS] 2025/04/05 - 12:35:56 | batch update finished 
[SYS] 2025/04/05 - 12:36:01 | testing all channels 
[SYS] 2025/04/05 - 12:36:01 | channel test finished 
[SYS] 2025/04/05 - 12:36:01 | 正在更新数据看板数据... 
[SYS] 2025/04/05 - 12:36:01 | 保存数据看板数据成功，共保存0条数据 
[SYS] 2025/04/05 - 12:36:01 | syncing options from database 
[SYS] 2025/04/05 - 12:36:01 | syncing channels from database 
[SYS] 2025/04/05 - 12:36:01 | channels synced from database 
[SYS] 2025/04/05 - 12:36:01 | batch update started 
[SYS] 2025/04/05 - 12:36:01 | batch update finished 
[SYS] 2025/04/05 - 12:36:01 | 任务进度轮询开始 
[SYS] 2025/04/05 - 12:36:01 | 任务进度轮询完成 
[SYS] 2025/04/05 - 12:36:07 | batch update started 
[SYS] 2025/04/05 - 12:36:07 | batch update finished 
[SYS] 2025/04/05 - 12:36:12 | batch update started 
[SYS] 2025/04/05 - 12:36:12 | batch update finished 
[SYS] 2025/04/05 - 12:36:17 | batch update started 
[SYS] 2025/04/05 - 12:36:17 | batch update finished 
[SYS] 2025/04/05 - 12:36:17 | 任务进度轮询开始 
[SYS] 2025/04/05 - 12:36:17 | 任务进度轮询完成 
[SYS] 2025/04/05 - 12:36:22 | batch update started 
[SYS] 2025/04/05 - 12:36:22 | batch update finished 
[SYS] 2025/04/05 - 12:36:27 | batch update started 
[SYS] 2025/04/05 - 12:36:27 | batch update finished 
[SYS] 2025/04/05 - 12:36:32 | batch update started 
[SYS] 2025/04/05 - 12:36:32 | batch update finished 
[SYS] 2025/04/05 - 12:36:32 | 任务进度轮询开始 
[SYS] 2025/04/05 - 12:36:32 | 任务进度轮询完成 
[SYS] 2025/04/05 - 12:36:38 | batch update started 
[SYS] 2025/04/05 - 12:36:38 | batch update finished 
[SYS] 2025/04/05 - 12:36:43 | batch update started 
[SYS] 2025/04/05 - 12:36:43 | batch update finished 
[SYS] 2025/04/05 - 12:36:48 | batch update started 
[SYS] 2025/04/05 - 12:36:48 | batch update finished 
[SYS] 2025/04/05 - 12:36:48 | 任务进度轮询开始 
[SYS] 2025/04/05 - 12:36:48 | 任务进度轮询完成 
[SYS] 2025/04/05 - 12:36:53 | batch update started 
[SYS] 2025/04/05 - 12:36:53 | batch update finished 
[SYS] 2025/04/05 - 12:36:58 | batch update started 
[SYS] 2025/04/05 - 12:36:58 | batch update finished 
[SYS] 2025/04/05 - 12:37:03 | syncing options from database 
[SYS] 2025/04/05 - 12:37:03 | syncing channels from database 
[SYS] 2025/04/05 - 12:37:03 | channels synced from database 
[SYS] 2025/04/05 - 12:37:03 | batch update started 
[SYS] 2025/04/05 - 12:37:03 | batch update finished 
[SYS] 2025/04/05 - 12:37:03 | 任务进度轮询开始 
[SYS] 2025/04/05 - 12:37:03 | 任务进度轮询完成 
[SYS] 2025/04/05 - 12:37:08 | batch update started 
[SYS] 2025/04/05 - 12:37:08 | batch update finished 
[SYS] 2025/04/05 - 12:37:14 | batch update started 
[SYS] 2025/04/05 - 12:37:14 | batch update finished 
[SYS] 2025/04/05 - 12:37:19 | batch update started 
[SYS] 2025/04/05 - 12:37:19 | batch update finished 
[SYS] 2025/04/05 - 12:37:20 | 任务进度轮询开始 
[SYS] 2025/04/05 - 12:37:20 | 任务进度轮询完成 
[SYS] 2025/04/05 - 12:37:24 | batch update started 
[SYS] 2025/04/05 - 12:37:24 | batch update finished 
[SYS] 2025/04/05 - 12:37:29 | batch update started 
[SYS] 2025/04/05 - 12:37:29 | batch update finished 
[SYS] 2025/04/05 - 12:37:34 | batch update started 
[SYS] 2025/04/05 - 12:37:34 | batch update finished 
[SYS] 2025/04/05 - 12:37:35 | 任务进度轮询开始 
[SYS] 2025/04/05 - 12:37:35 | 任务进度轮询完成 
[SYS] 2025/04/05 - 12:37:39 | batch update started 
[SYS] 2025/04/05 - 12:37:39 | batch update finished 
[SYS] 2025/04/05 - 12:37:46 | batch update started 
[SYS] 2025/04/05 - 12:37:46 | batch update finished 
[SYS] 2025/04/05 - 12:37:51 | batch update started 
[SYS] 2025/04/05 - 12:37:51 | batch update finished 
[SYS] 2025/04/05 - 12:37:51 | 任务进度轮询开始 
[SYS] 2025/04/05 - 12:37:51 | 任务进度轮询完成 
[SYS] 2025/04/05 - 12:37:56 | batch update started 
[SYS] 2025/04/05 - 12:37:56 | batch update finished 
[SYS] 2025/04/05 - 12:38:01 | batch update started 
[SYS] 2025/04/05 - 12:38:01 | batch update finished 
[SYS] 2025/04/05 - 12:38:05 | syncing options from database 
[SYS] 2025/04/05 - 12:38:05 | syncing channels from database 
[SYS] 2025/04/05 - 12:38:05 | channels synced from database 
[SYS] 2025/04/05 - 12:38:06 | batch update started 
[SYS] 2025/04/05 - 12:38:06 | batch update finished 
[SYS] 2025/04/05 - 12:38:06 | 任务进度轮询开始 
[SYS] 2025/04/05 - 12:38:06 | 任务进度轮询完成 
[SYS] 2025/04/05 - 12:38:11 | batch update started 
[SYS] 2025/04/05 - 12:38:11 | batch update finished 
[SYS] 2025/04/05 - 12:38:16 | batch update started 
[SYS] 2025/04/05 - 12:38:16 | batch update finished 
[SYS] 2025/04/05 - 12:38:22 | batch update started 
[SYS] 2025/04/05 - 12:38:22 | batch update finished 
[SYS] 2025/04/05 - 12:38:22 | 任务进度轮询开始 
[SYS] 2025/04/05 - 12:38:22 | 任务进度轮询完成 
[SYS] 2025/04/05 - 12:38:27 | batch update started 
[SYS] 2025/04/05 - 12:38:27 | batch update finished 
[SYS] 2025/04/05 - 12:38:32 | batch update started 
[SYS] 2025/04/05 - 12:38:32 | batch update finished 
[SYS] 2025/04/05 - 12:38:37 | batch update started 
[SYS] 2025/04/05 - 12:38:37 | batch update finished 
[SYS] 2025/04/05 - 12:38:37 | 任务进度轮询开始 
[SYS] 2025/04/05 - 12:38:37 | 任务进度轮询完成 
[SYS] 2025/04/05 - 12:38:42 | batch update started 
[SYS] 2025/04/05 - 12:38:42 | batch update finished 
[SYS] 2025/04/05 - 12:38:47 | batch update started 
[SYS] 2025/04/05 - 12:38:47 | batch update finished 
[SYS] 2025/04/05 - 12:38:53 | batch update started 
[SYS] 2025/04/05 - 12:38:53 | batch update finished 
[SYS] 2025/04/05 - 12:38:53 | 任务进度轮询开始 
[SYS] 2025/04/05 - 12:38:53 | 任务进度轮询完成 
[SYS] 2025/04/05 - 12:38:58 | batch update started 
[SYS] 2025/04/05 - 12:38:58 | batch update finished 
[SYS] 2025/04/05 - 12:39:03 | batch update started 
[SYS] 2025/04/05 - 12:39:03 | batch update finished 
[SYS] 2025/04/05 - 12:39:07 | syncing options from database 
[SYS] 2025/04/05 - 12:39:08 | syncing channels from database 
[SYS] 2025/04/05 - 12:39:08 | channels synced from database 
[SYS] 2025/04/05 - 12:39:08 | batch update started 
[SYS] 2025/04/05 - 12:39:08 | batch update finished 
[SYS] 2025/04/05 - 12:39:08 | 任务进度轮询开始 
[SYS] 2025/04/05 - 12:39:08 | 任务进度轮询完成 
[SYS] 2025/04/05 - 12:39:13 | batch update started 
[SYS] 2025/04/05 - 12:39:13 | batch update finished 
[SYS] 2025/04/05 - 12:39:18 | batch update started 
[SYS] 2025/04/05 - 12:39:18 | batch update finished 
[SYS] 2025/04/05 - 12:39:23 | batch update started 
[SYS] 2025/04/05 - 12:39:23 | batch update finished 
[SYS] 2025/04/05 - 12:39:23 | 任务进度轮询开始 
[SYS] 2025/04/05 - 12:39:23 | 任务进度轮询完成 
[SYS] 2025/04/05 - 12:39:29 | batch update started 
[SYS] 2025/04/05 - 12:39:29 | batch update finished 
[SYS] 2025/04/05 - 12:39:34 | batch update started 
[SYS] 2025/04/05 - 12:39:34 | batch update finished 
[SYS] 2025/04/05 - 12:39:39 | batch update started 
[SYS] 2025/04/05 - 12:39:39 | batch update finished 
[SYS] 2025/04/05 - 12:39:39 | 任务进度轮询开始 
[SYS] 2025/04/05 - 12:39:39 | 任务进度轮询完成 
[SYS] 2025/04/05 - 12:39:44 | batch update started 
[SYS] 2025/04/05 - 12:39:44 | batch update finished 
[SYS] 2025/04/05 - 12:39:49 | batch update started 
[SYS] 2025/04/05 - 12:39:49 | batch update finished 
[SYS] 2025/04/05 - 12:39:54 | batch update started 
[SYS] 2025/04/05 - 12:39:54 | batch update finished 
[SYS] 2025/04/05 - 12:39:54 | 任务进度轮询开始 
[SYS] 2025/04/05 - 12:39:54 | 任务进度轮询完成 
[SYS] 2025/04/05 - 12:40:00 | batch update started 
[SYS] 2025/04/05 - 12:40:00 | batch update finished 
[SYS] 2025/04/05 - 12:40:05 | batch update started 
[SYS] 2025/04/05 - 12:40:05 | batch update finished 
[SYS] 2025/04/05 - 12:40:10 | syncing options from database 
[SYS] 2025/04/05 - 12:40:10 | syncing channels from database 
[SYS] 2025/04/05 - 12:40:10 | channels synced from database 
[SYS] 2025/04/05 - 12:40:10 | batch update started 
[SYS] 2025/04/05 - 12:40:10 | batch update finished 
[SYS] 2025/04/05 - 12:40:10 | 任务进度轮询开始 
[SYS] 2025/04/05 - 12:40:10 | 任务进度轮询完成 
[SYS] 2025/04/05 - 12:40:15 | batch update started 
[SYS] 2025/04/05 - 12:40:15 | batch update finished 
[SYS] 2025/04/05 - 12:40:20 | batch update started 
[SYS] 2025/04/05 - 12:40:20 | batch update finished 
[SYS] 2025/04/05 - 12:40:25 | batch update started 
[SYS] 2025/04/05 - 12:40:25 | batch update finished 
[SYS] 2025/04/05 - 12:40:25 | 任务进度轮询开始 
[SYS] 2025/04/05 - 12:40:25 | 任务进度轮询完成 
[SYS] 2025/04/05 - 12:40:30 | batch update started 
[SYS] 2025/04/05 - 12:40:30 | batch update finished 
[SYS] 2025/04/05 - 12:40:36 | batch update started 
[SYS] 2025/04/05 - 12:40:36 | batch update finished 
[SYS] 2025/04/05 - 12:40:41 | batch update started 
[SYS] 2025/04/05 - 12:40:41 | batch update finished 
[SYS] 2025/04/05 - 12:40:41 | 任务进度轮询开始 
[SYS] 2025/04/05 - 12:40:41 | 任务进度轮询完成 
[SYS] 2025/04/05 - 12:40:46 | batch update started 
[SYS] 2025/04/05 - 12:40:46 | batch update finished 
[SYS] 2025/04/05 - 12:40:51 | batch update started 
[SYS] 2025/04/05 - 12:40:51 | batch update finished 
[SYS] 2025/04/05 - 12:40:56 | batch update started 
[SYS] 2025/04/05 - 12:40:56 | batch update finished 
[SYS] 2025/04/05 - 12:40:56 | 任务进度轮询开始 
[SYS] 2025/04/05 - 12:40:56 | 任务进度轮询完成 
[SYS] 2025/04/05 - 12:41:01 | batch update started 
[SYS] 2025/04/05 - 12:41:01 | batch update finished 
[SYS] 2025/04/05 - 12:41:07 | batch update started 
[SYS] 2025/04/05 - 12:41:07 | batch update finished 
[SYS] 2025/04/05 - 12:41:12 | 正在更新数据看板数据... 
[SYS] 2025/04/05 - 12:41:12 | 保存数据看板数据成功，共保存0条数据 
[SYS] 2025/04/05 - 12:41:12 | syncing options from database 
[SYS] 2025/04/05 - 12:41:12 | syncing channels from database 
[SYS] 2025/04/05 - 12:41:12 | channels synced from database 
[SYS] 2025/04/05 - 12:41:12 | batch update started 
[SYS] 2025/04/05 - 12:41:12 | batch update finished 
[SYS] 2025/04/05 - 12:41:12 | 任务进度轮询开始 
[SYS] 2025/04/05 - 12:41:12 | 任务进度轮询完成 
[SYS] 2025/04/05 - 12:41:17 | batch update started 
[SYS] 2025/04/05 - 12:41:17 | batch update finished 
[SYS] 2025/04/05 - 12:41:22 | batch update started 
[SYS] 2025/04/05 - 12:41:22 | batch update finished 
[SYS] 2025/04/05 - 12:41:27 | batch update started 
[SYS] 2025/04/05 - 12:41:27 | batch update finished 
[SYS] 2025/04/05 - 12:41:27 | 任务进度轮询开始 
[SYS] 2025/04/05 - 12:41:27 | 任务进度轮询完成 
[SYS] 2025/04/05 - 12:41:32 | batch update started 
[SYS] 2025/04/05 - 12:41:32 | batch update finished 
[SYS] 2025/04/05 - 12:41:37 | batch update started 
[SYS] 2025/04/05 - 12:41:37 | batch update finished 
[SYS] 2025/04/05 - 12:41:44 | batch update started 
[SYS] 2025/04/05 - 12:41:44 | batch update finished 
[SYS] 2025/04/05 - 12:41:44 | 任务进度轮询开始 
[SYS] 2025/04/05 - 12:41:44 | 任务进度轮询完成 
[SYS] 2025/04/05 - 12:41:49 | batch update started 
[SYS] 2025/04/05 - 12:41:49 | batch update finished 
[SYS] 2025/04/05 - 12:41:54 | batch update started 
[SYS] 2025/04/05 - 12:41:54 | batch update finished 
[SYS] 2025/04/05 - 12:41:59 | batch update started 
[SYS] 2025/04/05 - 12:41:59 | batch update finished 
[SYS] 2025/04/05 - 12:41:59 | 任务进度轮询开始 
[SYS] 2025/04/05 - 12:41:59 | 任务进度轮询完成 
[SYS] 2025/04/05 - 12:42:04 | batch update started 
[SYS] 2025/04/05 - 12:42:04 | batch update finished 
[SYS] 2025/04/05 - 12:42:09 | batch update started 
[SYS] 2025/04/05 - 12:42:09 | batch update finished 
[SYS] 2025/04/05 - 12:42:14 | syncing options from database 
[SYS] 2025/04/05 - 12:42:15 | syncing channels from database 
[SYS] 2025/04/05 - 12:42:15 | channels synced from database 
[SYS] 2025/04/05 - 12:42:15 | batch update started 
[SYS] 2025/04/05 - 12:42:15 | batch update finished 
[SYS] 2025/04/05 - 12:42:15 | 任务进度轮询开始 
[SYS] 2025/04/05 - 12:42:15 | 任务进度轮询完成 
[SYS] 2025/04/05 - 12:42:20 | batch update started 
[SYS] 2025/04/05 - 12:42:20 | batch update finished 
[SYS] 2025/04/05 - 12:42:25 | batch update started 
[SYS] 2025/04/05 - 12:42:25 | batch update finished 
[SYS] 2025/04/05 - 12:42:30 | batch update started 
[SYS] 2025/04/05 - 12:42:30 | batch update finished 
[SYS] 2025/04/05 - 12:42:30 | 任务进度轮询开始 
[SYS] 2025/04/05 - 12:42:30 | 任务进度轮询完成 
[SYS] 2025/04/05 - 12:42:35 | batch update started 
[SYS] 2025/04/05 - 12:42:35 | batch update finished 
[SYS] 2025/04/05 - 12:42:40 | batch update started 
[SYS] 2025/04/05 - 12:42:40 | batch update finished 
[SYS] 2025/04/05 - 12:42:46 | batch update started 
[SYS] 2025/04/05 - 12:42:46 | batch update finished 
[SYS] 2025/04/05 - 12:42:46 | 任务进度轮询开始 
[SYS] 2025/04/05 - 12:42:46 | 任务进度轮询完成 
[SYS] 2025/04/05 - 12:42:51 | batch update started 
[SYS] 2025/04/05 - 12:42:51 | batch update finished 
[SYS] 2025/04/05 - 12:42:56 | batch update started 
[SYS] 2025/04/05 - 12:42:56 | batch update finished 
[SYS] 2025/04/05 - 12:43:01 | batch update started 
[SYS] 2025/04/05 - 12:43:01 | batch update finished 
[SYS] 2025/04/05 - 12:43:01 | 任务进度轮询开始 
[SYS] 2025/04/05 - 12:43:01 | 任务进度轮询完成 
[SYS] 2025/04/05 - 12:43:06 | batch update started 
[SYS] 2025/04/05 - 12:43:06 | batch update finished 
[SYS] 2025/04/05 - 12:43:11 | batch update started 
[SYS] 2025/04/05 - 12:43:11 | batch update finished 
[SYS] 2025/04/05 - 12:43:16 | syncing options from database 
[SYS] 2025/04/05 - 12:43:16 | syncing channels from database 
[SYS] 2025/04/05 - 12:43:16 | channels synced from database 
[SYS] 2025/04/05 - 12:43:16 | batch update started 
[SYS] 2025/04/05 - 12:43:16 | batch update finished 
[SYS] 2025/04/05 - 12:43:16 | 任务进度轮询开始 
[SYS] 2025/04/05 - 12:43:16 | 任务进度轮询完成 
[SYS] 2025/04/05 - 12:43:23 | batch update started 
[SYS] 2025/04/05 - 12:43:23 | batch update finished 
[SYS] 2025/04/05 - 12:43:28 | batch update started 
[SYS] 2025/04/05 - 12:43:28 | batch update finished 
[SYS] 2025/04/05 - 12:43:33 | batch update started 
[SYS] 2025/04/05 - 12:43:33 | batch update finished 
[SYS] 2025/04/05 - 12:43:33 | 任务进度轮询开始 
[SYS] 2025/04/05 - 12:43:33 | 任务进度轮询完成 
[SYS] 2025/04/05 - 12:43:38 | batch update started 
[SYS] 2025/04/05 - 12:43:38 | batch update finished 
[SYS] 2025/04/05 - 12:43:43 | batch update started 
[SYS] 2025/04/05 - 12:43:43 | batch update finished 
[SYS] 2025/04/05 - 12:43:48 | batch update started 
[SYS] 2025/04/05 - 12:43:48 | batch update finished 
[SYS] 2025/04/05 - 12:43:48 | 任务进度轮询开始 
[SYS] 2025/04/05 - 12:43:48 | 任务进度轮询完成 
[SYS] 2025/04/05 - 12:43:54 | batch update started 
[SYS] 2025/04/05 - 12:43:54 | batch update finished 
[SYS] 2025/04/05 - 12:43:59 | batch update started 
[SYS] 2025/04/05 - 12:43:59 | batch update finished 
[SYS] 2025/04/05 - 12:44:04 | batch update started 
[SYS] 2025/04/05 - 12:44:04 | batch update finished 
[SYS] 2025/04/05 - 12:44:04 | 任务进度轮询开始 
[SYS] 2025/04/05 - 12:44:04 | 任务进度轮询完成 
[SYS] 2025/04/05 - 12:44:09 | batch update started 
[SYS] 2025/04/05 - 12:44:09 | batch update finished 
[SYS] 2025/04/05 - 12:44:14 | batch update started 
[SYS] 2025/04/05 - 12:44:14 | batch update finished 
[SYS] 2025/04/05 - 12:44:18 | syncing options from database 
[SYS] 2025/04/05 - 12:44:19 | syncing channels from database 
[SYS] 2025/04/05 - 12:44:19 | channels synced from database 
[SYS] 2025/04/05 - 12:44:19 | batch update started 
[SYS] 2025/04/05 - 12:44:19 | batch update finished 
[SYS] 2025/04/05 - 12:44:19 | 任务进度轮询开始 
[SYS] 2025/04/05 - 12:44:19 | 任务进度轮询完成 
[SYS] 2025/04/05 - 12:44:24 | batch update started 
[SYS] 2025/04/05 - 12:44:24 | batch update finished 
[SYS] 2025/04/05 - 12:44:30 | batch update started 
[SYS] 2025/04/05 - 12:44:30 | batch update finished 
[SYS] 2025/04/05 - 12:44:35 | batch update started 
[SYS] 2025/04/05 - 12:44:35 | batch update finished 
[SYS] 2025/04/05 - 12:44:35 | 任务进度轮询开始 
[SYS] 2025/04/05 - 12:44:35 | 任务进度轮询完成 
[SYS] 2025/04/05 - 12:44:40 | batch update started 
[SYS] 2025/04/05 - 12:44:40 | batch update finished 
[SYS] 2025/04/05 - 12:44:45 | batch update started 
[SYS] 2025/04/05 - 12:44:45 | batch update finished 
[SYS] 2025/04/05 - 12:44:50 | batch update started 
[SYS] 2025/04/05 - 12:44:50 | batch update finished 
[SYS] 2025/04/05 - 12:44:50 | 任务进度轮询开始 
[SYS] 2025/04/05 - 12:44:50 | 任务进度轮询完成 
[SYS] 2025/04/05 - 12:44:55 | batch update started 
[SYS] 2025/04/05 - 12:44:55 | batch update finished 
[SYS] 2025/04/05 - 12:45:01 | batch update started 
[SYS] 2025/04/05 - 12:45:01 | batch update finished 
[SYS] 2025/04/05 - 12:45:06 | batch update started 
[SYS] 2025/04/05 - 12:45:06 | batch update finished 
[SYS] 2025/04/05 - 12:45:06 | 任务进度轮询开始 
[SYS] 2025/04/05 - 12:45:06 | 任务进度轮询完成 
[SYS] 2025/04/05 - 12:45:11 | batch update started 
[SYS] 2025/04/05 - 12:45:11 | batch update finished 
[SYS] 2025/04/05 - 12:45:16 | batch update started 
[SYS] 2025/04/05 - 12:45:16 | batch update finished 
[SYS] 2025/04/05 - 12:45:21 | syncing options from database 
[SYS] 2025/04/05 - 12:45:21 | syncing channels from database 
[SYS] 2025/04/05 - 12:45:21 | channels synced from database 
[SYS] 2025/04/05 - 12:45:21 | batch update started 
[SYS] 2025/04/05 - 12:45:21 | batch update finished 
[SYS] 2025/04/05 - 12:45:21 | 任务进度轮询开始 
[SYS] 2025/04/05 - 12:45:21 | 任务进度轮询完成 
[SYS] 2025/04/05 - 12:45:26 | batch update started 
[SYS] 2025/04/05 - 12:45:26 | batch update finished 
[SYS] 2025/04/05 - 12:45:31 | batch update started 
[SYS] 2025/04/05 - 12:45:31 | batch update finished 
[SYS] 2025/04/05 - 12:45:38 | batch update started 
[SYS] 2025/04/05 - 12:45:38 | batch update finished 
[SYS] 2025/04/05 - 12:45:38 | 任务进度轮询开始 
[SYS] 2025/04/05 - 12:45:38 | 任务进度轮询完成 
[SYS] 2025/04/05 - 12:45:43 | batch update started 
[SYS] 2025/04/05 - 12:45:43 | batch update finished 
[SYS] 2025/04/05 - 12:45:48 | batch update started 
[SYS] 2025/04/05 - 12:45:48 | batch update finished 
[SYS] 2025/04/05 - 12:45:53 | batch update started 
[SYS] 2025/04/05 - 12:45:53 | batch update finished 
[SYS] 2025/04/05 - 12:45:53 | 任务进度轮询开始 
[SYS] 2025/04/05 - 12:45:53 | 任务进度轮询完成 
[SYS] 2025/04/05 - 12:45:58 | batch update started 
[SYS] 2025/04/05 - 12:45:58 | batch update finished 
[SYS] 2025/04/05 - 12:46:03 | batch update started 
[SYS] 2025/04/05 - 12:46:03 | batch update finished 
[SYS] 2025/04/05 - 12:46:09 | 任务进度轮询开始 
[SYS] 2025/04/05 - 12:46:09 | 任务进度轮询完成 
[SYS] 2025/04/05 - 12:46:09 | batch update started 
[SYS] 2025/04/05 - 12:46:09 | batch update finished 
[SYS] 2025/04/05 - 12:46:14 | batch update started 
[SYS] 2025/04/05 - 12:46:14 | batch update finished 
[SYS] 2025/04/05 - 12:46:19 | batch update started 
[SYS] 2025/04/05 - 12:46:19 | batch update finished 
[SYS] 2025/04/05 - 12:46:23 | updating all channels 
[SYS] 2025/04/05 - 12:46:23 | channels update done 
[SYS] 2025/04/05 - 12:46:23 | testing all channels 
[SYS] 2025/04/05 - 12:46:23 | channel test finished 
[SYS] 2025/04/05 - 12:46:23 | 正在更新数据看板数据... 
[SYS] 2025/04/05 - 12:46:23 | 保存数据看板数据成功，共保存0条数据 
[SYS] 2025/04/05 - 12:46:23 | syncing options from database 
[SYS] 2025/04/05 - 12:46:24 | syncing channels from database 
[SYS] 2025/04/05 - 12:46:24 | channels synced from database 
[SYS] 2025/04/05 - 12:46:24 | 任务进度轮询开始 
[SYS] 2025/04/05 - 12:46:24 | 任务进度轮询完成 
[SYS] 2025/04/05 - 12:46:24 | batch update started 
[SYS] 2025/04/05 - 12:46:24 | batch update finished 
[SYS] 2025/04/05 - 12:46:29 | batch update started 
[SYS] 2025/04/05 - 12:46:29 | batch update finished 
[SYS] 2025/04/05 - 12:46:34 | batch update started 
[SYS] 2025/04/05 - 12:46:34 | batch update finished 
[SYS] 2025/04/05 - 12:46:39 | 任务进度轮询开始 
[SYS] 2025/04/05 - 12:46:39 | 任务进度轮询完成 
[SYS] 2025/04/05 - 12:46:39 | batch update started 
[SYS] 2025/04/05 - 12:46:39 | batch update finished 
[SYS] 2025/04/05 - 12:46:45 | batch update started 
[SYS] 2025/04/05 - 12:46:45 | batch update finished 
[SYS] 2025/04/05 - 12:46:50 | batch update started 
[SYS] 2025/04/05 - 12:46:50 | batch update finished 
[SYS] 2025/04/05 - 12:46:55 | 任务进度轮询开始 
[SYS] 2025/04/05 - 12:46:55 | 任务进度轮询完成 
[SYS] 2025/04/05 - 12:46:55 | batch update started 
[SYS] 2025/04/05 - 12:46:55 | batch update finished 
[SYS] 2025/04/05 - 12:47:00 | batch update started 
[SYS] 2025/04/05 - 12:47:00 | batch update finished 
[SYS] 2025/04/05 - 12:47:05 | batch update started 
[SYS] 2025/04/05 - 12:47:05 | batch update finished 
[SYS] 2025/04/05 - 12:47:10 | 任务进度轮询开始 
[SYS] 2025/04/05 - 12:47:10 | 任务进度轮询完成 
[SYS] 2025/04/05 - 12:47:10 | batch update started 
[SYS] 2025/04/05 - 12:47:10 | batch update finished 
[SYS] 2025/04/05 - 12:47:16 | batch update started 
[SYS] 2025/04/05 - 12:47:16 | batch update finished 
[SYS] 2025/04/05 - 12:47:21 | batch update started 
[SYS] 2025/04/05 - 12:47:21 | batch update finished 
[SYS] 2025/04/05 - 12:47:26 | syncing options from database 
[SYS] 2025/04/05 - 12:47:26 | syncing channels from database 
[SYS] 2025/04/05 - 12:47:26 | channels synced from database 
[SYS] 2025/04/05 - 12:47:26 | 任务进度轮询开始 
[SYS] 2025/04/05 - 12:47:26 | 任务进度轮询完成 
[SYS] 2025/04/05 - 12:47:26 | batch update started 
[SYS] 2025/04/05 - 12:47:26 | batch update finished 
[SYS] 2025/04/05 - 12:47:31 | batch update started 
[SYS] 2025/04/05 - 12:47:31 | batch update finished 
[SYS] 2025/04/05 - 12:47:36 | batch update started 
[SYS] 2025/04/05 - 12:47:36 | batch update finished 
[SYS] 2025/04/05 - 12:47:41 | 任务进度轮询开始 
[SYS] 2025/04/05 - 12:47:41 | 任务进度轮询完成 
[SYS] 2025/04/05 - 12:47:41 | batch update started 
[SYS] 2025/04/05 - 12:47:41 | batch update finished 
[SYS] 2025/04/05 - 12:47:46 | batch update started 
[SYS] 2025/04/05 - 12:47:46 | batch update finished 
[SYS] 2025/04/05 - 12:47:53 | batch update started 
[SYS] 2025/04/05 - 12:47:53 | batch update finished 
[SYS] 2025/04/05 - 12:47:57 | 任务进度轮询开始 
[SYS] 2025/04/05 - 12:47:57 | 任务进度轮询完成 
[SYS] 2025/04/05 - 12:47:58 | batch update started 
[SYS] 2025/04/05 - 12:47:58 | batch update finished 
[SYS] 2025/04/05 - 12:48:03 | batch update started 
[SYS] 2025/04/05 - 12:48:03 | batch update finished 
[SYS] 2025/04/05 - 12:48:08 | batch update started 
[SYS] 2025/04/05 - 12:48:08 | batch update finished 
[SYS] 2025/04/05 - 12:48:12 | 任务进度轮询开始 
[SYS] 2025/04/05 - 12:48:12 | 任务进度轮询完成 
[SYS] 2025/04/05 - 12:48:13 | batch update started 
[SYS] 2025/04/05 - 12:48:13 | batch update finished 
[SYS] 2025/04/05 - 12:48:18 | batch update started 
[SYS] 2025/04/05 - 12:48:18 | batch update finished 
[SYS] 2025/04/05 - 12:48:24 | batch update started 
[SYS] 2025/04/05 - 12:48:24 | batch update finished 
[SYS] 2025/04/05 - 12:48:28 | syncing options from database 
[SYS] 2025/04/05 - 12:48:28 | syncing channels from database 
[SYS] 2025/04/05 - 12:48:28 | channels synced from database 
[SYS] 2025/04/05 - 12:48:29 | 任务进度轮询开始 
[SYS] 2025/04/05 - 12:48:29 | 任务进度轮询完成 
[SYS] 2025/04/05 - 12:48:29 | batch update started 
[SYS] 2025/04/05 - 12:48:29 | batch update finished 
[SYS] 2025/04/05 - 12:48:34 | batch update started 
[SYS] 2025/04/05 - 12:48:34 | batch update finished 
[SYS] 2025/04/05 - 12:48:39 | batch update started 
[SYS] 2025/04/05 - 12:48:39 | batch update finished 
[SYS] 2025/04/05 - 12:48:44 | 任务进度轮询开始 
[SYS] 2025/04/05 - 12:48:44 | 任务进度轮询完成 
[SYS] 2025/04/05 - 12:48:44 | batch update started 
[SYS] 2025/04/05 - 12:48:44 | batch update finished 
[SYS] 2025/04/05 - 12:48:49 | batch update started 
[SYS] 2025/04/05 - 12:48:49 | batch update finished 
[SYS] 2025/04/05 - 12:48:55 | batch update started 
[SYS] 2025/04/05 - 12:48:55 | batch update finished 
[SYS] 2025/04/05 - 12:49:00 | 任务进度轮询开始 
[SYS] 2025/04/05 - 12:49:00 | 任务进度轮询完成 
[SYS] 2025/04/05 - 12:49:00 | batch update started 
[SYS] 2025/04/05 - 12:49:00 | batch update finished 
[SYS] 2025/04/05 - 12:49:05 | batch update started 
[SYS] 2025/04/05 - 12:49:05 | batch update finished 
[SYS] 2025/04/05 - 12:49:10 | batch update started 
[SYS] 2025/04/05 - 12:49:10 | batch update finished 
[SYS] 2025/04/05 - 12:49:15 | 任务进度轮询开始 
[SYS] 2025/04/05 - 12:49:15 | 任务进度轮询完成 
[SYS] 2025/04/05 - 12:49:15 | batch update started 
[SYS] 2025/04/05 - 12:49:15 | batch update finished 
[SYS] 2025/04/05 - 12:49:20 | batch update started 
[SYS] 2025/04/05 - 12:49:20 | batch update finished 
[SYS] 2025/04/05 - 12:49:25 | batch update started 
[SYS] 2025/04/05 - 12:49:25 | batch update finished 
[SYS] 2025/04/05 - 12:49:31 | syncing options from database 
[SYS] 2025/04/05 - 12:49:31 | syncing channels from database 
[SYS] 2025/04/05 - 12:49:31 | channels synced from database 
[SYS] 2025/04/05 - 12:49:31 | 任务进度轮询开始 
[SYS] 2025/04/05 - 12:49:31 | 任务进度轮询完成 
[SYS] 2025/04/05 - 12:49:31 | batch update started 
[SYS] 2025/04/05 - 12:49:31 | batch update finished 
[SYS] 2025/04/05 - 12:49:36 | batch update started 
[SYS] 2025/04/05 - 12:49:36 | batch update finished 
[SYS] 2025/04/05 - 12:49:41 | batch update started 
[SYS] 2025/04/05 - 12:49:41 | batch update finished 
[SYS] 2025/04/05 - 12:49:46 | 任务进度轮询开始 
[SYS] 2025/04/05 - 12:49:46 | 任务进度轮询完成 
[SYS] 2025/04/05 - 12:49:46 | batch update started 
[SYS] 2025/04/05 - 12:49:46 | batch update finished 
[SYS] 2025/04/05 - 12:49:51 | batch update started 
[SYS] 2025/04/05 - 12:49:51 | batch update finished 
[SYS] 2025/04/05 - 12:49:56 | batch update started 
[SYS] 2025/04/05 - 12:49:56 | batch update finished 
[SYS] 2025/04/05 - 12:50:02 | 任务进度轮询开始 
[SYS] 2025/04/05 - 12:50:02 | 任务进度轮询完成 
[SYS] 2025/04/05 - 12:50:02 | batch update started 
[SYS] 2025/04/05 - 12:50:02 | batch update finished 
[SYS] 2025/04/05 - 12:50:07 | batch update started 
[SYS] 2025/04/05 - 12:50:07 | batch update finished 
[SYS] 2025/04/05 - 12:50:12 | batch update started 
[SYS] 2025/04/05 - 12:50:12 | batch update finished 
[SYS] 2025/04/05 - 12:50:17 | 任务进度轮询开始 
[SYS] 2025/04/05 - 12:50:17 | 任务进度轮询完成 
[SYS] 2025/04/05 - 12:50:17 | batch update started 
[SYS] 2025/04/05 - 12:50:17 | batch update finished 
[SYS] 2025/04/05 - 12:50:22 | batch update started 
[SYS] 2025/04/05 - 12:50:22 | batch update finished 
[SYS] 2025/04/05 - 12:50:27 | batch update started 
[SYS] 2025/04/05 - 12:50:27 | batch update finished 
[SYS] 2025/04/05 - 12:50:32 | syncing options from database 
[SYS] 2025/04/05 - 12:50:32 | syncing channels from database 
[SYS] 2025/04/05 - 12:50:32 | channels synced from database 
[SYS] 2025/04/05 - 12:50:32 | 任务进度轮询开始 
[SYS] 2025/04/05 - 12:50:32 | 任务进度轮询完成 
[SYS] 2025/04/05 - 12:50:32 | batch update started 
[SYS] 2025/04/05 - 12:50:32 | batch update finished 
[SYS] 2025/04/05 - 12:50:39 | batch update started 
[SYS] 2025/04/05 - 12:50:39 | batch update finished 
[SYS] 2025/04/05 - 12:50:44 | batch update started 
[SYS] 2025/04/05 - 12:50:44 | batch update finished 
[SYS] 2025/04/05 - 12:50:48 | 任务进度轮询开始 
[SYS] 2025/04/05 - 12:50:48 | 任务进度轮询完成 
[SYS] 2025/04/05 - 12:50:49 | batch update started 
[SYS] 2025/04/05 - 12:50:49 | batch update finished 
[SYS] 2025/04/05 - 12:50:54 | batch update started 
[SYS] 2025/04/05 - 12:50:54 | batch update finished 
[SYS] 2025/04/05 - 12:50:59 | batch update started 
[SYS] 2025/04/05 - 12:50:59 | batch update finished 
[SYS] 2025/04/05 - 12:51:03 | 任务进度轮询开始 
[SYS] 2025/04/05 - 12:51:03 | 任务进度轮询完成 
[SYS] 2025/04/05 - 12:51:04 | batch update started 
[SYS] 2025/04/05 - 12:51:04 | batch update finished 
[SYS] 2025/04/05 - 12:51:10 | batch update started 
[SYS] 2025/04/05 - 12:51:10 | batch update finished 
[SYS] 2025/04/05 - 12:51:15 | batch update started 
[SYS] 2025/04/05 - 12:51:15 | batch update finished 
[SYS] 2025/04/05 - 12:51:20 | 任务进度轮询开始 
[SYS] 2025/04/05 - 12:51:20 | 任务进度轮询完成 
[SYS] 2025/04/05 - 12:51:20 | batch update started 
[SYS] 2025/04/05 - 12:51:20 | batch update finished 
[SYS] 2025/04/05 - 12:51:25 | batch update started 
[SYS] 2025/04/05 - 12:51:25 | batch update finished 
[SYS] 2025/04/05 - 12:51:30 | batch update started 
[SYS] 2025/04/05 - 12:51:30 | batch update finished 
[SYS] 2025/04/05 - 12:51:34 | 正在更新数据看板数据... 
[SYS] 2025/04/05 - 12:51:34 | 保存数据看板数据成功，共保存0条数据 
[SYS] 2025/04/05 - 12:51:34 | syncing options from database 
[SYS] 2025/04/05 - 12:51:34 | syncing channels from database 
[SYS] 2025/04/05 - 12:51:34 | channels synced from database 
[SYS] 2025/04/05 - 12:51:35 | 任务进度轮询开始 
[SYS] 2025/04/05 - 12:51:35 | 任务进度轮询完成 
[SYS] 2025/04/05 - 12:51:35 | batch update started 
[SYS] 2025/04/05 - 12:51:35 | batch update finished 
[SYS] 2025/04/05 - 12:51:40 | batch update started 
[SYS] 2025/04/05 - 12:51:40 | batch update finished 
[SYS] 2025/04/05 - 12:51:46 | batch update started 
[SYS] 2025/04/05 - 12:51:46 | batch update finished 
[SYS] 2025/04/05 - 12:51:51 | 任务进度轮询开始 
[SYS] 2025/04/05 - 12:51:51 | 任务进度轮询完成 
[SYS] 2025/04/05 - 12:51:51 | batch update started 
[SYS] 2025/04/05 - 12:51:51 | batch update finished 
[SYS] 2025/04/05 - 12:51:56 | batch update started 
[SYS] 2025/04/05 - 12:51:56 | batch update finished 
[SYS] 2025/04/05 - 12:52:01 | batch update started 
[SYS] 2025/04/05 - 12:52:01 | batch update finished 
[SYS] 2025/04/05 - 12:52:06 | 任务进度轮询开始 
[SYS] 2025/04/05 - 12:52:06 | 任务进度轮询完成 
[SYS] 2025/04/05 - 12:52:06 | batch update started 
[SYS] 2025/04/05 - 12:52:06 | batch update finished 
[SYS] 2025/04/05 - 12:52:11 | batch update started 
[SYS] 2025/04/05 - 12:52:11 | batch update finished 
[SYS] 2025/04/05 - 12:52:17 | batch update started 
[SYS] 2025/04/05 - 12:52:17 | batch update finished 
[SYS] 2025/04/05 - 12:52:22 | 任务进度轮询开始 
[SYS] 2025/04/05 - 12:52:22 | 任务进度轮询完成 
[SYS] 2025/04/05 - 12:52:22 | batch update started 
[SYS] 2025/04/05 - 12:52:22 | batch update finished 
[SYS] 2025/04/05 - 12:52:27 | batch update started 
[SYS] 2025/04/05 - 12:52:27 | batch update finished 
[SYS] 2025/04/05 - 12:52:32 | batch update started 
[SYS] 2025/04/05 - 12:52:32 | batch update finished 
[SYS] 2025/04/05 - 12:52:36 | syncing options from database 
[SYS] 2025/04/05 - 12:52:37 | syncing channels from database 
[SYS] 2025/04/05 - 12:52:37 | channels synced from database 
[SYS] 2025/04/05 - 12:52:37 | 任务进度轮询开始 
[SYS] 2025/04/05 - 12:52:37 | 任务进度轮询完成 
[SYS] 2025/04/05 - 12:52:37 | batch update started 
[SYS] 2025/04/05 - 12:52:37 | batch update finished 
[SYS] 2025/04/05 - 12:52:42 | batch update started 
[SYS] 2025/04/05 - 12:52:42 | batch update finished 
[SYS] 2025/04/05 - 12:52:47 | batch update started 
[SYS] 2025/04/05 - 12:52:47 | batch update finished 
[SYS] 2025/04/05 - 12:52:53 | 任务进度轮询开始 
[SYS] 2025/04/05 - 12:52:53 | 任务进度轮询完成 
[SYS] 2025/04/05 - 12:52:53 | batch update started 
[SYS] 2025/04/05 - 12:52:53 | batch update finished 
[SYS] 2025/04/05 - 12:52:59 | batch update started 
[SYS] 2025/04/05 - 12:52:59 | batch update finished 
[SYS] 2025/04/05 - 12:53:04 | batch update started 
[SYS] 2025/04/05 - 12:53:04 | batch update finished 
[SYS] 2025/04/05 - 12:53:08 | 任务进度轮询开始 
[SYS] 2025/04/05 - 12:53:08 | 任务进度轮询完成 
[SYS] 2025/04/05 - 12:53:09 | batch update started 
[SYS] 2025/04/05 - 12:53:09 | batch update finished 
[SYS] 2025/04/05 - 12:53:14 | batch update started 
[SYS] 2025/04/05 - 12:53:14 | batch update finished 
[SYS] 2025/04/05 - 12:53:19 | batch update started 
[SYS] 2025/04/05 - 12:53:19 | batch update finished 
[SYS] 2025/04/05 - 12:53:25 | 任务进度轮询开始 
[SYS] 2025/04/05 - 12:53:25 | 任务进度轮询完成 
[SYS] 2025/04/05 - 12:53:25 | batch update started 
[SYS] 2025/04/05 - 12:53:25 | batch update finished 
[SYS] 2025/04/05 - 12:53:30 | batch update started 
[SYS] 2025/04/05 - 12:53:30 | batch update finished 
[SYS] 2025/04/05 - 12:53:35 | batch update started 
[SYS] 2025/04/05 - 12:53:35 | batch update finished 
[SYS] 2025/04/05 - 12:53:39 | syncing options from database 
[SYS] 2025/04/05 - 12:53:39 | syncing channels from database 
[SYS] 2025/04/05 - 12:53:39 | channels synced from database 
[SYS] 2025/04/05 - 12:53:40 | 任务进度轮询开始 
[SYS] 2025/04/05 - 12:53:40 | 任务进度轮询完成 
[SYS] 2025/04/05 - 12:53:40 | batch update started 
[SYS] 2025/04/05 - 12:53:40 | batch update finished 
[SYS] 2025/04/05 - 12:53:45 | batch update started 
[SYS] 2025/04/05 - 12:53:45 | batch update finished 
[SYS] 2025/04/05 - 12:53:50 | batch update started 
[SYS] 2025/04/05 - 12:53:50 | batch update finished 
[SYS] 2025/04/05 - 12:53:55 | 任务进度轮询开始 
[SYS] 2025/04/05 - 12:53:55 | 任务进度轮询完成 
[SYS] 2025/04/05 - 12:53:55 | batch update started 
[SYS] 2025/04/05 - 12:53:55 | batch update finished 
[SYS] 2025/04/05 - 12:54:01 | batch update started 
[SYS] 2025/04/05 - 12:54:01 | batch update finished 
[SYS] 2025/04/05 - 12:54:06 | batch update started 
[SYS] 2025/04/05 - 12:54:06 | batch update finished 
[SYS] 2025/04/05 - 12:54:11 | 任务进度轮询开始 
[SYS] 2025/04/05 - 12:54:11 | batch update started 
[SYS] 2025/04/05 - 12:54:11 | batch update finished 
[SYS] 2025/04/05 - 12:54:12 | 任务进度轮询完成 
[SYS] 2025/04/05 - 12:54:16 | batch update started 
[SYS] 2025/04/05 - 12:54:16 | batch update finished 
[SYS] 2025/04/05 - 12:54:21 | batch update started 
[SYS] 2025/04/05 - 12:54:21 | batch update finished 
[SYS] 2025/04/05 - 12:54:26 | batch update started 
[SYS] 2025/04/05 - 12:54:26 | batch update finished 
[SYS] 2025/04/05 - 12:54:27 | 任务进度轮询开始 
[SYS] 2025/04/05 - 12:54:27 | 任务进度轮询完成 
[SYS] 2025/04/05 - 12:54:32 | batch update started 
[SYS] 2025/04/05 - 12:54:32 | batch update finished 
[SYS] 2025/04/05 - 12:54:37 | batch update started 
[SYS] 2025/04/05 - 12:54:37 | batch update finished 
[SYS] 2025/04/05 - 12:54:41 | syncing options from database 
[SYS] 2025/04/05 - 12:54:42 | syncing channels from database 
[SYS] 2025/04/05 - 12:54:42 | channels synced from database 
[SYS] 2025/04/05 - 12:54:42 | batch update started 
[SYS] 2025/04/05 - 12:54:42 | batch update finished 
[SYS] 2025/04/05 - 12:54:43 | 任务进度轮询开始 
[SYS] 2025/04/05 - 12:54:43 | 任务进度轮询完成 
[SYS] 2025/04/05 - 12:54:47 | batch update started 
[SYS] 2025/04/05 - 12:54:47 | batch update finished 
[SYS] 2025/04/05 - 12:54:52 | batch update started 
[SYS] 2025/04/05 - 12:54:52 | batch update finished 
[SYS] 2025/04/05 - 12:54:57 | batch update started 
[SYS] 2025/04/05 - 12:54:57 | batch update finished 
[SYS] 2025/04/05 - 12:54:58 | 任务进度轮询开始 
[SYS] 2025/04/05 - 12:54:58 | 任务进度轮询完成 
[SYS] 2025/04/05 - 12:55:04 | batch update started 
[SYS] 2025/04/05 - 12:55:04 | batch update finished 
[SYS] 2025/04/05 - 12:55:09 | batch update started 
[SYS] 2025/04/05 - 12:55:09 | batch update finished 
[SYS] 2025/04/05 - 12:55:14 | batch update started 
[SYS] 2025/04/05 - 12:55:14 | batch update finished 
[SYS] 2025/04/05 - 12:55:14 | 任务进度轮询开始 
[SYS] 2025/04/05 - 12:55:14 | 任务进度轮询完成 
[SYS] 2025/04/05 - 12:55:19 | batch update started 
[SYS] 2025/04/05 - 12:55:19 | batch update finished 
[SYS] 2025/04/05 - 12:55:24 | batch update started 
[SYS] 2025/04/05 - 12:55:24 | batch update finished 
[SYS] 2025/04/05 - 12:55:29 | batch update started 
[SYS] 2025/04/05 - 12:55:29 | batch update finished 
[SYS] 2025/04/05 - 12:55:29 | 任务进度轮询开始 
[SYS] 2025/04/05 - 12:55:29 | 任务进度轮询完成 
[SYS] 2025/04/05 - 12:55:34 | batch update started 
[SYS] 2025/04/05 - 12:55:34 | batch update finished 
[SYS] 2025/04/05 - 12:55:40 | batch update started 
[SYS] 2025/04/05 - 12:55:40 | batch update finished 
[SYS] 2025/04/05 - 12:55:44 | syncing options from database 
[SYS] 2025/04/05 - 12:55:44 | syncing channels from database 
[SYS] 2025/04/05 - 12:55:44 | channels synced from database 
[SYS] 2025/04/05 - 12:55:45 | batch update started 
[SYS] 2025/04/05 - 12:55:45 | batch update finished 
[SYS] 2025/04/05 - 12:55:45 | 任务进度轮询开始 
[SYS] 2025/04/05 - 12:55:45 | 任务进度轮询完成 
[SYS] 2025/04/05 - 12:55:50 | batch update started 
[SYS] 2025/04/05 - 12:55:50 | batch update finished 
[SYS] 2025/04/05 - 12:55:55 | batch update started 
[SYS] 2025/04/05 - 12:55:55 | batch update finished 
[SYS] 2025/04/05 - 12:56:00 | batch update started 
[SYS] 2025/04/05 - 12:56:00 | batch update finished 
[SYS] 2025/04/05 - 12:56:00 | 任务进度轮询开始 
[SYS] 2025/04/05 - 12:56:00 | 任务进度轮询完成 
[SYS] 2025/04/05 - 12:56:05 | batch update started 
[SYS] 2025/04/05 - 12:56:05 | batch update finished 
[SYS] 2025/04/05 - 12:56:11 | batch update started 
[SYS] 2025/04/05 - 12:56:11 | batch update finished 
[SYS] 2025/04/05 - 12:56:16 | batch update started 
[SYS] 2025/04/05 - 12:56:16 | batch update finished 
[SYS] 2025/04/05 - 12:56:16 | 任务进度轮询开始 
[SYS] 2025/04/05 - 12:56:16 | 任务进度轮询完成 
[SYS] 2025/04/05 - 12:56:21 | batch update started 
[SYS] 2025/04/05 - 12:56:21 | batch update finished 
[SYS] 2025/04/05 - 12:56:26 | batch update started 
[SYS] 2025/04/05 - 12:56:26 | batch update finished 
[SYS] 2025/04/05 - 12:56:31 | batch update started 
[SYS] 2025/04/05 - 12:56:31 | batch update finished 
[SYS] 2025/04/05 - 12:56:31 | 任务进度轮询开始 
[SYS] 2025/04/05 - 12:56:31 | 任务进度轮询完成 
[SYS] 2025/04/05 - 12:56:36 | batch update started 
[SYS] 2025/04/05 - 12:56:36 | batch update finished 
[SYS] 2025/04/05 - 12:56:41 | batch update started 
[SYS] 2025/04/05 - 12:56:41 | batch update finished 
[SYS] 2025/04/05 - 12:56:46 | testing all channels 
[SYS] 2025/04/05 - 12:56:46 | channel test finished 
[SYS] 2025/04/05 - 12:56:46 | 正在更新数据看板数据... 
[SYS] 2025/04/05 - 12:56:46 | 保存数据看板数据成功，共保存0条数据 
[SYS] 2025/04/05 - 12:56:46 | syncing options from database 
[SYS] 2025/04/05 - 12:56:47 | syncing channels from database 
[SYS] 2025/04/05 - 12:56:47 | channels synced from database 
[SYS] 2025/04/05 - 12:56:47 | batch update started 
[SYS] 2025/04/05 - 12:56:47 | batch update finished 
[SYS] 2025/04/05 - 12:56:48 | 任务进度轮询开始 
[SYS] 2025/04/05 - 12:56:48 | 任务进度轮询完成 
[SYS] 2025/04/05 - 12:56:52 | batch update started 
[SYS] 2025/04/05 - 12:56:52 | batch update finished 
[SYS] 2025/04/05 - 12:56:57 | batch update started 
[SYS] 2025/04/05 - 12:56:57 | batch update finished 
[SYS] 2025/04/05 - 12:57:02 | batch update started 
[SYS] 2025/04/05 - 12:57:02 | batch update finished 
[SYS] 2025/04/05 - 12:57:03 | 任务进度轮询开始 
[SYS] 2025/04/05 - 12:57:03 | 任务进度轮询完成 
[SYS] 2025/04/05 - 12:57:07 | batch update started 
[SYS] 2025/04/05 - 12:57:07 | batch update finished 
[SYS] 2025/04/05 - 12:57:12 | batch update started 
[SYS] 2025/04/05 - 12:57:12 | batch update finished 
[SYS] 2025/04/05 - 12:57:19 | batch update started 
[SYS] 2025/04/05 - 12:57:19 | batch update finished 
[SYS] 2025/04/05 - 12:57:19 | 任务进度轮询开始 
[SYS] 2025/04/05 - 12:57:19 | 任务进度轮询完成 
[SYS] 2025/04/05 - 12:57:24 | batch update started 
[SYS] 2025/04/05 - 12:57:24 | batch update finished 
[SYS] 2025/04/05 - 12:57:29 | batch update started 
[SYS] 2025/04/05 - 12:57:29 | batch update finished 
[SYS] 2025/04/05 - 12:57:34 | batch update started 
[SYS] 2025/04/05 - 12:57:34 | batch update finished 
[SYS] 2025/04/05 - 12:57:34 | 任务进度轮询开始 
[SYS] 2025/04/05 - 12:57:34 | 任务进度轮询完成 
[SYS] 2025/04/05 - 12:57:39 | batch update started 
[SYS] 2025/04/05 - 12:57:39 | batch update finished 
[SYS] 2025/04/05 - 12:57:44 | batch update started 
[SYS] 2025/04/05 - 12:57:44 | batch update finished 
[SYS] 2025/04/05 - 12:57:48 | syncing options from database 
[SYS] 2025/04/05 - 12:57:48 | syncing channels from database 
[SYS] 2025/04/05 - 12:57:48 | channels synced from database 
[SYS] 2025/04/05 - 12:57:49 | batch update started 
[SYS] 2025/04/05 - 12:57:49 | batch update finished 
[SYS] 2025/04/05 - 12:57:49 | 任务进度轮询开始 
[SYS] 2025/04/05 - 12:57:49 | 任务进度轮询完成 
[SYS] 2025/04/05 - 12:57:55 | batch update started 
[SYS] 2025/04/05 - 12:57:55 | batch update finished 
[SYS] 2025/04/05 - 12:58:00 | batch update started 
[SYS] 2025/04/05 - 12:58:00 | batch update finished 
[SYS] 2025/04/05 - 12:58:05 | batch update started 
[SYS] 2025/04/05 - 12:58:05 | batch update finished 
[SYS] 2025/04/05 - 12:58:05 | 任务进度轮询开始 
[SYS] 2025/04/05 - 12:58:05 | 任务进度轮询完成 
[SYS] 2025/04/05 - 12:58:10 | batch update started 
[SYS] 2025/04/05 - 12:58:10 | batch update finished 
[SYS] 2025/04/05 - 12:58:15 | batch update started 
[SYS] 2025/04/05 - 12:58:15 | batch update finished 
[SYS] 2025/04/05 - 12:58:20 | batch update started 
[SYS] 2025/04/05 - 12:58:20 | batch update finished 
[SYS] 2025/04/05 - 12:58:20 | 任务进度轮询开始 
[SYS] 2025/04/05 - 12:58:20 | 任务进度轮询完成 
[SYS] 2025/04/05 - 12:58:26 | batch update started 
[SYS] 2025/04/05 - 12:58:26 | batch update finished 
[SYS] 2025/04/05 - 12:58:31 | batch update started 
[SYS] 2025/04/05 - 12:58:31 | batch update finished 
[SYS] 2025/04/05 - 12:58:36 | batch update started 
[SYS] 2025/04/05 - 12:58:36 | batch update finished 
[SYS] 2025/04/05 - 12:58:37 | 任务进度轮询开始 
[SYS] 2025/04/05 - 12:58:37 | 任务进度轮询完成 
[SYS] 2025/04/05 - 12:58:41 | batch update started 
[SYS] 2025/04/05 - 12:58:41 | batch update finished 
[SYS] 2025/04/05 - 12:58:46 | batch update started 
[SYS] 2025/04/05 - 12:58:46 | batch update finished 
[SYS] 2025/04/05 - 12:58:50 | syncing options from database 
[SYS] 2025/04/05 - 12:58:51 | syncing channels from database 
[SYS] 2025/04/05 - 12:58:51 | channels synced from database 
[SYS] 2025/04/05 - 12:58:51 | batch update started 
[SYS] 2025/04/05 - 12:58:51 | batch update finished 
