[SYS] 2025/04/19 - 13:23:10 | New API v0.0.0 started 
[SYS] 2025/04/19 - 13:23:10 | using MySQL as database 
[SYS] 2025/04/19 - 13:23:10 | database migration started 
[SYS] 2025/04/19 - 13:23:10 | database migrated 
[SYS] 2025/04/19 - 13:23:10 | using MySQL as database 
[SYS] 2025/04/19 - 13:23:10 | database migration started 
[SYS] 2025/04/19 - 13:23:10 | Redis is enabled 
[SYS] 2025/04/19 - 13:23:10 | memory cache enabled 
[SYS] 2025/04/19 - 13:23:10 | sync frequency: 60 seconds 
[SYS] 2025/04/19 - 13:23:10 | channels synced from database 
[SYS] 2025/04/19 - 13:23:10 | batch update enabled with interval 5s 
[SYS] 2025/04/19 - 13:23:10 | pprof enabled 
[SYS] 2025/04/19 - 13:23:10 | initializing token encoders 
[SYS] 2025/04/19 - 13:23:10 | 正在更新数据看板数据... 
[SYS] 2025/04/19 - 13:23:10 | 保存数据看板数据成功，共保存0条数据 
[SYS] 2025/04/19 - 13:23:11 | token encoders initialized 
[SYS] 2025/04/19 - 13:23:11 | FRONTEND_BASE_URL is ignored on master node 
[SYS] 2025/04/19 - 13:23:14 | batch update started 
[SYS] 2025/04/19 - 13:23:14 | batch update finished 
[SYS] 2025/04/19 - 13:23:19 | batch update started 
[SYS] 2025/04/19 - 13:23:19 | batch update finished 
[SYS] 2025/04/19 - 13:23:24 | 任务进度轮询开始 
[SYS] 2025/04/19 - 13:23:24 | batch update started 
[SYS] 2025/04/19 - 13:23:24 | batch update finished 
[SYS] 2025/04/19 - 13:23:24 | 任务进度轮询完成 
[SYS] 2025/04/19 - 13:23:29 | batch update started 
[SYS] 2025/04/19 - 13:23:29 | batch update finished 
[SYS] 2025/04/19 - 13:23:34 | batch update started 
[SYS] 2025/04/19 - 13:23:34 | batch update finished 
[SYS] 2025/04/19 - 13:23:39 | batch update started 
[SYS] 2025/04/19 - 13:23:39 | batch update finished 
[SYS] 2025/04/19 - 13:23:39 | 任务进度轮询开始 
[SYS] 2025/04/19 - 13:23:39 | 任务进度轮询完成 
[SYS] 2025/04/19 - 13:23:44 | batch update started 
[SYS] 2025/04/19 - 13:23:44 | batch update finished 
[SYS] 2025/04/19 - 13:23:48 | batch update started 
[SYS] 2025/04/19 - 13:23:48 | batch update finished 
[SYS] 2025/04/19 - 13:23:53 | 任务进度轮询开始 
[SYS] 2025/04/19 - 13:23:53 | 任务进度轮询完成 
[SYS] 2025/04/19 - 13:23:53 | batch update started 
[SYS] 2025/04/19 - 13:23:53 | batch update finished 
[SYS] 2025/04/19 - 13:23:58 | batch update started 
[SYS] 2025/04/19 - 13:23:58 | batch update finished 
[SYS] 2025/04/19 - 13:24:03 | batch update started 
[SYS] 2025/04/19 - 13:24:03 | batch update finished 
[SYS] 2025/04/19 - 13:24:08 | syncing options from database 
[SYS] 2025/04/19 - 13:24:08 | syncing channels from database 
[SYS] 2025/04/19 - 13:24:08 | channels synced from database 
[SYS] 2025/04/19 - 13:24:08 | 任务进度轮询开始 
[SYS] 2025/04/19 - 13:24:08 | 任务进度轮询完成 
[SYS] 2025/04/19 - 13:24:08 | batch update started 
[SYS] 2025/04/19 - 13:24:08 | batch update finished 
[SYS] 2025/04/19 - 13:24:13 | batch update started 
[SYS] 2025/04/19 - 13:24:13 | batch update finished 
[SYS] 2025/04/19 - 13:24:17 | batch update started 
[SYS] 2025/04/19 - 13:24:17 | batch update finished 
[SYS] 2025/04/19 - 13:24:22 | 任务进度轮询开始 
[SYS] 2025/04/19 - 13:24:22 | 任务进度轮询完成 
[SYS] 2025/04/19 - 13:24:22 | batch update started 
[SYS] 2025/04/19 - 13:24:22 | batch update finished 
[SYS] 2025/04/19 - 13:24:27 | batch update started 
[SYS] 2025/04/19 - 13:24:27 | batch update finished 
[SYS] 2025/04/19 - 13:24:32 | batch update started 
[SYS] 2025/04/19 - 13:24:32 | batch update finished 
[SYS] 2025/04/19 - 13:24:37 | 任务进度轮询开始 
[SYS] 2025/04/19 - 13:24:37 | 任务进度轮询完成 
[SYS] 2025/04/19 - 13:24:37 | batch update started 
[SYS] 2025/04/19 - 13:24:37 | batch update finished 
[SYS] 2025/04/19 - 13:24:42 | batch update started 
[SYS] 2025/04/19 - 13:24:42 | batch update finished 
[SYS] 2025/04/19 - 13:24:47 | batch update started 
[SYS] 2025/04/19 - 13:24:47 | batch update finished 
[SYS] 2025/04/19 - 13:24:50 | 任务进度轮询开始 
[SYS] 2025/04/19 - 13:24:50 | 任务进度轮询完成 
[SYS] 2025/04/19 - 13:24:50 | batch update started 
[SYS] 2025/04/19 - 13:24:50 | batch update finished 
[SYS] 2025/04/19 - 13:24:55 | batch update started 
[SYS] 2025/04/19 - 13:24:55 | batch update finished 
[SYS] 2025/04/19 - 13:25:00 | batch update started 
[SYS] 2025/04/19 - 13:25:00 | batch update finished 
[SYS] 2025/04/19 - 13:25:05 | syncing channels from database 
[SYS] 2025/04/19 - 13:25:05 | channels synced from database 
[SYS] 2025/04/19 - 13:25:05 | syncing options from database 
[SYS] 2025/04/19 - 13:25:05 | 任务进度轮询开始 
[SYS] 2025/04/19 - 13:25:05 | 任务进度轮询完成 
[SYS] 2025/04/19 - 13:25:05 | batch update started 
[SYS] 2025/04/19 - 13:25:05 | batch update finished 
[SYS] 2025/04/19 - 13:25:10 | batch update started 
[SYS] 2025/04/19 - 13:25:10 | batch update finished 
[SYS] 2025/04/19 - 13:25:16 | batch update started 
[SYS] 2025/04/19 - 13:25:16 | batch update finished 
[SYS] 2025/04/19 - 13:25:19 | 任务进度轮询开始 
[SYS] 2025/04/19 - 13:25:19 | 任务进度轮询完成 
[SYS] 2025/04/19 - 13:25:19 | batch update started 
[SYS] 2025/04/19 - 13:25:19 | batch update finished 
[SYS] 2025/04/19 - 13:25:24 | batch update started 
[SYS] 2025/04/19 - 13:25:24 | batch update finished 
[SYS] 2025/04/19 - 13:25:29 | batch update started 
[SYS] 2025/04/19 - 13:25:29 | batch update finished 
[GIN] 2025/04/19 - 13:25:31 | 20250419132531525103018iQzdpVC4 | 200 |    8.477263ms |             ::1 |     GET /midjourney
[GIN] 2025/04/19 - 13:25:31 | 20250419132531698186810HiVCRAe2 | 200 |  125.909145ms |             ::1 |     GET /assets/index-C5xfhAhI.js
[GIN] 2025/04/19 - 13:25:32 | 20250419132532779117448F1OiUjF1 | 200 |   14.857875ms |             ::1 |     GET /api/mj/?p=0&channel_id=&mj_id=&start_timestamp=1742473533000&end_timestamp=1745069133000
[GIN] 2025/04/19 - 13:25:32 | 20250419132532793370058mtMHtsui | 200 |   16.529744ms |             ::1 |     GET /api/status
[SYS] 2025/04/19 - 13:25:34 | 任务进度轮询开始 
[SYS] 2025/04/19 - 13:25:34 | 任务进度轮询完成 
[SYS] 2025/04/19 - 13:25:34 | batch update started 
[SYS] 2025/04/19 - 13:25:34 | batch update finished 
[GIN] 2025/04/19 - 13:25:37 | 20250419132537419489803hcbIx0Nb | 200 |    4.566715ms |             ::1 |     GET /assets/index-4YlLvrr4.js
[SYS] 2025/04/19 - 13:25:39 | batch update started 
[SYS] 2025/04/19 - 13:25:39 | batch update finished 
[GIN] 2025/04/19 - 13:25:40 | 20250419132540504869822G36AWb51 | 200 |     3.13548ms |             ::1 |     GET /
[GIN] 2025/04/19 - 13:25:41 | 202504191325412550837214YoHyVNb | 200 |    1.223879ms |             ::1 |     GET /api/status
[SYS] 2025/04/19 - 13:25:44 | batch update started 
[SYS] 2025/04/19 - 13:25:44 | batch update finished 
[GIN] 2025/04/19 - 13:25:47 | 20250419132547958082405OsXKfyhg | 200 |    5.543297ms |             ::1 |     GET /assets/index-DVFwKA8G.js
[GIN] 2025/04/19 - 13:25:48 | 20250419132548243993246t3BkR4Xz | 200 |    7.978582ms |             ::1 |     GET /api/user/self
[GIN] 2025/04/19 - 13:25:48 | 20250419132548252408987INEAtDCE | 200 |    6.619204ms |             ::1 |     GET /api/data/?username=&start_timestamp=1744979147&end_timestamp=1745069147&default_time=hour
[SYS] 2025/04/19 - 13:25:49 | 任务进度轮询开始 
[SYS] 2025/04/19 - 13:25:49 | 任务进度轮询完成 
[SYS] 2025/04/19 - 13:25:49 | batch update started 
[SYS] 2025/04/19 - 13:25:49 | batch update finished 
[GIN] 2025/04/19 - 13:25:49 | 20250419132549269764696JZZ8eO6z | 200 |    3.678386ms |             ::1 |     GET /api/pricing
[SYS] 2025/04/19 - 13:25:53 | batch update started 
[SYS] 2025/04/19 - 13:25:53 | batch update finished 
[GIN] 2025/04/19 - 13:25:55 | 20250419132555733291027tWhOY4dK | 200 |     1.79773ms |             ::1 |     GET /token
[GIN] 2025/04/19 - 13:25:56 | 202504191325564379213691Ujs5Vvy | 200 |    7.134484ms |             ::1 |     GET /api/user/models
[GIN] 2025/04/19 - 13:25:56 | 20250419132556431255727CT3WM1s8 | 200 |    16.70921ms |             ::1 |     GET /api/user/self/groups
[GIN] 2025/04/19 - 13:25:56 | 20250419132556470570893panyZfea | 200 |    3.136075ms |             ::1 |     GET /api/token/?p=0&size=10
[GIN] 2025/04/19 - 13:25:56 | 2025041913255648331183693UPEdgT | 200 |     1.59267ms |             ::1 |     GET /api/status
[SYS] 2025/04/19 - 13:25:58 | batch update started 
[SYS] 2025/04/19 - 13:25:58 | batch update finished 
[SYS] 2025/04/19 - 13:26:03 | syncing options from database 
[SYS] 2025/04/19 - 13:26:03 | syncing channels from database 
[SYS] 2025/04/19 - 13:26:03 | channels synced from database 
[SYS] 2025/04/19 - 13:26:03 | 任务进度轮询开始 
[SYS] 2025/04/19 - 13:26:03 | 任务进度轮询完成 
[SYS] 2025/04/19 - 13:26:03 | batch update started 
[SYS] 2025/04/19 - 13:26:03 | batch update finished 
[SYS] 2025/04/19 - 13:26:08 | batch update started 
[SYS] 2025/04/19 - 13:26:08 | batch update finished 
[SYS] 2025/04/19 - 13:26:13 | batch update started 
[SYS] 2025/04/19 - 13:26:13 | batch update finished 
[SYS] 2025/04/19 - 13:26:18 | 任务进度轮询开始 
[SYS] 2025/04/19 - 13:26:18 | 任务进度轮询完成 
[SYS] 2025/04/19 - 13:26:18 | batch update started 
[SYS] 2025/04/19 - 13:26:18 | batch update finished 
[SYS] 2025/04/19 - 13:26:22 | batch update started 
[SYS] 2025/04/19 - 13:26:22 | batch update finished 
[SYS] 2025/04/19 - 13:26:27 | batch update started 
[SYS] 2025/04/19 - 13:26:27 | batch update finished 
[SYS] 2025/04/19 - 13:26:32 | 任务进度轮询开始 
[SYS] 2025/04/19 - 13:26:32 | 任务进度轮询完成 
[SYS] 2025/04/19 - 13:26:32 | batch update started 
[SYS] 2025/04/19 - 13:26:32 | batch update finished 
[SYS] 2025/04/19 - 13:26:37 | batch update started 
[SYS] 2025/04/19 - 13:26:37 | batch update finished 
[SYS] 2025/04/19 - 13:26:42 | batch update started 
[SYS] 2025/04/19 - 13:26:42 | batch update finished 
[SYS] 2025/04/19 - 13:26:47 | 任务进度轮询开始 
[SYS] 2025/04/19 - 13:26:47 | 任务进度轮询完成 
[SYS] 2025/04/19 - 13:26:47 | batch update started 
[SYS] 2025/04/19 - 13:26:47 | batch update finished 
[SYS] 2025/04/19 - 13:26:51 | batch update started 
[SYS] 2025/04/19 - 13:26:51 | batch update finished 
[SYS] 2025/04/19 - 13:26:56 | batch update started 
[SYS] 2025/04/19 - 13:26:56 | batch update finished 
[SYS] 2025/04/19 - 13:27:01 | syncing options from database 
[SYS] 2025/04/19 - 13:27:01 | syncing channels from database 
[SYS] 2025/04/19 - 13:27:01 | channels synced from database 
[SYS] 2025/04/19 - 13:27:01 | 任务进度轮询开始 
[SYS] 2025/04/19 - 13:27:01 | 任务进度轮询完成 
[SYS] 2025/04/19 - 13:27:01 | batch update started 
[SYS] 2025/04/19 - 13:27:01 | batch update finished 
[SYS] 2025/04/19 - 13:27:06 | batch update started 
[SYS] 2025/04/19 - 13:27:06 | batch update finished 
[SYS] 2025/04/19 - 13:27:11 | batch update started 
[SYS] 2025/04/19 - 13:27:11 | batch update finished 
[GIN] 2025/04/19 - 13:27:16 | 202504191327168935520MtEDnibF | 200 |    1.183753ms |             ::1 |     GET /token
[SYS] 2025/04/19 - 13:27:16 | 任务进度轮询开始 
[SYS] 2025/04/19 - 13:27:16 | 任务进度轮询完成 
[SYS] 2025/04/19 - 13:27:16 | batch update started 
[SYS] 2025/04/19 - 13:27:16 | batch update finished 
[GIN] 2025/04/19 - 13:27:17 | 20250419132717908379199NrkKgcwJ | 200 |   10.079309ms |             ::1 |     GET /api/user/models
[GIN] 2025/04/19 - 13:27:17 | 2025041913271792106195490iw8dQP | 200 |    6.191914ms |             ::1 |     GET /api/status
[GIN] 2025/04/19 - 13:27:17 | 20250419132717918491041kBEFOSUK | 200 |   16.623366ms |             ::1 |     GET /api/token/?p=0&size=10
[GIN] 2025/04/19 - 13:27:17 | 20250419132717911420849PETBRr8A | 200 |   46.603007ms |             ::1 |     GET /api/user/self/groups
[SYS] 2025/04/19 - 13:27:21 | batch update started 
[SYS] 2025/04/19 - 13:27:21 | batch update finished 
[SYS] 2025/04/19 - 13:27:24 | batch update started 
[SYS] 2025/04/19 - 13:27:24 | batch update finished 
[SYS] 2025/04/19 - 13:27:29 | 任务进度轮询开始 
[SYS] 2025/04/19 - 13:27:29 | 任务进度轮询完成 
[SYS] 2025/04/19 - 13:27:29 | batch update started 
[SYS] 2025/04/19 - 13:27:29 | batch update finished 
[SYS] 2025/04/19 - 13:27:34 | batch update started 
[SYS] 2025/04/19 - 13:27:34 | batch update finished 
[SYS] 2025/04/19 - 13:27:39 | batch update started 
[SYS] 2025/04/19 - 13:27:39 | batch update finished 
[SYS] 2025/04/19 - 13:27:44 | 任务进度轮询开始 
[SYS] 2025/04/19 - 13:27:44 | 任务进度轮询完成 
[SYS] 2025/04/19 - 13:27:44 | batch update started 
[SYS] 2025/04/19 - 13:27:44 | batch update finished 
[SYS] 2025/04/19 - 13:27:49 | batch update started 
[SYS] 2025/04/19 - 13:27:49 | batch update finished 
[SYS] 2025/04/19 - 13:27:53 | batch update started 
[SYS] 2025/04/19 - 13:27:53 | batch update finished 
[SYS] 2025/04/19 - 13:27:58 | 正在更新数据看板数据... 
[SYS] 2025/04/19 - 13:27:58 | 保存数据看板数据成功，共保存0条数据 
[SYS] 2025/04/19 - 13:27:58 | syncing options from database 
[SYS] 2025/04/19 - 13:27:58 | syncing channels from database 
[SYS] 2025/04/19 - 13:27:58 | channels synced from database 
[SYS] 2025/04/19 - 13:27:58 | 任务进度轮询开始 
[SYS] 2025/04/19 - 13:27:58 | 任务进度轮询完成 
[SYS] 2025/04/19 - 13:27:58 | batch update started 
[SYS] 2025/04/19 - 13:27:58 | batch update finished 
[SYS] 2025/04/19 - 13:28:03 | batch update started 
[SYS] 2025/04/19 - 13:28:03 | batch update finished 
[SYS] 2025/04/19 - 13:28:08 | batch update started 
[SYS] 2025/04/19 - 13:28:08 | batch update finished 
[SYS] 2025/04/19 - 13:28:13 | 任务进度轮询开始 
[SYS] 2025/04/19 - 13:28:13 | 任务进度轮询完成 
[SYS] 2025/04/19 - 13:28:13 | batch update started 
[SYS] 2025/04/19 - 13:28:13 | batch update finished 
[SYS] 2025/04/19 - 13:28:18 | batch update started 
[SYS] 2025/04/19 - 13:28:18 | batch update finished 
[SYS] 2025/04/19 - 13:28:23 | batch update started 
[SYS] 2025/04/19 - 13:28:23 | batch update finished 
[SYS] 2025/04/19 - 13:28:27 | 任务进度轮询开始 
[SYS] 2025/04/19 - 13:28:27 | 任务进度轮询完成 
[SYS] 2025/04/19 - 13:28:27 | batch update started 
[SYS] 2025/04/19 - 13:28:27 | batch update finished 
[SYS] 2025/04/19 - 13:28:32 | batch update started 
[SYS] 2025/04/19 - 13:28:32 | batch update finished 
[SYS] 2025/04/19 - 13:28:37 | batch update started 
[SYS] 2025/04/19 - 13:28:37 | batch update finished 
[SYS] 2025/04/19 - 13:28:42 | 任务进度轮询开始 
[SYS] 2025/04/19 - 13:28:42 | 任务进度轮询完成 
[SYS] 2025/04/19 - 13:28:42 | batch update started 
[SYS] 2025/04/19 - 13:28:42 | batch update finished 
[SYS] 2025/04/19 - 13:28:47 | batch update started 
[SYS] 2025/04/19 - 13:28:47 | batch update finished 
[SYS] 2025/04/19 - 13:28:52 | batch update started 
[SYS] 2025/04/19 - 13:28:52 | batch update finished 
[SYS] 2025/04/19 - 13:28:56 | syncing options from database 
[SYS] 2025/04/19 - 13:28:56 | syncing channels from database 
[SYS] 2025/04/19 - 13:28:56 | channels synced from database 
[SYS] 2025/04/19 - 13:28:56 | 任务进度轮询开始 
[SYS] 2025/04/19 - 13:28:56 | 任务进度轮询完成 
[SYS] 2025/04/19 - 13:28:56 | batch update started 
[SYS] 2025/04/19 - 13:28:56 | batch update finished 
[SYS] 2025/04/19 - 13:29:01 | batch update started 
[SYS] 2025/04/19 - 13:29:01 | batch update finished 
[SYS] 2025/04/19 - 13:29:06 | batch update started 
[SYS] 2025/04/19 - 13:29:06 | batch update finished 
[SYS] 2025/04/19 - 13:29:11 | 任务进度轮询开始 
[SYS] 2025/04/19 - 13:29:11 | 任务进度轮询完成 
[SYS] 2025/04/19 - 13:29:11 | batch update started 
[SYS] 2025/04/19 - 13:29:11 | batch update finished 
[SYS] 2025/04/19 - 13:29:16 | batch update started 
[SYS] 2025/04/19 - 13:29:16 | batch update finished 
[SYS] 2025/04/19 - 13:29:21 | batch update started 
[SYS] 2025/04/19 - 13:29:21 | batch update finished 
[SYS] 2025/04/19 - 13:29:26 | 任务进度轮询开始 
[SYS] 2025/04/19 - 13:29:26 | 任务进度轮询完成 
[SYS] 2025/04/19 - 13:29:26 | batch update started 
[SYS] 2025/04/19 - 13:29:26 | batch update finished 
[SYS] 2025/04/19 - 13:29:30 | batch update started 
[SYS] 2025/04/19 - 13:29:30 | batch update finished 
[SYS] 2025/04/19 - 13:29:35 | batch update started 
[SYS] 2025/04/19 - 13:29:35 | batch update finished 
[SYS] 2025/04/19 - 13:29:40 | 任务进度轮询开始 
[SYS] 2025/04/19 - 13:29:40 | 任务进度轮询完成 
[SYS] 2025/04/19 - 13:29:40 | batch update started 
[SYS] 2025/04/19 - 13:29:40 | batch update finished 
[SYS] 2025/04/19 - 13:29:45 | batch update started 
[SYS] 2025/04/19 - 13:29:45 | batch update finished 
[SYS] 2025/04/19 - 13:29:50 | batch update started 
[SYS] 2025/04/19 - 13:29:50 | batch update finished 
[SYS] 2025/04/19 - 13:29:54 | syncing options from database 
[SYS] 2025/04/19 - 13:29:54 | syncing channels from database 
[SYS] 2025/04/19 - 13:29:54 | channels synced from database 
[SYS] 2025/04/19 - 13:29:55 | 任务进度轮询开始 
[SYS] 2025/04/19 - 13:29:55 | 任务进度轮询完成 
[SYS] 2025/04/19 - 13:29:55 | batch update started 
[SYS] 2025/04/19 - 13:29:55 | batch update finished 
[SYS] 2025/04/19 - 13:29:59 | batch update started 
[SYS] 2025/04/19 - 13:29:59 | batch update finished 
[SYS] 2025/04/19 - 13:30:04 | batch update started 
[SYS] 2025/04/19 - 13:30:04 | batch update finished 
[SYS] 2025/04/19 - 13:30:08 | 任务进度轮询开始 
[SYS] 2025/04/19 - 13:30:08 | 任务进度轮询完成 
[SYS] 2025/04/19 - 13:30:09 | batch update started 
[SYS] 2025/04/19 - 13:30:09 | batch update finished 
[SYS] 2025/04/19 - 13:30:14 | batch update started 
[SYS] 2025/04/19 - 13:30:14 | batch update finished 
[SYS] 2025/04/19 - 13:30:19 | batch update started 
[SYS] 2025/04/19 - 13:30:19 | batch update finished 
