[SYS] 2025/04/22 - 22:13:16 | New API v0.0.0 started 
[SYS] 2025/04/22 - 22:13:16 | using MySQL as database 
[SYS] 2025/04/22 - 22:13:17 | database migration started 
[SYS] 2025/04/22 - 22:13:17 | database migrated 
[SYS] 2025/04/22 - 22:13:17 | using MySQL as database 
[SYS] 2025/04/22 - 22:13:17 | database migration started 
[SYS] 2025/04/22 - 22:13:18 | Redis is enabled 
[SYS] 2025/04/22 - 22:13:18 | memory cache enabled 
[SYS] 2025/04/22 - 22:13:18 | sync frequency: 60 seconds 
[SYS] 2025/04/22 - 22:13:18 | channels synced from database 
[SYS] 2025/04/22 - 22:13:18 | batch update enabled with interval 5s 
[SYS] 2025/04/22 - 22:13:18 | 正在更新数据看板数据... 
[SYS] 2025/04/22 - 22:13:18 | 保存数据看板数据成功，共保存0条数据 
[SYS] 2025/04/22 - 22:13:18 | pprof enabled 
[SYS] 2025/04/22 - 22:13:18 | initializing token encoders 
[SYS] 2025/04/22 - 22:13:19 | token encoders initialized 
[SYS] 2025/04/22 - 22:13:19 | FRONTEND_BASE_URL is ignored on master node 
[SYS] 2025/04/22 - 22:13:23 | batch update started 
[SYS] 2025/04/22 - 22:13:23 | batch update finished 
[SYS] 2025/04/22 - 22:13:28 | batch update started 
[SYS] 2025/04/22 - 22:13:28 | batch update finished 
[SYS] 2025/04/22 - 22:13:33 | 任务进度轮询开始 
[SYS] 2025/04/22 - 22:13:33 | batch update started 
[SYS] 2025/04/22 - 22:13:33 | batch update finished 
[SYS] 2025/04/22 - 22:13:33 | 任务进度轮询完成 
[GIN] 2025/04/22 - 22:13:33 | 20250422221333500680577NqbRsCQm | 200 |    1.006666ms | 2c0f:f5c0:446:f4cf:f1a3:38f0:3fc6:c61a |     GET /token
[GIN] 2025/04/22 - 22:13:35 | 20250422221335606685377XmwkF2W9 | 200 |    6.369489ms | 2c0f:f5c0:446:f4cf:f1a3:38f0:3fc6:c61a |     GET /api/user/self/groups
[GIN] 2025/04/22 - 22:13:35 | 20250422221335586455972GUGuAzNf | 200 |   29.093709ms | 2c0f:f5c0:446:f4cf:f1a3:38f0:3fc6:c61a |     GET /api/user/models
[GIN] 2025/04/22 - 22:13:35 | 202504222213355973327346JA8Wc2h | 200 |    24.83319ms | 2c0f:f5c0:446:f4cf:f1a3:38f0:3fc6:c61a |     GET /api/status
[GIN] 2025/04/22 - 22:13:35 | 20250422221335608796375qP5OgNeo | 200 |   31.126341ms | 2c0f:f5c0:446:f4cf:f1a3:38f0:3fc6:c61a |     GET /api/token/?p=0&size=10
[SYS] 2025/04/22 - 22:13:38 | batch update started 
[SYS] 2025/04/22 - 22:13:38 | batch update finished 
[GIN] 2025/04/22 - 22:13:39 | 20250422221339315438218yDCPjPg | 200 |    2.657908ms | 2c0f:f5c0:446:f4cf:f1a3:38f0:3fc6:c61a |     GET /api/user/self
[GIN] 2025/04/22 - 22:13:41 | 20250422221341431137365XwOzfqRh | 200 |    9.606177ms | 2c0f:f5c0:446:f4cf:f1a3:38f0:3fc6:c61a |    POST /api/user/amount
[GIN] 2025/04/22 - 22:13:41 | 20250422221341565339223mjRufNk0 | 200 |    2.423709ms | 2c0f:f5c0:446:f4cf:f1a3:38f0:3fc6:c61a |    POST /api/user/amount
[GIN] 2025/04/22 - 22:13:41 | 20250422221341716146593YMUrZMHD | 200 |     3.21595ms | 2c0f:f5c0:446:f4cf:f1a3:38f0:3fc6:c61a |    POST /api/user/amount
[SYS] 2025/04/22 - 22:13:43 | batch update started 
[SYS] 2025/04/22 - 22:13:43 | batch update finished 
[GIN] 2025/04/22 - 22:13:44 | 20250422221343727822397G2S0tgdk | 200 |  1.016607414s | 2c0f:f5c0:446:f4cf:f1a3:38f0:3fc6:c61a |    POST /api/user/pay
[SYS] 2025/04/22 - 22:13:48 | 任务进度轮询开始 
[SYS] 2025/04/22 - 22:13:48 | 任务进度轮询完成 
[SYS] 2025/04/22 - 22:13:48 | batch update started 
[SYS] 2025/04/22 - 22:13:48 | batch update finished 
[SYS] 2025/04/22 - 22:13:53 | batch update started 
[SYS] 2025/04/22 - 22:13:53 | batch update finished 
[SYS] 2025/04/22 - 22:13:58 | batch update started 
[SYS] 2025/04/22 - 22:13:58 | batch update finished 
[SYS] 2025/04/22 - 22:14:03 | 任务进度轮询开始 
[SYS] 2025/04/22 - 22:14:03 | 任务进度轮询完成 
[SYS] 2025/04/22 - 22:14:03 | batch update started 
[SYS] 2025/04/22 - 22:14:03 | batch update finished 
[GIN] 2025/04/22 - 22:14:04 | 20250422221404139668038OF9eiWYW | 200 |   81.240041ms |  54.187.205.235 |    POST /api/stripe/webhook
[GIN] 2025/04/22 - 22:14:07 | 20250422221407301804789frh9Ez07 | 200 |     941.172µs | 2c0f:f5c0:446:f4cf:f1a3:38f0:3fc6:c61a |     GET //topup-success
[SYS] 2025/04/22 - 22:14:08 | batch update started 
[SYS] 2025/04/22 - 22:14:08 | batch update finished 
[GIN] 2025/04/22 - 22:14:09 | 20250422221409191090979I0seGkpA | 200 |   10.077181ms | 2c0f:f5c0:446:f4cf:f1a3:38f0:3fc6:c61a |     GET /api/status
[SYS] 2025/04/22 - 22:14:13 | batch update started 
[SYS] 2025/04/22 - 22:14:13 | batch update finished 
[SYS] 2025/04/22 - 22:14:18 | syncing options from database 
[SYS] 2025/04/22 - 22:14:18 | 任务进度轮询开始 
[SYS] 2025/04/22 - 22:14:18 | syncing channels from database 
[SYS] 2025/04/22 - 22:14:18 | 任务进度轮询完成 
[SYS] 2025/04/22 - 22:14:18 | batch update started 
[SYS] 2025/04/22 - 22:14:18 | batch update finished 
[SYS] 2025/04/22 - 22:14:18 | channels synced from database 
