[SYS] 2025/04/22 - 05:29:59 | New API v0.6.6.2 started 
[SYS] 2025/04/22 - 05:29:59 | using MySQL as database 
[SYS] 2025/04/22 - 05:29:59 | database migration started 
[SYS] 2025/04/22 - 05:30:00 | database migrated 
[SYS] 2025/04/22 - 05:30:00 | system is not initialized and no root user exists 
[SYS] 2025/04/22 - 05:30:00 | SYNC_FREQUENCY not set, use default value 60 
[SYS] 2025/04/22 - 05:30:00 | Redis is enabled 
[SYS] 2025/04/22 - 05:30:01 | memory cache enabled 
[SYS] 2025/04/22 - 05:30:01 | sync frequency: 60 seconds 
[SYS] 2025/04/22 - 05:30:01 | channels synced from database 
[SYS] 2025/04/22 - 05:30:01 | initializing token encoders 
[SYS] 2025/04/22 - 05:30:01 | 正在更新数据看板数据... 
[SYS] 2025/04/22 - 05:30:01 | 保存数据看板数据成功，共保存0条数据 
[SYS] 2025/04/22 - 05:30:09 | token encoders initialized 
[SYS] 2025/04/22 - 05:30:16 | 任务进度轮询开始 
[SYS] 2025/04/22 - 05:30:16 | 任务进度轮询完成 
[GIN] 2025/04/22 - 05:30:26 | 20250422053026493948494dUsDZrKQ | 200 |     2.82799ms |             ::1 |     GET /api/status
[SYS] 2025/04/22 - 05:30:28 | 任务进度轮询开始 
[SYS] 2025/04/22 - 05:30:28 | 任务进度轮询完成 
[GIN] 2025/04/22 - 05:30:37 | 2025042205303762854408qWnwB9J | 200 |    1.335088ms |      172.18.0.1 |     GET /
[GIN] 2025/04/22 - 05:30:38 | 20250422053038506654028ByWdESlT | 200 |    1.146892ms |      172.18.0.1 |     GET /api/status
[GIN] 2025/04/22 - 05:30:38 | 20250422053038736794390CFKiiOYy | 200 |    1.121632ms |      172.18.0.1 |     GET /setup
[GIN] 2025/04/22 - 05:30:39 | 20250422053039501324621nXOyiPNR | 200 |    3.356256ms |      172.18.0.1 |     GET /api/setup
[GIN] 2025/04/22 - 05:30:39 | 20250422053039511787276I4C6bIkZ | 200 |    1.145142ms |      172.18.0.1 |     GET /api/status
[SYS] 2025/04/22 - 05:30:43 | 任务进度轮询开始 
[SYS] 2025/04/22 - 05:30:43 | 任务进度轮询完成 
[GIN] 2025/04/22 - 05:30:54 | 20250422053054371892992dqKnNJFv | 200 |    1.113511ms |             ::1 |     GET /api/status
[SYS] 2025/04/22 - 05:30:56 | syncing options from database 
[SYS] 2025/04/22 - 05:30:56 | syncing channels from database 
[SYS] 2025/04/22 - 05:30:56 | channels synced from database 
[SYS] 2025/04/22 - 05:30:56 | 任务进度轮询开始 
[SYS] 2025/04/22 - 05:30:56 | 任务进度轮询完成 
[SYS] 2025/04/22 - 05:31:11 | 任务进度轮询开始 
[SYS] 2025/04/22 - 05:31:11 | 任务进度轮询完成 
[GIN] 2025/04/22 - 05:31:22 | 202504220531226883384HYpoQyr8 | 200 |    1.473863ms |             ::1 |     GET /api/status
[SYS] 2025/04/22 - 05:31:24 | 任务进度轮询开始 
[SYS] 2025/04/22 - 05:31:24 | 任务进度轮询完成 
[SYS] 2025/04/22 - 05:31:39 | 任务进度轮询开始 
[SYS] 2025/04/22 - 05:31:39 | 任务进度轮询完成 
[GIN] 2025/04/22 - 05:31:49 | 20250422053149890114702afoOJFVI | 200 |    1.069901ms |             ::1 |     GET /api/status
[SYS] 2025/04/22 - 05:31:51 | syncing options from database 
[SYS] 2025/04/22 - 05:31:51 | syncing channels from database 
[SYS] 2025/04/22 - 05:31:51 | channels synced from database 
[SYS] 2025/04/22 - 05:31:51 | 任务进度轮询开始 
[SYS] 2025/04/22 - 05:31:51 | 任务进度轮询完成 
[SYS] 2025/04/22 - 05:32:06 | 任务进度轮询开始 
[SYS] 2025/04/22 - 05:32:06 | 任务进度轮询完成 
[GIN] 2025/04/22 - 05:32:17 | 20250422053217693583550R4P6UnYk | 200 |     984.323µs |             ::1 |     GET /api/status
[SYS] 2025/04/22 - 05:32:19 | 任务进度轮询开始 
[SYS] 2025/04/22 - 05:32:19 | 任务进度轮询完成 
[SYS] 2025/04/22 - 05:32:34 | 任务进度轮询开始 
[SYS] 2025/04/22 - 05:32:34 | 任务进度轮询完成 
[GIN] 2025/04/22 - 05:32:45 | 20250422053245410900228ZvW7ONLU | 200 |     941.321µs |             ::1 |     GET /api/status
[SYS] 2025/04/22 - 05:32:47 | syncing options from database 
[SYS] 2025/04/22 - 05:32:47 | syncing channels from database 
[SYS] 2025/04/22 - 05:32:47 | channels synced from database 
[SYS] 2025/04/22 - 05:32:47 | 任务进度轮询开始 
[SYS] 2025/04/22 - 05:32:47 | 任务进度轮询完成 
[SYS] 2025/04/22 - 05:33:02 | 任务进度轮询开始 
[SYS] 2025/04/22 - 05:33:02 | 任务进度轮询完成 
[GIN] 2025/04/22 - 05:33:13 | 20250422053313278622579Awj4fHRk | 200 |    1.087284ms |             ::1 |     GET /api/status
[SYS] 2025/04/22 - 05:33:15 | 任务进度轮询开始 
[SYS] 2025/04/22 - 05:33:15 | 任务进度轮询完成 
[SYS] 2025/04/22 - 05:33:30 | 任务进度轮询开始 
[SYS] 2025/04/22 - 05:33:30 | 任务进度轮询完成 
[GIN] 2025/04/22 - 05:33:41 | 20250422053341699757866gfI2oJd | 200 |      923.96µs |             ::1 |     GET /api/status
[SYS] 2025/04/22 - 05:33:42 | syncing options from database 
[SYS] 2025/04/22 - 05:33:42 | syncing channels from database 
[SYS] 2025/04/22 - 05:33:42 | channels synced from database 
[SYS] 2025/04/22 - 05:33:42 | 任务进度轮询开始 
[SYS] 2025/04/22 - 05:33:42 | 任务进度轮询完成 
[SYS] 2025/04/22 - 05:33:57 | 任务进度轮询开始 
[SYS] 2025/04/22 - 05:33:57 | 任务进度轮询完成 
[GIN] 2025/04/22 - 05:34:08 | 20250422053408901929326v37YGK8C | 200 |    2.612692ms |             ::1 |     GET /api/status
[SYS] 2025/04/22 - 05:34:10 | 任务进度轮询开始 
[SYS] 2025/04/22 - 05:34:10 | 任务进度轮询完成 
[SYS] 2025/04/22 - 05:34:25 | 任务进度轮询开始 
[SYS] 2025/04/22 - 05:34:25 | 任务进度轮询完成 
[GIN] 2025/04/22 - 05:34:36 | 202504220534367103260467nXBOkCp | 200 |    2.338601ms |             ::1 |     GET /api/status
[SYS] 2025/04/22 - 05:34:38 | syncing options from database 
[SYS] 2025/04/22 - 05:34:38 | 正在更新数据看板数据... 
[SYS] 2025/04/22 - 05:34:38 | 保存数据看板数据成功，共保存0条数据 
[SYS] 2025/04/22 - 05:34:38 | syncing channels from database 
[SYS] 2025/04/22 - 05:34:38 | channels synced from database 
[SYS] 2025/04/22 - 05:34:38 | 任务进度轮询开始 
[SYS] 2025/04/22 - 05:34:38 | 任务进度轮询完成 
[SYS] 2025/04/22 - 05:34:53 | 任务进度轮询开始 
[SYS] 2025/04/22 - 05:34:53 | 任务进度轮询完成 
[GIN] 2025/04/22 - 05:35:04 | 202504220535044447615764aKATFb4 | 200 |    1.001831ms |             ::1 |     GET /api/status
[SYS] 2025/04/22 - 05:35:05 | 任务进度轮询开始 
[SYS] 2025/04/22 - 05:35:05 | 任务进度轮询完成 
[SYS] 2025/04/22 - 05:35:20 | 任务进度轮询开始 
[SYS] 2025/04/22 - 05:35:20 | 任务进度轮询完成 
[GIN] 2025/04/22 - 05:35:32 | 20250422053532342247207EJDOOG49 | 200 |     2.09408ms |             ::1 |     GET /api/status
[SYS] 2025/04/22 - 05:35:33 | syncing options from database 
[SYS] 2025/04/22 - 05:35:33 | syncing channels from database 
[SYS] 2025/04/22 - 05:35:33 | channels synced from database 
[SYS] 2025/04/22 - 05:35:33 | 任务进度轮询开始 
[SYS] 2025/04/22 - 05:35:33 | 任务进度轮询完成 
[SYS] 2025/04/22 - 05:35:48 | 任务进度轮询开始 
[SYS] 2025/04/22 - 05:35:48 | 任务进度轮询完成 
[GIN] 2025/04/22 - 05:36:00 | 20250422053600133490805jHgfzlFF | 200 |     895.995µs |             ::1 |     GET /api/status
[SYS] 2025/04/22 - 05:36:01 | 任务进度轮询开始 
[SYS] 2025/04/22 - 05:36:01 | 任务进度轮询完成 
[SYS] 2025/04/22 - 05:36:16 | 任务进度轮询开始 
[SYS] 2025/04/22 - 05:36:16 | 任务进度轮询完成 
[GIN] 2025/04/22 - 05:36:27 | 20250422053627820112386yk4KpNpL | 200 |    1.236234ms |             ::1 |     GET /api/status
[SYS] 2025/04/22 - 05:36:28 | syncing options from database 
[SYS] 2025/04/22 - 05:36:29 | syncing channels from database 
[SYS] 2025/04/22 - 05:36:29 | channels synced from database 
[SYS] 2025/04/22 - 05:36:29 | 任务进度轮询开始 
[SYS] 2025/04/22 - 05:36:29 | 任务进度轮询完成 
[SYS] 2025/04/22 - 05:36:44 | 任务进度轮询开始 
[SYS] 2025/04/22 - 05:36:44 | 任务进度轮询完成 
[GIN] 2025/04/22 - 05:36:55 | 20250422053655663603137ebI0lJN9 | 200 |    1.038298ms |             ::1 |     GET /api/status
[SYS] 2025/04/22 - 05:36:56 | 任务进度轮询开始 
[SYS] 2025/04/22 - 05:36:56 | 任务进度轮询完成 
[SYS] 2025/04/22 - 05:37:11 | 任务进度轮询开始 
[SYS] 2025/04/22 - 05:37:11 | 任务进度轮询完成 
[GIN] 2025/04/22 - 05:37:23 | 20250422053723402829413pHtHNrcL | 200 |     939.627µs |             ::1 |     GET /api/status
[SYS] 2025/04/22 - 05:37:24 | syncing options from database 
[SYS] 2025/04/22 - 05:37:24 | syncing channels from database 
[SYS] 2025/04/22 - 05:37:24 | channels synced from database 
[SYS] 2025/04/22 - 05:37:24 | 任务进度轮询开始 
[SYS] 2025/04/22 - 05:37:24 | 任务进度轮询完成 
[SYS] 2025/04/22 - 05:37:39 | 任务进度轮询开始 
[SYS] 2025/04/22 - 05:37:39 | 任务进度轮询完成 
[GIN] 2025/04/22 - 05:37:51 | 20250422053751211188346Kp8PfBeZ | 200 |     837.904µs |             ::1 |     GET /api/status
[SYS] 2025/04/22 - 05:37:52 | 任务进度轮询开始 
[SYS] 2025/04/22 - 05:37:52 | 任务进度轮询完成 
[SYS] 2025/04/22 - 05:38:07 | 任务进度轮询开始 
[SYS] 2025/04/22 - 05:38:07 | 任务进度轮询完成 
[GIN] 2025/04/22 - 05:38:19 | 2025042205381947816837fE93n89G | 200 |    3.310232ms |             ::1 |     GET /api/status
[SYS] 2025/04/22 - 05:38:19 | syncing options from database 
[SYS] 2025/04/22 - 05:38:19 | syncing channels from database 
[SYS] 2025/04/22 - 05:38:19 | channels synced from database 
[SYS] 2025/04/22 - 05:38:20 | 任务进度轮询开始 
[SYS] 2025/04/22 - 05:38:20 | 任务进度轮询完成 
[SYS] 2025/04/22 - 05:38:35 | 任务进度轮询开始 
[SYS] 2025/04/22 - 05:38:35 | 任务进度轮询完成 
[GIN] 2025/04/22 - 05:38:46 | 20250422053846861701428JZ7qzsxO | 200 |    2.564184ms |             ::1 |     GET /api/status
[SYS] 2025/04/22 - 05:38:48 | 任务进度轮询开始 
[SYS] 2025/04/22 - 05:38:48 | 任务进度轮询完成 
[SYS] 2025/04/22 - 05:39:03 | 任务进度轮询开始 
[SYS] 2025/04/22 - 05:39:03 | 任务进度轮询完成 
[GIN] 2025/04/22 - 05:39:14 | 20250422053914798583733hywRzcLP | 200 |     1.11382ms |             ::1 |     GET /api/status
[SYS] 2025/04/22 - 05:39:15 | 正在更新数据看板数据... 
[SYS] 2025/04/22 - 05:39:15 | 保存数据看板数据成功，共保存0条数据 
[SYS] 2025/04/22 - 05:39:15 | syncing options from database 
[SYS] 2025/04/22 - 05:39:15 | syncing channels from database 
[SYS] 2025/04/22 - 05:39:15 | channels synced from database 
[SYS] 2025/04/22 - 05:39:15 | 任务进度轮询开始 
[SYS] 2025/04/22 - 05:39:15 | 任务进度轮询完成 
[SYS] 2025/04/22 - 05:39:30 | 任务进度轮询开始 
[SYS] 2025/04/22 - 05:39:30 | 任务进度轮询完成 
[GIN] 2025/04/22 - 05:39:42 | 20250422053942283289648vZkG0Sj7 | 200 |    1.314771ms |             ::1 |     GET /api/status
[SYS] 2025/04/22 - 05:39:42 | 任务进度轮询开始 
[SYS] 2025/04/22 - 05:39:42 | 任务进度轮询完成 
[SYS] 2025/04/22 - 05:39:57 | 任务进度轮询开始 
[SYS] 2025/04/22 - 05:39:57 | 任务进度轮询完成 
[GIN] 2025/04/22 - 05:40:06 | 2025042205400653260071gG8iUUvQ | 200 |    3.017932ms |      172.18.0.1 |     GET /setup
[GIN] 2025/04/22 - 05:40:06 | 20250422054006760474701l6zk9yfY | 200 |    6.028981ms |      172.18.0.1 |     GET /api/status
[GIN] 2025/04/22 - 05:40:06 | 20250422054006760356929VnOt7lb6 | 200 |     19.8403ms |      172.18.0.1 |     GET /api/setup
[GIN] 2025/04/22 - 05:40:09 | 20250422054009905268668EKn2CzZc | 200 |    1.643128ms |             ::1 |     GET /api/status
[GIN] 2025/04/22 - 05:40:10 | 20250422054010919680335fNVK3mpN | 200 |    2.386181ms |      172.18.0.1 |     GET /setup
[GIN] 2025/04/22 - 05:40:11 | 20250422054011464142292QYJVEQ42 | 200 |    2.335063ms |      172.18.0.1 |     GET /api/status
[GIN] 2025/04/22 - 05:40:11 | 20250422054011462291670EZXhU4vz | 200 |    5.275028ms |      172.18.0.1 |     GET /api/setup
[SYS] 2025/04/22 - 05:40:10 | syncing options from database 
[SYS] 2025/04/22 - 05:40:10 | syncing channels from database 
[SYS] 2025/04/22 - 05:40:10 | channels synced from database 
[SYS] 2025/04/22 - 05:40:10 | 任务进度轮询开始 
[SYS] 2025/04/22 - 05:40:10 | 任务进度轮询完成 
[SYS] 2025/04/22 - 05:40:25 | 任务进度轮询开始 
[SYS] 2025/04/22 - 05:40:25 | 任务进度轮询完成 
[GIN] 2025/04/22 - 05:40:37 | 20250422054037614944721Qz0r71pA | 200 |     768.691µs |             ::1 |     GET /api/status
[GIN] 2025/04/22 - 05:40:38 | 20250422054038752044226yD9hxKf1 | 200 |  236.513196ms |      172.18.0.1 |    POST /api/setup
[SYS] 2025/04/22 - 05:40:38 | 任务进度轮询开始 
[SYS] 2025/04/22 - 05:40:38 | 任务进度轮询完成 
[GIN] 2025/04/22 - 05:40:38 | 20250422054038310388689MWlJ7Ek1 | 200 |    1.736917ms |      172.18.0.1 |     GET /setup
[GIN] 2025/04/22 - 05:40:38 | 20250422054038916956741kZMZgjPY | 200 |    1.288882ms |      172.18.0.1 |     GET /api/setup
[GIN] 2025/04/22 - 05:40:38 | 20250422054038920431545l8ldzJoK | 200 |    1.497691ms |      172.18.0.1 |     GET /api/status
[GIN] 2025/04/22 - 05:40:38 | 20250422054038989517671wEDyDoc8 | 200 |    1.277342ms |      172.18.0.1 |     GET /
[GIN] 2025/04/22 - 05:40:39 | 20250422054039602199014MPTsqJTv | 200 |    1.382825ms |      172.18.0.1 |     GET /api/status
[GIN] 2025/04/22 - 05:40:39 | 20250422054039768219315annG11BC | 200 |      1.0228ms |      172.18.0.1 |     GET /api/notice
[GIN] 2025/04/22 - 05:40:39 | 20250422054039768187929pDU7suhG | 200 |    1.617305ms |      172.18.0.1 |     GET /api/home_page_content
[SYS] 2025/04/22 - 05:40:53 | 任务进度轮询开始 
[SYS] 2025/04/22 - 05:40:53 | 任务进度轮询完成 
[GIN] 2025/04/22 - 05:40:57 | 20250422054057112057065wpQfXZMN | 200 |  121.772101ms |      172.18.0.1 |    POST /api/user/login?turnstile=
[GIN] 2025/04/22 - 05:41:00 | 20250422054100126169012LM6Ftg5d | 200 |  136.134013ms |      172.18.0.1 |    POST /api/user/login?turnstile=
[GIN] 2025/04/22 - 05:41:00 | 20250422054100415905007uHRen7Hr | 200 |   10.592266ms |      172.18.0.1 |     GET /api/user/models
[GIN] 2025/04/22 - 05:41:00 | 20250422054100421597283NXl81xiO | 200 |   93.805942ms |      172.18.0.1 |     GET /api/user/self/groups
[GIN] 2025/04/22 - 05:41:00 | 20250422054100435352645YvnvrAoP | 200 |   99.166314ms |      172.18.0.1 |     GET /api/token/?p=0&size=10
[GIN] 2025/04/22 - 05:41:03 | 20250422054103661676078Ic5bzYQX | 200 |    2.580253ms |      172.18.0.1 |     GET /api/user/self
[GIN] 2025/04/22 - 05:41:05 | 20250422054105347395594SCWiC0SU | 200 |     805.725µs |             ::1 |     GET /api/status
[GIN] 2025/04/22 - 05:41:05 | 20250422054105378466848CMr2fM3p | 200 |   10.343834ms |      172.18.0.1 |     GET /api/option/
[GIN] 2025/04/22 - 05:41:05 | 20250422054105374184026Vyn0XnLH | 200 |   15.082014ms |      172.18.0.1 |     GET /api/channel/models_enabled
[SYS] 2025/04/22 - 05:41:05 | syncing options from database 
[SYS] 2025/04/22 - 05:41:05 | syncing channels from database 
[SYS] 2025/04/22 - 05:41:05 | channels synced from database 
[SYS] 2025/04/22 - 05:41:05 | 任务进度轮询开始 
[SYS] 2025/04/22 - 05:41:05 | 任务进度轮询完成 
[GIN] 2025/04/22 - 05:41:06 | 20250422054106883781132ejkqgItK | 200 |    3.763565ms |      172.18.0.1 |     GET /api/option/
[GIN] 2025/04/22 - 05:41:09 | 20250422054109478800814ZgESWzHq | 200 |    2.345102ms |      172.18.0.1 |     GET /api/option/
[GIN] 2025/04/22 - 05:41:09 | 202504220541094785977150QZiXzig | 200 |    3.377376ms |      172.18.0.1 |     GET /api/channel/models_enabled
[GIN] 2025/04/22 - 05:41:15 | 20250422054115313849666MgDRJjYL | 200 |    2.643614ms |      172.18.0.1 |     GET /api/option/
[SYS] 2025/04/22 - 05:41:20 | 任务进度轮询开始 
[SYS] 2025/04/22 - 05:41:20 | 任务进度轮询完成 
[GIN] 2025/04/22 - 05:41:33 | 2025042205413342973416iMiZSi3j | 200 |    1.506458ms |             ::1 |     GET /api/status
[SYS] 2025/04/22 - 05:41:33 | 任务进度轮询开始 
[SYS] 2025/04/22 - 05:41:33 | 任务进度轮询完成 
[SYS] 2025/04/22 - 05:41:48 | 任务进度轮询开始 
[SYS] 2025/04/22 - 05:41:48 | 任务进度轮询完成 
[GIN] 2025/04/22 - 05:42:00 | 20250422054200808201225bPpryUGx | 200 |    1.101195ms |             ::1 |     GET /api/status
[SYS] 2025/04/22 - 05:42:00 | syncing options from database 
[SYS] 2025/04/22 - 05:42:00 | syncing channels from database 
[SYS] 2025/04/22 - 05:42:00 | channels synced from database 
[SYS] 2025/04/22 - 05:42:01 | 任务进度轮询开始 
[SYS] 2025/04/22 - 05:42:01 | 任务进度轮询完成 
[SYS] 2025/04/22 - 05:42:16 | 任务进度轮询开始 
[SYS] 2025/04/22 - 05:42:16 | 任务进度轮询完成 
[GIN] 2025/04/22 - 05:42:28 | 20250422054228562386398n8OH8867 | 200 |     981.832µs |             ::1 |     GET /api/status
[SYS] 2025/04/22 - 05:42:28 | 任务进度轮询开始 
[SYS] 2025/04/22 - 05:42:28 | 任务进度轮询完成 
[SYS] 2025/04/22 - 05:42:43 | 任务进度轮询开始 
[SYS] 2025/04/22 - 05:42:43 | 任务进度轮询完成 
[GIN] 2025/04/22 - 05:42:56 | 20250422054256394784753s4jPbpC2 | 200 |    1.198343ms |             ::1 |     GET /api/status
[SYS] 2025/04/22 - 05:42:56 | syncing options from database 
[SYS] 2025/04/22 - 05:42:56 | syncing channels from database 
[SYS] 2025/04/22 - 05:42:56 | channels synced from database 
[SYS] 2025/04/22 - 05:42:56 | 任务进度轮询开始 
[SYS] 2025/04/22 - 05:42:56 | 任务进度轮询完成 
[SYS] 2025/04/22 - 05:43:11 | 任务进度轮询开始 
[SYS] 2025/04/22 - 05:43:11 | 任务进度轮询完成 
[GIN] 2025/04/22 - 05:43:24 | 202504220543242201096018vrgppjr | 200 |    4.306163ms |             ::1 |     GET /api/status
[SYS] 2025/04/22 - 05:43:23 | 任务进度轮询开始 
[SYS] 2025/04/22 - 05:43:23 | 任务进度轮询完成 
[SYS] 2025/04/22 - 05:43:38 | 任务进度轮询开始 
[SYS] 2025/04/22 - 05:43:38 | 任务进度轮询完成 
[GIN] 2025/04/22 - 05:43:51 | 20250422054351812246788qXjBdnhA | 200 |    1.250616ms |             ::1 |     GET /api/status
[SYS] 2025/04/22 - 05:43:50 | 正在更新数据看板数据... 
[SYS] 2025/04/22 - 05:43:50 | 保存数据看板数据成功，共保存0条数据 
[SYS] 2025/04/22 - 05:43:50 | syncing options from database 
[SYS] 2025/04/22 - 05:43:51 | syncing channels from database 
[SYS] 2025/04/22 - 05:43:51 | channels synced from database 
[SYS] 2025/04/22 - 05:43:51 | 任务进度轮询开始 
[SYS] 2025/04/22 - 05:43:51 | 任务进度轮询完成 
[SYS] 2025/04/22 - 05:44:06 | 任务进度轮询开始 
[SYS] 2025/04/22 - 05:44:06 | 任务进度轮询完成 
[GIN] 2025/04/22 - 05:44:19 | 20250422054419363988050ULqDjI9I | 200 |     941.883µs |             ::1 |     GET /api/status
[SYS] 2025/04/22 - 05:44:19 | 任务进度轮询开始 
[SYS] 2025/04/22 - 05:44:19 | 任务进度轮询完成 
[SYS] 2025/04/22 - 05:44:34 | 任务进度轮询开始 
[SYS] 2025/04/22 - 05:44:34 | 任务进度轮询完成 
[GIN] 2025/04/22 - 05:44:47 | 20250422054447195227355QugkCdh8 | 200 |    1.464462ms |             ::1 |     GET /api/status
[SYS] 2025/04/22 - 05:44:46 | syncing options from database 
[SYS] 2025/04/22 - 05:44:46 | syncing channels from database 
[SYS] 2025/04/22 - 05:44:46 | channels synced from database 
[SYS] 2025/04/22 - 05:44:46 | 任务进度轮询开始 
[SYS] 2025/04/22 - 05:44:46 | 任务进度轮询完成 
[SYS] 2025/04/22 - 05:45:01 | 任务进度轮询开始 
[SYS] 2025/04/22 - 05:45:01 | 任务进度轮询完成 
[GIN] 2025/04/22 - 05:45:14 | 20250422054514849443640EpP2yf5I | 200 |    1.214077ms |             ::1 |     GET /api/status
[SYS] 2025/04/22 - 05:45:14 | 任务进度轮询开始 
[SYS] 2025/04/22 - 05:45:14 | 任务进度轮询完成 
[SYS] 2025/04/22 - 05:45:29 | 任务进度轮询开始 
[SYS] 2025/04/22 - 05:45:29 | 任务进度轮询完成 
[GIN] 2025/04/22 - 05:45:42 | 20250422054542527883706C58G18wo | 200 |    2.155888ms |             ::1 |     GET /api/status
[SYS] 2025/04/22 - 05:45:41 | syncing options from database 
[SYS] 2025/04/22 - 05:45:41 | syncing channels from database 
[SYS] 2025/04/22 - 05:45:41 | channels synced from database 
[SYS] 2025/04/22 - 05:45:41 | 任务进度轮询开始 
[SYS] 2025/04/22 - 05:45:41 | 任务进度轮询完成 
[SYS] 2025/04/22 - 05:45:56 | 任务进度轮询开始 
[SYS] 2025/04/22 - 05:45:56 | 任务进度轮询完成 
[GIN] 2025/04/22 - 05:46:10 | 20250422054610304350520mHEFXXPv | 200 |     897.303µs |             ::1 |     GET /api/status
[SYS] 2025/04/22 - 05:46:09 | 任务进度轮询开始 
[SYS] 2025/04/22 - 05:46:09 | 任务进度轮询完成 
[SYS] 2025/04/22 - 05:46:24 | 任务进度轮询开始 
[SYS] 2025/04/22 - 05:46:24 | 任务进度轮询完成 
[GIN] 2025/04/22 - 05:46:37 | 20250422054637921701670gauHQ6Cv | 200 |    1.521151ms |             ::1 |     GET /api/status
[SYS] 2025/04/22 - 05:46:36 | syncing options from database 
[SYS] 2025/04/22 - 05:46:36 | syncing channels from database 
[SYS] 2025/04/22 - 05:46:36 | channels synced from database 
[SYS] 2025/04/22 - 05:46:36 | 任务进度轮询开始 
[SYS] 2025/04/22 - 05:46:36 | 任务进度轮询完成 
[SYS] 2025/04/22 - 05:46:51 | 任务进度轮询开始 
[SYS] 2025/04/22 - 05:46:52 | 任务进度轮询完成 
[GIN] 2025/04/22 - 05:47:05 | 20250422054705626525202vl1uuErR | 200 |    1.302643ms |             ::1 |     GET /api/status
[SYS] 2025/04/22 - 05:47:04 | 任务进度轮询开始 
[SYS] 2025/04/22 - 05:47:04 | 任务进度轮询完成 
[SYS] 2025/04/22 - 05:47:19 | 任务进度轮询开始 
[SYS] 2025/04/22 - 05:47:19 | 任务进度轮询完成 
[GIN] 2025/04/22 - 05:47:32 | 20250422054732555164247qq0CWywQ | 200 |    1.025154ms |             ::1 |     GET /api/status
[SYS] 2025/04/22 - 05:47:31 | syncing options from database 
[SYS] 2025/04/22 - 05:47:31 | syncing channels from database 
[SYS] 2025/04/22 - 05:47:31 | channels synced from database 
[SYS] 2025/04/22 - 05:47:32 | 任务进度轮询开始 
[SYS] 2025/04/22 - 05:47:32 | 任务进度轮询完成 
[SYS] 2025/04/22 - 05:47:47 | 任务进度轮询开始 
[SYS] 2025/04/22 - 05:47:47 | 任务进度轮询完成 
[GIN] 2025/04/22 - 05:48:00 | 20250422054800272983138FvyrZ4Pd | 200 |    1.083509ms |             ::1 |     GET /api/status
[SYS] 2025/04/22 - 05:47:59 | 任务进度轮询开始 
[SYS] 2025/04/22 - 05:47:59 | 任务进度轮询完成 
[SYS] 2025/04/22 - 05:48:14 | 任务进度轮询开始 
[SYS] 2025/04/22 - 05:48:14 | 任务进度轮询完成 
[GIN] 2025/04/22 - 05:48:26 | 20250422054826141684783YRKByxLL | 200 |    1.141915ms |             ::1 |     GET /api/status
[SYS] 2025/04/22 - 05:48:26 | 正在更新数据看板数据... 
[SYS] 2025/04/22 - 05:48:26 | 保存数据看板数据成功，共保存0条数据 
[SYS] 2025/04/22 - 05:48:26 | syncing options from database 
[SYS] 2025/04/22 - 05:48:26 | syncing channels from database 
[SYS] 2025/04/22 - 05:48:26 | channels synced from database 
[SYS] 2025/04/22 - 05:48:27 | 任务进度轮询开始 
[SYS] 2025/04/22 - 05:48:27 | 任务进度轮询完成 
[SYS] 2025/04/22 - 05:48:42 | 任务进度轮询开始 
[SYS] 2025/04/22 - 05:48:42 | 任务进度轮询完成 
[GIN] 2025/04/22 - 05:48:53 | 20250422054853894862892m3z1JCcL | 200 |    7.103857ms |             ::1 |     GET /api/status
[SYS] 2025/04/22 - 05:48:54 | 任务进度轮询开始 
[SYS] 2025/04/22 - 05:48:54 | 任务进度轮询完成 
[SYS] 2025/04/22 - 05:49:09 | 任务进度轮询开始 
[SYS] 2025/04/22 - 05:49:09 | 任务进度轮询完成 
[GIN] 2025/04/22 - 05:49:21 | 20250422054921528404137kBMo63Pf | 200 |      898.59µs |             ::1 |     GET /api/status
[SYS] 2025/04/22 - 05:49:21 | syncing options from database 
[SYS] 2025/04/22 - 05:49:21 | syncing channels from database 
[SYS] 2025/04/22 - 05:49:21 | channels synced from database 
[SYS] 2025/04/22 - 05:49:22 | 任务进度轮询开始 
[SYS] 2025/04/22 - 05:49:22 | 任务进度轮询完成 
[SYS] 2025/04/22 - 05:49:37 | 任务进度轮询开始 
[SYS] 2025/04/22 - 05:49:37 | 任务进度轮询完成 
[GIN] 2025/04/22 - 05:49:49 | 2025042205494968879271bC8Mc2mm | 200 |     847.403µs |             ::1 |     GET /api/status
[SYS] 2025/04/22 - 05:49:49 | 任务进度轮询开始 
[SYS] 2025/04/22 - 05:49:49 | 任务进度轮询完成 
[SYS] 2025/04/22 - 05:50:04 | 任务进度轮询开始 
[SYS] 2025/04/22 - 05:50:04 | 任务进度轮询完成 
[GIN] 2025/04/22 - 05:50:16 | 20250422055016710788421HRruKTYE | 200 |     932.689µs |             ::1 |     GET /api/status
[SYS] 2025/04/22 - 05:50:16 | syncing options from database 
[SYS] 2025/04/22 - 05:50:16 | syncing channels from database 
[SYS] 2025/04/22 - 05:50:16 | channels synced from database 
[SYS] 2025/04/22 - 05:50:17 | 任务进度轮询开始 
[SYS] 2025/04/22 - 05:50:17 | 任务进度轮询完成 
[SYS] 2025/04/22 - 05:50:32 | 任务进度轮询开始 
[SYS] 2025/04/22 - 05:50:32 | 任务进度轮询完成 
[GIN] 2025/04/22 - 05:50:44 | 20250422055044291973557ezbgxKea | 200 |     1.19517ms |             ::1 |     GET /api/status
[SYS] 2025/04/22 - 05:50:44 | 任务进度轮询开始 
[SYS] 2025/04/22 - 05:50:44 | 任务进度轮询完成 
[SYS] 2025/04/22 - 05:50:59 | 任务进度轮询开始 
[SYS] 2025/04/22 - 05:50:59 | 任务进度轮询完成 
[SYS] 2025/04/22 - 05:51:11 | syncing options from database 
[SYS] 2025/04/22 - 05:51:11 | syncing channels from database 
[SYS] 2025/04/22 - 05:51:11 | channels synced from database 
[GIN] 2025/04/22 - 05:51:11 | 20250422055111986261198NEGetXl5 | 200 |      815.95µs |             ::1 |     GET /api/status
[SYS] 2025/04/22 - 05:51:12 | 任务进度轮询开始 
[SYS] 2025/04/22 - 05:51:12 | 任务进度轮询完成 
[SYS] 2025/04/22 - 05:51:27 | 任务进度轮询开始 
[SYS] 2025/04/22 - 05:51:27 | 任务进度轮询完成 
[GIN] 2025/04/22 - 05:51:39 | 20250422055139633817009ywFlWKUL | 200 |    2.596321ms |             ::1 |     GET /api/status
[SYS] 2025/04/22 - 05:51:40 | 任务进度轮询开始 
[SYS] 2025/04/22 - 05:51:40 | 任务进度轮询完成 
[SYS] 2025/04/22 - 05:51:55 | 任务进度轮询开始 
[SYS] 2025/04/22 - 05:51:55 | 任务进度轮询完成 
[SYS] 2025/04/22 - 05:52:06 | syncing options from database 
[SYS] 2025/04/22 - 05:52:06 | syncing channels from database 
[SYS] 2025/04/22 - 05:52:06 | channels synced from database 
[GIN] 2025/04/22 - 05:52:07 | 20250422055207265695716qA7THxH3 | 200 |    3.724762ms |             ::1 |     GET /api/status
[SYS] 2025/04/22 - 05:52:07 | 任务进度轮询开始 
[SYS] 2025/04/22 - 05:52:07 | 任务进度轮询完成 
[SYS] 2025/04/22 - 05:52:22 | 任务进度轮询开始 
[SYS] 2025/04/22 - 05:52:22 | 任务进度轮询完成 
[GIN] 2025/04/22 - 05:52:34 | 20250422055234958693749SXL1kfqS | 200 |     3.55135ms |             ::1 |     GET /api/status
[SYS] 2025/04/22 - 05:52:35 | 任务进度轮询开始 
[SYS] 2025/04/22 - 05:52:35 | 任务进度轮询完成 
[SYS] 2025/04/22 - 05:52:50 | 任务进度轮询开始 
[SYS] 2025/04/22 - 05:52:50 | 任务进度轮询完成 
[SYS] 2025/04/22 - 05:53:01 | 正在更新数据看板数据... 
[SYS] 2025/04/22 - 05:53:01 | 保存数据看板数据成功，共保存0条数据 
[SYS] 2025/04/22 - 05:53:01 | syncing options from database 
[SYS] 2025/04/22 - 05:53:01 | syncing channels from database 
[SYS] 2025/04/22 - 05:53:01 | channels synced from database 
[SYS] 2025/04/22 - 05:53:02 | 任务进度轮询开始 
[SYS] 2025/04/22 - 05:53:02 | 任务进度轮询完成 
[GIN] 2025/04/22 - 05:53:02 | 202504220553026581764076G2kJHfF | 200 |    2.109029ms |             ::1 |     GET /api/status
[SYS] 2025/04/22 - 05:53:17 | 任务进度轮询开始 
[SYS] 2025/04/22 - 05:53:17 | 任务进度轮询完成 
[SYS] 2025/04/22 - 05:53:30 | 任务进度轮询开始 
[SYS] 2025/04/22 - 05:53:30 | 任务进度轮询完成 
[GIN] 2025/04/22 - 05:53:30 | 20250422055330128894599rROmWuc0 | 200 |     959.421µs |             ::1 |     GET /api/status
