[SYS] 2025/04/02 - 16:40:15 | New API v0.0.0 started 
[SYS] 2025/04/02 - 16:40:15 | using MySQL as database 
[SYS] 2025/04/02 - 16:40:16 | database migration started 
[SYS] 2025/04/02 - 16:40:16 | database migrated 
[SYS] 2025/04/02 - 16:40:16 | using MySQL as database 
[SYS] 2025/04/02 - 16:40:16 | database migration started 
[SYS] 2025/04/02 - 16:40:16 | Redis is enabled 
[SYS] 2025/04/02 - 16:40:16 | memory cache enabled 
[SYS] 2025/04/02 - 16:40:16 | sync frequency: 60 seconds 
[SYS] 2025/04/02 - 16:40:16 | channels synced from database 
[SYS] 2025/04/02 - 16:40:16 | batch update enabled with interval 5s 
[SYS] 2025/04/02 - 16:40:16 | pprof enabled 
[SYS] 2025/04/02 - 16:40:16 | initializing token encoders 
[SYS] 2025/04/02 - 16:40:16 | 正在更新数据看板数据... 
[SYS] 2025/04/02 - 16:40:16 | 保存数据看板数据成功，共保存0条数据 
[SYS] 2025/04/02 - 16:40:18 | token encoders initialized 
[SYS] 2025/04/02 - 16:40:18 | FRONTEND_BASE_URL is ignored on master node 
[SYS] 2025/04/02 - 16:40:21 | batch update started 
[SYS] 2025/04/02 - 16:40:21 | batch update finished 
[GIN] 2025/04/02 - 16:40:22 | 20250402164022293382058mzepyH4Q | 200 |  150.912452ms |             ::1 |     GET /login
[GIN] 2025/04/02 - 16:40:22 | 20250402164022797198338dKm4xM1v | 200 |   63.126573ms |             ::1 |     GET /assets/index-BlHU6rXa.js
[GIN] 2025/04/02 - 16:40:25 | 202504021640255024854835Jf7MmMA | 200 |   16.317422ms |             ::1 |     GET /api/status
[SYS] 2025/04/02 - 16:40:26 | batch update started 
[SYS] 2025/04/02 - 16:40:26 | batch update finished 
[SYS] 2025/04/02 - 16:40:31 | 任务进度轮询开始 
[SYS] 2025/04/02 - 16:40:31 | batch update started 
[SYS] 2025/04/02 - 16:40:31 | batch update finished 
[SYS] 2025/04/02 - 16:40:31 | 任务进度轮询完成 
[SYS] 2025/04/02 - 16:40:36 | batch update started 
[SYS] 2025/04/02 - 16:40:36 | batch update finished 
[SYS] 2025/04/02 - 16:40:43 | batch update started 
[SYS] 2025/04/02 - 16:40:43 | batch update finished 
[SYS] 2025/04/02 - 16:40:48 | 任务进度轮询开始 
[SYS] 2025/04/02 - 16:40:48 | 任务进度轮询完成 
[SYS] 2025/04/02 - 16:40:48 | batch update started 
[SYS] 2025/04/02 - 16:40:48 | batch update finished 
[SYS] 2025/04/02 - 16:40:53 | batch update started 
[SYS] 2025/04/02 - 16:40:53 | batch update finished 
[SYS] 2025/04/02 - 16:40:58 | batch update started 
[SYS] 2025/04/02 - 16:40:58 | batch update finished 
[GIN] 2025/04/02 - 16:41:02 | 20250402164102327691895o7s1KnWO | 307 |    1.639629ms |             ::1 |     GET /api/auth/google/login
[SYS] 2025/04/02 - 16:41:03 | 任务进度轮询开始 
[SYS] 2025/04/02 - 16:41:03 | batch update started 
[SYS] 2025/04/02 - 16:41:03 | batch update finished 
[SYS] 2025/04/02 - 16:41:03 | 任务进度轮询完成 
[SYS] 2025/04/02 - 16:41:08 | batch update started 
[SYS] 2025/04/02 - 16:41:08 | batch update finished 
[GIN] 2025/04/02 - 16:41:11 | 20250402164109573814108ffQPoLm5 | 303 |  1.472024286s |             ::1 |     GET /auth/google/callback?state=random_state&code=4%2F0AQSTgQEVS9ig9yCwJuLOC61qMEwBmGyU02OZj6zdVqV_Mesah3jhw8HJz6SdGqMkQWTGFA&scope=email+profile+https%3A%2F%2Fwww.googleapis.com%2Fauth%2Fuserinfo.profile+openid+https%3A%2F%2Fwww.googleapis.com%2Fauth%2Fuserinfo.email&authuser=0&prompt=none
[GIN] 2025/04/02 - 16:41:11 | 2025040216411159005600fbdVaxqF | 200 |    3.220968ms |             ::1 |     GET /login?token=eyJhbGciOiJIUzI1NiIsInR5cCI6IkpXVCJ9.eyJlbWFpbCI6Imtpbmdzb2JlY0BnbWFpbC5jb20iLCJleHAiOjE3NDYyMDA0NzEsImlkIjo0LCJybmQiOjE3NDM2MDg0NzEwNDU3ODc4NDV9.jIEJ96vdUVgAABj8kwfBoZuSIIiFSVjRPLDFDLnqB6I
[GIN] 2025/04/02 - 16:41:15 | 20250402164115493632799BUj4L1k2 | 200 |     883.038µs |             ::1 |     GET /api/status
[GIN] 2025/04/02 - 16:41:15 | 20250402164115492477189rS3b2qHX | 200 |   40.499159ms |             ::1 |     GET /api/user/self
[SYS] 2025/04/02 - 16:41:15 | batch update started 
[SYS] 2025/04/02 - 16:41:15 | batch update finished 
[GIN] 2025/04/02 - 16:41:15 | 20250402164115996717983tbM94JHC | 401 |     3.18174ms |             ::1 |     GET /api/user/models
[GIN] 2025/04/02 - 16:41:16 | 202504021641163844403Y7hjK2kn | 401 |   15.170701ms |             ::1 |     GET /api/user/self/groups
[GIN] 2025/04/02 - 16:41:16 | 2025040216411619123061CbCB07zr | 401 |   14.626121ms |             ::1 |     GET /api/token/?p=0&size=10
[GIN] 2025/04/02 - 16:41:16 | 202504021641163173136974koyCunS | 200 |    11.50236ms |             ::1 |     GET /login?expired=true
[GIN] 2025/04/02 - 16:41:19 | 2025040216411899718516970OKQd3F | 200 |    7.851617ms |             ::1 |     GET /api/status
[SYS] 2025/04/02 - 16:41:20 | syncing channels from database 
[SYS] 2025/04/02 - 16:41:20 | syncing options from database 
[SYS] 2025/04/02 - 16:41:20 | channels synced from database 
[SYS] 2025/04/02 - 16:41:20 | batch update started 
[SYS] 2025/04/02 - 16:41:20 | batch update finished 
[SYS] 2025/04/02 - 16:41:20 | 任务进度轮询开始 
[SYS] 2025/04/02 - 16:41:20 | 任务进度轮询完成 
[SYS] 2025/04/02 - 16:41:25 | batch update started 
[SYS] 2025/04/02 - 16:41:25 | batch update finished 
[SYS] 2025/04/02 - 16:41:30 | batch update started 
[SYS] 2025/04/02 - 16:41:30 | batch update finished 
[SYS] 2025/04/02 - 16:41:35 | batch update started 
[SYS] 2025/04/02 - 16:41:35 | batch update finished 
[SYS] 2025/04/02 - 16:41:35 | 任务进度轮询开始 
[SYS] 2025/04/02 - 16:41:35 | 任务进度轮询完成 
[SYS] 2025/04/02 - 16:41:40 | batch update started 
[SYS] 2025/04/02 - 16:41:40 | batch update finished 
[SYS] 2025/04/02 - 16:41:47 | batch update started 
[SYS] 2025/04/02 - 16:41:47 | batch update finished 
[SYS] 2025/04/02 - 16:41:52 | batch update started 
[SYS] 2025/04/02 - 16:41:52 | batch update finished 
[SYS] 2025/04/02 - 16:41:52 | 任务进度轮询开始 
[SYS] 2025/04/02 - 16:41:52 | 任务进度轮询完成 
[GIN] 2025/04/02 - 16:41:57 | 202504021641571867462581DZEs3cC | 200 |    1.190225ms |             ::1 |     GET /api/user/logout
[SYS] 2025/04/02 - 16:41:57 | batch update started 
[SYS] 2025/04/02 - 16:41:57 | batch update finished 
[SYS] 2025/04/02 - 16:42:02 | batch update started 
[SYS] 2025/04/02 - 16:42:02 | batch update finished 
[SYS] 2025/04/02 - 16:42:07 | batch update started 
[SYS] 2025/04/02 - 16:42:07 | batch update finished 
[SYS] 2025/04/02 - 16:42:07 | 任务进度轮询开始 
[SYS] 2025/04/02 - 16:42:07 | 任务进度轮询完成 
[SYS] 2025/04/02 - 16:42:12 | batch update started 
[SYS] 2025/04/02 - 16:42:12 | batch update finished 
[SYS] 2025/04/02 - 16:42:19 | batch update started 
[SYS] 2025/04/02 - 16:42:19 | batch update finished 
[SYS] 2025/04/02 - 16:42:24 | syncing options from database 
[SYS] 2025/04/02 - 16:42:24 | syncing channels from database 
[SYS] 2025/04/02 - 16:42:24 | batch update started 
[SYS] 2025/04/02 - 16:42:24 | batch update finished 
[SYS] 2025/04/02 - 16:42:24 | 任务进度轮询开始 
[SYS] 2025/04/02 - 16:42:25 | 任务进度轮询完成 
[SYS] 2025/04/02 - 16:42:25 | channels synced from database 
[SYS] 2025/04/02 - 16:42:29 | batch update started 
[SYS] 2025/04/02 - 16:42:29 | batch update finished 
[SYS] 2025/04/02 - 16:42:34 | batch update started 
[SYS] 2025/04/02 - 16:42:34 | batch update finished 
[SYS] 2025/04/02 - 16:42:39 | batch update started 
[SYS] 2025/04/02 - 16:42:39 | batch update finished 
[SYS] 2025/04/02 - 16:42:40 | 任务进度轮询开始 
[SYS] 2025/04/02 - 16:42:40 | 任务进度轮询完成 
[SYS] 2025/04/02 - 16:42:44 | batch update started 
[SYS] 2025/04/02 - 16:42:44 | batch update finished 
[SYS] 2025/04/02 - 16:42:51 | batch update started 
[SYS] 2025/04/02 - 16:42:51 | batch update finished 
[SYS] 2025/04/02 - 16:42:56 | batch update started 
[SYS] 2025/04/02 - 16:42:56 | batch update finished 
[SYS] 2025/04/02 - 16:42:57 | 任务进度轮询开始 
[SYS] 2025/04/02 - 16:42:57 | 任务进度轮询完成 
[SYS] 2025/04/02 - 16:43:01 | batch update started 
[SYS] 2025/04/02 - 16:43:01 | batch update finished 
[SYS] 2025/04/02 - 16:43:06 | batch update started 
[SYS] 2025/04/02 - 16:43:06 | batch update finished 
[SYS] 2025/04/02 - 16:43:11 | batch update started 
[SYS] 2025/04/02 - 16:43:11 | batch update finished 
[SYS] 2025/04/02 - 16:43:12 | 任务进度轮询开始 
[SYS] 2025/04/02 - 16:43:12 | 任务进度轮询完成 
[SYS] 2025/04/02 - 16:43:16 | batch update started 
[SYS] 2025/04/02 - 16:43:16 | batch update finished 
[SYS] 2025/04/02 - 16:43:23 | batch update started 
[SYS] 2025/04/02 - 16:43:23 | batch update finished 
[SYS] 2025/04/02 - 16:43:28 | batch update started 
[SYS] 2025/04/02 - 16:43:28 | batch update finished 
[SYS] 2025/04/02 - 16:43:29 | syncing options from database 
[SYS] 2025/04/02 - 16:43:29 | syncing channels from database 
[SYS] 2025/04/02 - 16:43:29 | channels synced from database 
[SYS] 2025/04/02 - 16:43:29 | 任务进度轮询开始 
[SYS] 2025/04/02 - 16:43:29 | 任务进度轮询完成 
[SYS] 2025/04/02 - 16:43:33 | batch update started 
[SYS] 2025/04/02 - 16:43:33 | batch update finished 
[SYS] 2025/04/02 - 16:43:38 | batch update started 
[SYS] 2025/04/02 - 16:43:38 | batch update finished 
[SYS] 2025/04/02 - 16:43:43 | batch update started 
[SYS] 2025/04/02 - 16:43:43 | batch update finished 
[SYS] 2025/04/02 - 16:43:44 | 任务进度轮询开始 
[SYS] 2025/04/02 - 16:43:44 | 任务进度轮询完成 
[SYS] 2025/04/02 - 16:43:48 | batch update started 
[SYS] 2025/04/02 - 16:43:48 | batch update finished 
[GIN] 2025/04/02 - 16:43:50 | 20250402164350931777188PoMrsXWe | 307 |   13.077774ms |             ::1 |     GET /api/auth/google/login
[SYS] 2025/04/02 - 16:43:54 | batch update started 
[SYS] 2025/04/02 - 16:43:54 | batch update finished 
[SYS] 2025/04/02 - 16:43:59 | batch update started 
[SYS] 2025/04/02 - 16:43:59 | batch update finished 
[SYS] 2025/04/02 - 16:43:59 | 任务进度轮询开始 
[SYS] 2025/04/02 - 16:43:59 | 任务进度轮询完成 
[GIN] 2025/04/02 - 16:44:00 | 2025040216435932214971672Htmibx | 303 |  1.482929612s |             ::1 |     GET /auth/google/callback?state=random_state&code=4%2F0AQSTgQFhXEbrpYSxHWSw0S6GojkkXlJgxOvAYGGetElP_eWxRUQK62PQYOaq0BrXv4rHCA&scope=email+profile+https%3A%2F%2Fwww.googleapis.com%2Fauth%2Fuserinfo.email+openid+https%3A%2F%2Fwww.googleapis.com%2Fauth%2Fuserinfo.profile&authuser=1&prompt=none
[GIN] 2025/04/02 - 16:44:00 | 202504021644008256915190kWHyg7z | 200 |   17.494408ms |             ::1 |     GET /login?token=eyJhbGciOiJIUzI1NiIsInR5cCI6IkpXVCJ9.eyJlbWFpbCI6Im1hbGFjaHlzb2JlY2h1a3d1QGdtYWlsLmNvbSIsImV4cCI6MTc0NjIwMDY0MCwiaWQiOjUsInJuZCI6MTc0MzYwODY0MDgwNDk0NDk0M30.uXRArwGnpDZUcPFi9XzJ65lLXZ6riwiktfbttsUAg7U
[GIN] 2025/04/02 - 16:44:03 | 20250402164403500855900apPo9eaQ | 200 |   65.497922ms |             ::1 |     GET /api/status
[GIN] 2025/04/02 - 16:44:03 | 202504021644034908585982JRqwlIB | 200 |  112.090255ms |             ::1 |     GET /api/user/self
[GIN] 2025/04/02 - 16:44:04 | 20250402164404339581081i3DGZx2n | 401 |   48.277369ms |             ::1 |     GET /api/user/self/groups
[GIN] 2025/04/02 - 16:44:04 | 20250402164404350683880lgqj3ZFT | 401 |   64.058489ms |             ::1 |     GET /api/token/?p=0&size=10
[GIN] 2025/04/02 - 16:44:04 | 20250402164404338824590bJ01bp6t | 401 |  216.963569ms |             ::1 |     GET /api/user/models
[GIN] 2025/04/02 - 16:44:04 | 202504021644045595828575ZuGV3R5 | 200 |     658.739µs |             ::1 |     GET /login?expired=true
[SYS] 2025/04/02 - 16:44:04 | batch update started 
[SYS] 2025/04/02 - 16:44:04 | batch update finished 
[GIN] 2025/04/02 - 16:44:07 | 20250402164407247342949vgtQneHD | 200 |     939.055µs |             ::1 |     GET /api/status
[SYS] 2025/04/02 - 16:44:11 | batch update started 
[SYS] 2025/04/02 - 16:44:11 | batch update finished 
[SYS] 2025/04/02 - 16:44:16 | batch update started 
[SYS] 2025/04/02 - 16:44:16 | batch update finished 
[SYS] 2025/04/02 - 16:44:17 | 任务进度轮询开始 
[SYS] 2025/04/02 - 16:44:17 | 任务进度轮询完成 
[SYS] 2025/04/02 - 16:44:21 | batch update started 
[SYS] 2025/04/02 - 16:44:21 | batch update finished 
[SYS] 2025/04/02 - 16:44:27 | batch update started 
[SYS] 2025/04/02 - 16:44:27 | batch update finished 
[SYS] 2025/04/02 - 16:44:32 | batch update started 
[SYS] 2025/04/02 - 16:44:32 | batch update finished 
[SYS] 2025/04/02 - 16:44:32 | syncing options from database 
[SYS] 2025/04/02 - 16:44:32 | syncing channels from database 
[SYS] 2025/04/02 - 16:44:32 | channels synced from database 
[SYS] 2025/04/02 - 16:44:32 | 任务进度轮询开始 
[SYS] 2025/04/02 - 16:44:32 | 任务进度轮询完成 
[SYS] 2025/04/02 - 16:44:37 | batch update started 
[SYS] 2025/04/02 - 16:44:37 | batch update finished 
[SYS] 2025/04/02 - 16:44:42 | batch update started 
[SYS] 2025/04/02 - 16:44:42 | batch update finished 
[SYS] 2025/04/02 - 16:44:47 | batch update started 
[SYS] 2025/04/02 - 16:44:47 | batch update finished 
[SYS] 2025/04/02 - 16:44:47 | 任务进度轮询开始 
[SYS] 2025/04/02 - 16:44:47 | 任务进度轮询完成 
[SYS] 2025/04/02 - 16:44:52 | batch update started 
[SYS] 2025/04/02 - 16:44:52 | batch update finished 
[SYS] 2025/04/02 - 16:44:59 | batch update started 
[SYS] 2025/04/02 - 16:44:59 | batch update finished 
[SYS] 2025/04/02 - 16:45:04 | batch update started 
[SYS] 2025/04/02 - 16:45:04 | batch update finished 
[SYS] 2025/04/02 - 16:45:05 | 任务进度轮询开始 
[SYS] 2025/04/02 - 16:45:05 | 任务进度轮询完成 
[SYS] 2025/04/02 - 16:45:09 | batch update started 
[SYS] 2025/04/02 - 16:45:09 | batch update finished 
[SYS] 2025/04/02 - 16:45:14 | batch update started 
[SYS] 2025/04/02 - 16:45:14 | batch update finished 
[SYS] 2025/04/02 - 16:45:19 | batch update started 
[SYS] 2025/04/02 - 16:45:19 | batch update finished 
[SYS] 2025/04/02 - 16:45:20 | 任务进度轮询开始 
[SYS] 2025/04/02 - 16:45:20 | 任务进度轮询完成 
[SYS] 2025/04/02 - 16:45:24 | batch update started 
[SYS] 2025/04/02 - 16:45:24 | batch update finished 
[SYS] 2025/04/02 - 16:45:31 | batch update started 
[SYS] 2025/04/02 - 16:45:31 | batch update finished 
[SYS] 2025/04/02 - 16:45:36 | 正在更新数据看板数据... 
[SYS] 2025/04/02 - 16:45:36 | 保存数据看板数据成功，共保存0条数据 
[SYS] 2025/04/02 - 16:45:36 | batch update started 
[SYS] 2025/04/02 - 16:45:36 | batch update finished 
[SYS] 2025/04/02 - 16:45:36 | syncing options from database 
[SYS] 2025/04/02 - 16:45:37 | syncing channels from database 
[SYS] 2025/04/02 - 16:45:37 | channels synced from database 
[SYS] 2025/04/02 - 16:45:37 | 任务进度轮询开始 
[SYS] 2025/04/02 - 16:45:37 | 任务进度轮询完成 
[SYS] 2025/04/02 - 16:45:41 | batch update started 
[SYS] 2025/04/02 - 16:45:41 | batch update finished 
[SYS] 2025/04/02 - 16:45:46 | batch update started 
[SYS] 2025/04/02 - 16:45:46 | batch update finished 
[SYS] 2025/04/02 - 16:45:51 | batch update started 
[SYS] 2025/04/02 - 16:45:51 | batch update finished 
[SYS] 2025/04/02 - 16:45:52 | 任务进度轮询开始 
[SYS] 2025/04/02 - 16:45:52 | 任务进度轮询完成 
[SYS] 2025/04/02 - 16:45:56 | batch update started 
[SYS] 2025/04/02 - 16:45:56 | batch update finished 
[SYS] 2025/04/02 - 16:46:03 | batch update started 
[SYS] 2025/04/02 - 16:46:03 | batch update finished 
[SYS] 2025/04/02 - 16:46:08 | batch update started 
[SYS] 2025/04/02 - 16:46:08 | batch update finished 
[SYS] 2025/04/02 - 16:46:09 | 任务进度轮询开始 
[SYS] 2025/04/02 - 16:46:09 | 任务进度轮询完成 
[SYS] 2025/04/02 - 16:46:13 | batch update started 
[SYS] 2025/04/02 - 16:46:13 | batch update finished 
[SYS] 2025/04/02 - 16:46:18 | batch update started 
[SYS] 2025/04/02 - 16:46:18 | batch update finished 
[SYS] 2025/04/02 - 16:46:23 | batch update started 
[SYS] 2025/04/02 - 16:46:23 | batch update finished 
[SYS] 2025/04/02 - 16:46:24 | 任务进度轮询开始 
[SYS] 2025/04/02 - 16:46:24 | 任务进度轮询完成 
[SYS] 2025/04/02 - 16:46:28 | batch update started 
[SYS] 2025/04/02 - 16:46:28 | batch update finished 
[SYS] 2025/04/02 - 16:46:35 | batch update started 
[SYS] 2025/04/02 - 16:46:35 | batch update finished 
[SYS] 2025/04/02 - 16:46:40 | syncing options from database 
[SYS] 2025/04/02 - 16:46:40 | batch update started 
[SYS] 2025/04/02 - 16:46:40 | batch update finished 
[SYS] 2025/04/02 - 16:46:41 | syncing channels from database 
[SYS] 2025/04/02 - 16:46:41 | channels synced from database 
[SYS] 2025/04/02 - 16:46:41 | 任务进度轮询开始 
[SYS] 2025/04/02 - 16:46:41 | 任务进度轮询完成 
[SYS] 2025/04/02 - 16:46:45 | batch update started 
[SYS] 2025/04/02 - 16:46:45 | batch update finished 
[SYS] 2025/04/02 - 16:46:50 | batch update started 
[SYS] 2025/04/02 - 16:46:50 | batch update finished 
[SYS] 2025/04/02 - 16:46:55 | batch update started 
[SYS] 2025/04/02 - 16:46:55 | batch update finished 
[SYS] 2025/04/02 - 16:46:56 | 任务进度轮询开始 
[SYS] 2025/04/02 - 16:46:56 | 任务进度轮询完成 
[SYS] 2025/04/02 - 16:47:01 | batch update started 
[SYS] 2025/04/02 - 16:47:01 | batch update finished 
[SYS] 2025/04/02 - 16:47:08 | batch update started 
[SYS] 2025/04/02 - 16:47:08 | batch update finished 
[SYS] 2025/04/02 - 16:47:13 | batch update started 
[SYS] 2025/04/02 - 16:47:13 | batch update finished 
[SYS] 2025/04/02 - 16:47:13 | 任务进度轮询开始 
[SYS] 2025/04/02 - 16:47:13 | 任务进度轮询完成 
[SYS] 2025/04/02 - 16:47:18 | batch update started 
[SYS] 2025/04/02 - 16:47:18 | batch update finished 
[SYS] 2025/04/02 - 16:47:23 | batch update started 
[SYS] 2025/04/02 - 16:47:23 | batch update finished 
[SYS] 2025/04/02 - 16:47:28 | batch update started 
[SYS] 2025/04/02 - 16:47:28 | batch update finished 
[SYS] 2025/04/02 - 16:47:28 | 任务进度轮询开始 
[SYS] 2025/04/02 - 16:47:28 | 任务进度轮询完成 
[SYS] 2025/04/02 - 16:47:33 | batch update started 
[SYS] 2025/04/02 - 16:47:33 | batch update finished 
[SYS] 2025/04/02 - 16:47:40 | batch update started 
[SYS] 2025/04/02 - 16:47:40 | batch update finished 
[SYS] 2025/04/02 - 16:47:45 | syncing options from database 
[SYS] 2025/04/02 - 16:47:45 | batch update started 
[SYS] 2025/04/02 - 16:47:45 | batch update finished 
[SYS] 2025/04/02 - 16:47:45 | syncing channels from database 
[SYS] 2025/04/02 - 16:47:45 | channels synced from database 
[SYS] 2025/04/02 - 16:47:45 | 任务进度轮询开始 
[SYS] 2025/04/02 - 16:47:45 | 任务进度轮询完成 
[SYS] 2025/04/02 - 16:47:50 | batch update started 
[SYS] 2025/04/02 - 16:47:50 | batch update finished 
[SYS] 2025/04/02 - 16:47:55 | batch update started 
[SYS] 2025/04/02 - 16:47:55 | batch update finished 
[SYS] 2025/04/02 - 16:48:00 | batch update started 
[SYS] 2025/04/02 - 16:48:00 | batch update finished 
[SYS] 2025/04/02 - 16:48:00 | 任务进度轮询开始 
[SYS] 2025/04/02 - 16:48:00 | 任务进度轮询完成 
[SYS] 2025/04/02 - 16:48:05 | batch update started 
[SYS] 2025/04/02 - 16:48:05 | batch update finished 
[SYS] 2025/04/02 - 16:48:12 | batch update started 
[SYS] 2025/04/02 - 16:48:12 | batch update finished 
[SYS] 2025/04/02 - 16:48:17 | batch update started 
[SYS] 2025/04/02 - 16:48:17 | batch update finished 
[SYS] 2025/04/02 - 16:48:17 | 任务进度轮询开始 
[SYS] 2025/04/02 - 16:48:17 | 任务进度轮询完成 
[SYS] 2025/04/02 - 16:48:22 | batch update started 
[SYS] 2025/04/02 - 16:48:22 | batch update finished 
[SYS] 2025/04/02 - 16:48:27 | batch update started 
[SYS] 2025/04/02 - 16:48:27 | batch update finished 
[SYS] 2025/04/02 - 16:48:32 | 任务进度轮询开始 
[SYS] 2025/04/02 - 16:48:32 | 任务进度轮询完成 
[SYS] 2025/04/02 - 16:48:32 | batch update started 
[SYS] 2025/04/02 - 16:48:32 | batch update finished 
[SYS] 2025/04/02 - 16:48:37 | batch update started 
[SYS] 2025/04/02 - 16:48:37 | batch update finished 
[SYS] 2025/04/02 - 16:48:44 | batch update started 
[SYS] 2025/04/02 - 16:48:44 | batch update finished 
[SYS] 2025/04/02 - 16:48:49 | syncing options from database 
[SYS] 2025/04/02 - 16:48:49 | syncing channels from database 
[SYS] 2025/04/02 - 16:48:49 | channels synced from database 
[SYS] 2025/04/02 - 16:48:49 | 任务进度轮询开始 
[SYS] 2025/04/02 - 16:48:49 | 任务进度轮询完成 
[SYS] 2025/04/02 - 16:48:49 | batch update started 
[SYS] 2025/04/02 - 16:48:49 | batch update finished 
[SYS] 2025/04/02 - 16:48:54 | batch update started 
[SYS] 2025/04/02 - 16:48:54 | batch update finished 
[SYS] 2025/04/02 - 16:48:59 | batch update started 
[SYS] 2025/04/02 - 16:48:59 | batch update finished 
[SYS] 2025/04/02 - 16:49:04 | 任务进度轮询开始 
[SYS] 2025/04/02 - 16:49:04 | 任务进度轮询完成 
[SYS] 2025/04/02 - 16:49:04 | batch update started 
[SYS] 2025/04/02 - 16:49:04 | batch update finished 
[SYS] 2025/04/02 - 16:49:09 | batch update started 
[SYS] 2025/04/02 - 16:49:09 | batch update finished 
[SYS] 2025/04/02 - 16:49:16 | batch update started 
[SYS] 2025/04/02 - 16:49:16 | batch update finished 
[SYS] 2025/04/02 - 16:49:21 | 任务进度轮询开始 
[SYS] 2025/04/02 - 16:49:21 | 任务进度轮询完成 
[SYS] 2025/04/02 - 16:49:21 | batch update started 
[SYS] 2025/04/02 - 16:49:21 | batch update finished 
[SYS] 2025/04/02 - 16:49:26 | batch update started 
[SYS] 2025/04/02 - 16:49:26 | batch update finished 
[SYS] 2025/04/02 - 16:49:31 | batch update started 
[SYS] 2025/04/02 - 16:49:31 | batch update finished 
[SYS] 2025/04/02 - 16:49:36 | 任务进度轮询开始 
[SYS] 2025/04/02 - 16:49:36 | 任务进度轮询完成 
[SYS] 2025/04/02 - 16:49:36 | batch update started 
[SYS] 2025/04/02 - 16:49:36 | batch update finished 
[SYS] 2025/04/02 - 16:49:41 | batch update started 
[SYS] 2025/04/02 - 16:49:41 | batch update finished 
[SYS] 2025/04/02 - 16:49:48 | batch update started 
[SYS] 2025/04/02 - 16:49:48 | batch update finished 
[SYS] 2025/04/02 - 16:49:53 | syncing options from database 
[SYS] 2025/04/02 - 16:49:53 | syncing channels from database 
[SYS] 2025/04/02 - 16:49:53 | channels synced from database 
[SYS] 2025/04/02 - 16:49:53 | 任务进度轮询开始 
[SYS] 2025/04/02 - 16:49:53 | 任务进度轮询完成 
[SYS] 2025/04/02 - 16:49:53 | batch update started 
[SYS] 2025/04/02 - 16:49:53 | batch update finished 
[SYS] 2025/04/02 - 16:49:58 | batch update started 
[SYS] 2025/04/02 - 16:49:58 | batch update finished 
[SYS] 2025/04/02 - 16:50:03 | batch update started 
[SYS] 2025/04/02 - 16:50:03 | batch update finished 
[SYS] 2025/04/02 - 16:50:08 | 任务进度轮询开始 
[SYS] 2025/04/02 - 16:50:08 | 任务进度轮询完成 
[SYS] 2025/04/02 - 16:50:08 | batch update started 
[SYS] 2025/04/02 - 16:50:08 | batch update finished 
[SYS] 2025/04/02 - 16:50:13 | batch update started 
[SYS] 2025/04/02 - 16:50:13 | batch update finished 
[SYS] 2025/04/02 - 16:50:20 | batch update started 
[SYS] 2025/04/02 - 16:50:20 | batch update finished 
[SYS] 2025/04/02 - 16:50:25 | 任务进度轮询开始 
[SYS] 2025/04/02 - 16:50:25 | 任务进度轮询完成 
[SYS] 2025/04/02 - 16:50:25 | batch update started 
[SYS] 2025/04/02 - 16:50:25 | batch update finished 
[SYS] 2025/04/02 - 16:50:30 | batch update started 
[SYS] 2025/04/02 - 16:50:30 | batch update finished 
[SYS] 2025/04/02 - 16:50:35 | batch update started 
[SYS] 2025/04/02 - 16:50:35 | batch update finished 
[SYS] 2025/04/02 - 16:50:40 | 任务进度轮询开始 
[SYS] 2025/04/02 - 16:50:40 | 任务进度轮询完成 
[SYS] 2025/04/02 - 16:50:40 | batch update started 
[SYS] 2025/04/02 - 16:50:40 | batch update finished 
[SYS] 2025/04/02 - 16:50:45 | batch update started 
[SYS] 2025/04/02 - 16:50:45 | batch update finished 
[SYS] 2025/04/02 - 16:50:52 | batch update started 
[SYS] 2025/04/02 - 16:50:52 | batch update finished 
[SYS] 2025/04/02 - 16:50:56 | testing all channels 
[SYS] 2025/04/02 - 16:50:56 | channel test finished 
[SYS] 2025/04/02 - 16:50:56 | 正在更新数据看板数据... 
[SYS] 2025/04/02 - 16:50:56 | 保存数据看板数据成功，共保存0条数据 
[SYS] 2025/04/02 - 16:50:57 | syncing options from database 
[SYS] 2025/04/02 - 16:50:57 | syncing channels from database 
[SYS] 2025/04/02 - 16:50:57 | channels synced from database 
[SYS] 2025/04/02 - 16:50:57 | 任务进度轮询开始 
[SYS] 2025/04/02 - 16:50:57 | 任务进度轮询完成 
[SYS] 2025/04/02 - 16:50:57 | batch update started 
[SYS] 2025/04/02 - 16:50:57 | batch update finished 
[SYS] 2025/04/02 - 16:51:02 | batch update started 
[SYS] 2025/04/02 - 16:51:02 | batch update finished 
[SYS] 2025/04/02 - 16:51:07 | batch update started 
[SYS] 2025/04/02 - 16:51:07 | batch update finished 
[SYS] 2025/04/02 - 16:51:12 | 任务进度轮询开始 
[SYS] 2025/04/02 - 16:51:12 | 任务进度轮询完成 
[SYS] 2025/04/02 - 16:51:12 | batch update started 
[SYS] 2025/04/02 - 16:51:12 | batch update finished 
[SYS] 2025/04/02 - 16:51:17 | batch update started 
[SYS] 2025/04/02 - 16:51:17 | batch update finished 
[SYS] 2025/04/02 - 16:51:24 | batch update started 
[SYS] 2025/04/02 - 16:51:24 | batch update finished 
[SYS] 2025/04/02 - 16:51:29 | 任务进度轮询开始 
[SYS] 2025/04/02 - 16:51:29 | 任务进度轮询完成 
[SYS] 2025/04/02 - 16:51:29 | batch update started 
[SYS] 2025/04/02 - 16:51:29 | batch update finished 
[SYS] 2025/04/02 - 16:51:34 | batch update started 
[SYS] 2025/04/02 - 16:51:34 | batch update finished 
[SYS] 2025/04/02 - 16:51:39 | batch update started 
[SYS] 2025/04/02 - 16:51:39 | batch update finished 
[SYS] 2025/04/02 - 16:51:44 | 任务进度轮询开始 
[SYS] 2025/04/02 - 16:51:44 | 任务进度轮询完成 
[SYS] 2025/04/02 - 16:51:44 | batch update started 
[SYS] 2025/04/02 - 16:51:44 | batch update finished 
[SYS] 2025/04/02 - 16:51:49 | batch update started 
[SYS] 2025/04/02 - 16:51:49 | batch update finished 
[SYS] 2025/04/02 - 16:51:56 | batch update started 
[SYS] 2025/04/02 - 16:51:56 | batch update finished 
[SYS] 2025/04/02 - 16:52:01 | syncing options from database 
[SYS] 2025/04/02 - 16:52:01 | syncing channels from database 
[SYS] 2025/04/02 - 16:52:01 | 任务进度轮询开始 
[SYS] 2025/04/02 - 16:52:01 | channels synced from database 
[SYS] 2025/04/02 - 16:52:01 | batch update started 
[SYS] 2025/04/02 - 16:52:01 | batch update finished 
[SYS] 2025/04/02 - 16:52:01 | 任务进度轮询完成 
[SYS] 2025/04/02 - 16:52:06 | batch update started 
[SYS] 2025/04/02 - 16:52:06 | batch update finished 
[SYS] 2025/04/02 - 16:52:11 | batch update started 
[SYS] 2025/04/02 - 16:52:11 | batch update finished 
[SYS] 2025/04/02 - 16:52:16 | batch update started 
[SYS] 2025/04/02 - 16:52:16 | batch update finished 
[SYS] 2025/04/02 - 16:52:16 | 任务进度轮询开始 
[SYS] 2025/04/02 - 16:52:16 | 任务进度轮询完成 
[SYS] 2025/04/02 - 16:52:21 | batch update started 
[SYS] 2025/04/02 - 16:52:21 | batch update finished 
[SYS] 2025/04/02 - 16:52:27 | batch update started 
[SYS] 2025/04/02 - 16:52:27 | batch update finished 
[SYS] 2025/04/02 - 16:52:32 | batch update started 
[SYS] 2025/04/02 - 16:52:32 | batch update finished 
[SYS] 2025/04/02 - 16:52:32 | 任务进度轮询开始 
[SYS] 2025/04/02 - 16:52:32 | 任务进度轮询完成 
[SYS] 2025/04/02 - 16:52:37 | batch update started 
[SYS] 2025/04/02 - 16:52:37 | batch update finished 
[SYS] 2025/04/02 - 16:52:44 | batch update started 
[SYS] 2025/04/02 - 16:52:44 | batch update finished 
[SYS] 2025/04/02 - 16:52:49 | batch update started 
[SYS] 2025/04/02 - 16:52:49 | batch update finished 
[SYS] 2025/04/02 - 16:52:49 | 任务进度轮询开始 
[SYS] 2025/04/02 - 16:52:49 | 任务进度轮询完成 
[SYS] 2025/04/02 - 16:52:54 | batch update started 
[SYS] 2025/04/02 - 16:52:54 | batch update finished 
[SYS] 2025/04/02 - 16:53:00 | batch update started 
[SYS] 2025/04/02 - 16:53:00 | batch update finished 
[SYS] 2025/04/02 - 16:53:05 | syncing options from database 
[SYS] 2025/04/02 - 16:53:05 | syncing channels from database 
[SYS] 2025/04/02 - 16:53:05 | channels synced from database 
[SYS] 2025/04/02 - 16:53:05 | batch update started 
[SYS] 2025/04/02 - 16:53:05 | batch update finished 
[SYS] 2025/04/02 - 16:53:05 | 任务进度轮询开始 
[SYS] 2025/04/02 - 16:53:05 | 任务进度轮询完成 
[SYS] 2025/04/02 - 16:53:10 | batch update started 
[SYS] 2025/04/02 - 16:53:10 | batch update finished 
[SYS] 2025/04/02 - 16:53:15 | batch update started 
[SYS] 2025/04/02 - 16:53:15 | batch update finished 
[SYS] 2025/04/02 - 16:53:20 | batch update started 
[SYS] 2025/04/02 - 16:53:20 | batch update finished 
[SYS] 2025/04/02 - 16:53:20 | 任务进度轮询开始 
[SYS] 2025/04/02 - 16:53:20 | 任务进度轮询完成 
[SYS] 2025/04/02 - 16:53:25 | batch update started 
[SYS] 2025/04/02 - 16:53:25 | batch update finished 
[SYS] 2025/04/02 - 16:53:32 | batch update started 
[SYS] 2025/04/02 - 16:53:32 | batch update finished 
[SYS] 2025/04/02 - 16:53:37 | batch update started 
[SYS] 2025/04/02 - 16:53:37 | batch update finished 
[SYS] 2025/04/02 - 16:53:37 | 任务进度轮询开始 
[SYS] 2025/04/02 - 16:53:37 | 任务进度轮询完成 
[SYS] 2025/04/02 - 16:53:42 | batch update started 
[SYS] 2025/04/02 - 16:53:42 | batch update finished 
