[SYS] 2025/04/01 - 08:06:26 | New API v0.0.0 started 
[SYS] 2025/04/01 - 08:06:26 | using MySQL as database 
[SYS] 2025/04/01 - 08:06:26 | database migration started 
[SYS] 2025/04/01 - 08:06:26 | database migrated 
[SYS] 2025/04/01 - 08:06:26 | using MySQL as database 
[SYS] 2025/04/01 - 08:06:26 | database migration started 
[SYS] 2025/04/01 - 08:06:26 | Redis is enabled 
[SYS] 2025/04/01 - 08:06:26 | memory cache enabled 
[SYS] 2025/04/01 - 08:06:26 | sync frequency: 60 seconds 
[SYS] 2025/04/01 - 08:06:26 | channels synced from database 
[SYS] 2025/04/01 - 08:06:26 | batch update enabled with interval 5s 
[SYS] 2025/04/01 - 08:06:26 | pprof enabled 
[SYS] 2025/04/01 - 08:06:26 | initializing token encoders 
[SYS] 2025/04/01 - 08:06:26 | 正在更新数据看板数据... 
[SYS] 2025/04/01 - 08:06:26 | 保存数据看板数据成功，共保存0条数据 
[SYS] 2025/04/01 - 08:06:26 | token encoders initialized 
[SYS] 2025/04/01 - 08:06:26 | FRONTEND_BASE_URL is ignored on master node 
[SYS] 2025/04/01 - 08:06:31 | batch update started 
[SYS] 2025/04/01 - 08:06:31 | batch update finished 
[GIN] 2025/04/01 - 08:06:36 | 20250401080636114364847C4UeBgVJ | 200 |    1.073623ms |             ::1 |     GET /login
[GIN] 2025/04/01 - 08:06:36 | 20250401080636201392557nLLqrw86 | 200 |   56.795749ms |             ::1 |     GET /assets/index-CkocxMl8.js
[SYS] 2025/04/01 - 08:06:36 | batch update started 
[SYS] 2025/04/01 - 08:06:36 | batch update finished 
[GIN] 2025/04/01 - 08:06:37 | 20250401080637482977550fUVB1PoF | 200 |    1.018275ms |             ::1 |     GET /api/status
[SYS] 2025/04/01 - 08:06:41 | 任务进度轮询开始 
[SYS] 2025/04/01 - 08:06:41 | 任务进度轮询完成 
[SYS] 2025/04/01 - 08:06:41 | batch update started 
[SYS] 2025/04/01 - 08:06:41 | batch update finished 
[SYS] 2025/04/01 - 08:06:46 | batch update started 
[SYS] 2025/04/01 - 08:06:46 | batch update finished 
[SYS] 2025/04/01 - 08:06:51 | batch update started 
[SYS] 2025/04/01 - 08:06:51 | batch update finished 
[GIN] 2025/04/01 - 08:06:52 | 20250401080652827803039WDiL1d8o | 307 |     1.40953ms |             ::1 |     GET /api/auth/google/login
[SYS] 2025/04/01 - 08:06:56 | 任务进度轮询开始 
[SYS] 2025/04/01 - 08:06:56 | 任务进度轮询完成 
[SYS] 2025/04/01 - 08:06:56 | batch update started 
[SYS] 2025/04/01 - 08:06:56 | batch update finished 
[SYS] 2025/04/01 - 08:07:01 | batch update started 
[SYS] 2025/04/01 - 08:07:01 | batch update finished 
[GIN] 2025/04/01 - 08:07:04 | 20250401080703327183120CozmyRrV | 303 |  1.284536164s |             ::1 |     GET /auth/google/callback?state=random_state&code=4%2F0AQSTgQG50lWpvFa8FjBJQekp94A4iHpGFb6GSelBw2QYD9dtNtVO-MdaBb7iJV7saZzyMg&scope=email+profile+openid+https%3A%2F%2Fwww.googleapis.com%2Fauth%2Fuserinfo.profile+https%3A%2F%2Fwww.googleapis.com%2Fauth%2Fuserinfo.email&authuser=0&prompt=consent
[GIN] 2025/04/01 - 08:07:04 | 20250401080704622032260meKFpBoI | 200 |      834.06µs |             ::1 |     GET /?token=eyJhbGciOiJIUzI1NiIsInR5cCI6IkpXVCJ9.eyJlbWFpbCI6Imtpbmdzb2JlY0BnbWFpbC5jb20iLCJleHAiOjE3NDM1Nzc2MjR9.PwRjb4FhR0vYSdvIZ-KEJ3RQSsbtagmH16M1eyw0lAA
[SYS] 2025/04/01 - 08:07:06 | batch update started 
[SYS] 2025/04/01 - 08:07:06 | batch update finished 
[GIN] 2025/04/01 - 08:07:07 | 20250401080707928574297KPAyzjVm | 200 |     1.21363ms |             ::1 |     GET /assets/index-htlyPNu9.js
[GIN] 2025/04/01 - 08:07:07 | 20250401080707966479323LygJS3iz | 200 |    1.025948ms |             ::1 |     GET /api/status
[GIN] 2025/04/01 - 08:07:08 | 202504010807083151912158N7qpEN0 | 200 |    6.761804ms |             ::1 |     GET /api/notice
[GIN] 2025/04/01 - 08:07:08 | 20250401080708321666971Umv3ASDW | 200 |     1.46372ms |             ::1 |     GET /api/home_page_content
[GIN] 2025/04/01 - 08:07:08 | 20250401080708395855349RnXZP6go | 200 |     824.559µs |             ::1 |     GET /api/notice
[GIN] 2025/04/01 - 08:07:08 | 20250401080708396978375zlzx8JJL | 200 |    6.419123ms |             ::1 |     GET /api/home_page_content
[SYS] 2025/04/01 - 08:07:11 | 任务进度轮询开始 
[SYS] 2025/04/01 - 08:07:11 | 任务进度轮询完成 
[SYS] 2025/04/01 - 08:07:11 | batch update started 
[SYS] 2025/04/01 - 08:07:11 | batch update finished 
[GIN] 2025/04/01 - 08:07:11 | 20250401080711810605566W2Ew0fAl | 200 |     846.162µs |             ::1 |     GET /api/notice
[GIN] 2025/04/01 - 08:07:11 | 20250401080711812391041qqLLKUHB | 200 |     657.959µs |             ::1 |     GET /api/home_page_content
[GIN] 2025/04/01 - 08:07:11 | 20250401080711894296484443Myj6L | 200 |    5.915131ms |             ::1 |     GET /api/notice
[GIN] 2025/04/01 - 08:07:11 | 20250401080711900113962FvAttGVt | 200 |     513.281µs |             ::1 |     GET /api/home_page_content
[SYS] 2025/04/01 - 08:07:16 | batch update started 
[SYS] 2025/04/01 - 08:07:16 | batch update finished 
[SYS] 2025/04/01 - 08:07:21 | batch update started 
[SYS] 2025/04/01 - 08:07:21 | batch update finished 
[SYS] 2025/04/01 - 08:07:26 | syncing channels from database 
[SYS] 2025/04/01 - 08:07:26 | syncing options from database 
[SYS] 2025/04/01 - 08:07:26 | channels synced from database 
[SYS] 2025/04/01 - 08:07:26 | 任务进度轮询开始 
[SYS] 2025/04/01 - 08:07:26 | 任务进度轮询完成 
[SYS] 2025/04/01 - 08:07:26 | batch update started 
[SYS] 2025/04/01 - 08:07:26 | batch update finished 
[SYS] 2025/04/01 - 08:07:31 | batch update started 
[SYS] 2025/04/01 - 08:07:31 | batch update finished 
[SYS] 2025/04/01 - 08:07:36 | batch update started 
[SYS] 2025/04/01 - 08:07:36 | batch update finished 
[SYS] 2025/04/01 - 08:07:41 | 任务进度轮询开始 
[SYS] 2025/04/01 - 08:07:41 | 任务进度轮询完成 
[SYS] 2025/04/01 - 08:07:41 | batch update started 
[SYS] 2025/04/01 - 08:07:41 | batch update finished 
[SYS] 2025/04/01 - 08:07:46 | batch update started 
[SYS] 2025/04/01 - 08:07:46 | batch update finished 
[SYS] 2025/04/01 - 08:07:51 | batch update started 
[SYS] 2025/04/01 - 08:07:51 | batch update finished 
[SYS] 2025/04/01 - 08:07:56 | 任务进度轮询开始 
[SYS] 2025/04/01 - 08:07:56 | 任务进度轮询完成 
[SYS] 2025/04/01 - 08:07:56 | batch update started 
[SYS] 2025/04/01 - 08:07:56 | batch update finished 
[SYS] 2025/04/01 - 08:08:01 | batch update started 
[SYS] 2025/04/01 - 08:08:01 | batch update finished 
[SYS] 2025/04/01 - 08:08:06 | batch update started 
[SYS] 2025/04/01 - 08:08:06 | batch update finished 
[SYS] 2025/04/01 - 08:08:11 | 任务进度轮询开始 
[SYS] 2025/04/01 - 08:08:11 | 任务进度轮询完成 
[SYS] 2025/04/01 - 08:08:11 | batch update started 
[SYS] 2025/04/01 - 08:08:11 | batch update finished 
[SYS] 2025/04/01 - 08:08:16 | batch update started 
[SYS] 2025/04/01 - 08:08:16 | batch update finished 
[SYS] 2025/04/01 - 08:08:21 | batch update started 
[SYS] 2025/04/01 - 08:08:21 | batch update finished 
[SYS] 2025/04/01 - 08:08:26 | syncing channels from database 
[SYS] 2025/04/01 - 08:08:26 | syncing options from database 
[SYS] 2025/04/01 - 08:08:26 | channels synced from database 
[SYS] 2025/04/01 - 08:08:26 | 任务进度轮询开始 
[SYS] 2025/04/01 - 08:08:26 | 任务进度轮询完成 
[SYS] 2025/04/01 - 08:08:26 | batch update started 
[SYS] 2025/04/01 - 08:08:26 | batch update finished 
[SYS] 2025/04/01 - 08:08:31 | batch update started 
[SYS] 2025/04/01 - 08:08:31 | batch update finished 
[SYS] 2025/04/01 - 08:08:36 | batch update started 
[SYS] 2025/04/01 - 08:08:36 | batch update finished 
[SYS] 2025/04/01 - 08:08:41 | 任务进度轮询开始 
[SYS] 2025/04/01 - 08:08:41 | 任务进度轮询完成 
[SYS] 2025/04/01 - 08:08:41 | batch update started 
[SYS] 2025/04/01 - 08:08:41 | batch update finished 
[SYS] 2025/04/01 - 08:08:46 | batch update started 
[SYS] 2025/04/01 - 08:08:46 | batch update finished 
[SYS] 2025/04/01 - 08:08:51 | batch update started 
[SYS] 2025/04/01 - 08:08:51 | batch update finished 
[SYS] 2025/04/01 - 08:08:56 | 任务进度轮询开始 
[SYS] 2025/04/01 - 08:08:56 | 任务进度轮询完成 
[SYS] 2025/04/01 - 08:08:56 | batch update started 
[SYS] 2025/04/01 - 08:08:56 | batch update finished 
[SYS] 2025/04/01 - 08:09:01 | batch update started 
[SYS] 2025/04/01 - 08:09:01 | batch update finished 
[SYS] 2025/04/01 - 08:09:06 | batch update started 
[SYS] 2025/04/01 - 08:09:06 | batch update finished 
[SYS] 2025/04/01 - 08:09:11 | 任务进度轮询开始 
[SYS] 2025/04/01 - 08:09:11 | 任务进度轮询完成 
[SYS] 2025/04/01 - 08:09:11 | batch update started 
[SYS] 2025/04/01 - 08:09:11 | batch update finished 
[SYS] 2025/04/01 - 08:09:16 | batch update started 
[SYS] 2025/04/01 - 08:09:16 | batch update finished 
[SYS] 2025/04/01 - 08:09:21 | batch update started 
[SYS] 2025/04/01 - 08:09:21 | batch update finished 
[SYS] 2025/04/01 - 08:09:26 | syncing options from database 
[SYS] 2025/04/01 - 08:09:26 | syncing channels from database 
[SYS] 2025/04/01 - 08:09:26 | channels synced from database 
[SYS] 2025/04/01 - 08:09:26 | 任务进度轮询开始 
[SYS] 2025/04/01 - 08:09:26 | 任务进度轮询完成 
[SYS] 2025/04/01 - 08:09:26 | batch update started 
[SYS] 2025/04/01 - 08:09:26 | batch update finished 
[SYS] 2025/04/01 - 08:09:31 | batch update started 
[SYS] 2025/04/01 - 08:09:31 | batch update finished 
[SYS] 2025/04/01 - 08:09:36 | batch update started 
[SYS] 2025/04/01 - 08:09:36 | batch update finished 
[SYS] 2025/04/01 - 08:09:41 | 任务进度轮询开始 
[SYS] 2025/04/01 - 08:09:41 | 任务进度轮询完成 
[SYS] 2025/04/01 - 08:09:41 | batch update started 
[SYS] 2025/04/01 - 08:09:41 | batch update finished 
[SYS] 2025/04/01 - 08:09:46 | batch update started 
[SYS] 2025/04/01 - 08:09:46 | batch update finished 
[SYS] 2025/04/01 - 08:09:51 | batch update started 
[SYS] 2025/04/01 - 08:09:51 | batch update finished 
[SYS] 2025/04/01 - 08:09:56 | 任务进度轮询开始 
[SYS] 2025/04/01 - 08:09:56 | 任务进度轮询完成 
[SYS] 2025/04/01 - 08:09:56 | batch update started 
[SYS] 2025/04/01 - 08:09:56 | batch update finished 
[SYS] 2025/04/01 - 08:10:01 | batch update started 
[SYS] 2025/04/01 - 08:10:01 | batch update finished 
[SYS] 2025/04/01 - 08:10:06 | batch update started 
[SYS] 2025/04/01 - 08:10:06 | batch update finished 
[SYS] 2025/04/01 - 08:10:11 | 任务进度轮询开始 
[SYS] 2025/04/01 - 08:10:11 | 任务进度轮询完成 
[SYS] 2025/04/01 - 08:10:11 | batch update started 
[SYS] 2025/04/01 - 08:10:11 | batch update finished 
[SYS] 2025/04/01 - 08:10:16 | batch update started 
[SYS] 2025/04/01 - 08:10:16 | batch update finished 
[SYS] 2025/04/01 - 08:10:21 | batch update started 
[SYS] 2025/04/01 - 08:10:21 | batch update finished 
[SYS] 2025/04/01 - 08:10:26 | syncing options from database 
[SYS] 2025/04/01 - 08:10:26 | syncing channels from database 
[SYS] 2025/04/01 - 08:10:26 | channels synced from database 
[SYS] 2025/04/01 - 08:10:26 | 任务进度轮询开始 
[SYS] 2025/04/01 - 08:10:26 | 任务进度轮询完成 
[SYS] 2025/04/01 - 08:10:26 | batch update started 
[SYS] 2025/04/01 - 08:10:26 | batch update finished 
[SYS] 2025/04/01 - 08:10:31 | batch update started 
[SYS] 2025/04/01 - 08:10:31 | batch update finished 
[SYS] 2025/04/01 - 08:10:36 | batch update started 
[SYS] 2025/04/01 - 08:10:36 | batch update finished 
[SYS] 2025/04/01 - 08:10:41 | 任务进度轮询开始 
[SYS] 2025/04/01 - 08:10:41 | 任务进度轮询完成 
[SYS] 2025/04/01 - 08:10:41 | batch update started 
[SYS] 2025/04/01 - 08:10:41 | batch update finished 
[SYS] 2025/04/01 - 08:10:46 | batch update started 
[SYS] 2025/04/01 - 08:10:46 | batch update finished 
[SYS] 2025/04/01 - 08:10:51 | batch update started 
[SYS] 2025/04/01 - 08:10:51 | batch update finished 
[SYS] 2025/04/01 - 08:10:56 | 任务进度轮询开始 
[SYS] 2025/04/01 - 08:10:56 | 任务进度轮询完成 
[SYS] 2025/04/01 - 08:10:56 | batch update started 
[SYS] 2025/04/01 - 08:10:56 | batch update finished 
[SYS] 2025/04/01 - 08:11:01 | batch update started 
[SYS] 2025/04/01 - 08:11:01 | batch update finished 
[SYS] 2025/04/01 - 08:11:06 | batch update started 
[SYS] 2025/04/01 - 08:11:06 | batch update finished 
[SYS] 2025/04/01 - 08:11:11 | 任务进度轮询开始 
[SYS] 2025/04/01 - 08:11:11 | 任务进度轮询完成 
[SYS] 2025/04/01 - 08:11:11 | batch update started 
[SYS] 2025/04/01 - 08:11:11 | batch update finished 
[SYS] 2025/04/01 - 08:11:16 | batch update started 
[SYS] 2025/04/01 - 08:11:16 | batch update finished 
[SYS] 2025/04/01 - 08:11:21 | batch update started 
[SYS] 2025/04/01 - 08:11:21 | batch update finished 
[SYS] 2025/04/01 - 08:11:26 | 正在更新数据看板数据... 
[SYS] 2025/04/01 - 08:11:26 | 保存数据看板数据成功，共保存0条数据 
[SYS] 2025/04/01 - 08:11:26 | syncing options from database 
[SYS] 2025/04/01 - 08:11:26 | syncing channels from database 
[SYS] 2025/04/01 - 08:11:26 | channels synced from database 
[SYS] 2025/04/01 - 08:11:26 | 任务进度轮询开始 
[SYS] 2025/04/01 - 08:11:26 | 任务进度轮询完成 
[SYS] 2025/04/01 - 08:11:26 | batch update started 
[SYS] 2025/04/01 - 08:11:26 | batch update finished 
[SYS] 2025/04/01 - 08:11:31 | batch update started 
[SYS] 2025/04/01 - 08:11:31 | batch update finished 
[SYS] 2025/04/01 - 08:11:36 | batch update started 
[SYS] 2025/04/01 - 08:11:36 | batch update finished 
[SYS] 2025/04/01 - 08:11:41 | 任务进度轮询开始 
[SYS] 2025/04/01 - 08:11:41 | 任务进度轮询完成 
[SYS] 2025/04/01 - 08:11:41 | batch update started 
[SYS] 2025/04/01 - 08:11:41 | batch update finished 
[SYS] 2025/04/01 - 08:11:46 | batch update started 
[SYS] 2025/04/01 - 08:11:46 | batch update finished 
[SYS] 2025/04/01 - 08:11:51 | batch update started 
[SYS] 2025/04/01 - 08:11:51 | batch update finished 
[SYS] 2025/04/01 - 08:11:56 | 任务进度轮询开始 
[SYS] 2025/04/01 - 08:11:56 | 任务进度轮询完成 
[SYS] 2025/04/01 - 08:11:56 | batch update started 
[SYS] 2025/04/01 - 08:11:56 | batch update finished 
[SYS] 2025/04/01 - 08:12:01 | batch update started 
[SYS] 2025/04/01 - 08:12:01 | batch update finished 
[SYS] 2025/04/01 - 08:12:06 | batch update started 
[SYS] 2025/04/01 - 08:12:06 | batch update finished 
[SYS] 2025/04/01 - 08:12:11 | 任务进度轮询开始 
[SYS] 2025/04/01 - 08:12:11 | 任务进度轮询完成 
[SYS] 2025/04/01 - 08:12:11 | batch update started 
[SYS] 2025/04/01 - 08:12:11 | batch update finished 
[SYS] 2025/04/01 - 08:12:16 | batch update started 
[SYS] 2025/04/01 - 08:12:16 | batch update finished 
[SYS] 2025/04/01 - 08:12:21 | batch update started 
[SYS] 2025/04/01 - 08:12:21 | batch update finished 
[SYS] 2025/04/01 - 08:12:26 | syncing options from database 
[SYS] 2025/04/01 - 08:12:26 | syncing channels from database 
[SYS] 2025/04/01 - 08:12:26 | channels synced from database 
[SYS] 2025/04/01 - 08:12:26 | 任务进度轮询开始 
[SYS] 2025/04/01 - 08:12:26 | 任务进度轮询完成 
[SYS] 2025/04/01 - 08:12:26 | batch update started 
[SYS] 2025/04/01 - 08:12:26 | batch update finished 
[SYS] 2025/04/01 - 08:12:31 | batch update started 
[SYS] 2025/04/01 - 08:12:31 | batch update finished 
[SYS] 2025/04/01 - 08:12:36 | batch update started 
[SYS] 2025/04/01 - 08:12:36 | batch update finished 
[SYS] 2025/04/01 - 08:12:41 | 任务进度轮询开始 
[SYS] 2025/04/01 - 08:12:41 | 任务进度轮询完成 
[SYS] 2025/04/01 - 08:12:41 | batch update started 
[SYS] 2025/04/01 - 08:12:41 | batch update finished 
[SYS] 2025/04/01 - 08:12:46 | batch update started 
[SYS] 2025/04/01 - 08:12:46 | batch update finished 
[SYS] 2025/04/01 - 08:12:51 | batch update started 
[SYS] 2025/04/01 - 08:12:51 | batch update finished 
[SYS] 2025/04/01 - 08:12:56 | 任务进度轮询开始 
[SYS] 2025/04/01 - 08:12:56 | 任务进度轮询完成 
[SYS] 2025/04/01 - 08:12:56 | batch update started 
[SYS] 2025/04/01 - 08:12:56 | batch update finished 
[SYS] 2025/04/01 - 08:13:01 | batch update started 
[SYS] 2025/04/01 - 08:13:01 | batch update finished 
[SYS] 2025/04/01 - 08:13:06 | batch update started 
[SYS] 2025/04/01 - 08:13:06 | batch update finished 
[SYS] 2025/04/01 - 08:13:11 | 任务进度轮询开始 
[SYS] 2025/04/01 - 08:13:11 | 任务进度轮询完成 
[SYS] 2025/04/01 - 08:13:11 | batch update started 
[SYS] 2025/04/01 - 08:13:11 | batch update finished 
[SYS] 2025/04/01 - 08:13:16 | batch update started 
[SYS] 2025/04/01 - 08:13:16 | batch update finished 
[SYS] 2025/04/01 - 08:13:21 | batch update started 
[SYS] 2025/04/01 - 08:13:21 | batch update finished 
[SYS] 2025/04/01 - 08:13:26 | syncing options from database 
[SYS] 2025/04/01 - 08:13:26 | syncing channels from database 
[SYS] 2025/04/01 - 08:13:26 | channels synced from database 
[SYS] 2025/04/01 - 08:13:26 | 任务进度轮询开始 
[SYS] 2025/04/01 - 08:13:26 | 任务进度轮询完成 
[SYS] 2025/04/01 - 08:13:26 | batch update started 
[SYS] 2025/04/01 - 08:13:26 | batch update finished 
[SYS] 2025/04/01 - 08:13:31 | batch update started 
[SYS] 2025/04/01 - 08:13:31 | batch update finished 
[SYS] 2025/04/01 - 08:13:36 | batch update started 
[SYS] 2025/04/01 - 08:13:36 | batch update finished 
[SYS] 2025/04/01 - 08:13:41 | 任务进度轮询开始 
[SYS] 2025/04/01 - 08:13:41 | 任务进度轮询完成 
[SYS] 2025/04/01 - 08:13:41 | batch update started 
[SYS] 2025/04/01 - 08:13:41 | batch update finished 
[SYS] 2025/04/01 - 08:13:46 | batch update started 
[SYS] 2025/04/01 - 08:13:46 | batch update finished 
[SYS] 2025/04/01 - 08:13:51 | batch update started 
[SYS] 2025/04/01 - 08:13:51 | batch update finished 
[SYS] 2025/04/01 - 08:13:56 | 任务进度轮询开始 
[SYS] 2025/04/01 - 08:13:56 | 任务进度轮询完成 
[SYS] 2025/04/01 - 08:13:56 | batch update started 
[SYS] 2025/04/01 - 08:13:56 | batch update finished 
[SYS] 2025/04/01 - 08:14:01 | batch update started 
[SYS] 2025/04/01 - 08:14:01 | batch update finished 
[SYS] 2025/04/01 - 08:14:06 | batch update started 
[SYS] 2025/04/01 - 08:14:06 | batch update finished 
[SYS] 2025/04/01 - 08:14:11 | 任务进度轮询开始 
[SYS] 2025/04/01 - 08:14:11 | 任务进度轮询完成 
[SYS] 2025/04/01 - 08:14:11 | batch update started 
[SYS] 2025/04/01 - 08:14:11 | batch update finished 
[SYS] 2025/04/01 - 08:14:16 | batch update started 
[SYS] 2025/04/01 - 08:14:16 | batch update finished 
[SYS] 2025/04/01 - 08:14:21 | batch update started 
[SYS] 2025/04/01 - 08:14:21 | batch update finished 
[SYS] 2025/04/01 - 08:14:26 | syncing options from database 
[SYS] 2025/04/01 - 08:14:26 | syncing channels from database 
[SYS] 2025/04/01 - 08:14:26 | channels synced from database 
[SYS] 2025/04/01 - 08:14:26 | 任务进度轮询开始 
[SYS] 2025/04/01 - 08:14:26 | 任务进度轮询完成 
[SYS] 2025/04/01 - 08:14:26 | batch update started 
[SYS] 2025/04/01 - 08:14:26 | batch update finished 
[SYS] 2025/04/01 - 08:14:31 | batch update started 
[SYS] 2025/04/01 - 08:14:31 | batch update finished 
[SYS] 2025/04/01 - 08:14:36 | batch update started 
[SYS] 2025/04/01 - 08:14:36 | batch update finished 
[SYS] 2025/04/01 - 08:14:41 | 任务进度轮询开始 
[SYS] 2025/04/01 - 08:14:41 | 任务进度轮询完成 
[SYS] 2025/04/01 - 08:14:41 | batch update started 
[SYS] 2025/04/01 - 08:14:41 | batch update finished 
[SYS] 2025/04/01 - 08:14:46 | batch update started 
[SYS] 2025/04/01 - 08:14:46 | batch update finished 
[SYS] 2025/04/01 - 08:14:51 | batch update started 
[SYS] 2025/04/01 - 08:14:51 | batch update finished 
[SYS] 2025/04/01 - 08:14:56 | 任务进度轮询开始 
[SYS] 2025/04/01 - 08:14:56 | 任务进度轮询完成 
[SYS] 2025/04/01 - 08:14:56 | batch update started 
[SYS] 2025/04/01 - 08:14:56 | batch update finished 
[SYS] 2025/04/01 - 08:15:01 | batch update started 
[SYS] 2025/04/01 - 08:15:01 | batch update finished 
[SYS] 2025/04/01 - 08:15:06 | batch update started 
[SYS] 2025/04/01 - 08:15:06 | batch update finished 
[SYS] 2025/04/01 - 08:15:11 | 任务进度轮询开始 
[SYS] 2025/04/01 - 08:15:11 | 任务进度轮询完成 
[SYS] 2025/04/01 - 08:15:11 | batch update started 
[SYS] 2025/04/01 - 08:15:11 | batch update finished 
[SYS] 2025/04/01 - 08:15:16 | batch update started 
[SYS] 2025/04/01 - 08:15:16 | batch update finished 
[SYS] 2025/04/01 - 08:15:21 | batch update started 
[SYS] 2025/04/01 - 08:15:21 | batch update finished 
[SYS] 2025/04/01 - 08:15:26 | syncing options from database 
[SYS] 2025/04/01 - 08:15:26 | syncing channels from database 
[SYS] 2025/04/01 - 08:15:26 | channels synced from database 
[SYS] 2025/04/01 - 08:15:26 | 任务进度轮询开始 
[SYS] 2025/04/01 - 08:15:26 | 任务进度轮询完成 
[SYS] 2025/04/01 - 08:15:26 | batch update started 
[SYS] 2025/04/01 - 08:15:26 | batch update finished 
[SYS] 2025/04/01 - 08:15:31 | batch update started 
[SYS] 2025/04/01 - 08:15:31 | batch update finished 
[SYS] 2025/04/01 - 08:15:36 | batch update started 
[SYS] 2025/04/01 - 08:15:36 | batch update finished 
[SYS] 2025/04/01 - 08:15:41 | 任务进度轮询开始 
[SYS] 2025/04/01 - 08:15:41 | 任务进度轮询完成 
[SYS] 2025/04/01 - 08:15:41 | batch update started 
[SYS] 2025/04/01 - 08:15:41 | batch update finished 
[SYS] 2025/04/01 - 08:15:46 | batch update started 
[SYS] 2025/04/01 - 08:15:46 | batch update finished 
[SYS] 2025/04/01 - 08:15:51 | batch update started 
[SYS] 2025/04/01 - 08:15:51 | batch update finished 
[SYS] 2025/04/01 - 08:15:56 | 任务进度轮询开始 
[SYS] 2025/04/01 - 08:15:56 | 任务进度轮询完成 
[SYS] 2025/04/01 - 08:15:56 | batch update started 
[SYS] 2025/04/01 - 08:15:56 | batch update finished 
[SYS] 2025/04/01 - 08:16:01 | batch update started 
[SYS] 2025/04/01 - 08:16:01 | batch update finished 
[SYS] 2025/04/01 - 08:16:06 | batch update started 
[SYS] 2025/04/01 - 08:16:06 | batch update finished 
[SYS] 2025/04/01 - 08:16:11 | 任务进度轮询开始 
[SYS] 2025/04/01 - 08:16:11 | 任务进度轮询完成 
[SYS] 2025/04/01 - 08:16:11 | batch update started 
[SYS] 2025/04/01 - 08:16:11 | batch update finished 
[SYS] 2025/04/01 - 08:16:16 | batch update started 
[SYS] 2025/04/01 - 08:16:16 | batch update finished 
[SYS] 2025/04/01 - 08:16:21 | batch update started 
[SYS] 2025/04/01 - 08:16:21 | batch update finished 
[SYS] 2025/04/01 - 08:16:26 | testing all channels 
[SYS] 2025/04/01 - 08:16:26 | 正在更新数据看板数据... 
[SYS] 2025/04/01 - 08:16:26 | 保存数据看板数据成功，共保存0条数据 
[SYS] 2025/04/01 - 08:16:26 | channel test finished 
[SYS] 2025/04/01 - 08:16:26 | syncing options from database 
[SYS] 2025/04/01 - 08:16:26 | syncing channels from database 
[SYS] 2025/04/01 - 08:16:26 | channels synced from database 
[SYS] 2025/04/01 - 08:16:26 | 任务进度轮询开始 
[SYS] 2025/04/01 - 08:16:26 | 任务进度轮询完成 
[SYS] 2025/04/01 - 08:16:26 | batch update started 
[SYS] 2025/04/01 - 08:16:26 | batch update finished 
[SYS] 2025/04/01 - 08:16:31 | batch update started 
[SYS] 2025/04/01 - 08:16:31 | batch update finished 
[SYS] 2025/04/01 - 08:16:36 | batch update started 
[SYS] 2025/04/01 - 08:16:36 | batch update finished 
[SYS] 2025/04/01 - 08:16:41 | 任务进度轮询开始 
[SYS] 2025/04/01 - 08:16:41 | 任务进度轮询完成 
[SYS] 2025/04/01 - 08:16:41 | batch update started 
[SYS] 2025/04/01 - 08:16:41 | batch update finished 
[SYS] 2025/04/01 - 08:16:46 | batch update started 
[SYS] 2025/04/01 - 08:16:46 | batch update finished 
[SYS] 2025/04/01 - 08:16:51 | batch update started 
[SYS] 2025/04/01 - 08:16:51 | batch update finished 
[SYS] 2025/04/01 - 08:16:56 | 任务进度轮询开始 
[SYS] 2025/04/01 - 08:16:56 | 任务进度轮询完成 
[SYS] 2025/04/01 - 08:16:56 | batch update started 
[SYS] 2025/04/01 - 08:16:56 | batch update finished 
[SYS] 2025/04/01 - 08:17:01 | batch update started 
[SYS] 2025/04/01 - 08:17:01 | batch update finished 
[SYS] 2025/04/01 - 08:17:06 | batch update started 
[SYS] 2025/04/01 - 08:17:06 | batch update finished 
[SYS] 2025/04/01 - 08:17:11 | 任务进度轮询开始 
[SYS] 2025/04/01 - 08:17:11 | 任务进度轮询完成 
[SYS] 2025/04/01 - 08:17:11 | batch update started 
[SYS] 2025/04/01 - 08:17:11 | batch update finished 
[SYS] 2025/04/01 - 08:17:16 | batch update started 
[SYS] 2025/04/01 - 08:17:16 | batch update finished 
[SYS] 2025/04/01 - 08:17:21 | batch update started 
[SYS] 2025/04/01 - 08:17:21 | batch update finished 
[SYS] 2025/04/01 - 08:17:26 | syncing options from database 
[SYS] 2025/04/01 - 08:17:26 | syncing channels from database 
[SYS] 2025/04/01 - 08:17:26 | channels synced from database 
[SYS] 2025/04/01 - 08:17:26 | 任务进度轮询开始 
[SYS] 2025/04/01 - 08:17:26 | 任务进度轮询完成 
[SYS] 2025/04/01 - 08:17:26 | batch update started 
[SYS] 2025/04/01 - 08:17:26 | batch update finished 
[SYS] 2025/04/01 - 08:17:31 | batch update started 
[SYS] 2025/04/01 - 08:17:31 | batch update finished 
[SYS] 2025/04/01 - 08:17:36 | batch update started 
[SYS] 2025/04/01 - 08:17:36 | batch update finished 
[SYS] 2025/04/01 - 08:17:41 | 任务进度轮询开始 
[SYS] 2025/04/01 - 08:17:41 | 任务进度轮询完成 
[SYS] 2025/04/01 - 08:17:41 | batch update started 
[SYS] 2025/04/01 - 08:17:41 | batch update finished 
[SYS] 2025/04/01 - 08:17:46 | batch update started 
[SYS] 2025/04/01 - 08:17:46 | batch update finished 
[SYS] 2025/04/01 - 08:17:51 | batch update started 
[SYS] 2025/04/01 - 08:17:51 | batch update finished 
[SYS] 2025/04/01 - 08:17:56 | 任务进度轮询开始 
[SYS] 2025/04/01 - 08:17:56 | 任务进度轮询完成 
[SYS] 2025/04/01 - 08:17:56 | batch update started 
[SYS] 2025/04/01 - 08:17:56 | batch update finished 
[SYS] 2025/04/01 - 08:18:01 | batch update started 
[SYS] 2025/04/01 - 08:18:01 | batch update finished 
[SYS] 2025/04/01 - 08:18:06 | batch update started 
[SYS] 2025/04/01 - 08:18:06 | batch update finished 
[SYS] 2025/04/01 - 08:18:11 | 任务进度轮询开始 
[SYS] 2025/04/01 - 08:18:11 | 任务进度轮询完成 
[SYS] 2025/04/01 - 08:18:11 | batch update started 
[SYS] 2025/04/01 - 08:18:11 | batch update finished 
[SYS] 2025/04/01 - 08:18:16 | batch update started 
[SYS] 2025/04/01 - 08:18:16 | batch update finished 
[SYS] 2025/04/01 - 08:18:21 | batch update started 
[SYS] 2025/04/01 - 08:18:21 | batch update finished 
[SYS] 2025/04/01 - 08:18:26 | syncing options from database 
[SYS] 2025/04/01 - 08:18:26 | syncing channels from database 
[SYS] 2025/04/01 - 08:18:26 | channels synced from database 
[SYS] 2025/04/01 - 08:18:26 | 任务进度轮询开始 
[SYS] 2025/04/01 - 08:18:26 | 任务进度轮询完成 
[SYS] 2025/04/01 - 08:18:26 | batch update started 
[SYS] 2025/04/01 - 08:18:26 | batch update finished 
[SYS] 2025/04/01 - 08:18:31 | batch update started 
[SYS] 2025/04/01 - 08:18:31 | batch update finished 
[SYS] 2025/04/01 - 08:18:36 | batch update started 
[SYS] 2025/04/01 - 08:18:36 | batch update finished 
[SYS] 2025/04/01 - 08:18:41 | 任务进度轮询开始 
[SYS] 2025/04/01 - 08:18:41 | 任务进度轮询完成 
[SYS] 2025/04/01 - 08:18:41 | batch update started 
[SYS] 2025/04/01 - 08:18:41 | batch update finished 
[SYS] 2025/04/01 - 08:18:46 | batch update started 
[SYS] 2025/04/01 - 08:18:46 | batch update finished 
[SYS] 2025/04/01 - 08:18:51 | batch update started 
[SYS] 2025/04/01 - 08:18:51 | batch update finished 
[SYS] 2025/04/01 - 08:18:56 | 任务进度轮询开始 
[SYS] 2025/04/01 - 08:18:56 | 任务进度轮询完成 
[SYS] 2025/04/01 - 08:18:56 | batch update started 
[SYS] 2025/04/01 - 08:18:56 | batch update finished 
[SYS] 2025/04/01 - 08:19:01 | batch update started 
[SYS] 2025/04/01 - 08:19:01 | batch update finished 
[SYS] 2025/04/01 - 08:19:06 | batch update started 
[SYS] 2025/04/01 - 08:19:06 | batch update finished 
[SYS] 2025/04/01 - 08:19:11 | 任务进度轮询开始 
[SYS] 2025/04/01 - 08:19:11 | 任务进度轮询完成 
[SYS] 2025/04/01 - 08:19:11 | batch update started 
[SYS] 2025/04/01 - 08:19:11 | batch update finished 
[SYS] 2025/04/01 - 08:19:16 | batch update started 
[SYS] 2025/04/01 - 08:19:16 | batch update finished 
[SYS] 2025/04/01 - 08:19:21 | batch update started 
[SYS] 2025/04/01 - 08:19:21 | batch update finished 
[SYS] 2025/04/01 - 08:19:26 | syncing options from database 
[SYS] 2025/04/01 - 08:19:26 | syncing channels from database 
[SYS] 2025/04/01 - 08:19:26 | channels synced from database 
[SYS] 2025/04/01 - 08:19:26 | 任务进度轮询开始 
[SYS] 2025/04/01 - 08:19:26 | 任务进度轮询完成 
[SYS] 2025/04/01 - 08:19:26 | batch update started 
[SYS] 2025/04/01 - 08:19:26 | batch update finished 
[SYS] 2025/04/01 - 08:19:31 | batch update started 
[SYS] 2025/04/01 - 08:19:31 | batch update finished 
[SYS] 2025/04/01 - 08:19:36 | batch update started 
[SYS] 2025/04/01 - 08:19:36 | batch update finished 
[SYS] 2025/04/01 - 08:19:41 | 任务进度轮询开始 
[SYS] 2025/04/01 - 08:19:41 | 任务进度轮询完成 
[SYS] 2025/04/01 - 08:19:41 | batch update started 
[SYS] 2025/04/01 - 08:19:41 | batch update finished 
[SYS] 2025/04/01 - 08:19:46 | batch update started 
[SYS] 2025/04/01 - 08:19:46 | batch update finished 
[SYS] 2025/04/01 - 08:19:51 | batch update started 
[SYS] 2025/04/01 - 08:19:51 | batch update finished 
[SYS] 2025/04/01 - 08:19:56 | 任务进度轮询开始 
[SYS] 2025/04/01 - 08:19:56 | 任务进度轮询完成 
[SYS] 2025/04/01 - 08:19:56 | batch update started 
[SYS] 2025/04/01 - 08:19:56 | batch update finished 
[SYS] 2025/04/01 - 08:20:01 | batch update started 
[SYS] 2025/04/01 - 08:20:01 | batch update finished 
[SYS] 2025/04/01 - 08:20:06 | batch update started 
[SYS] 2025/04/01 - 08:20:06 | batch update finished 
[SYS] 2025/04/01 - 08:20:11 | 任务进度轮询开始 
[SYS] 2025/04/01 - 08:20:11 | 任务进度轮询完成 
[SYS] 2025/04/01 - 08:20:11 | batch update started 
[SYS] 2025/04/01 - 08:20:11 | batch update finished 
[SYS] 2025/04/01 - 08:20:16 | batch update started 
[SYS] 2025/04/01 - 08:20:16 | batch update finished 
[SYS] 2025/04/01 - 08:20:21 | batch update started 
[SYS] 2025/04/01 - 08:20:21 | batch update finished 
[SYS] 2025/04/01 - 08:20:26 | syncing options from database 
[SYS] 2025/04/01 - 08:20:26 | syncing channels from database 
[SYS] 2025/04/01 - 08:20:26 | channels synced from database 
[SYS] 2025/04/01 - 08:20:26 | 任务进度轮询开始 
[SYS] 2025/04/01 - 08:20:26 | 任务进度轮询完成 
[SYS] 2025/04/01 - 08:20:26 | batch update started 
[SYS] 2025/04/01 - 08:20:26 | batch update finished 
[SYS] 2025/04/01 - 08:20:31 | batch update started 
[SYS] 2025/04/01 - 08:20:31 | batch update finished 
[SYS] 2025/04/01 - 08:20:36 | batch update started 
[SYS] 2025/04/01 - 08:20:36 | batch update finished 
[SYS] 2025/04/01 - 08:20:41 | 任务进度轮询开始 
[SYS] 2025/04/01 - 08:20:41 | 任务进度轮询完成 
[SYS] 2025/04/01 - 08:20:41 | batch update started 
[SYS] 2025/04/01 - 08:20:41 | batch update finished 
[SYS] 2025/04/01 - 08:20:46 | batch update started 
[SYS] 2025/04/01 - 08:20:46 | batch update finished 
[SYS] 2025/04/01 - 08:20:51 | batch update started 
[SYS] 2025/04/01 - 08:20:51 | batch update finished 
[SYS] 2025/04/01 - 08:20:56 | 任务进度轮询开始 
[SYS] 2025/04/01 - 08:20:56 | 任务进度轮询完成 
[SYS] 2025/04/01 - 08:20:56 | batch update started 
[SYS] 2025/04/01 - 08:20:56 | batch update finished 
[SYS] 2025/04/01 - 08:21:01 | batch update started 
[SYS] 2025/04/01 - 08:21:01 | batch update finished 
[SYS] 2025/04/01 - 08:21:06 | batch update started 
[SYS] 2025/04/01 - 08:21:06 | batch update finished 
[SYS] 2025/04/01 - 08:21:11 | 任务进度轮询开始 
[SYS] 2025/04/01 - 08:21:11 | 任务进度轮询完成 
[SYS] 2025/04/01 - 08:21:11 | batch update started 
[SYS] 2025/04/01 - 08:21:11 | batch update finished 
[SYS] 2025/04/01 - 08:21:16 | batch update started 
[SYS] 2025/04/01 - 08:21:16 | batch update finished 
[SYS] 2025/04/01 - 08:21:21 | batch update started 
[SYS] 2025/04/01 - 08:21:21 | batch update finished 
[SYS] 2025/04/01 - 08:21:26 | 正在更新数据看板数据... 
[SYS] 2025/04/01 - 08:21:26 | 保存数据看板数据成功，共保存0条数据 
[SYS] 2025/04/01 - 08:21:26 | syncing options from database 
[SYS] 2025/04/01 - 08:21:26 | syncing channels from database 
[SYS] 2025/04/01 - 08:21:26 | channels synced from database 
[SYS] 2025/04/01 - 08:21:26 | 任务进度轮询开始 
[SYS] 2025/04/01 - 08:21:26 | 任务进度轮询完成 
[SYS] 2025/04/01 - 08:21:26 | batch update started 
[SYS] 2025/04/01 - 08:21:26 | batch update finished 
[SYS] 2025/04/01 - 08:21:31 | batch update started 
[SYS] 2025/04/01 - 08:21:31 | batch update finished 
[SYS] 2025/04/01 - 08:21:36 | batch update started 
[SYS] 2025/04/01 - 08:21:36 | batch update finished 
[SYS] 2025/04/01 - 08:21:41 | 任务进度轮询开始 
[SYS] 2025/04/01 - 08:21:41 | 任务进度轮询完成 
[SYS] 2025/04/01 - 08:21:41 | batch update started 
[SYS] 2025/04/01 - 08:21:41 | batch update finished 
[SYS] 2025/04/01 - 08:21:46 | batch update started 
[SYS] 2025/04/01 - 08:21:46 | batch update finished 
[SYS] 2025/04/01 - 08:21:51 | batch update started 
[SYS] 2025/04/01 - 08:21:51 | batch update finished 
[SYS] 2025/04/01 - 08:21:56 | 任务进度轮询开始 
[SYS] 2025/04/01 - 08:21:56 | 任务进度轮询完成 
[SYS] 2025/04/01 - 08:21:56 | batch update started 
[SYS] 2025/04/01 - 08:21:56 | batch update finished 
[SYS] 2025/04/01 - 08:22:01 | batch update started 
[SYS] 2025/04/01 - 08:22:01 | batch update finished 
[SYS] 2025/04/01 - 08:22:06 | batch update started 
[SYS] 2025/04/01 - 08:22:06 | batch update finished 
[SYS] 2025/04/01 - 08:22:11 | 任务进度轮询开始 
[SYS] 2025/04/01 - 08:22:11 | 任务进度轮询完成 
[SYS] 2025/04/01 - 08:22:11 | batch update started 
[SYS] 2025/04/01 - 08:22:11 | batch update finished 
[SYS] 2025/04/01 - 08:22:16 | batch update started 
[SYS] 2025/04/01 - 08:22:16 | batch update finished 
[SYS] 2025/04/01 - 08:22:21 | batch update started 
[SYS] 2025/04/01 - 08:22:21 | batch update finished 
[SYS] 2025/04/01 - 08:22:26 | syncing options from database 
[SYS] 2025/04/01 - 08:22:26 | syncing channels from database 
[SYS] 2025/04/01 - 08:22:26 | channels synced from database 
[SYS] 2025/04/01 - 08:22:26 | 任务进度轮询开始 
[SYS] 2025/04/01 - 08:22:26 | 任务进度轮询完成 
[SYS] 2025/04/01 - 08:22:26 | batch update started 
[SYS] 2025/04/01 - 08:22:26 | batch update finished 
[SYS] 2025/04/01 - 08:22:31 | batch update started 
[SYS] 2025/04/01 - 08:22:31 | batch update finished 
[SYS] 2025/04/01 - 08:22:36 | batch update started 
[SYS] 2025/04/01 - 08:22:36 | batch update finished 
[SYS] 2025/04/01 - 08:22:41 | 任务进度轮询开始 
[SYS] 2025/04/01 - 08:22:41 | 任务进度轮询完成 
[SYS] 2025/04/01 - 08:22:41 | batch update started 
[SYS] 2025/04/01 - 08:22:41 | batch update finished 
[SYS] 2025/04/01 - 08:22:46 | batch update started 
[SYS] 2025/04/01 - 08:22:46 | batch update finished 
[SYS] 2025/04/01 - 08:22:51 | batch update started 
[SYS] 2025/04/01 - 08:22:51 | batch update finished 
[SYS] 2025/04/01 - 08:22:56 | 任务进度轮询开始 
[SYS] 2025/04/01 - 08:22:56 | 任务进度轮询完成 
[SYS] 2025/04/01 - 08:22:56 | batch update started 
[SYS] 2025/04/01 - 08:22:56 | batch update finished 
[SYS] 2025/04/01 - 08:23:01 | batch update started 
[SYS] 2025/04/01 - 08:23:01 | batch update finished 
[SYS] 2025/04/01 - 08:23:06 | batch update started 
[SYS] 2025/04/01 - 08:23:06 | batch update finished 
[SYS] 2025/04/01 - 08:23:11 | 任务进度轮询开始 
[SYS] 2025/04/01 - 08:23:11 | 任务进度轮询完成 
[SYS] 2025/04/01 - 08:23:11 | batch update started 
[SYS] 2025/04/01 - 08:23:11 | batch update finished 
[SYS] 2025/04/01 - 08:23:16 | batch update started 
[SYS] 2025/04/01 - 08:23:16 | batch update finished 
[SYS] 2025/04/01 - 08:23:21 | batch update started 
[SYS] 2025/04/01 - 08:23:21 | batch update finished 
[SYS] 2025/04/01 - 08:23:26 | syncing options from database 
[SYS] 2025/04/01 - 08:23:26 | syncing channels from database 
[SYS] 2025/04/01 - 08:23:26 | channels synced from database 
[SYS] 2025/04/01 - 08:23:26 | 任务进度轮询开始 
[SYS] 2025/04/01 - 08:23:26 | 任务进度轮询完成 
[SYS] 2025/04/01 - 08:23:26 | batch update started 
[SYS] 2025/04/01 - 08:23:26 | batch update finished 
[SYS] 2025/04/01 - 08:23:31 | batch update started 
[SYS] 2025/04/01 - 08:23:31 | batch update finished 
[SYS] 2025/04/01 - 08:23:37 | batch update started 
[SYS] 2025/04/01 - 08:23:37 | batch update finished 
[SYS] 2025/04/01 - 08:23:41 | 任务进度轮询开始 
[SYS] 2025/04/01 - 08:23:41 | 任务进度轮询完成 
[SYS] 2025/04/01 - 08:23:42 | batch update started 
[SYS] 2025/04/01 - 08:23:42 | batch update finished 
[SYS] 2025/04/01 - 08:23:47 | batch update started 
[SYS] 2025/04/01 - 08:23:47 | batch update finished 
[SYS] 2025/04/01 - 08:23:52 | batch update started 
[SYS] 2025/04/01 - 08:23:52 | batch update finished 
[SYS] 2025/04/01 - 08:23:56 | 任务进度轮询开始 
[SYS] 2025/04/01 - 08:23:56 | 任务进度轮询完成 
[SYS] 2025/04/01 - 08:23:57 | batch update started 
[SYS] 2025/04/01 - 08:23:57 | batch update finished 
[SYS] 2025/04/01 - 08:24:02 | batch update started 
[SYS] 2025/04/01 - 08:24:02 | batch update finished 
[SYS] 2025/04/01 - 08:24:07 | batch update started 
[SYS] 2025/04/01 - 08:24:07 | batch update finished 
[SYS] 2025/04/01 - 08:24:11 | 任务进度轮询开始 
[SYS] 2025/04/01 - 08:24:11 | 任务进度轮询完成 
[SYS] 2025/04/01 - 08:24:12 | batch update started 
[SYS] 2025/04/01 - 08:24:12 | batch update finished 
[SYS] 2025/04/01 - 08:24:17 | batch update started 
[SYS] 2025/04/01 - 08:24:17 | batch update finished 
[SYS] 2025/04/01 - 08:24:22 | batch update started 
[SYS] 2025/04/01 - 08:24:22 | batch update finished 
[SYS] 2025/04/01 - 08:24:26 | syncing options from database 
[SYS] 2025/04/01 - 08:24:26 | syncing channels from database 
[SYS] 2025/04/01 - 08:24:26 | channels synced from database 
[SYS] 2025/04/01 - 08:24:26 | 任务进度轮询开始 
[SYS] 2025/04/01 - 08:24:26 | 任务进度轮询完成 
[SYS] 2025/04/01 - 08:24:27 | batch update started 
[SYS] 2025/04/01 - 08:24:27 | batch update finished 
[SYS] 2025/04/01 - 08:24:32 | batch update started 
[SYS] 2025/04/01 - 08:24:32 | batch update finished 
[SYS] 2025/04/01 - 08:24:37 | batch update started 
[SYS] 2025/04/01 - 08:24:37 | batch update finished 
[SYS] 2025/04/01 - 08:24:41 | 任务进度轮询开始 
[SYS] 2025/04/01 - 08:24:41 | 任务进度轮询完成 
[SYS] 2025/04/01 - 08:24:42 | batch update started 
[SYS] 2025/04/01 - 08:24:42 | batch update finished 
[SYS] 2025/04/01 - 08:24:47 | batch update started 
[SYS] 2025/04/01 - 08:24:47 | batch update finished 
[SYS] 2025/04/01 - 08:24:52 | batch update started 
[SYS] 2025/04/01 - 08:24:52 | batch update finished 
[SYS] 2025/04/01 - 08:24:56 | 任务进度轮询开始 
[SYS] 2025/04/01 - 08:24:56 | 任务进度轮询完成 
[SYS] 2025/04/01 - 08:24:57 | batch update started 
[SYS] 2025/04/01 - 08:24:57 | batch update finished 
[SYS] 2025/04/01 - 08:25:02 | batch update started 
[SYS] 2025/04/01 - 08:25:02 | batch update finished 
[SYS] 2025/04/01 - 08:25:07 | batch update started 
[SYS] 2025/04/01 - 08:25:07 | batch update finished 
[SYS] 2025/04/01 - 08:25:11 | 任务进度轮询开始 
[SYS] 2025/04/01 - 08:25:11 | 任务进度轮询完成 
[SYS] 2025/04/01 - 08:25:12 | batch update started 
[SYS] 2025/04/01 - 08:25:12 | batch update finished 
[SYS] 2025/04/01 - 08:25:17 | batch update started 
[SYS] 2025/04/01 - 08:25:17 | batch update finished 
[SYS] 2025/04/01 - 08:25:22 | batch update started 
[SYS] 2025/04/01 - 08:25:22 | batch update finished 
[SYS] 2025/04/01 - 08:25:26 | syncing options from database 
[SYS] 2025/04/01 - 08:25:26 | syncing channels from database 
[SYS] 2025/04/01 - 08:25:26 | channels synced from database 
[SYS] 2025/04/01 - 08:25:26 | 任务进度轮询开始 
[SYS] 2025/04/01 - 08:25:26 | 任务进度轮询完成 
[SYS] 2025/04/01 - 08:25:27 | batch update started 
[SYS] 2025/04/01 - 08:25:27 | batch update finished 
[SYS] 2025/04/01 - 08:25:32 | batch update started 
[SYS] 2025/04/01 - 08:25:32 | batch update finished 
[SYS] 2025/04/01 - 08:25:37 | batch update started 
[SYS] 2025/04/01 - 08:25:37 | batch update finished 
[SYS] 2025/04/01 - 08:25:41 | 任务进度轮询开始 
[SYS] 2025/04/01 - 08:25:41 | 任务进度轮询完成 
[SYS] 2025/04/01 - 08:25:42 | batch update started 
[SYS] 2025/04/01 - 08:25:42 | batch update finished 
[SYS] 2025/04/01 - 08:25:47 | batch update started 
[SYS] 2025/04/01 - 08:25:47 | batch update finished 
[SYS] 2025/04/01 - 08:25:52 | batch update started 
[SYS] 2025/04/01 - 08:25:52 | batch update finished 
[SYS] 2025/04/01 - 08:25:56 | 任务进度轮询开始 
[SYS] 2025/04/01 - 08:25:56 | 任务进度轮询完成 
[SYS] 2025/04/01 - 08:25:57 | batch update started 
[SYS] 2025/04/01 - 08:25:57 | batch update finished 
[SYS] 2025/04/01 - 08:26:02 | batch update started 
[SYS] 2025/04/01 - 08:26:02 | batch update finished 
[SYS] 2025/04/01 - 08:26:07 | batch update started 
[SYS] 2025/04/01 - 08:26:07 | batch update finished 
[SYS] 2025/04/01 - 08:26:11 | 任务进度轮询开始 
[SYS] 2025/04/01 - 08:26:11 | 任务进度轮询完成 
[SYS] 2025/04/01 - 08:26:12 | batch update started 
[SYS] 2025/04/01 - 08:26:12 | batch update finished 
[SYS] 2025/04/01 - 08:26:17 | batch update started 
[SYS] 2025/04/01 - 08:26:17 | batch update finished 
[SYS] 2025/04/01 - 08:26:22 | batch update started 
[SYS] 2025/04/01 - 08:26:22 | batch update finished 
[SYS] 2025/04/01 - 08:26:26 | testing all channels 
[SYS] 2025/04/01 - 08:26:26 | 正在更新数据看板数据... 
[SYS] 2025/04/01 - 08:26:26 | 保存数据看板数据成功，共保存0条数据 
[SYS] 2025/04/01 - 08:26:26 | channel test finished 
[SYS] 2025/04/01 - 08:26:26 | syncing options from database 
[SYS] 2025/04/01 - 08:26:26 | syncing channels from database 
[SYS] 2025/04/01 - 08:26:26 | channels synced from database 
[SYS] 2025/04/01 - 08:26:26 | 任务进度轮询开始 
[SYS] 2025/04/01 - 08:26:26 | 任务进度轮询完成 
[SYS] 2025/04/01 - 08:26:27 | batch update started 
[SYS] 2025/04/01 - 08:26:27 | batch update finished 
[SYS] 2025/04/01 - 08:26:32 | batch update started 
[SYS] 2025/04/01 - 08:26:32 | batch update finished 
[SYS] 2025/04/01 - 08:26:37 | batch update started 
[SYS] 2025/04/01 - 08:26:37 | batch update finished 
[SYS] 2025/04/01 - 08:26:41 | 任务进度轮询开始 
[SYS] 2025/04/01 - 08:26:41 | 任务进度轮询完成 
[SYS] 2025/04/01 - 08:26:42 | batch update started 
[SYS] 2025/04/01 - 08:26:42 | batch update finished 
[SYS] 2025/04/01 - 08:26:47 | batch update started 
[SYS] 2025/04/01 - 08:26:47 | batch update finished 
[SYS] 2025/04/01 - 08:26:52 | batch update started 
[SYS] 2025/04/01 - 08:26:52 | batch update finished 
[SYS] 2025/04/01 - 08:26:56 | 任务进度轮询开始 
[SYS] 2025/04/01 - 08:26:56 | 任务进度轮询完成 
[SYS] 2025/04/01 - 08:26:57 | batch update started 
[SYS] 2025/04/01 - 08:26:57 | batch update finished 
[SYS] 2025/04/01 - 08:27:02 | batch update started 
[SYS] 2025/04/01 - 08:27:02 | batch update finished 
[SYS] 2025/04/01 - 08:27:07 | batch update started 
[SYS] 2025/04/01 - 08:27:07 | batch update finished 
[SYS] 2025/04/01 - 08:27:11 | 任务进度轮询开始 
[SYS] 2025/04/01 - 08:27:11 | 任务进度轮询完成 
[SYS] 2025/04/01 - 08:27:12 | batch update started 
[SYS] 2025/04/01 - 08:27:12 | batch update finished 
[SYS] 2025/04/01 - 08:27:17 | batch update started 
[SYS] 2025/04/01 - 08:27:17 | batch update finished 
[SYS] 2025/04/01 - 08:27:22 | batch update started 
[SYS] 2025/04/01 - 08:27:22 | batch update finished 
[SYS] 2025/04/01 - 08:27:26 | syncing options from database 
[SYS] 2025/04/01 - 08:27:26 | syncing channels from database 
[SYS] 2025/04/01 - 08:27:26 | channels synced from database 
[SYS] 2025/04/01 - 08:27:26 | 任务进度轮询开始 
[SYS] 2025/04/01 - 08:27:26 | 任务进度轮询完成 
[SYS] 2025/04/01 - 08:27:27 | batch update started 
[SYS] 2025/04/01 - 08:27:27 | batch update finished 
[SYS] 2025/04/01 - 08:27:32 | batch update started 
[SYS] 2025/04/01 - 08:27:32 | batch update finished 
[SYS] 2025/04/01 - 08:27:37 | batch update started 
[SYS] 2025/04/01 - 08:27:37 | batch update finished 
[SYS] 2025/04/01 - 08:27:41 | 任务进度轮询开始 
[SYS] 2025/04/01 - 08:27:41 | 任务进度轮询完成 
[SYS] 2025/04/01 - 08:27:42 | batch update started 
[SYS] 2025/04/01 - 08:27:42 | batch update finished 
[SYS] 2025/04/01 - 08:27:47 | batch update started 
[SYS] 2025/04/01 - 08:27:47 | batch update finished 
[SYS] 2025/04/01 - 08:27:52 | batch update started 
[SYS] 2025/04/01 - 08:27:52 | batch update finished 
[SYS] 2025/04/01 - 08:27:56 | 任务进度轮询开始 
[SYS] 2025/04/01 - 08:27:56 | 任务进度轮询完成 
[SYS] 2025/04/01 - 08:27:57 | batch update started 
[SYS] 2025/04/01 - 08:27:57 | batch update finished 
[SYS] 2025/04/01 - 08:28:02 | batch update started 
[SYS] 2025/04/01 - 08:28:02 | batch update finished 
[SYS] 2025/04/01 - 08:28:07 | batch update started 
[SYS] 2025/04/01 - 08:28:07 | batch update finished 
[SYS] 2025/04/01 - 08:28:11 | 任务进度轮询开始 
[SYS] 2025/04/01 - 08:28:11 | 任务进度轮询完成 
[SYS] 2025/04/01 - 08:28:12 | batch update started 
[SYS] 2025/04/01 - 08:28:12 | batch update finished 
[SYS] 2025/04/01 - 08:28:17 | batch update started 
[SYS] 2025/04/01 - 08:28:17 | batch update finished 
[SYS] 2025/04/01 - 08:28:22 | batch update started 
[SYS] 2025/04/01 - 08:28:22 | batch update finished 
[SYS] 2025/04/01 - 08:28:26 | syncing options from database 
[SYS] 2025/04/01 - 08:28:26 | syncing channels from database 
[SYS] 2025/04/01 - 08:28:26 | channels synced from database 
[SYS] 2025/04/01 - 08:28:26 | 任务进度轮询开始 
[SYS] 2025/04/01 - 08:28:26 | 任务进度轮询完成 
[SYS] 2025/04/01 - 08:28:27 | batch update started 
[SYS] 2025/04/01 - 08:28:27 | batch update finished 
[SYS] 2025/04/01 - 08:28:32 | batch update started 
[SYS] 2025/04/01 - 08:28:32 | batch update finished 
[SYS] 2025/04/01 - 08:28:37 | batch update started 
[SYS] 2025/04/01 - 08:28:37 | batch update finished 
[SYS] 2025/04/01 - 08:28:41 | 任务进度轮询开始 
[SYS] 2025/04/01 - 08:28:41 | 任务进度轮询完成 
[SYS] 2025/04/01 - 08:28:42 | batch update started 
[SYS] 2025/04/01 - 08:28:42 | batch update finished 
[SYS] 2025/04/01 - 08:28:47 | batch update started 
[SYS] 2025/04/01 - 08:28:47 | batch update finished 
[SYS] 2025/04/01 - 08:28:52 | batch update started 
[SYS] 2025/04/01 - 08:28:52 | batch update finished 
[SYS] 2025/04/01 - 08:28:56 | 任务进度轮询开始 
[SYS] 2025/04/01 - 08:28:56 | 任务进度轮询完成 
[SYS] 2025/04/01 - 08:28:57 | batch update started 
[SYS] 2025/04/01 - 08:28:57 | batch update finished 
[SYS] 2025/04/01 - 08:29:02 | batch update started 
[SYS] 2025/04/01 - 08:29:02 | batch update finished 
[SYS] 2025/04/01 - 08:29:07 | batch update started 
[SYS] 2025/04/01 - 08:29:07 | batch update finished 
[SYS] 2025/04/01 - 08:29:11 | 任务进度轮询开始 
[SYS] 2025/04/01 - 08:29:11 | 任务进度轮询完成 
[SYS] 2025/04/01 - 08:29:12 | batch update started 
[SYS] 2025/04/01 - 08:29:12 | batch update finished 
[SYS] 2025/04/01 - 08:29:17 | batch update started 
[SYS] 2025/04/01 - 08:29:17 | batch update finished 
[SYS] 2025/04/01 - 08:29:22 | batch update started 
[SYS] 2025/04/01 - 08:29:22 | batch update finished 
[SYS] 2025/04/01 - 08:29:26 | syncing options from database 
[SYS] 2025/04/01 - 08:29:26 | syncing channels from database 
[SYS] 2025/04/01 - 08:29:26 | channels synced from database 
[SYS] 2025/04/01 - 08:29:26 | 任务进度轮询开始 
[SYS] 2025/04/01 - 08:29:26 | 任务进度轮询完成 
[SYS] 2025/04/01 - 08:29:27 | batch update started 
[SYS] 2025/04/01 - 08:29:27 | batch update finished 
[SYS] 2025/04/01 - 08:29:32 | batch update started 
[SYS] 2025/04/01 - 08:29:32 | batch update finished 
[SYS] 2025/04/01 - 08:29:37 | batch update started 
[SYS] 2025/04/01 - 08:29:37 | batch update finished 
[SYS] 2025/04/01 - 08:29:41 | 任务进度轮询开始 
[SYS] 2025/04/01 - 08:29:41 | 任务进度轮询完成 
[SYS] 2025/04/01 - 08:29:42 | batch update started 
[SYS] 2025/04/01 - 08:29:42 | batch update finished 
[SYS] 2025/04/01 - 08:29:47 | batch update started 
[SYS] 2025/04/01 - 08:29:47 | batch update finished 
[SYS] 2025/04/01 - 08:29:52 | batch update started 
[SYS] 2025/04/01 - 08:29:52 | batch update finished 
[SYS] 2025/04/01 - 08:29:56 | 任务进度轮询开始 
[SYS] 2025/04/01 - 08:29:56 | 任务进度轮询完成 
[SYS] 2025/04/01 - 08:29:57 | batch update started 
[SYS] 2025/04/01 - 08:29:57 | batch update finished 
[SYS] 2025/04/01 - 08:30:02 | batch update started 
[SYS] 2025/04/01 - 08:30:02 | batch update finished 
[SYS] 2025/04/01 - 08:30:07 | batch update started 
[SYS] 2025/04/01 - 08:30:07 | batch update finished 
[SYS] 2025/04/01 - 08:30:11 | 任务进度轮询开始 
[SYS] 2025/04/01 - 08:30:11 | 任务进度轮询完成 
[SYS] 2025/04/01 - 08:30:12 | batch update started 
[SYS] 2025/04/01 - 08:30:12 | batch update finished 
[SYS] 2025/04/01 - 08:30:17 | batch update started 
[SYS] 2025/04/01 - 08:30:17 | batch update finished 
[SYS] 2025/04/01 - 08:30:22 | batch update started 
[SYS] 2025/04/01 - 08:30:22 | batch update finished 
[SYS] 2025/04/01 - 08:30:26 | syncing options from database 
[SYS] 2025/04/01 - 08:30:26 | syncing channels from database 
[SYS] 2025/04/01 - 08:30:26 | channels synced from database 
[SYS] 2025/04/01 - 08:30:26 | 任务进度轮询开始 
[SYS] 2025/04/01 - 08:30:26 | 任务进度轮询完成 
[SYS] 2025/04/01 - 08:30:27 | batch update started 
[SYS] 2025/04/01 - 08:30:27 | batch update finished 
[SYS] 2025/04/01 - 08:30:32 | batch update started 
[SYS] 2025/04/01 - 08:30:32 | batch update finished 
[SYS] 2025/04/01 - 08:30:37 | batch update started 
[SYS] 2025/04/01 - 08:30:37 | batch update finished 
[SYS] 2025/04/01 - 08:30:41 | 任务进度轮询开始 
[SYS] 2025/04/01 - 08:30:41 | 任务进度轮询完成 
[SYS] 2025/04/01 - 08:30:42 | batch update started 
[SYS] 2025/04/01 - 08:30:42 | batch update finished 
[SYS] 2025/04/01 - 08:30:47 | batch update started 
[SYS] 2025/04/01 - 08:30:47 | batch update finished 
[SYS] 2025/04/01 - 08:30:52 | batch update started 
[SYS] 2025/04/01 - 08:30:52 | batch update finished 
[SYS] 2025/04/01 - 08:30:56 | 任务进度轮询开始 
[SYS] 2025/04/01 - 08:30:56 | 任务进度轮询完成 
[SYS] 2025/04/01 - 08:30:57 | batch update started 
[SYS] 2025/04/01 - 08:30:57 | batch update finished 
[SYS] 2025/04/01 - 08:31:02 | batch update started 
[SYS] 2025/04/01 - 08:31:02 | batch update finished 
[SYS] 2025/04/01 - 08:31:07 | batch update started 
[SYS] 2025/04/01 - 08:31:07 | batch update finished 
[SYS] 2025/04/01 - 08:31:11 | 任务进度轮询开始 
[SYS] 2025/04/01 - 08:31:11 | 任务进度轮询完成 
[SYS] 2025/04/01 - 08:31:12 | batch update started 
[SYS] 2025/04/01 - 08:31:12 | batch update finished 
[SYS] 2025/04/01 - 08:31:17 | batch update started 
[SYS] 2025/04/01 - 08:31:17 | batch update finished 
[SYS] 2025/04/01 - 08:31:22 | batch update started 
[SYS] 2025/04/01 - 08:31:22 | batch update finished 
[SYS] 2025/04/01 - 08:31:26 | 正在更新数据看板数据... 
[SYS] 2025/04/01 - 08:31:26 | 保存数据看板数据成功，共保存0条数据 
[SYS] 2025/04/01 - 08:31:26 | syncing options from database 
[SYS] 2025/04/01 - 08:31:26 | syncing channels from database 
[SYS] 2025/04/01 - 08:31:26 | channels synced from database 
[SYS] 2025/04/01 - 08:31:26 | 任务进度轮询开始 
[SYS] 2025/04/01 - 08:31:26 | 任务进度轮询完成 
[SYS] 2025/04/01 - 08:31:27 | batch update started 
[SYS] 2025/04/01 - 08:31:27 | batch update finished 
[SYS] 2025/04/01 - 08:31:32 | batch update started 
[SYS] 2025/04/01 - 08:31:32 | batch update finished 
[SYS] 2025/04/01 - 08:31:37 | batch update started 
[SYS] 2025/04/01 - 08:31:37 | batch update finished 
[SYS] 2025/04/01 - 08:31:41 | 任务进度轮询开始 
[SYS] 2025/04/01 - 08:31:41 | 任务进度轮询完成 
[SYS] 2025/04/01 - 08:31:42 | batch update started 
[SYS] 2025/04/01 - 08:31:42 | batch update finished 
[SYS] 2025/04/01 - 08:31:47 | batch update started 
[SYS] 2025/04/01 - 08:31:47 | batch update finished 
[SYS] 2025/04/01 - 08:31:52 | batch update started 
[SYS] 2025/04/01 - 08:31:52 | batch update finished 
[SYS] 2025/04/01 - 08:31:56 | 任务进度轮询开始 
[SYS] 2025/04/01 - 08:31:56 | 任务进度轮询完成 
[SYS] 2025/04/01 - 08:31:57 | batch update started 
[SYS] 2025/04/01 - 08:31:57 | batch update finished 
[SYS] 2025/04/01 - 08:32:02 | batch update started 
[SYS] 2025/04/01 - 08:32:02 | batch update finished 
[SYS] 2025/04/01 - 08:32:07 | batch update started 
[SYS] 2025/04/01 - 08:32:07 | batch update finished 
[SYS] 2025/04/01 - 08:32:11 | 任务进度轮询开始 
[SYS] 2025/04/01 - 08:32:11 | 任务进度轮询完成 
[SYS] 2025/04/01 - 08:32:12 | batch update started 
[SYS] 2025/04/01 - 08:32:12 | batch update finished 
[SYS] 2025/04/01 - 08:32:17 | batch update started 
[SYS] 2025/04/01 - 08:32:17 | batch update finished 
[SYS] 2025/04/01 - 08:32:22 | batch update started 
[SYS] 2025/04/01 - 08:32:22 | batch update finished 
[SYS] 2025/04/01 - 08:32:26 | syncing options from database 
[SYS] 2025/04/01 - 08:32:26 | syncing channels from database 
[SYS] 2025/04/01 - 08:32:26 | channels synced from database 
[SYS] 2025/04/01 - 08:32:26 | 任务进度轮询开始 
[SYS] 2025/04/01 - 08:32:26 | 任务进度轮询完成 
[SYS] 2025/04/01 - 08:32:27 | batch update started 
[SYS] 2025/04/01 - 08:32:27 | batch update finished 
[SYS] 2025/04/01 - 08:32:32 | batch update started 
[SYS] 2025/04/01 - 08:32:32 | batch update finished 
[SYS] 2025/04/01 - 08:32:37 | batch update started 
[SYS] 2025/04/01 - 08:32:37 | batch update finished 
[SYS] 2025/04/01 - 08:32:41 | 任务进度轮询开始 
[SYS] 2025/04/01 - 08:32:41 | 任务进度轮询完成 
[SYS] 2025/04/01 - 08:32:42 | batch update started 
[SYS] 2025/04/01 - 08:32:42 | batch update finished 
[SYS] 2025/04/01 - 08:32:47 | batch update started 
[SYS] 2025/04/01 - 08:32:47 | batch update finished 
[SYS] 2025/04/01 - 08:32:52 | batch update started 
[SYS] 2025/04/01 - 08:32:52 | batch update finished 
[SYS] 2025/04/01 - 08:32:56 | 任务进度轮询开始 
[SYS] 2025/04/01 - 08:32:56 | 任务进度轮询完成 
[SYS] 2025/04/01 - 08:32:57 | batch update started 
[SYS] 2025/04/01 - 08:32:57 | batch update finished 
[SYS] 2025/04/01 - 08:33:02 | batch update started 
[SYS] 2025/04/01 - 08:33:02 | batch update finished 
[SYS] 2025/04/01 - 08:33:07 | batch update started 
[SYS] 2025/04/01 - 08:33:07 | batch update finished 
[SYS] 2025/04/01 - 08:33:11 | 任务进度轮询开始 
[SYS] 2025/04/01 - 08:33:11 | 任务进度轮询完成 
[SYS] 2025/04/01 - 08:33:12 | batch update started 
[SYS] 2025/04/01 - 08:33:12 | batch update finished 
[SYS] 2025/04/01 - 08:33:17 | batch update started 
[SYS] 2025/04/01 - 08:33:17 | batch update finished 
[SYS] 2025/04/01 - 08:33:22 | batch update started 
[SYS] 2025/04/01 - 08:33:22 | batch update finished 
[SYS] 2025/04/01 - 08:33:26 | syncing options from database 
[SYS] 2025/04/01 - 08:33:26 | syncing channels from database 
[SYS] 2025/04/01 - 08:33:26 | channels synced from database 
[SYS] 2025/04/01 - 08:33:26 | 任务进度轮询开始 
[SYS] 2025/04/01 - 08:33:26 | 任务进度轮询完成 
[SYS] 2025/04/01 - 08:33:27 | batch update started 
[SYS] 2025/04/01 - 08:33:27 | batch update finished 
[SYS] 2025/04/01 - 08:33:32 | batch update started 
[SYS] 2025/04/01 - 08:33:32 | batch update finished 
[SYS] 2025/04/01 - 08:33:37 | batch update started 
[SYS] 2025/04/01 - 08:33:37 | batch update finished 
[SYS] 2025/04/01 - 08:33:41 | 任务进度轮询开始 
[SYS] 2025/04/01 - 08:33:41 | 任务进度轮询完成 
[SYS] 2025/04/01 - 08:33:42 | batch update started 
[SYS] 2025/04/01 - 08:33:42 | batch update finished 
[SYS] 2025/04/01 - 08:33:47 | batch update started 
[SYS] 2025/04/01 - 08:33:47 | batch update finished 
[SYS] 2025/04/01 - 08:33:52 | batch update started 
[SYS] 2025/04/01 - 08:33:52 | batch update finished 
[SYS] 2025/04/01 - 08:33:56 | 任务进度轮询开始 
[SYS] 2025/04/01 - 08:33:56 | 任务进度轮询完成 
[SYS] 2025/04/01 - 08:33:57 | batch update started 
[SYS] 2025/04/01 - 08:33:57 | batch update finished 
[SYS] 2025/04/01 - 08:34:02 | batch update started 
[SYS] 2025/04/01 - 08:34:02 | batch update finished 
[SYS] 2025/04/01 - 08:34:07 | batch update started 
[SYS] 2025/04/01 - 08:34:07 | batch update finished 
[SYS] 2025/04/01 - 08:34:11 | 任务进度轮询开始 
[SYS] 2025/04/01 - 08:34:11 | 任务进度轮询完成 
[SYS] 2025/04/01 - 08:34:12 | batch update started 
[SYS] 2025/04/01 - 08:34:12 | batch update finished 
[SYS] 2025/04/01 - 08:34:17 | batch update started 
[SYS] 2025/04/01 - 08:34:17 | batch update finished 
[SYS] 2025/04/01 - 08:34:22 | batch update started 
[SYS] 2025/04/01 - 08:34:22 | batch update finished 
[SYS] 2025/04/01 - 08:34:26 | syncing options from database 
[SYS] 2025/04/01 - 08:34:26 | syncing channels from database 
[SYS] 2025/04/01 - 08:34:26 | channels synced from database 
[SYS] 2025/04/01 - 08:34:26 | 任务进度轮询开始 
[SYS] 2025/04/01 - 08:34:26 | 任务进度轮询完成 
[SYS] 2025/04/01 - 08:34:27 | batch update started 
[SYS] 2025/04/01 - 08:34:27 | batch update finished 
[SYS] 2025/04/01 - 08:34:32 | batch update started 
[SYS] 2025/04/01 - 08:34:32 | batch update finished 
[SYS] 2025/04/01 - 08:34:37 | batch update started 
[SYS] 2025/04/01 - 08:34:37 | batch update finished 
[SYS] 2025/04/01 - 08:34:41 | 任务进度轮询开始 
[SYS] 2025/04/01 - 08:34:41 | 任务进度轮询完成 
[SYS] 2025/04/01 - 08:34:42 | batch update started 
[SYS] 2025/04/01 - 08:34:42 | batch update finished 
[SYS] 2025/04/01 - 08:34:47 | batch update started 
[SYS] 2025/04/01 - 08:34:47 | batch update finished 
[SYS] 2025/04/01 - 08:34:52 | batch update started 
[SYS] 2025/04/01 - 08:34:52 | batch update finished 
[SYS] 2025/04/01 - 08:34:56 | 任务进度轮询开始 
[SYS] 2025/04/01 - 08:34:56 | 任务进度轮询完成 
[SYS] 2025/04/01 - 08:34:57 | batch update started 
[SYS] 2025/04/01 - 08:34:57 | batch update finished 
[SYS] 2025/04/01 - 08:35:02 | batch update started 
[SYS] 2025/04/01 - 08:35:02 | batch update finished 
[SYS] 2025/04/01 - 08:35:07 | batch update started 
[SYS] 2025/04/01 - 08:35:07 | batch update finished 
[SYS] 2025/04/01 - 08:35:11 | 任务进度轮询开始 
[SYS] 2025/04/01 - 08:35:11 | 任务进度轮询完成 
[SYS] 2025/04/01 - 08:35:12 | batch update started 
[SYS] 2025/04/01 - 08:35:12 | batch update finished 
[SYS] 2025/04/01 - 08:35:17 | batch update started 
[SYS] 2025/04/01 - 08:35:17 | batch update finished 
[SYS] 2025/04/01 - 08:35:22 | batch update started 
[SYS] 2025/04/01 - 08:35:22 | batch update finished 
[SYS] 2025/04/01 - 08:35:26 | syncing options from database 
[SYS] 2025/04/01 - 08:35:26 | syncing channels from database 
[SYS] 2025/04/01 - 08:35:26 | channels synced from database 
[SYS] 2025/04/01 - 08:35:26 | 任务进度轮询开始 
[SYS] 2025/04/01 - 08:35:26 | 任务进度轮询完成 
[SYS] 2025/04/01 - 08:35:27 | batch update started 
[SYS] 2025/04/01 - 08:35:27 | batch update finished 
[SYS] 2025/04/01 - 08:35:32 | batch update started 
[SYS] 2025/04/01 - 08:35:32 | batch update finished 
[SYS] 2025/04/01 - 08:35:37 | batch update started 
[SYS] 2025/04/01 - 08:35:37 | batch update finished 
[SYS] 2025/04/01 - 08:35:41 | 任务进度轮询开始 
[SYS] 2025/04/01 - 08:35:41 | 任务进度轮询完成 
[SYS] 2025/04/01 - 08:35:42 | batch update started 
[SYS] 2025/04/01 - 08:35:42 | batch update finished 
[SYS] 2025/04/01 - 08:35:47 | batch update started 
[SYS] 2025/04/01 - 08:35:47 | batch update finished 
[SYS] 2025/04/01 - 08:35:52 | batch update started 
[SYS] 2025/04/01 - 08:35:52 | batch update finished 
[SYS] 2025/04/01 - 08:35:56 | 任务进度轮询开始 
[SYS] 2025/04/01 - 08:35:57 | 任务进度轮询完成 
[SYS] 2025/04/01 - 08:35:57 | batch update started 
[SYS] 2025/04/01 - 08:35:57 | batch update finished 
[SYS] 2025/04/01 - 08:36:02 | batch update started 
[SYS] 2025/04/01 - 08:36:02 | batch update finished 
[SYS] 2025/04/01 - 08:36:07 | batch update started 
[SYS] 2025/04/01 - 08:36:07 | batch update finished 
[SYS] 2025/04/01 - 08:36:12 | 任务进度轮询开始 
[SYS] 2025/04/01 - 08:36:12 | 任务进度轮询完成 
[SYS] 2025/04/01 - 08:36:12 | batch update started 
[SYS] 2025/04/01 - 08:36:12 | batch update finished 
[SYS] 2025/04/01 - 08:36:17 | batch update started 
[SYS] 2025/04/01 - 08:36:17 | batch update finished 
[SYS] 2025/04/01 - 08:36:22 | batch update started 
[SYS] 2025/04/01 - 08:36:22 | batch update finished 
[SYS] 2025/04/01 - 08:36:26 | updating all channels 
[SYS] 2025/04/01 - 08:36:26 | channels update done 
[SYS] 2025/04/01 - 08:36:26 | 正在更新数据看板数据... 
[SYS] 2025/04/01 - 08:36:26 | 保存数据看板数据成功，共保存0条数据 
[SYS] 2025/04/01 - 08:36:26 | testing all channels 
[SYS] 2025/04/01 - 08:36:26 | channel test finished 
[SYS] 2025/04/01 - 08:36:26 | syncing options from database 
[SYS] 2025/04/01 - 08:36:26 | syncing channels from database 
[SYS] 2025/04/01 - 08:36:26 | channels synced from database 
[SYS] 2025/04/01 - 08:36:27 | 任务进度轮询开始 
[SYS] 2025/04/01 - 08:36:27 | 任务进度轮询完成 
[SYS] 2025/04/01 - 08:36:27 | batch update started 
[SYS] 2025/04/01 - 08:36:27 | batch update finished 
[SYS] 2025/04/01 - 08:36:32 | batch update started 
[SYS] 2025/04/01 - 08:36:32 | batch update finished 
[SYS] 2025/04/01 - 08:36:37 | batch update started 
[SYS] 2025/04/01 - 08:36:37 | batch update finished 
[SYS] 2025/04/01 - 08:36:42 | 任务进度轮询开始 
[SYS] 2025/04/01 - 08:36:42 | 任务进度轮询完成 
[SYS] 2025/04/01 - 08:36:42 | batch update started 
[SYS] 2025/04/01 - 08:36:42 | batch update finished 
[SYS] 2025/04/01 - 08:36:47 | batch update started 
[SYS] 2025/04/01 - 08:36:47 | batch update finished 
[SYS] 2025/04/01 - 08:36:52 | batch update started 
[SYS] 2025/04/01 - 08:36:52 | batch update finished 
[SYS] 2025/04/01 - 08:36:57 | 任务进度轮询开始 
[SYS] 2025/04/01 - 08:36:57 | 任务进度轮询完成 
[SYS] 2025/04/01 - 08:36:57 | batch update started 
[SYS] 2025/04/01 - 08:36:57 | batch update finished 
[SYS] 2025/04/01 - 08:37:02 | batch update started 
[SYS] 2025/04/01 - 08:37:02 | batch update finished 
[SYS] 2025/04/01 - 08:37:07 | batch update started 
[SYS] 2025/04/01 - 08:37:07 | batch update finished 
[SYS] 2025/04/01 - 08:37:12 | 任务进度轮询开始 
[SYS] 2025/04/01 - 08:37:12 | 任务进度轮询完成 
[SYS] 2025/04/01 - 08:37:12 | batch update started 
[SYS] 2025/04/01 - 08:37:12 | batch update finished 
[SYS] 2025/04/01 - 08:37:17 | batch update started 
[SYS] 2025/04/01 - 08:37:17 | batch update finished 
[SYS] 2025/04/01 - 08:37:22 | batch update started 
[SYS] 2025/04/01 - 08:37:22 | batch update finished 
[SYS] 2025/04/01 - 08:37:26 | syncing options from database 
[SYS] 2025/04/01 - 08:37:26 | syncing channels from database 
[SYS] 2025/04/01 - 08:37:26 | channels synced from database 
[SYS] 2025/04/01 - 08:37:27 | 任务进度轮询开始 
[SYS] 2025/04/01 - 08:37:27 | 任务进度轮询完成 
[SYS] 2025/04/01 - 08:37:27 | batch update started 
[SYS] 2025/04/01 - 08:37:27 | batch update finished 
