[SYS] 2025/04/14 - 01:14:39 | New API v0.0.0 started 
[SYS] 2025/04/14 - 01:14:39 | using MySQL as database 
[SYS] 2025/04/14 - 01:14:39 | database migration started 
[SYS] 2025/04/14 - 01:14:39 | database migrated 
[SYS] 2025/04/14 - 01:14:39 | using MySQL as database 
[SYS] 2025/04/14 - 01:14:39 | database migration started 
[SYS] 2025/04/14 - 01:14:39 | Redis is enabled 
[SYS] 2025/04/14 - 01:14:39 | memory cache enabled 
[SYS] 2025/04/14 - 01:14:39 | sync frequency: 60 seconds 
[SYS] 2025/04/14 - 01:14:39 | channels synced from database 
[SYS] 2025/04/14 - 01:14:39 | batch update enabled with interval 5s 
[SYS] 2025/04/14 - 01:14:39 | pprof enabled 
[SYS] 2025/04/14 - 01:14:39 | initializing token encoders 
[SYS] 2025/04/14 - 01:14:39 | 正在更新数据看板数据... 
[SYS] 2025/04/14 - 01:14:39 | 保存数据看板数据成功，共保存0条数据 
[SYS] 2025/04/14 - 01:14:40 | token encoders initialized 
[SYS] 2025/04/14 - 01:14:40 | FRONTEND_BASE_URL is ignored on master node 
[GIN] 2025/04/14 - 01:14:43 | 20250414011443138170871EU9PZYzb | 200 |    1.385727ms |             ::1 |     GET /setting?tab=system
[GIN] 2025/04/14 - 01:14:43 | 20250414011443241652350IBBrhAwv | 200 |    92.61523ms |             ::1 |     GET /assets/index-CvZVDSNQ.js
[GIN] 2025/04/14 - 01:14:43 | 20250414011443253949539mgdV6728 | 200 |  111.343425ms |             ::1 |     GET /assets/index-WPgHA6qT.css
[SYS] 2025/04/14 - 01:14:44 | batch update started 
[SYS] 2025/04/14 - 01:14:44 | batch update finished 
[GIN] 2025/04/14 - 01:14:45 | 2025041401144584403017ZZW4Uto2 | 200 |    1.271691ms |             ::1 |     GET /api/status
[GIN] 2025/04/14 - 01:14:45 | 20250414011445306742981xxYQ7NrG | 200 |    1.806023ms |             ::1 |     GET /api/option/
[GIN] 2025/04/14 - 01:14:45 | 202504140114456632341299RBtVJwB | 200 |    3.819566ms |             ::1 |     GET /assets/icons-Du6TOHnR.woff2
[SYS] 2025/04/14 - 01:14:49 | batch update started 
[SYS] 2025/04/14 - 01:14:49 | batch update finished 
[SYS] 2025/04/14 - 01:14:54 | 任务进度轮询开始 
[SYS] 2025/04/14 - 01:14:54 | batch update started 
[SYS] 2025/04/14 - 01:14:54 | batch update finished 
[SYS] 2025/04/14 - 01:14:54 | 任务进度轮询完成 
[GIN] 2025/04/14 - 01:14:56 | 20250414011456343971743KiusPEsJ | 200 |    1.019003ms |             ::1 |     GET /setting?tab=system
[GIN] 2025/04/14 - 01:14:57 | 20250414011457610511702wiWCTiMK | 200 |    9.959171ms |             ::1 |     GET /api/status
[GIN] 2025/04/14 - 01:14:57 | 20250414011457744638784YoSw0ueR | 200 |    1.673622ms |             ::1 |     GET /api/option/
[SYS] 2025/04/14 - 01:14:59 | batch update started 
[SYS] 2025/04/14 - 01:14:59 | batch update finished 
[SYS] 2025/04/14 - 01:15:04 | batch update started 
[SYS] 2025/04/14 - 01:15:04 | batch update finished 
[SYS] 2025/04/14 - 01:15:10 | batch update started 
[SYS] 2025/04/14 - 01:15:10 | batch update finished 
[SYS] 2025/04/14 - 01:15:10 | 任务进度轮询开始 
[SYS] 2025/04/14 - 01:15:10 | 任务进度轮询完成 
[SYS] 2025/04/14 - 01:15:15 | batch update started 
[SYS] 2025/04/14 - 01:15:15 | batch update finished 
[SYS] 2025/04/14 - 01:15:20 | batch update started 
[SYS] 2025/04/14 - 01:15:20 | batch update finished 
[SYS] 2025/04/14 - 01:15:25 | batch update started 
[SYS] 2025/04/14 - 01:15:25 | batch update finished 
[SYS] 2025/04/14 - 01:15:25 | 任务进度轮询开始 
[SYS] 2025/04/14 - 01:15:25 | 任务进度轮询完成 
[SYS] 2025/04/14 - 01:15:30 | batch update started 
[SYS] 2025/04/14 - 01:15:30 | batch update finished 
[SYS] 2025/04/14 - 01:15:35 | batch update started 
[SYS] 2025/04/14 - 01:15:35 | batch update finished 
[SYS] 2025/04/14 - 01:15:41 | syncing channels from database 
[SYS] 2025/04/14 - 01:15:41 | syncing options from database 
[SYS] 2025/04/14 - 01:15:41 | channels synced from database 
[SYS] 2025/04/14 - 01:15:41 | 任务进度轮询开始 
[SYS] 2025/04/14 - 01:15:41 | 任务进度轮询完成 
[SYS] 2025/04/14 - 01:15:41 | batch update started 
[SYS] 2025/04/14 - 01:15:41 | batch update finished 
[SYS] 2025/04/14 - 01:15:46 | batch update started 
[SYS] 2025/04/14 - 01:15:46 | batch update finished 
[SYS] 2025/04/14 - 01:15:51 | batch update started 
[SYS] 2025/04/14 - 01:15:51 | batch update finished 
[SYS] 2025/04/14 - 01:15:56 | 任务进度轮询开始 
[SYS] 2025/04/14 - 01:15:56 | 任务进度轮询完成 
[SYS] 2025/04/14 - 01:15:56 | batch update started 
[SYS] 2025/04/14 - 01:15:56 | batch update finished 
[SYS] 2025/04/14 - 01:16:01 | batch update started 
[SYS] 2025/04/14 - 01:16:01 | batch update finished 
[SYS] 2025/04/14 - 01:16:06 | batch update started 
[SYS] 2025/04/14 - 01:16:06 | batch update finished 
