[SYS] 2025/04/02 - 11:13:45 | New API v0.0.0 started 
[SYS] 2025/04/02 - 11:13:45 | using MySQL as database 
[SYS] 2025/04/02 - 11:13:45 | database migration started 
[SYS] 2025/04/02 - 11:13:46 | database migrated 
[SYS] 2025/04/02 - 11:13:46 | using MySQL as database 
[SYS] 2025/04/02 - 11:13:46 | database migration started 
[SYS] 2025/04/02 - 11:13:46 | Redis is enabled 
[SYS] 2025/04/02 - 11:13:46 | memory cache enabled 
[SYS] 2025/04/02 - 11:13:46 | sync frequency: 60 seconds 
[SYS] 2025/04/02 - 11:13:46 | channels synced from database 
[SYS] 2025/04/02 - 11:13:46 | batch update enabled with interval 5s 
[SYS] 2025/04/02 - 11:13:46 | pprof enabled 
[SYS] 2025/04/02 - 11:13:46 | initializing token encoders 
[SYS] 2025/04/02 - 11:13:46 | 正在更新数据看板数据... 
[SYS] 2025/04/02 - 11:13:46 | 保存数据看板数据成功，共保存0条数据 
[SYS] 2025/04/02 - 11:13:46 | token encoders initialized 
[SYS] 2025/04/02 - 11:13:46 | FRONTEND_BASE_URL is ignored on master node 
[GIN] 2025/04/02 - 11:13:51 | 20250402111351147634056i3eJcGab | 200 |   28.534256ms |             ::1 |     GET /assets/index-CPD8_cyL.js
[SYS] 2025/04/02 - 11:13:51 | batch update started 
[SYS] 2025/04/02 - 11:13:51 | batch update finished 
[GIN] 2025/04/02 - 11:13:51 | 202504021113511769878737Q3BS72G | 200 |   333.73281ms |             ::1 |     GET /assets/visactor-Cb5CgQQd.js
[GIN] 2025/04/02 - 11:13:51 | 20250402111351760013572LxcePcPw | 401 |     890.395µs |             ::1 |     GET /api/user/self
[GIN] 2025/04/02 - 11:13:52 | 2025040211135258450872ojlh0aTD | 401 |     759.227µs |             ::1 |     GET /api/data/self?start_timestamp=1743502432&end_timestamp=1743592432&default_time=hour
[GIN] 2025/04/02 - 11:13:52 | 2025040211135264582252zOcL1nPp | 200 |     985.763µs |             ::1 |     GET /login?expired=true
[GIN] 2025/04/02 - 11:13:56 | 20250402111356247004107tVPDicde | 200 |     994.355µs |             ::1 |     GET /api/status
[SYS] 2025/04/02 - 11:13:57 | batch update started 
[SYS] 2025/04/02 - 11:13:57 | batch update finished 
[SYS] 2025/04/02 - 11:14:02 | 任务进度轮询开始 
[SYS] 2025/04/02 - 11:14:02 | 任务进度轮询完成 
[SYS] 2025/04/02 - 11:14:02 | batch update started 
[SYS] 2025/04/02 - 11:14:02 | batch update finished 
[SYS] 2025/04/02 - 11:14:07 | batch update started 
[SYS] 2025/04/02 - 11:14:07 | batch update finished 
[SYS] 2025/04/02 - 11:14:12 | batch update started 
[SYS] 2025/04/02 - 11:14:12 | batch update finished 
[GIN] 2025/04/02 - 11:14:16 | 20250402111416223400499o8uyFZXx | 307 |    7.234355ms |             ::1 |     GET /api/auth/google/login
[SYS] 2025/04/02 - 11:14:17 | 任务进度轮询开始 
[SYS] 2025/04/02 - 11:14:17 | batch update started 
[SYS] 2025/04/02 - 11:14:17 | batch update finished 
[SYS] 2025/04/02 - 11:14:17 | 任务进度轮询完成 
[SYS] 2025/04/02 - 11:14:22 | batch update started 
[SYS] 2025/04/02 - 11:14:22 | batch update finished 
[GIN] 2025/04/02 - 11:14:28 | 20250402111427392369335gafkMFaK | 303 |  1.136687847s |             ::1 |     GET /auth/google/callback?state=random_state&code=4%2F0AQSTgQGEi4de_JSoIFNiQoxKGqmnPIm4OEJAfxMMDKFzAEQBP7-LXasqjdQVwqVApSvRyg&scope=email+profile+https%3A%2F%2Fwww.googleapis.com%2Fauth%2Fuserinfo.profile+openid+https%3A%2F%2Fwww.googleapis.com%2Fauth%2Fuserinfo.email&authuser=0&prompt=none
[GIN] 2025/04/02 - 11:14:28 | 20250402111428544000287LqJPX0BV | 200 |    1.517899ms |             ::1 |     GET /login?token=eyJhbGciOiJIUzI1NiIsInR5cCI6IkpXVCJ9.eyJlbWFpbCI6Imtpbmdzb2JlY0BnbWFpbC5jb20iLCJleHAiOjE3NDYxODA4NjgsImlkIjo0LCJybmQiOjE3NDM1ODg4Njg1Mjg5MTkzNzR9.hKWzto_VfBw7baXWHS2s5Nhr7R5-2KdV30qlDChme90
[SYS] 2025/04/02 - 11:14:29 | batch update started 
[SYS] 2025/04/02 - 11:14:29 | batch update finished 
[GIN] 2025/04/02 - 11:14:31 | 20250402111431320793183ZvO9L5jS | 200 |    3.386097ms |             ::1 |     GET /api/status
[GIN] 2025/04/02 - 11:14:31 | 202504021114313078313517AadqUd2 | 200 |   20.335208ms |             ::1 |     GET /api/user/self
[GIN] 2025/04/02 - 11:14:32 | 202504021114319200372537AhEpY9F | 401 |   91.292272ms |             ::1 |     GET /api/user/self/groups
[GIN] 2025/04/02 - 11:14:32 | 20250402111431923152891vs0onl2n | 401 |  165.232321ms |             ::1 |     GET /api/token/?p=0&size=10
[GIN] 2025/04/02 - 11:14:32 | 20250402111431820926568a3tCfdF8 | 401 |  345.490451ms |             ::1 |     GET /api/user/models
[GIN] 2025/04/02 - 11:14:32 | 20250402111432206633422PYGN8qMt | 200 |   52.143191ms |             ::1 |     GET /login?expired=true
[SYS] 2025/04/02 - 11:14:34 | 任务进度轮询开始 
[SYS] 2025/04/02 - 11:14:34 | batch update started 
[SYS] 2025/04/02 - 11:14:34 | 任务进度轮询完成 
[SYS] 2025/04/02 - 11:14:34 | batch update finished 
[GIN] 2025/04/02 - 11:14:35 | 2025040211143585699192AgepBVzw | 200 |    4.105431ms |             ::1 |     GET /api/status
[SYS] 2025/04/02 - 11:14:39 | batch update started 
[SYS] 2025/04/02 - 11:14:39 | batch update finished 
[SYS] 2025/04/02 - 11:14:44 | batch update started 
[SYS] 2025/04/02 - 11:14:44 | batch update finished 
[SYS] 2025/04/02 - 11:14:49 | syncing channels from database 
[SYS] 2025/04/02 - 11:14:49 | syncing options from database 
[SYS] 2025/04/02 - 11:14:49 | channels synced from database 
[SYS] 2025/04/02 - 11:14:49 | 任务进度轮询开始 
[SYS] 2025/04/02 - 11:14:49 | 任务进度轮询完成 
[SYS] 2025/04/02 - 11:14:49 | batch update started 
[SYS] 2025/04/02 - 11:14:49 | batch update finished 
[SYS] 2025/04/02 - 11:14:54 | batch update started 
[SYS] 2025/04/02 - 11:14:54 | batch update finished 
[SYS] 2025/04/02 - 11:15:00 | batch update started 
[SYS] 2025/04/02 - 11:15:00 | batch update finished 
[SYS] 2025/04/02 - 11:15:05 | 任务进度轮询开始 
[SYS] 2025/04/02 - 11:15:05 | 任务进度轮询完成 
[SYS] 2025/04/02 - 11:15:05 | batch update started 
[SYS] 2025/04/02 - 11:15:05 | batch update finished 
[SYS] 2025/04/02 - 11:15:10 | batch update started 
[SYS] 2025/04/02 - 11:15:10 | batch update finished 
[SYS] 2025/04/02 - 11:15:15 | batch update started 
[SYS] 2025/04/02 - 11:15:15 | batch update finished 
[SYS] 2025/04/02 - 11:15:20 | 任务进度轮询开始 
[SYS] 2025/04/02 - 11:15:20 | 任务进度轮询完成 
[SYS] 2025/04/02 - 11:15:20 | batch update started 
[SYS] 2025/04/02 - 11:15:20 | batch update finished 
[SYS] 2025/04/02 - 11:15:25 | batch update started 
[SYS] 2025/04/02 - 11:15:25 | batch update finished 
[SYS] 2025/04/02 - 11:15:32 | batch update started 
[SYS] 2025/04/02 - 11:15:32 | batch update finished 
[SYS] 2025/04/02 - 11:15:37 | 任务进度轮询开始 
[SYS] 2025/04/02 - 11:15:37 | 任务进度轮询完成 
[SYS] 2025/04/02 - 11:15:37 | batch update started 
[SYS] 2025/04/02 - 11:15:37 | batch update finished 
[SYS] 2025/04/02 - 11:15:42 | batch update started 
[SYS] 2025/04/02 - 11:15:42 | batch update finished 
[SYS] 2025/04/02 - 11:15:47 | batch update started 
[SYS] 2025/04/02 - 11:15:47 | batch update finished 
[SYS] 2025/04/02 - 11:15:52 | syncing options from database 
[SYS] 2025/04/02 - 11:15:52 | syncing channels from database 
[SYS] 2025/04/02 - 11:15:52 | channels synced from database 
[SYS] 2025/04/02 - 11:15:52 | 任务进度轮询开始 
[SYS] 2025/04/02 - 11:15:52 | 任务进度轮询完成 
[SYS] 2025/04/02 - 11:15:52 | batch update started 
[SYS] 2025/04/02 - 11:15:52 | batch update finished 
[SYS] 2025/04/02 - 11:15:57 | batch update started 
[SYS] 2025/04/02 - 11:15:57 | batch update finished 
[SYS] 2025/04/02 - 11:16:03 | batch update started 
[SYS] 2025/04/02 - 11:16:03 | batch update finished 
[SYS] 2025/04/02 - 11:16:08 | 任务进度轮询开始 
[SYS] 2025/04/02 - 11:16:08 | 任务进度轮询完成 
[SYS] 2025/04/02 - 11:16:08 | batch update started 
[SYS] 2025/04/02 - 11:16:08 | batch update finished 
[SYS] 2025/04/02 - 11:16:13 | batch update started 
[SYS] 2025/04/02 - 11:16:13 | batch update finished 
[SYS] 2025/04/02 - 11:16:18 | batch update started 
[SYS] 2025/04/02 - 11:16:18 | batch update finished 
[SYS] 2025/04/02 - 11:16:23 | 任务进度轮询开始 
[SYS] 2025/04/02 - 11:16:23 | 任务进度轮询完成 
[SYS] 2025/04/02 - 11:16:23 | batch update started 
[SYS] 2025/04/02 - 11:16:23 | batch update finished 
[SYS] 2025/04/02 - 11:16:28 | batch update started 
[SYS] 2025/04/02 - 11:16:28 | batch update finished 
[SYS] 2025/04/02 - 11:16:34 | batch update started 
[SYS] 2025/04/02 - 11:16:34 | batch update finished 
[SYS] 2025/04/02 - 11:16:39 | 任务进度轮询开始 
[SYS] 2025/04/02 - 11:16:39 | 任务进度轮询完成 
[SYS] 2025/04/02 - 11:16:39 | batch update started 
[SYS] 2025/04/02 - 11:16:39 | batch update finished 
[SYS] 2025/04/02 - 11:16:44 | batch update started 
[SYS] 2025/04/02 - 11:16:44 | batch update finished 
[SYS] 2025/04/02 - 11:16:50 | batch update started 
[SYS] 2025/04/02 - 11:16:50 | batch update finished 
[SYS] 2025/04/02 - 11:16:54 | syncing options from database 
[SYS] 2025/04/02 - 11:16:54 | syncing channels from database 
[SYS] 2025/04/02 - 11:16:54 | 任务进度轮询开始 
[SYS] 2025/04/02 - 11:16:54 | channels synced from database 
[SYS] 2025/04/02 - 11:16:54 | 任务进度轮询完成 
[SYS] 2025/04/02 - 11:16:55 | batch update started 
[SYS] 2025/04/02 - 11:16:55 | batch update finished 
[SYS] 2025/04/02 - 11:17:00 | batch update started 
[SYS] 2025/04/02 - 11:17:00 | batch update finished 
[SYS] 2025/04/02 - 11:17:06 | batch update started 
[SYS] 2025/04/02 - 11:17:06 | batch update finished 
[SYS] 2025/04/02 - 11:17:11 | 任务进度轮询开始 
[SYS] 2025/04/02 - 11:17:11 | 任务进度轮询完成 
[SYS] 2025/04/02 - 11:17:11 | batch update started 
[SYS] 2025/04/02 - 11:17:11 | batch update finished 
[SYS] 2025/04/02 - 11:17:16 | batch update started 
[SYS] 2025/04/02 - 11:17:16 | batch update finished 
[SYS] 2025/04/02 - 11:17:21 | batch update started 
[SYS] 2025/04/02 - 11:17:21 | batch update finished 
[SYS] 2025/04/02 - 11:17:26 | 任务进度轮询开始 
[SYS] 2025/04/02 - 11:17:26 | 任务进度轮询完成 
[SYS] 2025/04/02 - 11:17:26 | batch update started 
[SYS] 2025/04/02 - 11:17:26 | batch update finished 
[SYS] 2025/04/02 - 11:17:31 | batch update started 
[SYS] 2025/04/02 - 11:17:31 | batch update finished 
[SYS] 2025/04/02 - 11:17:37 | batch update started 
[SYS] 2025/04/02 - 11:17:37 | batch update finished 
[SYS] 2025/04/02 - 11:17:42 | 任务进度轮询开始 
[SYS] 2025/04/02 - 11:17:42 | 任务进度轮询完成 
[SYS] 2025/04/02 - 11:17:42 | batch update started 
[SYS] 2025/04/02 - 11:17:42 | batch update finished 
[SYS] 2025/04/02 - 11:17:47 | batch update started 
[SYS] 2025/04/02 - 11:17:47 | batch update finished 
[SYS] 2025/04/02 - 11:17:52 | batch update started 
[SYS] 2025/04/02 - 11:17:52 | batch update finished 
[SYS] 2025/04/02 - 11:17:57 | syncing options from database 
[SYS] 2025/04/02 - 11:17:57 | syncing channels from database 
[SYS] 2025/04/02 - 11:17:57 | channels synced from database 
[SYS] 2025/04/02 - 11:17:57 | 任务进度轮询开始 
[SYS] 2025/04/02 - 11:17:57 | 任务进度轮询完成 
[SYS] 2025/04/02 - 11:17:57 | batch update started 
[SYS] 2025/04/02 - 11:17:57 | batch update finished 
[SYS] 2025/04/02 - 11:18:02 | batch update started 
[SYS] 2025/04/02 - 11:18:02 | batch update finished 
[SYS] 2025/04/02 - 11:18:09 | batch update started 
[SYS] 2025/04/02 - 11:18:09 | batch update finished 
[SYS] 2025/04/02 - 11:18:14 | 任务进度轮询开始 
[SYS] 2025/04/02 - 11:18:14 | 任务进度轮询完成 
[SYS] 2025/04/02 - 11:18:14 | batch update started 
[SYS] 2025/04/02 - 11:18:14 | batch update finished 
[SYS] 2025/04/02 - 11:18:19 | batch update started 
[SYS] 2025/04/02 - 11:18:19 | batch update finished 
[SYS] 2025/04/02 - 11:18:24 | batch update started 
[SYS] 2025/04/02 - 11:18:24 | batch update finished 
[SYS] 2025/04/02 - 11:18:29 | 任务进度轮询开始 
[SYS] 2025/04/02 - 11:18:29 | 任务进度轮询完成 
[SYS] 2025/04/02 - 11:18:29 | batch update started 
[SYS] 2025/04/02 - 11:18:29 | batch update finished 
[SYS] 2025/04/02 - 11:18:34 | batch update started 
[SYS] 2025/04/02 - 11:18:34 | batch update finished 
[SYS] 2025/04/02 - 11:18:40 | batch update started 
[SYS] 2025/04/02 - 11:18:40 | batch update finished 
[SYS] 2025/04/02 - 11:18:45 | 任务进度轮询开始 
[SYS] 2025/04/02 - 11:18:45 | 任务进度轮询完成 
[SYS] 2025/04/02 - 11:18:45 | batch update started 
[SYS] 2025/04/02 - 11:18:45 | batch update finished 
[SYS] 2025/04/02 - 11:18:50 | batch update started 
[SYS] 2025/04/02 - 11:18:50 | batch update finished 
[SYS] 2025/04/02 - 11:18:55 | batch update started 
[SYS] 2025/04/02 - 11:18:55 | batch update finished 
[SYS] 2025/04/02 - 11:19:00 | 正在更新数据看板数据... 
[SYS] 2025/04/02 - 11:19:00 | 保存数据看板数据成功，共保存0条数据 
[SYS] 2025/04/02 - 11:19:00 | syncing options from database 
[SYS] 2025/04/02 - 11:19:00 | syncing channels from database 
[SYS] 2025/04/02 - 11:19:00 | channels synced from database 
[SYS] 2025/04/02 - 11:19:00 | 任务进度轮询开始 
[SYS] 2025/04/02 - 11:19:00 | 任务进度轮询完成 
[SYS] 2025/04/02 - 11:19:00 | batch update started 
[SYS] 2025/04/02 - 11:19:00 | batch update finished 
[SYS] 2025/04/02 - 11:19:05 | batch update started 
[SYS] 2025/04/02 - 11:19:05 | batch update finished 
[SYS] 2025/04/02 - 11:19:11 | batch update started 
[SYS] 2025/04/02 - 11:19:11 | batch update finished 
[SYS] 2025/04/02 - 11:19:16 | 任务进度轮询开始 
[SYS] 2025/04/02 - 11:19:16 | 任务进度轮询完成 
[SYS] 2025/04/02 - 11:19:16 | batch update started 
[SYS] 2025/04/02 - 11:19:16 | batch update finished 
[SYS] 2025/04/02 - 11:19:21 | batch update started 
[SYS] 2025/04/02 - 11:19:21 | batch update finished 
[SYS] 2025/04/02 - 11:19:28 | batch update started 
[SYS] 2025/04/02 - 11:19:28 | batch update finished 
[SYS] 2025/04/02 - 11:19:33 | 任务进度轮询开始 
[SYS] 2025/04/02 - 11:19:33 | 任务进度轮询完成 
[SYS] 2025/04/02 - 11:19:33 | batch update started 
[SYS] 2025/04/02 - 11:19:33 | batch update finished 
[SYS] 2025/04/02 - 11:19:38 | batch update started 
[SYS] 2025/04/02 - 11:19:38 | batch update finished 
[SYS] 2025/04/02 - 11:19:43 | batch update started 
[SYS] 2025/04/02 - 11:19:43 | batch update finished 
[SYS] 2025/04/02 - 11:19:48 | 任务进度轮询开始 
[SYS] 2025/04/02 - 11:19:48 | 任务进度轮询完成 
[SYS] 2025/04/02 - 11:19:48 | batch update started 
[SYS] 2025/04/02 - 11:19:48 | batch update finished 
[SYS] 2025/04/02 - 11:19:53 | batch update started 
[SYS] 2025/04/02 - 11:19:53 | batch update finished 
[SYS] 2025/04/02 - 11:19:58 | batch update started 
[SYS] 2025/04/02 - 11:19:58 | batch update finished 
[SYS] 2025/04/02 - 11:20:03 | syncing options from database 
[SYS] 2025/04/02 - 11:20:03 | syncing channels from database 
[SYS] 2025/04/02 - 11:20:03 | channels synced from database 
[SYS] 2025/04/02 - 11:20:03 | 任务进度轮询开始 
[SYS] 2025/04/02 - 11:20:03 | 任务进度轮询完成 
[SYS] 2025/04/02 - 11:20:03 | batch update started 
[SYS] 2025/04/02 - 11:20:03 | batch update finished 
[SYS] 2025/04/02 - 11:20:08 | batch update started 
[SYS] 2025/04/02 - 11:20:08 | batch update finished 
[SYS] 2025/04/02 - 11:20:15 | batch update started 
[SYS] 2025/04/02 - 11:20:15 | batch update finished 
[SYS] 2025/04/02 - 11:20:20 | 任务进度轮询开始 
[SYS] 2025/04/02 - 11:20:20 | 任务进度轮询完成 
[SYS] 2025/04/02 - 11:20:20 | batch update started 
[SYS] 2025/04/02 - 11:20:20 | batch update finished 
[GIN] 2025/04/02 - 11:20:24 | 20250402112024336739342JxoaxbNG | 200 |    7.867604ms |             ::1 |     GET /login?token=eyJhbGciOiJIUzI1NiIsInR5cCI6IkpXVCJ9.eyJlbWFpbCI6Imtpbmdzb2JlY0BnbWFpbC5jb20iLCJleHAiOjE3NDM2NzEyNTksImlkIjozfQ.MtYU61aRss2kFnL8WczuUELBV961ZEE1wEINo60pW7k
[SYS] 2025/04/02 - 11:20:25 | batch update started 
[SYS] 2025/04/02 - 11:20:25 | batch update finished 
[GIN] 2025/04/02 - 11:20:27 | 20250402112027583281232Pvl8Wq5q | 401 |   74.590269ms |             ::1 |     GET /api/user/self
[GIN] 2025/04/02 - 11:20:27 | 20250402112027583712759D8vtC7k7 | 200 |   89.383865ms |             ::1 |     GET /api/status
[GIN] 2025/04/02 - 11:20:28 | 20250402112027999283379ZllFM4qU | 200 |    1.476468ms |             ::1 |     GET /login?expired=true
[SYS] 2025/04/02 - 11:20:30 | batch update started 
[SYS] 2025/04/02 - 11:20:30 | batch update finished 
[GIN] 2025/04/02 - 11:20:30 | 20250402112030996783451R6JRdKZW | 200 |    1.470456ms |             ::1 |     GET /api/status
[SYS] 2025/04/02 - 11:20:35 | 任务进度轮询开始 
[SYS] 2025/04/02 - 11:20:35 | 任务进度轮询完成 
[SYS] 2025/04/02 - 11:20:35 | batch update started 
[SYS] 2025/04/02 - 11:20:35 | batch update finished 
[GIN] 2025/04/02 - 11:20:39 | 202504021120396940634974Oz6rLAW | 200 |     833.183µs |             ::1 |     GET /login
[SYS] 2025/04/02 - 11:20:40 | batch update started 
[SYS] 2025/04/02 - 11:20:40 | batch update finished 
[GIN] 2025/04/02 - 11:20:44 | 20250402112044169801944d5cTKpJN | 200 |     799.855µs |             ::1 |     GET /api/status
[SYS] 2025/04/02 - 11:20:46 | batch update started 
[SYS] 2025/04/02 - 11:20:46 | batch update finished 
[SYS] 2025/04/02 - 11:20:51 | 任务进度轮询开始 
[SYS] 2025/04/02 - 11:20:51 | 任务进度轮询完成 
[SYS] 2025/04/02 - 11:20:51 | batch update started 
[SYS] 2025/04/02 - 11:20:51 | batch update finished 
[SYS] 2025/04/02 - 11:20:56 | batch update started 
[SYS] 2025/04/02 - 11:20:56 | batch update finished 
[SYS] 2025/04/02 - 11:21:01 | batch update started 
[SYS] 2025/04/02 - 11:21:01 | batch update finished 
[SYS] 2025/04/02 - 11:21:06 | syncing options from database 
[SYS] 2025/04/02 - 11:21:06 | syncing channels from database 
[SYS] 2025/04/02 - 11:21:06 | channels synced from database 
[SYS] 2025/04/02 - 11:21:06 | 任务进度轮询开始 
[SYS] 2025/04/02 - 11:21:06 | 任务进度轮询完成 
[SYS] 2025/04/02 - 11:21:06 | batch update started 
[SYS] 2025/04/02 - 11:21:06 | batch update finished 
[SYS] 2025/04/02 - 11:21:11 | batch update started 
[SYS] 2025/04/02 - 11:21:11 | batch update finished 
[GIN] 2025/04/02 - 11:21:16 | 20250402112116617587580rgdUf5iY | 307 |   69.290319ms |             ::1 |     GET /api/auth/google/login
[SYS] 2025/04/02 - 11:21:18 | batch update started 
[SYS] 2025/04/02 - 11:21:18 | batch update finished 
[SYS] 2025/04/02 - 11:21:23 | 任务进度轮询开始 
[SYS] 2025/04/02 - 11:21:23 | 任务进度轮询完成 
[SYS] 2025/04/02 - 11:21:23 | batch update started 
[SYS] 2025/04/02 - 11:21:23 | batch update finished 
[SYS] 2025/04/02 - 11:21:28 | batch update started 
[SYS] 2025/04/02 - 11:21:28 | batch update finished 
[GIN] 2025/04/02 - 11:21:31 | 20250402112130239511958Zlk7jbLH | 303 |  1.071886835s |             ::1 |     GET /auth/google/callback?state=random_state&code=4%2F0AQSTgQHS-Q2Rye108mCyFNFO5Zspb0stvRWOn9ZVCNCIvwDdsm5-19cLZsiKzFd2l0gysQ&scope=email+profile+https%3A%2F%2Fwww.googleapis.com%2Fauth%2Fuserinfo.profile+openid+https%3A%2F%2Fwww.googleapis.com%2Fauth%2Fuserinfo.email&authuser=0&prompt=none
[GIN] 2025/04/02 - 11:21:31 | 20250402112131326038243l9hEmRtF | 200 |    1.102352ms |             ::1 |     GET /login?token=eyJhbGciOiJIUzI1NiIsInR5cCI6IkpXVCJ9.eyJlbWFpbCI6Imtpbmdzb2JlY0BnbWFpbC5jb20iLCJleHAiOjE3NDYxODEyOTEsImlkIjo0LCJybmQiOjE3NDM1ODkyOTEzMTEzMDkyNTF9.yP3o_KzgXZiOXvuNOYdpWkY9bxM_1t_1mrq-_RLBY4E
[SYS] 2025/04/02 - 11:21:33 | batch update started 
[SYS] 2025/04/02 - 11:21:33 | batch update finished 
[GIN] 2025/04/02 - 11:21:35 | 20250402112135948157264blbqNvcK | 200 |     950.897µs |             ::1 |     GET /api/status
[GIN] 2025/04/02 - 11:21:36 | 20250402112136124439446ghgJ6afV | 200 |     2.71776ms |             ::1 |     GET /api/user/self
[GIN] 2025/04/02 - 11:21:36 | 20250402112136699198796DjIBBPcn | 401 |      845.22µs |             ::1 |     GET /api/user/self/groups
[GIN] 2025/04/02 - 11:21:36 | 20250402112136698629821iuoLR030 | 401 |  117.622271ms |             ::1 |     GET /api/user/models
[GIN] 2025/04/02 - 11:21:36 | 20250402112136816258381D2Dd3StP | 401 |  119.503768ms |             ::1 |     GET /api/token/?p=0&size=10
[GIN] 2025/04/02 - 11:21:37 | 202504021121371508705303OkPEUWO | 200 |   23.830735ms |             ::1 |     GET /login?expired=true
[SYS] 2025/04/02 - 11:21:38 | 任务进度轮询开始 
[SYS] 2025/04/02 - 11:21:38 | 任务进度轮询完成 
[SYS] 2025/04/02 - 11:21:38 | batch update started 
[SYS] 2025/04/02 - 11:21:38 | batch update finished 
[GIN] 2025/04/02 - 11:21:40 | 202504021121408962913576sWX8kPF | 200 |   37.488523ms |             ::1 |     GET /api/status
[SYS] 2025/04/02 - 11:21:43 | batch update started 
[SYS] 2025/04/02 - 11:21:43 | batch update finished 
[SYS] 2025/04/02 - 11:21:49 | batch update started 
[SYS] 2025/04/02 - 11:21:49 | batch update finished 
[SYS] 2025/04/02 - 11:21:54 | 任务进度轮询开始 
[SYS] 2025/04/02 - 11:21:54 | 任务进度轮询完成 
[SYS] 2025/04/02 - 11:21:54 | batch update started 
[SYS] 2025/04/02 - 11:21:54 | batch update finished 
[SYS] 2025/04/02 - 11:21:59 | batch update started 
[SYS] 2025/04/02 - 11:21:59 | batch update finished 
[SYS] 2025/04/02 - 11:22:04 | batch update started 
[SYS] 2025/04/02 - 11:22:04 | batch update finished 
[SYS] 2025/04/02 - 11:22:09 | syncing options from database 
[SYS] 2025/04/02 - 11:22:09 | syncing channels from database 
[SYS] 2025/04/02 - 11:22:09 | channels synced from database 
[SYS] 2025/04/02 - 11:22:09 | 任务进度轮询开始 
[SYS] 2025/04/02 - 11:22:09 | 任务进度轮询完成 
[SYS] 2025/04/02 - 11:22:09 | batch update started 
[SYS] 2025/04/02 - 11:22:09 | batch update finished 
[SYS] 2025/04/02 - 11:22:14 | batch update started 
[SYS] 2025/04/02 - 11:22:14 | batch update finished 
[SYS] 2025/04/02 - 11:22:21 | batch update started 
[SYS] 2025/04/02 - 11:22:21 | batch update finished 
[SYS] 2025/04/02 - 11:22:26 | 任务进度轮询开始 
[SYS] 2025/04/02 - 11:22:26 | 任务进度轮询完成 
[SYS] 2025/04/02 - 11:22:26 | batch update started 
[SYS] 2025/04/02 - 11:22:26 | batch update finished 
[SYS] 2025/04/02 - 11:22:31 | batch update started 
[SYS] 2025/04/02 - 11:22:31 | batch update finished 
[SYS] 2025/04/02 - 11:22:36 | batch update started 
[SYS] 2025/04/02 - 11:22:36 | batch update finished 
[SYS] 2025/04/02 - 11:22:41 | 任务进度轮询开始 
[SYS] 2025/04/02 - 11:22:41 | 任务进度轮询完成 
[SYS] 2025/04/02 - 11:22:41 | batch update started 
[SYS] 2025/04/02 - 11:22:41 | batch update finished 
[SYS] 2025/04/02 - 11:22:46 | batch update started 
[SYS] 2025/04/02 - 11:22:46 | batch update finished 
[SYS] 2025/04/02 - 11:22:52 | batch update started 
[SYS] 2025/04/02 - 11:22:52 | batch update finished 
[SYS] 2025/04/02 - 11:22:57 | 任务进度轮询开始 
[SYS] 2025/04/02 - 11:22:57 | 任务进度轮询完成 
[SYS] 2025/04/02 - 11:22:57 | batch update started 
[SYS] 2025/04/02 - 11:22:57 | batch update finished 
[SYS] 2025/04/02 - 11:23:02 | batch update started 
[SYS] 2025/04/02 - 11:23:02 | batch update finished 
[SYS] 2025/04/02 - 11:23:07 | batch update started 
[SYS] 2025/04/02 - 11:23:07 | batch update finished 
[SYS] 2025/04/02 - 11:23:12 | syncing options from database 
[SYS] 2025/04/02 - 11:23:12 | syncing channels from database 
[SYS] 2025/04/02 - 11:23:12 | channels synced from database 
[SYS] 2025/04/02 - 11:23:12 | 任务进度轮询开始 
[SYS] 2025/04/02 - 11:23:12 | 任务进度轮询完成 
[SYS] 2025/04/02 - 11:23:12 | batch update started 
[SYS] 2025/04/02 - 11:23:12 | batch update finished 
[SYS] 2025/04/02 - 11:23:17 | batch update started 
[SYS] 2025/04/02 - 11:23:17 | batch update finished 
[SYS] 2025/04/02 - 11:23:24 | batch update started 
[SYS] 2025/04/02 - 11:23:24 | batch update finished 
[SYS] 2025/04/02 - 11:23:29 | 任务进度轮询开始 
[SYS] 2025/04/02 - 11:23:29 | 任务进度轮询完成 
[SYS] 2025/04/02 - 11:23:29 | batch update started 
[SYS] 2025/04/02 - 11:23:29 | batch update finished 
[SYS] 2025/04/02 - 11:23:34 | batch update started 
[SYS] 2025/04/02 - 11:23:34 | batch update finished 
[SYS] 2025/04/02 - 11:23:39 | batch update started 
[SYS] 2025/04/02 - 11:23:39 | batch update finished 
[SYS] 2025/04/02 - 11:23:44 | 任务进度轮询开始 
[SYS] 2025/04/02 - 11:23:44 | 任务进度轮询完成 
[SYS] 2025/04/02 - 11:23:44 | batch update started 
[SYS] 2025/04/02 - 11:23:44 | batch update finished 
[SYS] 2025/04/02 - 11:23:49 | batch update started 
[SYS] 2025/04/02 - 11:23:49 | batch update finished 
[SYS] 2025/04/02 - 11:23:55 | batch update started 
[SYS] 2025/04/02 - 11:23:55 | batch update finished 
[SYS] 2025/04/02 - 11:24:00 | 任务进度轮询开始 
[SYS] 2025/04/02 - 11:24:00 | 任务进度轮询完成 
[SYS] 2025/04/02 - 11:24:00 | batch update started 
[SYS] 2025/04/02 - 11:24:00 | batch update finished 
[SYS] 2025/04/02 - 11:24:05 | batch update started 
[SYS] 2025/04/02 - 11:24:05 | batch update finished 
[SYS] 2025/04/02 - 11:24:10 | batch update started 
[SYS] 2025/04/02 - 11:24:10 | batch update finished 
[SYS] 2025/04/02 - 11:24:15 | testing all channels 
[SYS] 2025/04/02 - 11:24:15 | 正在更新数据看板数据... 
[SYS] 2025/04/02 - 11:24:15 | channel test finished 
[SYS] 2025/04/02 - 11:24:15 | 保存数据看板数据成功，共保存0条数据 
[SYS] 2025/04/02 - 11:24:15 | syncing options from database 
[SYS] 2025/04/02 - 11:24:15 | syncing channels from database 
[SYS] 2025/04/02 - 11:24:15 | channels synced from database 
[SYS] 2025/04/02 - 11:24:15 | 任务进度轮询开始 
[SYS] 2025/04/02 - 11:24:15 | 任务进度轮询完成 
[SYS] 2025/04/02 - 11:24:15 | batch update started 
[SYS] 2025/04/02 - 11:24:15 | batch update finished 
[SYS] 2025/04/02 - 11:24:20 | batch update started 
[SYS] 2025/04/02 - 11:24:20 | batch update finished 
[SYS] 2025/04/02 - 11:24:27 | batch update started 
[SYS] 2025/04/02 - 11:24:27 | batch update finished 
[SYS] 2025/04/02 - 11:24:31 | 任务进度轮询开始 
[SYS] 2025/04/02 - 11:24:32 | 任务进度轮询完成 
[SYS] 2025/04/02 - 11:24:32 | batch update started 
[SYS] 2025/04/02 - 11:24:32 | batch update finished 
[SYS] 2025/04/02 - 11:24:37 | batch update started 
[SYS] 2025/04/02 - 11:24:37 | batch update finished 
[SYS] 2025/04/02 - 11:24:42 | batch update started 
[SYS] 2025/04/02 - 11:24:42 | batch update finished 
[SYS] 2025/04/02 - 11:24:47 | 任务进度轮询开始 
[SYS] 2025/04/02 - 11:24:47 | 任务进度轮询完成 
[SYS] 2025/04/02 - 11:24:47 | batch update started 
[SYS] 2025/04/02 - 11:24:47 | batch update finished 
[SYS] 2025/04/02 - 11:24:52 | batch update started 
[SYS] 2025/04/02 - 11:24:52 | batch update finished 
[SYS] 2025/04/02 - 11:24:58 | batch update started 
[SYS] 2025/04/02 - 11:24:58 | batch update finished 
[SYS] 2025/04/02 - 11:25:03 | 任务进度轮询开始 
[SYS] 2025/04/02 - 11:25:03 | 任务进度轮询完成 
[SYS] 2025/04/02 - 11:25:03 | batch update started 
[SYS] 2025/04/02 - 11:25:03 | batch update finished 
[SYS] 2025/04/02 - 11:25:08 | batch update started 
[SYS] 2025/04/02 - 11:25:08 | batch update finished 
[SYS] 2025/04/02 - 11:25:13 | batch update started 
[SYS] 2025/04/02 - 11:25:13 | batch update finished 
[SYS] 2025/04/02 - 11:25:18 | syncing options from database 
[SYS] 2025/04/02 - 11:25:18 | syncing channels from database 
[SYS] 2025/04/02 - 11:25:18 | channels synced from database 
[SYS] 2025/04/02 - 11:25:18 | 任务进度轮询开始 
[SYS] 2025/04/02 - 11:25:18 | 任务进度轮询完成 
[SYS] 2025/04/02 - 11:25:18 | batch update started 
[SYS] 2025/04/02 - 11:25:18 | batch update finished 
[SYS] 2025/04/02 - 11:25:23 | batch update started 
[SYS] 2025/04/02 - 11:25:23 | batch update finished 
[SYS] 2025/04/02 - 11:25:30 | batch update started 
[SYS] 2025/04/02 - 11:25:30 | batch update finished 
[SYS] 2025/04/02 - 11:25:34 | 任务进度轮询开始 
[SYS] 2025/04/02 - 11:25:34 | 任务进度轮询完成 
[SYS] 2025/04/02 - 11:25:35 | batch update started 
[SYS] 2025/04/02 - 11:25:35 | batch update finished 
[SYS] 2025/04/02 - 11:25:40 | batch update started 
[SYS] 2025/04/02 - 11:25:40 | batch update finished 
[SYS] 2025/04/02 - 11:25:45 | batch update started 
[SYS] 2025/04/02 - 11:25:45 | batch update finished 
[SYS] 2025/04/02 - 11:25:49 | 任务进度轮询开始 
[SYS] 2025/04/02 - 11:25:49 | 任务进度轮询完成 
[SYS] 2025/04/02 - 11:25:50 | batch update started 
[SYS] 2025/04/02 - 11:25:50 | batch update finished 
[SYS] 2025/04/02 - 11:25:55 | batch update started 
[SYS] 2025/04/02 - 11:25:55 | batch update finished 
[SYS] 2025/04/02 - 11:26:01 | batch update started 
[SYS] 2025/04/02 - 11:26:01 | batch update finished 
[SYS] 2025/04/02 - 11:26:06 | 任务进度轮询开始 
[SYS] 2025/04/02 - 11:26:06 | 任务进度轮询完成 
[SYS] 2025/04/02 - 11:26:06 | batch update started 
[SYS] 2025/04/02 - 11:26:06 | batch update finished 
[SYS] 2025/04/02 - 11:26:11 | batch update started 
[SYS] 2025/04/02 - 11:26:11 | batch update finished 
[SYS] 2025/04/02 - 11:26:16 | batch update started 
[SYS] 2025/04/02 - 11:26:16 | batch update finished 
[SYS] 2025/04/02 - 11:26:21 | syncing options from database 
[SYS] 2025/04/02 - 11:26:21 | syncing channels from database 
[SYS] 2025/04/02 - 11:26:21 | channels synced from database 
[SYS] 2025/04/02 - 11:26:21 | 任务进度轮询开始 
[SYS] 2025/04/02 - 11:26:21 | 任务进度轮询完成 
[SYS] 2025/04/02 - 11:26:21 | batch update started 
[SYS] 2025/04/02 - 11:26:21 | batch update finished 
[SYS] 2025/04/02 - 11:26:26 | batch update started 
[SYS] 2025/04/02 - 11:26:26 | batch update finished 
[SYS] 2025/04/02 - 11:26:33 | batch update started 
[SYS] 2025/04/02 - 11:26:33 | batch update finished 
[SYS] 2025/04/02 - 11:26:37 | 任务进度轮询开始 
[SYS] 2025/04/02 - 11:26:37 | 任务进度轮询完成 
[SYS] 2025/04/02 - 11:26:38 | batch update started 
[SYS] 2025/04/02 - 11:26:38 | batch update finished 
[SYS] 2025/04/02 - 11:26:43 | batch update started 
[SYS] 2025/04/02 - 11:26:43 | batch update finished 
[SYS] 2025/04/02 - 11:26:48 | batch update started 
[SYS] 2025/04/02 - 11:26:48 | batch update finished 
[GIN] 2025/04/02 - 11:26:50 | 20250402112650118370428dfsRPhRd | 401 |   125.28413ms |             ::1 |     GET /api/user/models
[GIN] 2025/04/02 - 11:26:50 | 20250402112650286310771bHtfM2aI | 401 |    1.004741ms |             ::1 |     GET /api/user/self/groups
[GIN] 2025/04/02 - 11:26:51 | 20250402112650636469682D6o6oG48 | 401 |  397.301356ms |             ::1 |     GET /api/token/?p=0&size=10
[GIN] 2025/04/02 - 11:26:51 | 20250402112650761714143PtvZtBqR | 200 |  273.361669ms |             ::1 |     GET /login?expired=true
[GIN] 2025/04/02 - 11:26:51 | 2025040211265152216721CWCpHomc | 200 |     713.269µs |             ::1 |     GET /login?expired=true
[GIN] 2025/04/02 - 11:26:51 | 20250402112651237988887i28kVwZO | 200 |    1.437287ms |             ::1 |     GET /login?expired=true
[SYS] 2025/04/02 - 11:26:52 | 任务进度轮询开始 
[SYS] 2025/04/02 - 11:26:52 | 任务进度轮询完成 
[SYS] 2025/04/02 - 11:26:53 | batch update started 
[SYS] 2025/04/02 - 11:26:53 | batch update finished 
[GIN] 2025/04/02 - 11:26:54 | 20250402112654822714605HufAzdPp | 200 |  111.128623ms |             ::1 |     GET /api/status
[SYS] 2025/04/02 - 11:26:58 | batch update started 
[SYS] 2025/04/02 - 11:26:58 | batch update finished 
[SYS] 2025/04/02 - 11:27:04 | batch update started 
[SYS] 2025/04/02 - 11:27:04 | batch update finished 
[SYS] 2025/04/02 - 11:27:09 | 任务进度轮询开始 
[SYS] 2025/04/02 - 11:27:09 | 任务进度轮询完成 
[SYS] 2025/04/02 - 11:27:09 | batch update started 
[SYS] 2025/04/02 - 11:27:09 | batch update finished 
[SYS] 2025/04/02 - 11:27:14 | batch update started 
[SYS] 2025/04/02 - 11:27:14 | batch update finished 
[SYS] 2025/04/02 - 11:27:19 | batch update started 
[SYS] 2025/04/02 - 11:27:19 | batch update finished 
[SYS] 2025/04/02 - 11:27:24 | syncing options from database 
[SYS] 2025/04/02 - 11:27:24 | syncing channels from database 
[SYS] 2025/04/02 - 11:27:24 | channels synced from database 
[SYS] 2025/04/02 - 11:27:24 | 任务进度轮询开始 
[SYS] 2025/04/02 - 11:27:24 | 任务进度轮询完成 
[SYS] 2025/04/02 - 11:27:24 | batch update started 
[SYS] 2025/04/02 - 11:27:24 | batch update finished 
[SYS] 2025/04/02 - 11:27:29 | batch update started 
[SYS] 2025/04/02 - 11:27:29 | batch update finished 
[SYS] 2025/04/02 - 11:27:36 | batch update started 
[SYS] 2025/04/02 - 11:27:36 | batch update finished 
[SYS] 2025/04/02 - 11:27:40 | 任务进度轮询开始 
[SYS] 2025/04/02 - 11:27:40 | 任务进度轮询完成 
[SYS] 2025/04/02 - 11:27:41 | batch update started 
[SYS] 2025/04/02 - 11:27:41 | batch update finished 
[SYS] 2025/04/02 - 11:27:46 | batch update started 
[SYS] 2025/04/02 - 11:27:46 | batch update finished 
[SYS] 2025/04/02 - 11:27:51 | batch update started 
[SYS] 2025/04/02 - 11:27:51 | batch update finished 
[SYS] 2025/04/02 - 11:27:55 | 任务进度轮询开始 
[SYS] 2025/04/02 - 11:27:55 | 任务进度轮询完成 
[SYS] 2025/04/02 - 11:27:56 | batch update started 
[SYS] 2025/04/02 - 11:27:56 | batch update finished 
[SYS] 2025/04/02 - 11:28:01 | batch update started 
[SYS] 2025/04/02 - 11:28:01 | batch update finished 
[SYS] 2025/04/02 - 11:28:07 | batch update started 
[SYS] 2025/04/02 - 11:28:07 | batch update finished 
[SYS] 2025/04/02 - 11:28:12 | 任务进度轮询开始 
[SYS] 2025/04/02 - 11:28:12 | 任务进度轮询完成 
[SYS] 2025/04/02 - 11:28:12 | batch update started 
[SYS] 2025/04/02 - 11:28:12 | batch update finished 
[SYS] 2025/04/02 - 11:28:17 | batch update started 
[SYS] 2025/04/02 - 11:28:17 | batch update finished 
[SYS] 2025/04/02 - 11:28:22 | batch update started 
[SYS] 2025/04/02 - 11:28:22 | batch update finished 
[SYS] 2025/04/02 - 11:28:27 | syncing options from database 
[SYS] 2025/04/02 - 11:28:27 | syncing channels from database 
[SYS] 2025/04/02 - 11:28:27 | channels synced from database 
[SYS] 2025/04/02 - 11:28:27 | 任务进度轮询开始 
[SYS] 2025/04/02 - 11:28:27 | 任务进度轮询完成 
[SYS] 2025/04/02 - 11:28:27 | batch update started 
[SYS] 2025/04/02 - 11:28:27 | batch update finished 
[SYS] 2025/04/02 - 11:28:32 | batch update started 
[SYS] 2025/04/02 - 11:28:32 | batch update finished 
[SYS] 2025/04/02 - 11:28:38 | batch update started 
[SYS] 2025/04/02 - 11:28:38 | batch update finished 
[SYS] 2025/04/02 - 11:28:43 | 任务进度轮询开始 
[SYS] 2025/04/02 - 11:28:43 | 任务进度轮询完成 
[SYS] 2025/04/02 - 11:28:43 | batch update started 
[SYS] 2025/04/02 - 11:28:43 | batch update finished 
[SYS] 2025/04/02 - 11:28:48 | batch update started 
[SYS] 2025/04/02 - 11:28:48 | batch update finished 
[SYS] 2025/04/02 - 11:28:53 | batch update started 
[SYS] 2025/04/02 - 11:28:53 | batch update finished 
[SYS] 2025/04/02 - 11:28:58 | 任务进度轮询开始 
[SYS] 2025/04/02 - 11:28:58 | 任务进度轮询完成 
[SYS] 2025/04/02 - 11:28:58 | batch update started 
[SYS] 2025/04/02 - 11:28:58 | batch update finished 
[SYS] 2025/04/02 - 11:29:03 | batch update started 
[SYS] 2025/04/02 - 11:29:03 | batch update finished 
[SYS] 2025/04/02 - 11:29:10 | batch update started 
[SYS] 2025/04/02 - 11:29:10 | batch update finished 
[SYS] 2025/04/02 - 11:29:15 | 任务进度轮询开始 
[SYS] 2025/04/02 - 11:29:15 | 任务进度轮询完成 
[SYS] 2025/04/02 - 11:29:15 | batch update started 
[SYS] 2025/04/02 - 11:29:15 | batch update finished 
[SYS] 2025/04/02 - 11:29:20 | batch update started 
[SYS] 2025/04/02 - 11:29:20 | batch update finished 
[SYS] 2025/04/02 - 11:29:25 | batch update started 
[SYS] 2025/04/02 - 11:29:25 | batch update finished 
[SYS] 2025/04/02 - 11:29:30 | 正在更新数据看板数据... 
[SYS] 2025/04/02 - 11:29:30 | 保存数据看板数据成功，共保存0条数据 
[SYS] 2025/04/02 - 11:29:30 | syncing options from database 
[SYS] 2025/04/02 - 11:29:30 | syncing channels from database 
[SYS] 2025/04/02 - 11:29:30 | channels synced from database 
[SYS] 2025/04/02 - 11:29:30 | 任务进度轮询开始 
[SYS] 2025/04/02 - 11:29:30 | 任务进度轮询完成 
[SYS] 2025/04/02 - 11:29:30 | batch update started 
[SYS] 2025/04/02 - 11:29:30 | batch update finished 
[SYS] 2025/04/02 - 11:29:35 | batch update started 
[SYS] 2025/04/02 - 11:29:35 | batch update finished 
[SYS] 2025/04/02 - 11:29:42 | batch update started 
[SYS] 2025/04/02 - 11:29:42 | batch update finished 
[SYS] 2025/04/02 - 11:29:46 | 任务进度轮询开始 
[SYS] 2025/04/02 - 11:29:46 | 任务进度轮询完成 
[SYS] 2025/04/02 - 11:29:47 | batch update started 
[SYS] 2025/04/02 - 11:29:47 | batch update finished 
[SYS] 2025/04/02 - 11:29:52 | batch update started 
[SYS] 2025/04/02 - 11:29:52 | batch update finished 
[SYS] 2025/04/02 - 11:29:57 | batch update started 
[SYS] 2025/04/02 - 11:29:57 | batch update finished 
[SYS] 2025/04/02 - 11:30:01 | 任务进度轮询开始 
[SYS] 2025/04/02 - 11:30:01 | 任务进度轮询完成 
[SYS] 2025/04/02 - 11:30:02 | batch update started 
[SYS] 2025/04/02 - 11:30:02 | batch update finished 
[SYS] 2025/04/02 - 11:30:07 | batch update started 
[SYS] 2025/04/02 - 11:30:07 | batch update finished 
[SYS] 2025/04/02 - 11:30:13 | batch update started 
[SYS] 2025/04/02 - 11:30:13 | batch update finished 
[SYS] 2025/04/02 - 11:30:18 | 任务进度轮询开始 
[SYS] 2025/04/02 - 11:30:18 | 任务进度轮询完成 
[SYS] 2025/04/02 - 11:30:18 | batch update started 
[SYS] 2025/04/02 - 11:30:18 | batch update finished 
[SYS] 2025/04/02 - 11:30:23 | batch update started 
[SYS] 2025/04/02 - 11:30:23 | batch update finished 
[SYS] 2025/04/02 - 11:30:28 | batch update started 
[SYS] 2025/04/02 - 11:30:28 | batch update finished 
[SYS] 2025/04/02 - 11:30:33 | syncing options from database 
[SYS] 2025/04/02 - 11:30:33 | syncing channels from database 
[SYS] 2025/04/02 - 11:30:33 | channels synced from database 
[SYS] 2025/04/02 - 11:30:33 | 任务进度轮询开始 
[SYS] 2025/04/02 - 11:30:33 | 任务进度轮询完成 
[SYS] 2025/04/02 - 11:30:33 | batch update started 
[SYS] 2025/04/02 - 11:30:33 | batch update finished 
[SYS] 2025/04/02 - 11:30:38 | batch update started 
[SYS] 2025/04/02 - 11:30:38 | batch update finished 
[SYS] 2025/04/02 - 11:30:44 | batch update started 
[SYS] 2025/04/02 - 11:30:44 | batch update finished 
[SYS] 2025/04/02 - 11:30:49 | 任务进度轮询开始 
[SYS] 2025/04/02 - 11:30:49 | 任务进度轮询完成 
[SYS] 2025/04/02 - 11:30:49 | batch update started 
[SYS] 2025/04/02 - 11:30:49 | batch update finished 
[SYS] 2025/04/02 - 11:30:54 | batch update started 
[SYS] 2025/04/02 - 11:30:54 | batch update finished 
[SYS] 2025/04/02 - 11:30:59 | batch update started 
[SYS] 2025/04/02 - 11:30:59 | batch update finished 
[SYS] 2025/04/02 - 11:31:04 | 任务进度轮询开始 
[SYS] 2025/04/02 - 11:31:04 | 任务进度轮询完成 
[SYS] 2025/04/02 - 11:31:05 | batch update started 
[SYS] 2025/04/02 - 11:31:05 | batch update finished 
[SYS] 2025/04/02 - 11:31:10 | batch update started 
[SYS] 2025/04/02 - 11:31:10 | batch update finished 
[SYS] 2025/04/02 - 11:31:16 | batch update started 
[SYS] 2025/04/02 - 11:31:16 | batch update finished 
[SYS] 2025/04/02 - 11:31:21 | 任务进度轮询开始 
[SYS] 2025/04/02 - 11:31:21 | 任务进度轮询完成 
[SYS] 2025/04/02 - 11:31:21 | batch update started 
[SYS] 2025/04/02 - 11:31:21 | batch update finished 
[SYS] 2025/04/02 - 11:31:26 | batch update started 
[SYS] 2025/04/02 - 11:31:26 | batch update finished 
[SYS] 2025/04/02 - 11:31:31 | batch update started 
[SYS] 2025/04/02 - 11:31:31 | batch update finished 
[SYS] 2025/04/02 - 11:31:36 | syncing options from database 
[SYS] 2025/04/02 - 11:31:36 | syncing channels from database 
[SYS] 2025/04/02 - 11:31:36 | channels synced from database 
[SYS] 2025/04/02 - 11:31:36 | 任务进度轮询开始 
[SYS] 2025/04/02 - 11:31:36 | 任务进度轮询完成 
[SYS] 2025/04/02 - 11:31:36 | batch update started 
[SYS] 2025/04/02 - 11:31:36 | batch update finished 
[SYS] 2025/04/02 - 11:31:41 | batch update started 
[SYS] 2025/04/02 - 11:31:41 | batch update finished 
[SYS] 2025/04/02 - 11:31:48 | batch update started 
[SYS] 2025/04/02 - 11:31:48 | batch update finished 
[SYS] 2025/04/02 - 11:31:52 | 任务进度轮询开始 
[SYS] 2025/04/02 - 11:31:52 | 任务进度轮询完成 
[SYS] 2025/04/02 - 11:31:53 | batch update started 
[SYS] 2025/04/02 - 11:31:53 | batch update finished 
[SYS] 2025/04/02 - 11:31:58 | batch update started 
[SYS] 2025/04/02 - 11:31:58 | batch update finished 
[SYS] 2025/04/02 - 11:32:03 | batch update started 
[SYS] 2025/04/02 - 11:32:03 | batch update finished 
[SYS] 2025/04/02 - 11:32:07 | 任务进度轮询开始 
[SYS] 2025/04/02 - 11:32:07 | 任务进度轮询完成 
[SYS] 2025/04/02 - 11:32:08 | batch update started 
[SYS] 2025/04/02 - 11:32:08 | batch update finished 
[SYS] 2025/04/02 - 11:32:13 | batch update started 
[SYS] 2025/04/02 - 11:32:13 | batch update finished 
[SYS] 2025/04/02 - 11:32:19 | batch update started 
[SYS] 2025/04/02 - 11:32:19 | batch update finished 
[SYS] 2025/04/02 - 11:32:24 | 任务进度轮询开始 
[SYS] 2025/04/02 - 11:32:24 | 任务进度轮询完成 
[SYS] 2025/04/02 - 11:32:24 | batch update started 
[SYS] 2025/04/02 - 11:32:24 | batch update finished 
[SYS] 2025/04/02 - 11:32:29 | batch update started 
[SYS] 2025/04/02 - 11:32:29 | batch update finished 
[SYS] 2025/04/02 - 11:32:34 | batch update started 
[SYS] 2025/04/02 - 11:32:34 | batch update finished 
[SYS] 2025/04/02 - 11:32:38 | syncing options from database 
[SYS] 2025/04/02 - 11:32:39 | syncing channels from database 
[SYS] 2025/04/02 - 11:32:39 | channels synced from database 
[SYS] 2025/04/02 - 11:32:39 | 任务进度轮询开始 
[SYS] 2025/04/02 - 11:32:39 | 任务进度轮询完成 
[SYS] 2025/04/02 - 11:32:39 | batch update started 
[SYS] 2025/04/02 - 11:32:39 | batch update finished 
[SYS] 2025/04/02 - 11:32:44 | batch update started 
[SYS] 2025/04/02 - 11:32:44 | batch update finished 
[SYS] 2025/04/02 - 11:32:51 | batch update started 
[SYS] 2025/04/02 - 11:32:51 | batch update finished 
[SYS] 2025/04/02 - 11:32:55 | 任务进度轮询开始 
[SYS] 2025/04/02 - 11:32:55 | 任务进度轮询完成 
[SYS] 2025/04/02 - 11:32:56 | batch update started 
[SYS] 2025/04/02 - 11:32:56 | batch update finished 
[SYS] 2025/04/02 - 11:33:01 | batch update started 
[SYS] 2025/04/02 - 11:33:01 | batch update finished 
[SYS] 2025/04/02 - 11:33:06 | batch update started 
[SYS] 2025/04/02 - 11:33:06 | batch update finished 
[SYS] 2025/04/02 - 11:33:10 | 任务进度轮询开始 
[SYS] 2025/04/02 - 11:33:10 | 任务进度轮询完成 
[SYS] 2025/04/02 - 11:33:11 | batch update started 
[SYS] 2025/04/02 - 11:33:11 | batch update finished 
[SYS] 2025/04/02 - 11:33:16 | batch update started 
[SYS] 2025/04/02 - 11:33:16 | batch update finished 
[SYS] 2025/04/02 - 11:33:22 | batch update started 
[SYS] 2025/04/02 - 11:33:22 | batch update finished 
[SYS] 2025/04/02 - 11:33:27 | 任务进度轮询开始 
[SYS] 2025/04/02 - 11:33:27 | 任务进度轮询完成 
[SYS] 2025/04/02 - 11:33:27 | batch update started 
[SYS] 2025/04/02 - 11:33:27 | batch update finished 
[SYS] 2025/04/02 - 11:33:32 | batch update started 
[SYS] 2025/04/02 - 11:33:32 | batch update finished 
[SYS] 2025/04/02 - 11:33:37 | batch update started 
[SYS] 2025/04/02 - 11:33:37 | batch update finished 
[SYS] 2025/04/02 - 11:33:42 | syncing options from database 
[SYS] 2025/04/02 - 11:33:42 | syncing channels from database 
[SYS] 2025/04/02 - 11:33:42 | channels synced from database 
[SYS] 2025/04/02 - 11:33:42 | 任务进度轮询开始 
[SYS] 2025/04/02 - 11:33:42 | 任务进度轮询完成 
[SYS] 2025/04/02 - 11:33:42 | batch update started 
[SYS] 2025/04/02 - 11:33:42 | batch update finished 
[SYS] 2025/04/02 - 11:33:47 | batch update started 
[SYS] 2025/04/02 - 11:33:47 | batch update finished 
[SYS] 2025/04/02 - 11:33:53 | batch update started 
[SYS] 2025/04/02 - 11:33:53 | batch update finished 
[SYS] 2025/04/02 - 11:33:58 | 任务进度轮询开始 
[SYS] 2025/04/02 - 11:33:58 | 任务进度轮询完成 
[SYS] 2025/04/02 - 11:33:58 | batch update started 
[SYS] 2025/04/02 - 11:33:58 | batch update finished 
[SYS] 2025/04/02 - 11:34:03 | batch update started 
[SYS] 2025/04/02 - 11:34:03 | batch update finished 
[SYS] 2025/04/02 - 11:34:08 | batch update started 
[SYS] 2025/04/02 - 11:34:08 | batch update finished 
[SYS] 2025/04/02 - 11:34:13 | 任务进度轮询开始 
[SYS] 2025/04/02 - 11:34:13 | 任务进度轮询完成 
[SYS] 2025/04/02 - 11:34:13 | batch update started 
[SYS] 2025/04/02 - 11:34:13 | batch update finished 
[SYS] 2025/04/02 - 11:34:18 | batch update started 
[SYS] 2025/04/02 - 11:34:18 | batch update finished 
[SYS] 2025/04/02 - 11:34:25 | batch update started 
[SYS] 2025/04/02 - 11:34:25 | batch update finished 
[SYS] 2025/04/02 - 11:34:30 | 任务进度轮询开始 
[SYS] 2025/04/02 - 11:34:30 | 任务进度轮询完成 
[SYS] 2025/04/02 - 11:34:30 | batch update started 
[SYS] 2025/04/02 - 11:34:30 | batch update finished 
[SYS] 2025/04/02 - 11:34:35 | batch update started 
[SYS] 2025/04/02 - 11:34:35 | batch update finished 
[SYS] 2025/04/02 - 11:34:40 | batch update started 
[SYS] 2025/04/02 - 11:34:40 | batch update finished 
[SYS] 2025/04/02 - 11:34:44 | testing all channels 
[SYS] 2025/04/02 - 11:34:44 | channel test finished 
[SYS] 2025/04/02 - 11:34:44 | 正在更新数据看板数据... 
[SYS] 2025/04/02 - 11:34:44 | 保存数据看板数据成功，共保存0条数据 
[SYS] 2025/04/02 - 11:34:44 | syncing options from database 
[SYS] 2025/04/02 - 11:34:45 | syncing channels from database 
[SYS] 2025/04/02 - 11:34:45 | channels synced from database 
[SYS] 2025/04/02 - 11:34:45 | 任务进度轮询开始 
[SYS] 2025/04/02 - 11:34:45 | 任务进度轮询完成 
[SYS] 2025/04/02 - 11:34:45 | batch update started 
[SYS] 2025/04/02 - 11:34:45 | batch update finished 
[SYS] 2025/04/02 - 11:34:50 | batch update started 
[SYS] 2025/04/02 - 11:34:50 | batch update finished 
[SYS] 2025/04/02 - 11:34:57 | batch update started 
[SYS] 2025/04/02 - 11:34:57 | batch update finished 
[SYS] 2025/04/02 - 11:35:01 | 任务进度轮询开始 
[SYS] 2025/04/02 - 11:35:01 | 任务进度轮询完成 
[SYS] 2025/04/02 - 11:35:02 | batch update started 
[SYS] 2025/04/02 - 11:35:02 | batch update finished 
[SYS] 2025/04/02 - 11:35:07 | batch update started 
[SYS] 2025/04/02 - 11:35:07 | batch update finished 
[SYS] 2025/04/02 - 11:35:12 | batch update started 
[SYS] 2025/04/02 - 11:35:12 | batch update finished 
[SYS] 2025/04/02 - 11:35:16 | 任务进度轮询开始 
[SYS] 2025/04/02 - 11:35:16 | 任务进度轮询完成 
[SYS] 2025/04/02 - 11:35:17 | batch update started 
[SYS] 2025/04/02 - 11:35:17 | batch update finished 
[SYS] 2025/04/02 - 11:35:22 | batch update started 
[SYS] 2025/04/02 - 11:35:22 | batch update finished 
[SYS] 2025/04/02 - 11:35:28 | batch update started 
[SYS] 2025/04/02 - 11:35:28 | batch update finished 
[SYS] 2025/04/02 - 11:35:33 | 任务进度轮询开始 
[SYS] 2025/04/02 - 11:35:33 | 任务进度轮询完成 
[SYS] 2025/04/02 - 11:35:33 | batch update started 
[SYS] 2025/04/02 - 11:35:33 | batch update finished 
[SYS] 2025/04/02 - 11:35:38 | batch update started 
[SYS] 2025/04/02 - 11:35:38 | batch update finished 
[SYS] 2025/04/02 - 11:35:43 | batch update started 
[SYS] 2025/04/02 - 11:35:43 | batch update finished 
[SYS] 2025/04/02 - 11:35:48 | syncing options from database 
[SYS] 2025/04/02 - 11:35:48 | syncing channels from database 
[SYS] 2025/04/02 - 11:35:48 | channels synced from database 
[SYS] 2025/04/02 - 11:35:48 | 任务进度轮询开始 
[SYS] 2025/04/02 - 11:35:48 | 任务进度轮询完成 
[SYS] 2025/04/02 - 11:35:48 | batch update started 
[SYS] 2025/04/02 - 11:35:48 | batch update finished 
[SYS] 2025/04/02 - 11:35:53 | batch update started 
[SYS] 2025/04/02 - 11:35:53 | batch update finished 
[SYS] 2025/04/02 - 11:36:00 | batch update started 
[SYS] 2025/04/02 - 11:36:00 | batch update finished 
[SYS] 2025/04/02 - 11:36:04 | 任务进度轮询开始 
[SYS] 2025/04/02 - 11:36:04 | 任务进度轮询完成 
[SYS] 2025/04/02 - 11:36:05 | batch update started 
[SYS] 2025/04/02 - 11:36:05 | batch update finished 
[SYS] 2025/04/02 - 11:36:10 | batch update started 
[SYS] 2025/04/02 - 11:36:10 | batch update finished 
[SYS] 2025/04/02 - 11:36:15 | batch update started 
[SYS] 2025/04/02 - 11:36:15 | batch update finished 
[SYS] 2025/04/02 - 11:36:19 | 任务进度轮询开始 
[SYS] 2025/04/02 - 11:36:19 | 任务进度轮询完成 
[SYS] 2025/04/02 - 11:36:20 | batch update started 
[SYS] 2025/04/02 - 11:36:20 | batch update finished 
[SYS] 2025/04/02 - 11:36:25 | batch update started 
[SYS] 2025/04/02 - 11:36:25 | batch update finished 
[SYS] 2025/04/02 - 11:36:31 | batch update started 
[SYS] 2025/04/02 - 11:36:31 | batch update finished 
[SYS] 2025/04/02 - 11:36:36 | 任务进度轮询开始 
[SYS] 2025/04/02 - 11:36:36 | 任务进度轮询完成 
[SYS] 2025/04/02 - 11:36:36 | batch update started 
[SYS] 2025/04/02 - 11:36:36 | batch update finished 
[SYS] 2025/04/02 - 11:36:41 | batch update started 
[SYS] 2025/04/02 - 11:36:41 | batch update finished 
[SYS] 2025/04/02 - 11:36:46 | batch update started 
[SYS] 2025/04/02 - 11:36:46 | batch update finished 
[SYS] 2025/04/02 - 11:36:51 | syncing options from database 
[SYS] 2025/04/02 - 11:36:51 | syncing channels from database 
[SYS] 2025/04/02 - 11:36:51 | channels synced from database 
[SYS] 2025/04/02 - 11:36:51 | 任务进度轮询开始 
[SYS] 2025/04/02 - 11:36:51 | 任务进度轮询完成 
[SYS] 2025/04/02 - 11:36:51 | batch update started 
[SYS] 2025/04/02 - 11:36:51 | batch update finished 
[SYS] 2025/04/02 - 11:36:56 | batch update started 
[SYS] 2025/04/02 - 11:36:56 | batch update finished 
[SYS] 2025/04/02 - 11:37:03 | batch update started 
[SYS] 2025/04/02 - 11:37:03 | batch update finished 
[SYS] 2025/04/02 - 11:37:07 | 任务进度轮询开始 
[SYS] 2025/04/02 - 11:37:07 | 任务进度轮询完成 
[SYS] 2025/04/02 - 11:37:08 | batch update started 
[SYS] 2025/04/02 - 11:37:08 | batch update finished 
[SYS] 2025/04/02 - 11:37:13 | batch update started 
[SYS] 2025/04/02 - 11:37:13 | batch update finished 
[SYS] 2025/04/02 - 11:37:18 | batch update started 
[SYS] 2025/04/02 - 11:37:18 | batch update finished 
[SYS] 2025/04/02 - 11:37:22 | 任务进度轮询开始 
[SYS] 2025/04/02 - 11:37:22 | 任务进度轮询完成 
[SYS] 2025/04/02 - 11:37:23 | batch update started 
[SYS] 2025/04/02 - 11:37:23 | batch update finished 
[SYS] 2025/04/02 - 11:37:28 | batch update started 
[SYS] 2025/04/02 - 11:37:28 | batch update finished 
[SYS] 2025/04/02 - 11:37:34 | batch update started 
[SYS] 2025/04/02 - 11:37:34 | batch update finished 
[SYS] 2025/04/02 - 11:37:39 | 任务进度轮询开始 
[SYS] 2025/04/02 - 11:37:39 | 任务进度轮询完成 
[SYS] 2025/04/02 - 11:37:39 | batch update started 
[SYS] 2025/04/02 - 11:37:39 | batch update finished 
[SYS] 2025/04/02 - 11:37:44 | batch update started 
[SYS] 2025/04/02 - 11:37:44 | batch update finished 
[SYS] 2025/04/02 - 11:37:49 | batch update started 
[SYS] 2025/04/02 - 11:37:49 | batch update finished 
[SYS] 2025/04/02 - 11:37:54 | syncing options from database 
[SYS] 2025/04/02 - 11:37:54 | syncing channels from database 
[SYS] 2025/04/02 - 11:37:54 | channels synced from database 
[SYS] 2025/04/02 - 11:37:54 | 任务进度轮询开始 
[SYS] 2025/04/02 - 11:37:54 | 任务进度轮询完成 
[SYS] 2025/04/02 - 11:37:54 | batch update started 
[SYS] 2025/04/02 - 11:37:54 | batch update finished 
[SYS] 2025/04/02 - 11:37:59 | batch update started 
[SYS] 2025/04/02 - 11:37:59 | batch update finished 
[SYS] 2025/04/02 - 11:38:06 | batch update started 
[SYS] 2025/04/02 - 11:38:06 | batch update finished 
[SYS] 2025/04/02 - 11:38:10 | 任务进度轮询开始 
[SYS] 2025/04/02 - 11:38:10 | 任务进度轮询完成 
[SYS] 2025/04/02 - 11:38:11 | batch update started 
[SYS] 2025/04/02 - 11:38:11 | batch update finished 
[SYS] 2025/04/02 - 11:38:16 | batch update started 
[SYS] 2025/04/02 - 11:38:16 | batch update finished 
[SYS] 2025/04/02 - 11:38:21 | batch update started 
[SYS] 2025/04/02 - 11:38:21 | batch update finished 
[SYS] 2025/04/02 - 11:38:25 | 任务进度轮询开始 
[SYS] 2025/04/02 - 11:38:25 | 任务进度轮询完成 
[SYS] 2025/04/02 - 11:38:26 | batch update started 
[SYS] 2025/04/02 - 11:38:26 | batch update finished 
[SYS] 2025/04/02 - 11:38:31 | batch update started 
[SYS] 2025/04/02 - 11:38:31 | batch update finished 
[SYS] 2025/04/02 - 11:38:37 | batch update started 
[SYS] 2025/04/02 - 11:38:37 | batch update finished 
[SYS] 2025/04/02 - 11:38:42 | 任务进度轮询开始 
[SYS] 2025/04/02 - 11:38:42 | 任务进度轮询完成 
[SYS] 2025/04/02 - 11:38:42 | batch update started 
[SYS] 2025/04/02 - 11:38:42 | batch update finished 
[SYS] 2025/04/02 - 11:38:47 | batch update started 
[SYS] 2025/04/02 - 11:38:47 | batch update finished 
[SYS] 2025/04/02 - 11:38:52 | batch update started 
[SYS] 2025/04/02 - 11:38:52 | batch update finished 
[SYS] 2025/04/02 - 11:38:57 | syncing options from database 
[SYS] 2025/04/02 - 11:38:57 | syncing channels from database 
[SYS] 2025/04/02 - 11:38:57 | channels synced from database 
[SYS] 2025/04/02 - 11:38:57 | 任务进度轮询开始 
[SYS] 2025/04/02 - 11:38:57 | 任务进度轮询完成 
[SYS] 2025/04/02 - 11:38:57 | batch update started 
[SYS] 2025/04/02 - 11:38:57 | batch update finished 
[SYS] 2025/04/02 - 11:39:02 | batch update started 
[SYS] 2025/04/02 - 11:39:02 | batch update finished 
[SYS] 2025/04/02 - 11:39:09 | batch update started 
[SYS] 2025/04/02 - 11:39:09 | batch update finished 
[SYS] 2025/04/02 - 11:39:13 | 任务进度轮询开始 
[SYS] 2025/04/02 - 11:39:13 | 任务进度轮询完成 
[SYS] 2025/04/02 - 11:39:14 | batch update started 
[SYS] 2025/04/02 - 11:39:14 | batch update finished 
[SYS] 2025/04/02 - 11:39:19 | batch update started 
[SYS] 2025/04/02 - 11:39:19 | batch update finished 
[SYS] 2025/04/02 - 11:39:24 | batch update started 
[SYS] 2025/04/02 - 11:39:24 | batch update finished 
[SYS] 2025/04/02 - 11:39:28 | 任务进度轮询开始 
[SYS] 2025/04/02 - 11:39:28 | 任务进度轮询完成 
[SYS] 2025/04/02 - 11:39:29 | batch update started 
[SYS] 2025/04/02 - 11:39:29 | batch update finished 
[SYS] 2025/04/02 - 11:39:34 | batch update started 
[SYS] 2025/04/02 - 11:39:34 | batch update finished 
[SYS] 2025/04/02 - 11:39:40 | batch update started 
[SYS] 2025/04/02 - 11:39:40 | batch update finished 
[SYS] 2025/04/02 - 11:39:45 | 任务进度轮询开始 
[SYS] 2025/04/02 - 11:39:45 | 任务进度轮询完成 
[SYS] 2025/04/02 - 11:39:45 | batch update started 
[SYS] 2025/04/02 - 11:39:45 | batch update finished 
[SYS] 2025/04/02 - 11:39:50 | batch update started 
[SYS] 2025/04/02 - 11:39:50 | batch update finished 
[SYS] 2025/04/02 - 11:39:55 | batch update started 
[SYS] 2025/04/02 - 11:39:55 | batch update finished 
[SYS] 2025/04/02 - 11:39:59 | 正在更新数据看板数据... 
[SYS] 2025/04/02 - 11:39:59 | 保存数据看板数据成功，共保存0条数据 
[SYS] 2025/04/02 - 11:40:00 | syncing options from database 
[SYS] 2025/04/02 - 11:40:00 | syncing channels from database 
[SYS] 2025/04/02 - 11:40:00 | channels synced from database 
[SYS] 2025/04/02 - 11:40:00 | 任务进度轮询开始 
[SYS] 2025/04/02 - 11:40:00 | 任务进度轮询完成 
[SYS] 2025/04/02 - 11:40:00 | batch update started 
[SYS] 2025/04/02 - 11:40:00 | batch update finished 
[SYS] 2025/04/02 - 11:40:05 | batch update started 
[SYS] 2025/04/02 - 11:40:05 | batch update finished 
[SYS] 2025/04/02 - 11:40:12 | batch update started 
[SYS] 2025/04/02 - 11:40:12 | batch update finished 
[SYS] 2025/04/02 - 11:40:16 | 任务进度轮询开始 
[SYS] 2025/04/02 - 11:40:16 | 任务进度轮询完成 
[SYS] 2025/04/02 - 11:40:17 | batch update started 
[SYS] 2025/04/02 - 11:40:17 | batch update finished 
[SYS] 2025/04/02 - 11:40:22 | batch update started 
[SYS] 2025/04/02 - 11:40:22 | batch update finished 
[SYS] 2025/04/02 - 11:40:27 | batch update started 
[SYS] 2025/04/02 - 11:40:27 | batch update finished 
[SYS] 2025/04/02 - 11:40:31 | 任务进度轮询开始 
[SYS] 2025/04/02 - 11:40:31 | 任务进度轮询完成 
[SYS] 2025/04/02 - 11:40:32 | batch update started 
[SYS] 2025/04/02 - 11:40:32 | batch update finished 
[SYS] 2025/04/02 - 11:40:37 | batch update started 
[SYS] 2025/04/02 - 11:40:37 | batch update finished 
[SYS] 2025/04/02 - 11:40:43 | batch update started 
[SYS] 2025/04/02 - 11:40:43 | batch update finished 
[SYS] 2025/04/02 - 11:40:48 | 任务进度轮询开始 
[SYS] 2025/04/02 - 11:40:48 | 任务进度轮询完成 
[SYS] 2025/04/02 - 11:40:48 | batch update started 
[SYS] 2025/04/02 - 11:40:48 | batch update finished 
[SYS] 2025/04/02 - 11:40:53 | batch update started 
[SYS] 2025/04/02 - 11:40:53 | batch update finished 
[SYS] 2025/04/02 - 11:40:58 | batch update started 
[SYS] 2025/04/02 - 11:40:58 | batch update finished 
[SYS] 2025/04/02 - 11:41:02 | syncing options from database 
[SYS] 2025/04/02 - 11:41:03 | syncing channels from database 
[SYS] 2025/04/02 - 11:41:03 | channels synced from database 
[SYS] 2025/04/02 - 11:41:03 | 任务进度轮询开始 
[SYS] 2025/04/02 - 11:41:03 | 任务进度轮询完成 
[SYS] 2025/04/02 - 11:41:03 | batch update started 
[SYS] 2025/04/02 - 11:41:03 | batch update finished 
[SYS] 2025/04/02 - 11:41:08 | batch update started 
[SYS] 2025/04/02 - 11:41:08 | batch update finished 
[SYS] 2025/04/02 - 11:41:15 | batch update started 
[SYS] 2025/04/02 - 11:41:15 | batch update finished 
[SYS] 2025/04/02 - 11:41:19 | 任务进度轮询开始 
[SYS] 2025/04/02 - 11:41:19 | 任务进度轮询完成 
[SYS] 2025/04/02 - 11:41:20 | batch update started 
[SYS] 2025/04/02 - 11:41:20 | batch update finished 
[SYS] 2025/04/02 - 11:41:25 | batch update started 
[SYS] 2025/04/02 - 11:41:25 | batch update finished 
[SYS] 2025/04/02 - 11:41:30 | batch update started 
[SYS] 2025/04/02 - 11:41:30 | batch update finished 
[SYS] 2025/04/02 - 11:41:34 | 任务进度轮询开始 
[SYS] 2025/04/02 - 11:41:34 | 任务进度轮询完成 
[SYS] 2025/04/02 - 11:41:35 | batch update started 
[SYS] 2025/04/02 - 11:41:35 | batch update finished 
[SYS] 2025/04/02 - 11:41:40 | batch update started 
[SYS] 2025/04/02 - 11:41:40 | batch update finished 
[SYS] 2025/04/02 - 11:41:46 | batch update started 
[SYS] 2025/04/02 - 11:41:46 | batch update finished 
[SYS] 2025/04/02 - 11:41:51 | 任务进度轮询开始 
[SYS] 2025/04/02 - 11:41:51 | 任务进度轮询完成 
[SYS] 2025/04/02 - 11:41:51 | batch update started 
[SYS] 2025/04/02 - 11:41:51 | batch update finished 
[SYS] 2025/04/02 - 11:41:56 | batch update started 
[SYS] 2025/04/02 - 11:41:56 | batch update finished 
[SYS] 2025/04/02 - 11:42:01 | batch update started 
[SYS] 2025/04/02 - 11:42:01 | batch update finished 
[SYS] 2025/04/02 - 11:42:05 | syncing options from database 
[SYS] 2025/04/02 - 11:42:06 | syncing channels from database 
[SYS] 2025/04/02 - 11:42:06 | channels synced from database 
[SYS] 2025/04/02 - 11:42:06 | 任务进度轮询开始 
[SYS] 2025/04/02 - 11:42:06 | 任务进度轮询完成 
[SYS] 2025/04/02 - 11:42:06 | batch update started 
[SYS] 2025/04/02 - 11:42:06 | batch update finished 
[SYS] 2025/04/02 - 11:42:11 | batch update started 
[SYS] 2025/04/02 - 11:42:11 | batch update finished 
[SYS] 2025/04/02 - 11:42:18 | batch update started 
[SYS] 2025/04/02 - 11:42:18 | batch update finished 
[SYS] 2025/04/02 - 11:42:22 | 任务进度轮询开始 
[SYS] 2025/04/02 - 11:42:22 | 任务进度轮询完成 
[SYS] 2025/04/02 - 11:42:23 | batch update started 
[SYS] 2025/04/02 - 11:42:23 | batch update finished 
[SYS] 2025/04/02 - 11:42:28 | batch update started 
[SYS] 2025/04/02 - 11:42:28 | batch update finished 
[SYS] 2025/04/02 - 11:42:33 | batch update started 
[SYS] 2025/04/02 - 11:42:33 | batch update finished 
[SYS] 2025/04/02 - 11:42:37 | 任务进度轮询开始 
[SYS] 2025/04/02 - 11:42:37 | 任务进度轮询完成 
[SYS] 2025/04/02 - 11:42:38 | batch update started 
[SYS] 2025/04/02 - 11:42:38 | batch update finished 
[SYS] 2025/04/02 - 11:42:43 | batch update started 
[SYS] 2025/04/02 - 11:42:43 | batch update finished 
[SYS] 2025/04/02 - 11:42:49 | batch update started 
[SYS] 2025/04/02 - 11:42:49 | batch update finished 
[SYS] 2025/04/02 - 11:42:54 | 任务进度轮询开始 
[SYS] 2025/04/02 - 11:42:54 | batch update started 
[SYS] 2025/04/02 - 11:42:54 | batch update finished 
[SYS] 2025/04/02 - 11:42:54 | 任务进度轮询完成 
[SYS] 2025/04/02 - 11:42:59 | batch update started 
[SYS] 2025/04/02 - 11:42:59 | batch update finished 
[SYS] 2025/04/02 - 11:43:04 | batch update started 
[SYS] 2025/04/02 - 11:43:04 | batch update finished 
[SYS] 2025/04/02 - 11:43:09 | syncing options from database 
[SYS] 2025/04/02 - 11:43:09 | syncing channels from database 
[SYS] 2025/04/02 - 11:43:09 | channels synced from database 
[SYS] 2025/04/02 - 11:43:09 | 任务进度轮询开始 
[SYS] 2025/04/02 - 11:43:09 | batch update started 
[SYS] 2025/04/02 - 11:43:09 | batch update finished 
[SYS] 2025/04/02 - 11:43:09 | 任务进度轮询完成 
[SYS] 2025/04/02 - 11:43:14 | batch update started 
[SYS] 2025/04/02 - 11:43:14 | batch update finished 
[SYS] 2025/04/02 - 11:43:21 | batch update started 
[SYS] 2025/04/02 - 11:43:21 | batch update finished 
