[SYS] 2025/04/03 - 09:44:08 | New API v0.0.0 started 
[SYS] 2025/04/03 - 09:44:08 | using MySQL as database 
[SYS] 2025/04/03 - 09:44:08 | database migration started 
[SYS] 2025/04/03 - 09:44:09 | database migrated 
[SYS] 2025/04/03 - 09:44:09 | using MySQL as database 
[SYS] 2025/04/03 - 09:44:09 | database migration started 
[SYS] 2025/04/03 - 09:44:11 | Redis is enabled 
[SYS] 2025/04/03 - 09:44:11 | memory cache enabled 
[SYS] 2025/04/03 - 09:44:11 | sync frequency: 60 seconds 
[SYS] 2025/04/03 - 09:44:11 | channels synced from database 
[SYS] 2025/04/03 - 09:44:11 | batch update enabled with interval 5s 
[SYS] 2025/04/03 - 09:44:11 | pprof enabled 
[SYS] 2025/04/03 - 09:44:11 | 正在更新数据看板数据... 
[SYS] 2025/04/03 - 09:44:11 | 保存数据看板数据成功，共保存0条数据 
[SYS] 2025/04/03 - 09:44:11 | initializing token encoders 
[SYS] 2025/04/03 - 09:44:12 | token encoders initialized 
[SYS] 2025/04/03 - 09:44:12 | FRONTEND_BASE_URL is ignored on master node 
[SYS] 2025/04/03 - 09:44:16 | batch update started 
[SYS] 2025/04/03 - 09:44:16 | batch update finished 
[SYS] 2025/04/03 - 09:44:21 | batch update started 
[SYS] 2025/04/03 - 09:44:21 | batch update finished 
[GIN] 2025/04/03 - 09:44:23 | 20250403094423706771894wqyqaky0 | 200 |   19.847251ms |             ::1 |     GET /api/user/logout
[SYS] 2025/04/03 - 09:44:26 | 任务进度轮询开始 
[SYS] 2025/04/03 - 09:44:26 | batch update started 
[SYS] 2025/04/03 - 09:44:26 | batch update finished 
[SYS] 2025/04/03 - 09:44:26 | 任务进度轮询完成 
[GIN] 2025/04/03 - 09:44:31 | 20250403094431264124380VYR0Rjju | 200 |     7.60149ms |             ::1 |     GET /login
[GIN] 2025/04/03 - 09:44:31 | 20250403094431538592070Fcja5zfn | 200 |   220.95684ms |             ::1 |     GET /assets/index-wwPYiNui.js
[SYS] 2025/04/03 - 09:44:31 | batch update started 
[SYS] 2025/04/03 - 09:44:31 | batch update finished 
[GIN] 2025/04/03 - 09:44:33 | 20250403094433877082280aqDry1Ik | 200 |     4.50027ms |             ::1 |     GET /api/status
[SYS] 2025/04/03 - 09:44:36 | batch update started 
[SYS] 2025/04/03 - 09:44:36 | batch update finished 
[SYS] 2025/04/03 - 09:44:45 | batch update started 
[SYS] 2025/04/03 - 09:44:45 | batch update finished 
[SYS] 2025/04/03 - 09:44:45 | 任务进度轮询开始 
[SYS] 2025/04/03 - 09:44:45 | 任务进度轮询完成 
[SYS] 2025/04/03 - 09:44:50 | batch update started 
[SYS] 2025/04/03 - 09:44:50 | batch update finished 
[SYS] 2025/04/03 - 09:44:55 | batch update started 
[SYS] 2025/04/03 - 09:44:55 | batch update finished 
[SYS] 2025/04/03 - 09:45:00 | 任务进度轮询开始 
[SYS] 2025/04/03 - 09:45:00 | 任务进度轮询完成 
[SYS] 2025/04/03 - 09:45:00 | batch update started 
[SYS] 2025/04/03 - 09:45:00 | batch update finished 
[SYS] 2025/04/03 - 09:45:05 | batch update started 
[SYS] 2025/04/03 - 09:45:05 | batch update finished 
[SYS] 2025/04/03 - 09:45:10 | batch update started 
[SYS] 2025/04/03 - 09:45:10 | batch update finished 
[GIN] 2025/04/03 - 09:45:10 | 202504030945104305975406mgLJGJu | 307 |   16.068455ms |             ::1 |     GET /api/auth/google/login
[SYS] 2025/04/03 - 09:45:18 | syncing channels from database 
[SYS] 2025/04/03 - 09:45:18 | syncing options from database 
[SYS] 2025/04/03 - 09:45:18 | 任务进度轮询开始 
[SYS] 2025/04/03 - 09:45:18 | 任务进度轮询完成 
[SYS] 2025/04/03 - 09:45:18 | batch update started 
[SYS] 2025/04/03 - 09:45:18 | batch update finished 
[SYS] 2025/04/03 - 09:45:18 | channels synced from database 
[GIN] 2025/04/03 - 09:45:22 | 20250403094521636880542BsqvHIgQ | 303 |   1.23108516s |             ::1 |     GET /auth/google/callback?state=random_state&code=4%2F0AQSTgQH3IJLvX0NKFeSDWDbkTNZ8lngS05fp8dtlK3WTKGjFXLv3-V3qnRFA8of-BioTng&scope=email+profile+openid+https%3A%2F%2Fwww.googleapis.com%2Fauth%2Fuserinfo.email+https%3A%2F%2Fwww.googleapis.com%2Fauth%2Fuserinfo.profile&authuser=0&prompt=none
[GIN] 2025/04/03 - 09:45:22 | 20250403094522913191790yLf9mNA5 | 200 |    3.126997ms |             ::1 |     GET /login?token=eyJhbGciOiJIUzI1NiIsInR5cCI6IkpXVCJ9.eyJlbWFpbCI6Imtpbmdzb2JlY0BnbWFpbC5jb20iLCJleHAiOjE3NDYyNjE5MjIsImlkIjo0LCJybmQiOjE3NDM2Njk5MjI4Njc5MTUxODh9.UBBtQPBCzxXtlsNIkFGHIpYUabSHb5W_kw92KRdh4ss
[SYS] 2025/04/03 - 09:45:23 | batch update started 
[SYS] 2025/04/03 - 09:45:23 | batch update finished 
[GIN] 2025/04/03 - 09:45:25 | 20250403094525766334060fWQNqveU | 200 |   17.277164ms |             ::1 |     GET /api/status
[GIN] 2025/04/03 - 09:45:25 | 20250403094525760444581jCo1JAhn | 200 |   91.437048ms |             ::1 |     GET /api/user/self
[GIN] 2025/04/03 - 09:45:26 | 20250403094526370718039wUQpw93V | 401 |   12.617295ms |             ::1 |     GET /api/user/self/groups
[GIN] 2025/04/03 - 09:45:26 | 20250403094526388416237QzsD1Oh6 | 401 |   37.329459ms |             ::1 |     GET /api/token/?p=0&size=10
[GIN] 2025/04/03 - 09:45:26 | 20250403094526370585612UU9g2Oxr | 401 |  116.644515ms |             ::1 |     GET /api/user/models
[SYS] 2025/04/03 - 09:45:28 | batch update started 
[SYS] 2025/04/03 - 09:45:28 | batch update finished 
[SYS] 2025/04/03 - 09:45:33 | 任务进度轮询开始 
[SYS] 2025/04/03 - 09:45:33 | 任务进度轮询完成 
[SYS] 2025/04/03 - 09:45:33 | batch update started 
[SYS] 2025/04/03 - 09:45:33 | batch update finished 
[GIN] 2025/04/03 - 09:45:37 | 20250403094537619187904LN09hOEP | 200 |    4.756687ms |             ::1 |     GET /assets/index-Cf_1x4Z_.js
[GIN] 2025/04/03 - 09:45:38 | 2025040309453814418963xa8WCl4Q | 401 |    3.970874ms |             ::1 |     GET /api/user/self
[SYS] 2025/04/03 - 09:45:38 | batch update started 
[SYS] 2025/04/03 - 09:45:38 | batch update finished 
[GIN] 2025/04/03 - 09:45:38 | 20250403094538261604148FfvIdOvh | 401 |    3.824723ms |             ::1 |     GET /api/data/self?start_timestamp=1743583538&end_timestamp=1743673538&default_time=hour
[SYS] 2025/04/03 - 09:45:43 | batch update started 
[SYS] 2025/04/03 - 09:45:43 | batch update finished 
[SYS] 2025/04/03 - 09:45:51 | 任务进度轮询开始 
[SYS] 2025/04/03 - 09:45:51 | 任务进度轮询完成 
[SYS] 2025/04/03 - 09:45:51 | batch update started 
[SYS] 2025/04/03 - 09:45:51 | batch update finished 
[GIN] 2025/04/03 - 09:45:52 | 20250403094552213955146CbbslNfQ | 401 |    1.353882ms |             ::1 |     GET /api/user/aff
[GIN] 2025/04/03 - 09:45:52 | 202504030945522138439860ZqHMsBX | 401 |    2.010367ms |             ::1 |     GET /api/user/self
[GIN] 2025/04/03 - 09:45:52 | 20250403094552213996513GuXvMT7g | 401 |    2.551865ms |             ::1 |     GET /api/user/models
[SYS] 2025/04/03 - 09:45:56 | batch update started 
[SYS] 2025/04/03 - 09:45:56 | batch update finished 
[GIN] 2025/04/03 - 09:45:58 | 202504030945584292834291x3rkJyh | 401 |    1.000048ms |             ::1 |     GET /api/user/self
[GIN] 2025/04/03 - 09:45:58 | 20250403094558583424313joNYpkqt | 401 |     997.304µs |             ::1 |     GET /api/data/self?start_timestamp=1743583557&end_timestamp=1743673557&default_time=hour
[GIN] 2025/04/03 - 09:45:59 | 20250403094559957516513b2WmgbOY | 401 |     863.415µs |             ::1 |     GET /api/user/models
[GIN] 2025/04/03 - 09:45:59 | 202504030945599651913209dXenMvu | 401 |    12.39602ms |             ::1 |     GET /api/token/?p=0&size=10
[GIN] 2025/04/03 - 09:45:59 | 20250403094559959442897RAwSdSOf | 401 |   27.466974ms |             ::1 |     GET /api/user/self/groups
[SYS] 2025/04/03 - 09:46:01 | batch update started 
[SYS] 2025/04/03 - 09:46:01 | batch update finished 
[SYS] 2025/04/03 - 09:46:06 | 任务进度轮询开始 
[SYS] 2025/04/03 - 09:46:06 | 任务进度轮询完成 
[SYS] 2025/04/03 - 09:46:06 | batch update started 
[SYS] 2025/04/03 - 09:46:06 | batch update finished 
[SYS] 2025/04/03 - 09:46:11 | batch update started 
[SYS] 2025/04/03 - 09:46:11 | batch update finished 
[SYS] 2025/04/03 - 09:46:16 | batch update started 
[SYS] 2025/04/03 - 09:46:16 | batch update finished 
[SYS] 2025/04/03 - 09:46:24 | syncing options from database 
[SYS] 2025/04/03 - 09:46:24 | 任务进度轮询开始 
[SYS] 2025/04/03 - 09:46:24 | syncing channels from database 
[SYS] 2025/04/03 - 09:46:24 | 任务进度轮询完成 
[SYS] 2025/04/03 - 09:46:24 | channels synced from database 
[SYS] 2025/04/03 - 09:46:24 | batch update started 
[SYS] 2025/04/03 - 09:46:24 | batch update finished 
[SYS] 2025/04/03 - 09:46:29 | batch update started 
[SYS] 2025/04/03 - 09:46:29 | batch update finished 
[SYS] 2025/04/03 - 09:46:34 | batch update started 
[SYS] 2025/04/03 - 09:46:34 | batch update finished 
[SYS] 2025/04/03 - 09:46:39 | 任务进度轮询开始 
[SYS] 2025/04/03 - 09:46:39 | 任务进度轮询完成 
[SYS] 2025/04/03 - 09:46:39 | batch update started 
[SYS] 2025/04/03 - 09:46:39 | batch update finished 
[SYS] 2025/04/03 - 09:46:44 | batch update started 
[SYS] 2025/04/03 - 09:46:44 | batch update finished 
[SYS] 2025/04/03 - 09:46:49 | batch update started 
[SYS] 2025/04/03 - 09:46:49 | batch update finished 
[SYS] 2025/04/03 - 09:46:57 | 任务进度轮询开始 
[SYS] 2025/04/03 - 09:46:57 | 任务进度轮询完成 
[SYS] 2025/04/03 - 09:46:57 | batch update started 
[SYS] 2025/04/03 - 09:46:57 | batch update finished 
[SYS] 2025/04/03 - 09:47:02 | batch update started 
[SYS] 2025/04/03 - 09:47:02 | batch update finished 
[SYS] 2025/04/03 - 09:47:07 | batch update started 
[SYS] 2025/04/03 - 09:47:07 | batch update finished 
[SYS] 2025/04/03 - 09:47:12 | 任务进度轮询开始 
[SYS] 2025/04/03 - 09:47:12 | 任务进度轮询完成 
[SYS] 2025/04/03 - 09:47:12 | batch update started 
[SYS] 2025/04/03 - 09:47:12 | batch update finished 
[SYS] 2025/04/03 - 09:47:17 | batch update started 
[SYS] 2025/04/03 - 09:47:17 | batch update finished 
[SYS] 2025/04/03 - 09:47:22 | batch update started 
[SYS] 2025/04/03 - 09:47:22 | batch update finished 
[SYS] 2025/04/03 - 09:47:30 | syncing options from database 
[SYS] 2025/04/03 - 09:47:30 | syncing channels from database 
[SYS] 2025/04/03 - 09:47:30 | 任务进度轮询开始 
[SYS] 2025/04/03 - 09:47:30 | channels synced from database 
[SYS] 2025/04/03 - 09:47:30 | 任务进度轮询完成 
[SYS] 2025/04/03 - 09:47:30 | batch update started 
[SYS] 2025/04/03 - 09:47:30 | batch update finished 
[SYS] 2025/04/03 - 09:47:35 | batch update started 
[SYS] 2025/04/03 - 09:47:35 | batch update finished 
[SYS] 2025/04/03 - 09:47:40 | batch update started 
[SYS] 2025/04/03 - 09:47:40 | batch update finished 
[SYS] 2025/04/03 - 09:47:45 | 任务进度轮询开始 
[SYS] 2025/04/03 - 09:47:45 | 任务进度轮询完成 
[SYS] 2025/04/03 - 09:47:45 | batch update started 
[SYS] 2025/04/03 - 09:47:45 | batch update finished 
[SYS] 2025/04/03 - 09:47:50 | batch update started 
[SYS] 2025/04/03 - 09:47:50 | batch update finished 
[GIN] 2025/04/03 - 09:47:51 | 20250403094751144258065qwy64UzC | 401 |   176.31198ms |             ::1 |     GET /api/user/self
[GIN] 2025/04/03 - 09:47:51 | 20250403094751549427805607pffay | 401 |      853.02µs |             ::1 |     GET /api/data/self?start_timestamp=1743583671&end_timestamp=1743673671&default_time=hour
[SYS] 2025/04/03 - 09:47:55 | batch update started 
[SYS] 2025/04/03 - 09:47:55 | batch update finished 
[SYS] 2025/04/03 - 09:48:03 | 任务进度轮询开始 
[SYS] 2025/04/03 - 09:48:03 | 任务进度轮询完成 
[SYS] 2025/04/03 - 09:48:03 | batch update started 
[SYS] 2025/04/03 - 09:48:03 | batch update finished 
[SYS] 2025/04/03 - 09:48:08 | batch update started 
[SYS] 2025/04/03 - 09:48:08 | batch update finished 
[SYS] 2025/04/03 - 09:48:13 | batch update started 
[SYS] 2025/04/03 - 09:48:13 | batch update finished 
[SYS] 2025/04/03 - 09:48:18 | 任务进度轮询开始 
[SYS] 2025/04/03 - 09:48:18 | 任务进度轮询完成 
[SYS] 2025/04/03 - 09:48:18 | batch update started 
[SYS] 2025/04/03 - 09:48:18 | batch update finished 
[SYS] 2025/04/03 - 09:48:23 | batch update started 
[SYS] 2025/04/03 - 09:48:23 | batch update finished 
[SYS] 2025/04/03 - 09:48:28 | batch update started 
[SYS] 2025/04/03 - 09:48:28 | batch update finished 
[SYS] 2025/04/03 - 09:48:36 | syncing options from database 
[SYS] 2025/04/03 - 09:48:37 | syncing channels from database 
[SYS] 2025/04/03 - 09:48:37 | channels synced from database 
[SYS] 2025/04/03 - 09:48:37 | 任务进度轮询开始 
[SYS] 2025/04/03 - 09:48:37 | 任务进度轮询完成 
[SYS] 2025/04/03 - 09:48:37 | batch update started 
[SYS] 2025/04/03 - 09:48:37 | batch update finished 
[SYS] 2025/04/03 - 09:48:42 | batch update started 
[SYS] 2025/04/03 - 09:48:42 | batch update finished 
[SYS] 2025/04/03 - 09:48:47 | batch update started 
[SYS] 2025/04/03 - 09:48:47 | batch update finished 
[GIN] 2025/04/03 - 09:48:50 | 202504030948508474325885HLAJLMN | 401 |     965.067µs |             ::1 |     GET /api/user/models
[GIN] 2025/04/03 - 09:48:50 | 20250403094850847321081fJejx8u8 | 401 |     1.08057ms |             ::1 |     GET /api/token/?p=0&size=10
[GIN] 2025/04/03 - 09:48:50 | 20250403094850847543006oxCFx1Xq | 401 |  106.973481ms |             ::1 |     GET /api/user/self/groups
[SYS] 2025/04/03 - 09:48:52 | 任务进度轮询开始 
[SYS] 2025/04/03 - 09:48:52 | 任务进度轮询完成 
[SYS] 2025/04/03 - 09:48:52 | batch update started 
[SYS] 2025/04/03 - 09:48:52 | batch update finished 
[SYS] 2025/04/03 - 09:48:57 | batch update started 
[SYS] 2025/04/03 - 09:48:57 | batch update finished 
[SYS] 2025/04/03 - 09:49:02 | batch update started 
[SYS] 2025/04/03 - 09:49:02 | batch update finished 
[SYS] 2025/04/03 - 09:49:10 | batch update started 
[SYS] 2025/04/03 - 09:49:10 | batch update finished 
[SYS] 2025/04/03 - 09:49:10 | 任务进度轮询开始 
[SYS] 2025/04/03 - 09:49:10 | 任务进度轮询完成 
[SYS] 2025/04/03 - 09:49:15 | batch update started 
[SYS] 2025/04/03 - 09:49:15 | batch update finished 
[SYS] 2025/04/03 - 09:49:20 | batch update started 
[SYS] 2025/04/03 - 09:49:20 | batch update finished 
[SYS] 2025/04/03 - 09:49:25 | batch update started 
[SYS] 2025/04/03 - 09:49:25 | batch update finished 
[SYS] 2025/04/03 - 09:49:25 | 任务进度轮询开始 
[SYS] 2025/04/03 - 09:49:25 | 任务进度轮询完成 
[SYS] 2025/04/03 - 09:49:30 | batch update started 
[SYS] 2025/04/03 - 09:49:30 | batch update finished 
[SYS] 2025/04/03 - 09:49:35 | batch update started 
[SYS] 2025/04/03 - 09:49:35 | batch update finished 
[SYS] 2025/04/03 - 09:49:43 | 正在更新数据看板数据... 
[SYS] 2025/04/03 - 09:49:43 | 保存数据看板数据成功，共保存0条数据 
[SYS] 2025/04/03 - 09:49:43 | syncing options from database 
[SYS] 2025/04/03 - 09:49:43 | syncing channels from database 
[SYS] 2025/04/03 - 09:49:43 | channels synced from database 
[SYS] 2025/04/03 - 09:49:43 | batch update started 
[SYS] 2025/04/03 - 09:49:43 | batch update finished 
[SYS] 2025/04/03 - 09:49:43 | 任务进度轮询开始 
[SYS] 2025/04/03 - 09:49:43 | 任务进度轮询完成 
[SYS] 2025/04/03 - 09:49:48 | batch update started 
[SYS] 2025/04/03 - 09:49:48 | batch update finished 
[SYS] 2025/04/03 - 09:49:53 | batch update started 
[SYS] 2025/04/03 - 09:49:53 | batch update finished 
[SYS] 2025/04/03 - 09:49:58 | batch update started 
[SYS] 2025/04/03 - 09:49:58 | batch update finished 
[SYS] 2025/04/03 - 09:49:58 | 任务进度轮询开始 
[SYS] 2025/04/03 - 09:49:58 | 任务进度轮询完成 
[SYS] 2025/04/03 - 09:50:03 | batch update started 
[SYS] 2025/04/03 - 09:50:03 | batch update finished 
[SYS] 2025/04/03 - 09:50:08 | batch update started 
[SYS] 2025/04/03 - 09:50:08 | batch update finished 
[SYS] 2025/04/03 - 09:50:16 | 任务进度轮询开始 
[SYS] 2025/04/03 - 09:50:16 | batch update started 
[SYS] 2025/04/03 - 09:50:16 | batch update finished 
[SYS] 2025/04/03 - 09:50:16 | 任务进度轮询完成 
[SYS] 2025/04/03 - 09:50:21 | batch update started 
[SYS] 2025/04/03 - 09:50:21 | batch update finished 
[SYS] 2025/04/03 - 09:50:26 | batch update started 
[SYS] 2025/04/03 - 09:50:26 | batch update finished 
[SYS] 2025/04/03 - 09:50:31 | 任务进度轮询开始 
[SYS] 2025/04/03 - 09:50:31 | 任务进度轮询完成 
[SYS] 2025/04/03 - 09:50:31 | batch update started 
[SYS] 2025/04/03 - 09:50:31 | batch update finished 
[SYS] 2025/04/03 - 09:50:36 | batch update started 
[SYS] 2025/04/03 - 09:50:36 | batch update finished 
[SYS] 2025/04/03 - 09:50:41 | batch update started 
[SYS] 2025/04/03 - 09:50:41 | batch update finished 
[SYS] 2025/04/03 - 09:50:49 | syncing options from database 
[SYS] 2025/04/03 - 09:50:49 | syncing channels from database 
[SYS] 2025/04/03 - 09:50:49 | channels synced from database 
[SYS] 2025/04/03 - 09:50:49 | 任务进度轮询开始 
[SYS] 2025/04/03 - 09:50:49 | 任务进度轮询完成 
[SYS] 2025/04/03 - 09:50:49 | batch update started 
[SYS] 2025/04/03 - 09:50:49 | batch update finished 
[SYS] 2025/04/03 - 09:50:54 | batch update started 
[SYS] 2025/04/03 - 09:50:54 | batch update finished 
[SYS] 2025/04/03 - 09:50:59 | batch update started 
[SYS] 2025/04/03 - 09:50:59 | batch update finished 
[SYS] 2025/04/03 - 09:51:04 | 任务进度轮询开始 
[SYS] 2025/04/03 - 09:51:04 | 任务进度轮询完成 
[SYS] 2025/04/03 - 09:51:04 | batch update started 
[SYS] 2025/04/03 - 09:51:04 | batch update finished 
[SYS] 2025/04/03 - 09:51:09 | batch update started 
[SYS] 2025/04/03 - 09:51:09 | batch update finished 
[SYS] 2025/04/03 - 09:51:14 | batch update started 
[SYS] 2025/04/03 - 09:51:14 | batch update finished 
[SYS] 2025/04/03 - 09:51:22 | 任务进度轮询开始 
[SYS] 2025/04/03 - 09:51:22 | 任务进度轮询完成 
[SYS] 2025/04/03 - 09:51:22 | batch update started 
[SYS] 2025/04/03 - 09:51:22 | batch update finished 
[SYS] 2025/04/03 - 09:51:27 | batch update started 
[SYS] 2025/04/03 - 09:51:27 | batch update finished 
[SYS] 2025/04/03 - 09:51:32 | batch update started 
[SYS] 2025/04/03 - 09:51:32 | batch update finished 
[SYS] 2025/04/03 - 09:51:37 | 任务进度轮询开始 
[SYS] 2025/04/03 - 09:51:37 | 任务进度轮询完成 
[SYS] 2025/04/03 - 09:51:37 | batch update started 
[SYS] 2025/04/03 - 09:51:37 | batch update finished 
[SYS] 2025/04/03 - 09:51:42 | batch update started 
[SYS] 2025/04/03 - 09:51:42 | batch update finished 
[SYS] 2025/04/03 - 09:51:47 | batch update started 
[SYS] 2025/04/03 - 09:51:47 | batch update finished 
[SYS] 2025/04/03 - 09:51:55 | syncing options from database 
[SYS] 2025/04/03 - 09:51:55 | syncing channels from database 
[SYS] 2025/04/03 - 09:51:55 | channels synced from database 
[SYS] 2025/04/03 - 09:51:55 | 任务进度轮询开始 
[SYS] 2025/04/03 - 09:51:55 | 任务进度轮询完成 
[SYS] 2025/04/03 - 09:51:56 | batch update started 
[SYS] 2025/04/03 - 09:51:56 | batch update finished 
[SYS] 2025/04/03 - 09:52:01 | batch update started 
[SYS] 2025/04/03 - 09:52:01 | batch update finished 
[GIN] 2025/04/03 - 09:52:02 | 20250403095202604227653zSXpEX3S | 401 |     6.90309ms |             ::1 |     GET /api/user/self
[GIN] 2025/04/03 - 09:52:02 | 20250403095202875025053bFY5uwXS | 401 |      825.12µs |             ::1 |     GET /api/data/self?start_timestamp=1743583921&end_timestamp=1743673921&default_time=hour
[SYS] 2025/04/03 - 09:52:06 | batch update started 
[SYS] 2025/04/03 - 09:52:06 | batch update finished 
[SYS] 2025/04/03 - 09:52:10 | 任务进度轮询开始 
[SYS] 2025/04/03 - 09:52:10 | 任务进度轮询完成 
[SYS] 2025/04/03 - 09:52:11 | batch update started 
[SYS] 2025/04/03 - 09:52:11 | batch update finished 
[SYS] 2025/04/03 - 09:52:16 | batch update started 
[SYS] 2025/04/03 - 09:52:16 | batch update finished 
[SYS] 2025/04/03 - 09:52:21 | batch update started 
[SYS] 2025/04/03 - 09:52:21 | batch update finished 
[SYS] 2025/04/03 - 09:52:29 | 任务进度轮询开始 
[SYS] 2025/04/03 - 09:52:29 | 任务进度轮询完成 
[SYS] 2025/04/03 - 09:52:29 | batch update started 
[SYS] 2025/04/03 - 09:52:29 | batch update finished 
[SYS] 2025/04/03 - 09:52:34 | batch update started 
[SYS] 2025/04/03 - 09:52:34 | batch update finished 
[SYS] 2025/04/03 - 09:52:39 | batch update started 
[SYS] 2025/04/03 - 09:52:39 | batch update finished 
[SYS] 2025/04/03 - 09:52:44 | 任务进度轮询开始 
[SYS] 2025/04/03 - 09:52:44 | 任务进度轮询完成 
[SYS] 2025/04/03 - 09:52:44 | batch update started 
[SYS] 2025/04/03 - 09:52:44 | batch update finished 
[SYS] 2025/04/03 - 09:52:49 | batch update started 
[SYS] 2025/04/03 - 09:52:49 | batch update finished 
[SYS] 2025/04/03 - 09:52:54 | batch update started 
[SYS] 2025/04/03 - 09:52:54 | batch update finished 
[SYS] 2025/04/03 - 09:53:02 | syncing options from database 
[SYS] 2025/04/03 - 09:53:02 | syncing channels from database 
[SYS] 2025/04/03 - 09:53:02 | channels synced from database 
[SYS] 2025/04/03 - 09:53:02 | 任务进度轮询开始 
[SYS] 2025/04/03 - 09:53:02 | 任务进度轮询完成 
[SYS] 2025/04/03 - 09:53:02 | batch update started 
[SYS] 2025/04/03 - 09:53:02 | batch update finished 
[SYS] 2025/04/03 - 09:53:07 | batch update started 
[SYS] 2025/04/03 - 09:53:07 | batch update finished 
[SYS] 2025/04/03 - 09:53:12 | batch update started 
[SYS] 2025/04/03 - 09:53:12 | batch update finished 
[SYS] 2025/04/03 - 09:53:17 | 任务进度轮询开始 
[SYS] 2025/04/03 - 09:53:17 | 任务进度轮询完成 
[SYS] 2025/04/03 - 09:53:17 | batch update started 
[SYS] 2025/04/03 - 09:53:17 | batch update finished 
[SYS] 2025/04/03 - 09:53:22 | batch update started 
[SYS] 2025/04/03 - 09:53:22 | batch update finished 
[SYS] 2025/04/03 - 09:53:27 | batch update started 
[SYS] 2025/04/03 - 09:53:27 | batch update finished 
[SYS] 2025/04/03 - 09:53:35 | 任务进度轮询开始 
[SYS] 2025/04/03 - 09:53:35 | 任务进度轮询完成 
[SYS] 2025/04/03 - 09:53:35 | batch update started 
[SYS] 2025/04/03 - 09:53:35 | batch update finished 
[SYS] 2025/04/03 - 09:53:40 | batch update started 
[SYS] 2025/04/03 - 09:53:40 | batch update finished 
[SYS] 2025/04/03 - 09:53:45 | batch update started 
[SYS] 2025/04/03 - 09:53:45 | batch update finished 
[SYS] 2025/04/03 - 09:53:50 | 任务进度轮询开始 
[SYS] 2025/04/03 - 09:53:50 | 任务进度轮询完成 
[SYS] 2025/04/03 - 09:53:50 | batch update started 
[SYS] 2025/04/03 - 09:53:50 | batch update finished 
[SYS] 2025/04/03 - 09:53:55 | batch update started 
[SYS] 2025/04/03 - 09:53:55 | batch update finished 
[SYS] 2025/04/03 - 09:54:00 | batch update started 
[SYS] 2025/04/03 - 09:54:00 | batch update finished 
[SYS] 2025/04/03 - 09:54:08 | syncing options from database 
[SYS] 2025/04/03 - 09:54:08 | syncing channels from database 
[SYS] 2025/04/03 - 09:54:08 | channels synced from database 
[SYS] 2025/04/03 - 09:54:08 | 任务进度轮询开始 
[SYS] 2025/04/03 - 09:54:08 | 任务进度轮询完成 
[SYS] 2025/04/03 - 09:54:08 | batch update started 
[SYS] 2025/04/03 - 09:54:08 | batch update finished 
[SYS] 2025/04/03 - 09:54:13 | batch update started 
[SYS] 2025/04/03 - 09:54:13 | batch update finished 
[SYS] 2025/04/03 - 09:54:18 | batch update started 
[SYS] 2025/04/03 - 09:54:18 | batch update finished 
[SYS] 2025/04/03 - 09:54:23 | 任务进度轮询开始 
[SYS] 2025/04/03 - 09:54:23 | 任务进度轮询完成 
[SYS] 2025/04/03 - 09:54:23 | batch update started 
[SYS] 2025/04/03 - 09:54:23 | batch update finished 
[SYS] 2025/04/03 - 09:54:28 | batch update started 
[SYS] 2025/04/03 - 09:54:28 | batch update finished 
[SYS] 2025/04/03 - 09:54:33 | batch update started 
[SYS] 2025/04/03 - 09:54:33 | batch update finished 
[SYS] 2025/04/03 - 09:54:41 | 任务进度轮询开始 
[SYS] 2025/04/03 - 09:54:41 | 任务进度轮询完成 
[SYS] 2025/04/03 - 09:54:41 | batch update started 
[SYS] 2025/04/03 - 09:54:41 | batch update finished 
[SYS] 2025/04/03 - 09:54:46 | batch update started 
[SYS] 2025/04/03 - 09:54:46 | batch update finished 
[SYS] 2025/04/03 - 09:54:51 | batch update started 
[SYS] 2025/04/03 - 09:54:51 | batch update finished 
[GIN] 2025/04/03 - 09:54:52 | 20250403095452164971497wBicKuT5 | 401 |    1.571766ms |             ::1 |     GET /api/user/self/groups
[GIN] 2025/04/03 - 09:54:52 | 20250403095452164941173MDMoFmYL | 401 |  220.994961ms |             ::1 |     GET /api/user/models
[GIN] 2025/04/03 - 09:54:52 | 202504030954523575473756bo5jxJH | 401 |  254.686434ms |             ::1 |     GET /api/token/?p=0&size=10
[SYS] 2025/04/03 - 09:54:56 | 任务进度轮询开始 
[SYS] 2025/04/03 - 09:54:56 | 任务进度轮询完成 
[SYS] 2025/04/03 - 09:54:56 | batch update started 
[SYS] 2025/04/03 - 09:54:56 | batch update finished 
[SYS] 2025/04/03 - 09:55:01 | batch update started 
[SYS] 2025/04/03 - 09:55:01 | batch update finished 
[SYS] 2025/04/03 - 09:55:06 | batch update started 
[SYS] 2025/04/03 - 09:55:06 | batch update finished 
[SYS] 2025/04/03 - 09:55:12 | testing all channels 
[SYS] 2025/04/03 - 09:55:12 | 正在更新数据看板数据... 
[SYS] 2025/04/03 - 09:55:12 | 保存数据看板数据成功，共保存0条数据 
[SYS] 2025/04/03 - 09:55:12 | channel test finished 
[SYS] 2025/04/03 - 09:55:12 | syncing options from database 
[SYS] 2025/04/03 - 09:55:14 | syncing channels from database 
[SYS] 2025/04/03 - 09:55:14 | channels synced from database 
[SYS] 2025/04/03 - 09:55:15 | 任务进度轮询开始 
[SYS] 2025/04/03 - 09:55:15 | 任务进度轮询完成 
[SYS] 2025/04/03 - 09:55:15 | batch update started 
[SYS] 2025/04/03 - 09:55:15 | batch update finished 
[SYS] 2025/04/03 - 09:55:20 | batch update started 
[SYS] 2025/04/03 - 09:55:20 | batch update finished 
[SYS] 2025/04/03 - 09:55:25 | batch update started 
[SYS] 2025/04/03 - 09:55:25 | batch update finished 
[SYS] 2025/04/03 - 09:55:30 | 任务进度轮询开始 
[SYS] 2025/04/03 - 09:55:30 | 任务进度轮询完成 
[SYS] 2025/04/03 - 09:55:30 | batch update started 
[SYS] 2025/04/03 - 09:55:30 | batch update finished 
[SYS] 2025/04/03 - 09:55:35 | batch update started 
[SYS] 2025/04/03 - 09:55:35 | batch update finished 
[SYS] 2025/04/03 - 09:55:40 | batch update started 
[SYS] 2025/04/03 - 09:55:40 | batch update finished 
[SYS] 2025/04/03 - 09:55:48 | 任务进度轮询开始 
[SYS] 2025/04/03 - 09:55:48 | 任务进度轮询完成 
[SYS] 2025/04/03 - 09:55:48 | batch update started 
[SYS] 2025/04/03 - 09:55:48 | batch update finished 
[SYS] 2025/04/03 - 09:55:53 | batch update started 
[SYS] 2025/04/03 - 09:55:53 | batch update finished 
[SYS] 2025/04/03 - 09:55:58 | batch update started 
[SYS] 2025/04/03 - 09:55:58 | batch update finished 
[SYS] 2025/04/03 - 09:56:03 | 任务进度轮询开始 
[SYS] 2025/04/03 - 09:56:03 | 任务进度轮询完成 
[SYS] 2025/04/03 - 09:56:03 | batch update started 
[SYS] 2025/04/03 - 09:56:03 | batch update finished 
[SYS] 2025/04/03 - 09:56:08 | batch update started 
[SYS] 2025/04/03 - 09:56:08 | batch update finished 
[SYS] 2025/04/03 - 09:56:13 | batch update started 
[SYS] 2025/04/03 - 09:56:13 | batch update finished 
[SYS] 2025/04/03 - 09:56:19 | syncing options from database 
[SYS] 2025/04/03 - 09:56:19 | syncing channels from database 
[SYS] 2025/04/03 - 09:56:19 | channels synced from database 
[SYS] 2025/04/03 - 09:56:21 | 任务进度轮询开始 
[SYS] 2025/04/03 - 09:56:21 | 任务进度轮询完成 
[SYS] 2025/04/03 - 09:56:21 | batch update started 
[SYS] 2025/04/03 - 09:56:21 | batch update finished 
[SYS] 2025/04/03 - 09:56:26 | batch update started 
[SYS] 2025/04/03 - 09:56:26 | batch update finished 
[SYS] 2025/04/03 - 09:56:31 | batch update started 
[SYS] 2025/04/03 - 09:56:31 | batch update finished 
[SYS] 2025/04/03 - 09:56:36 | 任务进度轮询开始 
[SYS] 2025/04/03 - 09:56:36 | 任务进度轮询完成 
[SYS] 2025/04/03 - 09:56:36 | batch update started 
[SYS] 2025/04/03 - 09:56:36 | batch update finished 
[SYS] 2025/04/03 - 09:56:41 | batch update started 
[SYS] 2025/04/03 - 09:56:41 | batch update finished 
[SYS] 2025/04/03 - 09:56:46 | batch update started 
[SYS] 2025/04/03 - 09:56:46 | batch update finished 
[SYS] 2025/04/03 - 09:56:54 | 任务进度轮询开始 
[SYS] 2025/04/03 - 09:56:54 | 任务进度轮询完成 
[SYS] 2025/04/03 - 09:56:54 | batch update started 
[SYS] 2025/04/03 - 09:56:54 | batch update finished 
[SYS] 2025/04/03 - 09:56:59 | batch update started 
[SYS] 2025/04/03 - 09:56:59 | batch update finished 
[SYS] 2025/04/03 - 09:57:04 | batch update started 
[SYS] 2025/04/03 - 09:57:04 | batch update finished 
[SYS] 2025/04/03 - 09:57:09 | 任务进度轮询开始 
[SYS] 2025/04/03 - 09:57:09 | 任务进度轮询完成 
[SYS] 2025/04/03 - 09:57:09 | batch update started 
[SYS] 2025/04/03 - 09:57:09 | batch update finished 
[SYS] 2025/04/03 - 09:57:14 | batch update started 
[SYS] 2025/04/03 - 09:57:14 | batch update finished 
[SYS] 2025/04/03 - 09:57:19 | batch update started 
[SYS] 2025/04/03 - 09:57:19 | batch update finished 
[SYS] 2025/04/03 - 09:57:27 | syncing options from database 
[SYS] 2025/04/03 - 09:57:27 | syncing channels from database 
[SYS] 2025/04/03 - 09:57:27 | channels synced from database 
[SYS] 2025/04/03 - 09:57:27 | 任务进度轮询开始 
[SYS] 2025/04/03 - 09:57:27 | 任务进度轮询完成 
[SYS] 2025/04/03 - 09:57:27 | batch update started 
[SYS] 2025/04/03 - 09:57:27 | batch update finished 
[SYS] 2025/04/03 - 09:57:32 | batch update started 
[SYS] 2025/04/03 - 09:57:32 | batch update finished 
[SYS] 2025/04/03 - 09:57:37 | batch update started 
[SYS] 2025/04/03 - 09:57:37 | batch update finished 
[SYS] 2025/04/03 - 09:57:42 | 任务进度轮询开始 
[SYS] 2025/04/03 - 09:57:42 | 任务进度轮询完成 
[SYS] 2025/04/03 - 09:57:42 | batch update started 
[SYS] 2025/04/03 - 09:57:42 | batch update finished 
[SYS] 2025/04/03 - 09:57:47 | batch update started 
[SYS] 2025/04/03 - 09:57:47 | batch update finished 
[SYS] 2025/04/03 - 09:57:52 | batch update started 
[SYS] 2025/04/03 - 09:57:52 | batch update finished 
[SYS] 2025/04/03 - 09:58:00 | 任务进度轮询开始 
[SYS] 2025/04/03 - 09:58:00 | 任务进度轮询完成 
[SYS] 2025/04/03 - 09:58:00 | batch update started 
[SYS] 2025/04/03 - 09:58:00 | batch update finished 
[SYS] 2025/04/03 - 09:58:05 | batch update started 
[SYS] 2025/04/03 - 09:58:05 | batch update finished 
[SYS] 2025/04/03 - 09:58:10 | batch update started 
[SYS] 2025/04/03 - 09:58:10 | batch update finished 
[SYS] 2025/04/03 - 09:58:15 | 任务进度轮询开始 
[SYS] 2025/04/03 - 09:58:15 | 任务进度轮询完成 
[SYS] 2025/04/03 - 09:58:15 | batch update started 
[SYS] 2025/04/03 - 09:58:15 | batch update finished 
[SYS] 2025/04/03 - 09:58:20 | batch update started 
[SYS] 2025/04/03 - 09:58:20 | batch update finished 
[SYS] 2025/04/03 - 09:58:25 | batch update started 
[SYS] 2025/04/03 - 09:58:25 | batch update finished 
[SYS] 2025/04/03 - 09:58:31 | syncing options from database 
[SYS] 2025/04/03 - 09:58:33 | syncing channels from database 
[SYS] 2025/04/03 - 09:58:33 | channels synced from database 
[SYS] 2025/04/03 - 09:58:33 | 任务进度轮询开始 
[SYS] 2025/04/03 - 09:58:33 | 任务进度轮询完成 
[SYS] 2025/04/03 - 09:58:33 | batch update started 
[SYS] 2025/04/03 - 09:58:33 | batch update finished 
[SYS] 2025/04/03 - 09:58:38 | batch update started 
[SYS] 2025/04/03 - 09:58:38 | batch update finished 
[SYS] 2025/04/03 - 09:58:43 | batch update started 
[SYS] 2025/04/03 - 09:58:43 | batch update finished 
[SYS] 2025/04/03 - 09:58:48 | 任务进度轮询开始 
[SYS] 2025/04/03 - 09:58:48 | 任务进度轮询完成 
[SYS] 2025/04/03 - 09:58:48 | batch update started 
[SYS] 2025/04/03 - 09:58:48 | batch update finished 
[SYS] 2025/04/03 - 09:58:53 | batch update started 
[SYS] 2025/04/03 - 09:58:53 | batch update finished 
[SYS] 2025/04/03 - 09:58:58 | batch update started 
[SYS] 2025/04/03 - 09:58:58 | batch update finished 
[SYS] 2025/04/03 - 09:59:06 | 任务进度轮询开始 
[SYS] 2025/04/03 - 09:59:06 | 任务进度轮询完成 
[SYS] 2025/04/03 - 09:59:07 | batch update started 
[SYS] 2025/04/03 - 09:59:07 | batch update finished 
[SYS] 2025/04/03 - 09:59:12 | batch update started 
[SYS] 2025/04/03 - 09:59:12 | batch update finished 
[SYS] 2025/04/03 - 09:59:17 | batch update started 
[SYS] 2025/04/03 - 09:59:17 | batch update finished 
[SYS] 2025/04/03 - 09:59:22 | 任务进度轮询开始 
[SYS] 2025/04/03 - 09:59:22 | 任务进度轮询完成 
[SYS] 2025/04/03 - 09:59:22 | batch update started 
[SYS] 2025/04/03 - 09:59:22 | batch update finished 
[SYS] 2025/04/03 - 09:59:27 | batch update started 
[SYS] 2025/04/03 - 09:59:27 | batch update finished 
[SYS] 2025/04/03 - 09:59:32 | batch update started 
[SYS] 2025/04/03 - 09:59:32 | batch update finished 
[SYS] 2025/04/03 - 09:59:39 | syncing options from database 
[SYS] 2025/04/03 - 09:59:40 | syncing channels from database 
[SYS] 2025/04/03 - 09:59:40 | channels synced from database 
[SYS] 2025/04/03 - 09:59:40 | 任务进度轮询开始 
[SYS] 2025/04/03 - 09:59:40 | 任务进度轮询完成 
[SYS] 2025/04/03 - 09:59:40 | batch update started 
[SYS] 2025/04/03 - 09:59:40 | batch update finished 
[SYS] 2025/04/03 - 09:59:45 | batch update started 
[SYS] 2025/04/03 - 09:59:45 | batch update finished 
[SYS] 2025/04/03 - 09:59:50 | batch update started 
[SYS] 2025/04/03 - 09:59:50 | batch update finished 
[SYS] 2025/04/03 - 09:59:55 | 任务进度轮询开始 
[SYS] 2025/04/03 - 09:59:55 | 任务进度轮询完成 
[SYS] 2025/04/03 - 09:59:55 | batch update started 
[SYS] 2025/04/03 - 09:59:55 | batch update finished 
[SYS] 2025/04/03 - 10:00:00 | batch update started 
[SYS] 2025/04/03 - 10:00:00 | batch update finished 
[SYS] 2025/04/03 - 10:00:05 | batch update started 
[SYS] 2025/04/03 - 10:00:05 | batch update finished 
[SYS] 2025/04/03 - 10:00:13 | 任务进度轮询开始 
[SYS] 2025/04/03 - 10:00:13 | 任务进度轮询完成 
[SYS] 2025/04/03 - 10:00:13 | batch update started 
[SYS] 2025/04/03 - 10:00:13 | batch update finished 
[SYS] 2025/04/03 - 10:00:18 | batch update started 
[SYS] 2025/04/03 - 10:00:18 | batch update finished 
[SYS] 2025/04/03 - 10:00:23 | batch update started 
[SYS] 2025/04/03 - 10:00:23 | batch update finished 
[SYS] 2025/04/03 - 10:00:28 | 任务进度轮询开始 
[SYS] 2025/04/03 - 10:00:28 | 任务进度轮询完成 
[SYS] 2025/04/03 - 10:00:28 | batch update started 
[SYS] 2025/04/03 - 10:00:28 | batch update finished 
[SYS] 2025/04/03 - 10:00:33 | batch update started 
[SYS] 2025/04/03 - 10:00:33 | batch update finished 
[SYS] 2025/04/03 - 10:00:38 | batch update started 
[SYS] 2025/04/03 - 10:00:38 | batch update finished 
[SYS] 2025/04/03 - 10:00:44 | 正在更新数据看板数据... 
[SYS] 2025/04/03 - 10:00:44 | 保存数据看板数据成功，共保存0条数据 
[SYS] 2025/04/03 - 10:00:46 | syncing options from database 
[SYS] 2025/04/03 - 10:00:46 | syncing channels from database 
[SYS] 2025/04/03 - 10:00:46 | channels synced from database 
[SYS] 2025/04/03 - 10:00:46 | 任务进度轮询开始 
[SYS] 2025/04/03 - 10:00:46 | 任务进度轮询完成 
[SYS] 2025/04/03 - 10:00:46 | batch update started 
[SYS] 2025/04/03 - 10:00:46 | batch update finished 
[SYS] 2025/04/03 - 10:00:51 | batch update started 
[SYS] 2025/04/03 - 10:00:51 | batch update finished 
[SYS] 2025/04/03 - 10:00:56 | batch update started 
[SYS] 2025/04/03 - 10:00:56 | batch update finished 
[SYS] 2025/04/03 - 10:01:01 | 任务进度轮询开始 
[SYS] 2025/04/03 - 10:01:01 | 任务进度轮询完成 
[SYS] 2025/04/03 - 10:01:01 | batch update started 
[SYS] 2025/04/03 - 10:01:01 | batch update finished 
[SYS] 2025/04/03 - 10:01:06 | batch update started 
[SYS] 2025/04/03 - 10:01:06 | batch update finished 
[SYS] 2025/04/03 - 10:01:11 | batch update started 
[SYS] 2025/04/03 - 10:01:11 | batch update finished 
[SYS] 2025/04/03 - 10:01:19 | 任务进度轮询开始 
[SYS] 2025/04/03 - 10:01:19 | 任务进度轮询完成 
[SYS] 2025/04/03 - 10:01:19 | batch update started 
[SYS] 2025/04/03 - 10:01:19 | batch update finished 
[SYS] 2025/04/03 - 10:01:24 | batch update started 
[SYS] 2025/04/03 - 10:01:24 | batch update finished 
[SYS] 2025/04/03 - 10:01:29 | batch update started 
[SYS] 2025/04/03 - 10:01:29 | batch update finished 
[SYS] 2025/04/03 - 10:01:34 | 任务进度轮询开始 
[SYS] 2025/04/03 - 10:01:34 | 任务进度轮询完成 
[SYS] 2025/04/03 - 10:01:34 | batch update started 
[SYS] 2025/04/03 - 10:01:34 | batch update finished 
[SYS] 2025/04/03 - 10:01:39 | batch update started 
[SYS] 2025/04/03 - 10:01:39 | batch update finished 
[SYS] 2025/04/03 - 10:01:44 | batch update started 
[SYS] 2025/04/03 - 10:01:44 | batch update finished 
[SYS] 2025/04/03 - 10:01:50 | syncing options from database 
[SYS] 2025/04/03 - 10:01:52 | syncing channels from database 
[SYS] 2025/04/03 - 10:01:52 | channels synced from database 
[SYS] 2025/04/03 - 10:01:52 | 任务进度轮询开始 
[SYS] 2025/04/03 - 10:01:52 | 任务进度轮询完成 
[SYS] 2025/04/03 - 10:01:52 | batch update started 
[SYS] 2025/04/03 - 10:01:52 | batch update finished 
[SYS] 2025/04/03 - 10:01:57 | batch update started 
[SYS] 2025/04/03 - 10:01:57 | batch update finished 
[SYS] 2025/04/03 - 10:02:02 | batch update started 
[SYS] 2025/04/03 - 10:02:02 | batch update finished 
[SYS] 2025/04/03 - 10:02:07 | 任务进度轮询开始 
[SYS] 2025/04/03 - 10:02:07 | 任务进度轮询完成 
[SYS] 2025/04/03 - 10:02:07 | batch update started 
[SYS] 2025/04/03 - 10:02:07 | batch update finished 
[SYS] 2025/04/03 - 10:02:12 | batch update started 
[SYS] 2025/04/03 - 10:02:12 | batch update finished 
[SYS] 2025/04/03 - 10:02:17 | batch update started 
[SYS] 2025/04/03 - 10:02:17 | batch update finished 
[SYS] 2025/04/03 - 10:02:25 | 任务进度轮询开始 
[SYS] 2025/04/03 - 10:02:25 | 任务进度轮询完成 
[SYS] 2025/04/03 - 10:02:26 | batch update started 
[SYS] 2025/04/03 - 10:02:26 | batch update finished 
[SYS] 2025/04/03 - 10:02:31 | batch update started 
[SYS] 2025/04/03 - 10:02:31 | batch update finished 
[SYS] 2025/04/03 - 10:02:36 | batch update started 
[SYS] 2025/04/03 - 10:02:36 | batch update finished 
[SYS] 2025/04/03 - 10:02:40 | 任务进度轮询开始 
[SYS] 2025/04/03 - 10:02:40 | 任务进度轮询完成 
[SYS] 2025/04/03 - 10:02:41 | batch update started 
[SYS] 2025/04/03 - 10:02:41 | batch update finished 
[SYS] 2025/04/03 - 10:02:46 | batch update started 
[SYS] 2025/04/03 - 10:02:46 | batch update finished 
[SYS] 2025/04/03 - 10:02:51 | batch update started 
[SYS] 2025/04/03 - 10:02:51 | batch update finished 
[SYS] 2025/04/03 - 10:02:56 | syncing options from database 
[SYS] 2025/04/03 - 10:02:57 | syncing channels from database 
[SYS] 2025/04/03 - 10:02:57 | 任务进度轮询开始 
[SYS] 2025/04/03 - 10:02:57 | 任务进度轮询完成 
[SYS] 2025/04/03 - 10:02:57 | channels synced from database 
[SYS] 2025/04/03 - 10:02:57 | batch update started 
[SYS] 2025/04/03 - 10:02:57 | batch update finished 
[SYS] 2025/04/03 - 10:03:02 | batch update started 
[SYS] 2025/04/03 - 10:03:02 | batch update finished 
[SYS] 2025/04/03 - 10:03:07 | batch update started 
[SYS] 2025/04/03 - 10:03:07 | batch update finished 
[SYS] 2025/04/03 - 10:03:15 | 任务进度轮询开始 
[SYS] 2025/04/03 - 10:03:15 | 任务进度轮询完成 
[SYS] 2025/04/03 - 10:03:15 | batch update started 
[SYS] 2025/04/03 - 10:03:15 | batch update finished 
[SYS] 2025/04/03 - 10:03:20 | batch update started 
[SYS] 2025/04/03 - 10:03:20 | batch update finished 
[SYS] 2025/04/03 - 10:03:25 | batch update started 
[SYS] 2025/04/03 - 10:03:25 | batch update finished 
[SYS] 2025/04/03 - 10:03:32 | 任务进度轮询开始 
[SYS] 2025/04/03 - 10:03:32 | 任务进度轮询完成 
[SYS] 2025/04/03 - 10:03:32 | batch update started 
[SYS] 2025/04/03 - 10:03:32 | batch update finished 
[SYS] 2025/04/03 - 10:03:37 | batch update started 
[SYS] 2025/04/03 - 10:03:37 | batch update finished 
[SYS] 2025/04/03 - 10:03:42 | batch update started 
[SYS] 2025/04/03 - 10:03:42 | batch update finished 
[SYS] 2025/04/03 - 10:03:47 | 任务进度轮询开始 
[SYS] 2025/04/03 - 10:03:47 | 任务进度轮询完成 
[SYS] 2025/04/03 - 10:03:47 | batch update started 
[SYS] 2025/04/03 - 10:03:47 | batch update finished 
[SYS] 2025/04/03 - 10:03:52 | batch update started 
[SYS] 2025/04/03 - 10:03:52 | batch update finished 
[SYS] 2025/04/03 - 10:03:57 | batch update started 
[SYS] 2025/04/03 - 10:03:57 | batch update finished 
[SYS] 2025/04/03 - 10:04:05 | syncing options from database 
[SYS] 2025/04/03 - 10:04:05 | syncing channels from database 
[SYS] 2025/04/03 - 10:04:05 | 任务进度轮询开始 
[SYS] 2025/04/03 - 10:04:05 | batch update started 
[SYS] 2025/04/03 - 10:04:05 | batch update finished 
[SYS] 2025/04/03 - 10:04:05 | 任务进度轮询完成 
[SYS] 2025/04/03 - 10:04:05 | channels synced from database 
[SYS] 2025/04/03 - 10:04:10 | batch update started 
[SYS] 2025/04/03 - 10:04:10 | batch update finished 
[SYS] 2025/04/03 - 10:04:15 | batch update started 
[SYS] 2025/04/03 - 10:04:15 | batch update finished 
[SYS] 2025/04/03 - 10:04:20 | batch update started 
[SYS] 2025/04/03 - 10:04:20 | batch update finished 
[SYS] 2025/04/03 - 10:04:20 | 任务进度轮询开始 
[SYS] 2025/04/03 - 10:04:20 | 任务进度轮询完成 
[SYS] 2025/04/03 - 10:04:25 | batch update started 
[SYS] 2025/04/03 - 10:04:25 | batch update finished 
[SYS] 2025/04/03 - 10:04:30 | batch update started 
[SYS] 2025/04/03 - 10:04:30 | batch update finished 
[SYS] 2025/04/03 - 10:04:38 | batch update started 
[SYS] 2025/04/03 - 10:04:38 | batch update finished 
[SYS] 2025/04/03 - 10:04:38 | 任务进度轮询开始 
[SYS] 2025/04/03 - 10:04:38 | 任务进度轮询完成 
[SYS] 2025/04/03 - 10:04:43 | batch update started 
[SYS] 2025/04/03 - 10:04:43 | batch update finished 
[SYS] 2025/04/03 - 10:04:48 | batch update started 
[SYS] 2025/04/03 - 10:04:48 | batch update finished 
[SYS] 2025/04/03 - 10:04:53 | batch update started 
[SYS] 2025/04/03 - 10:04:53 | batch update finished 
[SYS] 2025/04/03 - 10:04:53 | 任务进度轮询开始 
[SYS] 2025/04/03 - 10:04:53 | 任务进度轮询完成 
[SYS] 2025/04/03 - 10:04:58 | batch update started 
[SYS] 2025/04/03 - 10:04:58 | batch update finished 
[SYS] 2025/04/03 - 10:05:03 | batch update started 
[SYS] 2025/04/03 - 10:05:03 | batch update finished 
[SYS] 2025/04/03 - 10:05:11 | syncing options from database 
[SYS] 2025/04/03 - 10:05:11 | syncing channels from database 
[SYS] 2025/04/03 - 10:05:11 | channels synced from database 
[SYS] 2025/04/03 - 10:05:11 | batch update started 
[SYS] 2025/04/03 - 10:05:11 | batch update finished 
[SYS] 2025/04/03 - 10:05:11 | 任务进度轮询开始 
[SYS] 2025/04/03 - 10:05:11 | 任务进度轮询完成 
[SYS] 2025/04/03 - 10:05:16 | batch update started 
[SYS] 2025/04/03 - 10:05:16 | batch update finished 
[SYS] 2025/04/03 - 10:05:21 | batch update started 
[SYS] 2025/04/03 - 10:05:21 | batch update finished 
[SYS] 2025/04/03 - 10:05:26 | batch update started 
[SYS] 2025/04/03 - 10:05:26 | batch update finished 
[SYS] 2025/04/03 - 10:05:26 | 任务进度轮询开始 
[SYS] 2025/04/03 - 10:05:26 | 任务进度轮询完成 
[SYS] 2025/04/03 - 10:05:31 | batch update started 
[SYS] 2025/04/03 - 10:05:31 | batch update finished 
[SYS] 2025/04/03 - 10:05:36 | batch update started 
[SYS] 2025/04/03 - 10:05:36 | batch update finished 
[SYS] 2025/04/03 - 10:05:44 | batch update started 
[SYS] 2025/04/03 - 10:05:44 | batch update finished 
[SYS] 2025/04/03 - 10:05:44 | 任务进度轮询开始 
[SYS] 2025/04/03 - 10:05:44 | 任务进度轮询完成 
[SYS] 2025/04/03 - 10:05:49 | batch update started 
[SYS] 2025/04/03 - 10:05:49 | batch update finished 
[SYS] 2025/04/03 - 10:05:54 | batch update started 
[SYS] 2025/04/03 - 10:05:54 | batch update finished 
[SYS] 2025/04/03 - 10:05:59 | batch update started 
[SYS] 2025/04/03 - 10:05:59 | batch update finished 
[SYS] 2025/04/03 - 10:05:59 | 任务进度轮询开始 
[SYS] 2025/04/03 - 10:05:59 | 任务进度轮询完成 
[SYS] 2025/04/03 - 10:06:04 | batch update started 
[SYS] 2025/04/03 - 10:06:04 | batch update finished 
[SYS] 2025/04/03 - 10:06:09 | batch update started 
[SYS] 2025/04/03 - 10:06:09 | batch update finished 
[SYS] 2025/04/03 - 10:06:15 | 正在更新数据看板数据... 
[SYS] 2025/04/03 - 10:06:15 | 保存数据看板数据成功，共保存0条数据 
[SYS] 2025/04/03 - 10:06:15 | testing all channels 
[SYS] 2025/04/03 - 10:06:15 | channel test finished 
[SYS] 2025/04/03 - 10:06:17 | syncing options from database 
[SYS] 2025/04/03 - 10:06:18 | syncing channels from database 
[SYS] 2025/04/03 - 10:06:18 | channels synced from database 
[SYS] 2025/04/03 - 10:06:18 | batch update started 
[SYS] 2025/04/03 - 10:06:18 | batch update finished 
[SYS] 2025/04/03 - 10:06:18 | 任务进度轮询开始 
[SYS] 2025/04/03 - 10:06:18 | 任务进度轮询完成 
[SYS] 2025/04/03 - 10:06:23 | batch update started 
[SYS] 2025/04/03 - 10:06:23 | batch update finished 
[SYS] 2025/04/03 - 10:06:28 | batch update started 
[SYS] 2025/04/03 - 10:06:28 | batch update finished 
[SYS] 2025/04/03 - 10:06:33 | batch update started 
[SYS] 2025/04/03 - 10:06:33 | batch update finished 
[SYS] 2025/04/03 - 10:06:33 | 任务进度轮询开始 
[SYS] 2025/04/03 - 10:06:33 | 任务进度轮询完成 
[SYS] 2025/04/03 - 10:06:38 | batch update started 
[SYS] 2025/04/03 - 10:06:38 | batch update finished 
[SYS] 2025/04/03 - 10:06:43 | batch update started 
[SYS] 2025/04/03 - 10:06:43 | batch update finished 
[SYS] 2025/04/03 - 10:06:51 | 任务进度轮询开始 
[SYS] 2025/04/03 - 10:06:51 | 任务进度轮询完成 
[SYS] 2025/04/03 - 10:06:51 | batch update started 
[SYS] 2025/04/03 - 10:06:51 | batch update finished 
[SYS] 2025/04/03 - 10:06:56 | batch update started 
[SYS] 2025/04/03 - 10:06:56 | batch update finished 
[SYS] 2025/04/03 - 10:07:01 | batch update started 
[SYS] 2025/04/03 - 10:07:01 | batch update finished 
[SYS] 2025/04/03 - 10:07:06 | 任务进度轮询开始 
[SYS] 2025/04/03 - 10:07:06 | 任务进度轮询完成 
[SYS] 2025/04/03 - 10:07:06 | batch update started 
[SYS] 2025/04/03 - 10:07:06 | batch update finished 
[SYS] 2025/04/03 - 10:07:11 | batch update started 
[SYS] 2025/04/03 - 10:07:11 | batch update finished 
[SYS] 2025/04/03 - 10:07:16 | batch update started 
[SYS] 2025/04/03 - 10:07:16 | batch update finished 
[SYS] 2025/04/03 - 10:07:24 | syncing options from database 
[SYS] 2025/04/03 - 10:07:24 | syncing channels from database 
[SYS] 2025/04/03 - 10:07:24 | channels synced from database 
[SYS] 2025/04/03 - 10:07:24 | 任务进度轮询开始 
[SYS] 2025/04/03 - 10:07:24 | batch update started 
[SYS] 2025/04/03 - 10:07:24 | batch update finished 
[SYS] 2025/04/03 - 10:07:24 | 任务进度轮询完成 
[SYS] 2025/04/03 - 10:07:29 | batch update started 
[SYS] 2025/04/03 - 10:07:29 | batch update finished 
[SYS] 2025/04/03 - 10:07:34 | batch update started 
[SYS] 2025/04/03 - 10:07:34 | batch update finished 
[SYS] 2025/04/03 - 10:07:39 | batch update started 
[SYS] 2025/04/03 - 10:07:39 | batch update finished 
[SYS] 2025/04/03 - 10:07:39 | 任务进度轮询开始 
[SYS] 2025/04/03 - 10:07:39 | 任务进度轮询完成 
[SYS] 2025/04/03 - 10:07:44 | batch update started 
[SYS] 2025/04/03 - 10:07:44 | batch update finished 
[SYS] 2025/04/03 - 10:07:49 | batch update started 
[SYS] 2025/04/03 - 10:07:49 | batch update finished 
[SYS] 2025/04/03 - 10:07:55 | batch update started 
[SYS] 2025/04/03 - 10:07:55 | batch update finished 
[SYS] 2025/04/03 - 10:07:55 | 任务进度轮询开始 
[SYS] 2025/04/03 - 10:07:55 | 任务进度轮询完成 
[SYS] 2025/04/03 - 10:08:00 | batch update started 
[SYS] 2025/04/03 - 10:08:00 | batch update finished 
[SYS] 2025/04/03 - 10:08:05 | batch update started 
[SYS] 2025/04/03 - 10:08:05 | batch update finished 
[SYS] 2025/04/03 - 10:08:14 | batch update started 
[SYS] 2025/04/03 - 10:08:14 | batch update finished 
[SYS] 2025/04/03 - 10:08:14 | 任务进度轮询开始 
[SYS] 2025/04/03 - 10:08:14 | 任务进度轮询完成 
[SYS] 2025/04/03 - 10:08:19 | batch update started 
[SYS] 2025/04/03 - 10:08:19 | batch update finished 
[SYS] 2025/04/03 - 10:08:24 | batch update started 
[SYS] 2025/04/03 - 10:08:24 | batch update finished 
[SYS] 2025/04/03 - 10:08:30 | syncing options from database 
[SYS] 2025/04/03 - 10:08:30 | syncing channels from database 
[SYS] 2025/04/03 - 10:08:30 | channels synced from database 
[SYS] 2025/04/03 - 10:08:30 | 任务进度轮询开始 
[SYS] 2025/04/03 - 10:08:30 | 任务进度轮询完成 
[SYS] 2025/04/03 - 10:08:30 | batch update started 
[SYS] 2025/04/03 - 10:08:30 | batch update finished 
[SYS] 2025/04/03 - 10:08:35 | batch update started 
[SYS] 2025/04/03 - 10:08:35 | batch update finished 
[SYS] 2025/04/03 - 10:08:40 | batch update started 
[SYS] 2025/04/03 - 10:08:40 | batch update finished 
[SYS] 2025/04/03 - 10:08:45 | 任务进度轮询开始 
[SYS] 2025/04/03 - 10:08:45 | 任务进度轮询完成 
[SYS] 2025/04/03 - 10:08:45 | batch update started 
[SYS] 2025/04/03 - 10:08:45 | batch update finished 
[SYS] 2025/04/03 - 10:08:50 | batch update started 
[SYS] 2025/04/03 - 10:08:50 | batch update finished 
[SYS] 2025/04/03 - 10:08:55 | batch update started 
[SYS] 2025/04/03 - 10:08:55 | batch update finished 
[SYS] 2025/04/03 - 10:09:03 | 任务进度轮询开始 
[SYS] 2025/04/03 - 10:09:03 | 任务进度轮询完成 
[SYS] 2025/04/03 - 10:09:03 | batch update started 
[SYS] 2025/04/03 - 10:09:03 | batch update finished 
[SYS] 2025/04/03 - 10:09:08 | batch update started 
[SYS] 2025/04/03 - 10:09:08 | batch update finished 
[SYS] 2025/04/03 - 10:09:13 | batch update started 
[SYS] 2025/04/03 - 10:09:13 | batch update finished 
[SYS] 2025/04/03 - 10:09:18 | 任务进度轮询开始 
[SYS] 2025/04/03 - 10:09:18 | 任务进度轮询完成 
[SYS] 2025/04/03 - 10:09:18 | batch update started 
[SYS] 2025/04/03 - 10:09:18 | batch update finished 
[SYS] 2025/04/03 - 10:09:23 | batch update started 
[SYS] 2025/04/03 - 10:09:23 | batch update finished 
[SYS] 2025/04/03 - 10:09:28 | batch update started 
[SYS] 2025/04/03 - 10:09:28 | batch update finished 
[SYS] 2025/04/03 - 10:09:36 | syncing options from database 
[SYS] 2025/04/03 - 10:09:37 | syncing channels from database 
[SYS] 2025/04/03 - 10:09:37 | channels synced from database 
[SYS] 2025/04/03 - 10:09:37 | 任务进度轮询开始 
[SYS] 2025/04/03 - 10:09:37 | 任务进度轮询完成 
[SYS] 2025/04/03 - 10:09:37 | batch update started 
[SYS] 2025/04/03 - 10:09:37 | batch update finished 
[SYS] 2025/04/03 - 10:09:42 | batch update started 
[SYS] 2025/04/03 - 10:09:42 | batch update finished 
[SYS] 2025/04/03 - 10:09:47 | batch update started 
[SYS] 2025/04/03 - 10:09:47 | batch update finished 
[SYS] 2025/04/03 - 10:09:52 | 任务进度轮询开始 
[SYS] 2025/04/03 - 10:09:52 | 任务进度轮询完成 
[SYS] 2025/04/03 - 10:09:52 | batch update started 
[SYS] 2025/04/03 - 10:09:52 | batch update finished 
[SYS] 2025/04/03 - 10:09:57 | batch update started 
[SYS] 2025/04/03 - 10:09:57 | batch update finished 
[SYS] 2025/04/03 - 10:10:02 | batch update started 
[SYS] 2025/04/03 - 10:10:02 | batch update finished 
[SYS] 2025/04/03 - 10:10:10 | 任务进度轮询开始 
[SYS] 2025/04/03 - 10:10:10 | 任务进度轮询完成 
[SYS] 2025/04/03 - 10:10:10 | batch update started 
[SYS] 2025/04/03 - 10:10:10 | batch update finished 
[SYS] 2025/04/03 - 10:10:15 | batch update started 
[SYS] 2025/04/03 - 10:10:15 | batch update finished 
[SYS] 2025/04/03 - 10:10:20 | batch update started 
[SYS] 2025/04/03 - 10:10:20 | batch update finished 
[SYS] 2025/04/03 - 10:10:25 | 任务进度轮询开始 
[SYS] 2025/04/03 - 10:10:25 | 任务进度轮询完成 
[SYS] 2025/04/03 - 10:10:25 | batch update started 
[SYS] 2025/04/03 - 10:10:25 | batch update finished 
[SYS] 2025/04/03 - 10:10:30 | batch update started 
[SYS] 2025/04/03 - 10:10:30 | batch update finished 
[SYS] 2025/04/03 - 10:10:35 | batch update started 
[SYS] 2025/04/03 - 10:10:35 | batch update finished 
[SYS] 2025/04/03 - 10:10:43 | syncing options from database 
[SYS] 2025/04/03 - 10:10:43 | syncing channels from database 
[SYS] 2025/04/03 - 10:10:43 | channels synced from database 
[SYS] 2025/04/03 - 10:10:43 | 任务进度轮询开始 
[SYS] 2025/04/03 - 10:10:43 | 任务进度轮询完成 
[SYS] 2025/04/03 - 10:10:43 | batch update started 
[SYS] 2025/04/03 - 10:10:43 | batch update finished 
[SYS] 2025/04/03 - 10:10:48 | batch update started 
[SYS] 2025/04/03 - 10:10:48 | batch update finished 
[SYS] 2025/04/03 - 10:10:53 | batch update started 
[SYS] 2025/04/03 - 10:10:53 | batch update finished 
[SYS] 2025/04/03 - 10:10:58 | 任务进度轮询开始 
[SYS] 2025/04/03 - 10:10:58 | 任务进度轮询完成 
[SYS] 2025/04/03 - 10:10:58 | batch update started 
[SYS] 2025/04/03 - 10:10:58 | batch update finished 
[SYS] 2025/04/03 - 10:11:03 | batch update started 
[SYS] 2025/04/03 - 10:11:03 | batch update finished 
[SYS] 2025/04/03 - 10:11:08 | batch update started 
[SYS] 2025/04/03 - 10:11:08 | batch update finished 
[SYS] 2025/04/03 - 10:11:16 | 任务进度轮询开始 
[SYS] 2025/04/03 - 10:11:16 | 任务进度轮询完成 
[SYS] 2025/04/03 - 10:11:16 | batch update started 
[SYS] 2025/04/03 - 10:11:16 | batch update finished 
[SYS] 2025/04/03 - 10:11:21 | batch update started 
[SYS] 2025/04/03 - 10:11:21 | batch update finished 
[SYS] 2025/04/03 - 10:11:26 | batch update started 
[SYS] 2025/04/03 - 10:11:26 | batch update finished 
[SYS] 2025/04/03 - 10:11:31 | 任务进度轮询开始 
[SYS] 2025/04/03 - 10:11:31 | 任务进度轮询完成 
[SYS] 2025/04/03 - 10:11:31 | batch update started 
[SYS] 2025/04/03 - 10:11:31 | batch update finished 
[SYS] 2025/04/03 - 10:11:36 | batch update started 
[SYS] 2025/04/03 - 10:11:36 | batch update finished 
[SYS] 2025/04/03 - 10:11:41 | batch update started 
[SYS] 2025/04/03 - 10:11:41 | batch update finished 
[SYS] 2025/04/03 - 10:11:47 | 正在更新数据看板数据... 
[SYS] 2025/04/03 - 10:11:47 | 保存数据看板数据成功，共保存0条数据 
[SYS] 2025/04/03 - 10:11:47 | syncing options from database 
[SYS] 2025/04/03 - 10:11:49 | syncing channels from database 
[SYS] 2025/04/03 - 10:11:49 | channels synced from database 
[SYS] 2025/04/03 - 10:11:49 | 任务进度轮询开始 
[SYS] 2025/04/03 - 10:11:49 | 任务进度轮询完成 
[SYS] 2025/04/03 - 10:11:49 | batch update started 
[SYS] 2025/04/03 - 10:11:49 | batch update finished 
[SYS] 2025/04/03 - 10:11:54 | batch update started 
[SYS] 2025/04/03 - 10:11:54 | batch update finished 
[SYS] 2025/04/03 - 10:11:59 | batch update started 
[SYS] 2025/04/03 - 10:11:59 | batch update finished 
[SYS] 2025/04/03 - 10:12:04 | 任务进度轮询开始 
[SYS] 2025/04/03 - 10:12:04 | 任务进度轮询完成 
[SYS] 2025/04/03 - 10:12:04 | batch update started 
[SYS] 2025/04/03 - 10:12:04 | batch update finished 
[SYS] 2025/04/03 - 10:12:09 | batch update started 
[SYS] 2025/04/03 - 10:12:09 | batch update finished 
[SYS] 2025/04/03 - 10:12:14 | batch update started 
[SYS] 2025/04/03 - 10:12:14 | batch update finished 
[SYS] 2025/04/03 - 10:12:22 | 任务进度轮询开始 
[SYS] 2025/04/03 - 10:12:22 | 任务进度轮询完成 
[SYS] 2025/04/03 - 10:12:22 | batch update started 
[SYS] 2025/04/03 - 10:12:22 | batch update finished 
[SYS] 2025/04/03 - 10:12:27 | batch update started 
[SYS] 2025/04/03 - 10:12:27 | batch update finished 
[SYS] 2025/04/03 - 10:12:32 | batch update started 
[SYS] 2025/04/03 - 10:12:32 | batch update finished 
[SYS] 2025/04/03 - 10:12:37 | 任务进度轮询开始 
[SYS] 2025/04/03 - 10:12:37 | 任务进度轮询完成 
[SYS] 2025/04/03 - 10:12:37 | batch update started 
[SYS] 2025/04/03 - 10:12:37 | batch update finished 
[SYS] 2025/04/03 - 10:12:42 | batch update started 
[SYS] 2025/04/03 - 10:12:42 | batch update finished 
[SYS] 2025/04/03 - 10:12:47 | batch update started 
[SYS] 2025/04/03 - 10:12:47 | batch update finished 
[SYS] 2025/04/03 - 10:12:55 | syncing options from database 
[SYS] 2025/04/03 - 10:12:55 | syncing channels from database 
[SYS] 2025/04/03 - 10:12:55 | channels synced from database 
[SYS] 2025/04/03 - 10:12:56 | 任务进度轮询开始 
[SYS] 2025/04/03 - 10:12:56 | 任务进度轮询完成 
[SYS] 2025/04/03 - 10:12:56 | batch update started 
[SYS] 2025/04/03 - 10:12:56 | batch update finished 
[SYS] 2025/04/03 - 10:13:01 | batch update started 
[SYS] 2025/04/03 - 10:13:01 | batch update finished 
[SYS] 2025/04/03 - 10:13:06 | batch update started 
[SYS] 2025/04/03 - 10:13:06 | batch update finished 
[SYS] 2025/04/03 - 10:13:11 | 任务进度轮询开始 
[SYS] 2025/04/03 - 10:13:11 | 任务进度轮询完成 
[SYS] 2025/04/03 - 10:13:11 | batch update started 
[SYS] 2025/04/03 - 10:13:11 | batch update finished 
[SYS] 2025/04/03 - 10:13:16 | batch update started 
[SYS] 2025/04/03 - 10:13:16 | batch update finished 
[SYS] 2025/04/03 - 10:13:21 | batch update started 
[SYS] 2025/04/03 - 10:13:21 | batch update finished 
[SYS] 2025/04/03 - 10:13:29 | 任务进度轮询开始 
[SYS] 2025/04/03 - 10:13:29 | 任务进度轮询完成 
[SYS] 2025/04/03 - 10:13:29 | batch update started 
[SYS] 2025/04/03 - 10:13:29 | batch update finished 
[SYS] 2025/04/03 - 10:13:34 | batch update started 
[SYS] 2025/04/03 - 10:13:34 | batch update finished 
[SYS] 2025/04/03 - 10:13:39 | batch update started 
[SYS] 2025/04/03 - 10:13:39 | batch update finished 
[SYS] 2025/04/03 - 10:13:44 | 任务进度轮询开始 
[SYS] 2025/04/03 - 10:13:44 | 任务进度轮询完成 
[SYS] 2025/04/03 - 10:13:44 | batch update started 
[SYS] 2025/04/03 - 10:13:44 | batch update finished 
[SYS] 2025/04/03 - 10:13:49 | batch update started 
[SYS] 2025/04/03 - 10:13:49 | batch update finished 
[SYS] 2025/04/03 - 10:13:54 | batch update started 
[SYS] 2025/04/03 - 10:13:54 | batch update finished 
[SYS] 2025/04/03 - 10:14:01 | syncing options from database 
[SYS] 2025/04/03 - 10:14:02 | syncing channels from database 
[SYS] 2025/04/03 - 10:14:02 | channels synced from database 
[SYS] 2025/04/03 - 10:14:02 | 任务进度轮询开始 
[SYS] 2025/04/03 - 10:14:02 | 任务进度轮询完成 
[SYS] 2025/04/03 - 10:14:02 | batch update started 
[SYS] 2025/04/03 - 10:14:02 | batch update finished 
[SYS] 2025/04/03 - 10:14:07 | batch update started 
[SYS] 2025/04/03 - 10:14:07 | batch update finished 
[SYS] 2025/04/03 - 10:14:12 | batch update started 
[SYS] 2025/04/03 - 10:14:12 | batch update finished 
[SYS] 2025/04/03 - 10:14:17 | 任务进度轮询开始 
[SYS] 2025/04/03 - 10:14:17 | 任务进度轮询完成 
[SYS] 2025/04/03 - 10:14:17 | batch update started 
[SYS] 2025/04/03 - 10:14:17 | batch update finished 
[SYS] 2025/04/03 - 10:14:22 | batch update started 
[SYS] 2025/04/03 - 10:14:22 | batch update finished 
[SYS] 2025/04/03 - 10:14:27 | batch update started 
[SYS] 2025/04/03 - 10:14:27 | batch update finished 
[SYS] 2025/04/03 - 10:14:35 | 任务进度轮询开始 
[SYS] 2025/04/03 - 10:14:35 | 任务进度轮询完成 
[SYS] 2025/04/03 - 10:14:35 | batch update started 
[SYS] 2025/04/03 - 10:14:35 | batch update finished 
[SYS] 2025/04/03 - 10:14:40 | batch update started 
[SYS] 2025/04/03 - 10:14:40 | batch update finished 
[SYS] 2025/04/03 - 10:14:45 | batch update started 
[SYS] 2025/04/03 - 10:14:45 | batch update finished 
[SYS] 2025/04/03 - 10:14:50 | 任务进度轮询开始 
[SYS] 2025/04/03 - 10:14:50 | 任务进度轮询完成 
[SYS] 2025/04/03 - 10:14:50 | batch update started 
[SYS] 2025/04/03 - 10:14:50 | batch update finished 
[SYS] 2025/04/03 - 10:14:55 | batch update started 
[SYS] 2025/04/03 - 10:14:55 | batch update finished 
[SYS] 2025/04/03 - 10:15:00 | batch update started 
[SYS] 2025/04/03 - 10:15:00 | batch update finished 
[SYS] 2025/04/03 - 10:15:08 | syncing options from database 
[SYS] 2025/04/03 - 10:15:08 | syncing channels from database 
[SYS] 2025/04/03 - 10:15:08 | channels synced from database 
[SYS] 2025/04/03 - 10:15:08 | 任务进度轮询开始 
[SYS] 2025/04/03 - 10:15:08 | 任务进度轮询完成 
[SYS] 2025/04/03 - 10:15:08 | batch update started 
[SYS] 2025/04/03 - 10:15:08 | batch update finished 
[SYS] 2025/04/03 - 10:15:13 | batch update started 
[SYS] 2025/04/03 - 10:15:13 | batch update finished 
[SYS] 2025/04/03 - 10:15:18 | batch update started 
[SYS] 2025/04/03 - 10:15:18 | batch update finished 
[SYS] 2025/04/03 - 10:15:23 | 任务进度轮询开始 
[SYS] 2025/04/03 - 10:15:23 | 任务进度轮询完成 
[SYS] 2025/04/03 - 10:15:23 | batch update started 
[SYS] 2025/04/03 - 10:15:23 | batch update finished 
[SYS] 2025/04/03 - 10:15:28 | batch update started 
[SYS] 2025/04/03 - 10:15:28 | batch update finished 
[SYS] 2025/04/03 - 10:15:33 | batch update started 
[SYS] 2025/04/03 - 10:15:33 | batch update finished 
[SYS] 2025/04/03 - 10:15:41 | 任务进度轮询开始 
[SYS] 2025/04/03 - 10:15:41 | 任务进度轮询完成 
[SYS] 2025/04/03 - 10:15:41 | batch update started 
[SYS] 2025/04/03 - 10:15:41 | batch update finished 
[SYS] 2025/04/03 - 10:15:46 | batch update started 
[SYS] 2025/04/03 - 10:15:46 | batch update finished 
[SYS] 2025/04/03 - 10:15:51 | batch update started 
[SYS] 2025/04/03 - 10:15:51 | batch update finished 
[SYS] 2025/04/03 - 10:15:56 | 任务进度轮询开始 
[SYS] 2025/04/03 - 10:15:56 | 任务进度轮询完成 
[SYS] 2025/04/03 - 10:15:56 | batch update started 
[SYS] 2025/04/03 - 10:15:56 | batch update finished 
[SYS] 2025/04/03 - 10:16:01 | batch update started 
[SYS] 2025/04/03 - 10:16:01 | batch update finished 
[SYS] 2025/04/03 - 10:16:06 | batch update started 
[SYS] 2025/04/03 - 10:16:06 | batch update finished 
[SYS] 2025/04/03 - 10:16:12 | syncing options from database 
[SYS] 2025/04/03 - 10:16:14 | syncing channels from database 
[SYS] 2025/04/03 - 10:16:14 | channels synced from database 
[SYS] 2025/04/03 - 10:16:14 | 任务进度轮询开始 
[SYS] 2025/04/03 - 10:16:14 | 任务进度轮询完成 
[SYS] 2025/04/03 - 10:16:14 | batch update started 
[SYS] 2025/04/03 - 10:16:14 | batch update finished 
[SYS] 2025/04/03 - 10:16:19 | batch update started 
[SYS] 2025/04/03 - 10:16:19 | batch update finished 
[SYS] 2025/04/03 - 10:16:24 | batch update started 
[SYS] 2025/04/03 - 10:16:24 | batch update finished 
[SYS] 2025/04/03 - 10:16:29 | 任务进度轮询开始 
[SYS] 2025/04/03 - 10:16:29 | 任务进度轮询完成 
[SYS] 2025/04/03 - 10:16:29 | batch update started 
[SYS] 2025/04/03 - 10:16:29 | batch update finished 
[SYS] 2025/04/03 - 10:16:34 | batch update started 
[SYS] 2025/04/03 - 10:16:34 | batch update finished 
[SYS] 2025/04/03 - 10:16:39 | batch update started 
[SYS] 2025/04/03 - 10:16:39 | batch update finished 
[SYS] 2025/04/03 - 10:16:48 | 任务进度轮询开始 
[SYS] 2025/04/03 - 10:16:48 | 任务进度轮询完成 
[SYS] 2025/04/03 - 10:16:48 | batch update started 
[SYS] 2025/04/03 - 10:16:48 | batch update finished 
