[SYS] 2025/04/22 - 21:55:08 | New API v0.0.0 started 
[SYS] 2025/04/22 - 21:55:08 | using MySQL as database 
[SYS] 2025/04/22 - 21:55:08 | database migration started 
[SYS] 2025/04/22 - 21:55:09 | database migrated 
[SYS] 2025/04/22 - 21:55:09 | using MySQL as database 
[SYS] 2025/04/22 - 21:55:09 | database migration started 
[SYS] 2025/04/22 - 21:55:09 | Redis is enabled 
[SYS] 2025/04/22 - 21:55:09 | memory cache enabled 
[SYS] 2025/04/22 - 21:55:09 | sync frequency: 60 seconds 
[SYS] 2025/04/22 - 21:55:09 | channels synced from database 
[SYS] 2025/04/22 - 21:55:09 | batch update enabled with interval 5s 
[SYS] 2025/04/22 - 21:55:09 | pprof enabled 
[SYS] 2025/04/22 - 21:55:09 | initializing token encoders 
[SYS] 2025/04/22 - 21:55:09 | 正在更新数据看板数据... 
[SYS] 2025/04/22 - 21:55:09 | 保存数据看板数据成功，共保存0条数据 
[SYS] 2025/04/22 - 21:55:11 | token encoders initialized 
[SYS] 2025/04/22 - 21:55:11 | FRONTEND_BASE_URL is ignored on master node 
[SYS] 2025/04/22 - 21:55:14 | batch update started 
[SYS] 2025/04/22 - 21:55:14 | batch update finished 
[GIN] 2025/04/22 - 21:55:15 | 20250422215515979065243Q6SyVVaP | 200 |    2.899054ms | 2c0f:f5c0:446:f4cf:f1a3:38f0:3fc6:c61a |     GET /api/user/logout
[SYS] 2025/04/22 - 21:55:19 | batch update started 
[SYS] 2025/04/22 - 21:55:19 | batch update finished 
[SYS] 2025/04/22 - 21:55:24 | 任务进度轮询开始 
[SYS] 2025/04/22 - 21:55:24 | 任务进度轮询完成 
[SYS] 2025/04/22 - 21:55:24 | batch update started 
[SYS] 2025/04/22 - 21:55:24 | batch update finished 
[GIN] 2025/04/22 - 21:55:24 | 20250422215524788596664XGSQLNC0 | 200 |    2.527781ms | 2c0f:f5c0:446:f4cf:f1a3:38f0:3fc6:c61a |     GET /login
[GIN] 2025/04/22 - 21:55:25 | 202504222155252360309685gGwtkdm | 200 |  144.098778ms | 2c0f:f5c0:446:f4cf:f1a3:38f0:3fc6:c61a |     GET /assets/index-Csxaf0iw.js
[GIN] 2025/04/22 - 21:55:26 | 202504222155268386621567PWWgZrH | 200 |    2.974416ms | 2c0f:f5c0:446:f4cf:f1a3:38f0:3fc6:c61a |     GET /api/status
[SYS] 2025/04/22 - 21:55:29 | batch update started 
[SYS] 2025/04/22 - 21:55:29 | batch update finished 
[SYS] 2025/04/22 - 21:55:34 | batch update started 
[SYS] 2025/04/22 - 21:55:34 | batch update finished 
[SYS] 2025/04/22 - 21:55:39 | 任务进度轮询开始 
[SYS] 2025/04/22 - 21:55:39 | 任务进度轮询完成 
[SYS] 2025/04/22 - 21:55:39 | batch update started 
[SYS] 2025/04/22 - 21:55:39 | batch update finished 
[SYS] 2025/04/22 - 21:55:44 | batch update started 
[SYS] 2025/04/22 - 21:55:44 | batch update finished 
[SYS] 2025/04/22 - 21:55:49 | batch update started 
[SYS] 2025/04/22 - 21:55:49 | batch update finished 
[SYS] 2025/04/22 - 21:55:54 | 任务进度轮询开始 
[SYS] 2025/04/22 - 21:55:54 | 任务进度轮询完成 
[SYS] 2025/04/22 - 21:55:54 | batch update started 
[SYS] 2025/04/22 - 21:55:54 | batch update finished 
[SYS] 2025/04/22 - 21:55:59 | batch update started 
[SYS] 2025/04/22 - 21:55:59 | batch update finished 
[SYS] 2025/04/22 - 21:56:04 | batch update started 
[SYS] 2025/04/22 - 21:56:04 | batch update finished 
[SYS] 2025/04/22 - 21:56:09 | syncing options from database 
[SYS] 2025/04/22 - 21:56:09 | syncing channels from database 
[SYS] 2025/04/22 - 21:56:09 | channels synced from database 
[SYS] 2025/04/22 - 21:56:09 | 任务进度轮询开始 
[SYS] 2025/04/22 - 21:56:09 | 任务进度轮询完成 
[SYS] 2025/04/22 - 21:56:09 | batch update started 
[SYS] 2025/04/22 - 21:56:09 | batch update finished 
[SYS] 2025/04/22 - 21:56:14 | batch update started 
[SYS] 2025/04/22 - 21:56:14 | batch update finished 
[SYS] 2025/04/22 - 21:56:19 | batch update started 
[SYS] 2025/04/22 - 21:56:19 | batch update finished 
[SYS] 2025/04/22 - 21:56:24 | 任务进度轮询开始 
[SYS] 2025/04/22 - 21:56:24 | 任务进度轮询完成 
[SYS] 2025/04/22 - 21:56:24 | batch update started 
[SYS] 2025/04/22 - 21:56:24 | batch update finished 
[SYS] 2025/04/22 - 21:56:29 | batch update started 
[SYS] 2025/04/22 - 21:56:29 | batch update finished 
[SYS] 2025/04/22 - 21:56:34 | batch update started 
[SYS] 2025/04/22 - 21:56:34 | batch update finished 
[SYS] 2025/04/22 - 21:56:39 | 任务进度轮询开始 
[SYS] 2025/04/22 - 21:56:39 | 任务进度轮询完成 
[SYS] 2025/04/22 - 21:56:39 | batch update started 
[SYS] 2025/04/22 - 21:56:39 | batch update finished 
[SYS] 2025/04/22 - 21:56:44 | batch update started 
[SYS] 2025/04/22 - 21:56:44 | batch update finished 
[SYS] 2025/04/22 - 21:56:49 | batch update started 
[SYS] 2025/04/22 - 21:56:49 | batch update finished 
[SYS] 2025/04/22 - 21:56:54 | 任务进度轮询开始 
[SYS] 2025/04/22 - 21:56:54 | 任务进度轮询完成 
[SYS] 2025/04/22 - 21:56:54 | batch update started 
[SYS] 2025/04/22 - 21:56:54 | batch update finished 
[GIN] 2025/04/22 - 21:56:59 | 20250422215659538258589xQkpD7ve | 200 |    4.231641ms |             ::1 |     GET /
[GIN] 2025/04/22 - 21:56:59 | 20250422215659681837337xs5DYBg0 | 200 |  182.310532ms |             ::1 |     GET /assets/index-Csxaf0iw.js
[SYS] 2025/04/22 - 21:56:59 | batch update started 
[SYS] 2025/04/22 - 21:56:59 | batch update finished 
[GIN] 2025/04/22 - 21:57:01 | 20250422215701728655425IbNpnmk | 200 |     2.40591ms |             ::1 |     GET /assets/index-m_N750sa.js
[GIN] 2025/04/22 - 21:57:01 | 20250422215701152858712NQPZCD7n | 200 |   12.952664ms |             ::1 |     GET /api/status
[SYS] 2025/04/22 - 21:57:05 | batch update started 
[SYS] 2025/04/22 - 21:57:05 | batch update finished 
[SYS] 2025/04/22 - 21:57:10 | syncing options from database 
[SYS] 2025/04/22 - 21:57:10 | syncing channels from database 
[SYS] 2025/04/22 - 21:57:10 | 任务进度轮询开始 
[SYS] 2025/04/22 - 21:57:10 | batch update started 
[SYS] 2025/04/22 - 21:57:10 | batch update finished 
[SYS] 2025/04/22 - 21:57:10 | 任务进度轮询完成 
[SYS] 2025/04/22 - 21:57:10 | channels synced from database 
[SYS] 2025/04/22 - 21:57:15 | batch update started 
[SYS] 2025/04/22 - 21:57:15 | batch update finished 
[SYS] 2025/04/22 - 21:57:20 | batch update started 
[SYS] 2025/04/22 - 21:57:20 | batch update finished 
[SYS] 2025/04/22 - 21:57:25 | batch update started 
[SYS] 2025/04/22 - 21:57:25 | batch update finished 
[SYS] 2025/04/22 - 21:57:25 | 任务进度轮询开始 
[SYS] 2025/04/22 - 21:57:25 | 任务进度轮询完成 
[SYS] 2025/04/22 - 21:57:30 | batch update started 
[SYS] 2025/04/22 - 21:57:30 | batch update finished 
[SYS] 2025/04/22 - 21:57:35 | batch update started 
[SYS] 2025/04/22 - 21:57:35 | batch update finished 
[SYS] 2025/04/22 - 21:57:40 | batch update started 
[SYS] 2025/04/22 - 21:57:40 | batch update finished 
[SYS] 2025/04/22 - 21:57:40 | 任务进度轮询开始 
[SYS] 2025/04/22 - 21:57:40 | 任务进度轮询完成 
[SYS] 2025/04/22 - 21:57:45 | batch update started 
[SYS] 2025/04/22 - 21:57:45 | batch update finished 
[SYS] 2025/04/22 - 21:57:50 | batch update started 
[SYS] 2025/04/22 - 21:57:50 | batch update finished 
[SYS] 2025/04/22 - 21:57:55 | batch update started 
[SYS] 2025/04/22 - 21:57:55 | batch update finished 
[SYS] 2025/04/22 - 21:57:55 | 任务进度轮询开始 
[SYS] 2025/04/22 - 21:57:55 | 任务进度轮询完成 
[SYS] 2025/04/22 - 21:58:00 | batch update started 
[SYS] 2025/04/22 - 21:58:00 | batch update finished 
[SYS] 2025/04/22 - 21:58:05 | batch update started 
[SYS] 2025/04/22 - 21:58:05 | batch update finished 
[SYS] 2025/04/22 - 21:58:10 | batch update started 
[SYS] 2025/04/22 - 21:58:10 | batch update finished 
[SYS] 2025/04/22 - 21:58:10 | syncing options from database 
[SYS] 2025/04/22 - 21:58:10 | syncing channels from database 
[SYS] 2025/04/22 - 21:58:10 | channels synced from database 
[SYS] 2025/04/22 - 21:58:10 | 任务进度轮询开始 
[SYS] 2025/04/22 - 21:58:10 | 任务进度轮询完成 
[SYS] 2025/04/22 - 21:58:15 | batch update started 
[SYS] 2025/04/22 - 21:58:15 | batch update finished 
[SYS] 2025/04/22 - 21:58:20 | batch update started 
[SYS] 2025/04/22 - 21:58:20 | batch update finished 
[SYS] 2025/04/22 - 21:58:25 | batch update started 
[SYS] 2025/04/22 - 21:58:25 | batch update finished 
[SYS] 2025/04/22 - 21:58:25 | 任务进度轮询开始 
[SYS] 2025/04/22 - 21:58:25 | 任务进度轮询完成 
[SYS] 2025/04/22 - 21:58:30 | batch update started 
[SYS] 2025/04/22 - 21:58:30 | batch update finished 
[SYS] 2025/04/22 - 21:58:35 | batch update started 
[SYS] 2025/04/22 - 21:58:35 | batch update finished 
[SYS] 2025/04/22 - 21:58:40 | batch update started 
[SYS] 2025/04/22 - 21:58:40 | batch update finished 
[SYS] 2025/04/22 - 21:58:40 | 任务进度轮询开始 
[SYS] 2025/04/22 - 21:58:40 | 任务进度轮询完成 
[SYS] 2025/04/22 - 21:58:45 | batch update started 
[SYS] 2025/04/22 - 21:58:45 | batch update finished 
[SYS] 2025/04/22 - 21:58:50 | batch update started 
[SYS] 2025/04/22 - 21:58:50 | batch update finished 
[SYS] 2025/04/22 - 21:58:55 | batch update started 
[SYS] 2025/04/22 - 21:58:55 | batch update finished 
[SYS] 2025/04/22 - 21:58:55 | 任务进度轮询开始 
[SYS] 2025/04/22 - 21:58:55 | 任务进度轮询完成 
[SYS] 2025/04/22 - 21:59:00 | batch update started 
[SYS] 2025/04/22 - 21:59:00 | batch update finished 
[SYS] 2025/04/22 - 21:59:05 | batch update started 
[SYS] 2025/04/22 - 21:59:05 | batch update finished 
[SYS] 2025/04/22 - 21:59:10 | batch update started 
[SYS] 2025/04/22 - 21:59:10 | batch update finished 
[SYS] 2025/04/22 - 21:59:10 | syncing options from database 
[SYS] 2025/04/22 - 21:59:10 | syncing channels from database 
[SYS] 2025/04/22 - 21:59:10 | channels synced from database 
[SYS] 2025/04/22 - 21:59:10 | 任务进度轮询开始 
[SYS] 2025/04/22 - 21:59:10 | 任务进度轮询完成 
[SYS] 2025/04/22 - 21:59:15 | batch update started 
[SYS] 2025/04/22 - 21:59:15 | batch update finished 
[SYS] 2025/04/22 - 21:59:20 | batch update started 
[SYS] 2025/04/22 - 21:59:20 | batch update finished 
[SYS] 2025/04/22 - 21:59:25 | batch update started 
[SYS] 2025/04/22 - 21:59:25 | batch update finished 
[SYS] 2025/04/22 - 21:59:25 | 任务进度轮询开始 
[SYS] 2025/04/22 - 21:59:25 | 任务进度轮询完成 
[SYS] 2025/04/22 - 21:59:30 | batch update started 
[SYS] 2025/04/22 - 21:59:30 | batch update finished 
[SYS] 2025/04/22 - 21:59:35 | batch update started 
[SYS] 2025/04/22 - 21:59:35 | batch update finished 
[SYS] 2025/04/22 - 21:59:40 | batch update started 
[SYS] 2025/04/22 - 21:59:40 | batch update finished 
[SYS] 2025/04/22 - 21:59:40 | 任务进度轮询开始 
[SYS] 2025/04/22 - 21:59:40 | 任务进度轮询完成 
[SYS] 2025/04/22 - 21:59:45 | batch update started 
[SYS] 2025/04/22 - 21:59:45 | batch update finished 
[SYS] 2025/04/22 - 21:59:50 | batch update started 
[SYS] 2025/04/22 - 21:59:50 | batch update finished 
[SYS] 2025/04/22 - 21:59:55 | batch update started 
[SYS] 2025/04/22 - 21:59:55 | batch update finished 
[SYS] 2025/04/22 - 21:59:55 | 任务进度轮询开始 
[SYS] 2025/04/22 - 21:59:55 | 任务进度轮询完成 
[SYS] 2025/04/22 - 22:00:00 | batch update started 
[SYS] 2025/04/22 - 22:00:00 | batch update finished 
