[SYS] 2025/04/03 - 10:17:00 | New API v0.0.0 started 
[SYS] 2025/04/03 - 10:17:00 | using MySQL as database 
[SYS] 2025/04/03 - 10:17:00 | database migration started 
[SYS] 2025/04/03 - 10:17:01 | database migrated 
[SYS] 2025/04/03 - 10:17:01 | using MySQL as database 
[SYS] 2025/04/03 - 10:17:01 | database migration started 
[SYS] 2025/04/03 - 10:17:01 | Redis is enabled 
[SYS] 2025/04/03 - 10:17:01 | memory cache enabled 
[SYS] 2025/04/03 - 10:17:01 | sync frequency: 60 seconds 
[SYS] 2025/04/03 - 10:17:01 | channels synced from database 
[SYS] 2025/04/03 - 10:17:01 | batch update enabled with interval 5s 
[SYS] 2025/04/03 - 10:17:01 | pprof enabled 
[SYS] 2025/04/03 - 10:17:01 | initializing token encoders 
[SYS] 2025/04/03 - 10:17:01 | 正在更新数据看板数据... 
[SYS] 2025/04/03 - 10:17:01 | 保存数据看板数据成功，共保存0条数据 
[SYS] 2025/04/03 - 10:17:02 | token encoders initialized 
[SYS] 2025/04/03 - 10:17:02 | FRONTEND_BASE_URL is ignored on master node 
[SYS] 2025/04/03 - 10:17:06 | batch update started 
[SYS] 2025/04/03 - 10:17:06 | batch update finished 
[SYS] 2025/04/03 - 10:17:11 | batch update started 
[SYS] 2025/04/03 - 10:17:11 | batch update finished 
[SYS] 2025/04/03 - 10:17:16 | 任务进度轮询开始 
[SYS] 2025/04/03 - 10:17:16 | 任务进度轮询完成 
[SYS] 2025/04/03 - 10:17:16 | batch update started 
[SYS] 2025/04/03 - 10:17:16 | batch update finished 
[SYS] 2025/04/03 - 10:17:25 | batch update started 
[SYS] 2025/04/03 - 10:17:25 | batch update finished 
[SYS] 2025/04/03 - 10:17:30 | batch update started 
[SYS] 2025/04/03 - 10:17:30 | batch update finished 
[GIN] 2025/04/03 - 10:17:34 | 20250403101734501135861uHNgvfSj | 200 |    1.149554ms |             ::1 |     GET /api/user/logout
[SYS] 2025/04/03 - 10:17:35 | 任务进度轮询开始 
[SYS] 2025/04/03 - 10:17:35 | 任务进度轮询完成 
[SYS] 2025/04/03 - 10:17:35 | batch update started 
[SYS] 2025/04/03 - 10:17:35 | batch update finished 
[SYS] 2025/04/03 - 10:17:40 | batch update started 
[SYS] 2025/04/03 - 10:17:40 | batch update finished 
[SYS] 2025/04/03 - 10:17:45 | batch update started 
[SYS] 2025/04/03 - 10:17:45 | batch update finished 
[SYS] 2025/04/03 - 10:17:50 | 任务进度轮询开始 
[SYS] 2025/04/03 - 10:17:50 | 任务进度轮询完成 
[SYS] 2025/04/03 - 10:17:50 | batch update started 
[SYS] 2025/04/03 - 10:17:50 | batch update finished 
[GIN] 2025/04/03 - 10:17:57 | 20250403101757632744541HwxO8BmE | 307 |    1.717549ms |             ::1 |     GET /api/auth/google/login
[SYS] 2025/04/03 - 10:17:58 | batch update started 
[SYS] 2025/04/03 - 10:17:58 | batch update finished 
[SYS] 2025/04/03 - 10:18:03 | batch update started 
[SYS] 2025/04/03 - 10:18:03 | batch update finished 
[GIN] 2025/04/03 - 10:18:06 | 20250403101805579176049ISP4wx4J | 303 |  1.257116123s |             ::1 |     GET /auth/google/callback?state=random_state&code=4%2F0AQSTgQGgNVmrAUARjRZUHdkMxMhev0NPBUNxiUeP4khjqPwIXU_fmMo1XwA_LsgIZZkJiA&scope=email+profile+openid+https%3A%2F%2Fwww.googleapis.com%2Fauth%2Fuserinfo.email+https%3A%2F%2Fwww.googleapis.com%2Fauth%2Fuserinfo.profile&authuser=0&prompt=none
[GIN] 2025/04/03 - 10:18:06 | 20250403101806863671755p67qcfZc | 200 |      968.13µs |             ::1 |     GET /login?token=eyJhbGciOiJIUzI1NiIsInR5cCI6IkpXVCJ9.eyJlbWFpbCI6Imtpbmdzb2JlY0BnbWFpbC5jb20iLCJleHAiOjE3NDYyNjM4ODYsImlkIjo0LCJybmQiOjE3NDM2NzE4ODY4MzYyMDcxNzV9.yYOjGqf9wJ0QFkWuiTg_62U3Ut-dUuFtICgXgMAsCdw
[GIN] 2025/04/03 - 10:18:07 | 2025040310180752527215zRNDFyzX | 200 |     69.5106ms |             ::1 |     GET /assets/index-C_SS0gE1.js
[SYS] 2025/04/03 - 10:18:08 | syncing channels from database 
[SYS] 2025/04/03 - 10:18:08 | syncing options from database 
[SYS] 2025/04/03 - 10:18:08 | channels synced from database 
[SYS] 2025/04/03 - 10:18:08 | 任务进度轮询开始 
[SYS] 2025/04/03 - 10:18:08 | 任务进度轮询完成 
[SYS] 2025/04/03 - 10:18:08 | batch update started 
[SYS] 2025/04/03 - 10:18:08 | batch update finished 
[GIN] 2025/04/03 - 10:18:10 | 2025040310181096239195Ey6pRoLh | 200 |     3.60225ms |             ::1 |     GET /api/status
[GIN] 2025/04/03 - 10:18:10 | 2025040310181090058355VJXKa0BR | 200 |    97.14411ms |             ::1 |     GET /api/user/self
[GIN] 2025/04/03 - 10:18:10 | 20250403101810500016365XEwalLAP | 401 |      873.72µs |             ::1 |     GET /api/user/models
[GIN] 2025/04/03 - 10:18:10 | 20250403101810501644645WR4N2tdw | 401 |      829.35µs |             ::1 |     GET /api/user/self/groups
[GIN] 2025/04/03 - 10:18:10 | 20250403101810509574185VvN3C3EQ | 401 |     3.99321ms |             ::1 |     GET /api/token/?p=0&size=10
[SYS] 2025/04/03 - 10:18:13 | batch update started 
[SYS] 2025/04/03 - 10:18:13 | batch update finished 
[SYS] 2025/04/03 - 10:18:18 | batch update started 
[SYS] 2025/04/03 - 10:18:18 | batch update finished 
[SYS] 2025/04/03 - 10:18:23 | 任务进度轮询开始 
[SYS] 2025/04/03 - 10:18:23 | 任务进度轮询完成 
[SYS] 2025/04/03 - 10:18:23 | batch update started 
[SYS] 2025/04/03 - 10:18:23 | batch update finished 
[SYS] 2025/04/03 - 10:18:31 | batch update started 
[SYS] 2025/04/03 - 10:18:31 | batch update finished 
[SYS] 2025/04/03 - 10:18:36 | batch update started 
[SYS] 2025/04/03 - 10:18:36 | batch update finished 
[SYS] 2025/04/03 - 10:18:41 | 任务进度轮询开始 
[SYS] 2025/04/03 - 10:18:41 | 任务进度轮询完成 
[SYS] 2025/04/03 - 10:18:41 | batch update started 
[SYS] 2025/04/03 - 10:18:41 | batch update finished 
[SYS] 2025/04/03 - 10:18:46 | batch update started 
[SYS] 2025/04/03 - 10:18:46 | batch update finished 
[SYS] 2025/04/03 - 10:18:51 | batch update started 
[SYS] 2025/04/03 - 10:18:51 | batch update finished 
[SYS] 2025/04/03 - 10:18:56 | 任务进度轮询开始 
[SYS] 2025/04/03 - 10:18:56 | 任务进度轮询完成 
[SYS] 2025/04/03 - 10:18:56 | batch update started 
[SYS] 2025/04/03 - 10:18:56 | batch update finished 
[SYS] 2025/04/03 - 10:19:04 | batch update started 
[SYS] 2025/04/03 - 10:19:04 | batch update finished 
[SYS] 2025/04/03 - 10:19:09 | batch update started 
[SYS] 2025/04/03 - 10:19:09 | batch update finished 
[SYS] 2025/04/03 - 10:19:14 | syncing channels from database 
[SYS] 2025/04/03 - 10:19:14 | syncing options from database 
[SYS] 2025/04/03 - 10:19:14 | channels synced from database 
[SYS] 2025/04/03 - 10:19:14 | 任务进度轮询开始 
[SYS] 2025/04/03 - 10:19:14 | 任务进度轮询完成 
[SYS] 2025/04/03 - 10:19:14 | batch update started 
[SYS] 2025/04/03 - 10:19:14 | batch update finished 
[SYS] 2025/04/03 - 10:19:19 | batch update started 
[SYS] 2025/04/03 - 10:19:19 | batch update finished 
[SYS] 2025/04/03 - 10:19:24 | batch update started 
[SYS] 2025/04/03 - 10:19:24 | batch update finished 
[SYS] 2025/04/03 - 10:19:29 | 任务进度轮询开始 
[SYS] 2025/04/03 - 10:19:29 | 任务进度轮询完成 
[SYS] 2025/04/03 - 10:19:29 | batch update started 
[SYS] 2025/04/03 - 10:19:29 | batch update finished 
[SYS] 2025/04/03 - 10:19:37 | batch update started 
[SYS] 2025/04/03 - 10:19:37 | batch update finished 
[SYS] 2025/04/03 - 10:19:42 | batch update started 
[SYS] 2025/04/03 - 10:19:42 | batch update finished 
[SYS] 2025/04/03 - 10:19:47 | 任务进度轮询开始 
[SYS] 2025/04/03 - 10:19:47 | 任务进度轮询完成 
[SYS] 2025/04/03 - 10:19:47 | batch update started 
[SYS] 2025/04/03 - 10:19:47 | batch update finished 
[SYS] 2025/04/03 - 10:19:52 | batch update started 
[SYS] 2025/04/03 - 10:19:52 | batch update finished 
[SYS] 2025/04/03 - 10:19:57 | batch update started 
[SYS] 2025/04/03 - 10:19:57 | batch update finished 
[SYS] 2025/04/03 - 10:20:02 | 任务进度轮询开始 
[SYS] 2025/04/03 - 10:20:02 | 任务进度轮询完成 
[SYS] 2025/04/03 - 10:20:02 | batch update started 
[SYS] 2025/04/03 - 10:20:02 | batch update finished 
[SYS] 2025/04/03 - 10:20:10 | batch update started 
[SYS] 2025/04/03 - 10:20:10 | batch update finished 
[SYS] 2025/04/03 - 10:20:15 | batch update started 
[SYS] 2025/04/03 - 10:20:15 | batch update finished 
[SYS] 2025/04/03 - 10:20:20 | syncing options from database 
[SYS] 2025/04/03 - 10:20:20 | syncing channels from database 
[SYS] 2025/04/03 - 10:20:20 | channels synced from database 
[SYS] 2025/04/03 - 10:20:20 | 任务进度轮询开始 
[SYS] 2025/04/03 - 10:20:20 | 任务进度轮询完成 
[SYS] 2025/04/03 - 10:20:20 | batch update started 
[SYS] 2025/04/03 - 10:20:20 | batch update finished 
[SYS] 2025/04/03 - 10:20:25 | batch update started 
[SYS] 2025/04/03 - 10:20:25 | batch update finished 
[SYS] 2025/04/03 - 10:20:30 | batch update started 
[SYS] 2025/04/03 - 10:20:30 | batch update finished 
[SYS] 2025/04/03 - 10:20:35 | 任务进度轮询开始 
[SYS] 2025/04/03 - 10:20:35 | 任务进度轮询完成 
[SYS] 2025/04/03 - 10:20:35 | batch update started 
[SYS] 2025/04/03 - 10:20:35 | batch update finished 
[SYS] 2025/04/03 - 10:20:44 | batch update started 
[SYS] 2025/04/03 - 10:20:44 | batch update finished 
[SYS] 2025/04/03 - 10:20:49 | batch update started 
[SYS] 2025/04/03 - 10:20:49 | batch update finished 
[SYS] 2025/04/03 - 10:20:53 | 任务进度轮询开始 
[SYS] 2025/04/03 - 10:20:53 | 任务进度轮询完成 
[SYS] 2025/04/03 - 10:20:54 | batch update started 
[SYS] 2025/04/03 - 10:20:54 | batch update finished 
[SYS] 2025/04/03 - 10:20:59 | batch update started 
[SYS] 2025/04/03 - 10:20:59 | batch update finished 
[SYS] 2025/04/03 - 10:21:04 | batch update started 
[SYS] 2025/04/03 - 10:21:04 | batch update finished 
[SYS] 2025/04/03 - 10:21:08 | 任务进度轮询开始 
[SYS] 2025/04/03 - 10:21:08 | 任务进度轮询完成 
[SYS] 2025/04/03 - 10:21:09 | batch update started 
[SYS] 2025/04/03 - 10:21:09 | batch update finished 
[SYS] 2025/04/03 - 10:21:15 | batch update started 
[SYS] 2025/04/03 - 10:21:15 | batch update finished 
[SYS] 2025/04/03 - 10:21:20 | batch update started 
[SYS] 2025/04/03 - 10:21:20 | batch update finished 
[SYS] 2025/04/03 - 10:21:25 | syncing options from database 
[SYS] 2025/04/03 - 10:21:25 | syncing channels from database 
[SYS] 2025/04/03 - 10:21:25 | channels synced from database 
[SYS] 2025/04/03 - 10:21:25 | 任务进度轮询开始 
[SYS] 2025/04/03 - 10:21:25 | 任务进度轮询完成 
[SYS] 2025/04/03 - 10:21:25 | batch update started 
[SYS] 2025/04/03 - 10:21:25 | batch update finished 
[SYS] 2025/04/03 - 10:21:33 | batch update started 
[SYS] 2025/04/03 - 10:21:33 | batch update finished 
[SYS] 2025/04/03 - 10:21:38 | batch update started 
[SYS] 2025/04/03 - 10:21:38 | batch update finished 
[SYS] 2025/04/03 - 10:21:43 | 任务进度轮询开始 
[SYS] 2025/04/03 - 10:21:43 | 任务进度轮询完成 
[SYS] 2025/04/03 - 10:21:43 | batch update started 
[SYS] 2025/04/03 - 10:21:43 | batch update finished 
[SYS] 2025/04/03 - 10:21:50 | batch update started 
[SYS] 2025/04/03 - 10:21:50 | batch update finished 
[SYS] 2025/04/03 - 10:21:55 | batch update started 
[SYS] 2025/04/03 - 10:21:55 | batch update finished 
[SYS] 2025/04/03 - 10:22:00 | 任务进度轮询开始 
[SYS] 2025/04/03 - 10:22:00 | 任务进度轮询完成 
[SYS] 2025/04/03 - 10:22:00 | batch update started 
[SYS] 2025/04/03 - 10:22:00 | batch update finished 
[SYS] 2025/04/03 - 10:22:05 | batch update started 
[SYS] 2025/04/03 - 10:22:05 | batch update finished 
[SYS] 2025/04/03 - 10:22:10 | batch update started 
[SYS] 2025/04/03 - 10:22:10 | batch update finished 
[SYS] 2025/04/03 - 10:22:15 | 任务进度轮询开始 
[SYS] 2025/04/03 - 10:22:15 | 任务进度轮询完成 
[SYS] 2025/04/03 - 10:22:15 | batch update started 
[SYS] 2025/04/03 - 10:22:15 | batch update finished 
[SYS] 2025/04/03 - 10:22:23 | batch update started 
[SYS] 2025/04/03 - 10:22:23 | batch update finished 
[SYS] 2025/04/03 - 10:22:28 | batch update started 
[SYS] 2025/04/03 - 10:22:28 | batch update finished 
[SYS] 2025/04/03 - 10:22:33 | 正在更新数据看板数据... 
[SYS] 2025/04/03 - 10:22:33 | 保存数据看板数据成功，共保存0条数据 
[SYS] 2025/04/03 - 10:22:33 | syncing options from database 
[SYS] 2025/04/03 - 10:22:33 | syncing channels from database 
[SYS] 2025/04/03 - 10:22:33 | channels synced from database 
[SYS] 2025/04/03 - 10:22:33 | 任务进度轮询开始 
[SYS] 2025/04/03 - 10:22:33 | 任务进度轮询完成 
[SYS] 2025/04/03 - 10:22:33 | batch update started 
[SYS] 2025/04/03 - 10:22:33 | batch update finished 
[SYS] 2025/04/03 - 10:22:38 | batch update started 
[SYS] 2025/04/03 - 10:22:38 | batch update finished 
[SYS] 2025/04/03 - 10:22:43 | batch update started 
[SYS] 2025/04/03 - 10:22:43 | batch update finished 
[SYS] 2025/04/03 - 10:22:48 | 任务进度轮询开始 
[SYS] 2025/04/03 - 10:22:48 | 任务进度轮询完成 
[SYS] 2025/04/03 - 10:22:48 | batch update started 
[SYS] 2025/04/03 - 10:22:48 | batch update finished 
[SYS] 2025/04/03 - 10:22:56 | batch update started 
[SYS] 2025/04/03 - 10:22:56 | batch update finished 
[SYS] 2025/04/03 - 10:23:01 | batch update started 
[SYS] 2025/04/03 - 10:23:01 | batch update finished 
[SYS] 2025/04/03 - 10:23:06 | 任务进度轮询开始 
[SYS] 2025/04/03 - 10:23:06 | 任务进度轮询完成 
[SYS] 2025/04/03 - 10:23:06 | batch update started 
[SYS] 2025/04/03 - 10:23:06 | batch update finished 
[SYS] 2025/04/03 - 10:23:11 | batch update started 
[SYS] 2025/04/03 - 10:23:11 | batch update finished 
[SYS] 2025/04/03 - 10:23:16 | batch update started 
[SYS] 2025/04/03 - 10:23:16 | batch update finished 
[SYS] 2025/04/03 - 10:23:21 | 任务进度轮询开始 
[SYS] 2025/04/03 - 10:23:21 | 任务进度轮询完成 
[SYS] 2025/04/03 - 10:23:21 | batch update started 
[SYS] 2025/04/03 - 10:23:21 | batch update finished 
[SYS] 2025/04/03 - 10:23:29 | batch update started 
[SYS] 2025/04/03 - 10:23:29 | batch update finished 
[SYS] 2025/04/03 - 10:23:34 | batch update started 
[SYS] 2025/04/03 - 10:23:34 | batch update finished 
[SYS] 2025/04/03 - 10:23:39 | syncing options from database 
[SYS] 2025/04/03 - 10:23:39 | syncing channels from database 
[SYS] 2025/04/03 - 10:23:39 | channels synced from database 
[SYS] 2025/04/03 - 10:23:39 | 任务进度轮询开始 
[SYS] 2025/04/03 - 10:23:39 | 任务进度轮询完成 
[SYS] 2025/04/03 - 10:23:39 | batch update started 
[SYS] 2025/04/03 - 10:23:39 | batch update finished 
[SYS] 2025/04/03 - 10:23:44 | batch update started 
[SYS] 2025/04/03 - 10:23:44 | batch update finished 
[SYS] 2025/04/03 - 10:23:49 | batch update started 
[SYS] 2025/04/03 - 10:23:49 | batch update finished 
[SYS] 2025/04/03 - 10:23:54 | 任务进度轮询开始 
[SYS] 2025/04/03 - 10:23:54 | 任务进度轮询完成 
[SYS] 2025/04/03 - 10:23:54 | batch update started 
[SYS] 2025/04/03 - 10:23:54 | batch update finished 
[SYS] 2025/04/03 - 10:24:02 | batch update started 
[SYS] 2025/04/03 - 10:24:02 | batch update finished 
[SYS] 2025/04/03 - 10:24:07 | batch update started 
[SYS] 2025/04/03 - 10:24:07 | batch update finished 
[SYS] 2025/04/03 - 10:24:12 | 任务进度轮询开始 
[SYS] 2025/04/03 - 10:24:12 | 任务进度轮询完成 
[SYS] 2025/04/03 - 10:24:12 | batch update started 
[SYS] 2025/04/03 - 10:24:12 | batch update finished 
[SYS] 2025/04/03 - 10:24:17 | batch update started 
[SYS] 2025/04/03 - 10:24:17 | batch update finished 
[SYS] 2025/04/03 - 10:24:22 | batch update started 
[SYS] 2025/04/03 - 10:24:22 | batch update finished 
[SYS] 2025/04/03 - 10:24:27 | 任务进度轮询开始 
[SYS] 2025/04/03 - 10:24:27 | 任务进度轮询完成 
[SYS] 2025/04/03 - 10:24:27 | batch update started 
[SYS] 2025/04/03 - 10:24:27 | batch update finished 
[SYS] 2025/04/03 - 10:24:35 | batch update started 
[SYS] 2025/04/03 - 10:24:35 | batch update finished 
[SYS] 2025/04/03 - 10:24:40 | batch update started 
[SYS] 2025/04/03 - 10:24:40 | batch update finished 
[SYS] 2025/04/03 - 10:24:45 | syncing options from database 
[SYS] 2025/04/03 - 10:24:45 | syncing channels from database 
[SYS] 2025/04/03 - 10:24:45 | channels synced from database 
[SYS] 2025/04/03 - 10:24:45 | 任务进度轮询开始 
[SYS] 2025/04/03 - 10:24:45 | 任务进度轮询完成 
[SYS] 2025/04/03 - 10:24:45 | batch update started 
[SYS] 2025/04/03 - 10:24:45 | batch update finished 
[SYS] 2025/04/03 - 10:24:50 | batch update started 
[SYS] 2025/04/03 - 10:24:50 | batch update finished 
[SYS] 2025/04/03 - 10:24:55 | batch update started 
[SYS] 2025/04/03 - 10:24:55 | batch update finished 
[SYS] 2025/04/03 - 10:25:00 | 任务进度轮询开始 
[SYS] 2025/04/03 - 10:25:00 | 任务进度轮询完成 
[SYS] 2025/04/03 - 10:25:00 | batch update started 
[SYS] 2025/04/03 - 10:25:00 | batch update finished 
[SYS] 2025/04/03 - 10:25:08 | batch update started 
[SYS] 2025/04/03 - 10:25:08 | batch update finished 
[SYS] 2025/04/03 - 10:25:13 | batch update started 
[SYS] 2025/04/03 - 10:25:13 | batch update finished 
[SYS] 2025/04/03 - 10:25:18 | 任务进度轮询开始 
[SYS] 2025/04/03 - 10:25:18 | 任务进度轮询完成 
[SYS] 2025/04/03 - 10:25:18 | batch update started 
[SYS] 2025/04/03 - 10:25:18 | batch update finished 
[SYS] 2025/04/03 - 10:25:23 | batch update started 
[SYS] 2025/04/03 - 10:25:23 | batch update finished 
[SYS] 2025/04/03 - 10:25:28 | batch update started 
[SYS] 2025/04/03 - 10:25:28 | batch update finished 
[SYS] 2025/04/03 - 10:25:33 | 任务进度轮询开始 
[SYS] 2025/04/03 - 10:25:33 | 任务进度轮询完成 
[SYS] 2025/04/03 - 10:25:33 | batch update started 
[SYS] 2025/04/03 - 10:25:33 | batch update finished 
[SYS] 2025/04/03 - 10:25:42 | batch update started 
[SYS] 2025/04/03 - 10:25:42 | batch update finished 
[SYS] 2025/04/03 - 10:25:47 | batch update started 
[SYS] 2025/04/03 - 10:25:47 | batch update finished 
[SYS] 2025/04/03 - 10:25:51 | syncing options from database 
[SYS] 2025/04/03 - 10:25:51 | syncing channels from database 
[SYS] 2025/04/03 - 10:25:51 | channels synced from database 
[SYS] 2025/04/03 - 10:25:52 | 任务进度轮询开始 
[SYS] 2025/04/03 - 10:25:52 | 任务进度轮询完成 
[SYS] 2025/04/03 - 10:25:52 | batch update started 
[SYS] 2025/04/03 - 10:25:52 | batch update finished 
[SYS] 2025/04/03 - 10:25:57 | batch update started 
[SYS] 2025/04/03 - 10:25:57 | batch update finished 
[SYS] 2025/04/03 - 10:26:02 | batch update started 
[SYS] 2025/04/03 - 10:26:02 | batch update finished 
[SYS] 2025/04/03 - 10:26:07 | 任务进度轮询开始 
[SYS] 2025/04/03 - 10:26:07 | 任务进度轮询完成 
[SYS] 2025/04/03 - 10:26:07 | batch update started 
[SYS] 2025/04/03 - 10:26:07 | batch update finished 
[SYS] 2025/04/03 - 10:26:15 | batch update started 
[SYS] 2025/04/03 - 10:26:15 | batch update finished 
[SYS] 2025/04/03 - 10:26:20 | batch update started 
[SYS] 2025/04/03 - 10:26:20 | batch update finished 
[SYS] 2025/04/03 - 10:26:25 | 任务进度轮询开始 
[SYS] 2025/04/03 - 10:26:25 | 任务进度轮询完成 
[SYS] 2025/04/03 - 10:26:25 | batch update started 
[SYS] 2025/04/03 - 10:26:25 | batch update finished 
[SYS] 2025/04/03 - 10:26:30 | batch update started 
[SYS] 2025/04/03 - 10:26:30 | batch update finished 
[SYS] 2025/04/03 - 10:26:35 | batch update started 
[SYS] 2025/04/03 - 10:26:35 | batch update finished 
[SYS] 2025/04/03 - 10:26:40 | 任务进度轮询开始 
[SYS] 2025/04/03 - 10:26:40 | 任务进度轮询完成 
[SYS] 2025/04/03 - 10:26:40 | batch update started 
[SYS] 2025/04/03 - 10:26:40 | batch update finished 
[SYS] 2025/04/03 - 10:26:48 | batch update started 
[SYS] 2025/04/03 - 10:26:48 | batch update finished 
[SYS] 2025/04/03 - 10:26:53 | batch update started 
[SYS] 2025/04/03 - 10:26:53 | batch update finished 
[SYS] 2025/04/03 - 10:26:58 | syncing options from database 
[SYS] 2025/04/03 - 10:26:58 | syncing channels from database 
[SYS] 2025/04/03 - 10:26:58 | channels synced from database 
[SYS] 2025/04/03 - 10:26:58 | 任务进度轮询开始 
[SYS] 2025/04/03 - 10:26:58 | 任务进度轮询完成 
[SYS] 2025/04/03 - 10:26:58 | batch update started 
[SYS] 2025/04/03 - 10:26:58 | batch update finished 
[SYS] 2025/04/03 - 10:27:03 | batch update started 
[SYS] 2025/04/03 - 10:27:03 | batch update finished 
[SYS] 2025/04/03 - 10:27:08 | batch update started 
[SYS] 2025/04/03 - 10:27:08 | batch update finished 
[SYS] 2025/04/03 - 10:27:13 | 任务进度轮询开始 
[SYS] 2025/04/03 - 10:27:13 | 任务进度轮询完成 
[SYS] 2025/04/03 - 10:27:13 | batch update started 
[SYS] 2025/04/03 - 10:27:13 | batch update finished 
[SYS] 2025/04/03 - 10:27:21 | batch update started 
[SYS] 2025/04/03 - 10:27:21 | batch update finished 
[SYS] 2025/04/03 - 10:27:26 | batch update started 
[SYS] 2025/04/03 - 10:27:26 | batch update finished 
[SYS] 2025/04/03 - 10:27:31 | 任务进度轮询开始 
[SYS] 2025/04/03 - 10:27:31 | 任务进度轮询完成 
[SYS] 2025/04/03 - 10:27:31 | batch update started 
[SYS] 2025/04/03 - 10:27:31 | batch update finished 
[SYS] 2025/04/03 - 10:27:36 | batch update started 
[SYS] 2025/04/03 - 10:27:36 | batch update finished 
[SYS] 2025/04/03 - 10:27:41 | batch update started 
[SYS] 2025/04/03 - 10:27:41 | batch update finished 
[SYS] 2025/04/03 - 10:27:46 | 任务进度轮询开始 
[SYS] 2025/04/03 - 10:27:46 | 任务进度轮询完成 
[SYS] 2025/04/03 - 10:27:46 | batch update started 
[SYS] 2025/04/03 - 10:27:46 | batch update finished 
[SYS] 2025/04/03 - 10:27:54 | batch update started 
[SYS] 2025/04/03 - 10:27:54 | batch update finished 
[SYS] 2025/04/03 - 10:27:59 | batch update started 
[SYS] 2025/04/03 - 10:27:59 | batch update finished 
[SYS] 2025/04/03 - 10:28:04 | 正在更新数据看板数据... 
[SYS] 2025/04/03 - 10:28:04 | 保存数据看板数据成功，共保存0条数据 
[SYS] 2025/04/03 - 10:28:04 | testing all channels 
[SYS] 2025/04/03 - 10:28:04 | channel test finished 
[SYS] 2025/04/03 - 10:28:04 | syncing options from database 
[SYS] 2025/04/03 - 10:28:04 | syncing channels from database 
[SYS] 2025/04/03 - 10:28:04 | channels synced from database 
[SYS] 2025/04/03 - 10:28:04 | 任务进度轮询开始 
[SYS] 2025/04/03 - 10:28:04 | 任务进度轮询完成 
[SYS] 2025/04/03 - 10:28:04 | batch update started 
[SYS] 2025/04/03 - 10:28:04 | batch update finished 
[SYS] 2025/04/03 - 10:28:09 | batch update started 
[SYS] 2025/04/03 - 10:28:09 | batch update finished 
[SYS] 2025/04/03 - 10:28:14 | batch update started 
[SYS] 2025/04/03 - 10:28:14 | batch update finished 
[SYS] 2025/04/03 - 10:28:19 | 任务进度轮询开始 
[SYS] 2025/04/03 - 10:28:19 | 任务进度轮询完成 
[SYS] 2025/04/03 - 10:28:19 | batch update started 
[SYS] 2025/04/03 - 10:28:19 | batch update finished 
[SYS] 2025/04/03 - 10:28:27 | batch update started 
[SYS] 2025/04/03 - 10:28:27 | batch update finished 
[SYS] 2025/04/03 - 10:28:32 | batch update started 
[SYS] 2025/04/03 - 10:28:32 | batch update finished 
[SYS] 2025/04/03 - 10:28:37 | 任务进度轮询开始 
[SYS] 2025/04/03 - 10:28:37 | 任务进度轮询完成 
[SYS] 2025/04/03 - 10:28:37 | batch update started 
[SYS] 2025/04/03 - 10:28:37 | batch update finished 
[SYS] 2025/04/03 - 10:28:42 | batch update started 
[SYS] 2025/04/03 - 10:28:42 | batch update finished 
[SYS] 2025/04/03 - 10:28:47 | batch update started 
[SYS] 2025/04/03 - 10:28:47 | batch update finished 
[SYS] 2025/04/03 - 10:28:52 | 任务进度轮询开始 
[SYS] 2025/04/03 - 10:28:52 | 任务进度轮询完成 
[SYS] 2025/04/03 - 10:28:52 | batch update started 
[SYS] 2025/04/03 - 10:28:52 | batch update finished 
[SYS] 2025/04/03 - 10:29:01 | batch update started 
[SYS] 2025/04/03 - 10:29:01 | batch update finished 
[SYS] 2025/04/03 - 10:29:06 | batch update started 
[SYS] 2025/04/03 - 10:29:06 | batch update finished 
[SYS] 2025/04/03 - 10:29:10 | syncing options from database 
[SYS] 2025/04/03 - 10:29:10 | syncing channels from database 
[SYS] 2025/04/03 - 10:29:10 | channels synced from database 
[SYS] 2025/04/03 - 10:29:10 | 任务进度轮询开始 
[SYS] 2025/04/03 - 10:29:10 | 任务进度轮询完成 
[SYS] 2025/04/03 - 10:29:11 | batch update started 
[SYS] 2025/04/03 - 10:29:11 | batch update finished 
[SYS] 2025/04/03 - 10:29:16 | batch update started 
[SYS] 2025/04/03 - 10:29:16 | batch update finished 
[SYS] 2025/04/03 - 10:29:21 | batch update started 
[SYS] 2025/04/03 - 10:29:21 | batch update finished 
[SYS] 2025/04/03 - 10:29:25 | 任务进度轮询开始 
[SYS] 2025/04/03 - 10:29:25 | 任务进度轮询完成 
[SYS] 2025/04/03 - 10:29:26 | batch update started 
[SYS] 2025/04/03 - 10:29:26 | batch update finished 
[SYS] 2025/04/03 - 10:29:34 | batch update started 
[SYS] 2025/04/03 - 10:29:34 | batch update finished 
[SYS] 2025/04/03 - 10:29:39 | batch update started 
[SYS] 2025/04/03 - 10:29:39 | batch update finished 
[SYS] 2025/04/03 - 10:29:43 | 任务进度轮询开始 
[SYS] 2025/04/03 - 10:29:44 | 任务进度轮询完成 
[SYS] 2025/04/03 - 10:29:44 | batch update started 
[SYS] 2025/04/03 - 10:29:44 | batch update finished 
[SYS] 2025/04/03 - 10:29:49 | batch update started 
[SYS] 2025/04/03 - 10:29:49 | batch update finished 
[SYS] 2025/04/03 - 10:29:54 | batch update started 
[SYS] 2025/04/03 - 10:29:54 | batch update finished 
[SYS] 2025/04/03 - 10:29:59 | 任务进度轮询开始 
[SYS] 2025/04/03 - 10:29:59 | 任务进度轮询完成 
[SYS] 2025/04/03 - 10:29:59 | batch update started 
[SYS] 2025/04/03 - 10:29:59 | batch update finished 
[SYS] 2025/04/03 - 10:30:07 | batch update started 
[SYS] 2025/04/03 - 10:30:07 | batch update finished 
[SYS] 2025/04/03 - 10:30:12 | batch update started 
[SYS] 2025/04/03 - 10:30:12 | batch update finished 
[SYS] 2025/04/03 - 10:30:17 | syncing options from database 
[SYS] 2025/04/03 - 10:30:17 | syncing channels from database 
[SYS] 2025/04/03 - 10:30:17 | channels synced from database 
[SYS] 2025/04/03 - 10:30:17 | 任务进度轮询开始 
[SYS] 2025/04/03 - 10:30:17 | 任务进度轮询完成 
[SYS] 2025/04/03 - 10:30:17 | batch update started 
[SYS] 2025/04/03 - 10:30:17 | batch update finished 
[SYS] 2025/04/03 - 10:30:22 | batch update started 
[SYS] 2025/04/03 - 10:30:22 | batch update finished 
[SYS] 2025/04/03 - 10:30:27 | batch update started 
[SYS] 2025/04/03 - 10:30:27 | batch update finished 
[SYS] 2025/04/03 - 10:30:32 | 任务进度轮询开始 
[SYS] 2025/04/03 - 10:30:32 | 任务进度轮询完成 
[SYS] 2025/04/03 - 10:30:32 | batch update started 
[SYS] 2025/04/03 - 10:30:32 | batch update finished 
[SYS] 2025/04/03 - 10:30:40 | batch update started 
[SYS] 2025/04/03 - 10:30:40 | batch update finished 
[SYS] 2025/04/03 - 10:30:45 | batch update started 
[SYS] 2025/04/03 - 10:30:45 | batch update finished 
[SYS] 2025/04/03 - 10:30:50 | 任务进度轮询开始 
[SYS] 2025/04/03 - 10:30:50 | 任务进度轮询完成 
[SYS] 2025/04/03 - 10:30:50 | batch update started 
[SYS] 2025/04/03 - 10:30:50 | batch update finished 
[SYS] 2025/04/03 - 10:30:55 | batch update started 
[SYS] 2025/04/03 - 10:30:55 | batch update finished 
[SYS] 2025/04/03 - 10:31:00 | batch update started 
[SYS] 2025/04/03 - 10:31:00 | batch update finished 
[SYS] 2025/04/03 - 10:31:05 | 任务进度轮询开始 
[SYS] 2025/04/03 - 10:31:05 | 任务进度轮询完成 
[SYS] 2025/04/03 - 10:31:05 | batch update started 
[SYS] 2025/04/03 - 10:31:05 | batch update finished 
[SYS] 2025/04/03 - 10:31:13 | batch update started 
[SYS] 2025/04/03 - 10:31:13 | batch update finished 
[SYS] 2025/04/03 - 10:31:18 | batch update started 
[SYS] 2025/04/03 - 10:31:18 | batch update finished 
[SYS] 2025/04/03 - 10:31:23 | syncing options from database 
[SYS] 2025/04/03 - 10:31:23 | syncing channels from database 
[SYS] 2025/04/03 - 10:31:23 | channels synced from database 
[SYS] 2025/04/03 - 10:31:23 | 任务进度轮询开始 
[SYS] 2025/04/03 - 10:31:23 | 任务进度轮询完成 
[SYS] 2025/04/03 - 10:31:23 | batch update started 
[SYS] 2025/04/03 - 10:31:23 | batch update finished 
[SYS] 2025/04/03 - 10:31:28 | batch update started 
[SYS] 2025/04/03 - 10:31:28 | batch update finished 
[SYS] 2025/04/03 - 10:31:33 | batch update started 
[SYS] 2025/04/03 - 10:31:33 | batch update finished 
[SYS] 2025/04/03 - 10:31:38 | 任务进度轮询开始 
[SYS] 2025/04/03 - 10:31:38 | 任务进度轮询完成 
[SYS] 2025/04/03 - 10:31:38 | batch update started 
[SYS] 2025/04/03 - 10:31:38 | batch update finished 
[SYS] 2025/04/03 - 10:31:46 | batch update started 
[SYS] 2025/04/03 - 10:31:46 | batch update finished 
[SYS] 2025/04/03 - 10:31:51 | batch update started 
[SYS] 2025/04/03 - 10:31:51 | batch update finished 
[SYS] 2025/04/03 - 10:31:56 | 任务进度轮询开始 
[SYS] 2025/04/03 - 10:31:56 | 任务进度轮询完成 
[SYS] 2025/04/03 - 10:31:56 | batch update started 
[SYS] 2025/04/03 - 10:31:56 | batch update finished 
[SYS] 2025/04/03 - 10:32:01 | batch update started 
[SYS] 2025/04/03 - 10:32:01 | batch update finished 
[SYS] 2025/04/03 - 10:32:06 | batch update started 
[SYS] 2025/04/03 - 10:32:06 | batch update finished 
[SYS] 2025/04/03 - 10:32:11 | 任务进度轮询开始 
[SYS] 2025/04/03 - 10:32:11 | 任务进度轮询完成 
[SYS] 2025/04/03 - 10:32:11 | batch update started 
[SYS] 2025/04/03 - 10:32:11 | batch update finished 
[SYS] 2025/04/03 - 10:32:19 | batch update started 
[SYS] 2025/04/03 - 10:32:19 | batch update finished 
[SYS] 2025/04/03 - 10:32:24 | batch update started 
[SYS] 2025/04/03 - 10:32:24 | batch update finished 
[SYS] 2025/04/03 - 10:32:29 | syncing options from database 
[SYS] 2025/04/03 - 10:32:29 | syncing channels from database 
[SYS] 2025/04/03 - 10:32:29 | channels synced from database 
[SYS] 2025/04/03 - 10:32:29 | 任务进度轮询开始 
[SYS] 2025/04/03 - 10:32:29 | 任务进度轮询完成 
[SYS] 2025/04/03 - 10:32:29 | batch update started 
[SYS] 2025/04/03 - 10:32:29 | batch update finished 
[SYS] 2025/04/03 - 10:32:34 | batch update started 
[SYS] 2025/04/03 - 10:32:34 | batch update finished 
[SYS] 2025/04/03 - 10:32:39 | batch update started 
[SYS] 2025/04/03 - 10:32:39 | batch update finished 
[SYS] 2025/04/03 - 10:32:44 | 任务进度轮询开始 
[SYS] 2025/04/03 - 10:32:44 | 任务进度轮询完成 
[SYS] 2025/04/03 - 10:32:44 | batch update started 
[SYS] 2025/04/03 - 10:32:44 | batch update finished 
[SYS] 2025/04/03 - 10:32:53 | batch update started 
[SYS] 2025/04/03 - 10:32:53 | batch update finished 
[SYS] 2025/04/03 - 10:32:58 | batch update started 
[SYS] 2025/04/03 - 10:32:58 | batch update finished 
[SYS] 2025/04/03 - 10:33:02 | 任务进度轮询开始 
[SYS] 2025/04/03 - 10:33:02 | 任务进度轮询完成 
[SYS] 2025/04/03 - 10:33:03 | batch update started 
[SYS] 2025/04/03 - 10:33:03 | batch update finished 
[SYS] 2025/04/03 - 10:33:08 | batch update started 
[SYS] 2025/04/03 - 10:33:08 | batch update finished 
[SYS] 2025/04/03 - 10:33:13 | batch update started 
[SYS] 2025/04/03 - 10:33:13 | batch update finished 
[SYS] 2025/04/03 - 10:33:17 | 任务进度轮询开始 
[SYS] 2025/04/03 - 10:33:17 | 任务进度轮询完成 
[SYS] 2025/04/03 - 10:33:18 | batch update started 
[SYS] 2025/04/03 - 10:33:18 | batch update finished 
[SYS] 2025/04/03 - 10:33:26 | batch update started 
[SYS] 2025/04/03 - 10:33:26 | batch update finished 
[SYS] 2025/04/03 - 10:33:31 | batch update started 
[SYS] 2025/04/03 - 10:33:31 | batch update finished 
[SYS] 2025/04/03 - 10:33:35 | 正在更新数据看板数据... 
[SYS] 2025/04/03 - 10:33:35 | 保存数据看板数据成功，共保存0条数据 
[SYS] 2025/04/03 - 10:33:35 | syncing options from database 
[SYS] 2025/04/03 - 10:33:35 | syncing channels from database 
[SYS] 2025/04/03 - 10:33:35 | channels synced from database 
[SYS] 2025/04/03 - 10:33:36 | 任务进度轮询开始 
[SYS] 2025/04/03 - 10:33:36 | 任务进度轮询完成 
[SYS] 2025/04/03 - 10:33:36 | batch update started 
[SYS] 2025/04/03 - 10:33:36 | batch update finished 
[SYS] 2025/04/03 - 10:33:41 | batch update started 
[SYS] 2025/04/03 - 10:33:41 | batch update finished 
[SYS] 2025/04/03 - 10:33:46 | batch update started 
[SYS] 2025/04/03 - 10:33:46 | batch update finished 
[SYS] 2025/04/03 - 10:33:51 | 任务进度轮询开始 
[SYS] 2025/04/03 - 10:33:51 | 任务进度轮询完成 
[SYS] 2025/04/03 - 10:33:51 | batch update started 
[SYS] 2025/04/03 - 10:33:51 | batch update finished 
[SYS] 2025/04/03 - 10:33:57 | batch update started 
[SYS] 2025/04/03 - 10:33:57 | batch update finished 
[SYS] 2025/04/03 - 10:34:02 | batch update started 
[SYS] 2025/04/03 - 10:34:02 | batch update finished 
[SYS] 2025/04/03 - 10:34:07 | 任务进度轮询开始 
[SYS] 2025/04/03 - 10:34:07 | 任务进度轮询完成 
[SYS] 2025/04/03 - 10:34:07 | batch update started 
[SYS] 2025/04/03 - 10:34:07 | batch update finished 
[SYS] 2025/04/03 - 10:34:15 | batch update started 
[SYS] 2025/04/03 - 10:34:15 | batch update finished 
[SYS] 2025/04/03 - 10:34:20 | batch update started 
[SYS] 2025/04/03 - 10:34:20 | batch update finished 
[SYS] 2025/04/03 - 10:34:25 | 任务进度轮询开始 
[SYS] 2025/04/03 - 10:34:25 | 任务进度轮询完成 
[SYS] 2025/04/03 - 10:34:25 | batch update started 
[SYS] 2025/04/03 - 10:34:25 | batch update finished 
[SYS] 2025/04/03 - 10:34:30 | batch update started 
[SYS] 2025/04/03 - 10:34:30 | batch update finished 
[SYS] 2025/04/03 - 10:34:35 | batch update started 
[SYS] 2025/04/03 - 10:34:35 | batch update finished 
[SYS] 2025/04/03 - 10:34:40 | syncing options from database 
[SYS] 2025/04/03 - 10:34:40 | syncing channels from database 
[SYS] 2025/04/03 - 10:34:40 | channels synced from database 
[SYS] 2025/04/03 - 10:34:40 | 任务进度轮询开始 
[SYS] 2025/04/03 - 10:34:40 | 任务进度轮询完成 
[SYS] 2025/04/03 - 10:34:40 | batch update started 
[SYS] 2025/04/03 - 10:34:40 | batch update finished 
[SYS] 2025/04/03 - 10:34:48 | batch update started 
[SYS] 2025/04/03 - 10:34:48 | batch update finished 
[SYS] 2025/04/03 - 10:34:53 | batch update started 
[SYS] 2025/04/03 - 10:34:53 | batch update finished 
[SYS] 2025/04/03 - 10:34:58 | 任务进度轮询开始 
[SYS] 2025/04/03 - 10:34:58 | 任务进度轮询完成 
[SYS] 2025/04/03 - 10:34:58 | batch update started 
[SYS] 2025/04/03 - 10:34:58 | batch update finished 
[SYS] 2025/04/03 - 10:35:05 | batch update started 
[SYS] 2025/04/03 - 10:35:05 | batch update finished 
[SYS] 2025/04/03 - 10:35:10 | batch update started 
[SYS] 2025/04/03 - 10:35:10 | batch update finished 
[SYS] 2025/04/03 - 10:35:15 | 任务进度轮询开始 
[SYS] 2025/04/03 - 10:35:15 | 任务进度轮询完成 
[SYS] 2025/04/03 - 10:35:15 | batch update started 
[SYS] 2025/04/03 - 10:35:15 | batch update finished 
[SYS] 2025/04/03 - 10:35:20 | batch update started 
[SYS] 2025/04/03 - 10:35:20 | batch update finished 
[SYS] 2025/04/03 - 10:35:25 | batch update started 
[SYS] 2025/04/03 - 10:35:25 | batch update finished 
[SYS] 2025/04/03 - 10:35:30 | 任务进度轮询开始 
[SYS] 2025/04/03 - 10:35:30 | 任务进度轮询完成 
[SYS] 2025/04/03 - 10:35:30 | batch update started 
[SYS] 2025/04/03 - 10:35:30 | batch update finished 
[SYS] 2025/04/03 - 10:35:38 | batch update started 
[SYS] 2025/04/03 - 10:35:38 | batch update finished 
[SYS] 2025/04/03 - 10:35:43 | batch update started 
[SYS] 2025/04/03 - 10:35:43 | batch update finished 
[SYS] 2025/04/03 - 10:35:48 | syncing options from database 
[SYS] 2025/04/03 - 10:35:48 | syncing channels from database 
[SYS] 2025/04/03 - 10:35:48 | channels synced from database 
[SYS] 2025/04/03 - 10:35:48 | 任务进度轮询开始 
[SYS] 2025/04/03 - 10:35:48 | 任务进度轮询完成 
[SYS] 2025/04/03 - 10:35:48 | batch update started 
[SYS] 2025/04/03 - 10:35:48 | batch update finished 
[SYS] 2025/04/03 - 10:35:53 | batch update started 
[SYS] 2025/04/03 - 10:35:53 | batch update finished 
[SYS] 2025/04/03 - 10:35:58 | batch update started 
[SYS] 2025/04/03 - 10:35:58 | batch update finished 
[SYS] 2025/04/03 - 10:36:03 | 任务进度轮询开始 
[SYS] 2025/04/03 - 10:36:03 | 任务进度轮询完成 
[SYS] 2025/04/03 - 10:36:03 | batch update started 
[SYS] 2025/04/03 - 10:36:03 | batch update finished 
[SYS] 2025/04/03 - 10:36:11 | batch update started 
[SYS] 2025/04/03 - 10:36:11 | batch update finished 
[SYS] 2025/04/03 - 10:36:16 | batch update started 
[SYS] 2025/04/03 - 10:36:16 | batch update finished 
[SYS] 2025/04/03 - 10:36:21 | 任务进度轮询开始 
[SYS] 2025/04/03 - 10:36:21 | 任务进度轮询完成 
[SYS] 2025/04/03 - 10:36:21 | batch update started 
[SYS] 2025/04/03 - 10:36:21 | batch update finished 
[SYS] 2025/04/03 - 10:36:26 | batch update started 
[SYS] 2025/04/03 - 10:36:26 | batch update finished 
[SYS] 2025/04/03 - 10:36:31 | batch update started 
[SYS] 2025/04/03 - 10:36:31 | batch update finished 
[SYS] 2025/04/03 - 10:36:36 | 任务进度轮询开始 
[SYS] 2025/04/03 - 10:36:36 | 任务进度轮询完成 
[SYS] 2025/04/03 - 10:36:36 | batch update started 
[SYS] 2025/04/03 - 10:36:36 | batch update finished 
[SYS] 2025/04/03 - 10:36:45 | batch update started 
[SYS] 2025/04/03 - 10:36:45 | batch update finished 
[SYS] 2025/04/03 - 10:36:50 | batch update started 
[SYS] 2025/04/03 - 10:36:50 | batch update finished 
[SYS] 2025/04/03 - 10:36:54 | syncing options from database 
[SYS] 2025/04/03 - 10:36:54 | syncing channels from database 
[SYS] 2025/04/03 - 10:36:54 | channels synced from database 
[SYS] 2025/04/03 - 10:36:54 | 任务进度轮询开始 
[SYS] 2025/04/03 - 10:36:54 | 任务进度轮询完成 
[SYS] 2025/04/03 - 10:36:55 | batch update started 
[SYS] 2025/04/03 - 10:36:55 | batch update finished 
[SYS] 2025/04/03 - 10:37:00 | batch update started 
[SYS] 2025/04/03 - 10:37:00 | batch update finished 
[SYS] 2025/04/03 - 10:37:05 | batch update started 
[SYS] 2025/04/03 - 10:37:05 | batch update finished 
[SYS] 2025/04/03 - 10:37:09 | 任务进度轮询开始 
[SYS] 2025/04/03 - 10:37:09 | 任务进度轮询完成 
[SYS] 2025/04/03 - 10:37:10 | batch update started 
[SYS] 2025/04/03 - 10:37:10 | batch update finished 
[SYS] 2025/04/03 - 10:37:18 | batch update started 
[SYS] 2025/04/03 - 10:37:18 | batch update finished 
[SYS] 2025/04/03 - 10:37:23 | batch update started 
[SYS] 2025/04/03 - 10:37:23 | batch update finished 
[SYS] 2025/04/03 - 10:37:28 | 任务进度轮询开始 
[SYS] 2025/04/03 - 10:37:28 | 任务进度轮询完成 
[SYS] 2025/04/03 - 10:37:28 | batch update started 
[SYS] 2025/04/03 - 10:37:28 | batch update finished 
[SYS] 2025/04/03 - 10:37:33 | batch update started 
[SYS] 2025/04/03 - 10:37:33 | batch update finished 
[SYS] 2025/04/03 - 10:37:38 | batch update started 
[SYS] 2025/04/03 - 10:37:38 | batch update finished 
[SYS] 2025/04/03 - 10:37:43 | 任务进度轮询开始 
[SYS] 2025/04/03 - 10:37:43 | 任务进度轮询完成 
[SYS] 2025/04/03 - 10:37:43 | batch update started 
[SYS] 2025/04/03 - 10:37:43 | batch update finished 
[SYS] 2025/04/03 - 10:37:51 | batch update started 
[SYS] 2025/04/03 - 10:37:51 | batch update finished 
[SYS] 2025/04/03 - 10:37:56 | batch update started 
[SYS] 2025/04/03 - 10:37:56 | batch update finished 
[SYS] 2025/04/03 - 10:38:01 | syncing options from database 
[SYS] 2025/04/03 - 10:38:01 | syncing channels from database 
[SYS] 2025/04/03 - 10:38:01 | channels synced from database 
[SYS] 2025/04/03 - 10:38:01 | 任务进度轮询开始 
[SYS] 2025/04/03 - 10:38:01 | 任务进度轮询完成 
[SYS] 2025/04/03 - 10:38:01 | batch update started 
[SYS] 2025/04/03 - 10:38:01 | batch update finished 
[SYS] 2025/04/03 - 10:38:06 | batch update started 
[SYS] 2025/04/03 - 10:38:06 | batch update finished 
[SYS] 2025/04/03 - 10:38:11 | batch update started 
[SYS] 2025/04/03 - 10:38:11 | batch update finished 
[SYS] 2025/04/03 - 10:38:16 | 任务进度轮询开始 
[SYS] 2025/04/03 - 10:38:16 | 任务进度轮询完成 
[SYS] 2025/04/03 - 10:38:16 | batch update started 
[SYS] 2025/04/03 - 10:38:16 | batch update finished 
[SYS] 2025/04/03 - 10:38:24 | batch update started 
[SYS] 2025/04/03 - 10:38:24 | batch update finished 
[SYS] 2025/04/03 - 10:38:29 | batch update started 
[SYS] 2025/04/03 - 10:38:29 | batch update finished 
[SYS] 2025/04/03 - 10:38:34 | 任务进度轮询开始 
[SYS] 2025/04/03 - 10:38:34 | 任务进度轮询完成 
[SYS] 2025/04/03 - 10:38:34 | batch update started 
[SYS] 2025/04/03 - 10:38:34 | batch update finished 
[SYS] 2025/04/03 - 10:38:39 | batch update started 
[SYS] 2025/04/03 - 10:38:39 | batch update finished 
[SYS] 2025/04/03 - 10:38:44 | batch update started 
[SYS] 2025/04/03 - 10:38:44 | batch update finished 
[SYS] 2025/04/03 - 10:38:49 | 任务进度轮询开始 
[SYS] 2025/04/03 - 10:38:49 | 任务进度轮询完成 
[SYS] 2025/04/03 - 10:38:49 | batch update started 
[SYS] 2025/04/03 - 10:38:49 | batch update finished 
[SYS] 2025/04/03 - 10:38:57 | batch update started 
[SYS] 2025/04/03 - 10:38:57 | batch update finished 
[SYS] 2025/04/03 - 10:39:02 | batch update started 
[SYS] 2025/04/03 - 10:39:02 | batch update finished 
[SYS] 2025/04/03 - 10:39:07 | testing all channels 
[SYS] 2025/04/03 - 10:39:07 | 正在更新数据看板数据... 
[SYS] 2025/04/03 - 10:39:07 | 保存数据看板数据成功，共保存0条数据 
[SYS] 2025/04/03 - 10:39:07 | channel test finished 
[SYS] 2025/04/03 - 10:39:07 | syncing options from database 
[SYS] 2025/04/03 - 10:39:07 | syncing channels from database 
[SYS] 2025/04/03 - 10:39:07 | channels synced from database 
[SYS] 2025/04/03 - 10:39:07 | 任务进度轮询开始 
[SYS] 2025/04/03 - 10:39:07 | 任务进度轮询完成 
[SYS] 2025/04/03 - 10:39:07 | batch update started 
[SYS] 2025/04/03 - 10:39:07 | batch update finished 
[SYS] 2025/04/03 - 10:39:12 | batch update started 
[SYS] 2025/04/03 - 10:39:12 | batch update finished 
[SYS] 2025/04/03 - 10:39:17 | batch update started 
[SYS] 2025/04/03 - 10:39:17 | batch update finished 
[SYS] 2025/04/03 - 10:39:22 | 任务进度轮询开始 
[SYS] 2025/04/03 - 10:39:22 | 任务进度轮询完成 
[SYS] 2025/04/03 - 10:39:22 | batch update started 
[SYS] 2025/04/03 - 10:39:22 | batch update finished 
[SYS] 2025/04/03 - 10:39:30 | batch update started 
[SYS] 2025/04/03 - 10:39:30 | batch update finished 
[SYS] 2025/04/03 - 10:39:35 | batch update started 
[SYS] 2025/04/03 - 10:39:35 | batch update finished 
[SYS] 2025/04/03 - 10:39:40 | 任务进度轮询开始 
[SYS] 2025/04/03 - 10:39:40 | 任务进度轮询完成 
[SYS] 2025/04/03 - 10:39:40 | batch update started 
[SYS] 2025/04/03 - 10:39:40 | batch update finished 
[SYS] 2025/04/03 - 10:39:45 | batch update started 
[SYS] 2025/04/03 - 10:39:45 | batch update finished 
[SYS] 2025/04/03 - 10:39:50 | batch update started 
[SYS] 2025/04/03 - 10:39:50 | batch update finished 
[SYS] 2025/04/03 - 10:39:55 | 任务进度轮询开始 
[SYS] 2025/04/03 - 10:39:55 | 任务进度轮询完成 
[SYS] 2025/04/03 - 10:39:55 | batch update started 
[SYS] 2025/04/03 - 10:39:55 | batch update finished 
[SYS] 2025/04/03 - 10:40:04 | batch update started 
[SYS] 2025/04/03 - 10:40:04 | batch update finished 
[SYS] 2025/04/03 - 10:40:09 | batch update started 
[SYS] 2025/04/03 - 10:40:09 | batch update finished 
[SYS] 2025/04/03 - 10:40:13 | syncing options from database 
[SYS] 2025/04/03 - 10:40:13 | syncing channels from database 
[SYS] 2025/04/03 - 10:40:13 | channels synced from database 
[SYS] 2025/04/03 - 10:40:13 | 任务进度轮询开始 
[SYS] 2025/04/03 - 10:40:13 | 任务进度轮询完成 
[SYS] 2025/04/03 - 10:40:14 | batch update started 
[SYS] 2025/04/03 - 10:40:14 | batch update finished 
[SYS] 2025/04/03 - 10:40:19 | batch update started 
[SYS] 2025/04/03 - 10:40:19 | batch update finished 
[SYS] 2025/04/03 - 10:40:24 | batch update started 
[SYS] 2025/04/03 - 10:40:24 | batch update finished 
[SYS] 2025/04/03 - 10:40:28 | 任务进度轮询开始 
[SYS] 2025/04/03 - 10:40:28 | 任务进度轮询完成 
[SYS] 2025/04/03 - 10:40:29 | batch update started 
[SYS] 2025/04/03 - 10:40:29 | batch update finished 
[SYS] 2025/04/03 - 10:40:37 | batch update started 
[SYS] 2025/04/03 - 10:40:37 | batch update finished 
[SYS] 2025/04/03 - 10:40:42 | batch update started 
[SYS] 2025/04/03 - 10:40:42 | batch update finished 
[SYS] 2025/04/03 - 10:40:46 | 任务进度轮询开始 
[SYS] 2025/04/03 - 10:40:46 | 任务进度轮询完成 
[SYS] 2025/04/03 - 10:40:47 | batch update started 
[SYS] 2025/04/03 - 10:40:47 | batch update finished 
[SYS] 2025/04/03 - 10:40:52 | batch update started 
[SYS] 2025/04/03 - 10:40:52 | batch update finished 
[SYS] 2025/04/03 - 10:40:57 | batch update started 
[SYS] 2025/04/03 - 10:40:57 | batch update finished 
[SYS] 2025/04/03 - 10:41:01 | 任务进度轮询开始 
[SYS] 2025/04/03 - 10:41:01 | 任务进度轮询完成 
[SYS] 2025/04/03 - 10:41:02 | batch update started 
[SYS] 2025/04/03 - 10:41:02 | batch update finished 
[SYS] 2025/04/03 - 10:41:10 | batch update started 
[SYS] 2025/04/03 - 10:41:10 | batch update finished 
[SYS] 2025/04/03 - 10:41:15 | batch update started 
[SYS] 2025/04/03 - 10:41:15 | batch update finished 
[SYS] 2025/04/03 - 10:41:19 | syncing options from database 
[SYS] 2025/04/03 - 10:41:19 | syncing channels from database 
[SYS] 2025/04/03 - 10:41:19 | channels synced from database 
[SYS] 2025/04/03 - 10:41:20 | 任务进度轮询开始 
[SYS] 2025/04/03 - 10:41:20 | 任务进度轮询完成 
[SYS] 2025/04/03 - 10:41:20 | batch update started 
[SYS] 2025/04/03 - 10:41:20 | batch update finished 
[SYS] 2025/04/03 - 10:41:25 | batch update started 
[SYS] 2025/04/03 - 10:41:25 | batch update finished 
[SYS] 2025/04/03 - 10:41:30 | batch update started 
[SYS] 2025/04/03 - 10:41:30 | batch update finished 
[SYS] 2025/04/03 - 10:41:35 | 任务进度轮询开始 
[SYS] 2025/04/03 - 10:41:35 | 任务进度轮询完成 
[SYS] 2025/04/03 - 10:41:35 | batch update started 
[SYS] 2025/04/03 - 10:41:35 | batch update finished 
[SYS] 2025/04/03 - 10:41:43 | batch update started 
[SYS] 2025/04/03 - 10:41:43 | batch update finished 
[SYS] 2025/04/03 - 10:41:48 | batch update started 
[SYS] 2025/04/03 - 10:41:48 | batch update finished 
[SYS] 2025/04/03 - 10:41:53 | 任务进度轮询开始 
[SYS] 2025/04/03 - 10:41:53 | 任务进度轮询完成 
[SYS] 2025/04/03 - 10:41:53 | batch update started 
[SYS] 2025/04/03 - 10:41:53 | batch update finished 
[SYS] 2025/04/03 - 10:41:58 | batch update started 
[SYS] 2025/04/03 - 10:41:58 | batch update finished 
[SYS] 2025/04/03 - 10:42:03 | batch update started 
[SYS] 2025/04/03 - 10:42:03 | batch update finished 
[SYS] 2025/04/03 - 10:42:08 | 任务进度轮询开始 
[SYS] 2025/04/03 - 10:42:08 | 任务进度轮询完成 
[SYS] 2025/04/03 - 10:42:08 | batch update started 
[SYS] 2025/04/03 - 10:42:08 | batch update finished 
[SYS] 2025/04/03 - 10:42:16 | batch update started 
[SYS] 2025/04/03 - 10:42:16 | batch update finished 
[SYS] 2025/04/03 - 10:42:21 | batch update started 
[SYS] 2025/04/03 - 10:42:21 | batch update finished 
[SYS] 2025/04/03 - 10:42:26 | syncing options from database 
[SYS] 2025/04/03 - 10:42:26 | syncing channels from database 
[SYS] 2025/04/03 - 10:42:26 | channels synced from database 
[SYS] 2025/04/03 - 10:42:26 | 任务进度轮询开始 
[SYS] 2025/04/03 - 10:42:26 | 任务进度轮询完成 
[SYS] 2025/04/03 - 10:42:26 | batch update started 
[SYS] 2025/04/03 - 10:42:26 | batch update finished 
[SYS] 2025/04/03 - 10:42:31 | batch update started 
[SYS] 2025/04/03 - 10:42:31 | batch update finished 
[SYS] 2025/04/03 - 10:42:36 | batch update started 
[SYS] 2025/04/03 - 10:42:36 | batch update finished 
[SYS] 2025/04/03 - 10:42:41 | 任务进度轮询开始 
[SYS] 2025/04/03 - 10:42:41 | 任务进度轮询完成 
[SYS] 2025/04/03 - 10:42:41 | batch update started 
[SYS] 2025/04/03 - 10:42:41 | batch update finished 
[SYS] 2025/04/03 - 10:42:49 | batch update started 
[SYS] 2025/04/03 - 10:42:49 | batch update finished 
[SYS] 2025/04/03 - 10:42:54 | batch update started 
[SYS] 2025/04/03 - 10:42:54 | batch update finished 
[SYS] 2025/04/03 - 10:42:59 | 任务进度轮询开始 
[SYS] 2025/04/03 - 10:42:59 | 任务进度轮询完成 
[SYS] 2025/04/03 - 10:42:59 | batch update started 
[SYS] 2025/04/03 - 10:42:59 | batch update finished 
[SYS] 2025/04/03 - 10:43:04 | batch update started 
[SYS] 2025/04/03 - 10:43:04 | batch update finished 
[SYS] 2025/04/03 - 10:43:09 | batch update started 
[SYS] 2025/04/03 - 10:43:09 | batch update finished 
[SYS] 2025/04/03 - 10:43:14 | 任务进度轮询开始 
[SYS] 2025/04/03 - 10:43:14 | 任务进度轮询完成 
[SYS] 2025/04/03 - 10:43:14 | batch update started 
[SYS] 2025/04/03 - 10:43:14 | batch update finished 
[SYS] 2025/04/03 - 10:43:23 | batch update started 
[SYS] 2025/04/03 - 10:43:23 | batch update finished 
[SYS] 2025/04/03 - 10:43:28 | batch update started 
[SYS] 2025/04/03 - 10:43:28 | batch update finished 
[SYS] 2025/04/03 - 10:43:32 | syncing options from database 
[SYS] 2025/04/03 - 10:43:32 | syncing channels from database 
[SYS] 2025/04/03 - 10:43:32 | channels synced from database 
[SYS] 2025/04/03 - 10:43:32 | 任务进度轮询开始 
[SYS] 2025/04/03 - 10:43:32 | 任务进度轮询完成 
[SYS] 2025/04/03 - 10:43:33 | batch update started 
[SYS] 2025/04/03 - 10:43:33 | batch update finished 
[SYS] 2025/04/03 - 10:43:38 | batch update started 
[SYS] 2025/04/03 - 10:43:38 | batch update finished 
[SYS] 2025/04/03 - 10:43:43 | batch update started 
[SYS] 2025/04/03 - 10:43:43 | batch update finished 
[SYS] 2025/04/03 - 10:43:47 | 任务进度轮询开始 
[SYS] 2025/04/03 - 10:43:47 | 任务进度轮询完成 
[SYS] 2025/04/03 - 10:43:48 | batch update started 
[SYS] 2025/04/03 - 10:43:48 | batch update finished 
[SYS] 2025/04/03 - 10:43:56 | batch update started 
[SYS] 2025/04/03 - 10:43:56 | batch update finished 
[SYS] 2025/04/03 - 10:44:01 | batch update started 
[SYS] 2025/04/03 - 10:44:01 | batch update finished 
[SYS] 2025/04/03 - 10:44:05 | 任务进度轮询开始 
[SYS] 2025/04/03 - 10:44:05 | 任务进度轮询完成 
[SYS] 2025/04/03 - 10:44:06 | batch update started 
[SYS] 2025/04/03 - 10:44:06 | batch update finished 
[SYS] 2025/04/03 - 10:44:11 | batch update started 
[SYS] 2025/04/03 - 10:44:11 | batch update finished 
[SYS] 2025/04/03 - 10:44:16 | batch update started 
[SYS] 2025/04/03 - 10:44:16 | batch update finished 
[SYS] 2025/04/03 - 10:44:20 | 任务进度轮询开始 
[SYS] 2025/04/03 - 10:44:20 | 任务进度轮询完成 
[SYS] 2025/04/03 - 10:44:21 | batch update started 
[SYS] 2025/04/03 - 10:44:21 | batch update finished 
[SYS] 2025/04/03 - 10:44:29 | batch update started 
[SYS] 2025/04/03 - 10:44:29 | batch update finished 
[SYS] 2025/04/03 - 10:44:34 | batch update started 
[SYS] 2025/04/03 - 10:44:34 | batch update finished 
[SYS] 2025/04/03 - 10:44:38 | 正在更新数据看板数据... 
[SYS] 2025/04/03 - 10:44:38 | 保存数据看板数据成功，共保存0条数据 
[SYS] 2025/04/03 - 10:44:38 | syncing options from database 
[SYS] 2025/04/03 - 10:44:38 | syncing channels from database 
[SYS] 2025/04/03 - 10:44:38 | channels synced from database 
[SYS] 2025/04/03 - 10:44:38 | 任务进度轮询开始 
[SYS] 2025/04/03 - 10:44:38 | 任务进度轮询完成 
[SYS] 2025/04/03 - 10:44:39 | batch update started 
[SYS] 2025/04/03 - 10:44:39 | batch update finished 
[SYS] 2025/04/03 - 10:44:44 | batch update started 
[SYS] 2025/04/03 - 10:44:44 | batch update finished 
[SYS] 2025/04/03 - 10:44:49 | batch update started 
[SYS] 2025/04/03 - 10:44:49 | batch update finished 
[SYS] 2025/04/03 - 10:44:53 | 任务进度轮询开始 
[SYS] 2025/04/03 - 10:44:53 | 任务进度轮询完成 
[SYS] 2025/04/03 - 10:44:54 | batch update started 
[SYS] 2025/04/03 - 10:44:54 | batch update finished 
[SYS] 2025/04/03 - 10:45:02 | batch update started 
[SYS] 2025/04/03 - 10:45:02 | batch update finished 
[SYS] 2025/04/03 - 10:45:07 | batch update started 
[SYS] 2025/04/03 - 10:45:07 | batch update finished 
[SYS] 2025/04/03 - 10:45:12 | 任务进度轮询开始 
[SYS] 2025/04/03 - 10:45:12 | 任务进度轮询完成 
[SYS] 2025/04/03 - 10:45:12 | batch update started 
[SYS] 2025/04/03 - 10:45:12 | batch update finished 
[SYS] 2025/04/03 - 10:45:17 | batch update started 
[SYS] 2025/04/03 - 10:45:17 | batch update finished 
[SYS] 2025/04/03 - 10:45:22 | batch update started 
[SYS] 2025/04/03 - 10:45:22 | batch update finished 
[SYS] 2025/04/03 - 10:45:27 | 任务进度轮询开始 
[SYS] 2025/04/03 - 10:45:27 | 任务进度轮询完成 
[SYS] 2025/04/03 - 10:45:27 | batch update started 
[SYS] 2025/04/03 - 10:45:27 | batch update finished 
[SYS] 2025/04/03 - 10:45:35 | batch update started 
[SYS] 2025/04/03 - 10:45:35 | batch update finished 
[SYS] 2025/04/03 - 10:45:40 | batch update started 
[SYS] 2025/04/03 - 10:45:40 | batch update finished 
[SYS] 2025/04/03 - 10:45:45 | syncing options from database 
[SYS] 2025/04/03 - 10:45:45 | syncing channels from database 
[SYS] 2025/04/03 - 10:45:45 | channels synced from database 
[SYS] 2025/04/03 - 10:45:45 | 任务进度轮询开始 
[SYS] 2025/04/03 - 10:45:45 | 任务进度轮询完成 
[SYS] 2025/04/03 - 10:45:45 | batch update started 
[SYS] 2025/04/03 - 10:45:45 | batch update finished 
[SYS] 2025/04/03 - 10:45:50 | batch update started 
[SYS] 2025/04/03 - 10:45:50 | batch update finished 
[SYS] 2025/04/03 - 10:45:55 | batch update started 
[SYS] 2025/04/03 - 10:45:55 | batch update finished 
[SYS] 2025/04/03 - 10:46:00 | 任务进度轮询开始 
[SYS] 2025/04/03 - 10:46:00 | 任务进度轮询完成 
[SYS] 2025/04/03 - 10:46:00 | batch update started 
[SYS] 2025/04/03 - 10:46:00 | batch update finished 
[SYS] 2025/04/03 - 10:46:08 | batch update started 
[SYS] 2025/04/03 - 10:46:08 | batch update finished 
[SYS] 2025/04/03 - 10:46:13 | batch update started 
[SYS] 2025/04/03 - 10:46:13 | batch update finished 
[SYS] 2025/04/03 - 10:46:18 | 任务进度轮询开始 
[SYS] 2025/04/03 - 10:46:18 | 任务进度轮询完成 
[SYS] 2025/04/03 - 10:46:18 | batch update started 
[SYS] 2025/04/03 - 10:46:18 | batch update finished 
[SYS] 2025/04/03 - 10:46:23 | batch update started 
[SYS] 2025/04/03 - 10:46:23 | batch update finished 
[SYS] 2025/04/03 - 10:46:28 | batch update started 
[SYS] 2025/04/03 - 10:46:28 | batch update finished 
[SYS] 2025/04/03 - 10:46:33 | 任务进度轮询开始 
[SYS] 2025/04/03 - 10:46:33 | 任务进度轮询完成 
[SYS] 2025/04/03 - 10:46:33 | batch update started 
[SYS] 2025/04/03 - 10:46:33 | batch update finished 
[SYS] 2025/04/03 - 10:46:41 | batch update started 
[SYS] 2025/04/03 - 10:46:41 | batch update finished 
[SYS] 2025/04/03 - 10:46:46 | batch update started 
[SYS] 2025/04/03 - 10:46:46 | batch update finished 
[SYS] 2025/04/03 - 10:46:51 | syncing options from database 
[SYS] 2025/04/03 - 10:46:51 | syncing channels from database 
[SYS] 2025/04/03 - 10:46:51 | channels synced from database 
[SYS] 2025/04/03 - 10:46:51 | 任务进度轮询开始 
[SYS] 2025/04/03 - 10:46:51 | 任务进度轮询完成 
[SYS] 2025/04/03 - 10:46:51 | batch update started 
[SYS] 2025/04/03 - 10:46:51 | batch update finished 
[SYS] 2025/04/03 - 10:46:56 | batch update started 
[SYS] 2025/04/03 - 10:46:56 | batch update finished 
[SYS] 2025/04/03 - 10:47:01 | batch update started 
[SYS] 2025/04/03 - 10:47:01 | batch update finished 
[SYS] 2025/04/03 - 10:47:06 | 任务进度轮询开始 
[SYS] 2025/04/03 - 10:47:06 | 任务进度轮询完成 
[SYS] 2025/04/03 - 10:47:06 | batch update started 
[SYS] 2025/04/03 - 10:47:06 | batch update finished 
[SYS] 2025/04/03 - 10:47:15 | batch update started 
[SYS] 2025/04/03 - 10:47:15 | batch update finished 
[SYS] 2025/04/03 - 10:47:20 | batch update started 
[SYS] 2025/04/03 - 10:47:20 | batch update finished 
[SYS] 2025/04/03 - 10:47:24 | 任务进度轮询开始 
[SYS] 2025/04/03 - 10:47:24 | 任务进度轮询完成 
[SYS] 2025/04/03 - 10:47:25 | batch update started 
[SYS] 2025/04/03 - 10:47:25 | batch update finished 
[SYS] 2025/04/03 - 10:47:30 | batch update started 
[SYS] 2025/04/03 - 10:47:30 | batch update finished 
[SYS] 2025/04/03 - 10:47:35 | batch update started 
[SYS] 2025/04/03 - 10:47:35 | batch update finished 
[SYS] 2025/04/03 - 10:47:39 | 任务进度轮询开始 
[SYS] 2025/04/03 - 10:47:39 | 任务进度轮询完成 
[SYS] 2025/04/03 - 10:47:40 | batch update started 
[SYS] 2025/04/03 - 10:47:40 | batch update finished 
[SYS] 2025/04/03 - 10:47:48 | batch update started 
[SYS] 2025/04/03 - 10:47:48 | batch update finished 
[SYS] 2025/04/03 - 10:47:53 | batch update started 
[SYS] 2025/04/03 - 10:47:53 | batch update finished 
[SYS] 2025/04/03 - 10:47:57 | syncing options from database 
[SYS] 2025/04/03 - 10:47:57 | syncing channels from database 
[SYS] 2025/04/03 - 10:47:57 | channels synced from database 
[SYS] 2025/04/03 - 10:47:58 | 任务进度轮询开始 
[SYS] 2025/04/03 - 10:47:58 | 任务进度轮询完成 
[SYS] 2025/04/03 - 10:47:58 | batch update started 
[SYS] 2025/04/03 - 10:47:58 | batch update finished 
[SYS] 2025/04/03 - 10:48:03 | batch update started 
[SYS] 2025/04/03 - 10:48:03 | batch update finished 
[SYS] 2025/04/03 - 10:48:08 | batch update started 
[SYS] 2025/04/03 - 10:48:08 | batch update finished 
[SYS] 2025/04/03 - 10:48:13 | 任务进度轮询开始 
[SYS] 2025/04/03 - 10:48:13 | 任务进度轮询完成 
[SYS] 2025/04/03 - 10:48:13 | batch update started 
[SYS] 2025/04/03 - 10:48:13 | batch update finished 
[SYS] 2025/04/03 - 10:48:21 | batch update started 
[SYS] 2025/04/03 - 10:48:21 | batch update finished 
[SYS] 2025/04/03 - 10:48:26 | batch update started 
[SYS] 2025/04/03 - 10:48:26 | batch update finished 
[SYS] 2025/04/03 - 10:48:31 | 任务进度轮询开始 
[SYS] 2025/04/03 - 10:48:31 | 任务进度轮询完成 
[SYS] 2025/04/03 - 10:48:31 | batch update started 
[SYS] 2025/04/03 - 10:48:31 | batch update finished 
[SYS] 2025/04/03 - 10:48:36 | batch update started 
[SYS] 2025/04/03 - 10:48:36 | batch update finished 
[SYS] 2025/04/03 - 10:48:41 | batch update started 
[SYS] 2025/04/03 - 10:48:41 | batch update finished 
[SYS] 2025/04/03 - 10:48:46 | 任务进度轮询开始 
[SYS] 2025/04/03 - 10:48:46 | 任务进度轮询完成 
[SYS] 2025/04/03 - 10:48:46 | batch update started 
[SYS] 2025/04/03 - 10:48:46 | batch update finished 
[SYS] 2025/04/03 - 10:48:54 | batch update started 
[SYS] 2025/04/03 - 10:48:54 | batch update finished 
[SYS] 2025/04/03 - 10:48:59 | batch update started 
[SYS] 2025/04/03 - 10:48:59 | batch update finished 
[SYS] 2025/04/03 - 10:49:04 | syncing options from database 
[SYS] 2025/04/03 - 10:49:04 | syncing channels from database 
[SYS] 2025/04/03 - 10:49:04 | channels synced from database 
[SYS] 2025/04/03 - 10:49:04 | 任务进度轮询开始 
[SYS] 2025/04/03 - 10:49:04 | 任务进度轮询完成 
[SYS] 2025/04/03 - 10:49:04 | batch update started 
[SYS] 2025/04/03 - 10:49:04 | batch update finished 
[SYS] 2025/04/03 - 10:49:09 | batch update started 
[SYS] 2025/04/03 - 10:49:09 | batch update finished 
[SYS] 2025/04/03 - 10:49:14 | batch update started 
[SYS] 2025/04/03 - 10:49:14 | batch update finished 
[SYS] 2025/04/03 - 10:49:19 | 任务进度轮询开始 
[SYS] 2025/04/03 - 10:49:19 | 任务进度轮询完成 
[SYS] 2025/04/03 - 10:49:19 | batch update started 
[SYS] 2025/04/03 - 10:49:19 | batch update finished 
[SYS] 2025/04/03 - 10:49:27 | batch update started 
[SYS] 2025/04/03 - 10:49:27 | batch update finished 
[SYS] 2025/04/03 - 10:49:32 | batch update started 
[SYS] 2025/04/03 - 10:49:32 | batch update finished 
[SYS] 2025/04/03 - 10:49:37 | 任务进度轮询开始 
[SYS] 2025/04/03 - 10:49:37 | 任务进度轮询完成 
[SYS] 2025/04/03 - 10:49:37 | batch update started 
[SYS] 2025/04/03 - 10:49:37 | batch update finished 
[SYS] 2025/04/03 - 10:49:42 | batch update started 
[SYS] 2025/04/03 - 10:49:42 | batch update finished 
[SYS] 2025/04/03 - 10:49:47 | batch update started 
[SYS] 2025/04/03 - 10:49:47 | batch update finished 
[SYS] 2025/04/03 - 10:49:52 | 任务进度轮询开始 
[SYS] 2025/04/03 - 10:49:52 | 任务进度轮询完成 
[SYS] 2025/04/03 - 10:49:52 | batch update started 
[SYS] 2025/04/03 - 10:49:52 | batch update finished 
[SYS] 2025/04/03 - 10:50:01 | batch update started 
[SYS] 2025/04/03 - 10:50:01 | batch update finished 
[SYS] 2025/04/03 - 10:50:06 | batch update started 
[SYS] 2025/04/03 - 10:50:06 | batch update finished 
[SYS] 2025/04/03 - 10:50:10 | updating all channels 
[SYS] 2025/04/03 - 10:50:10 | channels update done 
[SYS] 2025/04/03 - 10:50:10 | 正在更新数据看板数据... 
[SYS] 2025/04/03 - 10:50:10 | 保存数据看板数据成功，共保存0条数据 
[SYS] 2025/04/03 - 10:50:10 | testing all channels 
[SYS] 2025/04/03 - 10:50:10 | channel test finished 
[SYS] 2025/04/03 - 10:50:10 | syncing options from database 
[SYS] 2025/04/03 - 10:50:10 | syncing channels from database 
[SYS] 2025/04/03 - 10:50:10 | channels synced from database 
[SYS] 2025/04/03 - 10:50:10 | 任务进度轮询开始 
[SYS] 2025/04/03 - 10:50:10 | 任务进度轮询完成 
[SYS] 2025/04/03 - 10:50:11 | batch update started 
[SYS] 2025/04/03 - 10:50:11 | batch update finished 
[SYS] 2025/04/03 - 10:50:16 | batch update started 
[SYS] 2025/04/03 - 10:50:16 | batch update finished 
[SYS] 2025/04/03 - 10:50:21 | batch update started 
[SYS] 2025/04/03 - 10:50:21 | batch update finished 
[SYS] 2025/04/03 - 10:50:25 | 任务进度轮询开始 
[SYS] 2025/04/03 - 10:50:25 | 任务进度轮询完成 
[SYS] 2025/04/03 - 10:50:26 | batch update started 
[SYS] 2025/04/03 - 10:50:26 | batch update finished 
[SYS] 2025/04/03 - 10:50:34 | batch update started 
[SYS] 2025/04/03 - 10:50:34 | batch update finished 
[SYS] 2025/04/03 - 10:50:39 | batch update started 
[SYS] 2025/04/03 - 10:50:39 | batch update finished 
[SYS] 2025/04/03 - 10:50:43 | 任务进度轮询开始 
[SYS] 2025/04/03 - 10:50:43 | 任务进度轮询完成 
[SYS] 2025/04/03 - 10:50:44 | batch update started 
[SYS] 2025/04/03 - 10:50:44 | batch update finished 
[SYS] 2025/04/03 - 10:50:49 | batch update started 
[SYS] 2025/04/03 - 10:50:49 | batch update finished 
[SYS] 2025/04/03 - 10:50:54 | batch update started 
[SYS] 2025/04/03 - 10:50:54 | batch update finished 
[SYS] 2025/04/03 - 10:50:58 | 任务进度轮询开始 
[SYS] 2025/04/03 - 10:50:58 | 任务进度轮询完成 
[SYS] 2025/04/03 - 10:50:59 | batch update started 
[SYS] 2025/04/03 - 10:50:59 | batch update finished 
[SYS] 2025/04/03 - 10:51:07 | batch update started 
[SYS] 2025/04/03 - 10:51:07 | batch update finished 
[SYS] 2025/04/03 - 10:51:12 | batch update started 
[SYS] 2025/04/03 - 10:51:12 | batch update finished 
[SYS] 2025/04/03 - 10:51:16 | syncing options from database 
[SYS] 2025/04/03 - 10:51:16 | syncing channels from database 
[SYS] 2025/04/03 - 10:51:16 | channels synced from database 
[SYS] 2025/04/03 - 10:51:16 | 任务进度轮询开始 
[SYS] 2025/04/03 - 10:51:16 | 任务进度轮询完成 
[SYS] 2025/04/03 - 10:51:17 | batch update started 
[SYS] 2025/04/03 - 10:51:17 | batch update finished 
[SYS] 2025/04/03 - 10:51:22 | batch update started 
[SYS] 2025/04/03 - 10:51:22 | batch update finished 
[SYS] 2025/04/03 - 10:51:27 | batch update started 
[SYS] 2025/04/03 - 10:51:27 | batch update finished 
[SYS] 2025/04/03 - 10:51:31 | 任务进度轮询开始 
[SYS] 2025/04/03 - 10:51:31 | 任务进度轮询完成 
[SYS] 2025/04/03 - 10:51:32 | batch update started 
[SYS] 2025/04/03 - 10:51:32 | batch update finished 
[SYS] 2025/04/03 - 10:51:40 | batch update started 
[SYS] 2025/04/03 - 10:51:40 | batch update finished 
[SYS] 2025/04/03 - 10:51:45 | batch update started 
[SYS] 2025/04/03 - 10:51:45 | batch update finished 
[SYS] 2025/04/03 - 10:51:50 | 任务进度轮询开始 
[SYS] 2025/04/03 - 10:51:50 | 任务进度轮询完成 
[SYS] 2025/04/03 - 10:51:50 | batch update started 
[SYS] 2025/04/03 - 10:51:50 | batch update finished 
[SYS] 2025/04/03 - 10:51:55 | batch update started 
[SYS] 2025/04/03 - 10:51:55 | batch update finished 
[SYS] 2025/04/03 - 10:52:00 | batch update started 
[SYS] 2025/04/03 - 10:52:00 | batch update finished 
[SYS] 2025/04/03 - 10:52:05 | 任务进度轮询开始 
[SYS] 2025/04/03 - 10:52:05 | 任务进度轮询完成 
[SYS] 2025/04/03 - 10:52:05 | batch update started 
[SYS] 2025/04/03 - 10:52:05 | batch update finished 
[SYS] 2025/04/03 - 10:52:13 | batch update started 
[SYS] 2025/04/03 - 10:52:13 | batch update finished 
[SYS] 2025/04/03 - 10:52:18 | batch update started 
[SYS] 2025/04/03 - 10:52:18 | batch update finished 
[SYS] 2025/04/03 - 10:52:23 | syncing options from database 
[SYS] 2025/04/03 - 10:52:23 | syncing channels from database 
[SYS] 2025/04/03 - 10:52:23 | channels synced from database 
[SYS] 2025/04/03 - 10:52:23 | 任务进度轮询开始 
[SYS] 2025/04/03 - 10:52:23 | 任务进度轮询完成 
[SYS] 2025/04/03 - 10:52:23 | batch update started 
[SYS] 2025/04/03 - 10:52:23 | batch update finished 
[SYS] 2025/04/03 - 10:52:28 | batch update started 
[SYS] 2025/04/03 - 10:52:28 | batch update finished 
[SYS] 2025/04/03 - 10:52:33 | batch update started 
[SYS] 2025/04/03 - 10:52:33 | batch update finished 
[SYS] 2025/04/03 - 10:52:38 | 任务进度轮询开始 
[SYS] 2025/04/03 - 10:52:38 | 任务进度轮询完成 
[SYS] 2025/04/03 - 10:52:38 | batch update started 
[SYS] 2025/04/03 - 10:52:38 | batch update finished 
[SYS] 2025/04/03 - 10:52:46 | batch update started 
[SYS] 2025/04/03 - 10:52:46 | batch update finished 
[SYS] 2025/04/03 - 10:52:51 | batch update started 
[SYS] 2025/04/03 - 10:52:51 | batch update finished 
[SYS] 2025/04/03 - 10:52:56 | 任务进度轮询开始 
[SYS] 2025/04/03 - 10:52:56 | 任务进度轮询完成 
[SYS] 2025/04/03 - 10:52:56 | batch update started 
[SYS] 2025/04/03 - 10:52:56 | batch update finished 
[SYS] 2025/04/03 - 10:53:01 | batch update started 
[SYS] 2025/04/03 - 10:53:01 | batch update finished 
[SYS] 2025/04/03 - 10:53:06 | batch update started 
[SYS] 2025/04/03 - 10:53:06 | batch update finished 
[SYS] 2025/04/03 - 10:53:11 | 任务进度轮询开始 
[SYS] 2025/04/03 - 10:53:11 | 任务进度轮询完成 
[SYS] 2025/04/03 - 10:53:11 | batch update started 
[SYS] 2025/04/03 - 10:53:11 | batch update finished 
[SYS] 2025/04/03 - 10:53:19 | batch update started 
[SYS] 2025/04/03 - 10:53:19 | batch update finished 
