[SYS] 2025/04/04 - 11:57:02 | New API v0.0.0 started 
[SYS] 2025/04/04 - 11:57:02 | using MySQL as database 
[SYS] 2025/04/04 - 11:57:02 | database migration started 
[SYS] 2025/04/04 - 11:57:02 | database migrated 
[SYS] 2025/04/04 - 11:57:02 | using MySQL as database 
[SYS] 2025/04/04 - 11:57:02 | database migration started 
[SYS] 2025/04/04 - 11:57:03 | Redis is enabled 
[SYS] 2025/04/04 - 11:57:03 | memory cache enabled 
[SYS] 2025/04/04 - 11:57:03 | sync frequency: 60 seconds 
[SYS] 2025/04/04 - 11:57:03 | channels synced from database 
[SYS] 2025/04/04 - 11:57:03 | batch update enabled with interval 5s 
[SYS] 2025/04/04 - 11:57:03 | pprof enabled 
[SYS] 2025/04/04 - 11:57:03 | initializing token encoders 
[SYS] 2025/04/04 - 11:57:03 | 正在更新数据看板数据... 
[SYS] 2025/04/04 - 11:57:03 | 保存数据看板数据成功，共保存0条数据 
[SYS] 2025/04/04 - 11:57:03 | token encoders initialized 
[SYS] 2025/04/04 - 11:57:03 | FRONTEND_BASE_URL is ignored on master node 
[SYS] 2025/04/04 - 11:57:08 | batch update started 
[SYS] 2025/04/04 - 11:57:08 | batch update finished 
[SYS] 2025/04/04 - 11:57:13 | batch update started 
[SYS] 2025/04/04 - 11:57:13 | batch update finished 
[SYS] 2025/04/04 - 11:57:18 | 任务进度轮询开始 
[SYS] 2025/04/04 - 11:57:18 | 任务进度轮询完成 
[SYS] 2025/04/04 - 11:57:18 | batch update started 
[SYS] 2025/04/04 - 11:57:18 | batch update finished 
[SYS] 2025/04/04 - 11:57:23 | batch update started 
[SYS] 2025/04/04 - 11:57:23 | batch update finished 
[SYS] 2025/04/04 - 11:57:28 | batch update started 
[SYS] 2025/04/04 - 11:57:28 | batch update finished 
[SYS] 2025/04/04 - 11:57:33 | 任务进度轮询开始 
[SYS] 2025/04/04 - 11:57:33 | 任务进度轮询完成 
[SYS] 2025/04/04 - 11:57:33 | batch update started 
[SYS] 2025/04/04 - 11:57:33 | batch update finished 
[SYS] 2025/04/04 - 11:57:37 | batch update started 
[SYS] 2025/04/04 - 11:57:37 | batch update finished 
[SYS] 2025/04/04 - 11:57:42 | batch update started 
[SYS] 2025/04/04 - 11:57:42 | batch update finished 
[SYS] 2025/04/04 - 11:57:47 | 任务进度轮询开始 
[SYS] 2025/04/04 - 11:57:47 | 任务进度轮询完成 
[SYS] 2025/04/04 - 11:57:47 | batch update started 
[SYS] 2025/04/04 - 11:57:47 | batch update finished 
[SYS] 2025/04/04 - 11:57:52 | batch update started 
[SYS] 2025/04/04 - 11:57:52 | batch update finished 
[SYS] 2025/04/04 - 11:57:57 | batch update started 
[SYS] 2025/04/04 - 11:57:57 | batch update finished 
[SYS] 2025/04/04 - 11:58:02 | syncing options from database 
[SYS] 2025/04/04 - 11:58:02 | syncing channels from database 
[SYS] 2025/04/04 - 11:58:02 | channels synced from database 
[SYS] 2025/04/04 - 11:58:02 | 任务进度轮询开始 
[SYS] 2025/04/04 - 11:58:02 | 任务进度轮询完成 
[SYS] 2025/04/04 - 11:58:02 | batch update started 
[SYS] 2025/04/04 - 11:58:02 | batch update finished 
[SYS] 2025/04/04 - 11:58:07 | batch update started 
[SYS] 2025/04/04 - 11:58:07 | batch update finished 
[GIN] 2025/04/04 - 11:58:10 | 20250404115810832627698RRT1L1em | 200 |     5.53208ms |             ::1 |     GET /token
[GIN] 2025/04/04 - 11:58:11 | 20250404115810976193354nLsmarvi | 200 |   81.748199ms |             ::1 |     GET /assets/index-C-obgmkN.js
[GIN] 2025/04/04 - 11:58:11 | 20250404115811961779728BhjiL0j8 | 200 |   10.265149ms |             ::1 |     GET /api/user/self/groups
[GIN] 2025/04/04 - 11:58:11 | 20250404115811959655363FQ1JofN4 | 200 |    13.81119ms |             ::1 |     GET /api/user/models
[GIN] 2025/04/04 - 11:58:11 | 20250404115811974795183fgUHOazM | 200 |    2.515122ms |             ::1 |     GET /api/status
[GIN] 2025/04/04 - 11:58:11 | 202504041158119703242076uV4oqAN | 200 |   19.323063ms |             ::1 |     GET /api/token/?p=0&size=10
[SYS] 2025/04/04 - 11:58:12 | batch update started 
[SYS] 2025/04/04 - 11:58:12 | batch update finished 
[GIN] 2025/04/04 - 11:58:15 | 20250404115815212938506nfFU2PFu | 200 |    1.154286ms |             ::1 |     GET /api/user/logout
[SYS] 2025/04/04 - 11:58:17 | 任务进度轮询开始 
[SYS] 2025/04/04 - 11:58:17 | 任务进度轮询完成 
[SYS] 2025/04/04 - 11:58:17 | batch update started 
[SYS] 2025/04/04 - 11:58:17 | batch update finished 
[SYS] 2025/04/04 - 11:58:22 | batch update started 
[SYS] 2025/04/04 - 11:58:22 | batch update finished 
[SYS] 2025/04/04 - 11:58:27 | batch update started 
[SYS] 2025/04/04 - 11:58:27 | batch update finished 
[GIN] 2025/04/04 - 11:58:27 | 20250404115827624099152L4ZLGBzp | 307 |   10.660557ms |             ::1 |     GET /api/auth/google/login
[GIN] 2025/04/04 - 11:58:29 | 20250404115828117728022rBmK5m2z | 303 |  1.337639215s |             ::1 |     GET /auth/google/callback?state=random_state&code=4%2F0Ab_5qllOSVGOAQcGSIoVfeHuMGsL0a0lRisZD0hTfEVx0qsaNbmODaySk3YyVfXnRLh1cA&scope=email+profile+https%3A%2F%2Fwww.googleapis.com%2Fauth%2Fuserinfo.email+https%3A%2F%2Fwww.googleapis.com%2Fauth%2Fuserinfo.profile+openid&authuser=0&prompt=none
[GIN] 2025/04/04 - 11:58:29 | 20250404115829462859116iOs8N83O | 200 |    1.647667ms |             ::1 |     GET /login?token=eyJhbGciOiJIUzI1NiIsInR5cCI6IkpXVCJ9.eyJlbWFpbCI6Imtpbmdzb2JlY0BnbWFpbC5jb20iLCJleHAiOjE3NDYzNTYzMDksImlkIjoxMCwicm5kIjoxNzQzNzY0MzA5NDU1MzA2NjE5fQ.zU2o_kBKBbteFrsHEomn5wOVIIIbb5hI71unsv5T_VU
[GIN] 2025/04/04 - 11:58:30 | 20250404115830484727374WmhECgMp | 200 |    9.939599ms |             ::1 |     GET /api/status
[GIN] 2025/04/04 - 11:58:30 | 20250404115830511849169tfBQpvy2 | 200 |    2.872322ms |             ::1 |     GET /api/user/self
[GIN] 2025/04/04 - 11:58:30 | 20250404115830697816290axK9m7C8 | 200 |    2.081511ms |             ::1 |     GET /api/user/self/groups
[GIN] 2025/04/04 - 11:58:30 | 20250404115830697308316KiKTW4wj | 200 |    3.751147ms |             ::1 |     GET /api/user/models
[GIN] 2025/04/04 - 11:58:30 | 20250404115830699706617YXfiW5SJ | 200 |    2.990145ms |             ::1 |     GET /api/token/?p=0&size=10
[SYS] 2025/04/04 - 11:58:32 | 任务进度轮询开始 
[SYS] 2025/04/04 - 11:58:32 | 任务进度轮询完成 
[SYS] 2025/04/04 - 11:58:32 | batch update started 
[SYS] 2025/04/04 - 11:58:32 | batch update finished 
[SYS] 2025/04/04 - 11:58:37 | batch update started 
[SYS] 2025/04/04 - 11:58:37 | batch update finished 
[SYS] 2025/04/04 - 11:58:42 | batch update started 
[SYS] 2025/04/04 - 11:58:42 | batch update finished 
[SYS] 2025/04/04 - 11:58:47 | 任务进度轮询开始 
[SYS] 2025/04/04 - 11:58:47 | 任务进度轮询完成 
[SYS] 2025/04/04 - 11:58:47 | batch update started 
[SYS] 2025/04/04 - 11:58:47 | batch update finished 
[SYS] 2025/04/04 - 11:58:52 | batch update started 
[SYS] 2025/04/04 - 11:58:52 | batch update finished 
[SYS] 2025/04/04 - 11:58:57 | batch update started 
[SYS] 2025/04/04 - 11:58:57 | batch update finished 
[SYS] 2025/04/04 - 11:59:02 | syncing channels from database 
[SYS] 2025/04/04 - 11:59:02 | syncing options from database 
[SYS] 2025/04/04 - 11:59:02 | channels synced from database 
[SYS] 2025/04/04 - 11:59:02 | 任务进度轮询开始 
[SYS] 2025/04/04 - 11:59:02 | 任务进度轮询完成 
[SYS] 2025/04/04 - 11:59:02 | batch update started 
[SYS] 2025/04/04 - 11:59:02 | batch update finished 
[SYS] 2025/04/04 - 11:59:07 | batch update started 
[SYS] 2025/04/04 - 11:59:07 | batch update finished 
[SYS] 2025/04/04 - 11:59:12 | batch update started 
[SYS] 2025/04/04 - 11:59:12 | batch update finished 
[SYS] 2025/04/04 - 11:59:17 | 任务进度轮询开始 
[SYS] 2025/04/04 - 11:59:17 | 任务进度轮询完成 
[SYS] 2025/04/04 - 11:59:17 | batch update started 
[SYS] 2025/04/04 - 11:59:17 | batch update finished 
[SYS] 2025/04/04 - 11:59:22 | batch update started 
[SYS] 2025/04/04 - 11:59:22 | batch update finished 
[SYS] 2025/04/04 - 11:59:27 | batch update started 
[SYS] 2025/04/04 - 11:59:27 | batch update finished 
[SYS] 2025/04/04 - 11:59:32 | 任务进度轮询开始 
[SYS] 2025/04/04 - 11:59:32 | 任务进度轮询完成 
[SYS] 2025/04/04 - 11:59:32 | batch update started 
[SYS] 2025/04/04 - 11:59:32 | batch update finished 
[SYS] 2025/04/04 - 11:59:37 | batch update started 
[SYS] 2025/04/04 - 11:59:37 | batch update finished 
[SYS] 2025/04/04 - 11:59:42 | batch update started 
[SYS] 2025/04/04 - 11:59:42 | batch update finished 
[SYS] 2025/04/04 - 11:59:47 | 任务进度轮询开始 
[SYS] 2025/04/04 - 11:59:47 | 任务进度轮询完成 
[SYS] 2025/04/04 - 11:59:47 | batch update started 
[SYS] 2025/04/04 - 11:59:47 | batch update finished 
[SYS] 2025/04/04 - 11:59:52 | batch update started 
[SYS] 2025/04/04 - 11:59:52 | batch update finished 
[SYS] 2025/04/04 - 11:59:57 | batch update started 
[SYS] 2025/04/04 - 11:59:57 | batch update finished 
[SYS] 2025/04/04 - 12:00:02 | syncing channels from database 
[SYS] 2025/04/04 - 12:00:02 | syncing options from database 
[SYS] 2025/04/04 - 12:00:02 | channels synced from database 
[SYS] 2025/04/04 - 12:00:02 | 任务进度轮询开始 
[SYS] 2025/04/04 - 12:00:02 | 任务进度轮询完成 
[SYS] 2025/04/04 - 12:00:02 | batch update started 
[SYS] 2025/04/04 - 12:00:02 | batch update finished 
[SYS] 2025/04/04 - 12:00:07 | batch update started 
[SYS] 2025/04/04 - 12:00:07 | batch update finished 
[SYS] 2025/04/04 - 12:00:12 | batch update started 
[SYS] 2025/04/04 - 12:00:12 | batch update finished 
[SYS] 2025/04/04 - 12:00:17 | 任务进度轮询开始 
[SYS] 2025/04/04 - 12:00:17 | 任务进度轮询完成 
[SYS] 2025/04/04 - 12:00:17 | batch update started 
[SYS] 2025/04/04 - 12:00:17 | batch update finished 
[SYS] 2025/04/04 - 12:00:22 | batch update started 
[SYS] 2025/04/04 - 12:00:22 | batch update finished 
[SYS] 2025/04/04 - 12:00:27 | batch update started 
[SYS] 2025/04/04 - 12:00:27 | batch update finished 
[SYS] 2025/04/04 - 12:00:32 | 任务进度轮询开始 
[SYS] 2025/04/04 - 12:00:32 | 任务进度轮询完成 
[SYS] 2025/04/04 - 12:00:32 | batch update started 
[SYS] 2025/04/04 - 12:00:32 | batch update finished 
[SYS] 2025/04/04 - 12:00:37 | batch update started 
[SYS] 2025/04/04 - 12:00:37 | batch update finished 
[SYS] 2025/04/04 - 12:00:42 | batch update started 
[SYS] 2025/04/04 - 12:00:42 | batch update finished 
[SYS] 2025/04/04 - 12:00:47 | 任务进度轮询开始 
[SYS] 2025/04/04 - 12:00:47 | 任务进度轮询完成 
[SYS] 2025/04/04 - 12:00:47 | batch update started 
[SYS] 2025/04/04 - 12:00:47 | batch update finished 
[SYS] 2025/04/04 - 12:00:51 | batch update started 
[SYS] 2025/04/04 - 12:00:51 | batch update finished 
[SYS] 2025/04/04 - 12:00:56 | batch update started 
[SYS] 2025/04/04 - 12:00:56 | batch update finished 
[SYS] 2025/04/04 - 12:01:01 | syncing channels from database 
[SYS] 2025/04/04 - 12:01:01 | syncing options from database 
[SYS] 2025/04/04 - 12:01:01 | channels synced from database 
[SYS] 2025/04/04 - 12:01:01 | 任务进度轮询开始 
[SYS] 2025/04/04 - 12:01:01 | 任务进度轮询完成 
[SYS] 2025/04/04 - 12:01:01 | batch update started 
[SYS] 2025/04/04 - 12:01:01 | batch update finished 
[SYS] 2025/04/04 - 12:01:06 | batch update started 
[SYS] 2025/04/04 - 12:01:06 | batch update finished 
[SYS] 2025/04/04 - 12:01:11 | batch update started 
[SYS] 2025/04/04 - 12:01:11 | batch update finished 
[SYS] 2025/04/04 - 12:01:16 | 任务进度轮询开始 
[SYS] 2025/04/04 - 12:01:16 | 任务进度轮询完成 
[SYS] 2025/04/04 - 12:01:16 | batch update started 
[SYS] 2025/04/04 - 12:01:16 | batch update finished 
[SYS] 2025/04/04 - 12:01:21 | batch update started 
[SYS] 2025/04/04 - 12:01:21 | batch update finished 
[SYS] 2025/04/04 - 12:01:26 | batch update started 
[SYS] 2025/04/04 - 12:01:26 | batch update finished 
[SYS] 2025/04/04 - 12:01:31 | 任务进度轮询开始 
[SYS] 2025/04/04 - 12:01:31 | 任务进度轮询完成 
[SYS] 2025/04/04 - 12:01:31 | batch update started 
[SYS] 2025/04/04 - 12:01:31 | batch update finished 
[SYS] 2025/04/04 - 12:01:36 | batch update started 
[SYS] 2025/04/04 - 12:01:36 | batch update finished 
[SYS] 2025/04/04 - 12:01:41 | batch update started 
[SYS] 2025/04/04 - 12:01:41 | batch update finished 
[SYS] 2025/04/04 - 12:01:46 | 任务进度轮询开始 
[SYS] 2025/04/04 - 12:01:46 | 任务进度轮询完成 
[SYS] 2025/04/04 - 12:01:46 | batch update started 
[SYS] 2025/04/04 - 12:01:46 | batch update finished 
[SYS] 2025/04/04 - 12:01:51 | batch update started 
[SYS] 2025/04/04 - 12:01:51 | batch update finished 
[SYS] 2025/04/04 - 12:01:56 | batch update started 
[SYS] 2025/04/04 - 12:01:56 | batch update finished 
[SYS] 2025/04/04 - 12:02:01 | 正在更新数据看板数据... 
[SYS] 2025/04/04 - 12:02:01 | 保存数据看板数据成功，共保存0条数据 
[SYS] 2025/04/04 - 12:02:01 | syncing channels from database 
[SYS] 2025/04/04 - 12:02:01 | syncing options from database 
[SYS] 2025/04/04 - 12:02:01 | channels synced from database 
[SYS] 2025/04/04 - 12:02:01 | 任务进度轮询开始 
[SYS] 2025/04/04 - 12:02:01 | 任务进度轮询完成 
[SYS] 2025/04/04 - 12:02:01 | batch update started 
[SYS] 2025/04/04 - 12:02:01 | batch update finished 
[SYS] 2025/04/04 - 12:02:06 | batch update started 
[SYS] 2025/04/04 - 12:02:06 | batch update finished 
[SYS] 2025/04/04 - 12:02:11 | batch update started 
[SYS] 2025/04/04 - 12:02:11 | batch update finished 
[SYS] 2025/04/04 - 12:02:16 | 任务进度轮询开始 
[SYS] 2025/04/04 - 12:02:16 | 任务进度轮询完成 
[SYS] 2025/04/04 - 12:02:16 | batch update started 
[SYS] 2025/04/04 - 12:02:16 | batch update finished 
[SYS] 2025/04/04 - 12:02:21 | batch update started 
[SYS] 2025/04/04 - 12:02:21 | batch update finished 
[SYS] 2025/04/04 - 12:02:26 | batch update started 
[SYS] 2025/04/04 - 12:02:26 | batch update finished 
[SYS] 2025/04/04 - 12:02:31 | 任务进度轮询开始 
[SYS] 2025/04/04 - 12:02:31 | 任务进度轮询完成 
[SYS] 2025/04/04 - 12:02:31 | batch update started 
[SYS] 2025/04/04 - 12:02:31 | batch update finished 
[SYS] 2025/04/04 - 12:02:36 | batch update started 
[SYS] 2025/04/04 - 12:02:36 | batch update finished 
[SYS] 2025/04/04 - 12:02:41 | batch update started 
[SYS] 2025/04/04 - 12:02:41 | batch update finished 
[SYS] 2025/04/04 - 12:02:46 | 任务进度轮询开始 
[SYS] 2025/04/04 - 12:02:46 | 任务进度轮询完成 
[SYS] 2025/04/04 - 12:02:46 | batch update started 
[SYS] 2025/04/04 - 12:02:46 | batch update finished 
[SYS] 2025/04/04 - 12:02:51 | batch update started 
[SYS] 2025/04/04 - 12:02:51 | batch update finished 
[SYS] 2025/04/04 - 12:02:56 | batch update started 
[SYS] 2025/04/04 - 12:02:56 | batch update finished 
[SYS] 2025/04/04 - 12:03:01 | syncing options from database 
[SYS] 2025/04/04 - 12:03:01 | syncing channels from database 
[SYS] 2025/04/04 - 12:03:01 | channels synced from database 
[SYS] 2025/04/04 - 12:03:01 | 任务进度轮询开始 
[SYS] 2025/04/04 - 12:03:01 | 任务进度轮询完成 
[SYS] 2025/04/04 - 12:03:01 | batch update started 
[SYS] 2025/04/04 - 12:03:01 | batch update finished 
[SYS] 2025/04/04 - 12:03:06 | batch update started 
[SYS] 2025/04/04 - 12:03:06 | batch update finished 
[SYS] 2025/04/04 - 12:03:11 | batch update started 
[SYS] 2025/04/04 - 12:03:11 | batch update finished 
[SYS] 2025/04/04 - 12:03:16 | 任务进度轮询开始 
[SYS] 2025/04/04 - 12:03:16 | 任务进度轮询完成 
[SYS] 2025/04/04 - 12:03:16 | batch update started 
[SYS] 2025/04/04 - 12:03:16 | batch update finished 
[SYS] 2025/04/04 - 12:03:21 | batch update started 
[SYS] 2025/04/04 - 12:03:21 | batch update finished 
[SYS] 2025/04/04 - 12:03:26 | batch update started 
[SYS] 2025/04/04 - 12:03:26 | batch update finished 
[SYS] 2025/04/04 - 12:03:31 | 任务进度轮询开始 
[SYS] 2025/04/04 - 12:03:31 | 任务进度轮询完成 
[SYS] 2025/04/04 - 12:03:31 | batch update started 
[SYS] 2025/04/04 - 12:03:31 | batch update finished 
[SYS] 2025/04/04 - 12:03:36 | batch update started 
[SYS] 2025/04/04 - 12:03:36 | batch update finished 
[SYS] 2025/04/04 - 12:03:41 | batch update started 
[SYS] 2025/04/04 - 12:03:41 | batch update finished 
[SYS] 2025/04/04 - 12:03:46 | 任务进度轮询开始 
[SYS] 2025/04/04 - 12:03:46 | 任务进度轮询完成 
[SYS] 2025/04/04 - 12:03:46 | batch update started 
[SYS] 2025/04/04 - 12:03:46 | batch update finished 
[SYS] 2025/04/04 - 12:03:51 | batch update started 
[SYS] 2025/04/04 - 12:03:51 | batch update finished 
[SYS] 2025/04/04 - 12:03:56 | batch update started 
[SYS] 2025/04/04 - 12:03:56 | batch update finished 
[SYS] 2025/04/04 - 12:04:01 | syncing options from database 
[SYS] 2025/04/04 - 12:04:01 | syncing channels from database 
[SYS] 2025/04/04 - 12:04:01 | channels synced from database 
[SYS] 2025/04/04 - 12:04:01 | 任务进度轮询开始 
[SYS] 2025/04/04 - 12:04:01 | 任务进度轮询完成 
[SYS] 2025/04/04 - 12:04:01 | batch update started 
[SYS] 2025/04/04 - 12:04:01 | batch update finished 
[SYS] 2025/04/04 - 12:04:06 | batch update started 
[SYS] 2025/04/04 - 12:04:06 | batch update finished 
[SYS] 2025/04/04 - 12:04:11 | batch update started 
[SYS] 2025/04/04 - 12:04:11 | batch update finished 
[SYS] 2025/04/04 - 12:04:16 | 任务进度轮询开始 
[SYS] 2025/04/04 - 12:04:16 | 任务进度轮询完成 
[SYS] 2025/04/04 - 12:04:16 | batch update started 
[SYS] 2025/04/04 - 12:04:16 | batch update finished 
[SYS] 2025/04/04 - 12:04:21 | batch update started 
[SYS] 2025/04/04 - 12:04:21 | batch update finished 
[SYS] 2025/04/04 - 12:04:26 | batch update started 
[SYS] 2025/04/04 - 12:04:26 | batch update finished 
[SYS] 2025/04/04 - 12:04:31 | 任务进度轮询开始 
[SYS] 2025/04/04 - 12:04:31 | 任务进度轮询完成 
[SYS] 2025/04/04 - 12:04:31 | batch update started 
[SYS] 2025/04/04 - 12:04:31 | batch update finished 
[SYS] 2025/04/04 - 12:04:36 | batch update started 
[SYS] 2025/04/04 - 12:04:36 | batch update finished 
[SYS] 2025/04/04 - 12:04:41 | batch update started 
[SYS] 2025/04/04 - 12:04:41 | batch update finished 
[SYS] 2025/04/04 - 12:04:46 | 任务进度轮询开始 
[SYS] 2025/04/04 - 12:04:46 | 任务进度轮询完成 
[SYS] 2025/04/04 - 12:04:46 | batch update started 
[SYS] 2025/04/04 - 12:04:46 | batch update finished 
[SYS] 2025/04/04 - 12:04:51 | batch update started 
[SYS] 2025/04/04 - 12:04:51 | batch update finished 
[SYS] 2025/04/04 - 12:04:56 | batch update started 
[SYS] 2025/04/04 - 12:04:56 | batch update finished 
[SYS] 2025/04/04 - 12:05:01 | syncing options from database 
[SYS] 2025/04/04 - 12:05:01 | syncing channels from database 
[SYS] 2025/04/04 - 12:05:01 | channels synced from database 
[SYS] 2025/04/04 - 12:05:01 | 任务进度轮询开始 
[SYS] 2025/04/04 - 12:05:01 | 任务进度轮询完成 
[SYS] 2025/04/04 - 12:05:01 | batch update started 
[SYS] 2025/04/04 - 12:05:01 | batch update finished 
[SYS] 2025/04/04 - 12:05:06 | batch update started 
[SYS] 2025/04/04 - 12:05:06 | batch update finished 
[SYS] 2025/04/04 - 12:05:11 | batch update started 
[SYS] 2025/04/04 - 12:05:11 | batch update finished 
[SYS] 2025/04/04 - 12:05:16 | 任务进度轮询开始 
[SYS] 2025/04/04 - 12:05:16 | 任务进度轮询完成 
[SYS] 2025/04/04 - 12:05:16 | batch update started 
[SYS] 2025/04/04 - 12:05:16 | batch update finished 
[SYS] 2025/04/04 - 12:05:21 | batch update started 
[SYS] 2025/04/04 - 12:05:21 | batch update finished 
[SYS] 2025/04/04 - 12:05:26 | batch update started 
[SYS] 2025/04/04 - 12:05:26 | batch update finished 
[SYS] 2025/04/04 - 12:05:31 | 任务进度轮询开始 
[SYS] 2025/04/04 - 12:05:31 | 任务进度轮询完成 
[SYS] 2025/04/04 - 12:05:31 | batch update started 
[SYS] 2025/04/04 - 12:05:31 | batch update finished 
[SYS] 2025/04/04 - 12:05:36 | batch update started 
[SYS] 2025/04/04 - 12:05:36 | batch update finished 
[SYS] 2025/04/04 - 12:05:41 | batch update started 
[SYS] 2025/04/04 - 12:05:41 | batch update finished 
[SYS] 2025/04/04 - 12:05:46 | 任务进度轮询开始 
[SYS] 2025/04/04 - 12:05:46 | 任务进度轮询完成 
[SYS] 2025/04/04 - 12:05:46 | batch update started 
[SYS] 2025/04/04 - 12:05:46 | batch update finished 
[SYS] 2025/04/04 - 12:05:51 | batch update started 
[SYS] 2025/04/04 - 12:05:51 | batch update finished 
[SYS] 2025/04/04 - 12:05:56 | batch update started 
[SYS] 2025/04/04 - 12:05:56 | batch update finished 
[SYS] 2025/04/04 - 12:06:01 | syncing options from database 
[SYS] 2025/04/04 - 12:06:01 | syncing channels from database 
[SYS] 2025/04/04 - 12:06:01 | channels synced from database 
[SYS] 2025/04/04 - 12:06:01 | 任务进度轮询开始 
[SYS] 2025/04/04 - 12:06:01 | 任务进度轮询完成 
[SYS] 2025/04/04 - 12:06:01 | batch update started 
[SYS] 2025/04/04 - 12:06:01 | batch update finished 
[SYS] 2025/04/04 - 12:06:06 | batch update started 
[SYS] 2025/04/04 - 12:06:06 | batch update finished 
[SYS] 2025/04/04 - 12:06:11 | batch update started 
[SYS] 2025/04/04 - 12:06:11 | batch update finished 
[SYS] 2025/04/04 - 12:06:16 | 任务进度轮询开始 
[SYS] 2025/04/04 - 12:06:16 | 任务进度轮询完成 
[SYS] 2025/04/04 - 12:06:16 | batch update started 
[SYS] 2025/04/04 - 12:06:16 | batch update finished 
[SYS] 2025/04/04 - 12:06:21 | batch update started 
[SYS] 2025/04/04 - 12:06:21 | batch update finished 
[SYS] 2025/04/04 - 12:06:26 | batch update started 
[SYS] 2025/04/04 - 12:06:26 | batch update finished 
[SYS] 2025/04/04 - 12:06:31 | 任务进度轮询开始 
[SYS] 2025/04/04 - 12:06:31 | 任务进度轮询完成 
[SYS] 2025/04/04 - 12:06:31 | batch update started 
[SYS] 2025/04/04 - 12:06:31 | batch update finished 
[SYS] 2025/04/04 - 12:06:36 | batch update started 
[SYS] 2025/04/04 - 12:06:36 | batch update finished 
[SYS] 2025/04/04 - 12:06:41 | batch update started 
[SYS] 2025/04/04 - 12:06:41 | batch update finished 
[SYS] 2025/04/04 - 12:06:46 | 任务进度轮询开始 
[SYS] 2025/04/04 - 12:06:46 | 任务进度轮询完成 
[SYS] 2025/04/04 - 12:06:46 | batch update started 
[SYS] 2025/04/04 - 12:06:46 | batch update finished 
[SYS] 2025/04/04 - 12:06:51 | batch update started 
[SYS] 2025/04/04 - 12:06:51 | batch update finished 
[SYS] 2025/04/04 - 12:06:56 | batch update started 
[SYS] 2025/04/04 - 12:06:56 | batch update finished 
[SYS] 2025/04/04 - 12:07:01 | testing all channels 
[SYS] 2025/04/04 - 12:07:01 | channel test finished 
[SYS] 2025/04/04 - 12:07:01 | 正在更新数据看板数据... 
[SYS] 2025/04/04 - 12:07:01 | 保存数据看板数据成功，共保存0条数据 
[SYS] 2025/04/04 - 12:07:01 | syncing options from database 
[SYS] 2025/04/04 - 12:07:01 | syncing channels from database 
[SYS] 2025/04/04 - 12:07:01 | channels synced from database 
[SYS] 2025/04/04 - 12:07:01 | 任务进度轮询开始 
[SYS] 2025/04/04 - 12:07:01 | 任务进度轮询完成 
[SYS] 2025/04/04 - 12:07:01 | batch update started 
[SYS] 2025/04/04 - 12:07:01 | batch update finished 
[SYS] 2025/04/04 - 12:07:06 | batch update started 
[SYS] 2025/04/04 - 12:07:06 | batch update finished 
[SYS] 2025/04/04 - 12:07:11 | batch update started 
[SYS] 2025/04/04 - 12:07:11 | batch update finished 
[SYS] 2025/04/04 - 12:07:16 | 任务进度轮询开始 
[SYS] 2025/04/04 - 12:07:16 | 任务进度轮询完成 
[SYS] 2025/04/04 - 12:07:16 | batch update started 
[SYS] 2025/04/04 - 12:07:16 | batch update finished 
[SYS] 2025/04/04 - 12:07:21 | batch update started 
[SYS] 2025/04/04 - 12:07:21 | batch update finished 
[SYS] 2025/04/04 - 12:07:26 | batch update started 
[SYS] 2025/04/04 - 12:07:26 | batch update finished 
[SYS] 2025/04/04 - 12:07:31 | 任务进度轮询开始 
[SYS] 2025/04/04 - 12:07:31 | 任务进度轮询完成 
[SYS] 2025/04/04 - 12:07:31 | batch update started 
[SYS] 2025/04/04 - 12:07:31 | batch update finished 
[SYS] 2025/04/04 - 12:07:36 | batch update started 
[SYS] 2025/04/04 - 12:07:36 | batch update finished 
[SYS] 2025/04/04 - 12:07:41 | batch update started 
[SYS] 2025/04/04 - 12:07:41 | batch update finished 
[SYS] 2025/04/04 - 12:07:46 | 任务进度轮询开始 
[SYS] 2025/04/04 - 12:07:46 | 任务进度轮询完成 
[SYS] 2025/04/04 - 12:07:46 | batch update started 
[SYS] 2025/04/04 - 12:07:46 | batch update finished 
[SYS] 2025/04/04 - 12:07:51 | batch update started 
[SYS] 2025/04/04 - 12:07:51 | batch update finished 
[SYS] 2025/04/04 - 12:07:56 | batch update started 
[SYS] 2025/04/04 - 12:07:56 | batch update finished 
[SYS] 2025/04/04 - 12:08:01 | syncing options from database 
[SYS] 2025/04/04 - 12:08:01 | syncing channels from database 
[SYS] 2025/04/04 - 12:08:01 | channels synced from database 
[SYS] 2025/04/04 - 12:08:01 | 任务进度轮询开始 
[SYS] 2025/04/04 - 12:08:01 | 任务进度轮询完成 
[SYS] 2025/04/04 - 12:08:01 | batch update started 
[SYS] 2025/04/04 - 12:08:01 | batch update finished 
[SYS] 2025/04/04 - 12:08:06 | batch update started 
[SYS] 2025/04/04 - 12:08:06 | batch update finished 
[SYS] 2025/04/04 - 12:08:11 | batch update started 
[SYS] 2025/04/04 - 12:08:11 | batch update finished 
[SYS] 2025/04/04 - 12:08:16 | 任务进度轮询开始 
[SYS] 2025/04/04 - 12:08:16 | 任务进度轮询完成 
[SYS] 2025/04/04 - 12:08:16 | batch update started 
[SYS] 2025/04/04 - 12:08:16 | batch update finished 
[SYS] 2025/04/04 - 12:08:21 | batch update started 
[SYS] 2025/04/04 - 12:08:21 | batch update finished 
[SYS] 2025/04/04 - 12:08:26 | batch update started 
[SYS] 2025/04/04 - 12:08:26 | batch update finished 
[SYS] 2025/04/04 - 12:08:31 | 任务进度轮询开始 
[SYS] 2025/04/04 - 12:08:31 | 任务进度轮询完成 
[SYS] 2025/04/04 - 12:08:31 | batch update started 
[SYS] 2025/04/04 - 12:08:31 | batch update finished 
[SYS] 2025/04/04 - 12:08:36 | batch update started 
[SYS] 2025/04/04 - 12:08:36 | batch update finished 
[SYS] 2025/04/04 - 12:08:41 | batch update started 
[SYS] 2025/04/04 - 12:08:41 | batch update finished 
[SYS] 2025/04/04 - 12:08:46 | 任务进度轮询开始 
[SYS] 2025/04/04 - 12:08:46 | 任务进度轮询完成 
[SYS] 2025/04/04 - 12:08:46 | batch update started 
[SYS] 2025/04/04 - 12:08:46 | batch update finished 
[SYS] 2025/04/04 - 12:08:51 | batch update started 
[SYS] 2025/04/04 - 12:08:51 | batch update finished 
[SYS] 2025/04/04 - 12:08:56 | batch update started 
[SYS] 2025/04/04 - 12:08:56 | batch update finished 
[SYS] 2025/04/04 - 12:09:00 | syncing options from database 
[SYS] 2025/04/04 - 12:09:00 | syncing channels from database 
[SYS] 2025/04/04 - 12:09:00 | channels synced from database 
[SYS] 2025/04/04 - 12:09:01 | 任务进度轮询开始 
[SYS] 2025/04/04 - 12:09:01 | 任务进度轮询完成 
[SYS] 2025/04/04 - 12:09:01 | batch update started 
[SYS] 2025/04/04 - 12:09:01 | batch update finished 
[SYS] 2025/04/04 - 12:09:06 | batch update started 
[SYS] 2025/04/04 - 12:09:06 | batch update finished 
[SYS] 2025/04/04 - 12:09:11 | batch update started 
[SYS] 2025/04/04 - 12:09:11 | batch update finished 
[SYS] 2025/04/04 - 12:09:16 | 任务进度轮询开始 
[SYS] 2025/04/04 - 12:09:16 | 任务进度轮询完成 
[SYS] 2025/04/04 - 12:09:16 | batch update started 
[SYS] 2025/04/04 - 12:09:16 | batch update finished 
[SYS] 2025/04/04 - 12:09:21 | batch update started 
[SYS] 2025/04/04 - 12:09:21 | batch update finished 
[SYS] 2025/04/04 - 12:09:26 | batch update started 
[SYS] 2025/04/04 - 12:09:26 | batch update finished 
[SYS] 2025/04/04 - 12:09:31 | 任务进度轮询开始 
[SYS] 2025/04/04 - 12:09:31 | 任务进度轮询完成 
[SYS] 2025/04/04 - 12:09:31 | batch update started 
[SYS] 2025/04/04 - 12:09:31 | batch update finished 
[SYS] 2025/04/04 - 12:09:36 | batch update started 
[SYS] 2025/04/04 - 12:09:36 | batch update finished 
[SYS] 2025/04/04 - 12:09:41 | batch update started 
[SYS] 2025/04/04 - 12:09:41 | batch update finished 
[SYS] 2025/04/04 - 12:09:46 | 任务进度轮询开始 
[SYS] 2025/04/04 - 12:09:46 | 任务进度轮询完成 
[SYS] 2025/04/04 - 12:09:46 | batch update started 
[SYS] 2025/04/04 - 12:09:46 | batch update finished 
[SYS] 2025/04/04 - 12:09:51 | batch update started 
[SYS] 2025/04/04 - 12:09:51 | batch update finished 
[SYS] 2025/04/04 - 12:09:56 | batch update started 
[SYS] 2025/04/04 - 12:09:56 | batch update finished 
[SYS] 2025/04/04 - 12:10:00 | syncing options from database 
[SYS] 2025/04/04 - 12:10:00 | syncing channels from database 
[SYS] 2025/04/04 - 12:10:00 | channels synced from database 
[SYS] 2025/04/04 - 12:10:01 | 任务进度轮询开始 
[SYS] 2025/04/04 - 12:10:01 | 任务进度轮询完成 
[SYS] 2025/04/04 - 12:10:01 | batch update started 
[SYS] 2025/04/04 - 12:10:01 | batch update finished 
[SYS] 2025/04/04 - 12:10:06 | batch update started 
[SYS] 2025/04/04 - 12:10:06 | batch update finished 
[SYS] 2025/04/04 - 12:10:11 | batch update started 
[SYS] 2025/04/04 - 12:10:11 | batch update finished 
[SYS] 2025/04/04 - 12:10:16 | 任务进度轮询开始 
[SYS] 2025/04/04 - 12:10:16 | 任务进度轮询完成 
[SYS] 2025/04/04 - 12:10:16 | batch update started 
[SYS] 2025/04/04 - 12:10:16 | batch update finished 
[SYS] 2025/04/04 - 12:10:21 | batch update started 
[SYS] 2025/04/04 - 12:10:21 | batch update finished 
[SYS] 2025/04/04 - 12:10:26 | batch update started 
[SYS] 2025/04/04 - 12:10:26 | batch update finished 
[SYS] 2025/04/04 - 12:10:31 | 任务进度轮询开始 
[SYS] 2025/04/04 - 12:10:31 | 任务进度轮询完成 
[SYS] 2025/04/04 - 12:10:31 | batch update started 
[SYS] 2025/04/04 - 12:10:31 | batch update finished 
[SYS] 2025/04/04 - 12:10:36 | batch update started 
[SYS] 2025/04/04 - 12:10:36 | batch update finished 
[SYS] 2025/04/04 - 12:10:41 | batch update started 
[SYS] 2025/04/04 - 12:10:41 | batch update finished 
[SYS] 2025/04/04 - 12:10:46 | 任务进度轮询开始 
[SYS] 2025/04/04 - 12:10:46 | 任务进度轮询完成 
[SYS] 2025/04/04 - 12:10:46 | batch update started 
[SYS] 2025/04/04 - 12:10:46 | batch update finished 
[SYS] 2025/04/04 - 12:10:51 | batch update started 
[SYS] 2025/04/04 - 12:10:51 | batch update finished 
[SYS] 2025/04/04 - 12:10:56 | batch update started 
[SYS] 2025/04/04 - 12:10:56 | batch update finished 
[SYS] 2025/04/04 - 12:11:00 | syncing options from database 
[SYS] 2025/04/04 - 12:11:00 | syncing channels from database 
[SYS] 2025/04/04 - 12:11:00 | channels synced from database 
[SYS] 2025/04/04 - 12:11:01 | 任务进度轮询开始 
[SYS] 2025/04/04 - 12:11:01 | 任务进度轮询完成 
[SYS] 2025/04/04 - 12:11:01 | batch update started 
[SYS] 2025/04/04 - 12:11:01 | batch update finished 
[SYS] 2025/04/04 - 12:11:06 | batch update started 
[SYS] 2025/04/04 - 12:11:06 | batch update finished 
[SYS] 2025/04/04 - 12:11:11 | batch update started 
[SYS] 2025/04/04 - 12:11:11 | batch update finished 
[SYS] 2025/04/04 - 12:11:16 | 任务进度轮询开始 
[SYS] 2025/04/04 - 12:11:16 | 任务进度轮询完成 
[SYS] 2025/04/04 - 12:11:16 | batch update started 
[SYS] 2025/04/04 - 12:11:16 | batch update finished 
[SYS] 2025/04/04 - 12:11:21 | batch update started 
[SYS] 2025/04/04 - 12:11:21 | batch update finished 
[SYS] 2025/04/04 - 12:11:26 | batch update started 
[SYS] 2025/04/04 - 12:11:26 | batch update finished 
[SYS] 2025/04/04 - 12:11:31 | 任务进度轮询开始 
[SYS] 2025/04/04 - 12:11:31 | 任务进度轮询完成 
[SYS] 2025/04/04 - 12:11:31 | batch update started 
[SYS] 2025/04/04 - 12:11:31 | batch update finished 
[SYS] 2025/04/04 - 12:11:36 | batch update started 
[SYS] 2025/04/04 - 12:11:36 | batch update finished 
