[SYS] 2025/04/02 - 16:53:57 | New API v0.0.0 started 
[SYS] 2025/04/02 - 16:53:57 | using MySQL as database 
[SYS] 2025/04/02 - 16:53:57 | database migration started 
[SYS] 2025/04/02 - 16:53:57 | database migrated 
[SYS] 2025/04/02 - 16:53:57 | using MySQL as database 
[SYS] 2025/04/02 - 16:53:57 | database migration started 
[SYS] 2025/04/02 - 16:53:57 | Redis is enabled 
[SYS] 2025/04/02 - 16:53:57 | memory cache enabled 
[SYS] 2025/04/02 - 16:53:57 | sync frequency: 60 seconds 
[SYS] 2025/04/02 - 16:53:57 | channels synced from database 
[SYS] 2025/04/02 - 16:53:57 | batch update enabled with interval 5s 
[SYS] 2025/04/02 - 16:53:57 | 正在更新数据看板数据... 
[SYS] 2025/04/02 - 16:53:57 | pprof enabled 
[SYS] 2025/04/02 - 16:53:57 | initializing token encoders 
[SYS] 2025/04/02 - 16:53:57 | 保存数据看板数据成功，共保存0条数据 
[SYS] 2025/04/02 - 16:53:58 | token encoders initialized 
[SYS] 2025/04/02 - 16:53:58 | FRONTEND_BASE_URL is ignored on master node 
[SYS] 2025/04/02 - 16:54:04 | batch update started 
[SYS] 2025/04/02 - 16:54:04 | batch update finished 
[SYS] 2025/04/02 - 16:54:09 | batch update started 
[SYS] 2025/04/02 - 16:54:09 | batch update finished 
[SYS] 2025/04/02 - 16:54:14 | 任务进度轮询开始 
[SYS] 2025/04/02 - 16:54:14 | batch update started 
[SYS] 2025/04/02 - 16:54:14 | batch update finished 
[SYS] 2025/04/02 - 16:54:14 | 任务进度轮询完成 
[GIN] 2025/04/02 - 16:54:15 | 20250402165415711983920RIQDRhxH | 200 |    1.804801ms |             ::1 |     GET /login?expired=true
[GIN] 2025/04/02 - 16:54:16 | 20250402165415851181973gxpQR5k1 | 200 |  173.852617ms |             ::1 |     GET /assets/index-COrIfyUD.js
[GIN] 2025/04/02 - 16:54:18 | 20250402165418323585356rNFwxq5w | 200 |    1.006523ms |             ::1 |     GET /api/status
[SYS] 2025/04/02 - 16:54:19 | batch update started 
[SYS] 2025/04/02 - 16:54:19 | batch update finished 
[SYS] 2025/04/02 - 16:54:24 | batch update started 
[SYS] 2025/04/02 - 16:54:24 | batch update finished 
[SYS] 2025/04/02 - 16:54:29 | batch update started 
[SYS] 2025/04/02 - 16:54:29 | batch update finished 
[SYS] 2025/04/02 - 16:54:29 | 任务进度轮询开始 
[SYS] 2025/04/02 - 16:54:29 | 任务进度轮询完成 
[GIN] 2025/04/02 - 16:54:30 | 202504021654303126681499r9Rfgtg | 200 |   15.002499ms |             ::1 |     GET /assets/index-BY3dNHh_.js
[GIN] 2025/04/02 - 16:54:30 | 20250402165430364920244FSyQlMWp | 200 |    4.328994ms |             ::1 |     GET /api/notice
[GIN] 2025/04/02 - 16:54:30 | 20250402165430379849643SvEQnPKO | 200 |  168.162672ms |             ::1 |     GET /api/home_page_content
[GIN] 2025/04/02 - 16:54:30 | 20250402165430629533229c0eUIZl8 | 200 |    9.993376ms |             ::1 |     GET /api/notice
[GIN] 2025/04/02 - 16:54:30 | 20250402165430639135766bU1ZR3gD | 200 |    3.507564ms |             ::1 |     GET /api/home_page_content
[SYS] 2025/04/02 - 16:54:36 | batch update started 
[SYS] 2025/04/02 - 16:54:36 | batch update finished 
[SYS] 2025/04/02 - 16:54:41 | batch update started 
[SYS] 2025/04/02 - 16:54:41 | batch update finished 
[GIN] 2025/04/02 - 16:54:44 | 202504021654444595263153Ej45pEX | 200 |  144.465826ms |             ::1 |    POST /api/user/login?turnstile=
[GIN] 2025/04/02 - 16:54:44 | 20250402165444748722254SHiN0sB7 | 200 |    6.961587ms |             ::1 |     GET /api/user/self/groups
[GIN] 2025/04/02 - 16:54:44 | 20250402165444744935881uJa07eVP | 200 |   18.037535ms |             ::1 |     GET /api/user/models
[GIN] 2025/04/02 - 16:54:44 | 20250402165444760361635RpVyM4SQ | 200 |   63.833667ms |             ::1 |     GET /api/token/?p=0&size=10
[SYS] 2025/04/02 - 16:54:46 | 任务进度轮询开始 
[SYS] 2025/04/02 - 16:54:46 | 任务进度轮询完成 
[SYS] 2025/04/02 - 16:54:46 | batch update started 
[SYS] 2025/04/02 - 16:54:46 | batch update finished 
[SYS] 2025/04/02 - 16:54:51 | batch update started 
[SYS] 2025/04/02 - 16:54:51 | batch update finished 
[SYS] 2025/04/02 - 16:54:56 | batch update started 
[SYS] 2025/04/02 - 16:54:56 | batch update finished 
[SYS] 2025/04/02 - 16:55:01 | syncing options from database 
[SYS] 2025/04/02 - 16:55:01 | syncing channels from database 
[SYS] 2025/04/02 - 16:55:01 | channels synced from database 
[SYS] 2025/04/02 - 16:55:01 | 任务进度轮询开始 
[SYS] 2025/04/02 - 16:55:01 | 任务进度轮询完成 
[SYS] 2025/04/02 - 16:55:01 | batch update started 
[SYS] 2025/04/02 - 16:55:01 | batch update finished 
[SYS] 2025/04/02 - 16:55:08 | batch update started 
[SYS] 2025/04/02 - 16:55:08 | batch update finished 
[SYS] 2025/04/02 - 16:55:13 | batch update started 
[SYS] 2025/04/02 - 16:55:13 | batch update finished 
[SYS] 2025/04/02 - 16:55:18 | 任务进度轮询开始 
[SYS] 2025/04/02 - 16:55:18 | 任务进度轮询完成 
[SYS] 2025/04/02 - 16:55:18 | batch update started 
[SYS] 2025/04/02 - 16:55:18 | batch update finished 
[SYS] 2025/04/02 - 16:55:23 | batch update started 
[SYS] 2025/04/02 - 16:55:23 | batch update finished 
[SYS] 2025/04/02 - 16:55:28 | batch update started 
[SYS] 2025/04/02 - 16:55:28 | batch update finished 
[SYS] 2025/04/02 - 16:55:33 | 任务进度轮询开始 
[SYS] 2025/04/02 - 16:55:33 | batch update started 
[SYS] 2025/04/02 - 16:55:33 | batch update finished 
[SYS] 2025/04/02 - 16:55:33 | 任务进度轮询完成 
[SYS] 2025/04/02 - 16:55:40 | batch update started 
[SYS] 2025/04/02 - 16:55:40 | batch update finished 
[SYS] 2025/04/02 - 16:55:45 | batch update started 
[SYS] 2025/04/02 - 16:55:45 | batch update finished 
[SYS] 2025/04/02 - 16:55:50 | 任务进度轮询开始 
[SYS] 2025/04/02 - 16:55:50 | 任务进度轮询完成 
[SYS] 2025/04/02 - 16:55:50 | batch update started 
[SYS] 2025/04/02 - 16:55:50 | batch update finished 
[SYS] 2025/04/02 - 16:55:55 | batch update started 
[SYS] 2025/04/02 - 16:55:55 | batch update finished 
[SYS] 2025/04/02 - 16:56:00 | batch update started 
[SYS] 2025/04/02 - 16:56:00 | batch update finished 
[SYS] 2025/04/02 - 16:56:05 | syncing options from database 
[SYS] 2025/04/02 - 16:56:05 | syncing channels from database 
[SYS] 2025/04/02 - 16:56:05 | channels synced from database 
[SYS] 2025/04/02 - 16:56:05 | 任务进度轮询开始 
[SYS] 2025/04/02 - 16:56:05 | 任务进度轮询完成 
[SYS] 2025/04/02 - 16:56:05 | batch update started 
[SYS] 2025/04/02 - 16:56:05 | batch update finished 
[GIN] 2025/04/02 - 16:56:10 | 2025040216561010418099m5NZVoBB | 200 |   18.418404ms |             ::1 |     GET /api/user/logout
[SYS] 2025/04/02 - 16:56:12 | batch update started 
[SYS] 2025/04/02 - 16:56:12 | batch update finished 
[SYS] 2025/04/02 - 16:56:17 | batch update started 
[SYS] 2025/04/02 - 16:56:17 | batch update finished 
[SYS] 2025/04/02 - 16:56:22 | 任务进度轮询开始 
[SYS] 2025/04/02 - 16:56:22 | batch update started 
[SYS] 2025/04/02 - 16:56:22 | batch update finished 
[SYS] 2025/04/02 - 16:56:22 | 任务进度轮询完成 
[GIN] 2025/04/02 - 16:56:27 | 20250402165627753212542lowM3FqX | 307 |    1.349195ms |             ::1 |     GET /api/auth/google/login
[SYS] 2025/04/02 - 16:56:27 | batch update started 
[SYS] 2025/04/02 - 16:56:27 | batch update finished 
[SYS] 2025/04/02 - 16:56:32 | batch update started 
[SYS] 2025/04/02 - 16:56:32 | batch update finished 
[GIN] 2025/04/02 - 16:56:35 | 20250402165634197946666q7GqwQtk | 303 |  1.243939762s |             ::1 |     GET /auth/google/callback?state=random_state&code=4%2F0AQSTgQFb5Jdq8k8ek5FXNFIP_ftxb_4lVkzDctvav3mSoN9CWY-kVIsE8zzRg6LnQQV7dQ&scope=email+profile+https%3A%2F%2Fwww.googleapis.com%2Fauth%2Fuserinfo.email+https%3A%2F%2Fwww.googleapis.com%2Fauth%2Fuserinfo.profile+openid&authuser=0&prompt=none
[GIN] 2025/04/02 - 16:56:35 | 202504021656354565707641y3gsUB3 | 200 |    4.824231ms |             ::1 |     GET /login?token=eyJhbGciOiJIUzI1NiIsInR5cCI6IkpXVCJ9.eyJlbWFpbCI6Imtpbmdzb2JlY0BnbWFpbC5jb20iLCJleHAiOjE3NDYyMDEzOTUsImlkIjo0LCJybmQiOjE3NDM2MDkzOTU0NDE5Njk1NjB9.ujibOHiYehNODp4QBqtY08r-O0G6_TMPS3kDYL3_s7Y
[SYS] 2025/04/02 - 16:56:37 | 任务进度轮询开始 
[SYS] 2025/04/02 - 16:56:37 | 任务进度轮询完成 
[SYS] 2025/04/02 - 16:56:37 | batch update started 
[SYS] 2025/04/02 - 16:56:37 | batch update finished 
[GIN] 2025/04/02 - 16:56:39 | 20250402165639220117767HGLWc1H7 | 200 |    7.785536ms |             ::1 |     GET /api/status
[GIN] 2025/04/02 - 16:56:39 | 20250402165639170546950wiB4N29n | 200 |   70.019075ms |             ::1 |     GET /api/user/self
[GIN] 2025/04/02 - 16:56:39 | 20250402165639805828426dt4pVM8y | 401 |    1.464551ms |             ::1 |     GET /api/user/models
[GIN] 2025/04/02 - 16:56:39 | 20250402165639806516650xXgAM8yG | 401 |    1.921764ms |             ::1 |     GET /api/user/self/groups
[GIN] 2025/04/02 - 16:56:41 | 202504021656418435563785j02K77 | 401 |   60.820019ms |             ::1 |     GET /api/token/?p=0&size=10
[GIN] 2025/04/02 - 16:56:42 | 202504021656411998546711roQFDbg | 200 |  131.698243ms |             ::1 |     GET /login?expired=true
[SYS] 2025/04/02 - 16:56:45 | batch update started 
[SYS] 2025/04/02 - 16:56:45 | batch update finished 
[GIN] 2025/04/02 - 16:56:46 | 202504021656461441478368IMUsibu | 200 |   19.053037ms |             ::1 |     GET /api/status
[SYS] 2025/04/02 - 16:56:50 | batch update started 
[SYS] 2025/04/02 - 16:56:50 | batch update finished 
[SYS] 2025/04/02 - 16:56:54 | 任务进度轮询开始 
[SYS] 2025/04/02 - 16:56:54 | 任务进度轮询完成 
[SYS] 2025/04/02 - 16:56:55 | batch update started 
[SYS] 2025/04/02 - 16:56:55 | batch update finished 
[SYS] 2025/04/02 - 16:57:00 | batch update started 
[SYS] 2025/04/02 - 16:57:00 | batch update finished 
[SYS] 2025/04/02 - 16:57:05 | batch update started 
[SYS] 2025/04/02 - 16:57:05 | batch update finished 
[SYS] 2025/04/02 - 16:57:09 | syncing options from database 
[SYS] 2025/04/02 - 16:57:09 | syncing channels from database 
[SYS] 2025/04/02 - 16:57:09 | channels synced from database 
[SYS] 2025/04/02 - 16:57:09 | 任务进度轮询开始 
[SYS] 2025/04/02 - 16:57:09 | 任务进度轮询完成 
[SYS] 2025/04/02 - 16:57:10 | batch update started 
[SYS] 2025/04/02 - 16:57:10 | batch update finished 
[SYS] 2025/04/02 - 16:57:16 | batch update started 
[SYS] 2025/04/02 - 16:57:16 | batch update finished 
[SYS] 2025/04/02 - 16:57:21 | batch update started 
[SYS] 2025/04/02 - 16:57:21 | batch update finished 
[SYS] 2025/04/02 - 16:57:26 | 任务进度轮询开始 
[SYS] 2025/04/02 - 16:57:26 | 任务进度轮询完成 
[SYS] 2025/04/02 - 16:57:26 | batch update started 
[SYS] 2025/04/02 - 16:57:26 | batch update finished 
[SYS] 2025/04/02 - 16:57:31 | batch update started 
[SYS] 2025/04/02 - 16:57:31 | batch update finished 
[SYS] 2025/04/02 - 16:57:36 | batch update started 
[SYS] 2025/04/02 - 16:57:36 | batch update finished 
[SYS] 2025/04/02 - 16:57:41 | 任务进度轮询开始 
[SYS] 2025/04/02 - 16:57:41 | 任务进度轮询完成 
[SYS] 2025/04/02 - 16:57:41 | batch update started 
[SYS] 2025/04/02 - 16:57:41 | batch update finished 
[SYS] 2025/04/02 - 16:57:49 | batch update started 
[SYS] 2025/04/02 - 16:57:49 | batch update finished 
[SYS] 2025/04/02 - 16:57:54 | batch update started 
[SYS] 2025/04/02 - 16:57:54 | batch update finished 
[SYS] 2025/04/02 - 16:57:59 | 任务进度轮询开始 
[SYS] 2025/04/02 - 16:57:59 | 任务进度轮询完成 
[SYS] 2025/04/02 - 16:57:59 | batch update started 
[SYS] 2025/04/02 - 16:57:59 | batch update finished 
[SYS] 2025/04/02 - 16:58:04 | batch update started 
[SYS] 2025/04/02 - 16:58:04 | batch update finished 
[SYS] 2025/04/02 - 16:58:09 | batch update started 
[SYS] 2025/04/02 - 16:58:09 | batch update finished 
[SYS] 2025/04/02 - 16:58:13 | syncing options from database 
[SYS] 2025/04/02 - 16:58:13 | syncing channels from database 
[SYS] 2025/04/02 - 16:58:13 | channels synced from database 
[SYS] 2025/04/02 - 16:58:14 | 任务进度轮询开始 
[SYS] 2025/04/02 - 16:58:14 | 任务进度轮询完成 
[SYS] 2025/04/02 - 16:58:14 | batch update started 
[SYS] 2025/04/02 - 16:58:14 | batch update finished 
[SYS] 2025/04/02 - 16:58:21 | batch update started 
[SYS] 2025/04/02 - 16:58:21 | batch update finished 
[SYS] 2025/04/02 - 16:58:26 | batch update started 
[SYS] 2025/04/02 - 16:58:26 | batch update finished 
[SYS] 2025/04/02 - 16:58:31 | 任务进度轮询开始 
[SYS] 2025/04/02 - 16:58:31 | 任务进度轮询完成 
[SYS] 2025/04/02 - 16:58:31 | batch update started 
[SYS] 2025/04/02 - 16:58:31 | batch update finished 
[SYS] 2025/04/02 - 16:58:36 | batch update started 
[SYS] 2025/04/02 - 16:58:36 | batch update finished 
[SYS] 2025/04/02 - 16:58:41 | batch update started 
[SYS] 2025/04/02 - 16:58:41 | batch update finished 
[SYS] 2025/04/02 - 16:58:46 | 任务进度轮询开始 
[SYS] 2025/04/02 - 16:58:46 | 任务进度轮询完成 
[SYS] 2025/04/02 - 16:58:46 | batch update started 
[SYS] 2025/04/02 - 16:58:46 | batch update finished 
[SYS] 2025/04/02 - 16:58:53 | batch update started 
[SYS] 2025/04/02 - 16:58:53 | batch update finished 
[SYS] 2025/04/02 - 16:58:58 | batch update started 
[SYS] 2025/04/02 - 16:58:58 | batch update finished 
[SYS] 2025/04/02 - 16:59:03 | 任务进度轮询开始 
[SYS] 2025/04/02 - 16:59:03 | 任务进度轮询完成 
[SYS] 2025/04/02 - 16:59:03 | batch update started 
[SYS] 2025/04/02 - 16:59:03 | batch update finished 
[SYS] 2025/04/02 - 16:59:08 | batch update started 
[SYS] 2025/04/02 - 16:59:08 | batch update finished 
[SYS] 2025/04/02 - 16:59:13 | batch update started 
[SYS] 2025/04/02 - 16:59:13 | batch update finished 
[SYS] 2025/04/02 - 16:59:17 | 正在更新数据看板数据... 
[SYS] 2025/04/02 - 16:59:17 | 保存数据看板数据成功，共保存0条数据 
[SYS] 2025/04/02 - 16:59:18 | syncing options from database 
[SYS] 2025/04/02 - 16:59:18 | syncing channels from database 
[SYS] 2025/04/02 - 16:59:18 | channels synced from database 
[SYS] 2025/04/02 - 16:59:18 | 任务进度轮询开始 
[SYS] 2025/04/02 - 16:59:18 | 任务进度轮询完成 
[SYS] 2025/04/02 - 16:59:18 | batch update started 
[SYS] 2025/04/02 - 16:59:18 | batch update finished 
[SYS] 2025/04/02 - 16:59:24 | batch update started 
[SYS] 2025/04/02 - 16:59:24 | batch update finished 
[SYS] 2025/04/02 - 16:59:29 | batch update started 
[SYS] 2025/04/02 - 16:59:29 | batch update finished 
[SYS] 2025/04/02 - 16:59:34 | 任务进度轮询开始 
[SYS] 2025/04/02 - 16:59:34 | 任务进度轮询完成 
[SYS] 2025/04/02 - 16:59:34 | batch update started 
[SYS] 2025/04/02 - 16:59:34 | batch update finished 
[SYS] 2025/04/02 - 16:59:39 | batch update started 
[SYS] 2025/04/02 - 16:59:39 | batch update finished 
[SYS] 2025/04/02 - 16:59:44 | batch update started 
[SYS] 2025/04/02 - 16:59:44 | batch update finished 
[SYS] 2025/04/02 - 16:59:49 | 任务进度轮询开始 
[SYS] 2025/04/02 - 16:59:49 | 任务进度轮询完成 
[SYS] 2025/04/02 - 16:59:49 | batch update started 
[SYS] 2025/04/02 - 16:59:49 | batch update finished 
[SYS] 2025/04/02 - 16:59:57 | batch update started 
[SYS] 2025/04/02 - 16:59:57 | batch update finished 
[SYS] 2025/04/02 - 17:00:02 | batch update started 
[SYS] 2025/04/02 - 17:00:02 | batch update finished 
[SYS] 2025/04/02 - 17:00:07 | 任务进度轮询开始 
[SYS] 2025/04/02 - 17:00:07 | 任务进度轮询完成 
[SYS] 2025/04/02 - 17:00:07 | batch update started 
[SYS] 2025/04/02 - 17:00:07 | batch update finished 
[SYS] 2025/04/02 - 17:00:12 | batch update started 
[SYS] 2025/04/02 - 17:00:12 | batch update finished 
[SYS] 2025/04/02 - 17:00:17 | batch update started 
[SYS] 2025/04/02 - 17:00:17 | batch update finished 
[GIN] 2025/04/02 - 17:00:18 | 20250402170018746270611ZjxlI3w2 | 401 |     661.886µs |       127.0.0.1 |     GET /api/token/?p=0
[SYS] 2025/04/02 - 17:00:21 | syncing options from database 
[SYS] 2025/04/02 - 17:00:21 | syncing channels from database 
[SYS] 2025/04/02 - 17:00:21 | channels synced from database 
[SYS] 2025/04/02 - 17:00:22 | 任务进度轮询开始 
[SYS] 2025/04/02 - 17:00:22 | 任务进度轮询完成 
[SYS] 2025/04/02 - 17:00:22 | batch update started 
[SYS] 2025/04/02 - 17:00:22 | batch update finished 
[SYS] 2025/04/02 - 17:00:29 | batch update started 
[SYS] 2025/04/02 - 17:00:29 | batch update finished 
[SYS] 2025/04/02 - 17:00:34 | batch update started 
[SYS] 2025/04/02 - 17:00:34 | batch update finished 
[GIN] 2025/04/02 - 17:00:34 | 20250402170034839111418U47PlIKX | 401 |    2.414305ms |       127.0.0.1 |     GET /api/token/?p=0
[SYS] 2025/04/02 - 17:00:39 | 任务进度轮询开始 
[SYS] 2025/04/02 - 17:00:39 | 任务进度轮询完成 
[SYS] 2025/04/02 - 17:00:39 | batch update started 
[SYS] 2025/04/02 - 17:00:39 | batch update finished 
[GIN] 2025/04/02 - 17:00:43 | 20250402170043322443841ggiou5UG | 401 |     653.212µs |       127.0.0.1 |     GET /api/token/
[SYS] 2025/04/02 - 17:00:44 | batch update started 
[SYS] 2025/04/02 - 17:00:44 | batch update finished 
[SYS] 2025/04/02 - 17:00:49 | batch update started 
[SYS] 2025/04/02 - 17:00:49 | batch update finished 
[SYS] 2025/04/02 - 17:00:54 | 任务进度轮询开始 
[SYS] 2025/04/02 - 17:00:54 | 任务进度轮询完成 
[SYS] 2025/04/02 - 17:00:54 | batch update started 
[SYS] 2025/04/02 - 17:00:54 | batch update finished 
[SYS] 2025/04/02 - 17:01:01 | batch update started 
[SYS] 2025/04/02 - 17:01:01 | batch update finished 
[SYS] 2025/04/02 - 17:01:06 | batch update started 
[SYS] 2025/04/02 - 17:01:06 | batch update finished 
[SYS] 2025/04/02 - 17:01:11 | 任务进度轮询开始 
[SYS] 2025/04/02 - 17:01:11 | 任务进度轮询完成 
[SYS] 2025/04/02 - 17:01:11 | batch update started 
[SYS] 2025/04/02 - 17:01:11 | batch update finished 
[SYS] 2025/04/02 - 17:01:16 | batch update started 
[SYS] 2025/04/02 - 17:01:16 | batch update finished 
[SYS] 2025/04/02 - 17:01:21 | batch update started 
[SYS] 2025/04/02 - 17:01:21 | batch update finished 
[SYS] 2025/04/02 - 17:01:26 | syncing options from database 
[SYS] 2025/04/02 - 17:01:26 | syncing channels from database 
[SYS] 2025/04/02 - 17:01:26 | channels synced from database 
[SYS] 2025/04/02 - 17:01:26 | 任务进度轮询开始 
[SYS] 2025/04/02 - 17:01:26 | 任务进度轮询完成 
[SYS] 2025/04/02 - 17:01:26 | batch update started 
[SYS] 2025/04/02 - 17:01:26 | batch update finished 
[SYS] 2025/04/02 - 17:01:33 | batch update started 
[SYS] 2025/04/02 - 17:01:33 | batch update finished 
[SYS] 2025/04/02 - 17:01:38 | batch update started 
[SYS] 2025/04/02 - 17:01:38 | batch update finished 
[SYS] 2025/04/02 - 17:01:43 | 任务进度轮询开始 
[SYS] 2025/04/02 - 17:01:43 | 任务进度轮询完成 
[SYS] 2025/04/02 - 17:01:43 | batch update started 
[SYS] 2025/04/02 - 17:01:43 | batch update finished 
[SYS] 2025/04/02 - 17:01:48 | batch update started 
[SYS] 2025/04/02 - 17:01:48 | batch update finished 
[SYS] 2025/04/02 - 17:01:53 | batch update started 
[SYS] 2025/04/02 - 17:01:53 | batch update finished 
[SYS] 2025/04/02 - 17:01:58 | 任务进度轮询开始 
[SYS] 2025/04/02 - 17:01:58 | 任务进度轮询完成 
[SYS] 2025/04/02 - 17:01:58 | batch update started 
[SYS] 2025/04/02 - 17:01:58 | batch update finished 
[SYS] 2025/04/02 - 17:02:05 | batch update started 
[SYS] 2025/04/02 - 17:02:05 | batch update finished 
[SYS] 2025/04/02 - 17:02:10 | batch update started 
[SYS] 2025/04/02 - 17:02:10 | batch update finished 
[SYS] 2025/04/02 - 17:02:15 | 任务进度轮询开始 
[SYS] 2025/04/02 - 17:02:15 | 任务进度轮询完成 
[SYS] 2025/04/02 - 17:02:15 | batch update started 
[SYS] 2025/04/02 - 17:02:15 | batch update finished 
[SYS] 2025/04/02 - 17:02:20 | batch update started 
[SYS] 2025/04/02 - 17:02:20 | batch update finished 
[SYS] 2025/04/02 - 17:02:25 | batch update started 
[SYS] 2025/04/02 - 17:02:25 | batch update finished 
[SYS] 2025/04/02 - 17:02:30 | syncing options from database 
[SYS] 2025/04/02 - 17:02:30 | syncing channels from database 
[SYS] 2025/04/02 - 17:02:30 | channels synced from database 
[SYS] 2025/04/02 - 17:02:30 | 任务进度轮询开始 
[SYS] 2025/04/02 - 17:02:30 | 任务进度轮询完成 
[SYS] 2025/04/02 - 17:02:30 | batch update started 
[SYS] 2025/04/02 - 17:02:30 | batch update finished 
[SYS] 2025/04/02 - 17:02:37 | batch update started 
[SYS] 2025/04/02 - 17:02:37 | batch update finished 
[SYS] 2025/04/02 - 17:02:42 | batch update started 
[SYS] 2025/04/02 - 17:02:42 | batch update finished 
[SYS] 2025/04/02 - 17:02:47 | 任务进度轮询开始 
[SYS] 2025/04/02 - 17:02:47 | 任务进度轮询完成 
[SYS] 2025/04/02 - 17:02:47 | batch update started 
[SYS] 2025/04/02 - 17:02:47 | batch update finished 
[SYS] 2025/04/02 - 17:02:52 | batch update started 
[SYS] 2025/04/02 - 17:02:52 | batch update finished 
[SYS] 2025/04/02 - 17:02:57 | batch update started 
[SYS] 2025/04/02 - 17:02:57 | batch update finished 
[SYS] 2025/04/02 - 17:03:02 | 任务进度轮询开始 
[SYS] 2025/04/02 - 17:03:02 | 任务进度轮询完成 
[SYS] 2025/04/02 - 17:03:02 | batch update started 
[SYS] 2025/04/02 - 17:03:02 | batch update finished 
[SYS] 2025/04/02 - 17:03:09 | batch update started 
[SYS] 2025/04/02 - 17:03:09 | batch update finished 
[SYS] 2025/04/02 - 17:03:14 | batch update started 
[SYS] 2025/04/02 - 17:03:14 | batch update finished 
[SYS] 2025/04/02 - 17:03:19 | 任务进度轮询开始 
[SYS] 2025/04/02 - 17:03:19 | 任务进度轮询完成 
[SYS] 2025/04/02 - 17:03:19 | batch update started 
[SYS] 2025/04/02 - 17:03:19 | batch update finished 
[SYS] 2025/04/02 - 17:03:24 | batch update started 
[SYS] 2025/04/02 - 17:03:24 | batch update finished 
[SYS] 2025/04/02 - 17:03:29 | batch update started 
[SYS] 2025/04/02 - 17:03:29 | batch update finished 
[SYS] 2025/04/02 - 17:03:34 | syncing options from database 
[SYS] 2025/04/02 - 17:03:34 | syncing channels from database 
[SYS] 2025/04/02 - 17:03:34 | channels synced from database 
[SYS] 2025/04/02 - 17:03:34 | 任务进度轮询开始 
[SYS] 2025/04/02 - 17:03:34 | 任务进度轮询完成 
[SYS] 2025/04/02 - 17:03:34 | batch update started 
[SYS] 2025/04/02 - 17:03:34 | batch update finished 
[SYS] 2025/04/02 - 17:03:41 | batch update started 
[SYS] 2025/04/02 - 17:03:41 | batch update finished 
[SYS] 2025/04/02 - 17:03:46 | batch update started 
[SYS] 2025/04/02 - 17:03:46 | batch update finished 
[SYS] 2025/04/02 - 17:03:51 | 任务进度轮询开始 
[SYS] 2025/04/02 - 17:03:51 | 任务进度轮询完成 
[SYS] 2025/04/02 - 17:03:51 | batch update started 
[SYS] 2025/04/02 - 17:03:51 | batch update finished 
[SYS] 2025/04/02 - 17:03:56 | batch update started 
[SYS] 2025/04/02 - 17:03:56 | batch update finished 
[SYS] 2025/04/02 - 17:04:01 | batch update started 
[SYS] 2025/04/02 - 17:04:01 | batch update finished 
[SYS] 2025/04/02 - 17:04:06 | 任务进度轮询开始 
[SYS] 2025/04/02 - 17:04:06 | 任务进度轮询完成 
[SYS] 2025/04/02 - 17:04:06 | batch update started 
[SYS] 2025/04/02 - 17:04:06 | batch update finished 
[SYS] 2025/04/02 - 17:04:13 | batch update started 
[SYS] 2025/04/02 - 17:04:13 | batch update finished 
[SYS] 2025/04/02 - 17:04:18 | batch update started 
[SYS] 2025/04/02 - 17:04:18 | batch update finished 
[SYS] 2025/04/02 - 17:04:23 | 任务进度轮询开始 
[SYS] 2025/04/02 - 17:04:23 | 任务进度轮询完成 
[SYS] 2025/04/02 - 17:04:23 | batch update started 
[SYS] 2025/04/02 - 17:04:23 | batch update finished 
[SYS] 2025/04/02 - 17:04:28 | batch update started 
[SYS] 2025/04/02 - 17:04:28 | batch update finished 
[SYS] 2025/04/02 - 17:04:33 | batch update started 
[SYS] 2025/04/02 - 17:04:33 | batch update finished 
[SYS] 2025/04/02 - 17:04:38 | testing all channels 
[SYS] 2025/04/02 - 17:04:38 | 正在更新数据看板数据... 
[SYS] 2025/04/02 - 17:04:38 | 保存数据看板数据成功，共保存0条数据 
[SYS] 2025/04/02 - 17:04:38 | channel test finished 
[SYS] 2025/04/02 - 17:04:38 | syncing options from database 
[SYS] 2025/04/02 - 17:04:38 | syncing channels from database 
[SYS] 2025/04/02 - 17:04:38 | channels synced from database 
[SYS] 2025/04/02 - 17:04:38 | 任务进度轮询开始 
[SYS] 2025/04/02 - 17:04:38 | 任务进度轮询完成 
[SYS] 2025/04/02 - 17:04:38 | batch update started 
[SYS] 2025/04/02 - 17:04:38 | batch update finished 
[SYS] 2025/04/02 - 17:04:45 | batch update started 
[SYS] 2025/04/02 - 17:04:45 | batch update finished 
[SYS] 2025/04/02 - 17:04:50 | batch update started 
[SYS] 2025/04/02 - 17:04:50 | batch update finished 
[SYS] 2025/04/02 - 17:04:55 | 任务进度轮询开始 
[SYS] 2025/04/02 - 17:04:55 | 任务进度轮询完成 
[SYS] 2025/04/02 - 17:04:55 | batch update started 
[SYS] 2025/04/02 - 17:04:55 | batch update finished 
[SYS] 2025/04/02 - 17:05:00 | batch update started 
[SYS] 2025/04/02 - 17:05:00 | batch update finished 
[SYS] 2025/04/02 - 17:05:05 | batch update started 
[SYS] 2025/04/02 - 17:05:05 | batch update finished 
[SYS] 2025/04/02 - 17:05:10 | 任务进度轮询开始 
[SYS] 2025/04/02 - 17:05:10 | 任务进度轮询完成 
[SYS] 2025/04/02 - 17:05:10 | batch update started 
[SYS] 2025/04/02 - 17:05:10 | batch update finished 
[SYS] 2025/04/02 - 17:05:17 | batch update started 
[SYS] 2025/04/02 - 17:05:17 | batch update finished 
[SYS] 2025/04/02 - 17:05:22 | batch update started 
[SYS] 2025/04/02 - 17:05:22 | batch update finished 
[SYS] 2025/04/02 - 17:05:27 | 任务进度轮询开始 
[SYS] 2025/04/02 - 17:05:27 | 任务进度轮询完成 
[SYS] 2025/04/02 - 17:05:27 | batch update started 
[SYS] 2025/04/02 - 17:05:27 | batch update finished 
[SYS] 2025/04/02 - 17:05:32 | batch update started 
[SYS] 2025/04/02 - 17:05:32 | batch update finished 
[SYS] 2025/04/02 - 17:05:37 | batch update started 
[SYS] 2025/04/02 - 17:05:37 | batch update finished 
[SYS] 2025/04/02 - 17:05:42 | syncing options from database 
[SYS] 2025/04/02 - 17:05:42 | syncing channels from database 
[SYS] 2025/04/02 - 17:05:42 | channels synced from database 
[SYS] 2025/04/02 - 17:05:42 | 任务进度轮询开始 
[SYS] 2025/04/02 - 17:05:42 | 任务进度轮询完成 
[SYS] 2025/04/02 - 17:05:42 | batch update started 
[SYS] 2025/04/02 - 17:05:42 | batch update finished 
[SYS] 2025/04/02 - 17:05:49 | batch update started 
[SYS] 2025/04/02 - 17:05:49 | batch update finished 
[SYS] 2025/04/02 - 17:05:54 | batch update started 
[SYS] 2025/04/02 - 17:05:54 | batch update finished 
[SYS] 2025/04/02 - 17:05:59 | 任务进度轮询开始 
[SYS] 2025/04/02 - 17:05:59 | 任务进度轮询完成 
[SYS] 2025/04/02 - 17:05:59 | batch update started 
[SYS] 2025/04/02 - 17:05:59 | batch update finished 
[SYS] 2025/04/02 - 17:06:04 | batch update started 
[SYS] 2025/04/02 - 17:06:04 | batch update finished 
[SYS] 2025/04/02 - 17:06:09 | batch update started 
[SYS] 2025/04/02 - 17:06:09 | batch update finished 
[SYS] 2025/04/02 - 17:06:14 | 任务进度轮询开始 
[SYS] 2025/04/02 - 17:06:14 | 任务进度轮询完成 
[SYS] 2025/04/02 - 17:06:14 | batch update started 
[SYS] 2025/04/02 - 17:06:14 | batch update finished 
[SYS] 2025/04/02 - 17:06:21 | batch update started 
[SYS] 2025/04/02 - 17:06:21 | batch update finished 
[SYS] 2025/04/02 - 17:06:26 | batch update started 
[SYS] 2025/04/02 - 17:06:26 | batch update finished 
[SYS] 2025/04/02 - 17:06:31 | 任务进度轮询开始 
[SYS] 2025/04/02 - 17:06:31 | 任务进度轮询完成 
[SYS] 2025/04/02 - 17:06:31 | batch update started 
[SYS] 2025/04/02 - 17:06:31 | batch update finished 
[SYS] 2025/04/02 - 17:06:36 | batch update started 
[SYS] 2025/04/02 - 17:06:36 | batch update finished 
[SYS] 2025/04/02 - 17:06:41 | batch update started 
[SYS] 2025/04/02 - 17:06:41 | batch update finished 
[SYS] 2025/04/02 - 17:06:46 | syncing options from database 
[SYS] 2025/04/02 - 17:06:46 | syncing channels from database 
[SYS] 2025/04/02 - 17:06:46 | channels synced from database 
[SYS] 2025/04/02 - 17:06:46 | 任务进度轮询开始 
[SYS] 2025/04/02 - 17:06:46 | 任务进度轮询完成 
[SYS] 2025/04/02 - 17:06:46 | batch update started 
[SYS] 2025/04/02 - 17:06:46 | batch update finished 
[SYS] 2025/04/02 - 17:06:53 | batch update started 
[SYS] 2025/04/02 - 17:06:53 | batch update finished 
[SYS] 2025/04/02 - 17:06:58 | batch update started 
[SYS] 2025/04/02 - 17:06:58 | batch update finished 
[SYS] 2025/04/02 - 17:07:03 | 任务进度轮询开始 
[SYS] 2025/04/02 - 17:07:03 | 任务进度轮询完成 
[SYS] 2025/04/02 - 17:07:03 | batch update started 
[SYS] 2025/04/02 - 17:07:03 | batch update finished 
[SYS] 2025/04/02 - 17:07:08 | batch update started 
[SYS] 2025/04/02 - 17:07:08 | batch update finished 
[SYS] 2025/04/02 - 17:07:13 | batch update started 
[SYS] 2025/04/02 - 17:07:13 | batch update finished 
[SYS] 2025/04/02 - 17:07:18 | 任务进度轮询开始 
[SYS] 2025/04/02 - 17:07:18 | 任务进度轮询完成 
[SYS] 2025/04/02 - 17:07:18 | batch update started 
[SYS] 2025/04/02 - 17:07:18 | batch update finished 
[SYS] 2025/04/02 - 17:07:26 | batch update started 
[SYS] 2025/04/02 - 17:07:26 | batch update finished 
[SYS] 2025/04/02 - 17:07:31 | batch update started 
[SYS] 2025/04/02 - 17:07:31 | batch update finished 
[SYS] 2025/04/02 - 17:07:35 | 任务进度轮询开始 
[SYS] 2025/04/02 - 17:07:35 | 任务进度轮询完成 
[SYS] 2025/04/02 - 17:07:36 | batch update started 
[SYS] 2025/04/02 - 17:07:36 | batch update finished 
[SYS] 2025/04/02 - 17:07:41 | batch update started 
[SYS] 2025/04/02 - 17:07:41 | batch update finished 
[SYS] 2025/04/02 - 17:07:46 | batch update started 
[SYS] 2025/04/02 - 17:07:46 | batch update finished 
[SYS] 2025/04/02 - 17:07:50 | syncing options from database 
[SYS] 2025/04/02 - 17:07:50 | syncing channels from database 
[SYS] 2025/04/02 - 17:07:50 | channels synced from database 
[SYS] 2025/04/02 - 17:07:50 | 任务进度轮询开始 
[SYS] 2025/04/02 - 17:07:50 | 任务进度轮询完成 
[SYS] 2025/04/02 - 17:07:51 | batch update started 
[SYS] 2025/04/02 - 17:07:51 | batch update finished 
[SYS] 2025/04/02 - 17:07:58 | batch update started 
[SYS] 2025/04/02 - 17:07:58 | batch update finished 
[SYS] 2025/04/02 - 17:08:03 | batch update started 
[SYS] 2025/04/02 - 17:08:03 | batch update finished 
[SYS] 2025/04/02 - 17:08:08 | 任务进度轮询开始 
[SYS] 2025/04/02 - 17:08:08 | 任务进度轮询完成 
[SYS] 2025/04/02 - 17:08:08 | batch update started 
[SYS] 2025/04/02 - 17:08:08 | batch update finished 
[SYS] 2025/04/02 - 17:08:13 | batch update started 
[SYS] 2025/04/02 - 17:08:13 | batch update finished 
[SYS] 2025/04/02 - 17:08:18 | batch update started 
[SYS] 2025/04/02 - 17:08:18 | batch update finished 
[SYS] 2025/04/02 - 17:08:23 | 任务进度轮询开始 
[SYS] 2025/04/02 - 17:08:23 | 任务进度轮询完成 
[SYS] 2025/04/02 - 17:08:23 | batch update started 
[SYS] 2025/04/02 - 17:08:23 | batch update finished 
[SYS] 2025/04/02 - 17:08:30 | batch update started 
[SYS] 2025/04/02 - 17:08:30 | batch update finished 
[SYS] 2025/04/02 - 17:08:35 | batch update started 
[SYS] 2025/04/02 - 17:08:35 | batch update finished 
[SYS] 2025/04/02 - 17:08:40 | 任务进度轮询开始 
[SYS] 2025/04/02 - 17:08:40 | 任务进度轮询完成 
[SYS] 2025/04/02 - 17:08:40 | batch update started 
[SYS] 2025/04/02 - 17:08:40 | batch update finished 
[SYS] 2025/04/02 - 17:08:45 | batch update started 
[SYS] 2025/04/02 - 17:08:45 | batch update finished 
[SYS] 2025/04/02 - 17:08:50 | batch update started 
[SYS] 2025/04/02 - 17:08:50 | batch update finished 
[SYS] 2025/04/02 - 17:08:54 | syncing options from database 
[SYS] 2025/04/02 - 17:08:54 | syncing channels from database 
[SYS] 2025/04/02 - 17:08:54 | channels synced from database 
[SYS] 2025/04/02 - 17:08:55 | 任务进度轮询开始 
[SYS] 2025/04/02 - 17:08:55 | 任务进度轮询完成 
[SYS] 2025/04/02 - 17:08:55 | batch update started 
[SYS] 2025/04/02 - 17:08:55 | batch update finished 
[SYS] 2025/04/02 - 17:09:02 | batch update started 
[SYS] 2025/04/02 - 17:09:02 | batch update finished 
[SYS] 2025/04/02 - 17:09:07 | batch update started 
[SYS] 2025/04/02 - 17:09:07 | batch update finished 
[SYS] 2025/04/02 - 17:09:12 | 任务进度轮询开始 
[SYS] 2025/04/02 - 17:09:12 | 任务进度轮询完成 
[SYS] 2025/04/02 - 17:09:12 | batch update started 
[SYS] 2025/04/02 - 17:09:12 | batch update finished 
[SYS] 2025/04/02 - 17:09:17 | batch update started 
[SYS] 2025/04/02 - 17:09:17 | batch update finished 
[SYS] 2025/04/02 - 17:09:22 | batch update started 
[SYS] 2025/04/02 - 17:09:22 | batch update finished 
[SYS] 2025/04/02 - 17:09:27 | 任务进度轮询开始 
[SYS] 2025/04/02 - 17:09:27 | 任务进度轮询完成 
[SYS] 2025/04/02 - 17:09:27 | batch update started 
[SYS] 2025/04/02 - 17:09:27 | batch update finished 
[SYS] 2025/04/02 - 17:09:34 | batch update started 
[SYS] 2025/04/02 - 17:09:34 | batch update finished 
[SYS] 2025/04/02 - 17:09:39 | batch update started 
[SYS] 2025/04/02 - 17:09:39 | batch update finished 
[SYS] 2025/04/02 - 17:09:44 | 任务进度轮询开始 
[SYS] 2025/04/02 - 17:09:44 | 任务进度轮询完成 
[SYS] 2025/04/02 - 17:09:44 | batch update started 
[SYS] 2025/04/02 - 17:09:44 | batch update finished 
[SYS] 2025/04/02 - 17:09:49 | batch update started 
[SYS] 2025/04/02 - 17:09:49 | batch update finished 
[SYS] 2025/04/02 - 17:09:54 | batch update started 
[SYS] 2025/04/02 - 17:09:54 | batch update finished 
[SYS] 2025/04/02 - 17:09:58 | 正在更新数据看板数据... 
[SYS] 2025/04/02 - 17:09:58 | 保存数据看板数据成功，共保存0条数据 
[SYS] 2025/04/02 - 17:09:58 | syncing options from database 
[SYS] 2025/04/02 - 17:09:59 | syncing channels from database 
[SYS] 2025/04/02 - 17:09:59 | channels synced from database 
[SYS] 2025/04/02 - 17:09:59 | 任务进度轮询开始 
[SYS] 2025/04/02 - 17:09:59 | 任务进度轮询完成 
[SYS] 2025/04/02 - 17:09:59 | batch update started 
[SYS] 2025/04/02 - 17:09:59 | batch update finished 
[SYS] 2025/04/02 - 17:10:06 | batch update started 
[SYS] 2025/04/02 - 17:10:06 | batch update finished 
[SYS] 2025/04/02 - 17:10:11 | batch update started 
[SYS] 2025/04/02 - 17:10:11 | batch update finished 
[SYS] 2025/04/02 - 17:10:16 | 任务进度轮询开始 
[SYS] 2025/04/02 - 17:10:16 | 任务进度轮询完成 
[SYS] 2025/04/02 - 17:10:16 | batch update started 
[SYS] 2025/04/02 - 17:10:16 | batch update finished 
[SYS] 2025/04/02 - 17:10:21 | batch update started 
[SYS] 2025/04/02 - 17:10:21 | batch update finished 
[SYS] 2025/04/02 - 17:10:26 | batch update started 
[SYS] 2025/04/02 - 17:10:26 | batch update finished 
[SYS] 2025/04/02 - 17:10:31 | 任务进度轮询开始 
[SYS] 2025/04/02 - 17:10:31 | 任务进度轮询完成 
[SYS] 2025/04/02 - 17:10:31 | batch update started 
[SYS] 2025/04/02 - 17:10:31 | batch update finished 
[SYS] 2025/04/02 - 17:10:38 | batch update started 
[SYS] 2025/04/02 - 17:10:38 | batch update finished 
[SYS] 2025/04/02 - 17:10:43 | batch update started 
[SYS] 2025/04/02 - 17:10:43 | batch update finished 
[SYS] 2025/04/02 - 17:10:48 | 任务进度轮询开始 
[SYS] 2025/04/02 - 17:10:48 | 任务进度轮询完成 
[SYS] 2025/04/02 - 17:10:48 | batch update started 
[SYS] 2025/04/02 - 17:10:48 | batch update finished 
[SYS] 2025/04/02 - 17:10:53 | batch update started 
[SYS] 2025/04/02 - 17:10:53 | batch update finished 
[SYS] 2025/04/02 - 17:10:58 | batch update started 
[SYS] 2025/04/02 - 17:10:58 | batch update finished 
[SYS] 2025/04/02 - 17:11:03 | syncing options from database 
[SYS] 2025/04/02 - 17:11:03 | syncing channels from database 
[SYS] 2025/04/02 - 17:11:03 | channels synced from database 
[SYS] 2025/04/02 - 17:11:03 | 任务进度轮询开始 
[SYS] 2025/04/02 - 17:11:03 | 任务进度轮询完成 
[SYS] 2025/04/02 - 17:11:03 | batch update started 
[SYS] 2025/04/02 - 17:11:03 | batch update finished 
[SYS] 2025/04/02 - 17:11:10 | batch update started 
[SYS] 2025/04/02 - 17:11:10 | batch update finished 
[SYS] 2025/04/02 - 17:11:15 | batch update started 
[SYS] 2025/04/02 - 17:11:15 | batch update finished 
[SYS] 2025/04/02 - 17:11:20 | 任务进度轮询开始 
[SYS] 2025/04/02 - 17:11:20 | 任务进度轮询完成 
[SYS] 2025/04/02 - 17:11:20 | batch update started 
[SYS] 2025/04/02 - 17:11:20 | batch update finished 
[SYS] 2025/04/02 - 17:11:25 | batch update started 
[SYS] 2025/04/02 - 17:11:25 | batch update finished 
[SYS] 2025/04/02 - 17:11:30 | batch update started 
[SYS] 2025/04/02 - 17:11:30 | batch update finished 
[SYS] 2025/04/02 - 17:11:35 | 任务进度轮询开始 
[SYS] 2025/04/02 - 17:11:35 | 任务进度轮询完成 
[SYS] 2025/04/02 - 17:11:35 | batch update started 
[SYS] 2025/04/02 - 17:11:35 | batch update finished 
[SYS] 2025/04/02 - 17:11:42 | batch update started 
[SYS] 2025/04/02 - 17:11:42 | batch update finished 
[SYS] 2025/04/02 - 17:11:47 | batch update started 
[SYS] 2025/04/02 - 17:11:47 | batch update finished 
[SYS] 2025/04/02 - 17:11:52 | 任务进度轮询开始 
[SYS] 2025/04/02 - 17:11:52 | 任务进度轮询完成 
[SYS] 2025/04/02 - 17:11:52 | batch update started 
[SYS] 2025/04/02 - 17:11:52 | batch update finished 
[SYS] 2025/04/02 - 17:11:57 | batch update started 
[SYS] 2025/04/02 - 17:11:57 | batch update finished 
