[SYS] 2025/04/22 - 09:40:15 | New API v0.0.0 started 
[SYS] 2025/04/22 - 09:40:15 | using MySQL as database 
[SYS] 2025/04/22 - 09:40:15 | database migration started 
[SYS] 2025/04/22 - 09:40:15 | database migrated 
[SYS] 2025/04/22 - 09:40:15 | using MySQL as database 
[SYS] 2025/04/22 - 09:40:16 | database migration started 
[SYS] 2025/04/22 - 09:40:16 | Redis is enabled 
[SYS] 2025/04/22 - 09:40:16 | memory cache enabled 
[SYS] 2025/04/22 - 09:40:16 | sync frequency: 60 seconds 
[SYS] 2025/04/22 - 09:40:16 | channels synced from database 
[SYS] 2025/04/22 - 09:40:16 | batch update enabled with interval 5s 
[SYS] 2025/04/22 - 09:40:16 | pprof enabled 
[SYS] 2025/04/22 - 09:40:16 | initializing token encoders 
[SYS] 2025/04/22 - 09:40:16 | 正在更新数据看板数据... 
[SYS] 2025/04/22 - 09:40:16 | 保存数据看板数据成功，共保存0条数据 
[SYS] 2025/04/22 - 09:40:16 | token encoders initialized 
[SYS] 2025/04/22 - 09:40:16 | FRONTEND_BASE_URL is ignored on master node 
[SYS] 2025/04/22 - 09:40:18 | batch update started 
[SYS] 2025/04/22 - 09:40:18 | batch update finished 
[SYS] 2025/04/22 - 09:40:23 | batch update started 
[SYS] 2025/04/22 - 09:40:23 | batch update finished 
[GIN] 2025/04/22 - 09:40:28 | 2025042209402834411927qfuIH3bY | 200 |     1.55342ms |             ::1 |     GET /token
[SYS] 2025/04/22 - 09:40:28 | 任务进度轮询开始 
[SYS] 2025/04/22 - 09:40:28 | batch update started 
[SYS] 2025/04/22 - 09:40:28 | batch update finished 
[SYS] 2025/04/22 - 09:40:28 | 任务进度轮询完成 
[GIN] 2025/04/22 - 09:40:30 | 2025042209403092940083714S9ByTi | 200 |    17.18849ms |             ::1 |     GET /api/user/self/groups
[GIN] 2025/04/22 - 09:40:31 | 20250422094030926567897kotRioHO | 200 |    76.82884ms |             ::1 |     GET /api/user/models
[GIN] 2025/04/22 - 09:40:31 | 20250422094031128644057Ome4Ah5d | 200 |     1.49589ms |             ::1 |     GET /api/status
[GIN] 2025/04/22 - 09:40:31 | 20250422094031198831097pu4Vd0GB | 200 |    20.70255ms |             ::1 |     GET /api/token/?p=0&size=10
[SYS] 2025/04/22 - 09:40:33 | batch update started 
[SYS] 2025/04/22 - 09:40:33 | batch update finished 
[SYS] 2025/04/22 - 09:40:38 | batch update started 
[SYS] 2025/04/22 - 09:40:38 | batch update finished 
[SYS] 2025/04/22 - 09:40:43 | batch update started 
[SYS] 2025/04/22 - 09:40:43 | batch update finished 
[SYS] 2025/04/22 - 09:40:43 | 任务进度轮询开始 
[SYS] 2025/04/22 - 09:40:43 | 任务进度轮询完成 
[SYS] 2025/04/22 - 09:40:45 | batch update started 
[SYS] 2025/04/22 - 09:40:45 | batch update finished 
[SYS] 2025/04/22 - 09:40:50 | batch update started 
[SYS] 2025/04/22 - 09:40:50 | batch update finished 
[SYS] 2025/04/22 - 09:40:55 | batch update started 
[SYS] 2025/04/22 - 09:40:55 | batch update finished 
[SYS] 2025/04/22 - 09:40:55 | 任务进度轮询开始 
[SYS] 2025/04/22 - 09:40:55 | 任务进度轮询完成 
[SYS] 2025/04/22 - 09:41:00 | batch update started 
[SYS] 2025/04/22 - 09:41:00 | batch update finished 
[SYS] 2025/04/22 - 09:41:05 | batch update started 
[SYS] 2025/04/22 - 09:41:05 | batch update finished 
[SYS] 2025/04/22 - 09:41:10 | syncing options from database 
[SYS] 2025/04/22 - 09:41:10 | syncing channels from database 
[SYS] 2025/04/22 - 09:41:10 | channels synced from database 
[SYS] 2025/04/22 - 09:41:10 | batch update started 
[SYS] 2025/04/22 - 09:41:10 | batch update finished 
[SYS] 2025/04/22 - 09:41:11 | 任务进度轮询开始 
[SYS] 2025/04/22 - 09:41:11 | 任务进度轮询完成 
[SYS] 2025/04/22 - 09:41:13 | batch update started 
[SYS] 2025/04/22 - 09:41:13 | batch update finished 
[SYS] 2025/04/22 - 09:41:18 | batch update started 
[SYS] 2025/04/22 - 09:41:18 | batch update finished 
[SYS] 2025/04/22 - 09:41:23 | batch update started 
[SYS] 2025/04/22 - 09:41:23 | batch update finished 
[SYS] 2025/04/22 - 09:41:23 | 任务进度轮询开始 
[SYS] 2025/04/22 - 09:41:23 | 任务进度轮询完成 
[SYS] 2025/04/22 - 09:41:28 | batch update started 
[SYS] 2025/04/22 - 09:41:28 | batch update finished 
[GIN] 2025/04/22 - 09:41:29 | 20250422094129745459632nkPpLKKa | 200 |    42.70112ms |             ::1 |     GET /api/user/self
[SYS] 2025/04/22 - 09:41:33 | batch update started 
[SYS] 2025/04/22 - 09:41:33 | batch update finished 
[GIN] 2025/04/22 - 09:41:33 | 20250422094133268429225wy7oKyQj | 200 |     3.34345ms |             ::1 |     GET /topup
[GIN] 2025/04/22 - 09:41:35 | 202504220941354251073759TwfA4hI | 200 |      3.0239ms |             ::1 |     GET /api/user/self
[GIN] 2025/04/22 - 09:41:35 | 2025042209413543023106532zmLM9Y | 200 |      1.3739ms |             ::1 |     GET /api/status
[SYS] 2025/04/22 - 09:41:38 | batch update started 
[SYS] 2025/04/22 - 09:41:38 | batch update finished 
[SYS] 2025/04/22 - 09:41:38 | 任务进度轮询开始 
[SYS] 2025/04/22 - 09:41:38 | 任务进度轮询完成 
[SYS] 2025/04/22 - 09:41:40 | batch update started 
[SYS] 2025/04/22 - 09:41:40 | batch update finished 
[SYS] 2025/04/22 - 09:41:45 | batch update started 
[SYS] 2025/04/22 - 09:41:45 | batch update finished 
[SYS] 2025/04/22 - 09:41:50 | batch update started 
[SYS] 2025/04/22 - 09:41:50 | batch update finished 
[SYS] 2025/04/22 - 09:41:50 | 任务进度轮询开始 
[SYS] 2025/04/22 - 09:41:50 | 任务进度轮询完成 
[GIN] 2025/04/22 - 09:41:51 | 20250422094151957083519ACxvWL4z | 200 |     1.31428ms |             ::1 |     GET /api/user/logout
[SYS] 2025/04/22 - 09:41:55 | batch update started 
[SYS] 2025/04/22 - 09:41:55 | batch update finished 
[SYS] 2025/04/22 - 09:42:00 | batch update started 
[SYS] 2025/04/22 - 09:42:00 | batch update finished 
[SYS] 2025/04/22 - 09:42:05 | syncing options from database 
[SYS] 2025/04/22 - 09:42:05 | syncing channels from database 
[SYS] 2025/04/22 - 09:42:05 | channels synced from database 
[SYS] 2025/04/22 - 09:42:05 | batch update started 
[SYS] 2025/04/22 - 09:42:05 | batch update finished 
[SYS] 2025/04/22 - 09:42:05 | 任务进度轮询开始 
[SYS] 2025/04/22 - 09:42:05 | 任务进度轮询完成 
[GIN] 2025/04/22 - 09:42:06 | 20250422094206584244707r62vKn10 | 307 |     2.16755ms |             ::1 |     GET /api/auth/google/login
[SYS] 2025/04/22 - 09:42:07 | batch update started 
[SYS] 2025/04/22 - 09:42:07 | batch update finished 
[GIN] 2025/04/22 - 09:42:08 | 202504220942073536096774uwDjaYB | 303 |   1.47848195s |             ::1 |     GET /auth/google/callback?state=random_state&code=4%2F0Ab_5qllQ0dLBcR6EagBc1I9DQqrlkFueRXYaHnsUMCz3yuosM8SPXRam5a3UWaCqBxZloA&scope=email+profile+https%3A%2F%2Fwww.googleapis.com%2Fauth%2Fuserinfo.profile+openid+https%3A%2F%2Fwww.googleapis.com%2Fauth%2Fuserinfo.email&authuser=0&prompt=none
[GIN] 2025/04/22 - 09:42:08 | 20250422094208895059257oBlskCgb | 200 |     4.51209ms |             ::1 |     GET /login?token=eyJhbGciOiJIUzI1NiIsInR5cCI6IkpXVCJ9.eyJlbWFpbCI6Imtpbmdzb2JlY0BnbWFpbC5jb20iLCJleHAiOjE3NDc5MDMzMjgsImlkIjoxNCwicm5kIjoxNzQ1MzExMzI4ODMxNzc4ODk3fQ.CMogemavPdv7Q7YCrfdQQtxuk2fYGAOxfFO21agQ97g
[GIN] 2025/04/22 - 09:42:10 | 20250422094210746122757VDbIPPjM | 200 |     1.04643ms |             ::1 |     GET /api/status
[GIN] 2025/04/22 - 09:42:10 | 20250422094210745223067XJ7Cm957 | 200 |    20.20007ms |             ::1 |     GET /api/user/self
[GIN] 2025/04/22 - 09:42:11 | 20250422094211587928493PfCR2jqQ | 401 |     4.10091ms |             ::1 |     GET /api/user/models
[GIN] 2025/04/22 - 09:42:11 | 20250422094211627263393ra4RHhTK | 401 |     1.17491ms |             ::1 |     GET /api/user/self/groups
[GIN] 2025/04/22 - 09:42:11 | 20250422094211634176343kuVcbfVL | 401 |     1.63427ms |             ::1 |     GET /api/token/?p=0&size=10
[SYS] 2025/04/22 - 09:42:12 | batch update started 
[SYS] 2025/04/22 - 09:42:12 | batch update finished 
[SYS] 2025/04/22 - 09:42:17 | batch update started 
[SYS] 2025/04/22 - 09:42:17 | batch update finished 
[SYS] 2025/04/22 - 09:42:17 | 任务进度轮询开始 
[SYS] 2025/04/22 - 09:42:17 | 任务进度轮询完成 
[SYS] 2025/04/22 - 09:42:22 | batch update started 
[SYS] 2025/04/22 - 09:42:22 | batch update finished 
[SYS] 2025/04/22 - 09:42:27 | batch update started 
[SYS] 2025/04/22 - 09:42:27 | batch update finished 
[SYS] 2025/04/22 - 09:42:32 | batch update started 
[SYS] 2025/04/22 - 09:42:32 | batch update finished 
[SYS] 2025/04/22 - 09:42:32 | 任务进度轮询开始 
[SYS] 2025/04/22 - 09:42:32 | 任务进度轮询完成 
[SYS] 2025/04/22 - 09:42:35 | batch update started 
[SYS] 2025/04/22 - 09:42:35 | batch update finished 
[SYS] 2025/04/22 - 09:42:40 | batch update started 
[SYS] 2025/04/22 - 09:42:40 | batch update finished 
[SYS] 2025/04/22 - 09:42:45 | batch update started 
[SYS] 2025/04/22 - 09:42:45 | batch update finished 
[SYS] 2025/04/22 - 09:42:45 | 任务进度轮询开始 
[SYS] 2025/04/22 - 09:42:45 | 任务进度轮询完成 
[SYS] 2025/04/22 - 09:42:50 | batch update started 
[SYS] 2025/04/22 - 09:42:50 | batch update finished 
[SYS] 2025/04/22 - 09:42:55 | batch update started 
[SYS] 2025/04/22 - 09:42:55 | batch update finished 
[SYS] 2025/04/22 - 09:42:59 | syncing options from database 
[SYS] 2025/04/22 - 09:42:59 | syncing channels from database 
[SYS] 2025/04/22 - 09:42:59 | channels synced from database 
[SYS] 2025/04/22 - 09:43:00 | batch update started 
[SYS] 2025/04/22 - 09:43:00 | batch update finished 
[SYS] 2025/04/22 - 09:43:00 | 任务进度轮询开始 
[SYS] 2025/04/22 - 09:43:00 | 任务进度轮询完成 
[SYS] 2025/04/22 - 09:43:02 | batch update started 
[SYS] 2025/04/22 - 09:43:02 | batch update finished 
[SYS] 2025/04/22 - 09:43:07 | batch update started 
[SYS] 2025/04/22 - 09:43:07 | batch update finished 
[SYS] 2025/04/22 - 09:43:12 | batch update started 
[SYS] 2025/04/22 - 09:43:12 | batch update finished 
[SYS] 2025/04/22 - 09:43:12 | 任务进度轮询开始 
[SYS] 2025/04/22 - 09:43:12 | 任务进度轮询完成 
[SYS] 2025/04/22 - 09:43:17 | batch update started 
[SYS] 2025/04/22 - 09:43:17 | batch update finished 
[SYS] 2025/04/22 - 09:43:22 | batch update started 
[SYS] 2025/04/22 - 09:43:22 | batch update finished 
[SYS] 2025/04/22 - 09:43:27 | batch update started 
[SYS] 2025/04/22 - 09:43:27 | batch update finished 
[SYS] 2025/04/22 - 09:43:27 | 任务进度轮询开始 
[SYS] 2025/04/22 - 09:43:27 | 任务进度轮询完成 
[SYS] 2025/04/22 - 09:43:29 | batch update started 
[SYS] 2025/04/22 - 09:43:29 | batch update finished 
[SYS] 2025/04/22 - 09:43:34 | batch update started 
[SYS] 2025/04/22 - 09:43:34 | batch update finished 
[SYS] 2025/04/22 - 09:43:39 | batch update started 
[SYS] 2025/04/22 - 09:43:39 | batch update finished 
[SYS] 2025/04/22 - 09:43:39 | 任务进度轮询开始 
[SYS] 2025/04/22 - 09:43:39 | 任务进度轮询完成 
[SYS] 2025/04/22 - 09:43:44 | batch update started 
[SYS] 2025/04/22 - 09:43:44 | batch update finished 
[SYS] 2025/04/22 - 09:43:49 | batch update started 
[SYS] 2025/04/22 - 09:43:49 | batch update finished 
[SYS] 2025/04/22 - 09:43:54 | syncing options from database 
[SYS] 2025/04/22 - 09:43:54 | syncing channels from database 
[SYS] 2025/04/22 - 09:43:54 | channels synced from database 
[SYS] 2025/04/22 - 09:43:54 | batch update started 
[SYS] 2025/04/22 - 09:43:54 | batch update finished 
[SYS] 2025/04/22 - 09:43:54 | 任务进度轮询开始 
[SYS] 2025/04/22 - 09:43:54 | 任务进度轮询完成 
[SYS] 2025/04/22 - 09:43:57 | batch update started 
[SYS] 2025/04/22 - 09:43:57 | batch update finished 
[SYS] 2025/04/22 - 09:44:02 | batch update started 
[SYS] 2025/04/22 - 09:44:02 | batch update finished 
[SYS] 2025/04/22 - 09:44:07 | batch update started 
[SYS] 2025/04/22 - 09:44:07 | batch update finished 
[SYS] 2025/04/22 - 09:44:07 | 任务进度轮询开始 
[SYS] 2025/04/22 - 09:44:07 | 任务进度轮询完成 
[SYS] 2025/04/22 - 09:44:12 | batch update started 
[SYS] 2025/04/22 - 09:44:12 | batch update finished 
[SYS] 2025/04/22 - 09:44:17 | batch update started 
[SYS] 2025/04/22 - 09:44:17 | batch update finished 
[SYS] 2025/04/22 - 09:44:22 | batch update started 
[SYS] 2025/04/22 - 09:44:22 | batch update finished 
[SYS] 2025/04/22 - 09:44:22 | 任务进度轮询开始 
[SYS] 2025/04/22 - 09:44:22 | 任务进度轮询完成 
[SYS] 2025/04/22 - 09:44:24 | batch update started 
[SYS] 2025/04/22 - 09:44:24 | batch update finished 
[SYS] 2025/04/22 - 09:44:29 | batch update started 
[SYS] 2025/04/22 - 09:44:29 | batch update finished 
[SYS] 2025/04/22 - 09:44:34 | batch update started 
[SYS] 2025/04/22 - 09:44:34 | batch update finished 
[SYS] 2025/04/22 - 09:44:34 | 任务进度轮询开始 
[SYS] 2025/04/22 - 09:44:34 | 任务进度轮询完成 
[SYS] 2025/04/22 - 09:44:39 | batch update started 
[SYS] 2025/04/22 - 09:44:39 | batch update finished 
[SYS] 2025/04/22 - 09:44:44 | batch update started 
[SYS] 2025/04/22 - 09:44:44 | batch update finished 
[SYS] 2025/04/22 - 09:44:49 | 正在更新数据看板数据... 
[SYS] 2025/04/22 - 09:44:49 | 保存数据看板数据成功，共保存0条数据 
[SYS] 2025/04/22 - 09:44:49 | syncing options from database 
[SYS] 2025/04/22 - 09:44:49 | syncing channels from database 
[SYS] 2025/04/22 - 09:44:49 | channels synced from database 
[SYS] 2025/04/22 - 09:44:49 | batch update started 
[SYS] 2025/04/22 - 09:44:49 | batch update finished 
[SYS] 2025/04/22 - 09:44:49 | 任务进度轮询开始 
[SYS] 2025/04/22 - 09:44:49 | 任务进度轮询完成 
[SYS] 2025/04/22 - 09:44:51 | batch update started 
[SYS] 2025/04/22 - 09:44:51 | batch update finished 
[SYS] 2025/04/22 - 09:44:56 | batch update started 
[SYS] 2025/04/22 - 09:44:56 | batch update finished 
[SYS] 2025/04/22 - 09:45:01 | batch update started 
[SYS] 2025/04/22 - 09:45:01 | batch update finished 
[SYS] 2025/04/22 - 09:45:01 | 任务进度轮询开始 
[SYS] 2025/04/22 - 09:45:01 | 任务进度轮询完成 
[SYS] 2025/04/22 - 09:45:06 | batch update started 
[SYS] 2025/04/22 - 09:45:06 | batch update finished 
[SYS] 2025/04/22 - 09:45:11 | batch update started 
[SYS] 2025/04/22 - 09:45:11 | batch update finished 
[SYS] 2025/04/22 - 09:45:16 | batch update started 
[SYS] 2025/04/22 - 09:45:16 | batch update finished 
[SYS] 2025/04/22 - 09:45:16 | 任务进度轮询开始 
[SYS] 2025/04/22 - 09:45:16 | 任务进度轮询完成 
[SYS] 2025/04/22 - 09:45:19 | batch update started 
[SYS] 2025/04/22 - 09:45:19 | batch update finished 
[SYS] 2025/04/22 - 09:45:24 | batch update started 
[SYS] 2025/04/22 - 09:45:24 | batch update finished 
[SYS] 2025/04/22 - 09:45:29 | batch update started 
[SYS] 2025/04/22 - 09:45:29 | batch update finished 
[SYS] 2025/04/22 - 09:45:29 | 任务进度轮询开始 
[SYS] 2025/04/22 - 09:45:29 | 任务进度轮询完成 
[SYS] 2025/04/22 - 09:45:34 | batch update started 
[SYS] 2025/04/22 - 09:45:34 | batch update finished 
[SYS] 2025/04/22 - 09:45:39 | batch update started 
[SYS] 2025/04/22 - 09:45:39 | batch update finished 
[SYS] 2025/04/22 - 09:45:43 | syncing options from database 
[SYS] 2025/04/22 - 09:45:43 | syncing channels from database 
[SYS] 2025/04/22 - 09:45:43 | channels synced from database 
[SYS] 2025/04/22 - 09:45:44 | batch update started 
[SYS] 2025/04/22 - 09:45:44 | batch update finished 
[SYS] 2025/04/22 - 09:45:44 | 任务进度轮询开始 
[SYS] 2025/04/22 - 09:45:44 | 任务进度轮询完成 
[SYS] 2025/04/22 - 09:45:46 | batch update started 
[SYS] 2025/04/22 - 09:45:46 | batch update finished 
[SYS] 2025/04/22 - 09:45:51 | batch update started 
[SYS] 2025/04/22 - 09:45:51 | batch update finished 
[SYS] 2025/04/22 - 09:45:56 | batch update started 
[SYS] 2025/04/22 - 09:45:56 | batch update finished 
[SYS] 2025/04/22 - 09:45:56 | 任务进度轮询开始 
[SYS] 2025/04/22 - 09:45:56 | 任务进度轮询完成 
[GIN] 2025/04/22 - 09:45:59 | 20250422094559328445097mkN2iHqo | 200 |     2.45949ms |             ::1 |     GET /token
[SYS] 2025/04/22 - 09:46:01 | batch update started 
[SYS] 2025/04/22 - 09:46:01 | batch update finished 
[GIN] 2025/04/22 - 09:46:01 | 20250422094601913477767Yd2904re | 200 |     1.12728ms |             ::1 |     GET /api/status
[GIN] 2025/04/22 - 09:46:01 | 202504220946019099652477RfbQanR | 200 |     5.22896ms |             ::1 |     GET /api/user/self/groups
[GIN] 2025/04/22 - 09:46:01 | 202504220946018919096270tAq3MZB | 200 |    42.35484ms |             ::1 |     GET /api/user/models
[GIN] 2025/04/22 - 09:46:01 | 202504220946019285293975LUJ0Z0C | 200 |     20.8989ms |             ::1 |     GET /api/token/?p=0&size=10
[SYS] 2025/04/22 - 09:46:06 | batch update started 
[SYS] 2025/04/22 - 09:46:06 | batch update finished 
[SYS] 2025/04/22 - 09:46:11 | batch update started 
[SYS] 2025/04/22 - 09:46:11 | batch update finished 
[SYS] 2025/04/22 - 09:46:11 | 任务进度轮询开始 
[SYS] 2025/04/22 - 09:46:11 | 任务进度轮询完成 
[SYS] 2025/04/22 - 09:46:13 | batch update started 
[SYS] 2025/04/22 - 09:46:13 | batch update finished 
[SYS] 2025/04/22 - 09:46:18 | batch update started 
[SYS] 2025/04/22 - 09:46:18 | batch update finished 
[SYS] 2025/04/22 - 09:46:23 | batch update started 
[SYS] 2025/04/22 - 09:46:23 | batch update finished 
[SYS] 2025/04/22 - 09:46:23 | 任务进度轮询开始 
[SYS] 2025/04/22 - 09:46:23 | 任务进度轮询完成 
[SYS] 2025/04/22 - 09:46:28 | batch update started 
[SYS] 2025/04/22 - 09:46:28 | batch update finished 
[SYS] 2025/04/22 - 09:46:33 | batch update started 
[SYS] 2025/04/22 - 09:46:33 | batch update finished 
[SYS] 2025/04/22 - 09:46:38 | syncing options from database 
[SYS] 2025/04/22 - 09:46:38 | syncing channels from database 
[SYS] 2025/04/22 - 09:46:38 | channels synced from database 
[SYS] 2025/04/22 - 09:46:38 | batch update started 
[SYS] 2025/04/22 - 09:46:38 | 任务进度轮询开始 
[SYS] 2025/04/22 - 09:46:38 | batch update finished 
[SYS] 2025/04/22 - 09:46:38 | 任务进度轮询完成 
[SYS] 2025/04/22 - 09:46:40 | batch update started 
[SYS] 2025/04/22 - 09:46:40 | batch update finished 
[SYS] 2025/04/22 - 09:46:45 | batch update started 
[SYS] 2025/04/22 - 09:46:45 | batch update finished 
[SYS] 2025/04/22 - 09:46:50 | 任务进度轮询开始 
[SYS] 2025/04/22 - 09:46:50 | 任务进度轮询完成 
[SYS] 2025/04/22 - 09:46:50 | batch update started 
[SYS] 2025/04/22 - 09:46:50 | batch update finished 
[SYS] 2025/04/22 - 09:46:55 | batch update started 
[SYS] 2025/04/22 - 09:46:55 | batch update finished 
[SYS] 2025/04/22 - 09:47:00 | batch update started 
[SYS] 2025/04/22 - 09:47:00 | batch update finished 
[SYS] 2025/04/22 - 09:47:05 | 任务进度轮询开始 
[SYS] 2025/04/22 - 09:47:05 | 任务进度轮询完成 
[SYS] 2025/04/22 - 09:47:05 | batch update started 
[SYS] 2025/04/22 - 09:47:05 | batch update finished 
[SYS] 2025/04/22 - 09:47:08 | batch update started 
[SYS] 2025/04/22 - 09:47:08 | batch update finished 
[SYS] 2025/04/22 - 09:47:13 | batch update started 
[SYS] 2025/04/22 - 09:47:13 | batch update finished 
[SYS] 2025/04/22 - 09:47:18 | 任务进度轮询开始 
[SYS] 2025/04/22 - 09:47:18 | 任务进度轮询完成 
[SYS] 2025/04/22 - 09:47:18 | batch update started 
[SYS] 2025/04/22 - 09:47:18 | batch update finished 
[SYS] 2025/04/22 - 09:47:23 | batch update started 
[SYS] 2025/04/22 - 09:47:23 | batch update finished 
[SYS] 2025/04/22 - 09:47:28 | batch update started 
[SYS] 2025/04/22 - 09:47:28 | batch update finished 
[SYS] 2025/04/22 - 09:47:33 | syncing options from database 
[SYS] 2025/04/22 - 09:47:33 | syncing channels from database 
[SYS] 2025/04/22 - 09:47:33 | channels synced from database 
[SYS] 2025/04/22 - 09:47:33 | 任务进度轮询开始 
[SYS] 2025/04/22 - 09:47:33 | 任务进度轮询完成 
[SYS] 2025/04/22 - 09:47:33 | batch update started 
[SYS] 2025/04/22 - 09:47:33 | batch update finished 
[SYS] 2025/04/22 - 09:47:35 | batch update started 
[SYS] 2025/04/22 - 09:47:35 | batch update finished 
[SYS] 2025/04/22 - 09:47:40 | batch update started 
[SYS] 2025/04/22 - 09:47:40 | batch update finished 
[SYS] 2025/04/22 - 09:47:45 | 任务进度轮询开始 
[SYS] 2025/04/22 - 09:47:45 | 任务进度轮询完成 
[SYS] 2025/04/22 - 09:47:45 | batch update started 
[SYS] 2025/04/22 - 09:47:45 | batch update finished 
[SYS] 2025/04/22 - 09:47:50 | batch update started 
[SYS] 2025/04/22 - 09:47:50 | batch update finished 
[SYS] 2025/04/22 - 09:47:55 | batch update started 
[SYS] 2025/04/22 - 09:47:55 | batch update finished 
[SYS] 2025/04/22 - 09:48:00 | 任务进度轮询开始 
[SYS] 2025/04/22 - 09:48:00 | 任务进度轮询完成 
[SYS] 2025/04/22 - 09:48:00 | batch update started 
[SYS] 2025/04/22 - 09:48:00 | batch update finished 
[SYS] 2025/04/22 - 09:48:02 | batch update started 
[SYS] 2025/04/22 - 09:48:02 | batch update finished 
[SYS] 2025/04/22 - 09:48:07 | batch update started 
[SYS] 2025/04/22 - 09:48:07 | batch update finished 
[SYS] 2025/04/22 - 09:48:12 | 任务进度轮询开始 
[SYS] 2025/04/22 - 09:48:12 | 任务进度轮询完成 
[SYS] 2025/04/22 - 09:48:12 | batch update started 
[SYS] 2025/04/22 - 09:48:12 | batch update finished 
[SYS] 2025/04/22 - 09:48:17 | batch update started 
[SYS] 2025/04/22 - 09:48:17 | batch update finished 
[SYS] 2025/04/22 - 09:48:22 | batch update started 
[SYS] 2025/04/22 - 09:48:22 | batch update finished 
[SYS] 2025/04/22 - 09:48:27 | syncing options from database 
[SYS] 2025/04/22 - 09:48:27 | syncing channels from database 
[SYS] 2025/04/22 - 09:48:27 | channels synced from database 
[SYS] 2025/04/22 - 09:48:27 | 任务进度轮询开始 
[SYS] 2025/04/22 - 09:48:27 | 任务进度轮询完成 
[SYS] 2025/04/22 - 09:48:27 | batch update started 
[SYS] 2025/04/22 - 09:48:27 | batch update finished 
[SYS] 2025/04/22 - 09:48:30 | batch update started 
[SYS] 2025/04/22 - 09:48:30 | batch update finished 
[SYS] 2025/04/22 - 09:48:35 | batch update started 
[SYS] 2025/04/22 - 09:48:35 | batch update finished 
[SYS] 2025/04/22 - 09:48:40 | 任务进度轮询开始 
[SYS] 2025/04/22 - 09:48:40 | 任务进度轮询完成 
[SYS] 2025/04/22 - 09:48:40 | batch update started 
[SYS] 2025/04/22 - 09:48:40 | batch update finished 
[SYS] 2025/04/22 - 09:48:45 | batch update started 
[SYS] 2025/04/22 - 09:48:45 | batch update finished 
[SYS] 2025/04/22 - 09:48:50 | batch update started 
[SYS] 2025/04/22 - 09:48:50 | batch update finished 
[SYS] 2025/04/22 - 09:48:55 | 任务进度轮询开始 
[SYS] 2025/04/22 - 09:48:55 | 任务进度轮询完成 
[SYS] 2025/04/22 - 09:48:55 | batch update started 
[SYS] 2025/04/22 - 09:48:55 | batch update finished 
[SYS] 2025/04/22 - 09:48:57 | batch update started 
[SYS] 2025/04/22 - 09:48:57 | batch update finished 
[SYS] 2025/04/22 - 09:49:02 | batch update started 
[SYS] 2025/04/22 - 09:49:02 | batch update finished 
[SYS] 2025/04/22 - 09:49:07 | 任务进度轮询开始 
[SYS] 2025/04/22 - 09:49:07 | 任务进度轮询完成 
[SYS] 2025/04/22 - 09:49:07 | batch update started 
[SYS] 2025/04/22 - 09:49:07 | batch update finished 
[SYS] 2025/04/22 - 09:49:12 | batch update started 
[SYS] 2025/04/22 - 09:49:12 | batch update finished 
[SYS] 2025/04/22 - 09:49:17 | batch update started 
[SYS] 2025/04/22 - 09:49:17 | batch update finished 
[SYS] 2025/04/22 - 09:49:22 | testing all channels 
[SYS] 2025/04/22 - 09:49:22 | 正在更新数据看板数据... 
[SYS] 2025/04/22 - 09:49:22 | 保存数据看板数据成功，共保存0条数据 
[SYS] 2025/04/22 - 09:49:22 | channel test finished 
[SYS] 2025/04/22 - 09:49:22 | syncing options from database 
[SYS] 2025/04/22 - 09:49:22 | syncing channels from database 
[SYS] 2025/04/22 - 09:49:22 | channels synced from database 
[SYS] 2025/04/22 - 09:49:22 | 任务进度轮询开始 
[SYS] 2025/04/22 - 09:49:22 | 任务进度轮询完成 
[SYS] 2025/04/22 - 09:49:22 | batch update started 
[SYS] 2025/04/22 - 09:49:22 | batch update finished 
[SYS] 2025/04/22 - 09:49:24 | batch update started 
[SYS] 2025/04/22 - 09:49:24 | batch update finished 
[SYS] 2025/04/22 - 09:49:29 | batch update started 
[SYS] 2025/04/22 - 09:49:29 | batch update finished 
[SYS] 2025/04/22 - 09:49:34 | 任务进度轮询开始 
[SYS] 2025/04/22 - 09:49:34 | 任务进度轮询完成 
[SYS] 2025/04/22 - 09:49:34 | batch update started 
[SYS] 2025/04/22 - 09:49:34 | batch update finished 
[SYS] 2025/04/22 - 09:49:39 | batch update started 
[SYS] 2025/04/22 - 09:49:39 | batch update finished 
[SYS] 2025/04/22 - 09:49:44 | batch update started 
[SYS] 2025/04/22 - 09:49:44 | batch update finished 
[SYS] 2025/04/22 - 09:49:49 | 任务进度轮询开始 
[SYS] 2025/04/22 - 09:49:49 | 任务进度轮询完成 
[SYS] 2025/04/22 - 09:49:49 | batch update started 
[SYS] 2025/04/22 - 09:49:49 | batch update finished 
[SYS] 2025/04/22 - 09:49:52 | batch update started 
[SYS] 2025/04/22 - 09:49:52 | batch update finished 
[SYS] 2025/04/22 - 09:49:57 | batch update started 
[SYS] 2025/04/22 - 09:49:57 | batch update finished 
[SYS] 2025/04/22 - 09:50:02 | 任务进度轮询开始 
[SYS] 2025/04/22 - 09:50:02 | 任务进度轮询完成 
[SYS] 2025/04/22 - 09:50:02 | batch update started 
[SYS] 2025/04/22 - 09:50:02 | batch update finished 
[SYS] 2025/04/22 - 09:50:07 | batch update started 
[SYS] 2025/04/22 - 09:50:07 | batch update finished 
[SYS] 2025/04/22 - 09:50:12 | batch update started 
[SYS] 2025/04/22 - 09:50:12 | batch update finished 
[SYS] 2025/04/22 - 09:50:16 | syncing options from database 
[SYS] 2025/04/22 - 09:50:16 | syncing channels from database 
[SYS] 2025/04/22 - 09:50:17 | channels synced from database 
[SYS] 2025/04/22 - 09:50:17 | 任务进度轮询开始 
[SYS] 2025/04/22 - 09:50:17 | 任务进度轮询完成 
[SYS] 2025/04/22 - 09:50:17 | batch update started 
[SYS] 2025/04/22 - 09:50:17 | batch update finished 
[SYS] 2025/04/22 - 09:50:19 | batch update started 
[SYS] 2025/04/22 - 09:50:19 | batch update finished 
[SYS] 2025/04/22 - 09:50:24 | batch update started 
[SYS] 2025/04/22 - 09:50:24 | batch update finished 
[SYS] 2025/04/22 - 09:50:29 | 任务进度轮询开始 
[SYS] 2025/04/22 - 09:50:29 | 任务进度轮询完成 
[SYS] 2025/04/22 - 09:50:29 | batch update started 
[SYS] 2025/04/22 - 09:50:29 | batch update finished 
[SYS] 2025/04/22 - 09:50:34 | batch update started 
[SYS] 2025/04/22 - 09:50:34 | batch update finished 
[SYS] 2025/04/22 - 09:50:39 | batch update started 
[SYS] 2025/04/22 - 09:50:39 | batch update finished 
[SYS] 2025/04/22 - 09:50:44 | 任务进度轮询开始 
[SYS] 2025/04/22 - 09:50:44 | 任务进度轮询完成 
[SYS] 2025/04/22 - 09:50:44 | batch update started 
[SYS] 2025/04/22 - 09:50:44 | batch update finished 
[SYS] 2025/04/22 - 09:50:46 | batch update started 
[SYS] 2025/04/22 - 09:50:46 | batch update finished 
[SYS] 2025/04/22 - 09:50:51 | batch update started 
[SYS] 2025/04/22 - 09:50:51 | batch update finished 
[SYS] 2025/04/22 - 09:50:56 | 任务进度轮询开始 
[SYS] 2025/04/22 - 09:50:56 | 任务进度轮询完成 
[SYS] 2025/04/22 - 09:50:56 | batch update started 
[SYS] 2025/04/22 - 09:50:56 | batch update finished 
[SYS] 2025/04/22 - 09:51:01 | batch update started 
[SYS] 2025/04/22 - 09:51:01 | batch update finished 
[SYS] 2025/04/22 - 09:51:06 | batch update started 
[SYS] 2025/04/22 - 09:51:06 | batch update finished 
[SYS] 2025/04/22 - 09:51:11 | syncing options from database 
[SYS] 2025/04/22 - 09:51:11 | syncing channels from database 
[SYS] 2025/04/22 - 09:51:11 | channels synced from database 
[SYS] 2025/04/22 - 09:51:11 | 任务进度轮询开始 
[SYS] 2025/04/22 - 09:51:11 | 任务进度轮询完成 
[SYS] 2025/04/22 - 09:51:11 | batch update started 
[SYS] 2025/04/22 - 09:51:11 | batch update finished 
[SYS] 2025/04/22 - 09:51:14 | batch update started 
[SYS] 2025/04/22 - 09:51:14 | batch update finished 
[SYS] 2025/04/22 - 09:51:19 | batch update started 
[SYS] 2025/04/22 - 09:51:19 | batch update finished 
[SYS] 2025/04/22 - 09:51:24 | 任务进度轮询开始 
[SYS] 2025/04/22 - 09:51:24 | 任务进度轮询完成 
[SYS] 2025/04/22 - 09:51:24 | batch update started 
[SYS] 2025/04/22 - 09:51:24 | batch update finished 
[SYS] 2025/04/22 - 09:51:29 | batch update started 
[SYS] 2025/04/22 - 09:51:29 | batch update finished 
[SYS] 2025/04/22 - 09:51:34 | batch update started 
[SYS] 2025/04/22 - 09:51:34 | batch update finished 
[SYS] 2025/04/22 - 09:51:39 | 任务进度轮询开始 
[SYS] 2025/04/22 - 09:51:39 | 任务进度轮询完成 
[SYS] 2025/04/22 - 09:51:39 | batch update started 
[SYS] 2025/04/22 - 09:51:39 | batch update finished 
[SYS] 2025/04/22 - 09:51:41 | batch update started 
[SYS] 2025/04/22 - 09:51:41 | batch update finished 
[SYS] 2025/04/22 - 09:51:46 | batch update started 
[SYS] 2025/04/22 - 09:51:46 | batch update finished 
[SYS] 2025/04/22 - 09:51:51 | 任务进度轮询开始 
[SYS] 2025/04/22 - 09:51:51 | 任务进度轮询完成 
[SYS] 2025/04/22 - 09:51:51 | batch update started 
[SYS] 2025/04/22 - 09:51:51 | batch update finished 
[SYS] 2025/04/22 - 09:51:56 | batch update started 
[SYS] 2025/04/22 - 09:51:56 | batch update finished 
[SYS] 2025/04/22 - 09:52:01 | batch update started 
[SYS] 2025/04/22 - 09:52:01 | batch update finished 
[SYS] 2025/04/22 - 09:52:06 | syncing options from database 
[SYS] 2025/04/22 - 09:52:06 | syncing channels from database 
[SYS] 2025/04/22 - 09:52:06 | channels synced from database 
[SYS] 2025/04/22 - 09:52:06 | 任务进度轮询开始 
[SYS] 2025/04/22 - 09:52:06 | 任务进度轮询完成 
[SYS] 2025/04/22 - 09:52:06 | batch update started 
[SYS] 2025/04/22 - 09:52:06 | batch update finished 
[SYS] 2025/04/22 - 09:52:08 | batch update started 
[SYS] 2025/04/22 - 09:52:08 | batch update finished 
[SYS] 2025/04/22 - 09:52:13 | batch update started 
[SYS] 2025/04/22 - 09:52:13 | batch update finished 
[SYS] 2025/04/22 - 09:52:18 | 任务进度轮询开始 
[SYS] 2025/04/22 - 09:52:18 | 任务进度轮询完成 
[SYS] 2025/04/22 - 09:52:18 | batch update started 
[SYS] 2025/04/22 - 09:52:18 | batch update finished 
[SYS] 2025/04/22 - 09:52:23 | batch update started 
[SYS] 2025/04/22 - 09:52:23 | batch update finished 
[SYS] 2025/04/22 - 09:52:28 | batch update started 
[SYS] 2025/04/22 - 09:52:28 | batch update finished 
[SYS] 2025/04/22 - 09:52:33 | 任务进度轮询开始 
[SYS] 2025/04/22 - 09:52:33 | 任务进度轮询完成 
[SYS] 2025/04/22 - 09:52:33 | batch update started 
[SYS] 2025/04/22 - 09:52:33 | batch update finished 
[SYS] 2025/04/22 - 09:52:35 | batch update started 
[SYS] 2025/04/22 - 09:52:35 | batch update finished 
[SYS] 2025/04/22 - 09:52:40 | batch update started 
[SYS] 2025/04/22 - 09:52:40 | batch update finished 
[SYS] 2025/04/22 - 09:52:45 | 任务进度轮询开始 
[SYS] 2025/04/22 - 09:52:45 | 任务进度轮询完成 
[SYS] 2025/04/22 - 09:52:45 | batch update started 
[SYS] 2025/04/22 - 09:52:45 | batch update finished 
[SYS] 2025/04/22 - 09:52:50 | batch update started 
[SYS] 2025/04/22 - 09:52:50 | batch update finished 
[SYS] 2025/04/22 - 09:52:55 | batch update started 
[SYS] 2025/04/22 - 09:52:55 | batch update finished 
[SYS] 2025/04/22 - 09:53:00 | syncing options from database 
[SYS] 2025/04/22 - 09:53:00 | syncing channels from database 
[SYS] 2025/04/22 - 09:53:00 | channels synced from database 
[SYS] 2025/04/22 - 09:53:00 | 任务进度轮询开始 
[SYS] 2025/04/22 - 09:53:00 | 任务进度轮询完成 
[SYS] 2025/04/22 - 09:53:00 | batch update started 
[SYS] 2025/04/22 - 09:53:00 | batch update finished 
[SYS] 2025/04/22 - 09:53:03 | batch update started 
[SYS] 2025/04/22 - 09:53:03 | batch update finished 
[SYS] 2025/04/22 - 09:53:08 | batch update started 
[SYS] 2025/04/22 - 09:53:08 | batch update finished 
[SYS] 2025/04/22 - 09:53:13 | 任务进度轮询开始 
[SYS] 2025/04/22 - 09:53:13 | 任务进度轮询完成 
[SYS] 2025/04/22 - 09:53:13 | batch update started 
[SYS] 2025/04/22 - 09:53:13 | batch update finished 
[SYS] 2025/04/22 - 09:53:18 | batch update started 
[SYS] 2025/04/22 - 09:53:18 | batch update finished 
[SYS] 2025/04/22 - 09:53:23 | batch update started 
[SYS] 2025/04/22 - 09:53:23 | batch update finished 
[SYS] 2025/04/22 - 09:53:28 | 任务进度轮询开始 
[SYS] 2025/04/22 - 09:53:28 | 任务进度轮询完成 
[SYS] 2025/04/22 - 09:53:28 | batch update started 
[SYS] 2025/04/22 - 09:53:28 | batch update finished 
[SYS] 2025/04/22 - 09:53:30 | batch update started 
[SYS] 2025/04/22 - 09:53:30 | batch update finished 
[SYS] 2025/04/22 - 09:53:35 | batch update started 
[SYS] 2025/04/22 - 09:53:35 | batch update finished 
[SYS] 2025/04/22 - 09:53:40 | 任务进度轮询开始 
[SYS] 2025/04/22 - 09:53:40 | 任务进度轮询完成 
[SYS] 2025/04/22 - 09:53:40 | batch update started 
[SYS] 2025/04/22 - 09:53:40 | batch update finished 
[SYS] 2025/04/22 - 09:53:45 | batch update started 
[SYS] 2025/04/22 - 09:53:45 | batch update finished 
[SYS] 2025/04/22 - 09:53:50 | batch update started 
[SYS] 2025/04/22 - 09:53:50 | batch update finished 
[SYS] 2025/04/22 - 09:53:55 | 正在更新数据看板数据... 
[SYS] 2025/04/22 - 09:53:55 | 保存数据看板数据成功，共保存0条数据 
[SYS] 2025/04/22 - 09:53:55 | syncing options from database 
[SYS] 2025/04/22 - 09:53:55 | syncing channels from database 
[SYS] 2025/04/22 - 09:53:55 | 任务进度轮询开始 
[SYS] 2025/04/22 - 09:53:55 | batch update started 
[SYS] 2025/04/22 - 09:53:55 | batch update finished 
[SYS] 2025/04/22 - 09:53:55 | channels synced from database 
[SYS] 2025/04/22 - 09:53:55 | 任务进度轮询完成 
[SYS] 2025/04/22 - 09:53:58 | batch update started 
[SYS] 2025/04/22 - 09:53:58 | batch update finished 
[GIN] 2025/04/22 - 09:53:58 | 20250422095358900122026VLNLhEvL | 200 |     33.5511ms |             ::1 |     GET /token
[GIN] 2025/04/22 - 09:54:02 | 20250422095402118238079RfGV47pe | 200 |     43.2234ms |             ::1 |     GET /api/user/models
[GIN] 2025/04/22 - 09:54:02 | 202504220954021436528094jsFIaiN | 200 |    20.95973ms |             ::1 |     GET /api/token/?p=0&size=10
[GIN] 2025/04/22 - 09:54:02 | 20250422095402153764889XzvMKrCt | 200 |    11.30668ms |             ::1 |     GET /api/status
[GIN] 2025/04/22 - 09:54:02 | 20250422095402121074869BiglLkjO | 200 |   240.02561ms |             ::1 |     GET /api/user/self/groups
[SYS] 2025/04/22 - 09:54:03 | batch update started 
[SYS] 2025/04/22 - 09:54:03 | batch update finished 
[GIN] 2025/04/22 - 09:54:06 | 202504220954067959039299rUBIe3h | 200 |     1.10297ms |             ::1 |     GET /api/user/logout
[SYS] 2025/04/22 - 09:54:08 | batch update started 
[SYS] 2025/04/22 - 09:54:08 | batch update finished 
[SYS] 2025/04/22 - 09:54:08 | 任务进度轮询开始 
[SYS] 2025/04/22 - 09:54:08 | 任务进度轮询完成 
[SYS] 2025/04/22 - 09:54:13 | batch update started 
[SYS] 2025/04/22 - 09:54:13 | batch update finished 
[SYS] 2025/04/22 - 09:54:18 | batch update started 
[SYS] 2025/04/22 - 09:54:18 | batch update finished 
[SYS] 2025/04/22 - 09:54:23 | batch update started 
[SYS] 2025/04/22 - 09:54:23 | batch update finished 
[SYS] 2025/04/22 - 09:54:23 | 任务进度轮询开始 
[SYS] 2025/04/22 - 09:54:23 | 任务进度轮询完成 
[SYS] 2025/04/22 - 09:54:25 | batch update started 
[SYS] 2025/04/22 - 09:54:25 | batch update finished 
[GIN] 2025/04/22 - 09:54:25 | 2025042209542556953505824IEALTa | 307 |     3.00421ms |             ::1 |     GET /api/auth/google/login
[GIN] 2025/04/22 - 09:54:27 | 2025042209542678070558vMoy0YB1 | 303 |   1.42311268s |             ::1 |     GET /auth/google/callback?state=random_state&code=4%2F0Ab_5qlnDgZW43Ok527fFTgkJfO7jb-BaUYrtdtIjdJwAuI_-L3s1wSaKonniUvgJZP-W3A&scope=email+profile+openid+https%3A%2F%2Fwww.googleapis.com%2Fauth%2Fuserinfo.email+https%3A%2F%2Fwww.googleapis.com%2Fauth%2Fuserinfo.profile&authuser=0&prompt=none
[GIN] 2025/04/22 - 09:54:27 | 202504220954275121583787nYrDzcj | 200 |      2.4178ms |             ::1 |     GET /login?token=eyJhbGciOiJIUzI1NiIsInR5cCI6IkpXVCJ9.eyJlbWFpbCI6Imtpbmdzb2JlY0BnbWFpbC5jb20iLCJleHAiOjE3NDc5MDQwNjcsImlkIjoxNCwicm5kIjoxNzQ1MzEyMDY3NTAxMTMzNTE4fQ.qC92n8RFqiEb2IUmMNMoPSh28-nN31ZwcjBWM4nvg14
[GIN] 2025/04/22 - 09:54:29 | 20250422095429420520108mEoJxyoQ | 200 |     2.13158ms |             ::1 |     GET /api/status
[GIN] 2025/04/22 - 09:54:29 | 202504220954294169594085pOCMPZ7 | 200 |    46.56432ms |             ::1 |     GET /api/user/self
[SYS] 2025/04/22 - 09:54:30 | batch update started 
[SYS] 2025/04/22 - 09:54:30 | batch update finished 
[GIN] 2025/04/22 - 09:54:30 | 202504220954305078916687nlSKrmH | 401 |     1.00111ms |             ::1 |     GET /api/user/self/groups
[GIN] 2025/04/22 - 09:54:30 | 20250422095430506957658bB248wLN | 401 |   287.72337ms |             ::1 |     GET /api/user/models
[GIN] 2025/04/22 - 09:54:30 | 20250422095430800340198CqsHsfU3 | 401 |     1.58554ms |             ::1 |     GET /api/token/?p=0&size=10
[SYS] 2025/04/22 - 09:54:35 | batch update started 
[SYS] 2025/04/22 - 09:54:35 | batch update finished 
[SYS] 2025/04/22 - 09:54:35 | 任务进度轮询开始 
[SYS] 2025/04/22 - 09:54:35 | 任务进度轮询完成 
[SYS] 2025/04/22 - 09:54:40 | batch update started 
[SYS] 2025/04/22 - 09:54:40 | batch update finished 
[SYS] 2025/04/22 - 09:54:45 | batch update started 
[SYS] 2025/04/22 - 09:54:45 | batch update finished 
[SYS] 2025/04/22 - 09:54:50 | syncing options from database 
[SYS] 2025/04/22 - 09:54:50 | syncing channels from database 
[SYS] 2025/04/22 - 09:54:50 | channels synced from database 
[SYS] 2025/04/22 - 09:54:50 | batch update started 
[SYS] 2025/04/22 - 09:54:50 | batch update finished 
[SYS] 2025/04/22 - 09:54:50 | 任务进度轮询开始 
[SYS] 2025/04/22 - 09:54:50 | 任务进度轮询完成 
[SYS] 2025/04/22 - 09:54:52 | batch update started 
[SYS] 2025/04/22 - 09:54:52 | batch update finished 
[SYS] 2025/04/22 - 09:54:57 | batch update started 
[SYS] 2025/04/22 - 09:54:57 | batch update finished 
[SYS] 2025/04/22 - 09:55:02 | batch update started 
[SYS] 2025/04/22 - 09:55:02 | batch update finished 
[SYS] 2025/04/22 - 09:55:02 | 任务进度轮询开始 
[SYS] 2025/04/22 - 09:55:02 | 任务进度轮询完成 
[SYS] 2025/04/22 - 09:55:07 | batch update started 
[SYS] 2025/04/22 - 09:55:07 | batch update finished 
[SYS] 2025/04/22 - 09:55:12 | batch update started 
[SYS] 2025/04/22 - 09:55:12 | batch update finished 
[SYS] 2025/04/22 - 09:55:17 | batch update started 
[SYS] 2025/04/22 - 09:55:17 | batch update finished 
[SYS] 2025/04/22 - 09:55:17 | 任务进度轮询开始 
[SYS] 2025/04/22 - 09:55:17 | 任务进度轮询完成 
[GIN] 2025/04/22 - 09:55:19 | 20250422095519134260100yF8Kjhwl | 200 |     4.72505ms |             ::1 |     GET /token
[SYS] 2025/04/22 - 09:55:19 | batch update started 
[SYS] 2025/04/22 - 09:55:19 | batch update finished 
[GIN] 2025/04/22 - 09:55:21 | 20250422095521188455926GjnmlEQ | 200 |    3.350784ms |             ::1 |     GET /api/status
[GIN] 2025/04/22 - 09:55:21 | 2025042209552110315111yY8aqX7Z | 200 |   14.784072ms |             ::1 |     GET /api/token/?p=0&size=10
[GIN] 2025/04/22 - 09:55:21 | 202504220955218101951WgTXh8x8 | 200 |   164.55741ms |             ::1 |     GET /api/user/self/groups
[GIN] 2025/04/22 - 09:55:21 | 202504220955215796262jiphgxyW | 200 |  184.348495ms |             ::1 |     GET /api/user/models
[SYS] 2025/04/22 - 09:55:24 | batch update started 
[SYS] 2025/04/22 - 09:55:24 | batch update finished 
[SYS] 2025/04/22 - 09:55:29 | batch update started 
[SYS] 2025/04/22 - 09:55:29 | batch update finished 
[SYS] 2025/04/22 - 09:55:30 | 任务进度轮询开始 
[SYS] 2025/04/22 - 09:55:30 | 任务进度轮询完成 
[SYS] 2025/04/22 - 09:55:34 | batch update started 
[SYS] 2025/04/22 - 09:55:34 | batch update finished 
[SYS] 2025/04/22 - 09:55:39 | batch update started 
[SYS] 2025/04/22 - 09:55:39 | batch update finished 
[SYS] 2025/04/22 - 09:55:44 | syncing options from database 
[SYS] 2025/04/22 - 09:55:44 | syncing channels from database 
[SYS] 2025/04/22 - 09:55:44 | channels synced from database 
[SYS] 2025/04/22 - 09:55:44 | batch update started 
[SYS] 2025/04/22 - 09:55:44 | batch update finished 
[SYS] 2025/04/22 - 09:55:45 | 任务进度轮询开始 
[SYS] 2025/04/22 - 09:55:45 | 任务进度轮询完成 
[SYS] 2025/04/22 - 09:55:47 | batch update started 
[SYS] 2025/04/22 - 09:55:47 | batch update finished 
[SYS] 2025/04/22 - 09:55:52 | batch update started 
[SYS] 2025/04/22 - 09:55:52 | batch update finished 
[SYS] 2025/04/22 - 09:55:57 | batch update started 
[SYS] 2025/04/22 - 09:55:57 | batch update finished 
[SYS] 2025/04/22 - 09:55:57 | 任务进度轮询开始 
[SYS] 2025/04/22 - 09:55:57 | 任务进度轮询完成 
[SYS] 2025/04/22 - 09:56:02 | batch update started 
[SYS] 2025/04/22 - 09:56:02 | batch update finished 
[SYS] 2025/04/22 - 09:56:07 | batch update started 
[SYS] 2025/04/22 - 09:56:07 | batch update finished 
[SYS] 2025/04/22 - 09:56:12 | batch update started 
[SYS] 2025/04/22 - 09:56:12 | batch update finished 
[SYS] 2025/04/22 - 09:56:12 | 任务进度轮询开始 
[SYS] 2025/04/22 - 09:56:12 | 任务进度轮询完成 
[SYS] 2025/04/22 - 09:56:14 | batch update started 
[SYS] 2025/04/22 - 09:56:14 | batch update finished 
[SYS] 2025/04/22 - 09:56:19 | batch update started 
[SYS] 2025/04/22 - 09:56:19 | batch update finished 
[SYS] 2025/04/22 - 09:56:24 | batch update started 
[SYS] 2025/04/22 - 09:56:24 | batch update finished 
[SYS] 2025/04/22 - 09:56:24 | 任务进度轮询开始 
[SYS] 2025/04/22 - 09:56:24 | 任务进度轮询完成 
[SYS] 2025/04/22 - 09:56:29 | batch update started 
[SYS] 2025/04/22 - 09:56:29 | batch update finished 
[SYS] 2025/04/22 - 09:56:34 | batch update started 
[SYS] 2025/04/22 - 09:56:34 | batch update finished 
[SYS] 2025/04/22 - 09:56:39 | syncing options from database 
[SYS] 2025/04/22 - 09:56:39 | syncing channels from database 
[SYS] 2025/04/22 - 09:56:39 | channels synced from database 
[SYS] 2025/04/22 - 09:56:39 | batch update started 
[SYS] 2025/04/22 - 09:56:39 | batch update finished 
[SYS] 2025/04/22 - 09:56:39 | 任务进度轮询开始 
[SYS] 2025/04/22 - 09:56:39 | 任务进度轮询完成 
[SYS] 2025/04/22 - 09:56:41 | batch update started 
[SYS] 2025/04/22 - 09:56:41 | batch update finished 
[SYS] 2025/04/22 - 09:56:46 | batch update started 
[SYS] 2025/04/22 - 09:56:46 | batch update finished 
[SYS] 2025/04/22 - 09:56:51 | batch update started 
[SYS] 2025/04/22 - 09:56:51 | batch update finished 
[SYS] 2025/04/22 - 09:56:51 | 任务进度轮询开始 
[SYS] 2025/04/22 - 09:56:51 | 任务进度轮询完成 
[SYS] 2025/04/22 - 09:56:56 | batch update started 
[SYS] 2025/04/22 - 09:56:56 | batch update finished 
[SYS] 2025/04/22 - 09:57:01 | batch update started 
[SYS] 2025/04/22 - 09:57:01 | batch update finished 
[SYS] 2025/04/22 - 09:57:06 | batch update started 
[SYS] 2025/04/22 - 09:57:06 | batch update finished 
[SYS] 2025/04/22 - 09:57:06 | 任务进度轮询开始 
[SYS] 2025/04/22 - 09:57:06 | 任务进度轮询完成 
[SYS] 2025/04/22 - 09:57:09 | batch update started 
[SYS] 2025/04/22 - 09:57:09 | batch update finished 
[SYS] 2025/04/22 - 09:57:14 | batch update started 
[SYS] 2025/04/22 - 09:57:14 | batch update finished 
[SYS] 2025/04/22 - 09:57:19 | batch update started 
[SYS] 2025/04/22 - 09:57:19 | batch update finished 
[SYS] 2025/04/22 - 09:57:19 | 任务进度轮询开始 
[SYS] 2025/04/22 - 09:57:19 | 任务进度轮询完成 
[SYS] 2025/04/22 - 09:57:24 | batch update started 
[SYS] 2025/04/22 - 09:57:24 | batch update finished 
[SYS] 2025/04/22 - 09:57:29 | batch update started 
[SYS] 2025/04/22 - 09:57:29 | batch update finished 
[SYS] 2025/04/22 - 09:57:33 | syncing options from database 
[SYS] 2025/04/22 - 09:57:34 | syncing channels from database 
[SYS] 2025/04/22 - 09:57:34 | channels synced from database 
[SYS] 2025/04/22 - 09:57:34 | batch update started 
[SYS] 2025/04/22 - 09:57:34 | batch update finished 
[SYS] 2025/04/22 - 09:57:34 | 任务进度轮询开始 
[SYS] 2025/04/22 - 09:57:34 | 任务进度轮询完成 
[SYS] 2025/04/22 - 09:57:36 | batch update started 
[SYS] 2025/04/22 - 09:57:36 | batch update finished 
[SYS] 2025/04/22 - 09:57:41 | batch update started 
[SYS] 2025/04/22 - 09:57:41 | batch update finished 
[SYS] 2025/04/22 - 09:57:46 | batch update started 
[SYS] 2025/04/22 - 09:57:46 | batch update finished 
[SYS] 2025/04/22 - 09:57:46 | 任务进度轮询开始 
[SYS] 2025/04/22 - 09:57:46 | 任务进度轮询完成 
[SYS] 2025/04/22 - 09:57:51 | batch update started 
[SYS] 2025/04/22 - 09:57:51 | batch update finished 
[SYS] 2025/04/22 - 09:57:56 | batch update started 
[SYS] 2025/04/22 - 09:57:56 | batch update finished 
[SYS] 2025/04/22 - 09:58:01 | batch update started 
[SYS] 2025/04/22 - 09:58:01 | batch update finished 
[SYS] 2025/04/22 - 09:58:01 | 任务进度轮询开始 
[SYS] 2025/04/22 - 09:58:01 | 任务进度轮询完成 
[SYS] 2025/04/22 - 09:58:03 | batch update started 
[SYS] 2025/04/22 - 09:58:03 | batch update finished 
[SYS] 2025/04/22 - 09:58:08 | batch update started 
[SYS] 2025/04/22 - 09:58:08 | batch update finished 
[SYS] 2025/04/22 - 09:58:13 | batch update started 
[SYS] 2025/04/22 - 09:58:13 | batch update finished 
[SYS] 2025/04/22 - 09:58:14 | 任务进度轮询开始 
[SYS] 2025/04/22 - 09:58:14 | 任务进度轮询完成 
[SYS] 2025/04/22 - 09:58:18 | batch update started 
[SYS] 2025/04/22 - 09:58:18 | batch update finished 
[SYS] 2025/04/22 - 09:58:23 | batch update started 
[SYS] 2025/04/22 - 09:58:23 | batch update finished 
[SYS] 2025/04/22 - 09:58:28 | 正在更新数据看板数据... 
[SYS] 2025/04/22 - 09:58:28 | 保存数据看板数据成功，共保存0条数据 
[SYS] 2025/04/22 - 09:58:28 | testing all channels 
[SYS] 2025/04/22 - 09:58:28 | channel test finished 
[SYS] 2025/04/22 - 09:58:28 | syncing options from database 
[SYS] 2025/04/22 - 09:58:28 | syncing channels from database 
[SYS] 2025/04/22 - 09:58:28 | channels synced from database 
[SYS] 2025/04/22 - 09:58:28 | batch update started 
[SYS] 2025/04/22 - 09:58:28 | batch update finished 
[SYS] 2025/04/22 - 09:58:29 | 任务进度轮询开始 
[SYS] 2025/04/22 - 09:58:29 | 任务进度轮询完成 
[SYS] 2025/04/22 - 09:58:31 | batch update started 
[SYS] 2025/04/22 - 09:58:31 | batch update finished 
[SYS] 2025/04/22 - 09:58:36 | batch update started 
[SYS] 2025/04/22 - 09:58:36 | batch update finished 
[SYS] 2025/04/22 - 09:58:41 | batch update started 
[SYS] 2025/04/22 - 09:58:41 | batch update finished 
[SYS] 2025/04/22 - 09:58:41 | 任务进度轮询开始 
[SYS] 2025/04/22 - 09:58:41 | 任务进度轮询完成 
[SYS] 2025/04/22 - 09:58:46 | batch update started 
[SYS] 2025/04/22 - 09:58:46 | batch update finished 
[SYS] 2025/04/22 - 09:58:51 | batch update started 
[SYS] 2025/04/22 - 09:58:51 | batch update finished 
[SYS] 2025/04/22 - 09:58:56 | batch update started 
[SYS] 2025/04/22 - 09:58:56 | batch update finished 
[SYS] 2025/04/22 - 09:58:56 | 任务进度轮询开始 
[SYS] 2025/04/22 - 09:58:56 | 任务进度轮询完成 
[SYS] 2025/04/22 - 09:58:58 | batch update started 
[SYS] 2025/04/22 - 09:58:58 | batch update finished 
[SYS] 2025/04/22 - 09:59:03 | batch update started 
[SYS] 2025/04/22 - 09:59:03 | batch update finished 
[SYS] 2025/04/22 - 09:59:08 | batch update started 
[SYS] 2025/04/22 - 09:59:08 | batch update finished 
[SYS] 2025/04/22 - 09:59:08 | 任务进度轮询开始 
[SYS] 2025/04/22 - 09:59:08 | 任务进度轮询完成 
[SYS] 2025/04/22 - 09:59:13 | batch update started 
[SYS] 2025/04/22 - 09:59:13 | batch update finished 
[SYS] 2025/04/22 - 09:59:18 | batch update started 
[SYS] 2025/04/22 - 09:59:18 | batch update finished 
[SYS] 2025/04/22 - 09:59:22 | syncing options from database 
[SYS] 2025/04/22 - 09:59:23 | syncing channels from database 
[SYS] 2025/04/22 - 09:59:23 | channels synced from database 
[SYS] 2025/04/22 - 09:59:23 | batch update started 
[SYS] 2025/04/22 - 09:59:23 | batch update finished 
[SYS] 2025/04/22 - 09:59:23 | 任务进度轮询开始 
[SYS] 2025/04/22 - 09:59:23 | 任务进度轮询完成 
[SYS] 2025/04/22 - 09:59:25 | batch update started 
[SYS] 2025/04/22 - 09:59:25 | batch update finished 
[SYS] 2025/04/22 - 09:59:30 | batch update started 
[SYS] 2025/04/22 - 09:59:30 | batch update finished 
[SYS] 2025/04/22 - 09:59:35 | batch update started 
[SYS] 2025/04/22 - 09:59:35 | batch update finished 
[SYS] 2025/04/22 - 09:59:35 | 任务进度轮询开始 
[SYS] 2025/04/22 - 09:59:35 | 任务进度轮询完成 
[SYS] 2025/04/22 - 09:59:40 | batch update started 
[SYS] 2025/04/22 - 09:59:40 | batch update finished 
[SYS] 2025/04/22 - 09:59:45 | batch update started 
[SYS] 2025/04/22 - 09:59:45 | batch update finished 
