[SYS] 2025/04/05 - 21:54:17 | New API v0.0.0 started 
[SYS] 2025/04/05 - 21:54:17 | using MySQL as database 
[SYS] 2025/04/05 - 21:54:17 | database migration started 
[SYS] 2025/04/05 - 21:54:18 | database migrated 
[SYS] 2025/04/05 - 21:54:18 | using MySQL as database 
[SYS] 2025/04/05 - 21:54:18 | database migration started 
[SYS] 2025/04/05 - 21:54:18 | Redis is enabled 
[SYS] 2025/04/05 - 21:54:18 | memory cache enabled 
[SYS] 2025/04/05 - 21:54:18 | sync frequency: 60 seconds 
[SYS] 2025/04/05 - 21:54:18 | channels synced from database 
[SYS] 2025/04/05 - 21:54:18 | batch update enabled with interval 5s 
[SYS] 2025/04/05 - 21:54:18 | pprof enabled 
[SYS] 2025/04/05 - 21:54:18 | initializing token encoders 
[SYS] 2025/04/05 - 21:54:18 | 正在更新数据看板数据... 
[SYS] 2025/04/05 - 21:54:18 | 保存数据看板数据成功，共保存0条数据 
[SYS] 2025/04/05 - 21:54:19 | token encoders initialized 
[SYS] 2025/04/05 - 21:54:19 | FRONTEND_BASE_URL is ignored on master node 
[SYS] 2025/04/05 - 21:54:23 | batch update started 
[SYS] 2025/04/05 - 21:54:23 | batch update finished 
[SYS] 2025/04/05 - 21:54:28 | batch update started 
[SYS] 2025/04/05 - 21:54:28 | batch update finished 
[SYS] 2025/04/05 - 21:54:33 | 任务进度轮询开始 
[SYS] 2025/04/05 - 21:54:33 | batch update started 
[SYS] 2025/04/05 - 21:54:33 | batch update finished 
[SYS] 2025/04/05 - 21:54:33 | 任务进度轮询完成 
[SYS] 2025/04/05 - 21:54:40 | batch update started 
[SYS] 2025/04/05 - 21:54:40 | batch update finished 
[SYS] 2025/04/05 - 21:54:45 | batch update started 
[SYS] 2025/04/05 - 21:54:45 | batch update finished 
[SYS] 2025/04/05 - 21:54:50 | 任务进度轮询开始 
[SYS] 2025/04/05 - 21:54:50 | batch update started 
[SYS] 2025/04/05 - 21:54:50 | batch update finished 
[SYS] 2025/04/05 - 21:54:50 | 任务进度轮询完成 
[SYS] 2025/04/05 - 21:54:55 | batch update started 
[SYS] 2025/04/05 - 21:54:55 | batch update finished 
[SYS] 2025/04/05 - 21:55:00 | batch update started 
[SYS] 2025/04/05 - 21:55:00 | batch update finished 
[SYS] 2025/04/05 - 21:55:05 | 任务进度轮询开始 
[SYS] 2025/04/05 - 21:55:05 | 任务进度轮询完成 
[SYS] 2025/04/05 - 21:55:05 | batch update started 
[SYS] 2025/04/05 - 21:55:05 | batch update finished 
[SYS] 2025/04/05 - 21:55:10 | batch update started 
[SYS] 2025/04/05 - 21:55:10 | batch update finished 
[SYS] 2025/04/05 - 21:55:17 | batch update started 
[SYS] 2025/04/05 - 21:55:17 | batch update finished 
[SYS] 2025/04/05 - 21:55:22 | syncing channels from database 
[SYS] 2025/04/05 - 21:55:22 | syncing options from database 
[SYS] 2025/04/05 - 21:55:22 | channels synced from database 
[SYS] 2025/04/05 - 21:55:22 | 任务进度轮询开始 
[SYS] 2025/04/05 - 21:55:22 | 任务进度轮询完成 
[SYS] 2025/04/05 - 21:55:22 | batch update started 
[SYS] 2025/04/05 - 21:55:22 | batch update finished 
[SYS] 2025/04/05 - 21:55:27 | batch update started 
[SYS] 2025/04/05 - 21:55:27 | batch update finished 
[SYS] 2025/04/05 - 21:55:32 | batch update started 
[SYS] 2025/04/05 - 21:55:32 | batch update finished 
[SYS] 2025/04/05 - 21:55:37 | 任务进度轮询开始 
[SYS] 2025/04/05 - 21:55:37 | 任务进度轮询完成 
[SYS] 2025/04/05 - 21:55:37 | batch update started 
[SYS] 2025/04/05 - 21:55:37 | batch update finished 
[SYS] 2025/04/05 - 21:55:42 | batch update started 
[SYS] 2025/04/05 - 21:55:42 | batch update finished 
[SYS] 2025/04/05 - 21:55:49 | batch update started 
[SYS] 2025/04/05 - 21:55:49 | batch update finished 
[SYS] 2025/04/05 - 21:55:54 | 任务进度轮询开始 
[SYS] 2025/04/05 - 21:55:54 | 任务进度轮询完成 
[SYS] 2025/04/05 - 21:55:54 | batch update started 
[SYS] 2025/04/05 - 21:55:54 | batch update finished 
[GIN] 2025/04/05 - 21:55:56 | 20250405215556345121226k1uksn0z | 200 |    1.161893ms |             ::1 |     GET /topup
[GIN] 2025/04/05 - 21:55:58 | 20250405215558784621980OvQboZwH | 200 |    1.948885ms |             ::1 |     GET /api/status
[GIN] 2025/04/05 - 21:55:58 | 20250405215558782712508SwwzMQ4H | 200 |    5.248889ms |             ::1 |     GET /api/user/self
[SYS] 2025/04/05 - 21:55:59 | batch update started 
[SYS] 2025/04/05 - 21:55:59 | batch update finished 
[SYS] 2025/04/05 - 21:56:04 | batch update started 
[SYS] 2025/04/05 - 21:56:04 | batch update finished 
[GIN] 2025/04/05 - 21:56:05 | 20250405215605423975588nhNM85wT | 200 |    3.648998ms |             ::1 |    POST /api/user/amount
[GIN] 2025/04/05 - 21:56:05 | 20250405215605499448328FstDnNiv | 200 |    2.240824ms |             ::1 |    POST /api/user/amount
[GIN] 2025/04/05 - 21:56:08 | 20250405215607358553641PNQNxwzl | 200 |    1.2885877s |             ::1 |    POST /api/user/pay
[SYS] 2025/04/05 - 21:56:09 | 任务进度轮询开始 
[SYS] 2025/04/05 - 21:56:09 | 任务进度轮询完成 
[SYS] 2025/04/05 - 21:56:09 | batch update started 
[SYS] 2025/04/05 - 21:56:09 | batch update finished 
[SYS] 2025/04/05 - 21:56:14 | batch update started 
[SYS] 2025/04/05 - 21:56:14 | batch update finished 
[SYS] 2025/04/05 - 21:56:21 | batch update started 
[SYS] 2025/04/05 - 21:56:21 | batch update finished 
[SYS] 2025/04/05 - 21:56:26 | syncing channels from database 
[SYS] 2025/04/05 - 21:56:26 | syncing options from database 
[SYS] 2025/04/05 - 21:56:26 | channels synced from database 
[SYS] 2025/04/05 - 21:56:26 | 任务进度轮询开始 
[SYS] 2025/04/05 - 21:56:26 | 任务进度轮询完成 
[SYS] 2025/04/05 - 21:56:26 | batch update started 
[SYS] 2025/04/05 - 21:56:26 | batch update finished 
[SYS] 2025/04/05 - 21:56:31 | batch update started 
[SYS] 2025/04/05 - 21:56:31 | batch update finished 
[SYS] 2025/04/05 - 21:56:36 | batch update started 
[SYS] 2025/04/05 - 21:56:36 | batch update finished 
[SYS] 2025/04/05 - 21:56:41 | 任务进度轮询开始 
[SYS] 2025/04/05 - 21:56:41 | 任务进度轮询完成 
[SYS] 2025/04/05 - 21:56:41 | batch update started 
[SYS] 2025/04/05 - 21:56:41 | batch update finished 
[SYS] 2025/04/05 - 21:56:46 | batch update started 
[SYS] 2025/04/05 - 21:56:46 | batch update finished 
[GIN] 2025/04/05 - 21:56:48 | 20250405215648214435764kY8kVgkB | 200 |   55.410959ms |  54.187.174.169 |    POST /api/stripe/webhook
[GIN] 2025/04/05 - 21:56:50 | 20250405215650436336762gD4wUd25 | 200 |    3.480018ms |             ::1 |     GET /topup-success
[SYS] 2025/04/05 - 21:56:51 | batch update started 
[SYS] 2025/04/05 - 21:56:51 | batch update finished 
[GIN] 2025/04/05 - 21:56:52 | 20250405215652324203066fg5g4RTd | 200 |    1.236896ms |             ::1 |     GET /api/status
[SYS] 2025/04/05 - 21:56:57 | 任务进度轮询开始 
[SYS] 2025/04/05 - 21:56:57 | 任务进度轮询完成 
[SYS] 2025/04/05 - 21:56:57 | batch update started 
[SYS] 2025/04/05 - 21:56:57 | batch update finished 
[SYS] 2025/04/05 - 21:57:02 | batch update started 
[SYS] 2025/04/05 - 21:57:02 | batch update finished 
[SYS] 2025/04/05 - 21:57:07 | batch update started 
[SYS] 2025/04/05 - 21:57:07 | batch update finished 
[SYS] 2025/04/05 - 21:57:12 | 任务进度轮询开始 
[SYS] 2025/04/05 - 21:57:12 | 任务进度轮询完成 
[SYS] 2025/04/05 - 21:57:12 | batch update started 
[SYS] 2025/04/05 - 21:57:12 | batch update finished 
[GIN] 2025/04/05 - 21:57:15 | 20250405215715434648475KAbepyfY | 200 |    3.710359ms |             ::1 |     GET /api/user/self
[SYS] 2025/04/05 - 21:57:17 | batch update started 
[SYS] 2025/04/05 - 21:57:17 | batch update finished 
[SYS] 2025/04/05 - 21:57:22 | batch update started 
[SYS] 2025/04/05 - 21:57:22 | batch update finished 
[SYS] 2025/04/05 - 21:57:29 | syncing channels from database 
[SYS] 2025/04/05 - 21:57:29 | syncing options from database 
[SYS] 2025/04/05 - 21:57:29 | channels synced from database 
[SYS] 2025/04/05 - 21:57:29 | 任务进度轮询开始 
[SYS] 2025/04/05 - 21:57:29 | 任务进度轮询完成 
[SYS] 2025/04/05 - 21:57:29 | batch update started 
[SYS] 2025/04/05 - 21:57:29 | batch update finished 
[SYS] 2025/04/05 - 21:57:34 | batch update started 
[SYS] 2025/04/05 - 21:57:34 | batch update finished 
[SYS] 2025/04/05 - 21:57:39 | batch update started 
[SYS] 2025/04/05 - 21:57:39 | batch update finished 
[SYS] 2025/04/05 - 21:57:44 | 任务进度轮询开始 
[SYS] 2025/04/05 - 21:57:44 | 任务进度轮询完成 
[SYS] 2025/04/05 - 21:57:44 | batch update started 
[SYS] 2025/04/05 - 21:57:44 | batch update finished 
[SYS] 2025/04/05 - 21:57:49 | batch update started 
[SYS] 2025/04/05 - 21:57:49 | batch update finished 
[SYS] 2025/04/05 - 21:57:54 | batch update started 
[SYS] 2025/04/05 - 21:57:54 | batch update finished 
[SYS] 2025/04/05 - 21:57:59 | 任务进度轮询开始 
[SYS] 2025/04/05 - 21:57:59 | 任务进度轮询完成 
[SYS] 2025/04/05 - 21:57:59 | batch update started 
[SYS] 2025/04/05 - 21:57:59 | batch update finished 
[SYS] 2025/04/05 - 21:58:06 | batch update started 
[SYS] 2025/04/05 - 21:58:06 | batch update finished 
[SYS] 2025/04/05 - 21:58:11 | batch update started 
[SYS] 2025/04/05 - 21:58:11 | batch update finished 
[SYS] 2025/04/05 - 21:58:16 | 任务进度轮询开始 
[SYS] 2025/04/05 - 21:58:16 | 任务进度轮询完成 
[SYS] 2025/04/05 - 21:58:16 | batch update started 
[SYS] 2025/04/05 - 21:58:16 | batch update finished 
[SYS] 2025/04/05 - 21:58:22 | batch update started 
[SYS] 2025/04/05 - 21:58:22 | batch update finished 
[SYS] 2025/04/05 - 21:58:27 | batch update started 
[SYS] 2025/04/05 - 21:58:27 | batch update finished 
[SYS] 2025/04/05 - 21:58:31 | syncing channels from database 
[SYS] 2025/04/05 - 21:58:31 | syncing options from database 
[SYS] 2025/04/05 - 21:58:31 | channels synced from database 
[SYS] 2025/04/05 - 21:58:31 | 任务进度轮询开始 
[SYS] 2025/04/05 - 21:58:31 | 任务进度轮询完成 
[SYS] 2025/04/05 - 21:58:32 | batch update started 
[SYS] 2025/04/05 - 21:58:32 | batch update finished 
[SYS] 2025/04/05 - 21:58:38 | batch update started 
[SYS] 2025/04/05 - 21:58:38 | batch update finished 
[SYS] 2025/04/05 - 21:58:43 | batch update started 
[SYS] 2025/04/05 - 21:58:43 | batch update finished 
[SYS] 2025/04/05 - 21:58:48 | 任务进度轮询开始 
[SYS] 2025/04/05 - 21:58:48 | 任务进度轮询完成 
[SYS] 2025/04/05 - 21:58:48 | batch update started 
[SYS] 2025/04/05 - 21:58:48 | batch update finished 
[SYS] 2025/04/05 - 21:58:53 | batch update started 
[SYS] 2025/04/05 - 21:58:53 | batch update finished 
[SYS] 2025/04/05 - 21:58:58 | batch update started 
[SYS] 2025/04/05 - 21:58:58 | batch update finished 
[SYS] 2025/04/05 - 21:59:03 | 任务进度轮询开始 
[SYS] 2025/04/05 - 21:59:03 | 任务进度轮询完成 
[SYS] 2025/04/05 - 21:59:03 | batch update started 
[SYS] 2025/04/05 - 21:59:03 | batch update finished 
[SYS] 2025/04/05 - 21:59:08 | batch update started 
[SYS] 2025/04/05 - 21:59:08 | batch update finished 
[SYS] 2025/04/05 - 21:59:15 | batch update started 
[SYS] 2025/04/05 - 21:59:15 | batch update finished 
[SYS] 2025/04/05 - 21:59:20 | 任务进度轮询开始 
[SYS] 2025/04/05 - 21:59:20 | 任务进度轮询完成 
[SYS] 2025/04/05 - 21:59:20 | batch update started 
[SYS] 2025/04/05 - 21:59:20 | batch update finished 
[SYS] 2025/04/05 - 21:59:25 | batch update started 
[SYS] 2025/04/05 - 21:59:25 | batch update finished 
[SYS] 2025/04/05 - 21:59:30 | batch update started 
[SYS] 2025/04/05 - 21:59:30 | batch update finished 
[SYS] 2025/04/05 - 21:59:35 | 正在更新数据看板数据... 
[SYS] 2025/04/05 - 21:59:35 | 保存数据看板数据成功，共保存0条数据 
[SYS] 2025/04/05 - 21:59:35 | syncing options from database 
[SYS] 2025/04/05 - 21:59:35 | syncing channels from database 
[SYS] 2025/04/05 - 21:59:35 | channels synced from database 
[SYS] 2025/04/05 - 21:59:35 | 任务进度轮询开始 
[SYS] 2025/04/05 - 21:59:35 | 任务进度轮询完成 
[SYS] 2025/04/05 - 21:59:35 | batch update started 
[SYS] 2025/04/05 - 21:59:35 | batch update finished 
[SYS] 2025/04/05 - 21:59:40 | batch update started 
[SYS] 2025/04/05 - 21:59:40 | batch update finished 
[SYS] 2025/04/05 - 21:59:47 | batch update started 
[SYS] 2025/04/05 - 21:59:47 | batch update finished 
[SYS] 2025/04/05 - 21:59:52 | 任务进度轮询开始 
[SYS] 2025/04/05 - 21:59:52 | 任务进度轮询完成 
[SYS] 2025/04/05 - 21:59:52 | batch update started 
[SYS] 2025/04/05 - 21:59:52 | batch update finished 
[SYS] 2025/04/05 - 21:59:57 | batch update started 
[SYS] 2025/04/05 - 21:59:57 | batch update finished 
[SYS] 2025/04/05 - 22:00:02 | batch update started 
[SYS] 2025/04/05 - 22:00:02 | batch update finished 
[SYS] 2025/04/05 - 22:00:07 | 任务进度轮询开始 
[SYS] 2025/04/05 - 22:00:07 | 任务进度轮询完成 
[SYS] 2025/04/05 - 22:00:07 | batch update started 
[SYS] 2025/04/05 - 22:00:07 | batch update finished 
[SYS] 2025/04/05 - 22:00:12 | batch update started 
[SYS] 2025/04/05 - 22:00:12 | batch update finished 
[SYS] 2025/04/05 - 22:00:17 | batch update started 
[SYS] 2025/04/05 - 22:00:17 | batch update finished 
[SYS] 2025/04/05 - 22:00:24 | 任务进度轮询开始 
[SYS] 2025/04/05 - 22:00:24 | 任务进度轮询完成 
[SYS] 2025/04/05 - 22:00:24 | batch update started 
[SYS] 2025/04/05 - 22:00:24 | batch update finished 
[SYS] 2025/04/05 - 22:00:29 | batch update started 
[SYS] 2025/04/05 - 22:00:29 | batch update finished 
[SYS] 2025/04/05 - 22:00:34 | batch update started 
[SYS] 2025/04/05 - 22:00:34 | batch update finished 
[SYS] 2025/04/05 - 22:00:39 | syncing options from database 
[SYS] 2025/04/05 - 22:00:39 | syncing channels from database 
[SYS] 2025/04/05 - 22:00:39 | channels synced from database 
[SYS] 2025/04/05 - 22:00:39 | 任务进度轮询开始 
[SYS] 2025/04/05 - 22:00:39 | 任务进度轮询完成 
[SYS] 2025/04/05 - 22:00:39 | batch update started 
[SYS] 2025/04/05 - 22:00:39 | batch update finished 
[SYS] 2025/04/05 - 22:00:44 | batch update started 
[SYS] 2025/04/05 - 22:00:44 | batch update finished 
[SYS] 2025/04/05 - 22:00:49 | batch update started 
[SYS] 2025/04/05 - 22:00:49 | batch update finished 
[SYS] 2025/04/05 - 22:00:56 | 任务进度轮询开始 
[SYS] 2025/04/05 - 22:00:56 | 任务进度轮询完成 
[SYS] 2025/04/05 - 22:00:56 | batch update started 
[SYS] 2025/04/05 - 22:00:56 | batch update finished 
[SYS] 2025/04/05 - 22:01:01 | batch update started 
[SYS] 2025/04/05 - 22:01:01 | batch update finished 
[SYS] 2025/04/05 - 22:01:06 | batch update started 
[SYS] 2025/04/05 - 22:01:06 | batch update finished 
[SYS] 2025/04/05 - 22:01:11 | 任务进度轮询开始 
[SYS] 2025/04/05 - 22:01:11 | 任务进度轮询完成 
[SYS] 2025/04/05 - 22:01:11 | batch update started 
[SYS] 2025/04/05 - 22:01:11 | batch update finished 
[SYS] 2025/04/05 - 22:01:16 | batch update started 
[SYS] 2025/04/05 - 22:01:16 | batch update finished 
[SYS] 2025/04/05 - 22:01:21 | batch update started 
[SYS] 2025/04/05 - 22:01:21 | batch update finished 
[SYS] 2025/04/05 - 22:01:26 | 任务进度轮询开始 
[SYS] 2025/04/05 - 22:01:26 | 任务进度轮询完成 
[SYS] 2025/04/05 - 22:01:26 | batch update started 
[SYS] 2025/04/05 - 22:01:26 | batch update finished 
[SYS] 2025/04/05 - 22:01:33 | batch update started 
[SYS] 2025/04/05 - 22:01:33 | batch update finished 
[GIN] 2025/04/05 - 22:01:33 | 20250405220133872657533uiZlMBdM | 200 |    9.710408ms |             ::1 |    POST /api/user/amount
[GIN] 2025/04/05 - 22:01:34 | 2025040522013458921804qNrNECd5 | 200 |    2.501115ms |             ::1 |    POST /api/user/amount
[SYS] 2025/04/05 - 22:01:38 | batch update started 
[SYS] 2025/04/05 - 22:01:38 | batch update finished 
[GIN] 2025/04/05 - 22:01:38 | 20250405220135416936079j2n4zpmY | 200 |  3.084623421s |             ::1 |    POST /api/user/pay
[SYS] 2025/04/05 - 22:01:43 | syncing options from database 
[SYS] 2025/04/05 - 22:01:43 | syncing channels from database 
[SYS] 2025/04/05 - 22:01:43 | channels synced from database 
[SYS] 2025/04/05 - 22:01:43 | 任务进度轮询开始 
[SYS] 2025/04/05 - 22:01:43 | 任务进度轮询完成 
[SYS] 2025/04/05 - 22:01:43 | batch update started 
[SYS] 2025/04/05 - 22:01:43 | batch update finished 
[SYS] 2025/04/05 - 22:01:48 | batch update started 
[SYS] 2025/04/05 - 22:01:48 | batch update finished 
[SYS] 2025/04/05 - 22:01:53 | batch update started 
[SYS] 2025/04/05 - 22:01:53 | batch update finished 
[SYS] 2025/04/05 - 22:01:58 | 任务进度轮询开始 
[SYS] 2025/04/05 - 22:01:58 | 任务进度轮询完成 
[SYS] 2025/04/05 - 22:01:58 | batch update started 
[SYS] 2025/04/05 - 22:01:58 | batch update finished 
[SYS] 2025/04/05 - 22:02:05 | batch update started 
[SYS] 2025/04/05 - 22:02:05 | batch update finished 
[SYS] 2025/04/05 - 22:02:10 | batch update started 
[SYS] 2025/04/05 - 22:02:10 | batch update finished 
[SYS] 2025/04/05 - 22:02:15 | 任务进度轮询开始 
[SYS] 2025/04/05 - 22:02:15 | 任务进度轮询完成 
[SYS] 2025/04/05 - 22:02:15 | batch update started 
[SYS] 2025/04/05 - 22:02:15 | batch update finished 
[GIN] 2025/04/05 - 22:02:20 | 20250405220219967525952phKJyHT4 | 200 |   47.475158ms |  54.187.205.235 |    POST /api/stripe/webhook
[SYS] 2025/04/05 - 22:02:20 | batch update started 
[SYS] 2025/04/05 - 22:02:20 | batch update finished 
[GIN] 2025/04/05 - 22:02:21 | 20250405220221600470512bMI8iqus | 200 |    1.515743ms |             ::1 |     GET /topup-success
[GIN] 2025/04/05 - 22:02:23 | 20250405220223543184326A6J9xWK4 | 200 |    2.688697ms |             ::1 |     GET /api/status
[SYS] 2025/04/05 - 22:02:25 | batch update started 
[SYS] 2025/04/05 - 22:02:25 | batch update finished 
[SYS] 2025/04/05 - 22:02:30 | 任务进度轮询开始 
[SYS] 2025/04/05 - 22:02:30 | 任务进度轮询完成 
[SYS] 2025/04/05 - 22:02:30 | batch update started 
[SYS] 2025/04/05 - 22:02:30 | batch update finished 
[GIN] 2025/04/05 - 22:02:31 | 20250405220231215894465MoPiRPYo | 200 |     5.17641ms |             ::1 |     GET /api/user/self
[SYS] 2025/04/05 - 22:02:35 | batch update started 
[SYS] 2025/04/05 - 22:02:35 | batch update finished 
[SYS] 2025/04/05 - 22:02:42 | batch update started 
[SYS] 2025/04/05 - 22:02:42 | batch update finished 
[SYS] 2025/04/05 - 22:02:47 | syncing options from database 
[SYS] 2025/04/05 - 22:02:47 | syncing channels from database 
[SYS] 2025/04/05 - 22:02:47 | channels synced from database 
[SYS] 2025/04/05 - 22:02:47 | 任务进度轮询开始 
[SYS] 2025/04/05 - 22:02:47 | 任务进度轮询完成 
[SYS] 2025/04/05 - 22:02:47 | batch update started 
[SYS] 2025/04/05 - 22:02:47 | batch update finished 
[SYS] 2025/04/05 - 22:02:52 | batch update started 
[SYS] 2025/04/05 - 22:02:52 | batch update finished 
[SYS] 2025/04/05 - 22:02:57 | batch update started 
[SYS] 2025/04/05 - 22:02:57 | batch update finished 
[SYS] 2025/04/05 - 22:03:02 | 任务进度轮询开始 
[SYS] 2025/04/05 - 22:03:02 | 任务进度轮询完成 
[SYS] 2025/04/05 - 22:03:02 | batch update started 
[SYS] 2025/04/05 - 22:03:02 | batch update finished 
[SYS] 2025/04/05 - 22:03:07 | batch update started 
[SYS] 2025/04/05 - 22:03:07 | batch update finished 
[SYS] 2025/04/05 - 22:03:14 | batch update started 
[SYS] 2025/04/05 - 22:03:14 | batch update finished 
[SYS] 2025/04/05 - 22:03:18 | 任务进度轮询开始 
[SYS] 2025/04/05 - 22:03:18 | 任务进度轮询完成 
[SYS] 2025/04/05 - 22:03:19 | batch update started 
[SYS] 2025/04/05 - 22:03:19 | batch update finished 
[SYS] 2025/04/05 - 22:03:24 | batch update started 
[SYS] 2025/04/05 - 22:03:24 | batch update finished 
[SYS] 2025/04/05 - 22:03:29 | batch update started 
[SYS] 2025/04/05 - 22:03:29 | batch update finished 
[SYS] 2025/04/05 - 22:03:33 | 任务进度轮询开始 
[SYS] 2025/04/05 - 22:03:33 | 任务进度轮询完成 
[SYS] 2025/04/05 - 22:03:34 | batch update started 
[SYS] 2025/04/05 - 22:03:34 | batch update finished 
[SYS] 2025/04/05 - 22:03:39 | batch update started 
[SYS] 2025/04/05 - 22:03:39 | batch update finished 
[SYS] 2025/04/05 - 22:03:46 | batch update started 
[SYS] 2025/04/05 - 22:03:46 | batch update finished 
[SYS] 2025/04/05 - 22:03:50 | syncing options from database 
[SYS] 2025/04/05 - 22:03:50 | syncing channels from database 
[SYS] 2025/04/05 - 22:03:50 | channels synced from database 
[SYS] 2025/04/05 - 22:03:50 | 任务进度轮询开始 
[SYS] 2025/04/05 - 22:03:50 | 任务进度轮询完成 
[SYS] 2025/04/05 - 22:03:51 | batch update started 
[SYS] 2025/04/05 - 22:03:51 | batch update finished 
[SYS] 2025/04/05 - 22:03:56 | batch update started 
[SYS] 2025/04/05 - 22:03:56 | batch update finished 
[SYS] 2025/04/05 - 22:04:01 | batch update started 
[SYS] 2025/04/05 - 22:04:01 | batch update finished 
[SYS] 2025/04/05 - 22:04:05 | 任务进度轮询开始 
[SYS] 2025/04/05 - 22:04:05 | 任务进度轮询完成 
[SYS] 2025/04/05 - 22:04:06 | batch update started 
[SYS] 2025/04/05 - 22:04:06 | batch update finished 
[SYS] 2025/04/05 - 22:04:11 | batch update started 
[SYS] 2025/04/05 - 22:04:11 | batch update finished 
[SYS] 2025/04/05 - 22:04:16 | batch update started 
[SYS] 2025/04/05 - 22:04:16 | batch update finished 
[SYS] 2025/04/05 - 22:04:22 | 任务进度轮询开始 
[SYS] 2025/04/05 - 22:04:22 | 任务进度轮询完成 
[SYS] 2025/04/05 - 22:04:22 | batch update started 
[SYS] 2025/04/05 - 22:04:22 | batch update finished 
[SYS] 2025/04/05 - 22:04:27 | batch update started 
[SYS] 2025/04/05 - 22:04:27 | batch update finished 
[SYS] 2025/04/05 - 22:04:32 | batch update started 
[SYS] 2025/04/05 - 22:04:32 | batch update finished 
[SYS] 2025/04/05 - 22:04:37 | 任务进度轮询开始 
[SYS] 2025/04/05 - 22:04:37 | 任务进度轮询完成 
[SYS] 2025/04/05 - 22:04:37 | batch update started 
[SYS] 2025/04/05 - 22:04:37 | batch update finished 
[SYS] 2025/04/05 - 22:04:42 | batch update started 
[SYS] 2025/04/05 - 22:04:42 | batch update finished 
[SYS] 2025/04/05 - 22:04:47 | batch update started 
[SYS] 2025/04/05 - 22:04:47 | batch update finished 
[SYS] 2025/04/05 - 22:04:54 | testing all channels 
[SYS] 2025/04/05 - 22:04:54 | 正在更新数据看板数据... 
[SYS] 2025/04/05 - 22:04:54 | 保存数据看板数据成功，共保存0条数据 
[SYS] 2025/04/05 - 22:04:54 | channel test finished 
[SYS] 2025/04/05 - 22:04:54 | syncing options from database 
[SYS] 2025/04/05 - 22:04:54 | syncing channels from database 
[SYS] 2025/04/05 - 22:04:54 | channels synced from database 
[SYS] 2025/04/05 - 22:04:54 | 任务进度轮询开始 
[SYS] 2025/04/05 - 22:04:54 | 任务进度轮询完成 
[SYS] 2025/04/05 - 22:04:54 | batch update started 
[SYS] 2025/04/05 - 22:04:54 | batch update finished 
[SYS] 2025/04/05 - 22:04:59 | batch update started 
[SYS] 2025/04/05 - 22:04:59 | batch update finished 
[SYS] 2025/04/05 - 22:05:04 | batch update started 
[SYS] 2025/04/05 - 22:05:04 | batch update finished 
[SYS] 2025/04/05 - 22:05:09 | 任务进度轮询开始 
[SYS] 2025/04/05 - 22:05:09 | 任务进度轮询完成 
[SYS] 2025/04/05 - 22:05:09 | batch update started 
[SYS] 2025/04/05 - 22:05:09 | batch update finished 
[SYS] 2025/04/05 - 22:05:14 | batch update started 
[SYS] 2025/04/05 - 22:05:14 | batch update finished 
[SYS] 2025/04/05 - 22:05:19 | batch update started 
[SYS] 2025/04/05 - 22:05:19 | batch update finished 
[SYS] 2025/04/05 - 22:05:24 | 任务进度轮询开始 
[SYS] 2025/04/05 - 22:05:24 | 任务进度轮询完成 
[SYS] 2025/04/05 - 22:05:24 | batch update started 
[SYS] 2025/04/05 - 22:05:24 | batch update finished 
[SYS] 2025/04/05 - 22:05:31 | batch update started 
[SYS] 2025/04/05 - 22:05:31 | batch update finished 
[SYS] 2025/04/05 - 22:05:36 | batch update started 
[SYS] 2025/04/05 - 22:05:36 | batch update finished 
[SYS] 2025/04/05 - 22:05:41 | 任务进度轮询开始 
[SYS] 2025/04/05 - 22:05:41 | 任务进度轮询完成 
[SYS] 2025/04/05 - 22:05:41 | batch update started 
[SYS] 2025/04/05 - 22:05:41 | batch update finished 
[SYS] 2025/04/05 - 22:05:46 | batch update started 
[SYS] 2025/04/05 - 22:05:46 | batch update finished 
[SYS] 2025/04/05 - 22:05:51 | batch update started 
[SYS] 2025/04/05 - 22:05:51 | batch update finished 
[SYS] 2025/04/05 - 22:05:56 | syncing options from database 
[SYS] 2025/04/05 - 22:05:56 | syncing channels from database 
[SYS] 2025/04/05 - 22:05:56 | channels synced from database 
[SYS] 2025/04/05 - 22:05:56 | 任务进度轮询开始 
[SYS] 2025/04/05 - 22:05:56 | 任务进度轮询完成 
[SYS] 2025/04/05 - 22:05:56 | batch update started 
[SYS] 2025/04/05 - 22:05:56 | batch update finished 
[SYS] 2025/04/05 - 22:06:03 | batch update started 
[SYS] 2025/04/05 - 22:06:03 | batch update finished 
[SYS] 2025/04/05 - 22:06:08 | batch update started 
[SYS] 2025/04/05 - 22:06:08 | batch update finished 
[SYS] 2025/04/05 - 22:06:13 | 任务进度轮询开始 
[SYS] 2025/04/05 - 22:06:13 | 任务进度轮询完成 
[SYS] 2025/04/05 - 22:06:13 | batch update started 
[SYS] 2025/04/05 - 22:06:13 | batch update finished 
[SYS] 2025/04/05 - 22:06:18 | batch update started 
[SYS] 2025/04/05 - 22:06:18 | batch update finished 
[SYS] 2025/04/05 - 22:06:23 | batch update started 
[SYS] 2025/04/05 - 22:06:23 | batch update finished 
[SYS] 2025/04/05 - 22:06:28 | 任务进度轮询开始 
[SYS] 2025/04/05 - 22:06:28 | 任务进度轮询完成 
[SYS] 2025/04/05 - 22:06:28 | batch update started 
[SYS] 2025/04/05 - 22:06:28 | batch update finished 
[SYS] 2025/04/05 - 22:06:33 | batch update started 
[SYS] 2025/04/05 - 22:06:33 | batch update finished 
[SYS] 2025/04/05 - 22:06:40 | batch update started 
[SYS] 2025/04/05 - 22:06:40 | batch update finished 
[SYS] 2025/04/05 - 22:06:45 | 任务进度轮询开始 
[SYS] 2025/04/05 - 22:06:45 | 任务进度轮询完成 
[SYS] 2025/04/05 - 22:06:45 | batch update started 
[SYS] 2025/04/05 - 22:06:45 | batch update finished 
[SYS] 2025/04/05 - 22:06:50 | batch update started 
[SYS] 2025/04/05 - 22:06:50 | batch update finished 
[SYS] 2025/04/05 - 22:06:55 | batch update started 
[SYS] 2025/04/05 - 22:06:55 | batch update finished 
[SYS] 2025/04/05 - 22:07:00 | syncing options from database 
[SYS] 2025/04/05 - 22:07:00 | syncing channels from database 
[SYS] 2025/04/05 - 22:07:00 | channels synced from database 
[SYS] 2025/04/05 - 22:07:00 | 任务进度轮询开始 
[SYS] 2025/04/05 - 22:07:00 | 任务进度轮询完成 
[SYS] 2025/04/05 - 22:07:00 | batch update started 
[SYS] 2025/04/05 - 22:07:00 | batch update finished 
[SYS] 2025/04/05 - 22:07:05 | batch update started 
[SYS] 2025/04/05 - 22:07:05 | batch update finished 
[SYS] 2025/04/05 - 22:07:12 | batch update started 
[SYS] 2025/04/05 - 22:07:12 | batch update finished 
[SYS] 2025/04/05 - 22:07:17 | 任务进度轮询开始 
[SYS] 2025/04/05 - 22:07:17 | 任务进度轮询完成 
[SYS] 2025/04/05 - 22:07:17 | batch update started 
[SYS] 2025/04/05 - 22:07:17 | batch update finished 
[SYS] 2025/04/05 - 22:07:22 | batch update started 
[SYS] 2025/04/05 - 22:07:22 | batch update finished 
[SYS] 2025/04/05 - 22:07:27 | batch update started 
[SYS] 2025/04/05 - 22:07:27 | batch update finished 
[SYS] 2025/04/05 - 22:07:32 | 任务进度轮询开始 
[SYS] 2025/04/05 - 22:07:32 | 任务进度轮询完成 
[SYS] 2025/04/05 - 22:07:32 | batch update started 
[SYS] 2025/04/05 - 22:07:32 | batch update finished 
[SYS] 2025/04/05 - 22:07:37 | batch update started 
[SYS] 2025/04/05 - 22:07:37 | batch update finished 
[SYS] 2025/04/05 - 22:07:42 | batch update started 
[SYS] 2025/04/05 - 22:07:42 | batch update finished 
[SYS] 2025/04/05 - 22:07:49 | 任务进度轮询开始 
[SYS] 2025/04/05 - 22:07:49 | 任务进度轮询完成 
[SYS] 2025/04/05 - 22:07:49 | batch update started 
[SYS] 2025/04/05 - 22:07:49 | batch update finished 
[SYS] 2025/04/05 - 22:07:54 | batch update started 
[SYS] 2025/04/05 - 22:07:54 | batch update finished 
[SYS] 2025/04/05 - 22:07:59 | batch update started 
[SYS] 2025/04/05 - 22:07:59 | batch update finished 
[SYS] 2025/04/05 - 22:08:04 | syncing options from database 
[SYS] 2025/04/05 - 22:08:04 | syncing channels from database 
[SYS] 2025/04/05 - 22:08:04 | channels synced from database 
[SYS] 2025/04/05 - 22:08:04 | 任务进度轮询开始 
[SYS] 2025/04/05 - 22:08:04 | 任务进度轮询完成 
[SYS] 2025/04/05 - 22:08:04 | batch update started 
[SYS] 2025/04/05 - 22:08:04 | batch update finished 
[SYS] 2025/04/05 - 22:08:09 | batch update started 
[SYS] 2025/04/05 - 22:08:09 | batch update finished 
[SYS] 2025/04/05 - 22:08:14 | batch update started 
[SYS] 2025/04/05 - 22:08:14 | batch update finished 
[SYS] 2025/04/05 - 22:08:21 | 任务进度轮询开始 
[SYS] 2025/04/05 - 22:08:21 | 任务进度轮询完成 
[SYS] 2025/04/05 - 22:08:21 | batch update started 
[SYS] 2025/04/05 - 22:08:21 | batch update finished 
[SYS] 2025/04/05 - 22:08:26 | batch update started 
[SYS] 2025/04/05 - 22:08:26 | batch update finished 
[SYS] 2025/04/05 - 22:08:31 | batch update started 
[SYS] 2025/04/05 - 22:08:31 | batch update finished 
[SYS] 2025/04/05 - 22:08:36 | 任务进度轮询开始 
[SYS] 2025/04/05 - 22:08:36 | 任务进度轮询完成 
[SYS] 2025/04/05 - 22:08:36 | batch update started 
[SYS] 2025/04/05 - 22:08:36 | batch update finished 
[SYS] 2025/04/05 - 22:08:41 | batch update started 
[SYS] 2025/04/05 - 22:08:41 | batch update finished 
[SYS] 2025/04/05 - 22:08:46 | batch update started 
[SYS] 2025/04/05 - 22:08:46 | batch update finished 
[SYS] 2025/04/05 - 22:08:51 | 任务进度轮询开始 
[SYS] 2025/04/05 - 22:08:51 | 任务进度轮询完成 
[SYS] 2025/04/05 - 22:08:51 | batch update started 
[SYS] 2025/04/05 - 22:08:51 | batch update finished 
[SYS] 2025/04/05 - 22:08:58 | batch update started 
[SYS] 2025/04/05 - 22:08:58 | batch update finished 
[SYS] 2025/04/05 - 22:09:03 | batch update started 
[SYS] 2025/04/05 - 22:09:03 | batch update finished 
[SYS] 2025/04/05 - 22:09:08 | syncing options from database 
[SYS] 2025/04/05 - 22:09:08 | syncing channels from database 
[SYS] 2025/04/05 - 22:09:08 | channels synced from database 
[SYS] 2025/04/05 - 22:09:08 | 任务进度轮询开始 
[SYS] 2025/04/05 - 22:09:08 | 任务进度轮询完成 
[SYS] 2025/04/05 - 22:09:08 | batch update started 
[SYS] 2025/04/05 - 22:09:08 | batch update finished 
[SYS] 2025/04/05 - 22:09:13 | batch update started 
[SYS] 2025/04/05 - 22:09:13 | batch update finished 
[SYS] 2025/04/05 - 22:09:18 | batch update started 
[SYS] 2025/04/05 - 22:09:18 | batch update finished 
[SYS] 2025/04/05 - 22:09:23 | 任务进度轮询开始 
[SYS] 2025/04/05 - 22:09:23 | 任务进度轮询完成 
[SYS] 2025/04/05 - 22:09:23 | batch update started 
[SYS] 2025/04/05 - 22:09:23 | batch update finished 
[SYS] 2025/04/05 - 22:09:31 | batch update started 
[SYS] 2025/04/05 - 22:09:31 | batch update finished 
[SYS] 2025/04/05 - 22:09:36 | batch update started 
[SYS] 2025/04/05 - 22:09:36 | batch update finished 
[SYS] 2025/04/05 - 22:09:40 | 任务进度轮询开始 
[SYS] 2025/04/05 - 22:09:40 | 任务进度轮询完成 
[SYS] 2025/04/05 - 22:09:41 | batch update started 
[SYS] 2025/04/05 - 22:09:41 | batch update finished 
[SYS] 2025/04/05 - 22:09:46 | batch update started 
[SYS] 2025/04/05 - 22:09:46 | batch update finished 
[SYS] 2025/04/05 - 22:09:51 | batch update started 
[SYS] 2025/04/05 - 22:09:51 | batch update finished 
[SYS] 2025/04/05 - 22:09:55 | 任务进度轮询开始 
[SYS] 2025/04/05 - 22:09:55 | 任务进度轮询完成 
[SYS] 2025/04/05 - 22:09:56 | batch update started 
[SYS] 2025/04/05 - 22:09:56 | batch update finished 
[SYS] 2025/04/05 - 22:10:01 | batch update started 
[SYS] 2025/04/05 - 22:10:01 | batch update finished 
[SYS] 2025/04/05 - 22:10:07 | batch update started 
[SYS] 2025/04/05 - 22:10:07 | batch update finished 
[SYS] 2025/04/05 - 22:10:12 | 正在更新数据看板数据... 
[SYS] 2025/04/05 - 22:10:12 | 保存数据看板数据成功，共保存0条数据 
[SYS] 2025/04/05 - 22:10:12 | syncing options from database 
[SYS] 2025/04/05 - 22:10:12 | syncing channels from database 
[SYS] 2025/04/05 - 22:10:12 | channels synced from database 
[SYS] 2025/04/05 - 22:10:12 | 任务进度轮询开始 
[SYS] 2025/04/05 - 22:10:12 | 任务进度轮询完成 
[SYS] 2025/04/05 - 22:10:12 | batch update started 
[SYS] 2025/04/05 - 22:10:12 | batch update finished 
[SYS] 2025/04/05 - 22:10:17 | batch update started 
[SYS] 2025/04/05 - 22:10:17 | batch update finished 
[SYS] 2025/04/05 - 22:10:22 | batch update started 
[SYS] 2025/04/05 - 22:10:22 | batch update finished 
[SYS] 2025/04/05 - 22:10:27 | 任务进度轮询开始 
[SYS] 2025/04/05 - 22:10:27 | 任务进度轮询完成 
[SYS] 2025/04/05 - 22:10:27 | batch update started 
[SYS] 2025/04/05 - 22:10:27 | batch update finished 
[SYS] 2025/04/05 - 22:10:32 | batch update started 
[SYS] 2025/04/05 - 22:10:32 | batch update finished 
[SYS] 2025/04/05 - 22:10:39 | batch update started 
[SYS] 2025/04/05 - 22:10:39 | batch update finished 
[SYS] 2025/04/05 - 22:10:44 | 任务进度轮询开始 
[SYS] 2025/04/05 - 22:10:44 | 任务进度轮询完成 
[SYS] 2025/04/05 - 22:10:44 | batch update started 
[SYS] 2025/04/05 - 22:10:44 | batch update finished 
[SYS] 2025/04/05 - 22:10:49 | batch update started 
[SYS] 2025/04/05 - 22:10:49 | batch update finished 
[SYS] 2025/04/05 - 22:10:54 | batch update started 
[SYS] 2025/04/05 - 22:10:54 | batch update finished 
[SYS] 2025/04/05 - 22:10:59 | 任务进度轮询开始 
[SYS] 2025/04/05 - 22:10:59 | 任务进度轮询完成 
[SYS] 2025/04/05 - 22:10:59 | batch update started 
[SYS] 2025/04/05 - 22:10:59 | batch update finished 
[SYS] 2025/04/05 - 22:11:04 | batch update started 
[SYS] 2025/04/05 - 22:11:04 | batch update finished 
[SYS] 2025/04/05 - 22:11:09 | batch update started 
[SYS] 2025/04/05 - 22:11:09 | batch update finished 
[SYS] 2025/04/05 - 22:11:16 | syncing options from database 
[SYS] 2025/04/05 - 22:11:16 | syncing channels from database 
[SYS] 2025/04/05 - 22:11:16 | channels synced from database 
[SYS] 2025/04/05 - 22:11:16 | 任务进度轮询开始 
[SYS] 2025/04/05 - 22:11:16 | 任务进度轮询完成 
[SYS] 2025/04/05 - 22:11:16 | batch update started 
[SYS] 2025/04/05 - 22:11:16 | batch update finished 
[SYS] 2025/04/05 - 22:11:21 | batch update started 
[SYS] 2025/04/05 - 22:11:21 | batch update finished 
[GIN] 2025/04/05 - 22:11:26 | 20250405221126273181275MBFg2zg5 | 200 |    7.155687ms |             ::1 |    POST /api/user/amount
[SYS] 2025/04/05 - 22:11:26 | batch update started 
[SYS] 2025/04/05 - 22:11:26 | batch update finished 
[GIN] 2025/04/05 - 22:11:26 | 20250405221126993792185UP7KRRiN | 200 |    4.357686ms |             ::1 |    POST /api/user/amount
[GIN] 2025/04/05 - 22:11:27 | 20250405221127860191667VWTr6veB | 200 |    7.650881ms |             ::1 |    POST /api/user/amount
[GIN] 2025/04/05 - 22:11:30 | 20250405221130168640362DHGgxOLH | 200 |    7.018682ms |             ::1 |    POST /api/user/amount
[GIN] 2025/04/05 - 22:11:31 | 2025040522113191569618YB2615Iy | 200 |    2.077384ms |             ::1 |    POST /api/user/amount
[SYS] 2025/04/05 - 22:11:31 | 任务进度轮询开始 
[SYS] 2025/04/05 - 22:11:31 | 任务进度轮询完成 
[SYS] 2025/04/05 - 22:11:31 | batch update started 
[SYS] 2025/04/05 - 22:11:31 | batch update finished 
[GIN] 2025/04/05 - 22:11:32 | 20250405221132303158527Dnbuppw2 | 200 |    5.642045ms |             ::1 |    POST /api/user/amount
[GIN] 2025/04/05 - 22:11:34 | 20250405221134966516759iChTW8qD | 200 |    6.598049ms |             ::1 |    POST /api/user/amount
[GIN] 2025/04/05 - 22:11:35 | 202504052211358638540909aD7g7yf | 200 |    2.724193ms |             ::1 |    POST /api/user/amount
[GIN] 2025/04/05 - 22:11:36 | 20250405221136811807089O5WRjZJE | 200 |   14.562011ms |             ::1 |    POST /api/user/amount
[SYS] 2025/04/05 - 22:11:36 | batch update started 
[SYS] 2025/04/05 - 22:11:36 | batch update finished 
[GIN] 2025/04/05 - 22:11:37 | 20250405221137257987317SEjJDKNi | 200 |    8.817563ms |             ::1 |    POST /api/user/amount
[GIN] 2025/04/05 - 22:11:38 | 202504052211384365596777iR2CiBV | 200 |    3.755789ms |             ::1 |    POST /api/user/amount
[GIN] 2025/04/05 - 22:11:39 | 20250405221139749980320YNwwVikx | 200 |    9.039656ms |             ::1 |    POST /api/user/amount
[GIN] 2025/04/05 - 22:11:41 | 20250405221141140560544Vh1KdItG | 200 |    2.300311ms |             ::1 |    POST /api/user/amount
[SYS] 2025/04/05 - 22:11:41 | batch update started 
[SYS] 2025/04/05 - 22:11:41 | batch update finished 
[GIN] 2025/04/05 - 22:11:42 | 202504052211421500316291tAwsZjy | 200 |    3.475725ms |             ::1 |    POST /api/user/amount
[GIN] 2025/04/05 - 22:11:48 | 20250405221147131962994siKel6JG | 200 |  1.342082796s |             ::1 |    POST /api/user/pay
[SYS] 2025/04/05 - 22:11:48 | 任务进度轮询开始 
[SYS] 2025/04/05 - 22:11:48 | 任务进度轮询完成 
[SYS] 2025/04/05 - 22:11:48 | batch update started 
[SYS] 2025/04/05 - 22:11:48 | batch update finished 
[SYS] 2025/04/05 - 22:11:53 | batch update started 
[SYS] 2025/04/05 - 22:11:53 | batch update finished 
[SYS] 2025/04/05 - 22:11:58 | batch update started 
[SYS] 2025/04/05 - 22:11:58 | batch update finished 
[SYS] 2025/04/05 - 22:12:03 | 任务进度轮询开始 
[SYS] 2025/04/05 - 22:12:03 | 任务进度轮询完成 
[SYS] 2025/04/05 - 22:12:03 | batch update started 
[SYS] 2025/04/05 - 22:12:03 | batch update finished 
[SYS] 2025/04/05 - 22:12:08 | batch update started 
[SYS] 2025/04/05 - 22:12:08 | batch update finished 
[GIN] 2025/04/05 - 22:12:09 | 20250405221209176866562cOzpEpK9 | 200 |   51.513404ms |  54.187.205.235 |    POST /api/stripe/webhook
[GIN] 2025/04/05 - 22:12:11 | 2025040522121181310578sTshw5um | 200 |    1.190503ms |             ::1 |     GET /topup-success
[GIN] 2025/04/05 - 22:12:12 | 20250405221212926797506KR9yLbjI | 200 |     1.10297ms |             ::1 |     GET /api/status
[SYS] 2025/04/05 - 22:12:13 | batch update started 
[SYS] 2025/04/05 - 22:12:13 | batch update finished 
[SYS] 2025/04/05 - 22:12:20 | syncing options from database 
[SYS] 2025/04/05 - 22:12:20 | syncing channels from database 
[SYS] 2025/04/05 - 22:12:20 | channels synced from database 
[SYS] 2025/04/05 - 22:12:20 | 任务进度轮询开始 
[SYS] 2025/04/05 - 22:12:20 | 任务进度轮询完成 
[SYS] 2025/04/05 - 22:12:20 | batch update started 
[SYS] 2025/04/05 - 22:12:20 | batch update finished 
[SYS] 2025/04/05 - 22:12:25 | batch update started 
[SYS] 2025/04/05 - 22:12:25 | batch update finished 
[SYS] 2025/04/05 - 22:12:30 | batch update started 
[SYS] 2025/04/05 - 22:12:30 | batch update finished 
[SYS] 2025/04/05 - 22:12:35 | 任务进度轮询开始 
[SYS] 2025/04/05 - 22:12:35 | 任务进度轮询完成 
[SYS] 2025/04/05 - 22:12:35 | batch update started 
[SYS] 2025/04/05 - 22:12:35 | batch update finished 
[SYS] 2025/04/05 - 22:12:40 | batch update started 
[SYS] 2025/04/05 - 22:12:40 | batch update finished 
[SYS] 2025/04/05 - 22:12:45 | batch update started 
[SYS] 2025/04/05 - 22:12:45 | batch update finished 
[SYS] 2025/04/05 - 22:12:50 | 任务进度轮询开始 
[SYS] 2025/04/05 - 22:12:50 | 任务进度轮询完成 
[SYS] 2025/04/05 - 22:12:50 | batch update started 
[SYS] 2025/04/05 - 22:12:50 | batch update finished 
[SYS] 2025/04/05 - 22:12:57 | batch update started 
[SYS] 2025/04/05 - 22:12:57 | batch update finished 
[SYS] 2025/04/05 - 22:13:02 | batch update started 
[SYS] 2025/04/05 - 22:13:02 | batch update finished 
[SYS] 2025/04/05 - 22:13:07 | 任务进度轮询开始 
[SYS] 2025/04/05 - 22:13:07 | 任务进度轮询完成 
[SYS] 2025/04/05 - 22:13:07 | batch update started 
[SYS] 2025/04/05 - 22:13:07 | batch update finished 
[SYS] 2025/04/05 - 22:13:12 | batch update started 
[SYS] 2025/04/05 - 22:13:12 | batch update finished 
[SYS] 2025/04/05 - 22:13:17 | batch update started 
[SYS] 2025/04/05 - 22:13:17 | batch update finished 
[SYS] 2025/04/05 - 22:13:22 | syncing options from database 
[SYS] 2025/04/05 - 22:13:22 | syncing channels from database 
[SYS] 2025/04/05 - 22:13:22 | channels synced from database 
[SYS] 2025/04/05 - 22:13:22 | 任务进度轮询开始 
[SYS] 2025/04/05 - 22:13:22 | 任务进度轮询完成 
[SYS] 2025/04/05 - 22:13:22 | batch update started 
[SYS] 2025/04/05 - 22:13:22 | batch update finished 
[SYS] 2025/04/05 - 22:13:29 | batch update started 
[SYS] 2025/04/05 - 22:13:29 | batch update finished 
[SYS] 2025/04/05 - 22:13:34 | batch update started 
[SYS] 2025/04/05 - 22:13:34 | batch update finished 
[SYS] 2025/04/05 - 22:13:39 | 任务进度轮询开始 
[SYS] 2025/04/05 - 22:13:39 | 任务进度轮询完成 
[SYS] 2025/04/05 - 22:13:39 | batch update started 
[SYS] 2025/04/05 - 22:13:39 | batch update finished 
[SYS] 2025/04/05 - 22:13:44 | batch update started 
[SYS] 2025/04/05 - 22:13:44 | batch update finished 
[SYS] 2025/04/05 - 22:13:49 | batch update started 
[SYS] 2025/04/05 - 22:13:49 | batch update finished 
[SYS] 2025/04/05 - 22:13:54 | 任务进度轮询开始 
[SYS] 2025/04/05 - 22:13:54 | 任务进度轮询完成 
[SYS] 2025/04/05 - 22:13:54 | batch update started 
[SYS] 2025/04/05 - 22:13:54 | batch update finished 
[SYS] 2025/04/05 - 22:13:59 | batch update started 
[SYS] 2025/04/05 - 22:13:59 | batch update finished 
[SYS] 2025/04/05 - 22:14:06 | batch update started 
[SYS] 2025/04/05 - 22:14:06 | batch update finished 
[SYS] 2025/04/05 - 22:14:11 | 任务进度轮询开始 
[SYS] 2025/04/05 - 22:14:11 | 任务进度轮询完成 
[SYS] 2025/04/05 - 22:14:11 | batch update started 
[SYS] 2025/04/05 - 22:14:11 | batch update finished 
[SYS] 2025/04/05 - 22:14:16 | batch update started 
[SYS] 2025/04/05 - 22:14:16 | batch update finished 
[SYS] 2025/04/05 - 22:14:21 | batch update started 
[SYS] 2025/04/05 - 22:14:21 | batch update finished 
[SYS] 2025/04/05 - 22:14:26 | syncing options from database 
[SYS] 2025/04/05 - 22:14:26 | syncing channels from database 
[SYS] 2025/04/05 - 22:14:26 | channels synced from database 
[SYS] 2025/04/05 - 22:14:26 | 任务进度轮询开始 
[SYS] 2025/04/05 - 22:14:26 | 任务进度轮询完成 
[SYS] 2025/04/05 - 22:14:26 | batch update started 
[SYS] 2025/04/05 - 22:14:26 | batch update finished 
[SYS] 2025/04/05 - 22:14:31 | batch update started 
[SYS] 2025/04/05 - 22:14:31 | batch update finished 
[SYS] 2025/04/05 - 22:14:38 | batch update started 
[SYS] 2025/04/05 - 22:14:38 | batch update finished 
[SYS] 2025/04/05 - 22:14:43 | 任务进度轮询开始 
[SYS] 2025/04/05 - 22:14:43 | 任务进度轮询完成 
[SYS] 2025/04/05 - 22:14:43 | batch update started 
[SYS] 2025/04/05 - 22:14:43 | batch update finished 
[SYS] 2025/04/05 - 22:14:48 | batch update started 
[SYS] 2025/04/05 - 22:14:48 | batch update finished 
[SYS] 2025/04/05 - 22:14:53 | batch update started 
[SYS] 2025/04/05 - 22:14:53 | batch update finished 
[SYS] 2025/04/05 - 22:14:58 | 任务进度轮询开始 
[SYS] 2025/04/05 - 22:14:58 | 任务进度轮询完成 
[SYS] 2025/04/05 - 22:14:58 | batch update started 
[SYS] 2025/04/05 - 22:14:58 | batch update finished 
[SYS] 2025/04/05 - 22:15:03 | batch update started 
[SYS] 2025/04/05 - 22:15:03 | batch update finished 
[SYS] 2025/04/05 - 22:15:08 | batch update started 
[SYS] 2025/04/05 - 22:15:08 | batch update finished 
[SYS] 2025/04/05 - 22:15:15 | 任务进度轮询开始 
[SYS] 2025/04/05 - 22:15:15 | 任务进度轮询完成 
[SYS] 2025/04/05 - 22:15:15 | batch update started 
[SYS] 2025/04/05 - 22:15:15 | batch update finished 
[SYS] 2025/04/05 - 22:15:20 | batch update started 
[SYS] 2025/04/05 - 22:15:20 | batch update finished 
[SYS] 2025/04/05 - 22:15:25 | batch update started 
[SYS] 2025/04/05 - 22:15:25 | batch update finished 
[SYS] 2025/04/05 - 22:15:30 | 正在更新数据看板数据... 
[SYS] 2025/04/05 - 22:15:30 | 保存数据看板数据成功，共保存0条数据 
[SYS] 2025/04/05 - 22:15:30 | testing all channels 
[SYS] 2025/04/05 - 22:15:30 | channel test finished 
[SYS] 2025/04/05 - 22:15:30 | syncing options from database 
[SYS] 2025/04/05 - 22:15:30 | syncing channels from database 
[SYS] 2025/04/05 - 22:15:30 | channels synced from database 
[SYS] 2025/04/05 - 22:15:30 | 任务进度轮询开始 
[SYS] 2025/04/05 - 22:15:30 | 任务进度轮询完成 
[SYS] 2025/04/05 - 22:15:30 | batch update started 
[SYS] 2025/04/05 - 22:15:30 | batch update finished 
[SYS] 2025/04/05 - 22:15:35 | batch update started 
[SYS] 2025/04/05 - 22:15:35 | batch update finished 
[SYS] 2025/04/05 - 22:15:40 | batch update started 
[SYS] 2025/04/05 - 22:15:40 | batch update finished 
[SYS] 2025/04/05 - 22:15:47 | 任务进度轮询开始 
[SYS] 2025/04/05 - 22:15:47 | 任务进度轮询完成 
[SYS] 2025/04/05 - 22:15:48 | batch update started 
[SYS] 2025/04/05 - 22:15:48 | batch update finished 
[SYS] 2025/04/05 - 22:15:53 | batch update started 
[SYS] 2025/04/05 - 22:15:53 | batch update finished 
[SYS] 2025/04/05 - 22:15:58 | batch update started 
[SYS] 2025/04/05 - 22:15:58 | batch update finished 
[SYS] 2025/04/05 - 22:16:02 | 任务进度轮询开始 
[SYS] 2025/04/05 - 22:16:02 | 任务进度轮询完成 
[SYS] 2025/04/05 - 22:16:03 | batch update started 
[SYS] 2025/04/05 - 22:16:03 | batch update finished 
[SYS] 2025/04/05 - 22:16:08 | batch update started 
[SYS] 2025/04/05 - 22:16:08 | batch update finished 
[SYS] 2025/04/05 - 22:16:13 | batch update started 
[SYS] 2025/04/05 - 22:16:13 | batch update finished 
[SYS] 2025/04/05 - 22:16:17 | 任务进度轮询开始 
[SYS] 2025/04/05 - 22:16:17 | 任务进度轮询完成 
[SYS] 2025/04/05 - 22:16:18 | batch update started 
[SYS] 2025/04/05 - 22:16:18 | batch update finished 
[SYS] 2025/04/05 - 22:16:25 | batch update started 
[SYS] 2025/04/05 - 22:16:25 | batch update finished 
[SYS] 2025/04/05 - 22:16:30 | batch update started 
[SYS] 2025/04/05 - 22:16:30 | batch update finished 
[SYS] 2025/04/05 - 22:16:34 | syncing options from database 
[SYS] 2025/04/05 - 22:16:34 | syncing channels from database 
[SYS] 2025/04/05 - 22:16:34 | channels synced from database 
[SYS] 2025/04/05 - 22:16:35 | 任务进度轮询开始 
[SYS] 2025/04/05 - 22:16:35 | 任务进度轮询完成 
[SYS] 2025/04/05 - 22:16:35 | batch update started 
[SYS] 2025/04/05 - 22:16:35 | batch update finished 
[SYS] 2025/04/05 - 22:16:40 | batch update started 
[SYS] 2025/04/05 - 22:16:40 | batch update finished 
[SYS] 2025/04/05 - 22:16:45 | batch update started 
[SYS] 2025/04/05 - 22:16:45 | batch update finished 
[SYS] 2025/04/05 - 22:16:50 | 任务进度轮询开始 
[SYS] 2025/04/05 - 22:16:50 | 任务进度轮询完成 
[SYS] 2025/04/05 - 22:16:50 | batch update started 
[SYS] 2025/04/05 - 22:16:50 | batch update finished 
[SYS] 2025/04/05 - 22:16:57 | batch update started 
[SYS] 2025/04/05 - 22:16:57 | batch update finished 
[SYS] 2025/04/05 - 22:17:02 | batch update started 
[SYS] 2025/04/05 - 22:17:02 | batch update finished 
[SYS] 2025/04/05 - 22:17:06 | 任务进度轮询开始 
[SYS] 2025/04/05 - 22:17:06 | 任务进度轮询完成 
[SYS] 2025/04/05 - 22:17:07 | batch update started 
[SYS] 2025/04/05 - 22:17:07 | batch update finished 
[SYS] 2025/04/05 - 22:17:12 | batch update started 
[SYS] 2025/04/05 - 22:17:12 | batch update finished 
[SYS] 2025/04/05 - 22:17:17 | batch update started 
[SYS] 2025/04/05 - 22:17:17 | batch update finished 
[SYS] 2025/04/05 - 22:17:21 | 任务进度轮询开始 
[SYS] 2025/04/05 - 22:17:21 | 任务进度轮询完成 
[SYS] 2025/04/05 - 22:17:22 | batch update started 
[SYS] 2025/04/05 - 22:17:22 | batch update finished 
[GIN] 2025/04/05 - 22:17:23 | 20250405221723690940436p3UYwD3E | 200 |   39.518158ms |             ::1 |     GET /api/user/self
[GIN] 2025/04/05 - 22:17:25 | 20250405221725623213754Z48Kdx15 | 200 |    2.375201ms |             ::1 |    POST /api/user/amount
[SYS] 2025/04/05 - 22:17:27 | batch update started 
[SYS] 2025/04/05 - 22:17:27 | batch update finished 
[GIN] 2025/04/05 - 22:17:29 | 20250405221729799186299ks1wTCLS | 200 |    2.554213ms |             ::1 |    POST /api/user/amount
[GIN] 2025/04/05 - 22:17:31 | 20250405221731683273797kl1kHG35 | 200 |    4.572684ms |             ::1 |    POST /api/user/amount
[GIN] 2025/04/05 - 22:17:32 | 20250405221732660192869qEnPBF0t | 200 |    5.755666ms |             ::1 |    POST /api/user/amount
[SYS] 2025/04/05 - 22:17:33 | batch update started 
[SYS] 2025/04/05 - 22:17:33 | batch update finished 
[SYS] 2025/04/05 - 22:17:38 | syncing options from database 
[SYS] 2025/04/05 - 22:17:38 | syncing channels from database 
[SYS] 2025/04/05 - 22:17:38 | channels synced from database 
[SYS] 2025/04/05 - 22:17:38 | 任务进度轮询开始 
[SYS] 2025/04/05 - 22:17:38 | 任务进度轮询完成 
[SYS] 2025/04/05 - 22:17:38 | batch update started 
[SYS] 2025/04/05 - 22:17:38 | batch update finished 
[SYS] 2025/04/05 - 22:17:43 | batch update started 
[SYS] 2025/04/05 - 22:17:43 | batch update finished 
[SYS] 2025/04/05 - 22:17:48 | batch update started 
[SYS] 2025/04/05 - 22:17:48 | batch update finished 
[SYS] 2025/04/05 - 22:17:53 | 任务进度轮询开始 
[SYS] 2025/04/05 - 22:17:53 | 任务进度轮询完成 
[SYS] 2025/04/05 - 22:17:53 | batch update started 
[SYS] 2025/04/05 - 22:17:53 | batch update finished 
[SYS] 2025/04/05 - 22:17:58 | batch update started 
[SYS] 2025/04/05 - 22:17:58 | batch update finished 
[SYS] 2025/04/05 - 22:18:05 | batch update started 
[SYS] 2025/04/05 - 22:18:05 | batch update finished 
[SYS] 2025/04/05 - 22:18:10 | 任务进度轮询开始 
[SYS] 2025/04/05 - 22:18:10 | 任务进度轮询完成 
[SYS] 2025/04/05 - 22:18:10 | batch update started 
[SYS] 2025/04/05 - 22:18:10 | batch update finished 
[SYS] 2025/04/05 - 22:18:15 | batch update started 
[SYS] 2025/04/05 - 22:18:15 | batch update finished 
[SYS] 2025/04/05 - 22:18:20 | batch update started 
[SYS] 2025/04/05 - 22:18:20 | batch update finished 
[SYS] 2025/04/05 - 22:18:25 | 任务进度轮询开始 
[SYS] 2025/04/05 - 22:18:25 | 任务进度轮询完成 
[SYS] 2025/04/05 - 22:18:25 | batch update started 
[SYS] 2025/04/05 - 22:18:25 | batch update finished 
[SYS] 2025/04/05 - 22:18:30 | batch update started 
[SYS] 2025/04/05 - 22:18:30 | batch update finished 
[SYS] 2025/04/05 - 22:18:35 | batch update started 
[SYS] 2025/04/05 - 22:18:35 | batch update finished 
[SYS] 2025/04/05 - 22:18:42 | syncing options from database 
[SYS] 2025/04/05 - 22:18:42 | syncing channels from database 
[SYS] 2025/04/05 - 22:18:42 | channels synced from database 
[SYS] 2025/04/05 - 22:18:42 | 任务进度轮询开始 
[SYS] 2025/04/05 - 22:18:42 | 任务进度轮询完成 
[SYS] 2025/04/05 - 22:18:43 | batch update started 
[SYS] 2025/04/05 - 22:18:43 | batch update finished 
[SYS] 2025/04/05 - 22:18:48 | batch update started 
[SYS] 2025/04/05 - 22:18:48 | batch update finished 
[SYS] 2025/04/05 - 22:18:53 | batch update started 
[SYS] 2025/04/05 - 22:18:53 | batch update finished 
[SYS] 2025/04/05 - 22:18:57 | 任务进度轮询开始 
[SYS] 2025/04/05 - 22:18:57 | 任务进度轮询完成 
[SYS] 2025/04/05 - 22:18:58 | batch update started 
[SYS] 2025/04/05 - 22:18:58 | batch update finished 
[SYS] 2025/04/05 - 22:19:03 | batch update started 
[SYS] 2025/04/05 - 22:19:03 | batch update finished 
[SYS] 2025/04/05 - 22:19:08 | batch update started 
[SYS] 2025/04/05 - 22:19:08 | batch update finished 
[SYS] 2025/04/05 - 22:19:14 | 任务进度轮询开始 
[SYS] 2025/04/05 - 22:19:14 | 任务进度轮询完成 
[SYS] 2025/04/05 - 22:19:14 | batch update started 
[SYS] 2025/04/05 - 22:19:14 | batch update finished 
[SYS] 2025/04/05 - 22:19:19 | batch update started 
[SYS] 2025/04/05 - 22:19:19 | batch update finished 
[SYS] 2025/04/05 - 22:19:24 | batch update started 
[SYS] 2025/04/05 - 22:19:24 | batch update finished 
[SYS] 2025/04/05 - 22:19:29 | 任务进度轮询开始 
[SYS] 2025/04/05 - 22:19:29 | 任务进度轮询完成 
[SYS] 2025/04/05 - 22:19:29 | batch update started 
[SYS] 2025/04/05 - 22:19:29 | batch update finished 
[SYS] 2025/04/05 - 22:19:34 | batch update started 
[SYS] 2025/04/05 - 22:19:34 | batch update finished 
[SYS] 2025/04/05 - 22:19:39 | batch update started 
[SYS] 2025/04/05 - 22:19:39 | batch update finished 
[SYS] 2025/04/05 - 22:19:44 | syncing options from database 
[SYS] 2025/04/05 - 22:19:44 | syncing channels from database 
[SYS] 2025/04/05 - 22:19:44 | channels synced from database 
[SYS] 2025/04/05 - 22:19:46 | 任务进度轮询开始 
[SYS] 2025/04/05 - 22:19:46 | 任务进度轮询完成 
[SYS] 2025/04/05 - 22:19:47 | batch update started 
[SYS] 2025/04/05 - 22:19:47 | batch update finished 
[SYS] 2025/04/05 - 22:19:52 | batch update started 
[SYS] 2025/04/05 - 22:19:52 | batch update finished 
[SYS] 2025/04/05 - 22:19:57 | batch update started 
[SYS] 2025/04/05 - 22:19:57 | batch update finished 
[SYS] 2025/04/05 - 22:20:01 | 任务进度轮询开始 
[SYS] 2025/04/05 - 22:20:01 | 任务进度轮询完成 
[SYS] 2025/04/05 - 22:20:02 | batch update started 
[SYS] 2025/04/05 - 22:20:02 | batch update finished 
[SYS] 2025/04/05 - 22:20:07 | batch update started 
[SYS] 2025/04/05 - 22:20:07 | batch update finished 
[SYS] 2025/04/05 - 22:20:12 | batch update started 
[SYS] 2025/04/05 - 22:20:12 | batch update finished 
[SYS] 2025/04/05 - 22:20:16 | 任务进度轮询开始 
[SYS] 2025/04/05 - 22:20:16 | 任务进度轮询完成 
[SYS] 2025/04/05 - 22:20:17 | batch update started 
[SYS] 2025/04/05 - 22:20:17 | batch update finished 
[SYS] 2025/04/05 - 22:20:23 | batch update started 
[SYS] 2025/04/05 - 22:20:23 | batch update finished 
[SYS] 2025/04/05 - 22:20:28 | batch update started 
[SYS] 2025/04/05 - 22:20:28 | batch update finished 
[SYS] 2025/04/05 - 22:20:33 | 任务进度轮询开始 
[SYS] 2025/04/05 - 22:20:33 | 任务进度轮询完成 
[SYS] 2025/04/05 - 22:20:33 | batch update started 
[SYS] 2025/04/05 - 22:20:33 | batch update finished 
[SYS] 2025/04/05 - 22:20:38 | batch update started 
[SYS] 2025/04/05 - 22:20:38 | batch update finished 
[SYS] 2025/04/05 - 22:20:43 | batch update started 
[SYS] 2025/04/05 - 22:20:43 | batch update finished 
[SYS] 2025/04/05 - 22:20:48 | 正在更新数据看板数据... 
[SYS] 2025/04/05 - 22:20:48 | 保存数据看板数据成功，共保存0条数据 
[SYS] 2025/04/05 - 22:20:48 | syncing options from database 
[SYS] 2025/04/05 - 22:20:48 | syncing channels from database 
[SYS] 2025/04/05 - 22:20:48 | channels synced from database 
[SYS] 2025/04/05 - 22:20:48 | 任务进度轮询开始 
[SYS] 2025/04/05 - 22:20:48 | 任务进度轮询完成 
[SYS] 2025/04/05 - 22:20:48 | batch update started 
[SYS] 2025/04/05 - 22:20:48 | batch update finished 
[SYS] 2025/04/05 - 22:20:56 | batch update started 
[SYS] 2025/04/05 - 22:20:56 | batch update finished 
[SYS] 2025/04/05 - 22:21:01 | batch update started 
[SYS] 2025/04/05 - 22:21:01 | batch update finished 
[SYS] 2025/04/05 - 22:21:05 | 任务进度轮询开始 
[SYS] 2025/04/05 - 22:21:05 | 任务进度轮询完成 
[SYS] 2025/04/05 - 22:21:06 | batch update started 
[SYS] 2025/04/05 - 22:21:06 | batch update finished 
[SYS] 2025/04/05 - 22:21:11 | batch update started 
[SYS] 2025/04/05 - 22:21:11 | batch update finished 
[SYS] 2025/04/05 - 22:21:16 | batch update started 
[SYS] 2025/04/05 - 22:21:16 | batch update finished 
[SYS] 2025/04/05 - 22:21:20 | 任务进度轮询开始 
[SYS] 2025/04/05 - 22:21:20 | 任务进度轮询完成 
[SYS] 2025/04/05 - 22:21:21 | batch update started 
[SYS] 2025/04/05 - 22:21:21 | batch update finished 
[SYS] 2025/04/05 - 22:21:26 | batch update started 
[SYS] 2025/04/05 - 22:21:26 | batch update finished 
[SYS] 2025/04/05 - 22:21:33 | batch update started 
[SYS] 2025/04/05 - 22:21:33 | batch update finished 
[SYS] 2025/04/05 - 22:21:37 | 任务进度轮询开始 
[SYS] 2025/04/05 - 22:21:37 | 任务进度轮询完成 
[SYS] 2025/04/05 - 22:21:38 | batch update started 
[SYS] 2025/04/05 - 22:21:38 | batch update finished 
[SYS] 2025/04/05 - 22:21:43 | batch update started 
[SYS] 2025/04/05 - 22:21:43 | batch update finished 
[SYS] 2025/04/05 - 22:21:48 | batch update started 
[SYS] 2025/04/05 - 22:21:48 | batch update finished 
[SYS] 2025/04/05 - 22:21:52 | syncing options from database 
[SYS] 2025/04/05 - 22:21:52 | syncing channels from database 
[SYS] 2025/04/05 - 22:21:52 | channels synced from database 
[SYS] 2025/04/05 - 22:21:52 | 任务进度轮询开始 
[SYS] 2025/04/05 - 22:21:52 | 任务进度轮询完成 
[SYS] 2025/04/05 - 22:21:53 | batch update started 
[SYS] 2025/04/05 - 22:21:53 | batch update finished 
[SYS] 2025/04/05 - 22:21:58 | batch update started 
[SYS] 2025/04/05 - 22:21:58 | batch update finished 
[SYS] 2025/04/05 - 22:22:04 | batch update started 
[SYS] 2025/04/05 - 22:22:04 | batch update finished 
[SYS] 2025/04/05 - 22:22:09 | 任务进度轮询开始 
[SYS] 2025/04/05 - 22:22:09 | 任务进度轮询完成 
[SYS] 2025/04/05 - 22:22:09 | batch update started 
[SYS] 2025/04/05 - 22:22:09 | batch update finished 
[SYS] 2025/04/05 - 22:22:14 | batch update started 
[SYS] 2025/04/05 - 22:22:14 | batch update finished 
[SYS] 2025/04/05 - 22:22:19 | batch update started 
[SYS] 2025/04/05 - 22:22:19 | batch update finished 
[SYS] 2025/04/05 - 22:22:24 | 任务进度轮询开始 
[SYS] 2025/04/05 - 22:22:24 | 任务进度轮询完成 
[SYS] 2025/04/05 - 22:22:24 | batch update started 
[SYS] 2025/04/05 - 22:22:24 | batch update finished 
[SYS] 2025/04/05 - 22:22:29 | batch update started 
[SYS] 2025/04/05 - 22:22:29 | batch update finished 
[SYS] 2025/04/05 - 22:22:34 | batch update started 
[SYS] 2025/04/05 - 22:22:34 | batch update finished 
[SYS] 2025/04/05 - 22:22:41 | 任务进度轮询开始 
[SYS] 2025/04/05 - 22:22:41 | 任务进度轮询完成 
[SYS] 2025/04/05 - 22:22:42 | batch update started 
[SYS] 2025/04/05 - 22:22:42 | batch update finished 
[SYS] 2025/04/05 - 22:22:47 | batch update started 
[SYS] 2025/04/05 - 22:22:47 | batch update finished 
[SYS] 2025/04/05 - 22:22:52 | batch update started 
[SYS] 2025/04/05 - 22:22:52 | batch update finished 
[SYS] 2025/04/05 - 22:22:56 | syncing options from database 
[SYS] 2025/04/05 - 22:22:56 | syncing channels from database 
[SYS] 2025/04/05 - 22:22:56 | channels synced from database 
[SYS] 2025/04/05 - 22:22:56 | 任务进度轮询开始 
[SYS] 2025/04/05 - 22:22:56 | 任务进度轮询完成 
[SYS] 2025/04/05 - 22:22:57 | batch update started 
[SYS] 2025/04/05 - 22:22:57 | batch update finished 
[SYS] 2025/04/05 - 22:23:02 | batch update started 
[SYS] 2025/04/05 - 22:23:02 | batch update finished 
[SYS] 2025/04/05 - 22:23:07 | batch update started 
[SYS] 2025/04/05 - 22:23:07 | batch update finished 
[SYS] 2025/04/05 - 22:23:13 | 任务进度轮询开始 
[SYS] 2025/04/05 - 22:23:13 | 任务进度轮询完成 
[SYS] 2025/04/05 - 22:23:14 | batch update started 
[SYS] 2025/04/05 - 22:23:14 | batch update finished 
[SYS] 2025/04/05 - 22:23:19 | batch update started 
[SYS] 2025/04/05 - 22:23:19 | batch update finished 
[SYS] 2025/04/05 - 22:23:24 | batch update started 
[SYS] 2025/04/05 - 22:23:24 | batch update finished 
[SYS] 2025/04/05 - 22:23:28 | 任务进度轮询开始 
[SYS] 2025/04/05 - 22:23:28 | 任务进度轮询完成 
[SYS] 2025/04/05 - 22:23:29 | batch update started 
[SYS] 2025/04/05 - 22:23:29 | batch update finished 
[SYS] 2025/04/05 - 22:23:34 | batch update started 
[SYS] 2025/04/05 - 22:23:34 | batch update finished 
[SYS] 2025/04/05 - 22:23:39 | batch update started 
[SYS] 2025/04/05 - 22:23:39 | batch update finished 
[SYS] 2025/04/05 - 22:23:43 | 任务进度轮询开始 
[SYS] 2025/04/05 - 22:23:43 | 任务进度轮询完成 
[SYS] 2025/04/05 - 22:23:44 | batch update started 
[SYS] 2025/04/05 - 22:23:44 | batch update finished 
[GIN] 2025/04/05 - 22:23:47 | 202504052223425876274852VrNBs3y | 200 |  3.137964317s |             ::1 |    POST /api/user/pay
[SYS] 2025/04/05 - 22:23:51 | batch update started 
[SYS] 2025/04/05 - 22:23:51 | batch update finished 
[SYS] 2025/04/05 - 22:23:56 | batch update started 
[SYS] 2025/04/05 - 22:23:56 | batch update finished 
[SYS] 2025/04/05 - 22:24:00 | syncing options from database 
[SYS] 2025/04/05 - 22:24:00 | syncing channels from database 
[SYS] 2025/04/05 - 22:24:00 | channels synced from database 
[SYS] 2025/04/05 - 22:24:00 | 任务进度轮询开始 
[SYS] 2025/04/05 - 22:24:00 | 任务进度轮询完成 
[SYS] 2025/04/05 - 22:24:01 | batch update started 
[SYS] 2025/04/05 - 22:24:01 | batch update finished 
[SYS] 2025/04/05 - 22:24:06 | batch update started 
[SYS] 2025/04/05 - 22:24:06 | batch update finished 
[SYS] 2025/04/05 - 22:24:11 | batch update started 
[SYS] 2025/04/05 - 22:24:11 | batch update finished 
[SYS] 2025/04/05 - 22:24:15 | 任务进度轮询开始 
[SYS] 2025/04/05 - 22:24:15 | 任务进度轮询完成 
[SYS] 2025/04/05 - 22:24:16 | batch update started 
[SYS] 2025/04/05 - 22:24:16 | batch update finished 
[SYS] 2025/04/05 - 22:24:23 | batch update started 
[SYS] 2025/04/05 - 22:24:23 | batch update finished 
[SYS] 2025/04/05 - 22:24:28 | batch update started 
[SYS] 2025/04/05 - 22:24:28 | batch update finished 
[SYS] 2025/04/05 - 22:24:32 | 任务进度轮询开始 
[SYS] 2025/04/05 - 22:24:32 | 任务进度轮询完成 
[SYS] 2025/04/05 - 22:24:33 | batch update started 
[SYS] 2025/04/05 - 22:24:33 | batch update finished 
[GIN] 2025/04/05 - 22:24:36 | 202504052224363123912877hIe66y3 | 200 |    75.43371ms |  54.187.174.169 |    POST /api/stripe/webhook
[SYS] 2025/04/05 - 22:24:38 | batch update started 
[SYS] 2025/04/05 - 22:24:38 | batch update finished 
[GIN] 2025/04/05 - 22:24:38 | 202504052224383457263418QhY6eHV | 200 |    1.552253ms |             ::1 |     GET /topup-success
[GIN] 2025/04/05 - 22:24:40 | 20250405222440480975878YBRsu6hQ | 200 |    1.676371ms |             ::1 |     GET /api/status
[SYS] 2025/04/05 - 22:24:43 | batch update started 
[SYS] 2025/04/05 - 22:24:43 | batch update finished 
[GIN] 2025/04/05 - 22:24:43 | 20250405222443508307340gaOJghNW | 200 |    3.778981ms |             ::1 |     GET /api/user/self
[SYS] 2025/04/05 - 22:24:47 | 任务进度轮询开始 
[SYS] 2025/04/05 - 22:24:47 | 任务进度轮询完成 
[SYS] 2025/04/05 - 22:24:48 | batch update started 
[SYS] 2025/04/05 - 22:24:48 | batch update finished 
[SYS] 2025/04/05 - 22:24:55 | batch update started 
[SYS] 2025/04/05 - 22:24:55 | batch update finished 
[SYS] 2025/04/05 - 22:25:00 | batch update started 
[SYS] 2025/04/05 - 22:25:00 | batch update finished 
[SYS] 2025/04/05 - 22:25:04 | syncing options from database 
[SYS] 2025/04/05 - 22:25:04 | syncing channels from database 
[SYS] 2025/04/05 - 22:25:04 | channels synced from database 
[SYS] 2025/04/05 - 22:25:04 | 任务进度轮询开始 
[SYS] 2025/04/05 - 22:25:04 | 任务进度轮询完成 
[SYS] 2025/04/05 - 22:25:05 | batch update started 
[SYS] 2025/04/05 - 22:25:05 | batch update finished 
[SYS] 2025/04/05 - 22:25:10 | batch update started 
[SYS] 2025/04/05 - 22:25:10 | batch update finished 
[SYS] 2025/04/05 - 22:25:15 | batch update started 
[SYS] 2025/04/05 - 22:25:15 | batch update finished 
[SYS] 2025/04/05 - 22:25:19 | 任务进度轮询开始 
[SYS] 2025/04/05 - 22:25:19 | 任务进度轮询完成 
[SYS] 2025/04/05 - 22:25:20 | batch update started 
[SYS] 2025/04/05 - 22:25:20 | batch update finished 
[SYS] 2025/04/05 - 22:25:25 | batch update started 
[SYS] 2025/04/05 - 22:25:25 | batch update finished 
[SYS] 2025/04/05 - 22:25:32 | batch update started 
[SYS] 2025/04/05 - 22:25:32 | batch update finished 
[SYS] 2025/04/05 - 22:25:36 | 任务进度轮询开始 
[SYS] 2025/04/05 - 22:25:36 | 任务进度轮询完成 
[SYS] 2025/04/05 - 22:25:37 | batch update started 
[SYS] 2025/04/05 - 22:25:37 | batch update finished 
[SYS] 2025/04/05 - 22:25:42 | batch update started 
[SYS] 2025/04/05 - 22:25:42 | batch update finished 
[SYS] 2025/04/05 - 22:25:47 | batch update started 
[SYS] 2025/04/05 - 22:25:47 | batch update finished 
[SYS] 2025/04/05 - 22:25:51 | 任务进度轮询开始 
[SYS] 2025/04/05 - 22:25:51 | 任务进度轮询完成 
[SYS] 2025/04/05 - 22:25:52 | batch update started 
[SYS] 2025/04/05 - 22:25:52 | batch update finished 
[SYS] 2025/04/05 - 22:25:57 | batch update started 
[SYS] 2025/04/05 - 22:25:57 | batch update finished 
[SYS] 2025/04/05 - 22:26:04 | batch update started 
[SYS] 2025/04/05 - 22:26:04 | batch update finished 
[SYS] 2025/04/05 - 22:26:08 | updating all channels 
[SYS] 2025/04/05 - 22:26:08 | channels update done 
[SYS] 2025/04/05 - 22:26:08 | 正在更新数据看板数据... 
[SYS] 2025/04/05 - 22:26:08 | 保存数据看板数据成功，共保存0条数据 
[SYS] 2025/04/05 - 22:26:08 | testing all channels 
[SYS] 2025/04/05 - 22:26:08 | channel test finished 
[SYS] 2025/04/05 - 22:26:08 | syncing options from database 
[SYS] 2025/04/05 - 22:26:08 | syncing channels from database 
[SYS] 2025/04/05 - 22:26:08 | channels synced from database 
[SYS] 2025/04/05 - 22:26:08 | 任务进度轮询开始 
[SYS] 2025/04/05 - 22:26:08 | 任务进度轮询完成 
[SYS] 2025/04/05 - 22:26:09 | batch update started 
[SYS] 2025/04/05 - 22:26:09 | batch update finished 
[SYS] 2025/04/05 - 22:26:14 | batch update started 
[SYS] 2025/04/05 - 22:26:14 | batch update finished 
[SYS] 2025/04/05 - 22:26:19 | batch update started 
[SYS] 2025/04/05 - 22:26:19 | batch update finished 
[SYS] 2025/04/05 - 22:26:23 | 任务进度轮询开始 
[SYS] 2025/04/05 - 22:26:23 | 任务进度轮询完成 
[SYS] 2025/04/05 - 22:26:24 | batch update started 
[SYS] 2025/04/05 - 22:26:24 | batch update finished 
[SYS] 2025/04/05 - 22:26:29 | batch update started 
[SYS] 2025/04/05 - 22:26:29 | batch update finished 
[SYS] 2025/04/05 - 22:26:34 | batch update started 
[SYS] 2025/04/05 - 22:26:34 | batch update finished 
[SYS] 2025/04/05 - 22:26:40 | 任务进度轮询开始 
[SYS] 2025/04/05 - 22:26:40 | 任务进度轮询完成 
[SYS] 2025/04/05 - 22:26:41 | batch update started 
[SYS] 2025/04/05 - 22:26:41 | batch update finished 
[SYS] 2025/04/05 - 22:26:46 | batch update started 
[SYS] 2025/04/05 - 22:26:46 | batch update finished 
[SYS] 2025/04/05 - 22:26:51 | batch update started 
[SYS] 2025/04/05 - 22:26:51 | batch update finished 
[SYS] 2025/04/05 - 22:26:55 | 任务进度轮询开始 
[SYS] 2025/04/05 - 22:26:55 | 任务进度轮询完成 
[SYS] 2025/04/05 - 22:26:56 | batch update started 
[SYS] 2025/04/05 - 22:26:56 | batch update finished 
[SYS] 2025/04/05 - 22:27:01 | batch update started 
[SYS] 2025/04/05 - 22:27:01 | batch update finished 
[SYS] 2025/04/05 - 22:27:06 | batch update started 
[SYS] 2025/04/05 - 22:27:06 | batch update finished 
[SYS] 2025/04/05 - 22:27:12 | syncing options from database 
[SYS] 2025/04/05 - 22:27:12 | syncing channels from database 
[SYS] 2025/04/05 - 22:27:12 | channels synced from database 
[SYS] 2025/04/05 - 22:27:12 | 任务进度轮询开始 
[SYS] 2025/04/05 - 22:27:12 | 任务进度轮询完成 
[SYS] 2025/04/05 - 22:27:13 | batch update started 
[SYS] 2025/04/05 - 22:27:13 | batch update finished 
[SYS] 2025/04/05 - 22:27:18 | batch update started 
[SYS] 2025/04/05 - 22:27:18 | batch update finished 
[SYS] 2025/04/05 - 22:27:23 | batch update started 
[SYS] 2025/04/05 - 22:27:23 | batch update finished 
[SYS] 2025/04/05 - 22:27:27 | 任务进度轮询开始 
[SYS] 2025/04/05 - 22:27:27 | 任务进度轮询完成 
[SYS] 2025/04/05 - 22:27:28 | batch update started 
[SYS] 2025/04/05 - 22:27:28 | batch update finished 
[SYS] 2025/04/05 - 22:27:33 | batch update started 
[SYS] 2025/04/05 - 22:27:33 | batch update finished 
[SYS] 2025/04/05 - 22:27:38 | batch update started 
[SYS] 2025/04/05 - 22:27:38 | batch update finished 
[SYS] 2025/04/05 - 22:27:42 | 任务进度轮询开始 
[SYS] 2025/04/05 - 22:27:42 | 任务进度轮询完成 
[SYS] 2025/04/05 - 22:27:43 | batch update started 
[SYS] 2025/04/05 - 22:27:43 | batch update finished 
[SYS] 2025/04/05 - 22:27:50 | batch update started 
[SYS] 2025/04/05 - 22:27:50 | batch update finished 
[SYS] 2025/04/05 - 22:27:55 | batch update started 
[SYS] 2025/04/05 - 22:27:55 | batch update finished 
[SYS] 2025/04/05 - 22:27:59 | 任务进度轮询开始 
[SYS] 2025/04/05 - 22:27:59 | 任务进度轮询完成 
[SYS] 2025/04/05 - 22:28:00 | batch update started 
[SYS] 2025/04/05 - 22:28:00 | batch update finished 
[SYS] 2025/04/05 - 22:28:05 | batch update started 
[SYS] 2025/04/05 - 22:28:05 | batch update finished 
[SYS] 2025/04/05 - 22:28:10 | batch update started 
[SYS] 2025/04/05 - 22:28:10 | batch update finished 
[SYS] 2025/04/05 - 22:28:14 | syncing options from database 
[SYS] 2025/04/05 - 22:28:14 | syncing channels from database 
[SYS] 2025/04/05 - 22:28:14 | channels synced from database 
[SYS] 2025/04/05 - 22:28:14 | 任务进度轮询开始 
[SYS] 2025/04/05 - 22:28:14 | 任务进度轮询完成 
[SYS] 2025/04/05 - 22:28:15 | batch update started 
[SYS] 2025/04/05 - 22:28:15 | batch update finished 
[SYS] 2025/04/05 - 22:28:22 | batch update started 
[SYS] 2025/04/05 - 22:28:22 | batch update finished 
[SYS] 2025/04/05 - 22:28:27 | batch update started 
[SYS] 2025/04/05 - 22:28:27 | batch update finished 
[SYS] 2025/04/05 - 22:28:31 | 任务进度轮询开始 
[SYS] 2025/04/05 - 22:28:31 | 任务进度轮询完成 
[SYS] 2025/04/05 - 22:28:32 | batch update started 
[SYS] 2025/04/05 - 22:28:32 | batch update finished 
[SYS] 2025/04/05 - 22:28:37 | batch update started 
[SYS] 2025/04/05 - 22:28:37 | batch update finished 
[SYS] 2025/04/05 - 22:28:42 | batch update started 
[SYS] 2025/04/05 - 22:28:42 | batch update finished 
[SYS] 2025/04/05 - 22:28:46 | 任务进度轮询开始 
[SYS] 2025/04/05 - 22:28:46 | 任务进度轮询完成 
[SYS] 2025/04/05 - 22:28:47 | batch update started 
[SYS] 2025/04/05 - 22:28:47 | batch update finished 
[SYS] 2025/04/05 - 22:28:52 | batch update started 
[SYS] 2025/04/05 - 22:28:52 | batch update finished 
[SYS] 2025/04/05 - 22:28:59 | batch update started 
[SYS] 2025/04/05 - 22:28:59 | batch update finished 
[SYS] 2025/04/05 - 22:29:03 | 任务进度轮询开始 
[SYS] 2025/04/05 - 22:29:03 | 任务进度轮询完成 
[SYS] 2025/04/05 - 22:29:04 | batch update started 
[SYS] 2025/04/05 - 22:29:04 | batch update finished 
[SYS] 2025/04/05 - 22:29:09 | batch update started 
[SYS] 2025/04/05 - 22:29:09 | batch update finished 
[SYS] 2025/04/05 - 22:29:14 | batch update started 
[SYS] 2025/04/05 - 22:29:14 | batch update finished 
[SYS] 2025/04/05 - 22:29:18 | syncing options from database 
[SYS] 2025/04/05 - 22:29:18 | syncing channels from database 
[SYS] 2025/04/05 - 22:29:18 | channels synced from database 
[SYS] 2025/04/05 - 22:29:18 | 任务进度轮询开始 
[SYS] 2025/04/05 - 22:29:18 | 任务进度轮询完成 
[SYS] 2025/04/05 - 22:29:19 | batch update started 
[SYS] 2025/04/05 - 22:29:19 | batch update finished 
[SYS] 2025/04/05 - 22:29:24 | batch update started 
[SYS] 2025/04/05 - 22:29:24 | batch update finished 
[SYS] 2025/04/05 - 22:29:31 | batch update started 
[SYS] 2025/04/05 - 22:29:31 | batch update finished 
[SYS] 2025/04/05 - 22:29:35 | 任务进度轮询开始 
[SYS] 2025/04/05 - 22:29:35 | 任务进度轮询完成 
[SYS] 2025/04/05 - 22:29:36 | batch update started 
[SYS] 2025/04/05 - 22:29:36 | batch update finished 
[SYS] 2025/04/05 - 22:29:41 | batch update started 
[SYS] 2025/04/05 - 22:29:41 | batch update finished 
[SYS] 2025/04/05 - 22:29:46 | batch update started 
[SYS] 2025/04/05 - 22:29:46 | batch update finished 
[SYS] 2025/04/05 - 22:29:50 | 任务进度轮询开始 
[SYS] 2025/04/05 - 22:29:50 | 任务进度轮询完成 
[SYS] 2025/04/05 - 22:29:51 | batch update started 
[SYS] 2025/04/05 - 22:29:51 | batch update finished 
[SYS] 2025/04/05 - 22:29:56 | batch update started 
[SYS] 2025/04/05 - 22:29:56 | batch update finished 
[SYS] 2025/04/05 - 22:30:01 | batch update started 
[SYS] 2025/04/05 - 22:30:01 | batch update finished 
[SYS] 2025/04/05 - 22:30:07 | 任务进度轮询开始 
[SYS] 2025/04/05 - 22:30:07 | 任务进度轮询完成 
[SYS] 2025/04/05 - 22:30:07 | batch update started 
[SYS] 2025/04/05 - 22:30:07 | batch update finished 
[SYS] 2025/04/05 - 22:30:12 | batch update started 
[SYS] 2025/04/05 - 22:30:12 | batch update finished 
[SYS] 2025/04/05 - 22:30:17 | batch update started 
[SYS] 2025/04/05 - 22:30:17 | batch update finished 
[SYS] 2025/04/05 - 22:30:21 | syncing options from database 
[SYS] 2025/04/05 - 22:30:22 | syncing channels from database 
[SYS] 2025/04/05 - 22:30:22 | channels synced from database 
[SYS] 2025/04/05 - 22:30:22 | 任务进度轮询开始 
[SYS] 2025/04/05 - 22:30:22 | 任务进度轮询完成 
[SYS] 2025/04/05 - 22:30:22 | batch update started 
[SYS] 2025/04/05 - 22:30:22 | batch update finished 
[SYS] 2025/04/05 - 22:30:27 | batch update started 
[SYS] 2025/04/05 - 22:30:27 | batch update finished 
[SYS] 2025/04/05 - 22:30:32 | batch update started 
[SYS] 2025/04/05 - 22:30:32 | batch update finished 
[SYS] 2025/04/05 - 22:30:39 | 任务进度轮询开始 
[SYS] 2025/04/05 - 22:30:39 | 任务进度轮询完成 
[SYS] 2025/04/05 - 22:30:39 | batch update started 
[SYS] 2025/04/05 - 22:30:39 | batch update finished 
[SYS] 2025/04/05 - 22:30:44 | batch update started 
[SYS] 2025/04/05 - 22:30:44 | batch update finished 
[SYS] 2025/04/05 - 22:30:49 | batch update started 
[SYS] 2025/04/05 - 22:30:49 | batch update finished 
[SYS] 2025/04/05 - 22:30:54 | 任务进度轮询开始 
[SYS] 2025/04/05 - 22:30:54 | 任务进度轮询完成 
[SYS] 2025/04/05 - 22:30:54 | batch update started 
[SYS] 2025/04/05 - 22:30:54 | batch update finished 
[SYS] 2025/04/05 - 22:30:59 | batch update started 
[SYS] 2025/04/05 - 22:30:59 | batch update finished 
[SYS] 2025/04/05 - 22:31:04 | batch update started 
[SYS] 2025/04/05 - 22:31:04 | batch update finished 
[SYS] 2025/04/05 - 22:31:09 | 任务进度轮询开始 
[SYS] 2025/04/05 - 22:31:09 | 任务进度轮询完成 
[SYS] 2025/04/05 - 22:31:11 | batch update started 
[SYS] 2025/04/05 - 22:31:11 | batch update finished 
[SYS] 2025/04/05 - 22:31:16 | batch update started 
[SYS] 2025/04/05 - 22:31:16 | batch update finished 
[SYS] 2025/04/05 - 22:31:21 | batch update started 
[SYS] 2025/04/05 - 22:31:21 | batch update finished 
[SYS] 2025/04/05 - 22:31:25 | 正在更新数据看板数据... 
[SYS] 2025/04/05 - 22:31:25 | 保存数据看板数据成功，共保存0条数据 
[SYS] 2025/04/05 - 22:31:25 | syncing options from database 
[SYS] 2025/04/05 - 22:31:25 | syncing channels from database 
[SYS] 2025/04/05 - 22:31:25 | channels synced from database 
[SYS] 2025/04/05 - 22:31:25 | 任务进度轮询开始 
[SYS] 2025/04/05 - 22:31:25 | 任务进度轮询完成 
[SYS] 2025/04/05 - 22:31:26 | batch update started 
[SYS] 2025/04/05 - 22:31:26 | batch update finished 
[SYS] 2025/04/05 - 22:31:31 | batch update started 
[SYS] 2025/04/05 - 22:31:31 | batch update finished 
[SYS] 2025/04/05 - 22:31:36 | batch update started 
[SYS] 2025/04/05 - 22:31:36 | batch update finished 
[SYS] 2025/04/05 - 22:31:40 | 任务进度轮询开始 
[SYS] 2025/04/05 - 22:31:40 | 任务进度轮询完成 
[SYS] 2025/04/05 - 22:31:41 | batch update started 
[SYS] 2025/04/05 - 22:31:41 | batch update finished 
[SYS] 2025/04/05 - 22:31:47 | batch update started 
[SYS] 2025/04/05 - 22:31:47 | batch update finished 
[SYS] 2025/04/05 - 22:31:52 | batch update started 
[SYS] 2025/04/05 - 22:31:52 | batch update finished 
[SYS] 2025/04/05 - 22:31:57 | 任务进度轮询开始 
[SYS] 2025/04/05 - 22:31:57 | 任务进度轮询完成 
[SYS] 2025/04/05 - 22:31:57 | batch update started 
[SYS] 2025/04/05 - 22:31:57 | batch update finished 
[SYS] 2025/04/05 - 22:32:02 | batch update started 
[SYS] 2025/04/05 - 22:32:02 | batch update finished 
[SYS] 2025/04/05 - 22:32:07 | batch update started 
[SYS] 2025/04/05 - 22:32:07 | batch update finished 
[SYS] 2025/04/05 - 22:32:12 | 任务进度轮询开始 
[SYS] 2025/04/05 - 22:32:12 | 任务进度轮询完成 
[SYS] 2025/04/05 - 22:32:12 | batch update started 
[SYS] 2025/04/05 - 22:32:12 | batch update finished 
[SYS] 2025/04/05 - 22:32:19 | batch update started 
[SYS] 2025/04/05 - 22:32:19 | batch update finished 
[SYS] 2025/04/05 - 22:32:24 | batch update started 
[SYS] 2025/04/05 - 22:32:24 | batch update finished 
[SYS] 2025/04/05 - 22:32:28 | syncing options from database 
[SYS] 2025/04/05 - 22:32:28 | syncing channels from database 
[SYS] 2025/04/05 - 22:32:28 | channels synced from database 
[SYS] 2025/04/05 - 22:32:29 | 任务进度轮询开始 
[SYS] 2025/04/05 - 22:32:29 | 任务进度轮询完成 
[SYS] 2025/04/05 - 22:32:29 | batch update started 
[SYS] 2025/04/05 - 22:32:29 | batch update finished 
[SYS] 2025/04/05 - 22:32:34 | batch update started 
[SYS] 2025/04/05 - 22:32:34 | batch update finished 
[SYS] 2025/04/05 - 22:32:39 | batch update started 
[SYS] 2025/04/05 - 22:32:39 | batch update finished 
[SYS] 2025/04/05 - 22:32:44 | 任务进度轮询开始 
[SYS] 2025/04/05 - 22:32:44 | 任务进度轮询完成 
[SYS] 2025/04/05 - 22:32:44 | batch update started 
[SYS] 2025/04/05 - 22:32:44 | batch update finished 
[SYS] 2025/04/05 - 22:32:49 | batch update started 
[SYS] 2025/04/05 - 22:32:49 | batch update finished 
[SYS] 2025/04/05 - 22:32:56 | batch update started 
[SYS] 2025/04/05 - 22:32:56 | batch update finished 
[SYS] 2025/04/05 - 22:33:00 | 任务进度轮询开始 
[SYS] 2025/04/05 - 22:33:00 | 任务进度轮询完成 
[SYS] 2025/04/05 - 22:33:01 | batch update started 
[SYS] 2025/04/05 - 22:33:01 | batch update finished 
[SYS] 2025/04/05 - 22:33:06 | batch update started 
[SYS] 2025/04/05 - 22:33:06 | batch update finished 
[SYS] 2025/04/05 - 22:33:11 | batch update started 
[SYS] 2025/04/05 - 22:33:11 | batch update finished 
[SYS] 2025/04/05 - 22:33:15 | 任务进度轮询开始 
[SYS] 2025/04/05 - 22:33:15 | 任务进度轮询完成 
[SYS] 2025/04/05 - 22:33:16 | batch update started 
[SYS] 2025/04/05 - 22:33:16 | batch update finished 
[SYS] 2025/04/05 - 22:33:21 | batch update started 
[SYS] 2025/04/05 - 22:33:21 | batch update finished 
[SYS] 2025/04/05 - 22:33:27 | batch update started 
[SYS] 2025/04/05 - 22:33:27 | batch update finished 
[SYS] 2025/04/05 - 22:33:32 | syncing options from database 
[SYS] 2025/04/05 - 22:33:32 | syncing channels from database 
[SYS] 2025/04/05 - 22:33:32 | channels synced from database 
[SYS] 2025/04/05 - 22:33:32 | 任务进度轮询开始 
[SYS] 2025/04/05 - 22:33:32 | 任务进度轮询完成 
[SYS] 2025/04/05 - 22:33:32 | batch update started 
[SYS] 2025/04/05 - 22:33:32 | batch update finished 
[SYS] 2025/04/05 - 22:33:38 | batch update started 
[SYS] 2025/04/05 - 22:33:38 | batch update finished 
[SYS] 2025/04/05 - 22:33:43 | batch update started 
[SYS] 2025/04/05 - 22:33:43 | batch update finished 
[SYS] 2025/04/05 - 22:33:47 | 任务进度轮询开始 
[SYS] 2025/04/05 - 22:33:47 | 任务进度轮询完成 
[SYS] 2025/04/05 - 22:33:48 | batch update started 
[SYS] 2025/04/05 - 22:33:48 | batch update finished 
[SYS] 2025/04/05 - 22:33:53 | batch update started 
[SYS] 2025/04/05 - 22:33:53 | batch update finished 
[SYS] 2025/04/05 - 22:33:58 | batch update started 
[SYS] 2025/04/05 - 22:33:58 | batch update finished 
[SYS] 2025/04/05 - 22:34:04 | 任务进度轮询开始 
[SYS] 2025/04/05 - 22:34:04 | 任务进度轮询完成 
[SYS] 2025/04/05 - 22:34:04 | batch update started 
[SYS] 2025/04/05 - 22:34:04 | batch update finished 
[SYS] 2025/04/05 - 22:34:09 | batch update started 
[SYS] 2025/04/05 - 22:34:09 | batch update finished 
[SYS] 2025/04/05 - 22:34:14 | batch update started 
[SYS] 2025/04/05 - 22:34:14 | batch update finished 
[SYS] 2025/04/05 - 22:34:19 | 任务进度轮询开始 
[SYS] 2025/04/05 - 22:34:19 | 任务进度轮询完成 
[SYS] 2025/04/05 - 22:34:19 | batch update started 
[SYS] 2025/04/05 - 22:34:19 | batch update finished 
[SYS] 2025/04/05 - 22:34:24 | batch update started 
[SYS] 2025/04/05 - 22:34:24 | batch update finished 
[SYS] 2025/04/05 - 22:34:29 | batch update started 
[SYS] 2025/04/05 - 22:34:29 | batch update finished 
[SYS] 2025/04/05 - 22:34:35 | syncing options from database 
[SYS] 2025/04/05 - 22:34:35 | syncing channels from database 
[SYS] 2025/04/05 - 22:34:35 | channels synced from database 
[SYS] 2025/04/05 - 22:34:36 | 任务进度轮询开始 
[SYS] 2025/04/05 - 22:34:36 | 任务进度轮询完成 
[SYS] 2025/04/05 - 22:34:36 | batch update started 
[SYS] 2025/04/05 - 22:34:36 | batch update finished 
[SYS] 2025/04/05 - 22:34:41 | batch update started 
[SYS] 2025/04/05 - 22:34:41 | batch update finished 
[SYS] 2025/04/05 - 22:34:46 | batch update started 
[SYS] 2025/04/05 - 22:34:46 | batch update finished 
[SYS] 2025/04/05 - 22:34:51 | 任务进度轮询开始 
[SYS] 2025/04/05 - 22:34:51 | 任务进度轮询完成 
[SYS] 2025/04/05 - 22:34:51 | batch update started 
[SYS] 2025/04/05 - 22:34:51 | batch update finished 
[SYS] 2025/04/05 - 22:34:56 | batch update started 
[SYS] 2025/04/05 - 22:34:56 | batch update finished 
[SYS] 2025/04/05 - 22:35:01 | batch update started 
[SYS] 2025/04/05 - 22:35:01 | batch update finished 
[SYS] 2025/04/05 - 22:35:06 | 任务进度轮询开始 
[SYS] 2025/04/05 - 22:35:06 | 任务进度轮询完成 
[SYS] 2025/04/05 - 22:35:06 | batch update started 
[SYS] 2025/04/05 - 22:35:06 | batch update finished 
[SYS] 2025/04/05 - 22:35:13 | batch update started 
[SYS] 2025/04/05 - 22:35:13 | batch update finished 
[SYS] 2025/04/05 - 22:35:18 | batch update started 
[SYS] 2025/04/05 - 22:35:18 | batch update finished 
[SYS] 2025/04/05 - 22:35:22 | 任务进度轮询开始 
[SYS] 2025/04/05 - 22:35:22 | 任务进度轮询完成 
[SYS] 2025/04/05 - 22:35:23 | batch update started 
[SYS] 2025/04/05 - 22:35:23 | batch update finished 
[SYS] 2025/04/05 - 22:35:28 | batch update started 
[SYS] 2025/04/05 - 22:35:28 | batch update finished 
[SYS] 2025/04/05 - 22:35:33 | batch update started 
[SYS] 2025/04/05 - 22:35:33 | batch update finished 
[SYS] 2025/04/05 - 22:35:37 | syncing options from database 
[SYS] 2025/04/05 - 22:35:37 | syncing channels from database 
[SYS] 2025/04/05 - 22:35:37 | channels synced from database 
[SYS] 2025/04/05 - 22:35:37 | 任务进度轮询开始 
[SYS] 2025/04/05 - 22:35:37 | 任务进度轮询完成 
[SYS] 2025/04/05 - 22:35:38 | batch update started 
[SYS] 2025/04/05 - 22:35:38 | batch update finished 
[SYS] 2025/04/05 - 22:35:45 | batch update started 
[SYS] 2025/04/05 - 22:35:45 | batch update finished 
[SYS] 2025/04/05 - 22:35:50 | batch update started 
[SYS] 2025/04/05 - 22:35:50 | batch update finished 
[SYS] 2025/04/05 - 22:35:54 | 任务进度轮询开始 
[SYS] 2025/04/05 - 22:35:54 | 任务进度轮询完成 
[SYS] 2025/04/05 - 22:35:55 | batch update started 
[SYS] 2025/04/05 - 22:35:55 | batch update finished 
[SYS] 2025/04/05 - 22:36:00 | batch update started 
[SYS] 2025/04/05 - 22:36:00 | batch update finished 
[SYS] 2025/04/05 - 22:36:05 | batch update started 
[SYS] 2025/04/05 - 22:36:05 | batch update finished 
[SYS] 2025/04/05 - 22:36:09 | 任务进度轮询开始 
[SYS] 2025/04/05 - 22:36:09 | 任务进度轮询完成 
[SYS] 2025/04/05 - 22:36:10 | batch update started 
[SYS] 2025/04/05 - 22:36:10 | batch update finished 
[SYS] 2025/04/05 - 22:36:15 | batch update started 
[SYS] 2025/04/05 - 22:36:15 | batch update finished 
[SYS] 2025/04/05 - 22:36:21 | batch update started 
[SYS] 2025/04/05 - 22:36:21 | batch update finished 
[SYS] 2025/04/05 - 22:36:26 | 任务进度轮询开始 
[SYS] 2025/04/05 - 22:36:26 | 任务进度轮询完成 
[SYS] 2025/04/05 - 22:36:26 | batch update started 
[SYS] 2025/04/05 - 22:36:26 | batch update finished 
[SYS] 2025/04/05 - 22:36:31 | batch update started 
[SYS] 2025/04/05 - 22:36:31 | batch update finished 
[SYS] 2025/04/05 - 22:36:36 | batch update started 
[SYS] 2025/04/05 - 22:36:36 | batch update finished 
[SYS] 2025/04/05 - 22:36:40 | 正在更新数据看板数据... 
[SYS] 2025/04/05 - 22:36:40 | 保存数据看板数据成功，共保存0条数据 
[SYS] 2025/04/05 - 22:36:40 | testing all channels 
[SYS] 2025/04/05 - 22:36:40 | channel test finished 
[SYS] 2025/04/05 - 22:36:40 | syncing options from database 
[SYS] 2025/04/05 - 22:36:41 | syncing channels from database 
[SYS] 2025/04/05 - 22:36:41 | channels synced from database 
[SYS] 2025/04/05 - 22:36:41 | 任务进度轮询开始 
[SYS] 2025/04/05 - 22:36:41 | 任务进度轮询完成 
[SYS] 2025/04/05 - 22:36:41 | batch update started 
[SYS] 2025/04/05 - 22:36:41 | batch update finished 
[SYS] 2025/04/05 - 22:36:46 | batch update started 
[SYS] 2025/04/05 - 22:36:46 | batch update finished 
[SYS] 2025/04/05 - 22:36:53 | batch update started 
[SYS] 2025/04/05 - 22:36:53 | batch update finished 
[SYS] 2025/04/05 - 22:36:58 | 任务进度轮询开始 
[SYS] 2025/04/05 - 22:36:58 | 任务进度轮询完成 
[SYS] 2025/04/05 - 22:36:58 | batch update started 
[SYS] 2025/04/05 - 22:36:58 | batch update finished 
[SYS] 2025/04/05 - 22:37:03 | batch update started 
[SYS] 2025/04/05 - 22:37:03 | batch update finished 
[SYS] 2025/04/05 - 22:37:08 | batch update started 
[SYS] 2025/04/05 - 22:37:08 | batch update finished 
[SYS] 2025/04/05 - 22:37:13 | 任务进度轮询开始 
[SYS] 2025/04/05 - 22:37:13 | 任务进度轮询完成 
[SYS] 2025/04/05 - 22:37:13 | batch update started 
[SYS] 2025/04/05 - 22:37:13 | batch update finished 
[SYS] 2025/04/05 - 22:37:18 | batch update started 
[SYS] 2025/04/05 - 22:37:18 | batch update finished 
[SYS] 2025/04/05 - 22:37:25 | batch update started 
[SYS] 2025/04/05 - 22:37:25 | batch update finished 
[SYS] 2025/04/05 - 22:37:30 | 任务进度轮询开始 
[SYS] 2025/04/05 - 22:37:30 | 任务进度轮询完成 
[SYS] 2025/04/05 - 22:37:30 | batch update started 
[SYS] 2025/04/05 - 22:37:30 | batch update finished 
[SYS] 2025/04/05 - 22:37:35 | batch update started 
[SYS] 2025/04/05 - 22:37:35 | batch update finished 
[SYS] 2025/04/05 - 22:37:40 | batch update started 
[SYS] 2025/04/05 - 22:37:40 | batch update finished 
[SYS] 2025/04/05 - 22:37:44 | syncing options from database 
[SYS] 2025/04/05 - 22:37:44 | syncing channels from database 
[SYS] 2025/04/05 - 22:37:44 | channels synced from database 
[SYS] 2025/04/05 - 22:37:45 | 任务进度轮询开始 
[SYS] 2025/04/05 - 22:37:45 | 任务进度轮询完成 
[SYS] 2025/04/05 - 22:37:45 | batch update started 
[SYS] 2025/04/05 - 22:37:45 | batch update finished 
[SYS] 2025/04/05 - 22:37:50 | batch update started 
[SYS] 2025/04/05 - 22:37:50 | batch update finished 
[SYS] 2025/04/05 - 22:37:55 | batch update started 
[SYS] 2025/04/05 - 22:37:55 | batch update finished 
[SYS] 2025/04/05 - 22:38:01 | 任务进度轮询开始 
[SYS] 2025/04/05 - 22:38:01 | 任务进度轮询完成 
[SYS] 2025/04/05 - 22:38:02 | batch update started 
[SYS] 2025/04/05 - 22:38:02 | batch update finished 
[SYS] 2025/04/05 - 22:38:07 | batch update started 
[SYS] 2025/04/05 - 22:38:07 | batch update finished 
[SYS] 2025/04/05 - 22:38:12 | batch update started 
[SYS] 2025/04/05 - 22:38:12 | batch update finished 
[SYS] 2025/04/05 - 22:38:16 | 任务进度轮询开始 
[SYS] 2025/04/05 - 22:38:16 | 任务进度轮询完成 
[SYS] 2025/04/05 - 22:38:17 | batch update started 
[SYS] 2025/04/05 - 22:38:17 | batch update finished 
[SYS] 2025/04/05 - 22:38:22 | batch update started 
[SYS] 2025/04/05 - 22:38:22 | batch update finished 
[SYS] 2025/04/05 - 22:38:27 | batch update started 
[SYS] 2025/04/05 - 22:38:27 | batch update finished 
[SYS] 2025/04/05 - 22:38:33 | 任务进度轮询开始 
[SYS] 2025/04/05 - 22:38:33 | 任务进度轮询完成 
[SYS] 2025/04/05 - 22:38:34 | batch update started 
[SYS] 2025/04/05 - 22:38:34 | batch update finished 
[SYS] 2025/04/05 - 22:38:39 | batch update started 
[SYS] 2025/04/05 - 22:38:39 | batch update finished 
[SYS] 2025/04/05 - 22:38:44 | batch update started 
[SYS] 2025/04/05 - 22:38:44 | batch update finished 
[SYS] 2025/04/05 - 22:38:48 | syncing options from database 
[SYS] 2025/04/05 - 22:38:48 | syncing channels from database 
[SYS] 2025/04/05 - 22:38:48 | channels synced from database 
[SYS] 2025/04/05 - 22:38:48 | 任务进度轮询开始 
[SYS] 2025/04/05 - 22:38:48 | 任务进度轮询完成 
[SYS] 2025/04/05 - 22:38:49 | batch update started 
[SYS] 2025/04/05 - 22:38:49 | batch update finished 
[SYS] 2025/04/05 - 22:38:54 | batch update started 
[SYS] 2025/04/05 - 22:38:54 | batch update finished 
[SYS] 2025/04/05 - 22:38:59 | batch update started 
[SYS] 2025/04/05 - 22:38:59 | batch update finished 
[SYS] 2025/04/05 - 22:39:03 | 任务进度轮询开始 
[SYS] 2025/04/05 - 22:39:03 | 任务进度轮询完成 
[SYS] 2025/04/05 - 22:39:04 | batch update started 
[SYS] 2025/04/05 - 22:39:04 | batch update finished 
[SYS] 2025/04/05 - 22:39:10 | batch update started 
[SYS] 2025/04/05 - 22:39:10 | batch update finished 
[SYS] 2025/04/05 - 22:39:15 | batch update started 
[SYS] 2025/04/05 - 22:39:15 | batch update finished 
[SYS] 2025/04/05 - 22:39:20 | 任务进度轮询开始 
[SYS] 2025/04/05 - 22:39:20 | 任务进度轮询完成 
[SYS] 2025/04/05 - 22:39:20 | batch update started 
[SYS] 2025/04/05 - 22:39:20 | batch update finished 
[SYS] 2025/04/05 - 22:39:25 | batch update started 
[SYS] 2025/04/05 - 22:39:25 | batch update finished 
[SYS] 2025/04/05 - 22:39:30 | batch update started 
[SYS] 2025/04/05 - 22:39:30 | batch update finished 
[SYS] 2025/04/05 - 22:39:35 | 任务进度轮询开始 
[SYS] 2025/04/05 - 22:39:35 | 任务进度轮询完成 
[SYS] 2025/04/05 - 22:39:35 | batch update started 
[SYS] 2025/04/05 - 22:39:35 | batch update finished 
[SYS] 2025/04/05 - 22:39:42 | batch update started 
[SYS] 2025/04/05 - 22:39:42 | batch update finished 
[SYS] 2025/04/05 - 22:39:47 | batch update started 
[SYS] 2025/04/05 - 22:39:47 | batch update finished 
[SYS] 2025/04/05 - 22:39:51 | syncing options from database 
[SYS] 2025/04/05 - 22:39:52 | syncing channels from database 
[SYS] 2025/04/05 - 22:39:52 | channels synced from database 
[SYS] 2025/04/05 - 22:39:52 | 任务进度轮询开始 
[SYS] 2025/04/05 - 22:39:52 | 任务进度轮询完成 
[SYS] 2025/04/05 - 22:39:52 | batch update started 
[SYS] 2025/04/05 - 22:39:52 | batch update finished 
[SYS] 2025/04/05 - 22:39:57 | batch update started 
[SYS] 2025/04/05 - 22:39:57 | batch update finished 
[SYS] 2025/04/05 - 22:40:02 | batch update started 
[SYS] 2025/04/05 - 22:40:02 | batch update finished 
[SYS] 2025/04/05 - 22:40:07 | 任务进度轮询开始 
[SYS] 2025/04/05 - 22:40:07 | 任务进度轮询完成 
[SYS] 2025/04/05 - 22:40:07 | batch update started 
[SYS] 2025/04/05 - 22:40:07 | batch update finished 
[SYS] 2025/04/05 - 22:40:12 | batch update started 
[SYS] 2025/04/05 - 22:40:12 | batch update finished 
[SYS] 2025/04/05 - 22:40:19 | batch update started 
[SYS] 2025/04/05 - 22:40:19 | batch update finished 
[SYS] 2025/04/05 - 22:40:24 | 任务进度轮询开始 
[SYS] 2025/04/05 - 22:40:24 | 任务进度轮询完成 
[SYS] 2025/04/05 - 22:40:24 | batch update started 
[SYS] 2025/04/05 - 22:40:24 | batch update finished 
[SYS] 2025/04/05 - 22:40:29 | batch update started 
[SYS] 2025/04/05 - 22:40:29 | batch update finished 
[SYS] 2025/04/05 - 22:40:34 | batch update started 
[SYS] 2025/04/05 - 22:40:34 | batch update finished 
[SYS] 2025/04/05 - 22:40:39 | 任务进度轮询开始 
[SYS] 2025/04/05 - 22:40:39 | 任务进度轮询完成 
[SYS] 2025/04/05 - 22:40:39 | batch update started 
[SYS] 2025/04/05 - 22:40:39 | batch update finished 
[SYS] 2025/04/05 - 22:40:44 | batch update started 
[SYS] 2025/04/05 - 22:40:44 | batch update finished 
[SYS] 2025/04/05 - 22:40:51 | batch update started 
[SYS] 2025/04/05 - 22:40:51 | batch update finished 
[SYS] 2025/04/05 - 22:40:55 | syncing options from database 
[SYS] 2025/04/05 - 22:40:55 | syncing channels from database 
[SYS] 2025/04/05 - 22:40:55 | channels synced from database 
[SYS] 2025/04/05 - 22:40:56 | 任务进度轮询开始 
[SYS] 2025/04/05 - 22:40:56 | 任务进度轮询完成 
[SYS] 2025/04/05 - 22:40:56 | batch update started 
[SYS] 2025/04/05 - 22:40:56 | batch update finished 
[SYS] 2025/04/05 - 22:41:01 | batch update started 
[SYS] 2025/04/05 - 22:41:01 | batch update finished 
[SYS] 2025/04/05 - 22:41:06 | batch update started 
[SYS] 2025/04/05 - 22:41:06 | batch update finished 
[SYS] 2025/04/05 - 22:41:11 | 任务进度轮询开始 
[SYS] 2025/04/05 - 22:41:11 | 任务进度轮询完成 
[SYS] 2025/04/05 - 22:41:11 | batch update started 
[SYS] 2025/04/05 - 22:41:11 | batch update finished 
[SYS] 2025/04/05 - 22:41:16 | batch update started 
[SYS] 2025/04/05 - 22:41:16 | batch update finished 
[SYS] 2025/04/05 - 22:41:21 | batch update started 
[SYS] 2025/04/05 - 22:41:21 | batch update finished 
[SYS] 2025/04/05 - 22:41:28 | 任务进度轮询开始 
[SYS] 2025/04/05 - 22:41:28 | 任务进度轮询完成 
[SYS] 2025/04/05 - 22:41:28 | batch update started 
[SYS] 2025/04/05 - 22:41:28 | batch update finished 
[SYS] 2025/04/05 - 22:41:33 | batch update started 
[SYS] 2025/04/05 - 22:41:33 | batch update finished 
[SYS] 2025/04/05 - 22:41:38 | batch update started 
[SYS] 2025/04/05 - 22:41:38 | batch update finished 
[SYS] 2025/04/05 - 22:41:43 | 任务进度轮询开始 
[SYS] 2025/04/05 - 22:41:43 | 任务进度轮询完成 
[SYS] 2025/04/05 - 22:41:43 | batch update started 
[SYS] 2025/04/05 - 22:41:43 | batch update finished 
[SYS] 2025/04/05 - 22:41:48 | batch update started 
[SYS] 2025/04/05 - 22:41:48 | batch update finished 
[SYS] 2025/04/05 - 22:41:53 | batch update started 
[SYS] 2025/04/05 - 22:41:53 | batch update finished 
[SYS] 2025/04/05 - 22:41:59 | 正在更新数据看板数据... 
[SYS] 2025/04/05 - 22:41:59 | 保存数据看板数据成功，共保存0条数据 
[SYS] 2025/04/05 - 22:41:59 | syncing options from database 
[SYS] 2025/04/05 - 22:42:00 | syncing channels from database 
[SYS] 2025/04/05 - 22:42:00 | channels synced from database 
[SYS] 2025/04/05 - 22:42:00 | 任务进度轮询开始 
[SYS] 2025/04/05 - 22:42:00 | 任务进度轮询完成 
[SYS] 2025/04/05 - 22:42:00 | batch update started 
[SYS] 2025/04/05 - 22:42:00 | batch update finished 
[SYS] 2025/04/05 - 22:42:05 | batch update started 
[SYS] 2025/04/05 - 22:42:05 | batch update finished 
[SYS] 2025/04/05 - 22:42:10 | batch update started 
[SYS] 2025/04/05 - 22:42:10 | batch update finished 
[SYS] 2025/04/05 - 22:42:15 | 任务进度轮询开始 
[SYS] 2025/04/05 - 22:42:15 | 任务进度轮询完成 
[SYS] 2025/04/05 - 22:42:15 | batch update started 
[SYS] 2025/04/05 - 22:42:15 | batch update finished 
[SYS] 2025/04/05 - 22:42:20 | batch update started 
[SYS] 2025/04/05 - 22:42:20 | batch update finished 
[SYS] 2025/04/05 - 22:42:25 | batch update started 
[SYS] 2025/04/05 - 22:42:25 | batch update finished 
[SYS] 2025/04/05 - 22:42:30 | 任务进度轮询开始 
[SYS] 2025/04/05 - 22:42:30 | 任务进度轮询完成 
[SYS] 2025/04/05 - 22:42:30 | batch update started 
[SYS] 2025/04/05 - 22:42:30 | batch update finished 
[SYS] 2025/04/05 - 22:42:37 | batch update started 
[SYS] 2025/04/05 - 22:42:37 | batch update finished 
[SYS] 2025/04/05 - 22:42:42 | batch update started 
[SYS] 2025/04/05 - 22:42:42 | batch update finished 
[SYS] 2025/04/05 - 22:42:47 | 任务进度轮询开始 
[SYS] 2025/04/05 - 22:42:47 | 任务进度轮询完成 
[SYS] 2025/04/05 - 22:42:47 | batch update started 
[SYS] 2025/04/05 - 22:42:47 | batch update finished 
[SYS] 2025/04/05 - 22:42:52 | batch update started 
[SYS] 2025/04/05 - 22:42:52 | batch update finished 
[SYS] 2025/04/05 - 22:42:57 | batch update started 
[SYS] 2025/04/05 - 22:42:57 | batch update finished 
[SYS] 2025/04/05 - 22:43:01 | syncing options from database 
[SYS] 2025/04/05 - 22:43:02 | syncing channels from database 
[SYS] 2025/04/05 - 22:43:02 | channels synced from database 
[SYS] 2025/04/05 - 22:43:02 | 任务进度轮询开始 
[SYS] 2025/04/05 - 22:43:02 | 任务进度轮询完成 
[SYS] 2025/04/05 - 22:43:02 | batch update started 
[SYS] 2025/04/05 - 22:43:02 | batch update finished 
[SYS] 2025/04/05 - 22:43:10 | batch update started 
[SYS] 2025/04/05 - 22:43:10 | batch update finished 
[SYS] 2025/04/05 - 22:43:15 | batch update started 
[SYS] 2025/04/05 - 22:43:15 | batch update finished 
[SYS] 2025/04/05 - 22:43:19 | 任务进度轮询开始 
[SYS] 2025/04/05 - 22:43:19 | 任务进度轮询完成 
[SYS] 2025/04/05 - 22:43:20 | batch update started 
[SYS] 2025/04/05 - 22:43:20 | batch update finished 
[SYS] 2025/04/05 - 22:43:25 | batch update started 
[SYS] 2025/04/05 - 22:43:25 | batch update finished 
[SYS] 2025/04/05 - 22:43:30 | batch update started 
[SYS] 2025/04/05 - 22:43:30 | batch update finished 
[SYS] 2025/04/05 - 22:43:34 | 任务进度轮询开始 
[SYS] 2025/04/05 - 22:43:34 | 任务进度轮询完成 
[SYS] 2025/04/05 - 22:43:35 | batch update started 
[SYS] 2025/04/05 - 22:43:35 | batch update finished 
[SYS] 2025/04/05 - 22:43:40 | batch update started 
[SYS] 2025/04/05 - 22:43:40 | batch update finished 
[SYS] 2025/04/05 - 22:43:46 | batch update started 
[SYS] 2025/04/05 - 22:43:46 | batch update finished 
[SYS] 2025/04/05 - 22:43:51 | 任务进度轮询开始 
[SYS] 2025/04/05 - 22:43:51 | 任务进度轮询完成 
[SYS] 2025/04/05 - 22:43:51 | batch update started 
[SYS] 2025/04/05 - 22:43:51 | batch update finished 
[SYS] 2025/04/05 - 22:43:56 | batch update started 
[SYS] 2025/04/05 - 22:43:56 | batch update finished 
[SYS] 2025/04/05 - 22:44:01 | batch update started 
[SYS] 2025/04/05 - 22:44:01 | batch update finished 
[SYS] 2025/04/05 - 22:44:05 | syncing options from database 
[SYS] 2025/04/05 - 22:44:05 | syncing channels from database 
[SYS] 2025/04/05 - 22:44:05 | channels synced from database 
[SYS] 2025/04/05 - 22:44:06 | 任务进度轮询开始 
[SYS] 2025/04/05 - 22:44:06 | 任务进度轮询完成 
[SYS] 2025/04/05 - 22:44:06 | batch update started 
[SYS] 2025/04/05 - 22:44:06 | batch update finished 
[SYS] 2025/04/05 - 22:44:11 | batch update started 
[SYS] 2025/04/05 - 22:44:11 | batch update finished 
[SYS] 2025/04/05 - 22:44:18 | batch update started 
[SYS] 2025/04/05 - 22:44:18 | batch update finished 
[SYS] 2025/04/05 - 22:44:23 | 任务进度轮询开始 
[SYS] 2025/04/05 - 22:44:23 | 任务进度轮询完成 
[SYS] 2025/04/05 - 22:44:23 | batch update started 
[SYS] 2025/04/05 - 22:44:23 | batch update finished 
[SYS] 2025/04/05 - 22:44:28 | batch update started 
[SYS] 2025/04/05 - 22:44:28 | batch update finished 
[SYS] 2025/04/05 - 22:44:33 | batch update started 
[SYS] 2025/04/05 - 22:44:33 | batch update finished 
[SYS] 2025/04/05 - 22:44:38 | 任务进度轮询开始 
[SYS] 2025/04/05 - 22:44:38 | 任务进度轮询完成 
[SYS] 2025/04/05 - 22:44:38 | batch update started 
[SYS] 2025/04/05 - 22:44:38 | batch update finished 
[SYS] 2025/04/05 - 22:44:43 | batch update started 
[SYS] 2025/04/05 - 22:44:43 | batch update finished 
[SYS] 2025/04/05 - 22:44:48 | batch update started 
[SYS] 2025/04/05 - 22:44:48 | batch update finished 
[SYS] 2025/04/05 - 22:44:55 | 任务进度轮询开始 
[SYS] 2025/04/05 - 22:44:55 | 任务进度轮询完成 
[SYS] 2025/04/05 - 22:44:55 | batch update started 
[SYS] 2025/04/05 - 22:44:55 | batch update finished 
[SYS] 2025/04/05 - 22:45:00 | batch update started 
[SYS] 2025/04/05 - 22:45:00 | batch update finished 
[SYS] 2025/04/05 - 22:45:05 | batch update started 
[SYS] 2025/04/05 - 22:45:05 | batch update finished 
[SYS] 2025/04/05 - 22:45:09 | syncing options from database 
[SYS] 2025/04/05 - 22:45:09 | syncing channels from database 
[SYS] 2025/04/05 - 22:45:09 | channels synced from database 
[SYS] 2025/04/05 - 22:45:10 | 任务进度轮询开始 
[SYS] 2025/04/05 - 22:45:10 | 任务进度轮询完成 
[SYS] 2025/04/05 - 22:45:10 | batch update started 
[SYS] 2025/04/05 - 22:45:10 | batch update finished 
[SYS] 2025/04/05 - 22:45:15 | batch update started 
[SYS] 2025/04/05 - 22:45:15 | batch update finished 
[SYS] 2025/04/05 - 22:45:20 | batch update started 
[SYS] 2025/04/05 - 22:45:20 | batch update finished 
[SYS] 2025/04/05 - 22:45:27 | 任务进度轮询开始 
[SYS] 2025/04/05 - 22:45:27 | 任务进度轮询完成 
[SYS] 2025/04/05 - 22:45:28 | batch update started 
[SYS] 2025/04/05 - 22:45:28 | batch update finished 
[SYS] 2025/04/05 - 22:45:33 | batch update started 
[SYS] 2025/04/05 - 22:45:33 | batch update finished 
[SYS] 2025/04/05 - 22:45:38 | batch update started 
[SYS] 2025/04/05 - 22:45:38 | batch update finished 
[SYS] 2025/04/05 - 22:45:42 | 任务进度轮询开始 
[SYS] 2025/04/05 - 22:45:42 | 任务进度轮询完成 
[SYS] 2025/04/05 - 22:45:43 | batch update started 
[SYS] 2025/04/05 - 22:45:43 | batch update finished 
[SYS] 2025/04/05 - 22:45:48 | batch update started 
[SYS] 2025/04/05 - 22:45:48 | batch update finished 
[SYS] 2025/04/05 - 22:45:53 | batch update started 
[SYS] 2025/04/05 - 22:45:53 | batch update finished 
[SYS] 2025/04/05 - 22:45:57 | 任务进度轮询开始 
[SYS] 2025/04/05 - 22:45:57 | 任务进度轮询完成 
[SYS] 2025/04/05 - 22:46:00 | batch update started 
[SYS] 2025/04/05 - 22:46:00 | batch update finished 
[SYS] 2025/04/05 - 22:46:05 | batch update started 
[SYS] 2025/04/05 - 22:46:05 | batch update finished 
