[SYS] 2025/04/02 - 10:05:30 | New API v0.0.0 started 
[SYS] 2025/04/02 - 10:05:30 | using MySQL as database 
[SYS] 2025/04/02 - 10:05:31 | database migration started 
[SYS] 2025/04/02 - 10:05:31 | database migrated 
[SYS] 2025/04/02 - 10:05:31 | using MySQL as database 
[SYS] 2025/04/02 - 10:05:31 | database migration started 
[SYS] 2025/04/02 - 10:05:31 | Redis is enabled 
[SYS] 2025/04/02 - 10:05:31 | memory cache enabled 
[SYS] 2025/04/02 - 10:05:31 | sync frequency: 60 seconds 
[SYS] 2025/04/02 - 10:05:31 | channels synced from database 
[SYS] 2025/04/02 - 10:05:31 | batch update enabled with interval 5s 
[SYS] 2025/04/02 - 10:05:31 | 正在更新数据看板数据... 
[SYS] 2025/04/02 - 10:05:31 | 保存数据看板数据成功，共保存0条数据 
[SYS] 2025/04/02 - 10:05:31 | pprof enabled 
[SYS] 2025/04/02 - 10:05:31 | initializing token encoders 
[SYS] 2025/04/02 - 10:05:31 | token encoders initialized 
[SYS] 2025/04/02 - 10:05:31 | FRONTEND_BASE_URL is ignored on master node 
[SYS] 2025/04/02 - 10:05:36 | batch update started 
[SYS] 2025/04/02 - 10:05:36 | batch update finished 
[SYS] 2025/04/02 - 10:05:41 | batch update started 
[SYS] 2025/04/02 - 10:05:41 | batch update finished 
[SYS] 2025/04/02 - 10:05:46 | batch update started 
[SYS] 2025/04/02 - 10:05:46 | batch update finished 
[SYS] 2025/04/02 - 10:05:46 | 任务进度轮询开始 
[SYS] 2025/04/02 - 10:05:46 | 任务进度轮询完成 
[SYS] 2025/04/02 - 10:05:51 | batch update started 
[SYS] 2025/04/02 - 10:05:51 | batch update finished 
[SYS] 2025/04/02 - 10:05:57 | batch update started 
[SYS] 2025/04/02 - 10:05:57 | batch update finished 
[SYS] 2025/04/02 - 10:06:02 | batch update started 
[SYS] 2025/04/02 - 10:06:02 | batch update finished 
[SYS] 2025/04/02 - 10:06:02 | 任务进度轮询开始 
[SYS] 2025/04/02 - 10:06:02 | 任务进度轮询完成 
[SYS] 2025/04/02 - 10:06:07 | batch update started 
[SYS] 2025/04/02 - 10:06:07 | batch update finished 
[SYS] 2025/04/02 - 10:06:12 | batch update started 
[SYS] 2025/04/02 - 10:06:12 | batch update finished 
[SYS] 2025/04/02 - 10:06:17 | batch update started 
[SYS] 2025/04/02 - 10:06:17 | batch update finished 
[SYS] 2025/04/02 - 10:06:17 | 任务进度轮询开始 
[SYS] 2025/04/02 - 10:06:17 | 任务进度轮询完成 
[SYS] 2025/04/02 - 10:06:22 | batch update started 
[SYS] 2025/04/02 - 10:06:22 | batch update finished 
[SYS] 2025/04/02 - 10:06:28 | batch update started 
[SYS] 2025/04/02 - 10:06:28 | batch update finished 
[SYS] 2025/04/02 - 10:06:33 | syncing options from database 
[SYS] 2025/04/02 - 10:06:33 | syncing channels from database 
[SYS] 2025/04/02 - 10:06:33 | batch update started 
[SYS] 2025/04/02 - 10:06:33 | batch update finished 
[SYS] 2025/04/02 - 10:06:33 | channels synced from database 
[SYS] 2025/04/02 - 10:06:34 | 任务进度轮询开始 
[SYS] 2025/04/02 - 10:06:34 | 任务进度轮询完成 
[SYS] 2025/04/02 - 10:06:38 | batch update started 
[SYS] 2025/04/02 - 10:06:38 | batch update finished 
[SYS] 2025/04/02 - 10:06:43 | batch update started 
[SYS] 2025/04/02 - 10:06:43 | batch update finished 
[SYS] 2025/04/02 - 10:06:48 | batch update started 
[SYS] 2025/04/02 - 10:06:48 | batch update finished 
[SYS] 2025/04/02 - 10:06:49 | 任务进度轮询开始 
[SYS] 2025/04/02 - 10:06:49 | 任务进度轮询完成 
[SYS] 2025/04/02 - 10:06:53 | batch update started 
[SYS] 2025/04/02 - 10:06:53 | batch update finished 
[SYS] 2025/04/02 - 10:07:00 | batch update started 
[SYS] 2025/04/02 - 10:07:00 | batch update finished 
[SYS] 2025/04/02 - 10:07:05 | batch update started 
[SYS] 2025/04/02 - 10:07:05 | batch update finished 
[SYS] 2025/04/02 - 10:07:05 | 任务进度轮询开始 
[SYS] 2025/04/02 - 10:07:05 | 任务进度轮询完成 
[GIN] 2025/04/02 - 10:07:07 | 20250402100707109193284IntWw0lV | 200 |   24.926464ms |             ::1 |     GET /?token=eyJhbGciOiJIUzI1NiIsInR5cCI6IkpXVCJ9.eyJlbWFpbCI6Imtpbmdzb2JlY0BnbWFpbC5jb20iLCJleHAiOjE3NDM2NjU1NjJ9.vuAWFv1O0z7cOJ-ZDPO5idMlIf2g0g_liWAZI3BeZR8
[SYS] 2025/04/02 - 10:07:10 | batch update started 
[SYS] 2025/04/02 - 10:07:10 | batch update finished 
[GIN] 2025/04/02 - 10:07:10 | 20250402100710640219186DTJGMhMm | 200 |    1.383643ms |             ::1 |     GET /api/status
[GIN] 2025/04/02 - 10:07:11 | 20250402100711176798222FAlstsbH | 200 |     789.911µs |             ::1 |     GET /api/notice
[GIN] 2025/04/02 - 10:07:11 | 20250402100711140175876eLf4uFsW | 200 |   50.391625ms |             ::1 |     GET /api/home_page_content
[GIN] 2025/04/02 - 10:07:11 | 20250402100711291900130o4Hoaucc | 200 |      753.35µs |             ::1 |     GET /api/notice
[GIN] 2025/04/02 - 10:07:11 | 20250402100711292157500EtoodbVB | 200 |   56.511369ms |             ::1 |     GET /api/home_page_content
[GIN] 2025/04/02 - 10:07:11 | 20250402100711362842629QzGP0gNm | 401 |   62.997493ms |             ::1 |     GET /api/user/self
[GIN] 2025/04/02 - 10:07:11 | 20250402100711458840615S9kIwbSK | 200 |  330.025317ms |             ::1 |     GET /login?expired=true
[SYS] 2025/04/02 - 10:07:15 | batch update started 
[SYS] 2025/04/02 - 10:07:15 | batch update finished 
[GIN] 2025/04/02 - 10:07:15 | 202504021007151003272224QNZejEO | 200 |  121.425752ms |             ::1 |     GET /api/status
[SYS] 2025/04/02 - 10:07:20 | batch update started 
[SYS] 2025/04/02 - 10:07:20 | batch update finished 
[SYS] 2025/04/02 - 10:07:20 | 任务进度轮询开始 
[SYS] 2025/04/02 - 10:07:20 | 任务进度轮询完成 
[SYS] 2025/04/02 - 10:07:25 | batch update started 
[SYS] 2025/04/02 - 10:07:25 | batch update finished 
[SYS] 2025/04/02 - 10:07:31 | batch update started 
[SYS] 2025/04/02 - 10:07:31 | batch update finished 
[SYS] 2025/04/02 - 10:07:36 | syncing options from database 
[SYS] 2025/04/02 - 10:07:36 | syncing channels from database 
[SYS] 2025/04/02 - 10:07:36 | channels synced from database 
[SYS] 2025/04/02 - 10:07:36 | batch update started 
[SYS] 2025/04/02 - 10:07:36 | batch update finished 
[SYS] 2025/04/02 - 10:07:36 | 任务进度轮询开始 
[SYS] 2025/04/02 - 10:07:36 | 任务进度轮询完成 
[GIN] 2025/04/02 - 10:07:37 | 20250402100737427968565EI5G40nr | 307 |   18.860637ms |             ::1 |     GET /api/auth/google/login
[GIN] 2025/04/02 - 10:07:39 | 20250402100737956699686v0vB0gbg | 303 |  1.192932541s |             ::1 |     GET /auth/google/callback?state=random_state&code=4%2F0AQSTgQGAoKTvvhccWlW6waRHuBTt7zjL9xFdgCbjLNYc0Jp-Olg6Mq4r9I77P-TcPh5U-g&scope=email+profile+openid+https%3A%2F%2Fwww.googleapis.com%2Fauth%2Fuserinfo.email+https%3A%2F%2Fwww.googleapis.com%2Fauth%2Fuserinfo.profile&authuser=0&prompt=none
[GIN] 2025/04/02 - 10:07:39 | 20250402100739159687138rwZBFTZ0 | 200 |    2.305047ms |             ::1 |     GET /?token=eyJhbGciOiJIUzI1NiIsInR5cCI6IkpXVCJ9.eyJlbWFpbCI6Imtpbmdzb2JlY0BnbWFpbC5jb20iLCJleHAiOjE3NDM2NzEyNTksImlkIjozfQ.MtYU61aRss2kFnL8WczuUELBV961ZEE1wEINo60pW7k
[SYS] 2025/04/02 - 10:07:41 | batch update started 
[SYS] 2025/04/02 - 10:07:41 | batch update finished 
[GIN] 2025/04/02 - 10:07:41 | 20250402100741421670618B4FqVqeY | 200 |     951.826µs |             ::1 |     GET /api/status
[GIN] 2025/04/02 - 10:07:41 | 20250402100741671369693WNzl1FEk | 200 |     2.09993ms |             ::1 |     GET /api/notice
[GIN] 2025/04/02 - 10:07:41 | 20250402100741673212703q4TB4kpl | 200 |    1.516991ms |             ::1 |     GET /api/home_page_content
[GIN] 2025/04/02 - 10:07:41 | 20250402100741669151426pmayD5S9 | 200 |   10.085518ms |             ::1 |     GET /api/user/self
[GIN] 2025/04/02 - 10:07:41 | 202504021007419304606141sG0qxJo | 200 |     688.539µs |             ::1 |     GET /api/notice
[GIN] 2025/04/02 - 10:07:41 | 20250402100741932734959cGpBj9mp | 200 |     694.432µs |             ::1 |     GET /api/home_page_content
[SYS] 2025/04/02 - 10:07:46 | batch update started 
[SYS] 2025/04/02 - 10:07:46 | batch update finished 
[SYS] 2025/04/02 - 10:07:51 | batch update started 
[SYS] 2025/04/02 - 10:07:51 | batch update finished 
[SYS] 2025/04/02 - 10:07:51 | 任务进度轮询开始 
[SYS] 2025/04/02 - 10:07:51 | 任务进度轮询完成 
[SYS] 2025/04/02 - 10:07:56 | batch update started 
[SYS] 2025/04/02 - 10:07:56 | batch update finished 
[SYS] 2025/04/02 - 10:08:02 | batch update started 
[SYS] 2025/04/02 - 10:08:02 | batch update finished 
[SYS] 2025/04/02 - 10:08:07 | batch update started 
[SYS] 2025/04/02 - 10:08:07 | batch update finished 
[SYS] 2025/04/02 - 10:08:07 | 任务进度轮询开始 
[SYS] 2025/04/02 - 10:08:07 | 任务进度轮询完成 
[SYS] 2025/04/02 - 10:08:12 | batch update started 
[SYS] 2025/04/02 - 10:08:12 | batch update finished 
[SYS] 2025/04/02 - 10:08:17 | batch update started 
[SYS] 2025/04/02 - 10:08:17 | batch update finished 
[SYS] 2025/04/02 - 10:08:22 | batch update started 
[SYS] 2025/04/02 - 10:08:22 | batch update finished 
[SYS] 2025/04/02 - 10:08:22 | 任务进度轮询开始 
[SYS] 2025/04/02 - 10:08:23 | 任务进度轮询完成 
[SYS] 2025/04/02 - 10:08:27 | batch update started 
[SYS] 2025/04/02 - 10:08:27 | batch update finished 
[SYS] 2025/04/02 - 10:08:33 | batch update started 
[SYS] 2025/04/02 - 10:08:33 | batch update finished 
[SYS] 2025/04/02 - 10:08:38 | syncing options from database 
[SYS] 2025/04/02 - 10:08:38 | syncing channels from database 
[SYS] 2025/04/02 - 10:08:38 | channels synced from database 
[SYS] 2025/04/02 - 10:08:38 | batch update started 
[SYS] 2025/04/02 - 10:08:38 | batch update finished 
[SYS] 2025/04/02 - 10:08:39 | 任务进度轮询开始 
[SYS] 2025/04/02 - 10:08:39 | 任务进度轮询完成 
[SYS] 2025/04/02 - 10:08:43 | batch update started 
[SYS] 2025/04/02 - 10:08:43 | batch update finished 
[SYS] 2025/04/02 - 10:08:48 | batch update started 
[SYS] 2025/04/02 - 10:08:48 | batch update finished 
[SYS] 2025/04/02 - 10:08:53 | batch update started 
[SYS] 2025/04/02 - 10:08:53 | batch update finished 
[SYS] 2025/04/02 - 10:08:54 | 任务进度轮询开始 
[SYS] 2025/04/02 - 10:08:54 | 任务进度轮询完成 
[SYS] 2025/04/02 - 10:08:58 | batch update started 
[SYS] 2025/04/02 - 10:08:58 | batch update finished 
[SYS] 2025/04/02 - 10:09:05 | batch update started 
[SYS] 2025/04/02 - 10:09:05 | batch update finished 
[SYS] 2025/04/02 - 10:09:10 | batch update started 
[SYS] 2025/04/02 - 10:09:10 | batch update finished 
[SYS] 2025/04/02 - 10:09:10 | 任务进度轮询开始 
[SYS] 2025/04/02 - 10:09:10 | 任务进度轮询完成 
[SYS] 2025/04/02 - 10:09:15 | batch update started 
[SYS] 2025/04/02 - 10:09:15 | batch update finished 
[SYS] 2025/04/02 - 10:09:20 | batch update started 
[SYS] 2025/04/02 - 10:09:20 | batch update finished 
[SYS] 2025/04/02 - 10:09:25 | batch update started 
[SYS] 2025/04/02 - 10:09:25 | batch update finished 
[SYS] 2025/04/02 - 10:09:25 | 任务进度轮询开始 
[SYS] 2025/04/02 - 10:09:25 | 任务进度轮询完成 
[SYS] 2025/04/02 - 10:09:30 | batch update started 
[SYS] 2025/04/02 - 10:09:30 | batch update finished 
[SYS] 2025/04/02 - 10:09:36 | batch update started 
[SYS] 2025/04/02 - 10:09:36 | batch update finished 
[SYS] 2025/04/02 - 10:09:41 | syncing options from database 
[SYS] 2025/04/02 - 10:09:41 | syncing channels from database 
[SYS] 2025/04/02 - 10:09:41 | channels synced from database 
[SYS] 2025/04/02 - 10:09:41 | batch update started 
[SYS] 2025/04/02 - 10:09:41 | batch update finished 
[SYS] 2025/04/02 - 10:09:41 | 任务进度轮询开始 
[SYS] 2025/04/02 - 10:09:41 | 任务进度轮询完成 
[SYS] 2025/04/02 - 10:09:46 | batch update started 
[SYS] 2025/04/02 - 10:09:46 | batch update finished 
[SYS] 2025/04/02 - 10:09:51 | batch update started 
[SYS] 2025/04/02 - 10:09:51 | batch update finished 
[SYS] 2025/04/02 - 10:09:56 | batch update started 
[SYS] 2025/04/02 - 10:09:56 | batch update finished 
[SYS] 2025/04/02 - 10:09:56 | 任务进度轮询开始 
[SYS] 2025/04/02 - 10:09:56 | 任务进度轮询完成 
[SYS] 2025/04/02 - 10:10:01 | batch update started 
[SYS] 2025/04/02 - 10:10:01 | batch update finished 
[SYS] 2025/04/02 - 10:10:07 | batch update started 
[SYS] 2025/04/02 - 10:10:07 | batch update finished 
[SYS] 2025/04/02 - 10:10:12 | batch update started 
[SYS] 2025/04/02 - 10:10:12 | batch update finished 
[SYS] 2025/04/02 - 10:10:12 | 任务进度轮询开始 
[SYS] 2025/04/02 - 10:10:12 | 任务进度轮询完成 
[GIN] 2025/04/02 - 10:10:13 | 20250402101012996775422BQhrcMPC | 200 |    6.544048ms |       127.0.0.1 |     GET /api/user/self
[SYS] 2025/04/02 - 10:10:17 | batch update started 
[SYS] 2025/04/02 - 10:10:17 | batch update finished 
[SYS] 2025/04/02 - 10:10:22 | batch update started 
[SYS] 2025/04/02 - 10:10:22 | batch update finished 
[SYS] 2025/04/02 - 10:10:27 | batch update started 
[SYS] 2025/04/02 - 10:10:27 | batch update finished 
[SYS] 2025/04/02 - 10:10:27 | 任务进度轮询开始 
[SYS] 2025/04/02 - 10:10:27 | 任务进度轮询完成 
[SYS] 2025/04/02 - 10:10:32 | batch update started 
[SYS] 2025/04/02 - 10:10:32 | batch update finished 
[GIN] 2025/04/02 - 10:10:33 | 202504021010335586158454kjeszCR | 200 |   17.330365ms |       127.0.0.1 |     GET /api/user/self
[SYS] 2025/04/02 - 10:10:38 | batch update started 
[SYS] 2025/04/02 - 10:10:38 | batch update finished 
[SYS] 2025/04/02 - 10:10:43 | 正在更新数据看板数据... 
[SYS] 2025/04/02 - 10:10:43 | 保存数据看板数据成功，共保存0条数据 
[SYS] 2025/04/02 - 10:10:43 | syncing options from database 
[SYS] 2025/04/02 - 10:10:43 | syncing channels from database 
[SYS] 2025/04/02 - 10:10:43 | channels synced from database 
[SYS] 2025/04/02 - 10:10:43 | batch update started 
[SYS] 2025/04/02 - 10:10:43 | batch update finished 
[SYS] 2025/04/02 - 10:10:44 | 任务进度轮询开始 
[SYS] 2025/04/02 - 10:10:44 | 任务进度轮询完成 
[SYS] 2025/04/02 - 10:10:48 | batch update started 
[SYS] 2025/04/02 - 10:10:48 | batch update finished 
[SYS] 2025/04/02 - 10:10:53 | batch update started 
[SYS] 2025/04/02 - 10:10:53 | batch update finished 
[SYS] 2025/04/02 - 10:10:58 | batch update started 
[SYS] 2025/04/02 - 10:10:58 | batch update finished 
[SYS] 2025/04/02 - 10:10:59 | 任务进度轮询开始 
[SYS] 2025/04/02 - 10:10:59 | 任务进度轮询完成 
[SYS] 2025/04/02 - 10:11:03 | batch update started 
[SYS] 2025/04/02 - 10:11:03 | batch update finished 
[SYS] 2025/04/02 - 10:11:10 | batch update started 
[SYS] 2025/04/02 - 10:11:10 | batch update finished 
[SYS] 2025/04/02 - 10:11:15 | batch update started 
[SYS] 2025/04/02 - 10:11:15 | batch update finished 
[SYS] 2025/04/02 - 10:11:15 | 任务进度轮询开始 
[SYS] 2025/04/02 - 10:11:15 | 任务进度轮询完成 
[SYS] 2025/04/02 - 10:11:20 | batch update started 
[SYS] 2025/04/02 - 10:11:20 | batch update finished 
[SYS] 2025/04/02 - 10:11:25 | batch update started 
[SYS] 2025/04/02 - 10:11:25 | batch update finished 
[SYS] 2025/04/02 - 10:11:30 | batch update started 
[SYS] 2025/04/02 - 10:11:30 | batch update finished 
[SYS] 2025/04/02 - 10:11:30 | 任务进度轮询开始 
[SYS] 2025/04/02 - 10:11:30 | 任务进度轮询完成 
[SYS] 2025/04/02 - 10:11:35 | batch update started 
[SYS] 2025/04/02 - 10:11:35 | batch update finished 
[SYS] 2025/04/02 - 10:11:41 | batch update started 
[SYS] 2025/04/02 - 10:11:41 | batch update finished 
[SYS] 2025/04/02 - 10:11:46 | syncing options from database 
[SYS] 2025/04/02 - 10:11:46 | syncing channels from database 
[SYS] 2025/04/02 - 10:11:46 | channels synced from database 
[SYS] 2025/04/02 - 10:11:46 | batch update started 
[SYS] 2025/04/02 - 10:11:46 | batch update finished 
[SYS] 2025/04/02 - 10:11:46 | 任务进度轮询开始 
[SYS] 2025/04/02 - 10:11:46 | 任务进度轮询完成 
[SYS] 2025/04/02 - 10:11:51 | batch update started 
[SYS] 2025/04/02 - 10:11:51 | batch update finished 
[SYS] 2025/04/02 - 10:11:56 | batch update started 
[SYS] 2025/04/02 - 10:11:56 | batch update finished 
[SYS] 2025/04/02 - 10:12:01 | batch update started 
[SYS] 2025/04/02 - 10:12:01 | batch update finished 
[SYS] 2025/04/02 - 10:12:01 | 任务进度轮询开始 
[SYS] 2025/04/02 - 10:12:01 | 任务进度轮询完成 
[SYS] 2025/04/02 - 10:12:06 | batch update started 
[SYS] 2025/04/02 - 10:12:06 | batch update finished 
[SYS] 2025/04/02 - 10:12:12 | batch update started 
[SYS] 2025/04/02 - 10:12:12 | batch update finished 
[SYS] 2025/04/02 - 10:12:17 | batch update started 
[SYS] 2025/04/02 - 10:12:17 | batch update finished 
[SYS] 2025/04/02 - 10:12:17 | 任务进度轮询开始 
[SYS] 2025/04/02 - 10:12:17 | 任务进度轮询完成 
[SYS] 2025/04/02 - 10:12:22 | batch update started 
[SYS] 2025/04/02 - 10:12:22 | batch update finished 
[SYS] 2025/04/02 - 10:12:27 | batch update started 
[SYS] 2025/04/02 - 10:12:27 | batch update finished 
[SYS] 2025/04/02 - 10:12:32 | batch update started 
[SYS] 2025/04/02 - 10:12:32 | batch update finished 
[SYS] 2025/04/02 - 10:12:32 | 任务进度轮询开始 
[SYS] 2025/04/02 - 10:12:32 | 任务进度轮询完成 
[SYS] 2025/04/02 - 10:12:37 | batch update started 
[SYS] 2025/04/02 - 10:12:37 | batch update finished 
[SYS] 2025/04/02 - 10:12:43 | batch update started 
[SYS] 2025/04/02 - 10:12:43 | batch update finished 
[SYS] 2025/04/02 - 10:12:48 | syncing options from database 
[SYS] 2025/04/02 - 10:12:48 | syncing channels from database 
[SYS] 2025/04/02 - 10:12:48 | channels synced from database 
[SYS] 2025/04/02 - 10:12:48 | batch update started 
[SYS] 2025/04/02 - 10:12:48 | batch update finished 
[SYS] 2025/04/02 - 10:12:49 | 任务进度轮询开始 
[SYS] 2025/04/02 - 10:12:49 | 任务进度轮询完成 
[SYS] 2025/04/02 - 10:12:53 | batch update started 
[SYS] 2025/04/02 - 10:12:53 | batch update finished 
[SYS] 2025/04/02 - 10:12:58 | batch update started 
[SYS] 2025/04/02 - 10:12:58 | batch update finished 
[SYS] 2025/04/02 - 10:13:03 | batch update started 
[SYS] 2025/04/02 - 10:13:03 | batch update finished 
[SYS] 2025/04/02 - 10:13:04 | 任务进度轮询开始 
[SYS] 2025/04/02 - 10:13:04 | 任务进度轮询完成 
[SYS] 2025/04/02 - 10:13:08 | batch update started 
[SYS] 2025/04/02 - 10:13:08 | batch update finished 
[SYS] 2025/04/02 - 10:13:15 | batch update started 
[SYS] 2025/04/02 - 10:13:15 | batch update finished 
[SYS] 2025/04/02 - 10:13:20 | batch update started 
[SYS] 2025/04/02 - 10:13:20 | batch update finished 
[SYS] 2025/04/02 - 10:13:20 | 任务进度轮询开始 
[SYS] 2025/04/02 - 10:13:20 | 任务进度轮询完成 
[SYS] 2025/04/02 - 10:13:25 | batch update started 
[SYS] 2025/04/02 - 10:13:25 | batch update finished 
[SYS] 2025/04/02 - 10:13:30 | batch update started 
[SYS] 2025/04/02 - 10:13:30 | batch update finished 
[SYS] 2025/04/02 - 10:13:35 | batch update started 
[SYS] 2025/04/02 - 10:13:35 | batch update finished 
[SYS] 2025/04/02 - 10:13:35 | 任务进度轮询开始 
[SYS] 2025/04/02 - 10:13:35 | 任务进度轮询完成 
[SYS] 2025/04/02 - 10:13:40 | batch update started 
[SYS] 2025/04/02 - 10:13:40 | batch update finished 
[SYS] 2025/04/02 - 10:13:46 | batch update started 
[SYS] 2025/04/02 - 10:13:46 | batch update finished 
[SYS] 2025/04/02 - 10:13:50 | syncing options from database 
[SYS] 2025/04/02 - 10:13:51 | syncing channels from database 
[SYS] 2025/04/02 - 10:13:51 | channels synced from database 
[SYS] 2025/04/02 - 10:13:51 | batch update started 
[SYS] 2025/04/02 - 10:13:51 | batch update finished 
[SYS] 2025/04/02 - 10:13:51 | 任务进度轮询开始 
[SYS] 2025/04/02 - 10:13:51 | 任务进度轮询完成 
[SYS] 2025/04/02 - 10:13:56 | batch update started 
[SYS] 2025/04/02 - 10:13:56 | batch update finished 
[SYS] 2025/04/02 - 10:14:01 | batch update started 
[SYS] 2025/04/02 - 10:14:01 | batch update finished 
[SYS] 2025/04/02 - 10:14:06 | batch update started 
[SYS] 2025/04/02 - 10:14:06 | batch update finished 
[SYS] 2025/04/02 - 10:14:06 | 任务进度轮询开始 
[SYS] 2025/04/02 - 10:14:06 | 任务进度轮询完成 
[SYS] 2025/04/02 - 10:14:11 | batch update started 
[SYS] 2025/04/02 - 10:14:11 | batch update finished 
[SYS] 2025/04/02 - 10:14:17 | batch update started 
[SYS] 2025/04/02 - 10:14:17 | batch update finished 
[SYS] 2025/04/02 - 10:14:22 | batch update started 
[SYS] 2025/04/02 - 10:14:22 | batch update finished 
[SYS] 2025/04/02 - 10:14:22 | 任务进度轮询开始 
[SYS] 2025/04/02 - 10:14:22 | 任务进度轮询完成 
[SYS] 2025/04/02 - 10:14:27 | batch update started 
[SYS] 2025/04/02 - 10:14:27 | batch update finished 
[SYS] 2025/04/02 - 10:14:32 | batch update started 
[SYS] 2025/04/02 - 10:14:32 | batch update finished 
[SYS] 2025/04/02 - 10:14:37 | batch update started 
[SYS] 2025/04/02 - 10:14:37 | batch update finished 
[SYS] 2025/04/02 - 10:14:37 | 任务进度轮询开始 
[SYS] 2025/04/02 - 10:14:37 | 任务进度轮询完成 
[SYS] 2025/04/02 - 10:14:42 | batch update started 
[SYS] 2025/04/02 - 10:14:42 | batch update finished 
[SYS] 2025/04/02 - 10:14:48 | batch update started 
[SYS] 2025/04/02 - 10:14:48 | batch update finished 
[SYS] 2025/04/02 - 10:14:53 | syncing options from database 
[SYS] 2025/04/02 - 10:14:53 | syncing channels from database 
[SYS] 2025/04/02 - 10:14:53 | channels synced from database 
[SYS] 2025/04/02 - 10:14:53 | batch update started 
[SYS] 2025/04/02 - 10:14:53 | batch update finished 
[SYS] 2025/04/02 - 10:14:54 | 任务进度轮询开始 
[SYS] 2025/04/02 - 10:14:54 | 任务进度轮询完成 
[SYS] 2025/04/02 - 10:14:58 | batch update started 
[SYS] 2025/04/02 - 10:14:58 | batch update finished 
[SYS] 2025/04/02 - 10:15:03 | batch update started 
[SYS] 2025/04/02 - 10:15:03 | batch update finished 
[SYS] 2025/04/02 - 10:15:08 | batch update started 
[SYS] 2025/04/02 - 10:15:08 | batch update finished 
[SYS] 2025/04/02 - 10:15:09 | 任务进度轮询开始 
[SYS] 2025/04/02 - 10:15:09 | 任务进度轮询完成 
[SYS] 2025/04/02 - 10:15:13 | batch update started 
[SYS] 2025/04/02 - 10:15:13 | batch update finished 
[SYS] 2025/04/02 - 10:15:20 | batch update started 
[SYS] 2025/04/02 - 10:15:20 | batch update finished 
[SYS] 2025/04/02 - 10:15:25 | batch update started 
[SYS] 2025/04/02 - 10:15:25 | batch update finished 
[SYS] 2025/04/02 - 10:15:25 | 任务进度轮询开始 
[SYS] 2025/04/02 - 10:15:25 | 任务进度轮询完成 
[SYS] 2025/04/02 - 10:15:30 | batch update started 
[SYS] 2025/04/02 - 10:15:30 | batch update finished 
[SYS] 2025/04/02 - 10:15:35 | batch update started 
[SYS] 2025/04/02 - 10:15:35 | batch update finished 
[SYS] 2025/04/02 - 10:15:40 | batch update started 
[SYS] 2025/04/02 - 10:15:40 | batch update finished 
[SYS] 2025/04/02 - 10:15:40 | 任务进度轮询开始 
[SYS] 2025/04/02 - 10:15:40 | 任务进度轮询完成 
[SYS] 2025/04/02 - 10:15:45 | batch update started 
[SYS] 2025/04/02 - 10:15:45 | batch update finished 
[SYS] 2025/04/02 - 10:15:51 | batch update started 
[SYS] 2025/04/02 - 10:15:51 | batch update finished 
[SYS] 2025/04/02 - 10:15:56 | testing all channels 
[SYS] 2025/04/02 - 10:15:56 | channel test finished 
[SYS] 2025/04/02 - 10:15:56 | 正在更新数据看板数据... 
[SYS] 2025/04/02 - 10:15:56 | 保存数据看板数据成功，共保存0条数据 
[SYS] 2025/04/02 - 10:15:56 | syncing options from database 
[SYS] 2025/04/02 - 10:15:56 | syncing channels from database 
[SYS] 2025/04/02 - 10:15:56 | channels synced from database 
[SYS] 2025/04/02 - 10:15:56 | batch update started 
[SYS] 2025/04/02 - 10:15:56 | batch update finished 
[SYS] 2025/04/02 - 10:15:56 | 任务进度轮询开始 
[SYS] 2025/04/02 - 10:15:56 | 任务进度轮询完成 
[SYS] 2025/04/02 - 10:16:01 | batch update started 
[SYS] 2025/04/02 - 10:16:01 | batch update finished 
[SYS] 2025/04/02 - 10:16:06 | batch update started 
[SYS] 2025/04/02 - 10:16:06 | batch update finished 
[SYS] 2025/04/02 - 10:16:11 | batch update started 
[SYS] 2025/04/02 - 10:16:11 | batch update finished 
[SYS] 2025/04/02 - 10:16:11 | 任务进度轮询开始 
[SYS] 2025/04/02 - 10:16:11 | 任务进度轮询完成 
[SYS] 2025/04/02 - 10:16:16 | batch update started 
[SYS] 2025/04/02 - 10:16:16 | batch update finished 
[SYS] 2025/04/02 - 10:16:22 | batch update started 
[SYS] 2025/04/02 - 10:16:22 | batch update finished 
[SYS] 2025/04/02 - 10:16:27 | batch update started 
[SYS] 2025/04/02 - 10:16:27 | batch update finished 
[SYS] 2025/04/02 - 10:16:27 | 任务进度轮询开始 
[SYS] 2025/04/02 - 10:16:27 | 任务进度轮询完成 
[SYS] 2025/04/02 - 10:16:32 | batch update started 
[SYS] 2025/04/02 - 10:16:32 | batch update finished 
[SYS] 2025/04/02 - 10:16:37 | batch update started 
[SYS] 2025/04/02 - 10:16:37 | batch update finished 
[SYS] 2025/04/02 - 10:16:42 | batch update started 
[SYS] 2025/04/02 - 10:16:42 | batch update finished 
[SYS] 2025/04/02 - 10:16:42 | 任务进度轮询开始 
[SYS] 2025/04/02 - 10:16:42 | 任务进度轮询完成 
[SYS] 2025/04/02 - 10:16:47 | batch update started 
[SYS] 2025/04/02 - 10:16:47 | batch update finished 
[SYS] 2025/04/02 - 10:16:53 | batch update started 
[SYS] 2025/04/02 - 10:16:53 | batch update finished 
[SYS] 2025/04/02 - 10:16:58 | syncing options from database 
[SYS] 2025/04/02 - 10:16:58 | syncing channels from database 
[SYS] 2025/04/02 - 10:16:58 | channels synced from database 
[SYS] 2025/04/02 - 10:16:58 | batch update started 
[SYS] 2025/04/02 - 10:16:58 | batch update finished 
[SYS] 2025/04/02 - 10:16:59 | 任务进度轮询开始 
[SYS] 2025/04/02 - 10:16:59 | 任务进度轮询完成 
[SYS] 2025/04/02 - 10:17:03 | batch update started 
[SYS] 2025/04/02 - 10:17:03 | batch update finished 
[SYS] 2025/04/02 - 10:17:08 | batch update started 
[SYS] 2025/04/02 - 10:17:08 | batch update finished 
[SYS] 2025/04/02 - 10:17:13 | batch update started 
[SYS] 2025/04/02 - 10:17:13 | batch update finished 
[SYS] 2025/04/02 - 10:17:14 | 任务进度轮询开始 
[SYS] 2025/04/02 - 10:17:14 | 任务进度轮询完成 
[SYS] 2025/04/02 - 10:17:18 | batch update started 
[SYS] 2025/04/02 - 10:17:18 | batch update finished 
[SYS] 2025/04/02 - 10:17:25 | batch update started 
[SYS] 2025/04/02 - 10:17:25 | batch update finished 
[SYS] 2025/04/02 - 10:17:30 | batch update started 
[SYS] 2025/04/02 - 10:17:30 | batch update finished 
[SYS] 2025/04/02 - 10:17:30 | 任务进度轮询开始 
[SYS] 2025/04/02 - 10:17:30 | 任务进度轮询完成 
[SYS] 2025/04/02 - 10:17:35 | batch update started 
[SYS] 2025/04/02 - 10:17:35 | batch update finished 
[SYS] 2025/04/02 - 10:17:40 | batch update started 
[SYS] 2025/04/02 - 10:17:40 | batch update finished 
[SYS] 2025/04/02 - 10:17:45 | batch update started 
[SYS] 2025/04/02 - 10:17:45 | batch update finished 
[SYS] 2025/04/02 - 10:17:45 | 任务进度轮询开始 
[SYS] 2025/04/02 - 10:17:45 | 任务进度轮询完成 
[SYS] 2025/04/02 - 10:17:50 | batch update started 
[SYS] 2025/04/02 - 10:17:50 | batch update finished 
[SYS] 2025/04/02 - 10:17:56 | batch update started 
[SYS] 2025/04/02 - 10:17:56 | batch update finished 
[SYS] 2025/04/02 - 10:18:01 | syncing options from database 
[SYS] 2025/04/02 - 10:18:01 | syncing channels from database 
[SYS] 2025/04/02 - 10:18:01 | channels synced from database 
[SYS] 2025/04/02 - 10:18:01 | batch update started 
[SYS] 2025/04/02 - 10:18:01 | batch update finished 
[SYS] 2025/04/02 - 10:18:01 | 任务进度轮询开始 
[SYS] 2025/04/02 - 10:18:01 | 任务进度轮询完成 
[SYS] 2025/04/02 - 10:18:06 | batch update started 
[SYS] 2025/04/02 - 10:18:06 | batch update finished 
[SYS] 2025/04/02 - 10:18:11 | batch update started 
[SYS] 2025/04/02 - 10:18:11 | batch update finished 
[SYS] 2025/04/02 - 10:18:16 | batch update started 
[SYS] 2025/04/02 - 10:18:16 | batch update finished 
[SYS] 2025/04/02 - 10:18:16 | 任务进度轮询开始 
[SYS] 2025/04/02 - 10:18:16 | 任务进度轮询完成 
[SYS] 2025/04/02 - 10:18:21 | batch update started 
[SYS] 2025/04/02 - 10:18:21 | batch update finished 
[SYS] 2025/04/02 - 10:18:27 | batch update started 
[SYS] 2025/04/02 - 10:18:27 | batch update finished 
[SYS] 2025/04/02 - 10:18:32 | batch update started 
[SYS] 2025/04/02 - 10:18:32 | batch update finished 
[SYS] 2025/04/02 - 10:18:32 | 任务进度轮询开始 
[SYS] 2025/04/02 - 10:18:32 | 任务进度轮询完成 
[SYS] 2025/04/02 - 10:18:37 | batch update started 
[SYS] 2025/04/02 - 10:18:37 | batch update finished 
[SYS] 2025/04/02 - 10:18:42 | batch update started 
[SYS] 2025/04/02 - 10:18:42 | batch update finished 
[SYS] 2025/04/02 - 10:18:47 | batch update started 
[SYS] 2025/04/02 - 10:18:47 | batch update finished 
[SYS] 2025/04/02 - 10:18:47 | 任务进度轮询开始 
[SYS] 2025/04/02 - 10:18:47 | 任务进度轮询完成 
[SYS] 2025/04/02 - 10:18:52 | batch update started 
[SYS] 2025/04/02 - 10:18:52 | batch update finished 
[SYS] 2025/04/02 - 10:18:58 | batch update started 
[SYS] 2025/04/02 - 10:18:58 | batch update finished 
[SYS] 2025/04/02 - 10:19:03 | syncing options from database 
[SYS] 2025/04/02 - 10:19:03 | syncing channels from database 
[SYS] 2025/04/02 - 10:19:03 | channels synced from database 
[SYS] 2025/04/02 - 10:19:03 | batch update started 
[SYS] 2025/04/02 - 10:19:03 | batch update finished 
[SYS] 2025/04/02 - 10:19:04 | 任务进度轮询开始 
[SYS] 2025/04/02 - 10:19:04 | 任务进度轮询完成 
[SYS] 2025/04/02 - 10:19:08 | batch update started 
[SYS] 2025/04/02 - 10:19:08 | batch update finished 
[SYS] 2025/04/02 - 10:19:13 | batch update started 
[SYS] 2025/04/02 - 10:19:13 | batch update finished 
[SYS] 2025/04/02 - 10:19:18 | batch update started 
[SYS] 2025/04/02 - 10:19:18 | batch update finished 
[SYS] 2025/04/02 - 10:19:19 | 任务进度轮询开始 
[SYS] 2025/04/02 - 10:19:19 | 任务进度轮询完成 
[SYS] 2025/04/02 - 10:19:23 | batch update started 
[SYS] 2025/04/02 - 10:19:23 | batch update finished 
[SYS] 2025/04/02 - 10:19:30 | batch update started 
[SYS] 2025/04/02 - 10:19:30 | batch update finished 
[SYS] 2025/04/02 - 10:19:35 | batch update started 
[SYS] 2025/04/02 - 10:19:35 | batch update finished 
[SYS] 2025/04/02 - 10:19:35 | 任务进度轮询开始 
[SYS] 2025/04/02 - 10:19:35 | 任务进度轮询完成 
[SYS] 2025/04/02 - 10:19:40 | batch update started 
[SYS] 2025/04/02 - 10:19:40 | batch update finished 
[SYS] 2025/04/02 - 10:19:45 | batch update started 
[SYS] 2025/04/02 - 10:19:45 | batch update finished 
[SYS] 2025/04/02 - 10:19:50 | batch update started 
[SYS] 2025/04/02 - 10:19:50 | batch update finished 
[SYS] 2025/04/02 - 10:19:50 | 任务进度轮询开始 
[SYS] 2025/04/02 - 10:19:50 | 任务进度轮询完成 
[SYS] 2025/04/02 - 10:19:55 | batch update started 
[SYS] 2025/04/02 - 10:19:55 | batch update finished 
[SYS] 2025/04/02 - 10:20:01 | batch update started 
[SYS] 2025/04/02 - 10:20:01 | batch update finished 
[SYS] 2025/04/02 - 10:20:06 | syncing options from database 
[SYS] 2025/04/02 - 10:20:06 | syncing channels from database 
[SYS] 2025/04/02 - 10:20:06 | channels synced from database 
[SYS] 2025/04/02 - 10:20:06 | batch update started 
[SYS] 2025/04/02 - 10:20:06 | batch update finished 
[SYS] 2025/04/02 - 10:20:06 | 任务进度轮询开始 
[SYS] 2025/04/02 - 10:20:06 | 任务进度轮询完成 
[SYS] 2025/04/02 - 10:20:11 | batch update started 
[SYS] 2025/04/02 - 10:20:11 | batch update finished 
[SYS] 2025/04/02 - 10:20:16 | batch update started 
[SYS] 2025/04/02 - 10:20:16 | batch update finished 
[SYS] 2025/04/02 - 10:20:21 | batch update started 
[SYS] 2025/04/02 - 10:20:21 | batch update finished 
[SYS] 2025/04/02 - 10:20:21 | 任务进度轮询开始 
[SYS] 2025/04/02 - 10:20:21 | 任务进度轮询完成 
[SYS] 2025/04/02 - 10:20:26 | batch update started 
[SYS] 2025/04/02 - 10:20:26 | batch update finished 
[SYS] 2025/04/02 - 10:20:32 | batch update started 
[SYS] 2025/04/02 - 10:20:32 | batch update finished 
[SYS] 2025/04/02 - 10:20:37 | batch update started 
[SYS] 2025/04/02 - 10:20:37 | batch update finished 
[SYS] 2025/04/02 - 10:20:37 | 任务进度轮询开始 
[SYS] 2025/04/02 - 10:20:37 | 任务进度轮询完成 
[SYS] 2025/04/02 - 10:20:42 | batch update started 
[SYS] 2025/04/02 - 10:20:42 | batch update finished 
[SYS] 2025/04/02 - 10:20:47 | batch update started 
[SYS] 2025/04/02 - 10:20:47 | batch update finished 
[SYS] 2025/04/02 - 10:20:52 | batch update started 
[SYS] 2025/04/02 - 10:20:52 | batch update finished 
[SYS] 2025/04/02 - 10:20:52 | 任务进度轮询开始 
[SYS] 2025/04/02 - 10:20:52 | 任务进度轮询完成 
[SYS] 2025/04/02 - 10:20:57 | batch update started 
[SYS] 2025/04/02 - 10:20:57 | batch update finished 
[SYS] 2025/04/02 - 10:21:04 | batch update started 
[SYS] 2025/04/02 - 10:21:04 | batch update finished 
[SYS] 2025/04/02 - 10:21:08 | 正在更新数据看板数据... 
[SYS] 2025/04/02 - 10:21:08 | 保存数据看板数据成功，共保存0条数据 
[SYS] 2025/04/02 - 10:21:08 | syncing options from database 
[SYS] 2025/04/02 - 10:21:08 | syncing channels from database 
[SYS] 2025/04/02 - 10:21:08 | channels synced from database 
[SYS] 2025/04/02 - 10:21:09 | batch update started 
[SYS] 2025/04/02 - 10:21:09 | batch update finished 
[SYS] 2025/04/02 - 10:21:09 | 任务进度轮询开始 
[SYS] 2025/04/02 - 10:21:09 | 任务进度轮询完成 
[SYS] 2025/04/02 - 10:21:14 | batch update started 
[SYS] 2025/04/02 - 10:21:14 | batch update finished 
[SYS] 2025/04/02 - 10:21:19 | batch update started 
[SYS] 2025/04/02 - 10:21:19 | batch update finished 
[SYS] 2025/04/02 - 10:21:24 | batch update started 
[SYS] 2025/04/02 - 10:21:24 | batch update finished 
[SYS] 2025/04/02 - 10:21:24 | 任务进度轮询开始 
[SYS] 2025/04/02 - 10:21:24 | 任务进度轮询完成 
[SYS] 2025/04/02 - 10:21:29 | batch update started 
[SYS] 2025/04/02 - 10:21:29 | batch update finished 
[SYS] 2025/04/02 - 10:21:35 | batch update started 
[SYS] 2025/04/02 - 10:21:35 | batch update finished 
[SYS] 2025/04/02 - 10:21:40 | batch update started 
[SYS] 2025/04/02 - 10:21:40 | batch update finished 
[SYS] 2025/04/02 - 10:21:40 | 任务进度轮询开始 
[SYS] 2025/04/02 - 10:21:40 | 任务进度轮询完成 
[SYS] 2025/04/02 - 10:21:45 | batch update started 
[SYS] 2025/04/02 - 10:21:45 | batch update finished 
[SYS] 2025/04/02 - 10:21:50 | batch update started 
[SYS] 2025/04/02 - 10:21:50 | batch update finished 
[SYS] 2025/04/02 - 10:21:55 | batch update started 
[SYS] 2025/04/02 - 10:21:55 | batch update finished 
[SYS] 2025/04/02 - 10:21:55 | 任务进度轮询开始 
[SYS] 2025/04/02 - 10:21:55 | 任务进度轮询完成 
[SYS] 2025/04/02 - 10:22:00 | batch update started 
[SYS] 2025/04/02 - 10:22:00 | batch update finished 
[SYS] 2025/04/02 - 10:22:06 | batch update started 
[SYS] 2025/04/02 - 10:22:06 | batch update finished 
[SYS] 2025/04/02 - 10:22:11 | syncing options from database 
[SYS] 2025/04/02 - 10:22:11 | syncing channels from database 
[SYS] 2025/04/02 - 10:22:11 | channels synced from database 
[SYS] 2025/04/02 - 10:22:11 | batch update started 
[SYS] 2025/04/02 - 10:22:11 | batch update finished 
[SYS] 2025/04/02 - 10:22:11 | 任务进度轮询开始 
[SYS] 2025/04/02 - 10:22:11 | 任务进度轮询完成 
[SYS] 2025/04/02 - 10:22:16 | batch update started 
[SYS] 2025/04/02 - 10:22:16 | batch update finished 
[SYS] 2025/04/02 - 10:22:21 | batch update started 
[SYS] 2025/04/02 - 10:22:21 | batch update finished 
[SYS] 2025/04/02 - 10:22:26 | batch update started 
[SYS] 2025/04/02 - 10:22:26 | batch update finished 
[SYS] 2025/04/02 - 10:22:26 | 任务进度轮询开始 
[SYS] 2025/04/02 - 10:22:26 | 任务进度轮询完成 
[SYS] 2025/04/02 - 10:22:31 | batch update started 
[SYS] 2025/04/02 - 10:22:31 | batch update finished 
[SYS] 2025/04/02 - 10:22:37 | batch update started 
[SYS] 2025/04/02 - 10:22:37 | batch update finished 
[SYS] 2025/04/02 - 10:22:42 | batch update started 
[SYS] 2025/04/02 - 10:22:42 | batch update finished 
[SYS] 2025/04/02 - 10:22:43 | 任务进度轮询开始 
[SYS] 2025/04/02 - 10:22:43 | 任务进度轮询完成 
[SYS] 2025/04/02 - 10:22:47 | batch update started 
[SYS] 2025/04/02 - 10:22:47 | batch update finished 
[SYS] 2025/04/02 - 10:22:52 | batch update started 
[SYS] 2025/04/02 - 10:22:52 | batch update finished 
[SYS] 2025/04/02 - 10:22:57 | batch update started 
[SYS] 2025/04/02 - 10:22:57 | batch update finished 
[SYS] 2025/04/02 - 10:22:58 | 任务进度轮询开始 
[SYS] 2025/04/02 - 10:22:58 | 任务进度轮询完成 
[SYS] 2025/04/02 - 10:23:02 | batch update started 
[SYS] 2025/04/02 - 10:23:02 | batch update finished 
[SYS] 2025/04/02 - 10:23:09 | batch update started 
[SYS] 2025/04/02 - 10:23:09 | batch update finished 
[SYS] 2025/04/02 - 10:23:13 | syncing options from database 
[SYS] 2025/04/02 - 10:23:13 | syncing channels from database 
[SYS] 2025/04/02 - 10:23:13 | channels synced from database 
[SYS] 2025/04/02 - 10:23:14 | batch update started 
[SYS] 2025/04/02 - 10:23:14 | batch update finished 
[SYS] 2025/04/02 - 10:23:14 | 任务进度轮询开始 
[SYS] 2025/04/02 - 10:23:14 | 任务进度轮询完成 
[SYS] 2025/04/02 - 10:23:19 | batch update started 
[SYS] 2025/04/02 - 10:23:19 | batch update finished 
[SYS] 2025/04/02 - 10:23:24 | batch update started 
[SYS] 2025/04/02 - 10:23:24 | batch update finished 
[SYS] 2025/04/02 - 10:23:29 | batch update started 
[SYS] 2025/04/02 - 10:23:29 | batch update finished 
[SYS] 2025/04/02 - 10:23:29 | 任务进度轮询开始 
[SYS] 2025/04/02 - 10:23:29 | 任务进度轮询完成 
[SYS] 2025/04/02 - 10:23:34 | batch update started 
[SYS] 2025/04/02 - 10:23:34 | batch update finished 
[SYS] 2025/04/02 - 10:23:40 | batch update started 
[SYS] 2025/04/02 - 10:23:40 | batch update finished 
[SYS] 2025/04/02 - 10:23:45 | batch update started 
[SYS] 2025/04/02 - 10:23:45 | batch update finished 
[SYS] 2025/04/02 - 10:23:45 | 任务进度轮询开始 
[SYS] 2025/04/02 - 10:23:45 | 任务进度轮询完成 
[SYS] 2025/04/02 - 10:23:50 | batch update started 
[SYS] 2025/04/02 - 10:23:50 | batch update finished 
[SYS] 2025/04/02 - 10:23:55 | batch update started 
[SYS] 2025/04/02 - 10:23:55 | batch update finished 
[SYS] 2025/04/02 - 10:24:00 | batch update started 
[SYS] 2025/04/02 - 10:24:00 | batch update finished 
[SYS] 2025/04/02 - 10:24:00 | 任务进度轮询开始 
[SYS] 2025/04/02 - 10:24:00 | 任务进度轮询完成 
[SYS] 2025/04/02 - 10:24:05 | batch update started 
[SYS] 2025/04/02 - 10:24:05 | batch update finished 
[SYS] 2025/04/02 - 10:24:11 | batch update started 
[SYS] 2025/04/02 - 10:24:11 | batch update finished 
[SYS] 2025/04/02 - 10:24:16 | syncing options from database 
[SYS] 2025/04/02 - 10:24:16 | syncing channels from database 
[SYS] 2025/04/02 - 10:24:16 | channels synced from database 
[SYS] 2025/04/02 - 10:24:16 | batch update started 
[SYS] 2025/04/02 - 10:24:16 | batch update finished 
[SYS] 2025/04/02 - 10:24:16 | 任务进度轮询开始 
[SYS] 2025/04/02 - 10:24:16 | 任务进度轮询完成 
[SYS] 2025/04/02 - 10:24:21 | batch update started 
[SYS] 2025/04/02 - 10:24:21 | batch update finished 
[SYS] 2025/04/02 - 10:24:26 | batch update started 
[SYS] 2025/04/02 - 10:24:26 | batch update finished 
[SYS] 2025/04/02 - 10:24:31 | batch update started 
[SYS] 2025/04/02 - 10:24:31 | batch update finished 
[SYS] 2025/04/02 - 10:24:31 | 任务进度轮询开始 
[SYS] 2025/04/02 - 10:24:31 | 任务进度轮询完成 
[SYS] 2025/04/02 - 10:24:36 | batch update started 
[SYS] 2025/04/02 - 10:24:36 | batch update finished 
[SYS] 2025/04/02 - 10:24:43 | batch update started 
[SYS] 2025/04/02 - 10:24:43 | batch update finished 
[SYS] 2025/04/02 - 10:24:48 | batch update started 
[SYS] 2025/04/02 - 10:24:48 | batch update finished 
[SYS] 2025/04/02 - 10:24:48 | 任务进度轮询开始 
[SYS] 2025/04/02 - 10:24:48 | 任务进度轮询完成 
[SYS] 2025/04/02 - 10:24:53 | batch update started 
[SYS] 2025/04/02 - 10:24:53 | batch update finished 
[SYS] 2025/04/02 - 10:24:58 | batch update started 
[SYS] 2025/04/02 - 10:24:58 | batch update finished 
[SYS] 2025/04/02 - 10:25:03 | batch update started 
[SYS] 2025/04/02 - 10:25:03 | batch update finished 
[SYS] 2025/04/02 - 10:25:03 | 任务进度轮询开始 
[SYS] 2025/04/02 - 10:25:03 | 任务进度轮询完成 
[SYS] 2025/04/02 - 10:25:08 | batch update started 
[SYS] 2025/04/02 - 10:25:08 | batch update finished 
[SYS] 2025/04/02 - 10:25:14 | batch update started 
[SYS] 2025/04/02 - 10:25:14 | batch update finished 
[SYS] 2025/04/02 - 10:25:18 | syncing options from database 
[SYS] 2025/04/02 - 10:25:19 | syncing channels from database 
[SYS] 2025/04/02 - 10:25:19 | channels synced from database 
[SYS] 2025/04/02 - 10:25:19 | batch update started 
[SYS] 2025/04/02 - 10:25:19 | batch update finished 
[SYS] 2025/04/02 - 10:25:19 | 任务进度轮询开始 
[SYS] 2025/04/02 - 10:25:19 | 任务进度轮询完成 
[SYS] 2025/04/02 - 10:25:24 | batch update started 
[SYS] 2025/04/02 - 10:25:24 | batch update finished 
[SYS] 2025/04/02 - 10:25:29 | batch update started 
[SYS] 2025/04/02 - 10:25:29 | batch update finished 
[SYS] 2025/04/02 - 10:25:34 | batch update started 
[SYS] 2025/04/02 - 10:25:34 | batch update finished 
[SYS] 2025/04/02 - 10:25:34 | 任务进度轮询开始 
[SYS] 2025/04/02 - 10:25:34 | 任务进度轮询完成 
[SYS] 2025/04/02 - 10:25:39 | batch update started 
[SYS] 2025/04/02 - 10:25:39 | batch update finished 
[SYS] 2025/04/02 - 10:25:45 | batch update started 
[SYS] 2025/04/02 - 10:25:45 | batch update finished 
[SYS] 2025/04/02 - 10:25:50 | batch update started 
[SYS] 2025/04/02 - 10:25:50 | batch update finished 
[SYS] 2025/04/02 - 10:25:50 | 任务进度轮询开始 
[SYS] 2025/04/02 - 10:25:50 | 任务进度轮询完成 
[SYS] 2025/04/02 - 10:25:55 | batch update started 
[SYS] 2025/04/02 - 10:25:55 | batch update finished 
[SYS] 2025/04/02 - 10:26:00 | batch update started 
[SYS] 2025/04/02 - 10:26:00 | batch update finished 
[SYS] 2025/04/02 - 10:26:05 | batch update started 
[SYS] 2025/04/02 - 10:26:05 | batch update finished 
[SYS] 2025/04/02 - 10:26:05 | 任务进度轮询开始 
[SYS] 2025/04/02 - 10:26:05 | 任务进度轮询完成 
[SYS] 2025/04/02 - 10:26:10 | batch update started 
[SYS] 2025/04/02 - 10:26:10 | batch update finished 
[SYS] 2025/04/02 - 10:26:17 | batch update started 
[SYS] 2025/04/02 - 10:26:17 | batch update finished 
[SYS] 2025/04/02 - 10:26:21 | testing all channels 
[SYS] 2025/04/02 - 10:26:21 | 正在更新数据看板数据... 
[SYS] 2025/04/02 - 10:26:21 | 保存数据看板数据成功，共保存0条数据 
[SYS] 2025/04/02 - 10:26:21 | channel test finished 
[SYS] 2025/04/02 - 10:26:21 | syncing options from database 
[SYS] 2025/04/02 - 10:26:21 | syncing channels from database 
[SYS] 2025/04/02 - 10:26:21 | channels synced from database 
[SYS] 2025/04/02 - 10:26:22 | batch update started 
[SYS] 2025/04/02 - 10:26:22 | batch update finished 
[SYS] 2025/04/02 - 10:26:22 | 任务进度轮询开始 
[SYS] 2025/04/02 - 10:26:22 | 任务进度轮询完成 
[SYS] 2025/04/02 - 10:26:27 | batch update started 
[SYS] 2025/04/02 - 10:26:27 | batch update finished 
[SYS] 2025/04/02 - 10:26:32 | batch update started 
[SYS] 2025/04/02 - 10:26:32 | batch update finished 
[SYS] 2025/04/02 - 10:26:37 | batch update started 
[SYS] 2025/04/02 - 10:26:37 | batch update finished 
[SYS] 2025/04/02 - 10:26:37 | 任务进度轮询开始 
[SYS] 2025/04/02 - 10:26:37 | 任务进度轮询完成 
[SYS] 2025/04/02 - 10:26:42 | batch update started 
[SYS] 2025/04/02 - 10:26:42 | batch update finished 
[SYS] 2025/04/02 - 10:26:48 | batch update started 
[SYS] 2025/04/02 - 10:26:48 | batch update finished 
[SYS] 2025/04/02 - 10:26:53 | batch update started 
[SYS] 2025/04/02 - 10:26:53 | batch update finished 
[SYS] 2025/04/02 - 10:26:53 | 任务进度轮询开始 
[SYS] 2025/04/02 - 10:26:53 | 任务进度轮询完成 
[SYS] 2025/04/02 - 10:26:58 | batch update started 
[SYS] 2025/04/02 - 10:26:58 | batch update finished 
[SYS] 2025/04/02 - 10:27:03 | batch update started 
[SYS] 2025/04/02 - 10:27:03 | batch update finished 
[SYS] 2025/04/02 - 10:27:08 | batch update started 
[SYS] 2025/04/02 - 10:27:08 | batch update finished 
[SYS] 2025/04/02 - 10:27:08 | 任务进度轮询开始 
[SYS] 2025/04/02 - 10:27:08 | 任务进度轮询完成 
[SYS] 2025/04/02 - 10:27:13 | batch update started 
[SYS] 2025/04/02 - 10:27:13 | batch update finished 
[SYS] 2025/04/02 - 10:27:19 | batch update started 
[SYS] 2025/04/02 - 10:27:19 | batch update finished 
[SYS] 2025/04/02 - 10:27:24 | syncing options from database 
[SYS] 2025/04/02 - 10:27:24 | syncing channels from database 
[SYS] 2025/04/02 - 10:27:24 | channels synced from database 
[SYS] 2025/04/02 - 10:27:24 | batch update started 
[SYS] 2025/04/02 - 10:27:24 | batch update finished 
[SYS] 2025/04/02 - 10:27:24 | 任务进度轮询开始 
[SYS] 2025/04/02 - 10:27:24 | 任务进度轮询完成 
[SYS] 2025/04/02 - 10:27:29 | batch update started 
[SYS] 2025/04/02 - 10:27:29 | batch update finished 
[SYS] 2025/04/02 - 10:27:34 | batch update started 
[SYS] 2025/04/02 - 10:27:34 | batch update finished 
[SYS] 2025/04/02 - 10:27:39 | batch update started 
[SYS] 2025/04/02 - 10:27:39 | batch update finished 
[SYS] 2025/04/02 - 10:27:39 | 任务进度轮询开始 
[SYS] 2025/04/02 - 10:27:39 | 任务进度轮询完成 
[SYS] 2025/04/02 - 10:27:44 | batch update started 
[SYS] 2025/04/02 - 10:27:44 | batch update finished 
[SYS] 2025/04/02 - 10:27:51 | batch update started 
[SYS] 2025/04/02 - 10:27:51 | batch update finished 
[SYS] 2025/04/02 - 10:27:56 | batch update started 
[SYS] 2025/04/02 - 10:27:56 | batch update finished 
[SYS] 2025/04/02 - 10:27:56 | 任务进度轮询开始 
[SYS] 2025/04/02 - 10:27:56 | 任务进度轮询完成 
[SYS] 2025/04/02 - 10:28:01 | batch update started 
[SYS] 2025/04/02 - 10:28:01 | batch update finished 
[SYS] 2025/04/02 - 10:28:06 | batch update started 
[SYS] 2025/04/02 - 10:28:06 | batch update finished 
[SYS] 2025/04/02 - 10:28:11 | batch update started 
[SYS] 2025/04/02 - 10:28:11 | batch update finished 
[SYS] 2025/04/02 - 10:28:11 | 任务进度轮询开始 
[SYS] 2025/04/02 - 10:28:11 | 任务进度轮询完成 
[SYS] 2025/04/02 - 10:28:16 | batch update started 
[SYS] 2025/04/02 - 10:28:16 | batch update finished 
[SYS] 2025/04/02 - 10:28:22 | batch update started 
[SYS] 2025/04/02 - 10:28:22 | batch update finished 
[SYS] 2025/04/02 - 10:28:26 | syncing options from database 
[SYS] 2025/04/02 - 10:28:26 | syncing channels from database 
[SYS] 2025/04/02 - 10:28:26 | channels synced from database 
[SYS] 2025/04/02 - 10:28:27 | batch update started 
[SYS] 2025/04/02 - 10:28:27 | batch update finished 
[SYS] 2025/04/02 - 10:28:27 | 任务进度轮询开始 
[SYS] 2025/04/02 - 10:28:27 | 任务进度轮询完成 
[SYS] 2025/04/02 - 10:28:32 | batch update started 
[SYS] 2025/04/02 - 10:28:32 | batch update finished 
[SYS] 2025/04/02 - 10:28:37 | batch update started 
[SYS] 2025/04/02 - 10:28:37 | batch update finished 
[SYS] 2025/04/02 - 10:28:42 | batch update started 
[SYS] 2025/04/02 - 10:28:42 | batch update finished 
[SYS] 2025/04/02 - 10:28:42 | 任务进度轮询开始 
[SYS] 2025/04/02 - 10:28:42 | 任务进度轮询完成 
[SYS] 2025/04/02 - 10:28:47 | batch update started 
[SYS] 2025/04/02 - 10:28:47 | batch update finished 
[SYS] 2025/04/02 - 10:28:53 | batch update started 
[SYS] 2025/04/02 - 10:28:53 | batch update finished 
[SYS] 2025/04/02 - 10:28:58 | batch update started 
[SYS] 2025/04/02 - 10:28:58 | batch update finished 
[SYS] 2025/04/02 - 10:28:58 | 任务进度轮询开始 
[SYS] 2025/04/02 - 10:28:58 | 任务进度轮询完成 
[SYS] 2025/04/02 - 10:29:03 | batch update started 
[SYS] 2025/04/02 - 10:29:03 | batch update finished 
[SYS] 2025/04/02 - 10:29:08 | batch update started 
[SYS] 2025/04/02 - 10:29:08 | batch update finished 
[SYS] 2025/04/02 - 10:29:13 | batch update started 
[SYS] 2025/04/02 - 10:29:13 | batch update finished 
[SYS] 2025/04/02 - 10:29:13 | 任务进度轮询开始 
[SYS] 2025/04/02 - 10:29:13 | 任务进度轮询完成 
[SYS] 2025/04/02 - 10:29:18 | batch update started 
[SYS] 2025/04/02 - 10:29:18 | batch update finished 
[SYS] 2025/04/02 - 10:29:25 | batch update started 
[SYS] 2025/04/02 - 10:29:25 | batch update finished 
[SYS] 2025/04/02 - 10:29:29 | syncing options from database 
[SYS] 2025/04/02 - 10:29:29 | syncing channels from database 
[SYS] 2025/04/02 - 10:29:29 | channels synced from database 
[SYS] 2025/04/02 - 10:29:30 | batch update started 
[SYS] 2025/04/02 - 10:29:30 | batch update finished 
[SYS] 2025/04/02 - 10:29:30 | 任务进度轮询开始 
[SYS] 2025/04/02 - 10:29:30 | 任务进度轮询完成 
[SYS] 2025/04/02 - 10:29:35 | batch update started 
[SYS] 2025/04/02 - 10:29:35 | batch update finished 
[SYS] 2025/04/02 - 10:29:40 | batch update started 
[SYS] 2025/04/02 - 10:29:40 | batch update finished 
[SYS] 2025/04/02 - 10:29:45 | batch update started 
[SYS] 2025/04/02 - 10:29:45 | batch update finished 
[SYS] 2025/04/02 - 10:29:45 | 任务进度轮询开始 
[SYS] 2025/04/02 - 10:29:45 | 任务进度轮询完成 
[SYS] 2025/04/02 - 10:29:50 | batch update started 
[SYS] 2025/04/02 - 10:29:50 | batch update finished 
[SYS] 2025/04/02 - 10:29:56 | batch update started 
[SYS] 2025/04/02 - 10:29:56 | batch update finished 
[SYS] 2025/04/02 - 10:30:01 | batch update started 
[SYS] 2025/04/02 - 10:30:01 | batch update finished 
[SYS] 2025/04/02 - 10:30:01 | 任务进度轮询开始 
[SYS] 2025/04/02 - 10:30:01 | 任务进度轮询完成 
[SYS] 2025/04/02 - 10:30:06 | batch update started 
[SYS] 2025/04/02 - 10:30:06 | batch update finished 
[SYS] 2025/04/02 - 10:30:11 | batch update started 
[SYS] 2025/04/02 - 10:30:11 | batch update finished 
[SYS] 2025/04/02 - 10:30:16 | batch update started 
[SYS] 2025/04/02 - 10:30:16 | batch update finished 
[SYS] 2025/04/02 - 10:30:16 | 任务进度轮询开始 
[SYS] 2025/04/02 - 10:30:16 | 任务进度轮询完成 
[SYS] 2025/04/02 - 10:30:21 | batch update started 
[SYS] 2025/04/02 - 10:30:21 | batch update finished 
[SYS] 2025/04/02 - 10:30:27 | batch update started 
[SYS] 2025/04/02 - 10:30:27 | batch update finished 
[SYS] 2025/04/02 - 10:30:32 | syncing options from database 
[SYS] 2025/04/02 - 10:30:32 | syncing channels from database 
[SYS] 2025/04/02 - 10:30:32 | channels synced from database 
[SYS] 2025/04/02 - 10:30:32 | batch update started 
[SYS] 2025/04/02 - 10:30:32 | batch update finished 
[SYS] 2025/04/02 - 10:30:32 | 任务进度轮询开始 
[SYS] 2025/04/02 - 10:30:32 | 任务进度轮询完成 
[SYS] 2025/04/02 - 10:30:37 | batch update started 
[SYS] 2025/04/02 - 10:30:37 | batch update finished 
[SYS] 2025/04/02 - 10:30:42 | batch update started 
[SYS] 2025/04/02 - 10:30:42 | batch update finished 
[SYS] 2025/04/02 - 10:30:47 | batch update started 
[SYS] 2025/04/02 - 10:30:47 | batch update finished 
[SYS] 2025/04/02 - 10:30:47 | 任务进度轮询开始 
[SYS] 2025/04/02 - 10:30:47 | 任务进度轮询完成 
[SYS] 2025/04/02 - 10:30:52 | batch update started 
[SYS] 2025/04/02 - 10:30:52 | batch update finished 
[SYS] 2025/04/02 - 10:30:59 | batch update started 
[SYS] 2025/04/02 - 10:30:59 | batch update finished 
[SYS] 2025/04/02 - 10:31:04 | batch update started 
[SYS] 2025/04/02 - 10:31:04 | batch update finished 
[SYS] 2025/04/02 - 10:31:04 | 任务进度轮询开始 
[SYS] 2025/04/02 - 10:31:04 | 任务进度轮询完成 
[SYS] 2025/04/02 - 10:31:09 | batch update started 
[SYS] 2025/04/02 - 10:31:09 | batch update finished 
[SYS] 2025/04/02 - 10:31:14 | batch update started 
[SYS] 2025/04/02 - 10:31:14 | batch update finished 
[SYS] 2025/04/02 - 10:31:19 | batch update started 
[SYS] 2025/04/02 - 10:31:19 | batch update finished 
[SYS] 2025/04/02 - 10:31:19 | 任务进度轮询开始 
[SYS] 2025/04/02 - 10:31:19 | 任务进度轮询完成 
[SYS] 2025/04/02 - 10:31:24 | batch update started 
[SYS] 2025/04/02 - 10:31:24 | batch update finished 
[SYS] 2025/04/02 - 10:31:30 | batch update started 
[SYS] 2025/04/02 - 10:31:30 | batch update finished 
[SYS] 2025/04/02 - 10:31:34 | 正在更新数据看板数据... 
[SYS] 2025/04/02 - 10:31:34 | 保存数据看板数据成功，共保存0条数据 
[SYS] 2025/04/02 - 10:31:34 | syncing options from database 
[SYS] 2025/04/02 - 10:31:34 | syncing channels from database 
[SYS] 2025/04/02 - 10:31:34 | channels synced from database 
[SYS] 2025/04/02 - 10:31:35 | batch update started 
[SYS] 2025/04/02 - 10:31:35 | batch update finished 
[SYS] 2025/04/02 - 10:31:35 | 任务进度轮询开始 
[SYS] 2025/04/02 - 10:31:35 | 任务进度轮询完成 
[SYS] 2025/04/02 - 10:31:40 | batch update started 
[SYS] 2025/04/02 - 10:31:40 | batch update finished 
[SYS] 2025/04/02 - 10:31:45 | batch update started 
[SYS] 2025/04/02 - 10:31:45 | batch update finished 
[SYS] 2025/04/02 - 10:31:50 | batch update started 
[SYS] 2025/04/02 - 10:31:50 | batch update finished 
[SYS] 2025/04/02 - 10:31:50 | 任务进度轮询开始 
[SYS] 2025/04/02 - 10:31:50 | 任务进度轮询完成 
[SYS] 2025/04/02 - 10:31:55 | batch update started 
[SYS] 2025/04/02 - 10:31:55 | batch update finished 
[SYS] 2025/04/02 - 10:32:01 | batch update started 
[SYS] 2025/04/02 - 10:32:01 | batch update finished 
[SYS] 2025/04/02 - 10:32:06 | batch update started 
[SYS] 2025/04/02 - 10:32:06 | batch update finished 
[SYS] 2025/04/02 - 10:32:06 | 任务进度轮询开始 
[SYS] 2025/04/02 - 10:32:06 | 任务进度轮询完成 
[SYS] 2025/04/02 - 10:32:11 | batch update started 
[SYS] 2025/04/02 - 10:32:11 | batch update finished 
[SYS] 2025/04/02 - 10:32:16 | batch update started 
[SYS] 2025/04/02 - 10:32:16 | batch update finished 
[SYS] 2025/04/02 - 10:32:21 | batch update started 
[SYS] 2025/04/02 - 10:32:21 | batch update finished 
[SYS] 2025/04/02 - 10:32:21 | 任务进度轮询开始 
[SYS] 2025/04/02 - 10:32:21 | 任务进度轮询完成 
[SYS] 2025/04/02 - 10:32:26 | batch update started 
[SYS] 2025/04/02 - 10:32:26 | batch update finished 
[SYS] 2025/04/02 - 10:32:33 | batch update started 
[SYS] 2025/04/02 - 10:32:33 | batch update finished 
[SYS] 2025/04/02 - 10:32:37 | syncing options from database 
[SYS] 2025/04/02 - 10:32:37 | syncing channels from database 
[SYS] 2025/04/02 - 10:32:37 | channels synced from database 
[SYS] 2025/04/02 - 10:32:38 | batch update started 
[SYS] 2025/04/02 - 10:32:38 | batch update finished 
[SYS] 2025/04/02 - 10:32:38 | 任务进度轮询开始 
[SYS] 2025/04/02 - 10:32:38 | 任务进度轮询完成 
[GIN] 2025/04/02 - 10:32:41 | 20250402103241614857865duG8nyqu | 200 |    6.692184ms |             ::1 |     GET /login?token=eyJhbGciOiJIUzI1NiIsInR5cCI6IkpXVCJ9.eyJlbWFpbCI6Imtpbmdzb2JlY0BnbWFpbC5jb20iLCJleHAiOjE3NDM2NzEyNTksImlkIjozfQ.MtYU61aRss2kFnL8WczuUELBV961ZEE1wEINo60pW7k
[SYS] 2025/04/02 - 10:32:43 | batch update started 
[SYS] 2025/04/02 - 10:32:43 | batch update finished 
[GIN] 2025/04/02 - 10:32:44 | 2025040210324423500225QZckH0Wm | 200 |    34.20408ms |             ::1 |     GET /api/user/self
[GIN] 2025/04/02 - 10:32:44 | 20250402103244358163413M0TzkFH | 200 |   23.374582ms |             ::1 |     GET /api/status
[GIN] 2025/04/02 - 10:32:44 | 20250402103244377326813XULjkZLg | 401 |    2.108308ms |             ::1 |     GET /api/user/models
[GIN] 2025/04/02 - 10:32:44 | 20250402103244379723079PzHXS5Vf | 401 |     929.279µs |             ::1 |     GET /api/user/self/groups
[GIN] 2025/04/02 - 10:32:44 | 20250402103244388648339vzpGodOd | 401 |    3.969932ms |             ::1 |     GET /api/token/?p=0&size=10
[GIN] 2025/04/02 - 10:32:44 | 20250402103244751977923lFxGIake | 200 |    6.537134ms |             ::1 |     GET /login?expired=true
[GIN] 2025/04/02 - 10:32:47 | 20250402103247247976017iAfO6OmC | 200 |     920.374µs |             ::1 |     GET /api/status
[SYS] 2025/04/02 - 10:32:48 | batch update started 
[SYS] 2025/04/02 - 10:32:48 | batch update finished 
[SYS] 2025/04/02 - 10:32:53 | batch update started 
[SYS] 2025/04/02 - 10:32:53 | batch update finished 
[SYS] 2025/04/02 - 10:32:53 | 任务进度轮询开始 
[SYS] 2025/04/02 - 10:32:53 | 任务进度轮询完成 
[SYS] 2025/04/02 - 10:32:58 | batch update started 
[SYS] 2025/04/02 - 10:32:58 | batch update finished 
[SYS] 2025/04/02 - 10:33:04 | batch update started 
[SYS] 2025/04/02 - 10:33:04 | batch update finished 
[SYS] 2025/04/02 - 10:33:09 | batch update started 
[SYS] 2025/04/02 - 10:33:09 | batch update finished 
[SYS] 2025/04/02 - 10:33:09 | 任务进度轮询开始 
[SYS] 2025/04/02 - 10:33:09 | 任务进度轮询完成 
[SYS] 2025/04/02 - 10:33:14 | batch update started 
[SYS] 2025/04/02 - 10:33:14 | batch update finished 
[SYS] 2025/04/02 - 10:33:19 | batch update started 
[SYS] 2025/04/02 - 10:33:19 | batch update finished 
[SYS] 2025/04/02 - 10:33:24 | batch update started 
[SYS] 2025/04/02 - 10:33:24 | batch update finished 
[SYS] 2025/04/02 - 10:33:24 | 任务进度轮询开始 
[SYS] 2025/04/02 - 10:33:24 | 任务进度轮询完成 
[SYS] 2025/04/02 - 10:33:29 | batch update started 
[SYS] 2025/04/02 - 10:33:29 | batch update finished 
[GIN] 2025/04/02 - 10:33:29 | 20250402103329707951549fskX5NTu | 307 |   28.344353ms |             ::1 |     GET /api/auth/google/login
[GIN] 2025/04/02 - 10:33:31 | 20250402103330229408698d4cGQt9y | 303 |  1.093085559s |             ::1 |     GET /auth/google/callback?state=random_state&code=4%2F0AQSTgQF3XJYwO4ToR9M9bIwByZTQNeLYMtN29zvSsnVFMO0O4TR_1jWSTRx4hRo1Wl25OQ&scope=email+profile+https%3A%2F%2Fwww.googleapis.com%2Fauth%2Fuserinfo.email+https%3A%2F%2Fwww.googleapis.com%2Fauth%2Fuserinfo.profile+openid&authuser=0&prompt=none
[GIN] 2025/04/02 - 10:33:31 | 20250402103331337188387ZRsSGug4 | 200 |    2.658331ms |             ::1 |     GET /?token=eyJhbGciOiJIUzI1NiIsInR5cCI6IkpXVCJ9.eyJlbWFpbCI6Imtpbmdzb2JlY0BnbWFpbC5jb20iLCJleHAiOjE3NDM2NzI4MTEsImlkIjozfQ.pIU04t1mb3FwCurSiZXffxGud2PuV1_OSPDDnwnf0J8
[GIN] 2025/04/02 - 10:33:33 | 20250402103333567866062WTY18ef1 | 200 |    1.477841ms |             ::1 |     GET /api/status
[GIN] 2025/04/02 - 10:33:33 | 202504021033339001796386YXCK43W | 200 |     642.973µs |             ::1 |     GET /api/home_page_content
[GIN] 2025/04/02 - 10:33:33 | 20250402103333904586708Q5iv2nzn | 200 |    1.373939ms |             ::1 |     GET /api/notice
[GIN] 2025/04/02 - 10:33:33 | 20250402103333967753466ty1f1ePD | 200 |      864.87µs |             ::1 |     GET /api/notice
[GIN] 2025/04/02 - 10:33:33 | 20250402103333967517479El9z0KIN | 200 |   13.987449ms |             ::1 |     GET /api/home_page_content
[GIN] 2025/04/02 - 10:33:34 | 20250402103333805484759ygPn8NyX | 200 |  194.421588ms |             ::1 |     GET /api/user/self
[SYS] 2025/04/02 - 10:33:35 | batch update started 
[SYS] 2025/04/02 - 10:33:35 | batch update finished 
[SYS] 2025/04/02 - 10:33:39 | syncing options from database 
[SYS] 2025/04/02 - 10:33:40 | syncing channels from database 
[SYS] 2025/04/02 - 10:33:40 | channels synced from database 
[SYS] 2025/04/02 - 10:33:40 | batch update started 
[SYS] 2025/04/02 - 10:33:40 | batch update finished 
[SYS] 2025/04/02 - 10:33:40 | 任务进度轮询开始 
[SYS] 2025/04/02 - 10:33:40 | 任务进度轮询完成 
[SYS] 2025/04/02 - 10:33:45 | batch update started 
[SYS] 2025/04/02 - 10:33:45 | batch update finished 
[SYS] 2025/04/02 - 10:33:50 | batch update started 
[SYS] 2025/04/02 - 10:33:50 | batch update finished 
[SYS] 2025/04/02 - 10:33:55 | batch update started 
[SYS] 2025/04/02 - 10:33:55 | batch update finished 
[SYS] 2025/04/02 - 10:33:55 | 任务进度轮询开始 
[SYS] 2025/04/02 - 10:33:55 | 任务进度轮询完成 
[SYS] 2025/04/02 - 10:34:00 | batch update started 
[SYS] 2025/04/02 - 10:34:00 | batch update finished 
[SYS] 2025/04/02 - 10:34:07 | batch update started 
[SYS] 2025/04/02 - 10:34:07 | batch update finished 
[SYS] 2025/04/02 - 10:34:12 | batch update started 
[SYS] 2025/04/02 - 10:34:12 | batch update finished 
[SYS] 2025/04/02 - 10:34:12 | 任务进度轮询开始 
[SYS] 2025/04/02 - 10:34:12 | 任务进度轮询完成 
[SYS] 2025/04/02 - 10:34:17 | batch update started 
[SYS] 2025/04/02 - 10:34:17 | batch update finished 
[SYS] 2025/04/02 - 10:34:22 | batch update started 
[SYS] 2025/04/02 - 10:34:22 | batch update finished 
[SYS] 2025/04/02 - 10:34:27 | batch update started 
[SYS] 2025/04/02 - 10:34:27 | batch update finished 
[SYS] 2025/04/02 - 10:34:27 | 任务进度轮询开始 
[SYS] 2025/04/02 - 10:34:27 | 任务进度轮询完成 
[SYS] 2025/04/02 - 10:34:32 | batch update started 
[SYS] 2025/04/02 - 10:34:32 | batch update finished 
[SYS] 2025/04/02 - 10:34:38 | batch update started 
[SYS] 2025/04/02 - 10:34:38 | batch update finished 
[SYS] 2025/04/02 - 10:34:42 | syncing options from database 
[SYS] 2025/04/02 - 10:34:42 | syncing channels from database 
[SYS] 2025/04/02 - 10:34:42 | channels synced from database 
[SYS] 2025/04/02 - 10:34:43 | batch update started 
[SYS] 2025/04/02 - 10:34:43 | batch update finished 
[SYS] 2025/04/02 - 10:34:43 | 任务进度轮询开始 
[SYS] 2025/04/02 - 10:34:43 | 任务进度轮询完成 
[SYS] 2025/04/02 - 10:34:48 | batch update started 
[SYS] 2025/04/02 - 10:34:48 | batch update finished 
[SYS] 2025/04/02 - 10:34:53 | batch update started 
[SYS] 2025/04/02 - 10:34:53 | batch update finished 
[SYS] 2025/04/02 - 10:34:58 | 任务进度轮询开始 
[SYS] 2025/04/02 - 10:34:58 | 任务进度轮询完成 
[SYS] 2025/04/02 - 10:34:58 | batch update started 
[SYS] 2025/04/02 - 10:34:58 | batch update finished 
[SYS] 2025/04/02 - 10:35:03 | batch update started 
[SYS] 2025/04/02 - 10:35:03 | batch update finished 
[SYS] 2025/04/02 - 10:35:09 | batch update started 
[SYS] 2025/04/02 - 10:35:09 | batch update finished 
[SYS] 2025/04/02 - 10:35:14 | 任务进度轮询开始 
[SYS] 2025/04/02 - 10:35:14 | 任务进度轮询完成 
[SYS] 2025/04/02 - 10:35:14 | batch update started 
[SYS] 2025/04/02 - 10:35:14 | batch update finished 
[SYS] 2025/04/02 - 10:35:19 | batch update started 
[SYS] 2025/04/02 - 10:35:19 | batch update finished 
[SYS] 2025/04/02 - 10:35:24 | batch update started 
[SYS] 2025/04/02 - 10:35:24 | batch update finished 
[SYS] 2025/04/02 - 10:35:29 | 任务进度轮询开始 
[SYS] 2025/04/02 - 10:35:29 | 任务进度轮询完成 
[SYS] 2025/04/02 - 10:35:29 | batch update started 
[SYS] 2025/04/02 - 10:35:29 | batch update finished 
[SYS] 2025/04/02 - 10:35:34 | batch update started 
[SYS] 2025/04/02 - 10:35:34 | batch update finished 
[SYS] 2025/04/02 - 10:35:41 | batch update started 
[SYS] 2025/04/02 - 10:35:41 | batch update finished 
[SYS] 2025/04/02 - 10:35:45 | syncing options from database 
[SYS] 2025/04/02 - 10:35:45 | syncing channels from database 
[SYS] 2025/04/02 - 10:35:45 | channels synced from database 
[SYS] 2025/04/02 - 10:35:46 | 任务进度轮询开始 
[SYS] 2025/04/02 - 10:35:46 | 任务进度轮询完成 
[SYS] 2025/04/02 - 10:35:46 | batch update started 
[SYS] 2025/04/02 - 10:35:46 | batch update finished 
[SYS] 2025/04/02 - 10:35:51 | batch update started 
[SYS] 2025/04/02 - 10:35:51 | batch update finished 
[SYS] 2025/04/02 - 10:35:56 | batch update started 
[SYS] 2025/04/02 - 10:35:56 | batch update finished 
[SYS] 2025/04/02 - 10:36:01 | 任务进度轮询开始 
[SYS] 2025/04/02 - 10:36:01 | 任务进度轮询完成 
[SYS] 2025/04/02 - 10:36:01 | batch update started 
[SYS] 2025/04/02 - 10:36:01 | batch update finished 
[SYS] 2025/04/02 - 10:36:06 | batch update started 
[SYS] 2025/04/02 - 10:36:06 | batch update finished 
[SYS] 2025/04/02 - 10:36:12 | batch update started 
[SYS] 2025/04/02 - 10:36:12 | batch update finished 
[SYS] 2025/04/02 - 10:36:17 | 任务进度轮询开始 
[SYS] 2025/04/02 - 10:36:17 | 任务进度轮询完成 
[SYS] 2025/04/02 - 10:36:17 | batch update started 
[SYS] 2025/04/02 - 10:36:17 | batch update finished 
[SYS] 2025/04/02 - 10:36:22 | batch update started 
[SYS] 2025/04/02 - 10:36:22 | batch update finished 
[SYS] 2025/04/02 - 10:36:27 | batch update started 
[SYS] 2025/04/02 - 10:36:27 | batch update finished 
[SYS] 2025/04/02 - 10:36:32 | 任务进度轮询开始 
[SYS] 2025/04/02 - 10:36:32 | 任务进度轮询完成 
[SYS] 2025/04/02 - 10:36:32 | batch update started 
[SYS] 2025/04/02 - 10:36:32 | batch update finished 
[SYS] 2025/04/02 - 10:36:37 | batch update started 
[SYS] 2025/04/02 - 10:36:37 | batch update finished 
[SYS] 2025/04/02 - 10:36:43 | batch update started 
[SYS] 2025/04/02 - 10:36:43 | batch update finished 
[SYS] 2025/04/02 - 10:36:48 | 正在更新数据看板数据... 
[SYS] 2025/04/02 - 10:36:48 | 保存数据看板数据成功，共保存0条数据 
[SYS] 2025/04/02 - 10:36:48 | testing all channels 
[SYS] 2025/04/02 - 10:36:48 | channel test finished 
[SYS] 2025/04/02 - 10:36:48 | updating all channels 
[SYS] 2025/04/02 - 10:36:48 | channels update done 
[SYS] 2025/04/02 - 10:36:48 | syncing options from database 
[SYS] 2025/04/02 - 10:36:48 | syncing channels from database 
[SYS] 2025/04/02 - 10:36:48 | channels synced from database 
[SYS] 2025/04/02 - 10:36:48 | 任务进度轮询开始 
[SYS] 2025/04/02 - 10:36:48 | 任务进度轮询完成 
[SYS] 2025/04/02 - 10:36:48 | batch update started 
[SYS] 2025/04/02 - 10:36:48 | batch update finished 
[SYS] 2025/04/02 - 10:36:53 | batch update started 
[SYS] 2025/04/02 - 10:36:53 | batch update finished 
[SYS] 2025/04/02 - 10:36:58 | batch update started 
[SYS] 2025/04/02 - 10:36:58 | batch update finished 
[SYS] 2025/04/02 - 10:37:03 | 任务进度轮询开始 
[SYS] 2025/04/02 - 10:37:03 | 任务进度轮询完成 
[SYS] 2025/04/02 - 10:37:03 | batch update started 
[SYS] 2025/04/02 - 10:37:03 | batch update finished 
[SYS] 2025/04/02 - 10:37:08 | batch update started 
[SYS] 2025/04/02 - 10:37:08 | batch update finished 
[SYS] 2025/04/02 - 10:37:15 | batch update started 
[SYS] 2025/04/02 - 10:37:15 | batch update finished 
[SYS] 2025/04/02 - 10:37:20 | 任务进度轮询开始 
[SYS] 2025/04/02 - 10:37:20 | 任务进度轮询完成 
[SYS] 2025/04/02 - 10:37:20 | batch update started 
[SYS] 2025/04/02 - 10:37:20 | batch update finished 
[SYS] 2025/04/02 - 10:37:25 | batch update started 
[SYS] 2025/04/02 - 10:37:25 | batch update finished 
[SYS] 2025/04/02 - 10:37:30 | batch update started 
[SYS] 2025/04/02 - 10:37:30 | batch update finished 
[SYS] 2025/04/02 - 10:37:35 | 任务进度轮询开始 
[SYS] 2025/04/02 - 10:37:35 | 任务进度轮询完成 
[SYS] 2025/04/02 - 10:37:35 | batch update started 
[SYS] 2025/04/02 - 10:37:35 | batch update finished 
[SYS] 2025/04/02 - 10:37:40 | batch update started 
[SYS] 2025/04/02 - 10:37:40 | batch update finished 
[SYS] 2025/04/02 - 10:37:46 | batch update started 
[SYS] 2025/04/02 - 10:37:46 | batch update finished 
