[SYS] 2025/03/31 - 12:44:54 | New API v0.0.0 started 
[SYS] 2025/03/31 - 12:44:54 | using MySQL as database 
[SYS] 2025/03/31 - 12:44:54 | database migration started 
[SYS] 2025/03/31 - 12:44:55 | database migrated 
[SYS] 2025/03/31 - 12:44:55 | using MySQL as database 
[SYS] 2025/03/31 - 12:44:55 | database migration started 
[SYS] 2025/03/31 - 12:44:55 | Redis is enabled 
[SYS] 2025/03/31 - 12:44:55 | memory cache enabled 
[SYS] 2025/03/31 - 12:44:55 | sync frequency: 60 seconds 
[SYS] 2025/03/31 - 12:44:55 | channels synced from database 
[SYS] 2025/03/31 - 12:44:55 | batch update enabled with interval 5s 
[SYS] 2025/03/31 - 12:44:55 | pprof enabled 
[SYS] 2025/03/31 - 12:44:55 | initializing token encoders 
[SYS] 2025/03/31 - 12:44:55 | 正在更新数据看板数据... 
[SYS] 2025/03/31 - 12:44:55 | 保存数据看板数据成功，共保存0条数据 
[SYS] 2025/03/31 - 12:44:56 | token encoders initialized 
[SYS] 2025/03/31 - 12:44:56 | FRONTEND_BASE_URL is ignored on master node 
[SYS] 2025/03/31 - 12:45:00 | batch update started 
[SYS] 2025/03/31 - 12:45:00 | batch update finished 
[SYS] 2025/03/31 - 12:45:05 | batch update started 
[SYS] 2025/03/31 - 12:45:05 | batch update finished 
[SYS] 2025/03/31 - 12:45:10 | 任务进度轮询开始 
[SYS] 2025/03/31 - 12:45:10 | batch update started 
[SYS] 2025/03/31 - 12:45:10 | batch update finished 
[SYS] 2025/03/31 - 12:45:10 | 任务进度轮询完成 
[SYS] 2025/03/31 - 12:45:15 | batch update started 
[SYS] 2025/03/31 - 12:45:15 | batch update finished 
[SYS] 2025/03/31 - 12:45:20 | batch update started 
[SYS] 2025/03/31 - 12:45:20 | batch update finished 
[SYS] 2025/03/31 - 12:45:25 | batch update started 
[SYS] 2025/03/31 - 12:45:25 | batch update finished 
[SYS] 2025/03/31 - 12:45:25 | 任务进度轮询开始 
[SYS] 2025/03/31 - 12:45:25 | 任务进度轮询完成 
[SYS] 2025/03/31 - 12:45:30 | batch update started 
[SYS] 2025/03/31 - 12:45:30 | batch update finished 
[SYS] 2025/03/31 - 12:45:35 | batch update started 
[SYS] 2025/03/31 - 12:45:35 | batch update finished 
[GIN] 2025/03/31 - 12:45:38 | 20250331124538242719712CjnRcgIH | 307 |      82.132µs |             ::1 |     GET /auth/google/login
[GIN] 2025/03/31 - 12:45:39 | 202503311245386736025831Gx7daYo | 303 |  1.316429777s |             ::1 |     GET /auth/google/callback?state=random_state&code=4%2F0AQSTgQHlHSMGdwczGnQ_xp-y-GVydd2Y3-ID4gZA-54OnW4NBZav9IYpIiCyj8qn0wxCrw&scope=email+profile+https%3A%2F%2Fwww.googleapis.com%2Fauth%2Fuserinfo.profile+openid+https%3A%2F%2Fwww.googleapis.com%2Fauth%2Fuserinfo.email&authuser=0&prompt=none
[GIN] 2025/03/31 - 12:45:40 | 20250331124539999943541Ow2DV47N | 200 |   20.796739ms |             ::1 |     GET /?token=eyJhbGciOiJIUzI1NiIsInR5cCI6IkpXVCJ9.eyJlbWFpbCI6Imtpbmdzb2JlY0BnbWFpbC5jb20iLCJleHAiOjE3NDM1MDc5Mzl9.chNc-amGr9RxASTDBlRuwt7Ayx6TZvTcbGjpZyTbH3o
[GIN] 2025/03/31 - 12:45:40 | 202503311245402372434993LxJTPHR | 200 |   61.093811ms |             ::1 |     GET /assets/index-CX0QrcfY.js
[SYS] 2025/03/31 - 12:45:40 | 任务进度轮询开始 
[SYS] 2025/03/31 - 12:45:40 | batch update started 
[SYS] 2025/03/31 - 12:45:40 | batch update finished 
[SYS] 2025/03/31 - 12:45:40 | 任务进度轮询完成 
[GIN] 2025/03/31 - 12:45:42 | 20250331124542889979445iLY1Up8l | 200 |    1.198564ms |             ::1 |     GET /assets/index-DEuMY3Sm.js
[GIN] 2025/03/31 - 12:45:42 | 20250331124542911183052VmDes2eh | 200 |    1.443808ms |             ::1 |     GET /api/status
[GIN] 2025/03/31 - 12:45:43 | 20250331124543178950566HX5ooq69 | 200 |    2.084041ms |             ::1 |     GET /api/notice
[GIN] 2025/03/31 - 12:45:43 | 20250331124543182521447F9w9ko6L | 200 |     996.039µs |             ::1 |     GET /api/home_page_content
[GIN] 2025/03/31 - 12:45:43 | 20250331124543254741913owmLqOF0 | 200 |    7.593196ms |             ::1 |     GET /api/notice
[GIN] 2025/03/31 - 12:45:43 | 20250331124543257915874F9KlAXpd | 200 |    6.598975ms |             ::1 |     GET /api/home_page_content
[SYS] 2025/03/31 - 12:45:45 | batch update started 
[SYS] 2025/03/31 - 12:45:45 | batch update finished 
[GIN] 2025/03/31 - 12:45:50 | 20250331124550757802371hF1YVdfK | 200 |    1.300958ms |             ::1 |     GET /api/notice
[GIN] 2025/03/31 - 12:45:50 | 20250331124550760936787vTw8MxyW | 200 |    2.993198ms |             ::1 |     GET /api/home_page_content
[SYS] 2025/03/31 - 12:45:50 | batch update started 
[SYS] 2025/03/31 - 12:45:50 | batch update finished 
[SYS] 2025/03/31 - 12:45:55 | syncing options from database 
[SYS] 2025/03/31 - 12:45:55 | syncing channels from database 
[SYS] 2025/03/31 - 12:45:55 | 任务进度轮询开始 
[SYS] 2025/03/31 - 12:45:55 | 任务进度轮询完成 
[SYS] 2025/03/31 - 12:45:55 | batch update started 
[SYS] 2025/03/31 - 12:45:55 | batch update finished 
[SYS] 2025/03/31 - 12:45:55 | channels synced from database 
[GIN] 2025/03/31 - 12:45:56 | 20250331124556963803590EPvQDQVH | 200 |    1.032707ms |             ::1 |     GET /login
[SYS] 2025/03/31 - 12:46:00 | batch update started 
[SYS] 2025/03/31 - 12:46:00 | batch update finished 
[GIN] 2025/03/31 - 12:46:01 | 20250331124601207521408p2JZwa0 | 200 |     992.289µs |             ::1 |     GET /api/status
[SYS] 2025/03/31 - 12:46:05 | batch update started 
[SYS] 2025/03/31 - 12:46:05 | batch update finished 
[SYS] 2025/03/31 - 12:46:11 | 任务进度轮询开始 
[SYS] 2025/03/31 - 12:46:11 | 任务进度轮询完成 
[SYS] 2025/03/31 - 12:46:11 | batch update started 
[SYS] 2025/03/31 - 12:46:11 | batch update finished 
[GIN] 2025/03/31 - 12:46:15 | 20250331124615822416768YiJbjaIa | 200 |    7.122798ms |             ::1 |     GET /login
[SYS] 2025/03/31 - 12:46:16 | batch update started 
[SYS] 2025/03/31 - 12:46:16 | batch update finished 
[GIN] 2025/03/31 - 12:46:19 | 2025033112461979381836XkaqVaBY | 200 |    1.205211ms |             ::1 |     GET /api/status
[SYS] 2025/03/31 - 12:46:21 | batch update started 
[SYS] 2025/03/31 - 12:46:21 | batch update finished 
[SYS] 2025/03/31 - 12:46:26 | 任务进度轮询开始 
[SYS] 2025/03/31 - 12:46:26 | 任务进度轮询完成 
[SYS] 2025/03/31 - 12:46:26 | batch update started 
[SYS] 2025/03/31 - 12:46:26 | batch update finished 
[SYS] 2025/03/31 - 12:46:31 | batch update started 
[SYS] 2025/03/31 - 12:46:31 | batch update finished 
[SYS] 2025/03/31 - 12:46:36 | batch update started 
[SYS] 2025/03/31 - 12:46:36 | batch update finished 
[SYS] 2025/03/31 - 12:46:41 | 任务进度轮询开始 
[SYS] 2025/03/31 - 12:46:41 | 任务进度轮询完成 
[SYS] 2025/03/31 - 12:46:41 | batch update started 
[SYS] 2025/03/31 - 12:46:41 | batch update finished 
[SYS] 2025/03/31 - 12:46:46 | batch update started 
[SYS] 2025/03/31 - 12:46:46 | batch update finished 
[SYS] 2025/03/31 - 12:46:51 | batch update started 
[SYS] 2025/03/31 - 12:46:51 | batch update finished 
[SYS] 2025/03/31 - 12:46:56 | syncing options from database 
[SYS] 2025/03/31 - 12:46:56 | 任务进度轮询开始 
[SYS] 2025/03/31 - 12:46:56 | syncing channels from database 
[SYS] 2025/03/31 - 12:46:56 | batch update started 
[SYS] 2025/03/31 - 12:46:56 | batch update finished 
[SYS] 2025/03/31 - 12:46:56 | 任务进度轮询完成 
[SYS] 2025/03/31 - 12:46:56 | channels synced from database 
[SYS] 2025/03/31 - 12:47:01 | batch update started 
[SYS] 2025/03/31 - 12:47:01 | batch update finished 
[SYS] 2025/03/31 - 12:47:06 | batch update started 
[SYS] 2025/03/31 - 12:47:06 | batch update finished 
[SYS] 2025/03/31 - 12:47:11 | batch update started 
[SYS] 2025/03/31 - 12:47:11 | batch update finished 
[SYS] 2025/03/31 - 12:47:11 | 任务进度轮询开始 
[SYS] 2025/03/31 - 12:47:11 | 任务进度轮询完成 
[SYS] 2025/03/31 - 12:47:16 | batch update started 
[SYS] 2025/03/31 - 12:47:16 | batch update finished 
[SYS] 2025/03/31 - 12:47:21 | batch update started 
[SYS] 2025/03/31 - 12:47:21 | batch update finished 
[SYS] 2025/03/31 - 12:47:26 | batch update started 
[SYS] 2025/03/31 - 12:47:26 | batch update finished 
[SYS] 2025/03/31 - 12:47:26 | 任务进度轮询开始 
[SYS] 2025/03/31 - 12:47:26 | 任务进度轮询完成 
[SYS] 2025/03/31 - 12:47:31 | batch update started 
[SYS] 2025/03/31 - 12:47:31 | batch update finished 
[SYS] 2025/03/31 - 12:47:36 | batch update started 
[SYS] 2025/03/31 - 12:47:36 | batch update finished 
[SYS] 2025/03/31 - 12:47:41 | 任务进度轮询开始 
[SYS] 2025/03/31 - 12:47:41 | batch update started 
[SYS] 2025/03/31 - 12:47:41 | batch update finished 
[SYS] 2025/03/31 - 12:47:41 | 任务进度轮询完成 
[SYS] 2025/03/31 - 12:47:46 | batch update started 
[SYS] 2025/03/31 - 12:47:46 | batch update finished 
[SYS] 2025/03/31 - 12:47:51 | batch update started 
[SYS] 2025/03/31 - 12:47:51 | batch update finished 
[SYS] 2025/03/31 - 12:47:56 | syncing options from database 
[SYS] 2025/03/31 - 12:47:56 | 任务进度轮询开始 
[SYS] 2025/03/31 - 12:47:56 | syncing channels from database 
[SYS] 2025/03/31 - 12:47:56 | batch update started 
[SYS] 2025/03/31 - 12:47:56 | batch update finished 
[SYS] 2025/03/31 - 12:47:56 | 任务进度轮询完成 
[SYS] 2025/03/31 - 12:47:56 | channels synced from database 
[SYS] 2025/03/31 - 12:48:01 | batch update started 
[SYS] 2025/03/31 - 12:48:01 | batch update finished 
[SYS] 2025/03/31 - 12:48:06 | batch update started 
[SYS] 2025/03/31 - 12:48:06 | batch update finished 
[SYS] 2025/03/31 - 12:48:11 | batch update started 
[SYS] 2025/03/31 - 12:48:11 | batch update finished 
[SYS] 2025/03/31 - 12:48:11 | 任务进度轮询开始 
[SYS] 2025/03/31 - 12:48:11 | 任务进度轮询完成 
[SYS] 2025/03/31 - 12:48:16 | batch update started 
[SYS] 2025/03/31 - 12:48:16 | batch update finished 
[SYS] 2025/03/31 - 12:48:21 | batch update started 
[SYS] 2025/03/31 - 12:48:21 | batch update finished 
[SYS] 2025/03/31 - 12:48:26 | 任务进度轮询开始 
[SYS] 2025/03/31 - 12:48:26 | 任务进度轮询完成 
[SYS] 2025/03/31 - 12:48:26 | batch update started 
[SYS] 2025/03/31 - 12:48:26 | batch update finished 
[SYS] 2025/03/31 - 12:48:31 | batch update started 
[SYS] 2025/03/31 - 12:48:31 | batch update finished 
[SYS] 2025/03/31 - 12:48:36 | batch update started 
[SYS] 2025/03/31 - 12:48:36 | batch update finished 
[SYS] 2025/03/31 - 12:48:41 | 任务进度轮询开始 
[SYS] 2025/03/31 - 12:48:41 | 任务进度轮询完成 
[SYS] 2025/03/31 - 12:48:41 | batch update started 
[SYS] 2025/03/31 - 12:48:41 | batch update finished 
[SYS] 2025/03/31 - 12:48:46 | batch update started 
[SYS] 2025/03/31 - 12:48:46 | batch update finished 
[SYS] 2025/03/31 - 12:48:51 | batch update started 
[SYS] 2025/03/31 - 12:48:51 | batch update finished 
[SYS] 2025/03/31 - 12:48:56 | syncing options from database 
[SYS] 2025/03/31 - 12:48:56 | syncing channels from database 
[SYS] 2025/03/31 - 12:48:56 | 任务进度轮询开始 
[SYS] 2025/03/31 - 12:48:56 | 任务进度轮询完成 
[SYS] 2025/03/31 - 12:48:56 | channels synced from database 
[SYS] 2025/03/31 - 12:48:56 | batch update started 
[SYS] 2025/03/31 - 12:48:56 | batch update finished 
[SYS] 2025/03/31 - 12:49:01 | batch update started 
[SYS] 2025/03/31 - 12:49:01 | batch update finished 
[SYS] 2025/03/31 - 12:49:06 | batch update started 
[SYS] 2025/03/31 - 12:49:06 | batch update finished 
[SYS] 2025/03/31 - 12:49:12 | 任务进度轮询开始 
[SYS] 2025/03/31 - 12:49:12 | 任务进度轮询完成 
[SYS] 2025/03/31 - 12:49:12 | batch update started 
[SYS] 2025/03/31 - 12:49:12 | batch update finished 
[SYS] 2025/03/31 - 12:49:17 | batch update started 
[SYS] 2025/03/31 - 12:49:17 | batch update finished 
[SYS] 2025/03/31 - 12:49:22 | batch update started 
[SYS] 2025/03/31 - 12:49:22 | batch update finished 
[SYS] 2025/03/31 - 12:49:27 | 任务进度轮询开始 
[SYS] 2025/03/31 - 12:49:27 | 任务进度轮询完成 
[SYS] 2025/03/31 - 12:49:27 | batch update started 
[SYS] 2025/03/31 - 12:49:27 | batch update finished 
[SYS] 2025/03/31 - 12:49:32 | batch update started 
[SYS] 2025/03/31 - 12:49:32 | batch update finished 
[SYS] 2025/03/31 - 12:49:37 | batch update started 
[SYS] 2025/03/31 - 12:49:37 | batch update finished 
[SYS] 2025/03/31 - 12:49:42 | 任务进度轮询开始 
[SYS] 2025/03/31 - 12:49:42 | 任务进度轮询完成 
[SYS] 2025/03/31 - 12:49:42 | batch update started 
[SYS] 2025/03/31 - 12:49:42 | batch update finished 
[SYS] 2025/03/31 - 12:49:47 | batch update started 
[SYS] 2025/03/31 - 12:49:47 | batch update finished 
[SYS] 2025/03/31 - 12:49:52 | batch update started 
[SYS] 2025/03/31 - 12:49:52 | batch update finished 
[SYS] 2025/03/31 - 12:49:57 | 正在更新数据看板数据... 
[SYS] 2025/03/31 - 12:49:57 | 保存数据看板数据成功，共保存0条数据 
[SYS] 2025/03/31 - 12:49:57 | syncing options from database 
[SYS] 2025/03/31 - 12:49:57 | syncing channels from database 
[SYS] 2025/03/31 - 12:49:57 | channels synced from database 
[SYS] 2025/03/31 - 12:49:57 | 任务进度轮询开始 
[SYS] 2025/03/31 - 12:49:57 | 任务进度轮询完成 
[SYS] 2025/03/31 - 12:49:57 | batch update started 
[SYS] 2025/03/31 - 12:49:57 | batch update finished 
[SYS] 2025/03/31 - 12:50:02 | batch update started 
[SYS] 2025/03/31 - 12:50:02 | batch update finished 
[SYS] 2025/03/31 - 12:50:07 | batch update started 
[SYS] 2025/03/31 - 12:50:07 | batch update finished 
[SYS] 2025/03/31 - 12:50:12 | 任务进度轮询开始 
[SYS] 2025/03/31 - 12:50:12 | 任务进度轮询完成 
[SYS] 2025/03/31 - 12:50:12 | batch update started 
[SYS] 2025/03/31 - 12:50:12 | batch update finished 
[SYS] 2025/03/31 - 12:50:17 | batch update started 
[SYS] 2025/03/31 - 12:50:17 | batch update finished 
[SYS] 2025/03/31 - 12:50:22 | batch update started 
[SYS] 2025/03/31 - 12:50:22 | batch update finished 
[SYS] 2025/03/31 - 12:50:27 | batch update started 
[SYS] 2025/03/31 - 12:50:27 | batch update finished 
[SYS] 2025/03/31 - 12:50:27 | 任务进度轮询开始 
[SYS] 2025/03/31 - 12:50:27 | 任务进度轮询完成 
[SYS] 2025/03/31 - 12:50:32 | batch update started 
[SYS] 2025/03/31 - 12:50:32 | batch update finished 
[SYS] 2025/03/31 - 12:50:37 | batch update started 
[SYS] 2025/03/31 - 12:50:37 | batch update finished 
[SYS] 2025/03/31 - 12:50:42 | 任务进度轮询开始 
[SYS] 2025/03/31 - 12:50:42 | batch update started 
[SYS] 2025/03/31 - 12:50:42 | batch update finished 
[SYS] 2025/03/31 - 12:50:42 | 任务进度轮询完成 
[SYS] 2025/03/31 - 12:50:47 | batch update started 
[SYS] 2025/03/31 - 12:50:47 | batch update finished 
[SYS] 2025/03/31 - 12:50:52 | batch update started 
[SYS] 2025/03/31 - 12:50:52 | batch update finished 
[SYS] 2025/03/31 - 12:50:57 | syncing options from database 
[SYS] 2025/03/31 - 12:50:57 | syncing channels from database 
[SYS] 2025/03/31 - 12:50:57 | channels synced from database 
[SYS] 2025/03/31 - 12:50:57 | batch update started 
[SYS] 2025/03/31 - 12:50:57 | batch update finished 
[SYS] 2025/03/31 - 12:50:57 | 任务进度轮询开始 
[SYS] 2025/03/31 - 12:50:57 | 任务进度轮询完成 
[SYS] 2025/03/31 - 12:51:02 | batch update started 
[SYS] 2025/03/31 - 12:51:02 | batch update finished 
[SYS] 2025/03/31 - 12:51:07 | batch update started 
[SYS] 2025/03/31 - 12:51:07 | batch update finished 
[SYS] 2025/03/31 - 12:51:12 | batch update started 
[SYS] 2025/03/31 - 12:51:12 | batch update finished 
[SYS] 2025/03/31 - 12:51:12 | 任务进度轮询开始 
[SYS] 2025/03/31 - 12:51:12 | 任务进度轮询完成 
[SYS] 2025/03/31 - 12:51:17 | batch update started 
[SYS] 2025/03/31 - 12:51:17 | batch update finished 
[SYS] 2025/03/31 - 12:51:22 | batch update started 
[SYS] 2025/03/31 - 12:51:22 | batch update finished 
[SYS] 2025/03/31 - 12:51:27 | 任务进度轮询开始 
[SYS] 2025/03/31 - 12:51:27 | 任务进度轮询完成 
[SYS] 2025/03/31 - 12:51:27 | batch update started 
[SYS] 2025/03/31 - 12:51:27 | batch update finished 
[SYS] 2025/03/31 - 12:51:32 | batch update started 
[SYS] 2025/03/31 - 12:51:32 | batch update finished 
[SYS] 2025/03/31 - 12:51:37 | batch update started 
[SYS] 2025/03/31 - 12:51:37 | batch update finished 
[SYS] 2025/03/31 - 12:51:42 | 任务进度轮询开始 
[SYS] 2025/03/31 - 12:51:42 | 任务进度轮询完成 
[SYS] 2025/03/31 - 12:51:42 | batch update started 
[SYS] 2025/03/31 - 12:51:42 | batch update finished 
[SYS] 2025/03/31 - 12:51:47 | batch update started 
[SYS] 2025/03/31 - 12:51:47 | batch update finished 
[SYS] 2025/03/31 - 12:51:52 | batch update started 
[SYS] 2025/03/31 - 12:51:52 | batch update finished 
[SYS] 2025/03/31 - 12:51:57 | syncing options from database 
[SYS] 2025/03/31 - 12:51:57 | syncing channels from database 
[SYS] 2025/03/31 - 12:51:57 | channels synced from database 
[SYS] 2025/03/31 - 12:51:57 | 任务进度轮询开始 
[SYS] 2025/03/31 - 12:51:57 | 任务进度轮询完成 
[SYS] 2025/03/31 - 12:51:57 | batch update started 
[SYS] 2025/03/31 - 12:51:57 | batch update finished 
[SYS] 2025/03/31 - 12:52:02 | batch update started 
[SYS] 2025/03/31 - 12:52:02 | batch update finished 
[SYS] 2025/03/31 - 12:52:07 | batch update started 
[SYS] 2025/03/31 - 12:52:07 | batch update finished 
[SYS] 2025/03/31 - 12:52:12 | 任务进度轮询开始 
[SYS] 2025/03/31 - 12:52:12 | 任务进度轮询完成 
[SYS] 2025/03/31 - 12:52:12 | batch update started 
[SYS] 2025/03/31 - 12:52:12 | batch update finished 
[SYS] 2025/03/31 - 12:52:17 | batch update started 
[SYS] 2025/03/31 - 12:52:17 | batch update finished 
[SYS] 2025/03/31 - 12:52:22 | batch update started 
[SYS] 2025/03/31 - 12:52:22 | batch update finished 
[SYS] 2025/03/31 - 12:52:27 | 任务进度轮询开始 
[SYS] 2025/03/31 - 12:52:27 | 任务进度轮询完成 
[SYS] 2025/03/31 - 12:52:27 | batch update started 
[SYS] 2025/03/31 - 12:52:27 | batch update finished 
[SYS] 2025/03/31 - 12:52:32 | batch update started 
[SYS] 2025/03/31 - 12:52:32 | batch update finished 
[SYS] 2025/03/31 - 12:52:37 | batch update started 
[SYS] 2025/03/31 - 12:52:37 | batch update finished 
[SYS] 2025/03/31 - 12:52:43 | 任务进度轮询开始 
[SYS] 2025/03/31 - 12:52:43 | 任务进度轮询完成 
[SYS] 2025/03/31 - 12:52:43 | batch update started 
[SYS] 2025/03/31 - 12:52:43 | batch update finished 
[SYS] 2025/03/31 - 12:52:48 | batch update started 
[SYS] 2025/03/31 - 12:52:48 | batch update finished 
[SYS] 2025/03/31 - 12:52:53 | batch update started 
[SYS] 2025/03/31 - 12:52:53 | batch update finished 
[SYS] 2025/03/31 - 12:52:57 | syncing options from database 
[SYS] 2025/03/31 - 12:52:58 | syncing channels from database 
[SYS] 2025/03/31 - 12:52:58 | channels synced from database 
[SYS] 2025/03/31 - 12:52:58 | 任务进度轮询开始 
[SYS] 2025/03/31 - 12:52:58 | 任务进度轮询完成 
[SYS] 2025/03/31 - 12:52:58 | batch update started 
[SYS] 2025/03/31 - 12:52:58 | batch update finished 
[SYS] 2025/03/31 - 12:53:03 | batch update started 
[SYS] 2025/03/31 - 12:53:03 | batch update finished 
[SYS] 2025/03/31 - 12:53:08 | batch update started 
[SYS] 2025/03/31 - 12:53:08 | batch update finished 
[SYS] 2025/03/31 - 12:53:13 | 任务进度轮询开始 
[SYS] 2025/03/31 - 12:53:13 | 任务进度轮询完成 
[SYS] 2025/03/31 - 12:53:13 | batch update started 
[SYS] 2025/03/31 - 12:53:13 | batch update finished 
[SYS] 2025/03/31 - 12:53:18 | batch update started 
[SYS] 2025/03/31 - 12:53:18 | batch update finished 
[SYS] 2025/03/31 - 12:53:23 | batch update started 
[SYS] 2025/03/31 - 12:53:23 | batch update finished 
[SYS] 2025/03/31 - 12:53:28 | 任务进度轮询开始 
[SYS] 2025/03/31 - 12:53:28 | 任务进度轮询完成 
[SYS] 2025/03/31 - 12:53:28 | batch update started 
[SYS] 2025/03/31 - 12:53:28 | batch update finished 
[SYS] 2025/03/31 - 12:53:33 | batch update started 
[SYS] 2025/03/31 - 12:53:33 | batch update finished 
[SYS] 2025/03/31 - 12:53:38 | batch update started 
[SYS] 2025/03/31 - 12:53:38 | batch update finished 
[SYS] 2025/03/31 - 12:53:43 | 任务进度轮询开始 
[SYS] 2025/03/31 - 12:53:43 | 任务进度轮询完成 
[SYS] 2025/03/31 - 12:53:43 | batch update started 
[SYS] 2025/03/31 - 12:53:43 | batch update finished 
[SYS] 2025/03/31 - 12:53:48 | batch update started 
[SYS] 2025/03/31 - 12:53:48 | batch update finished 
[SYS] 2025/03/31 - 12:53:53 | batch update started 
[SYS] 2025/03/31 - 12:53:53 | batch update finished 
[SYS] 2025/03/31 - 12:53:58 | syncing options from database 
[SYS] 2025/03/31 - 12:53:58 | syncing channels from database 
[SYS] 2025/03/31 - 12:53:58 | channels synced from database 
[SYS] 2025/03/31 - 12:53:58 | 任务进度轮询开始 
[SYS] 2025/03/31 - 12:53:58 | 任务进度轮询完成 
[SYS] 2025/03/31 - 12:53:58 | batch update started 
[SYS] 2025/03/31 - 12:53:58 | batch update finished 
[SYS] 2025/03/31 - 12:54:03 | batch update started 
[SYS] 2025/03/31 - 12:54:03 | batch update finished 
[SYS] 2025/03/31 - 12:54:08 | batch update started 
[SYS] 2025/03/31 - 12:54:08 | batch update finished 
[SYS] 2025/03/31 - 12:54:13 | 任务进度轮询开始 
[SYS] 2025/03/31 - 12:54:13 | 任务进度轮询完成 
[SYS] 2025/03/31 - 12:54:13 | batch update started 
[SYS] 2025/03/31 - 12:54:13 | batch update finished 
[SYS] 2025/03/31 - 12:54:18 | batch update started 
[SYS] 2025/03/31 - 12:54:18 | batch update finished 
[SYS] 2025/03/31 - 12:54:23 | batch update started 
[SYS] 2025/03/31 - 12:54:23 | batch update finished 
[SYS] 2025/03/31 - 12:54:28 | 任务进度轮询开始 
[SYS] 2025/03/31 - 12:54:28 | 任务进度轮询完成 
[SYS] 2025/03/31 - 12:54:28 | batch update started 
[SYS] 2025/03/31 - 12:54:28 | batch update finished 
[SYS] 2025/03/31 - 12:54:33 | batch update started 
[SYS] 2025/03/31 - 12:54:33 | batch update finished 
[SYS] 2025/03/31 - 12:54:38 | batch update started 
[SYS] 2025/03/31 - 12:54:38 | batch update finished 
[SYS] 2025/03/31 - 12:54:43 | 任务进度轮询开始 
[SYS] 2025/03/31 - 12:54:43 | 任务进度轮询完成 
[SYS] 2025/03/31 - 12:54:43 | batch update started 
[SYS] 2025/03/31 - 12:54:43 | batch update finished 
[SYS] 2025/03/31 - 12:54:48 | batch update started 
[SYS] 2025/03/31 - 12:54:48 | batch update finished 
[SYS] 2025/03/31 - 12:54:53 | batch update started 
[SYS] 2025/03/31 - 12:54:53 | batch update finished 
[SYS] 2025/03/31 - 12:54:58 | 正在更新数据看板数据... 
[SYS] 2025/03/31 - 12:54:58 | 保存数据看板数据成功，共保存0条数据 
[SYS] 2025/03/31 - 12:54:58 | testing all channels 
[SYS] 2025/03/31 - 12:54:58 | channel test finished 
[SYS] 2025/03/31 - 12:54:58 | syncing options from database 
[SYS] 2025/03/31 - 12:54:58 | syncing channels from database 
[SYS] 2025/03/31 - 12:54:58 | channels synced from database 
[SYS] 2025/03/31 - 12:54:58 | 任务进度轮询开始 
[SYS] 2025/03/31 - 12:54:58 | 任务进度轮询完成 
[SYS] 2025/03/31 - 12:54:58 | batch update started 
[SYS] 2025/03/31 - 12:54:58 | batch update finished 
[SYS] 2025/03/31 - 12:55:03 | batch update started 
[SYS] 2025/03/31 - 12:55:03 | batch update finished 
[SYS] 2025/03/31 - 12:55:08 | batch update started 
[SYS] 2025/03/31 - 12:55:08 | batch update finished 
[SYS] 2025/03/31 - 12:55:13 | 任务进度轮询开始 
[SYS] 2025/03/31 - 12:55:13 | 任务进度轮询完成 
[SYS] 2025/03/31 - 12:55:13 | batch update started 
[SYS] 2025/03/31 - 12:55:13 | batch update finished 
[SYS] 2025/03/31 - 12:55:18 | batch update started 
[SYS] 2025/03/31 - 12:55:18 | batch update finished 
[SYS] 2025/03/31 - 12:55:23 | batch update started 
[SYS] 2025/03/31 - 12:55:23 | batch update finished 
[SYS] 2025/03/31 - 12:55:28 | 任务进度轮询开始 
[SYS] 2025/03/31 - 12:55:28 | 任务进度轮询完成 
[SYS] 2025/03/31 - 12:55:28 | batch update started 
[SYS] 2025/03/31 - 12:55:28 | batch update finished 
[SYS] 2025/03/31 - 12:55:33 | batch update started 
[SYS] 2025/03/31 - 12:55:33 | batch update finished 
[SYS] 2025/03/31 - 12:55:38 | batch update started 
[SYS] 2025/03/31 - 12:55:38 | batch update finished 
[SYS] 2025/03/31 - 12:55:43 | 任务进度轮询开始 
[SYS] 2025/03/31 - 12:55:43 | 任务进度轮询完成 
[SYS] 2025/03/31 - 12:55:44 | batch update started 
[SYS] 2025/03/31 - 12:55:44 | batch update finished 
[SYS] 2025/03/31 - 12:55:49 | batch update started 
[SYS] 2025/03/31 - 12:55:49 | batch update finished 
[SYS] 2025/03/31 - 12:55:54 | batch update started 
[SYS] 2025/03/31 - 12:55:54 | batch update finished 
[SYS] 2025/03/31 - 12:55:58 | syncing options from database 
[SYS] 2025/03/31 - 12:55:58 | syncing channels from database 
[SYS] 2025/03/31 - 12:55:58 | channels synced from database 
[SYS] 2025/03/31 - 12:55:58 | 任务进度轮询开始 
[SYS] 2025/03/31 - 12:55:58 | 任务进度轮询完成 
[SYS] 2025/03/31 - 12:55:59 | batch update started 
[SYS] 2025/03/31 - 12:55:59 | batch update finished 
[SYS] 2025/03/31 - 12:56:04 | batch update started 
[SYS] 2025/03/31 - 12:56:04 | batch update finished 
[SYS] 2025/03/31 - 12:56:09 | batch update started 
[SYS] 2025/03/31 - 12:56:09 | batch update finished 
[SYS] 2025/03/31 - 12:56:14 | 任务进度轮询开始 
[SYS] 2025/03/31 - 12:56:14 | 任务进度轮询完成 
[SYS] 2025/03/31 - 12:56:14 | batch update started 
[SYS] 2025/03/31 - 12:56:14 | batch update finished 
[SYS] 2025/03/31 - 12:56:19 | batch update started 
[SYS] 2025/03/31 - 12:56:19 | batch update finished 
[SYS] 2025/03/31 - 12:56:24 | batch update started 
[SYS] 2025/03/31 - 12:56:24 | batch update finished 
[SYS] 2025/03/31 - 12:56:29 | 任务进度轮询开始 
[SYS] 2025/03/31 - 12:56:29 | 任务进度轮询完成 
[SYS] 2025/03/31 - 12:56:29 | batch update started 
[SYS] 2025/03/31 - 12:56:29 | batch update finished 
